000 (15556765.195.000) 10/21 05:59:05 Job submitted from host: <188.184.90.241:9618?addrs=188.184.90.241-9618+[2001-1458-201-e4--100-2eb]-9618&alias=bigbird15.cern.ch&noUDP&sock=schedd_25064_65d2>
...
040 (15556765.195.000) 10/21 06:00:52 Started transferring input files
	Transferring to host: <188.185.204.234:9618?addrs=188.185.204.234-9618+[2001-1458-303-8--100-67]-9618&alias=b9p02p1699.cern.ch&noUDP&sock=slot1_5_6499_e221_191617>
...
040 (15556765.195.000) 10/21 06:00:52 Finished transferring input files
...
001 (15556765.195.000) 10/21 06:00:53 Job executing on host: <188.185.204.234:9618?addrs=188.185.204.234-9618+[2001-1458-303-8--100-67]-9618&alias=b9p02p1699.cern.ch&noUDP&sock=startd_5209_84ea>
	SlotName: slot1_5@b9p02p1699.cern.ch
	CondorScratchDir = "/pool/condor/dir_3336539"
	Cpus = 1
	Disk = 2649029
	Memory = 2000
...
006 (15556765.195.000) 10/21 06:01:02 Image size of job updated: 863732
	844  -  MemoryUsage of job (MB)
	863728  -  ResidentSetSize of job (KB)
...
006 (15556765.195.000) 10/21 06:06:03 Image size of job updated: 1804236
	1760  -  MemoryUsage of job (MB)
	1801612  -  ResidentSetSize of job (KB)
...
006 (15556765.195.000) 10/21 06:11:03 Image size of job updated: 1805468
	1760  -  MemoryUsage of job (MB)
	1801612  -  ResidentSetSize of job (KB)
...
006 (15556765.195.000) 10/21 06:21:04 Image size of job updated: 1805852
	1760  -  MemoryUsage of job (MB)
	1801612  -  ResidentSetSize of job (KB)
...
040 (15556765.195.000) 10/21 06:21:04 Started transferring output files
...
040 (15556765.195.000) 10/21 06:21:04 Finished transferring output files
...
009 (15556765.195.000) 10/21 06:21:04 Job was aborted.
	Job removed by SYSTEM_PERIODIC_REMOVE due to wall time exceeded allowed max.
...
