000 (15556765.548.000) 10/21 05:59:06 Job submitted from host: <188.184.90.241:9618?addrs=188.184.90.241-9618+[2001-1458-201-e4--100-2eb]-9618&alias=bigbird15.cern.ch&noUDP&sock=schedd_25064_65d2>
...
040 (15556765.548.000) 10/21 06:05:56 Started transferring input files
	Transferring to host: <128.142.248.61:9618?addrs=128.142.248.61-9618+[2001-1458-301-73--100-12d]-9618&alias=b9g23p8424.cern.ch&noUDP&sock=slot1_13_1396043_55db_18509>
...
040 (15556765.548.000) 10/21 06:05:56 Finished transferring input files
...
001 (15556765.548.000) 10/21 06:05:57 Job executing on host: <128.142.248.61:9618?addrs=128.142.248.61-9618+[2001-1458-301-73--100-12d]-9618&alias=b9g23p8424.cern.ch&noUDP&sock=startd_8373_c291>
	SlotName: slot1_13@b9g23p8424.cern.ch
	CondorScratchDir = "/pool/condor/dir_2397189"
	Cpus = 1
	Disk = 2909660
	Memory = 2000
...
006 (15556765.548.000) 10/21 06:06:05 Image size of job updated: 2568
	2  -  MemoryUsage of job (MB)
	1956  -  ResidentSetSize of job (KB)
...
006 (15556765.548.000) 10/21 06:11:05 Image size of job updated: 1768748
	1726  -  MemoryUsage of job (MB)
	1766736  -  ResidentSetSize of job (KB)
...
006 (15556765.548.000) 10/21 06:16:06 Image size of job updated: 1784660
	1740  -  MemoryUsage of job (MB)
	1781720  -  ResidentSetSize of job (KB)
...
006 (15556765.548.000) 10/21 06:26:07 Image size of job updated: 1785100
	1741  -  MemoryUsage of job (MB)
	1781960  -  ResidentSetSize of job (KB)
...
040 (15556765.548.000) 10/21 06:26:07 Started transferring output files
...
040 (15556765.548.000) 10/21 06:26:07 Finished transferring output files
...
009 (15556765.548.000) 10/21 06:26:07 Job was aborted.
	Job removed by SYSTEM_PERIODIC_REMOVE due to wall time exceeded allowed max.
...
