000 (15556765.242.000) 10/21 05:59:05 Job submitted from host: <188.184.90.241:9618?addrs=188.184.90.241-9618+[2001-1458-201-e4--100-2eb]-9618&alias=bigbird15.cern.ch&noUDP&sock=schedd_25064_65d2>
...
040 (15556765.242.000) 10/21 06:01:11 Started transferring input files
	Transferring to host: <128.142.161.86:9618?addrs=128.142.161.86-9618+[2001-1458-301-b8--100-14]-9618&alias=b9g03p5293.cern.ch&noUDP&sock=slot1_2_7669_4111_3010>
...
040 (15556765.242.000) 10/21 06:01:11 Finished transferring input files
...
001 (15556765.242.000) 10/21 06:01:12 Job executing on host: <128.142.161.86:9618?addrs=128.142.161.86-9618+[2001-1458-301-b8--100-14]-9618&alias=b9g03p5293.cern.ch&noUDP&sock=startd_6789_448d>
	SlotName: slot1_2@b9g03p5293.cern.ch
	CondorScratchDir = "/pool/condor/dir_3560519"
	Cpus = 1
	Disk = 3979
	GPUs = 0
	Memory = 2000
...
006 (15556765.242.000) 10/21 06:01:21 Image size of job updated: 207364
	203  -  MemoryUsage of job (MB)
	207364  -  ResidentSetSize of job (KB)
...
006 (15556765.242.000) 10/21 06:06:22 Image size of job updated: 960240
	938  -  MemoryUsage of job (MB)
	960240  -  ResidentSetSize of job (KB)
...
006 (15556765.242.000) 10/21 06:11:23 Image size of job updated: 960548
	939  -  MemoryUsage of job (MB)
	960548  -  ResidentSetSize of job (KB)
...
006 (15556765.242.000) 10/21 06:16:23 Image size of job updated: 960812
	939  -  MemoryUsage of job (MB)
	960812  -  ResidentSetSize of job (KB)
...
040 (15556765.242.000) 10/21 06:20:33 Started transferring output files
...
040 (15556765.242.000) 10/21 06:20:33 Finished transferring output files
...
005 (15556765.242.000) 10/21 06:20:33 Job terminated.
	(1) Normal termination (return value 0)
		Usr 0 00:17:22, Sys 0 00:00:07  -  Run Remote Usage
		Usr 0 00:00:00, Sys 0 00:00:00  -  Run Local Usage
		Usr 0 00:17:22, Sys 0 00:00:07  -  Total Remote Usage
		Usr 0 00:00:00, Sys 0 00:00:00  -  Total Local Usage
	24360  -  Run Bytes Sent By Job
	229  -  Run Bytes Received By Job
	24360  -  Total Bytes Sent By Job
	229  -  Total Bytes Received By Job
	Partitionable Resources :    Usage  Request Allocated 
	   Cpus                 :     0.99        1         1 
	   Disk (KB)            :    65           1      3979 
	   GPUs                 :                           0 
	   Memory (MB)          :   939        2000      2000 

	Job terminated of its own accord at 2024-10-21T04:20:33Z with exit-code 0.
...
