000 (15556765.152.000) 10/21 05:59:05 Job submitted from host: <188.184.90.241:9618?addrs=188.184.90.241-9618+[2001-1458-201-e4--100-2eb]-9618&alias=bigbird15.cern.ch&noUDP&sock=schedd_25064_65d2>
...
040 (15556765.152.000) 10/21 06:00:39 Started transferring input files
	Transferring to host: <128.142.131.160:9618?addrs=128.142.131.160-9618+[2001-1458-301-59--100-94]-9618&alias=b9g11p2391.cern.ch&noUDP&sock=slot1_22_2030534_a4c4_93802>
...
040 (15556765.152.000) 10/21 06:00:39 Finished transferring input files
...
001 (15556765.152.000) 10/21 06:00:40 Job executing on host: <128.142.131.160:9618?addrs=128.142.131.160-9618+[2001-1458-301-59--100-94]-9618&alias=b9g11p2391.cern.ch&noUDP&sock=startd_2628_2afa>
	SlotName: slot1_22@b9g11p2391.cern.ch
	CondorScratchDir = "/pool/condor/dir_368088"
	Cpus = 1
	Disk = 1723917
	Memory = 2000
...
006 (15556765.152.000) 10/21 06:00:48 Image size of job updated: 148772
	146  -  MemoryUsage of job (MB)
	148772  -  ResidentSetSize of job (KB)
...
006 (15556765.152.000) 10/21 06:05:48 Image size of job updated: 1007068
	984  -  MemoryUsage of job (MB)
	1007068  -  ResidentSetSize of job (KB)
...
040 (15556765.152.000) 10/21 06:09:36 Started transferring output files
...
040 (15556765.152.000) 10/21 06:09:36 Finished transferring output files
...
005 (15556765.152.000) 10/21 06:09:36 Job terminated.
	(1) Normal termination (return value 0)
		Usr 0 00:07:45, Sys 0 00:00:06  -  Run Remote Usage
		Usr 0 00:00:00, Sys 0 00:00:00  -  Run Local Usage
		Usr 0 00:07:45, Sys 0 00:00:06  -  Total Remote Usage
		Usr 0 00:00:00, Sys 0 00:00:00  -  Total Local Usage
	6723  -  Run Bytes Sent By Job
	229  -  Run Bytes Received By Job
	6723  -  Total Bytes Sent By Job
	229  -  Total Bytes Received By Job
	Partitionable Resources :    Usage  Request Allocated 
	   Cpus                 :     0.99        1         1 
	   Disk (KB)            :    48           1   1723917 
	   Memory (MB)          :   984        2000      2000 

	Job terminated of its own accord at 2024-10-21T04:09:36Z with exit-code 0.
...
