000 (15556765.585.000) 10/21 05:59:06 Job submitted from host: <188.184.90.241:9618?addrs=188.184.90.241-9618+[2001-1458-201-e4--100-2eb]-9618&alias=bigbird15.cern.ch&noUDP&sock=schedd_25064_65d2>
...
040 (15556765.585.000) 10/21 06:06:08 Started transferring input files
	Transferring to host: <188.185.192.145:9618?addrs=188.185.192.145-9618+[2001-1458-303-1f--100-8d]-9618&alias=b9p13p7425.cern.ch&noUDP&sock=slot1_12_11247_4762_4319>
...
040 (15556765.585.000) 10/21 06:06:08 Finished transferring input files
...
001 (15556765.585.000) 10/21 06:06:09 Job executing on host: <188.185.192.145:9618?addrs=188.185.192.145-9618+[2001-1458-303-1f--100-8d]-9618&alias=b9p13p7425.cern.ch&noUDP&sock=startd_11206_f65f>
	SlotName: slot1_12@b9p13p7425.cern.ch
	CondorScratchDir = "/pool/condor/dir_209308"
	Cpus = 1
	Disk = 3884
	GPUs = 0
	Memory = 2000
...
006 (15556765.585.000) 10/21 06:06:17 Image size of job updated: 725008
	709  -  MemoryUsage of job (MB)
	725008  -  ResidentSetSize of job (KB)
...
006 (15556765.585.000) 10/21 06:11:17 Image size of job updated: 1681144
	1642  -  MemoryUsage of job (MB)
	1681144  -  ResidentSetSize of job (KB)
...
006 (15556765.585.000) 10/21 06:16:18 Image size of job updated: 1683724
	1645  -  MemoryUsage of job (MB)
	1683724  -  ResidentSetSize of job (KB)
...
006 (15556765.585.000) 10/21 06:26:18 Image size of job updated: 1684244
	1645  -  MemoryUsage of job (MB)
	1684244  -  ResidentSetSize of job (KB)
...
040 (15556765.585.000) 10/21 06:26:18 Started transferring output files
...
040 (15556765.585.000) 10/21 06:26:18 Finished transferring output files
...
009 (15556765.585.000) 10/21 06:26:18 Job was aborted.
	Job removed by SYSTEM_PERIODIC_REMOVE due to wall time exceeded allowed max.
...
