000 (15556765.173.000) 10/21 05:59:05 Job submitted from host: <188.184.90.241:9618?addrs=188.184.90.241-9618+[2001-1458-201-e4--100-2eb]-9618&alias=bigbird15.cern.ch&noUDP&sock=schedd_25064_65d2>
...
040 (15556765.173.000) 10/21 06:00:44 Started transferring input files
	Transferring to host: <188.185.205.180:9618?addrs=188.185.205.180-9618+[2001-1458-303-a--100-31]-9618&alias=b9p04p8901.cern.ch&noUDP&sock=slot1_25_3676_d30f_188241>
...
040 (15556765.173.000) 10/21 06:00:44 Finished transferring input files
...
001 (15556765.173.000) 10/21 06:00:45 Job executing on host: <188.185.205.180:9618?addrs=188.185.205.180-9618+[2001-1458-303-a--100-31]-9618&alias=b9p04p8901.cern.ch&noUDP&sock=startd_3327_9fad>
	SlotName: slot1_25@b9p04p8901.cern.ch
	CondorScratchDir = "/pool/condor/dir_4122522"
	Cpus = 1
	Disk = 2604515
	Memory = 2000
...
006 (15556765.173.000) 10/21 06:00:54 Image size of job updated: 581948
	569  -  MemoryUsage of job (MB)
	581948  -  ResidentSetSize of job (KB)
...
006 (15556765.173.000) 10/21 06:05:55 Image size of job updated: 2054864
	2005  -  MemoryUsage of job (MB)
	2052404  -  ResidentSetSize of job (KB)
...
006 (15556765.173.000) 10/21 06:06:44 Image size of job updated: 2054876
	2005  -  MemoryUsage of job (MB)
	2052404  -  ResidentSetSize of job (KB)
...
040 (15556765.173.000) 10/21 06:06:44 Started transferring output files
...
040 (15556765.173.000) 10/21 06:06:44 Finished transferring output files
...
005 (15556765.173.000) 10/21 06:06:44 Job terminated.
	(1) Normal termination (return value 0)
		Usr 0 00:04:38, Sys 0 00:00:09  -  Run Remote Usage
		Usr 0 00:00:00, Sys 0 00:00:00  -  Run Local Usage
		Usr 0 00:04:38, Sys 0 00:00:09  -  Total Remote Usage
		Usr 0 00:00:00, Sys 0 00:00:00  -  Total Local Usage
	6388  -  Run Bytes Sent By Job
	229  -  Run Bytes Received By Job
	6388  -  Total Bytes Sent By Job
	229  -  Total Bytes Received By Job
	Partitionable Resources :    Usage  Request Allocated 
	   Cpus                 :     0.77        1         1 
	   Disk (KB)            :    48           1   2604515 
	   Memory (MB)          :  2005        2000      2000 

	Job terminated of its own accord at 2024-10-21T04:06:44Z with exit-code 0.
...
