000 (15556765.113.000) 10/21 05:59:05 Job submitted from host: <188.184.90.241:9618?addrs=188.184.90.241-9618+[2001-1458-201-e4--100-2eb]-9618&alias=bigbird15.cern.ch&noUDP&sock=schedd_25064_65d2>
...
040 (15556765.113.000) 10/21 06:00:24 Started transferring input files
	Transferring to host: <128.142.131.64:9618?addrs=128.142.131.64-9618+[2001-1458-301-59--100-34]-9618&alias=b9g11p7598.cern.ch&noUDP&sock=slot1_17_2932_9bf0_185894>
...
040 (15556765.113.000) 10/21 06:00:24 Finished transferring input files
...
001 (15556765.113.000) 10/21 06:00:25 Job executing on host: <128.142.131.64:9618?addrs=128.142.131.64-9618+[2001-1458-301-59--100-34]-9618&alias=b9g11p7598.cern.ch&noUDP&sock=startd_2610_d246>
	SlotName: slot1_17@b9g11p7598.cern.ch
	CondorScratchDir = "/pool/condor/dir_660513"
	Cpus = 1
	Disk = 1705538
	Memory = 2000
...
006 (15556765.113.000) 10/21 06:00:34 Image size of job updated: 149124
	146  -  MemoryUsage of job (MB)
	149124  -  ResidentSetSize of job (KB)
...
006 (15556765.113.000) 10/21 06:05:35 Image size of job updated: 1007880
	985  -  MemoryUsage of job (MB)
	1007880  -  ResidentSetSize of job (KB)
...
040 (15556765.113.000) 10/21 06:06:03 Started transferring output files
...
040 (15556765.113.000) 10/21 06:06:03 Finished transferring output files
...
005 (15556765.113.000) 10/21 06:06:04 Job terminated.
	(1) Normal termination (return value 0)
		Usr 0 00:04:40, Sys 0 00:00:08  -  Run Remote Usage
		Usr 0 00:00:00, Sys 0 00:00:00  -  Run Local Usage
		Usr 0 00:04:40, Sys 0 00:00:08  -  Total Remote Usage
		Usr 0 00:00:00, Sys 0 00:00:00  -  Total Local Usage
	4968  -  Run Bytes Sent By Job
	229  -  Run Bytes Received By Job
	4968  -  Total Bytes Sent By Job
	229  -  Total Bytes Received By Job
	Partitionable Resources :    Usage  Request Allocated 
	   Cpus                 :     0.08        1         1 
	   Disk (KB)            :    46           1   1705538 
	   Memory (MB)          :   985        2000      2000 

	Job terminated of its own accord at 2024-10-21T04:06:03Z with exit-code 0.
...
000 (15556766.113.000) 10/21 07:29:12 Job submitted from host: <188.184.90.241:9618?addrs=188.184.90.241-9618+[2001-1458-201-e4--100-2eb]-9618&alias=bigbird15.cern.ch&noUDP&sock=schedd_25064_65d2>
...
040 (15556766.113.000) 10/21 07:30:33 Started transferring input files
	Transferring to host: <128.142.137.36:9618?addrs=128.142.137.36-9618+[2001-1458-301-5e--100-18]-9618&alias=b9g19p9833.cern.ch&noUDP&sock=slot1_24_2865_66ce_28179>
...
040 (15556766.113.000) 10/21 07:30:33 Finished transferring input files
...
001 (15556766.113.000) 10/21 07:30:34 Job executing on host: <128.142.137.36:9618?addrs=128.142.137.36-9618+[2001-1458-301-5e--100-18]-9618&alias=b9g19p9833.cern.ch&noUDP&sock=startd_2461_9ea9>
	SlotName: slot1_24@b9g19p9833.cern.ch
	CondorScratchDir = "/pool/condor/dir_1051715"
	Cpus = 1
	Disk = 1772915
	Memory = 2000
...
006 (15556766.113.000) 10/21 07:30:43 Image size of job updated: 581796
	569  -  MemoryUsage of job (MB)
	581796  -  ResidentSetSize of job (KB)
...
006 (15556766.113.000) 10/21 07:35:44 Image size of job updated: 1951816
	1907  -  MemoryUsage of job (MB)
	1951816  -  ResidentSetSize of job (KB)
...
006 (15556766.113.000) 10/21 07:40:44 Image size of job updated: 1952000
	1907  -  MemoryUsage of job (MB)
	1952000  -  ResidentSetSize of job (KB)
...
040 (15556766.113.000) 10/21 07:50:45 Started transferring output files
...
040 (15556766.113.000) 10/21 07:50:45 Finished transferring output files
...
009 (15556766.113.000) 10/21 07:50:45 Job was aborted.
	Job removed by SYSTEM_PERIODIC_REMOVE due to wall time exceeded allowed max.
...
