000 (15556765.046.000) 10/21 05:59:05 Job submitted from host: <188.184.90.241:9618?addrs=188.184.90.241-9618+[2001-1458-201-e4--100-2eb]-9618&alias=bigbird15.cern.ch&noUDP&sock=schedd_25064_65d2>
...
040 (15556765.046.000) 10/21 06:00:03 Started transferring input files
	Transferring to host: <188.185.214.74:9618?addrs=188.185.214.74-9618+[2001-1458-303-1c--100-46]-9618&alias=b9p29p6551.cern.ch&noUDP&sock=slot1_3_7680_0131_5840>
...
040 (15556765.046.000) 10/21 06:00:03 Finished transferring input files
...
001 (15556765.046.000) 10/21 06:00:05 Job executing on host: <188.185.214.74:9618?addrs=188.185.214.74-9618+[2001-1458-303-1c--100-46]-9618&alias=b9p29p6551.cern.ch&noUDP&sock=startd_6572_6c80>
	SlotName: slot1_3@b9p29p6551.cern.ch
	CondorScratchDir = "/pool/condor/dir_3671908"
	Cpus = 1
	Disk = 3722
	GPUs = 0
	Memory = 2000
...
006 (15556765.046.000) 10/21 06:00:13 Image size of job updated: 536932
	525  -  MemoryUsage of job (MB)
	536932  -  ResidentSetSize of job (KB)
...
006 (15556765.046.000) 10/21 06:05:13 Image size of job updated: 1202740
	1175  -  MemoryUsage of job (MB)
	1202740  -  ResidentSetSize of job (KB)
...
006 (15556765.046.000) 10/21 06:10:13 Image size of job updated: 1202764
	1175  -  MemoryUsage of job (MB)
	1202764  -  ResidentSetSize of job (KB)
...
040 (15556765.046.000) 10/21 06:13:07 Started transferring output files
...
040 (15556765.046.000) 10/21 06:13:07 Finished transferring output files
...
005 (15556765.046.000) 10/21 06:13:07 Job terminated.
	(1) Normal termination (return value 0)
		Usr 0 00:02:12, Sys 0 00:00:08  -  Run Remote Usage
		Usr 0 00:00:00, Sys 0 00:00:00  -  Run Local Usage
		Usr 0 00:02:12, Sys 0 00:00:08  -  Total Remote Usage
		Usr 0 00:00:00, Sys 0 00:00:00  -  Total Local Usage
	2678  -  Run Bytes Sent By Job
	229  -  Run Bytes Received By Job
	2678  -  Total Bytes Sent By Job
	229  -  Total Bytes Received By Job
	Partitionable Resources :    Usage  Request Allocated 
	   Cpus                 :        0        1         1 
	   Disk (KB)            :       44        1      3722 
	   GPUs                 :                           0 
	   Memory (MB)          :     1175     2000      2000 

	Job terminated of its own accord at 2024-10-21T04:13:07Z with exit-code 0.
...
000 (15556766.046.000) 10/21 07:29:08 Job submitted from host: <188.184.90.241:9618?addrs=188.184.90.241-9618+[2001-1458-201-e4--100-2eb]-9618&alias=bigbird15.cern.ch&noUDP&sock=schedd_25064_65d2>
...
040 (15556766.046.000) 10/21 07:30:11 Started transferring input files
	Transferring to host: <188.185.194.102:9618?addrs=188.185.194.102-9618+[2001-1458-303-21--100-62]-9618&alias=b9p20p9895.cern.ch&noUDP&sock=slot1_13_5815_f186_60124>
...
040 (15556766.046.000) 10/21 07:30:11 Finished transferring input files
...
001 (15556766.046.000) 10/21 07:30:12 Job executing on host: <188.185.194.102:9618?addrs=188.185.194.102-9618+[2001-1458-303-21--100-62]-9618&alias=b9p20p9895.cern.ch&noUDP&sock=startd_4746_f091>
	SlotName: slot1_13@b9p20p9895.cern.ch
	CondorScratchDir = "/pool/condor/dir_3393458"
	Cpus = 1
	Disk = 3075181
	Memory = 2000
...
006 (15556766.046.000) 10/21 07:30:21 Image size of job updated: 198460
	194  -  MemoryUsage of job (MB)
	198388  -  ResidentSetSize of job (KB)
...
006 (15556766.046.000) 10/21 07:35:22 Image size of job updated: 1073432
	1048  -  MemoryUsage of job (MB)
	1072236  -  ResidentSetSize of job (KB)
...
006 (15556766.046.000) 10/21 07:40:23 Image size of job updated: 1074640
	1048  -  MemoryUsage of job (MB)
	1072508  -  ResidentSetSize of job (KB)
...
040 (15556766.046.000) 10/21 07:50:23 Started transferring output files
...
040 (15556766.046.000) 10/21 07:50:23 Finished transferring output files
...
009 (15556766.046.000) 10/21 07:50:23 Job was aborted.
	Job removed by SYSTEM_PERIODIC_REMOVE due to wall time exceeded allowed max.
...
