000 (15556765.100.000) 10/21 05:59:05 Job submitted from host: <188.184.90.241:9618?addrs=188.184.90.241-9618+[2001-1458-201-e4--100-2eb]-9618&alias=bigbird15.cern.ch&noUDP&sock=schedd_25064_65d2>
...
040 (15556765.100.000) 10/21 06:00:20 Started transferring input files
	Transferring to host: <128.142.137.49:9618?addrs=128.142.137.49-9618+[2001-1458-301-5e--100-25]-9618&alias=b9g19p8244.cern.ch&noUDP&sock=slot1_4_913989_af08_27571>
...
040 (15556765.100.000) 10/21 06:00:20 Finished transferring input files
...
001 (15556765.100.000) 10/21 06:00:21 Job executing on host: <128.142.137.49:9618?addrs=128.142.137.49-9618+[2001-1458-301-5e--100-25]-9618&alias=b9g19p8244.cern.ch&noUDP&sock=startd_2391_9b08>
	SlotName: slot1_4@b9g19p8244.cern.ch
	CondorScratchDir = "/pool/condor/dir_3889034"
	Cpus = 1
	Disk = 1806637
	Memory = 2000
...
006 (15556765.100.000) 10/21 06:00:30 Image size of job updated: 149504
	146  -  MemoryUsage of job (MB)
	149504  -  ResidentSetSize of job (KB)
...
006 (15556765.100.000) 10/21 06:05:31 Image size of job updated: 1029484
	1006  -  MemoryUsage of job (MB)
	1029484  -  ResidentSetSize of job (KB)
...
040 (15556765.100.000) 10/21 06:08:21 Started transferring output files
...
040 (15556765.100.000) 10/21 06:08:21 Finished transferring output files
...
005 (15556765.100.000) 10/21 06:08:21 Job terminated.
	(1) Normal termination (return value 0)
		Usr 0 00:06:58, Sys 0 00:00:08  -  Run Remote Usage
		Usr 0 00:00:00, Sys 0 00:00:00  -  Run Local Usage
		Usr 0 00:06:58, Sys 0 00:00:08  -  Total Remote Usage
		Usr 0 00:00:00, Sys 0 00:00:00  -  Total Local Usage
	6241  -  Run Bytes Sent By Job
	229  -  Run Bytes Received By Job
	6241  -  Total Bytes Sent By Job
	229  -  Total Bytes Received By Job
	Partitionable Resources :    Usage  Request Allocated 
	   Cpus                 :        0        1         1 
	   Disk (KB)            :       46        1   1806637 
	   Memory (MB)          :     1006     2000      2000 

	Job terminated of its own accord at 2024-10-21T04:08:21Z with exit-code 0.
...
000 (15556766.100.000) 10/21 07:29:12 Job submitted from host: <188.184.90.241:9618?addrs=188.184.90.241-9618+[2001-1458-201-e4--100-2eb]-9618&alias=bigbird15.cern.ch&noUDP&sock=schedd_25064_65d2>
...
040 (15556766.100.000) 10/21 07:30:29 Started transferring input files
	Transferring to host: <128.142.192.198:9618?addrs=128.142.192.198-9618+[2001-1458-301-56--100-42]-9618&alias=b9g18p5254.cern.ch&noUDP&sock=slot1_32_4638_a3f6_65568>
...
040 (15556766.100.000) 10/21 07:30:29 Finished transferring input files
...
001 (15556766.100.000) 10/21 07:30:30 Job executing on host: <128.142.192.198:9618?addrs=128.142.192.198-9618+[2001-1458-301-56--100-42]-9618&alias=b9g18p5254.cern.ch&noUDP&sock=startd_3462_38f7>
	SlotName: slot1_32@b9g18p5254.cern.ch
	CondorScratchDir = "/pool/condor/dir_376688"
	Cpus = 1
	Disk = 2850220
	Memory = 2000
...
006 (15556766.100.000) 10/21 07:30:39 Image size of job updated: 171540
	168  -  MemoryUsage of job (MB)
	171220  -  ResidentSetSize of job (KB)
...
006 (15556766.100.000) 10/21 07:35:40 Image size of job updated: 993708
	967  -  MemoryUsage of job (MB)
	989848  -  ResidentSetSize of job (KB)
...
006 (15556766.100.000) 10/21 07:40:40 Image size of job updated: 993708
	967  -  MemoryUsage of job (MB)
	989900  -  ResidentSetSize of job (KB)
...
040 (15556766.100.000) 10/21 07:50:41 Started transferring output files
...
040 (15556766.100.000) 10/21 07:50:41 Finished transferring output files
...
009 (15556766.100.000) 10/21 07:50:41 Job was aborted.
	Job removed by SYSTEM_PERIODIC_REMOVE due to wall time exceeded allowed max.
...
