000 (15556765.192.000) 10/21 05:59:05 Job submitted from host: <188.184.90.241:9618?addrs=188.184.90.241-9618+[2001-1458-201-e4--100-2eb]-9618&alias=bigbird15.cern.ch&noUDP&sock=schedd_25064_65d2>
...
040 (15556765.192.000) 10/21 06:00:51 Started transferring input files
	Transferring to host: <188.185.209.159:9618?addrs=188.185.209.159-9618+[2001-1458-303-12--100-1c]-9618&alias=b9p12p5340.cern.ch&noUDP&sock=slot1_35_11900_605d_243827>
...
040 (15556765.192.000) 10/21 06:00:51 Finished transferring input files
...
001 (15556765.192.000) 10/21 06:00:52 Job executing on host: <188.185.209.159:9618?addrs=188.185.209.159-9618+[2001-1458-303-12--100-1c]-9618&alias=b9p12p5340.cern.ch&noUDP&sock=startd_10615_95e7>
	SlotName: slot1_35@b9p12p5340.cern.ch
	CondorScratchDir = "/pool/condor/dir_1990529"
	Cpus = 1
	Disk = 2500876
	Memory = 2000
...
006 (15556765.192.000) 10/21 06:01:01 Image size of job updated: 755708
	738  -  MemoryUsage of job (MB)
	755708  -  ResidentSetSize of job (KB)
...
006 (15556765.192.000) 10/21 06:06:02 Image size of job updated: 2220948
	2166  -  MemoryUsage of job (MB)
	2217760  -  ResidentSetSize of job (KB)
...
006 (15556765.192.000) 10/21 06:11:02 Image size of job updated: 2221132
	2166  -  MemoryUsage of job (MB)
	2217808  -  ResidentSetSize of job (KB)
...
006 (15556765.192.000) 10/21 06:16:03 Image size of job updated: 2221600
	2166  -  MemoryUsage of job (MB)
	2217984  -  ResidentSetSize of job (KB)
...
040 (15556765.192.000) 10/21 06:21:03 Started transferring output files
...
040 (15556765.192.000) 10/21 06:21:03 Finished transferring output files
...
009 (15556765.192.000) 10/21 06:21:03 Job was aborted.
	Job removed by SYSTEM_PERIODIC_REMOVE due to wall time exceeded allowed max.
...
