000 (15556765.597.000) 10/21 05:59:06 Job submitted from host: <188.184.90.241:9618?addrs=188.184.90.241-9618+[2001-1458-201-e4--100-2eb]-9618&alias=bigbird15.cern.ch&noUDP&sock=schedd_25064_65d2>
...
040 (15556765.597.000) 10/21 06:06:12 Started transferring input files
	Transferring to host: <188.185.196.64:9618?addrs=188.185.196.64-9618+[2001-1458-303-23--100-3c]-9618&alias=b9p16p7116.cern.ch&noUDP&sock=slot1_6_6699_cd29_4768>
...
040 (15556765.597.000) 10/21 06:06:12 Finished transferring input files
...
001 (15556765.597.000) 10/21 06:06:13 Job executing on host: <188.185.196.64:9618?addrs=188.185.196.64-9618+[2001-1458-303-23--100-3c]-9618&alias=b9p16p7116.cern.ch&noUDP&sock=startd_5820_9d48>
	SlotName: slot1_6@b9p16p7116.cern.ch
	CondorScratchDir = "/pool/condor/dir_2720900"
	Cpus = 1
	Disk = 3773
	GPUs = 0
	Memory = 2000
...
006 (15556765.597.000) 10/21 06:06:22 Image size of job updated: 554408
	542  -  MemoryUsage of job (MB)
	554408  -  ResidentSetSize of job (KB)
...
006 (15556765.597.000) 10/21 06:11:23 Image size of job updated: 2261692
	2209  -  MemoryUsage of job (MB)
	2261692  -  ResidentSetSize of job (KB)
...
006 (15556765.597.000) 10/21 06:16:23 Image size of job updated: 2272408
	2220  -  MemoryUsage of job (MB)
	2272408  -  ResidentSetSize of job (KB)
...
006 (15556765.597.000) 10/21 06:21:23 Image size of job updated: 2272416
	2220  -  MemoryUsage of job (MB)
	2272416  -  ResidentSetSize of job (KB)
...
040 (15556765.597.000) 10/21 06:22:03 Started transferring output files
...
040 (15556765.597.000) 10/21 06:22:03 Finished transferring output files
...
005 (15556765.597.000) 10/21 06:22:03 Job terminated.
	(1) Normal termination (return value 0)
		Usr 0 00:14:28, Sys 0 00:00:07  -  Run Remote Usage
		Usr 0 00:00:00, Sys 0 00:00:00  -  Run Local Usage
		Usr 0 00:14:28, Sys 0 00:00:07  -  Total Remote Usage
		Usr 0 00:00:00, Sys 0 00:00:00  -  Total Local Usage
	29390  -  Run Bytes Sent By Job
	229  -  Run Bytes Received By Job
	29390  -  Total Bytes Sent By Job
	229  -  Total Bytes Received By Job
	Partitionable Resources :    Usage  Request Allocated 
	   Cpus                 :     0.97        1         1 
	   Disk (KB)            :    71           1      3773 
	   GPUs                 :                           0 
	   Memory (MB)          :  2220        2000      2000 

	Job terminated of its own accord at 2024-10-21T04:22:03Z with exit-code 0.
...
