000 (15556765.574.000) 10/21 05:59:06 Job submitted from host: <188.184.90.241:9618?addrs=188.184.90.241-9618+[2001-1458-201-e4--100-2eb]-9618&alias=bigbird15.cern.ch&noUDP&sock=schedd_25064_65d2>
...
040 (15556765.574.000) 10/21 06:06:05 Started transferring input files
	Transferring to host: <188.185.205.68:9618?addrs=188.185.205.68-9618+[2001-1458-303-9--100-b8]-9618&alias=b9p03p9166.cern.ch&noUDP&sock=slot1_26_6510_a242_83370>
...
040 (15556765.574.000) 10/21 06:06:05 Finished transferring input files
...
001 (15556765.574.000) 10/21 06:06:06 Job executing on host: <188.185.205.68:9618?addrs=188.185.205.68-9618+[2001-1458-303-9--100-b8]-9618&alias=b9p03p9166.cern.ch&noUDP&sock=startd_5265_ee38>
	SlotName: slot1_26@b9p03p9166.cern.ch
	CondorScratchDir = "/pool/condor/dir_1982252"
	Cpus = 1
	Disk = 2458584
	Memory = 2000
...
006 (15556765.574.000) 10/21 06:06:15 Image size of job updated: 635104
	620  -  MemoryUsage of job (MB)
	634792  -  ResidentSetSize of job (KB)
...
006 (15556765.574.000) 10/21 06:11:16 Image size of job updated: 2331368
	2274  -  MemoryUsage of job (MB)
	2327940  -  ResidentSetSize of job (KB)
...
040 (15556765.574.000) 10/21 06:15:30 Started transferring output files
...
040 (15556765.574.000) 10/21 06:15:30 Finished transferring output files
...
005 (15556765.574.000) 10/21 06:15:31 Job terminated.
	(1) Normal termination (return value 0)
		Usr 0 00:07:18, Sys 0 00:00:09  -  Run Remote Usage
		Usr 0 00:00:00, Sys 0 00:00:00  -  Run Local Usage
		Usr 0 00:07:18, Sys 0 00:00:09  -  Total Remote Usage
		Usr 0 00:00:00, Sys 0 00:00:00  -  Total Local Usage
	19048  -  Run Bytes Sent By Job
	229  -  Run Bytes Received By Job
	19048  -  Total Bytes Sent By Job
	229  -  Total Bytes Received By Job
	Partitionable Resources :    Usage  Request Allocated 
	   Cpus                 :     0.96        1         1 
	   Disk (KB)            :    63           1   2458584 
	   Memory (MB)          :  2274        2000      2000 

	Job terminated of its own accord at 2024-10-21T04:15:30Z with exit-code 0.
...
