000 (15556765.129.000) 10/21 05:59:05 Job submitted from host: <188.184.90.241:9618?addrs=188.184.90.241-9618+[2001-1458-201-e4--100-2eb]-9618&alias=bigbird15.cern.ch&noUDP&sock=schedd_25064_65d2>
...
040 (15556765.129.000) 10/21 06:00:31 Started transferring input files
	Transferring to host: <128.142.248.33:9618?addrs=128.142.248.33-9618+[2001-1458-301-73--100-111]-9618&alias=b9g23p1094.cern.ch&noUDP&sock=slot1_5_2557074_b4e8_26550>
...
040 (15556765.129.000) 10/21 06:00:31 Finished transferring input files
...
001 (15556765.129.000) 10/21 06:00:32 Job executing on host: <128.142.248.33:9618?addrs=128.142.248.33-9618+[2001-1458-301-73--100-111]-9618&alias=b9g23p1094.cern.ch&noUDP&sock=startd_6722_4fb5>
	SlotName: slot1_5@b9g23p1094.cern.ch
	CondorScratchDir = "/pool/condor/dir_1516518"
	Cpus = 1
	Disk = 2849012
	Memory = 2000
...
006 (15556765.129.000) 10/21 06:00:40 Image size of job updated: 292996
	275  -  MemoryUsage of job (MB)
	281224  -  ResidentSetSize of job (KB)
...
006 (15556765.129.000) 10/21 06:05:33 Image size of job updated: 2660664
	1615  -  MemoryUsage of job (MB)
	1652860  -  ResidentSetSize of job (KB)
...
040 (15556765.129.000) 10/21 06:05:33 Started transferring output files
...
040 (15556765.129.000) 10/21 06:05:33 Finished transferring output files
...
005 (15556765.129.000) 10/21 06:05:33 Job terminated.
	(1) Normal termination (return value 0)
		Usr 0 00:03:52, Sys 0 00:00:06  -  Run Remote Usage
		Usr 0 00:00:00, Sys 0 00:00:00  -  Run Local Usage
		Usr 0 00:03:52, Sys 0 00:00:06  -  Total Remote Usage
		Usr 0 00:00:00, Sys 0 00:00:00  -  Total Local Usage
	4680  -  Run Bytes Sent By Job
	229  -  Run Bytes Received By Job
	4680  -  Total Bytes Sent By Job
	229  -  Total Bytes Received By Job
	Partitionable Resources :    Usage  Request Allocated 
	   Cpus                 :     0.89        1         1 
	   Disk (KB)            :    46           1   2849012 
	   Memory (MB)          :  1615        2000      2000 

	Job terminated of its own accord at 2024-10-21T04:05:33Z with exit-code 0.
...
