000 (15556765.364.000) 10/21 05:59:06 Job submitted from host: <188.184.90.241:9618?addrs=188.184.90.241-9618+[2001-1458-201-e4--100-2eb]-9618&alias=bigbird15.cern.ch&noUDP&sock=schedd_25064_65d2>
...
040 (15556765.364.000) 10/21 06:01:54 Started transferring input files
	Transferring to host: <128.142.131.23:9618?addrs=128.142.131.23-9618+[2001-1458-301-59--100-b]-9618&alias=b9g11p8063.cern.ch&noUDP&sock=slot1_13_2924_f8f0_187934>
...
040 (15556765.364.000) 10/21 06:01:54 Finished transferring input files
...
001 (15556765.364.000) 10/21 06:01:56 Job executing on host: <128.142.131.23:9618?addrs=128.142.131.23-9618+[2001-1458-301-59--100-b]-9618&alias=b9g11p8063.cern.ch&noUDP&sock=startd_2599_46bb>
	SlotName: slot1_13@b9g11p8063.cern.ch
	CondorScratchDir = "/pool/condor/dir_1861503"
	Cpus = 1
	Disk = 1659981
	Memory = 2000
...
006 (15556765.364.000) 10/21 06:02:04 Image size of job updated: 147176
	144  -  MemoryUsage of job (MB)
	147176  -  ResidentSetSize of job (KB)
...
006 (15556765.364.000) 10/21 06:07:04 Image size of job updated: 766544
	749  -  MemoryUsage of job (MB)
	766544  -  ResidentSetSize of job (KB)
...
040 (15556765.364.000) 10/21 06:11:19 Started transferring output files
...
040 (15556765.364.000) 10/21 06:11:19 Finished transferring output files
...
005 (15556765.364.000) 10/21 06:11:19 Job terminated.
	(1) Normal termination (return value 0)
		Usr 0 00:07:42, Sys 0 00:00:07  -  Run Remote Usage
		Usr 0 00:00:00, Sys 0 00:00:00  -  Run Local Usage
		Usr 0 00:07:42, Sys 0 00:00:07  -  Total Remote Usage
		Usr 0 00:00:00, Sys 0 00:00:00  -  Total Local Usage
	13671  -  Run Bytes Sent By Job
	229  -  Run Bytes Received By Job
	13671  -  Total Bytes Sent By Job
	229  -  Total Bytes Received By Job
	Partitionable Resources :    Usage  Request Allocated 
	   Cpus                 :     0.80        1         1 
	   Disk (KB)            :    55           1   1659981 
	   Memory (MB)          :   749        2000      2000 

	Job terminated of its own accord at 2024-10-21T04:11:19Z with exit-code 0.
...
