000 (15556765.165.000) 10/21 05:59:05 Job submitted from host: <188.184.90.241:9618?addrs=188.184.90.241-9618+[2001-1458-201-e4--100-2eb]-9618&alias=bigbird15.cern.ch&noUDP&sock=schedd_25064_65d2>
...
040 (15556765.165.000) 10/21 06:00:42 Started transferring input files
	Transferring to host: <188.185.205.43:9618?addrs=188.185.205.43-9618+[2001-1458-303-9--100-9f]-9618&alias=b9p03p6348.cern.ch&noUDP&sock=slot1_26_3584_008b_137422>
...
040 (15556765.165.000) 10/21 06:00:42 Finished transferring input files
...
001 (15556765.165.000) 10/21 06:00:44 Job executing on host: <188.185.205.43:9618?addrs=188.185.205.43-9618+[2001-1458-303-9--100-9f]-9618&alias=b9p03p6348.cern.ch&noUDP&sock=startd_3280_62ba>
	SlotName: slot1_26@b9p03p6348.cern.ch
	CondorScratchDir = "/pool/condor/dir_2675947"
	Cpus = 1
	Disk = 2685862
	Memory = 2000
...
006 (15556765.165.000) 10/21 06:00:52 Image size of job updated: 747644
	730  -  MemoryUsage of job (MB)
	747352  -  ResidentSetSize of job (KB)
...
006 (15556765.165.000) 10/21 06:05:52 Image size of job updated: 1958284
	1911  -  MemoryUsage of job (MB)
	1955980  -  ResidentSetSize of job (KB)
...
006 (15556765.165.000) 10/21 06:10:47 Image size of job updated: 1959464
	1911  -  MemoryUsage of job (MB)
	1955980  -  ResidentSetSize of job (KB)
...
040 (15556765.165.000) 10/21 06:10:47 Started transferring output files
...
040 (15556765.165.000) 10/21 06:10:47 Finished transferring output files
...
005 (15556765.165.000) 10/21 06:10:48 Job terminated.
	(1) Normal termination (return value 0)
		Usr 0 00:06:29, Sys 0 00:00:08  -  Run Remote Usage
		Usr 0 00:00:00, Sys 0 00:00:00  -  Run Local Usage
		Usr 0 00:06:29, Sys 0 00:00:08  -  Total Remote Usage
		Usr 0 00:00:00, Sys 0 00:00:00  -  Total Local Usage
	9308  -  Run Bytes Sent By Job
	229  -  Run Bytes Received By Job
	9308  -  Total Bytes Sent By Job
	229  -  Total Bytes Received By Job
	Partitionable Resources :    Usage  Request Allocated 
	   Cpus                 :        0        1         1 
	   Disk (KB)            :       51        1   2685862 
	   Memory (MB)          :     1911     2000      2000 

	Job terminated of its own accord at 2024-10-21T04:10:47Z with exit-code 0.
...
