000 (15556765.137.000) 10/21 05:59:05 Job submitted from host: <188.184.90.241:9618?addrs=188.184.90.241-9618+[2001-1458-201-e4--100-2eb]-9618&alias=bigbird15.cern.ch&noUDP&sock=schedd_25064_65d2>
...
040 (15556765.137.000) 10/21 06:00:32 Started transferring input files
	Transferring to host: <128.142.248.79:9618?addrs=128.142.248.79-9618+[2001-1458-301-73--100-13f]-9618&alias=b9g23p1840.cern.ch&noUDP&sock=slot1_5_2605018_9785_32580>
...
040 (15556765.137.000) 10/21 06:00:32 Finished transferring input files
...
001 (15556765.137.000) 10/21 06:00:33 Job executing on host: <128.142.248.79:9618?addrs=128.142.248.79-9618+[2001-1458-301-73--100-13f]-9618&alias=b9g23p1840.cern.ch&noUDP&sock=startd_7681_1b08>
	SlotName: slot1_5@b9g23p1840.cern.ch
	CondorScratchDir = "/pool/condor/dir_3832505"
	Cpus = 1
	Disk = 2953603
	Memory = 2000
...
006 (15556765.137.000) 10/21 06:00:42 Image size of job updated: 603892
	590  -  MemoryUsage of job (MB)
	603492  -  ResidentSetSize of job (KB)
...
006 (15556765.137.000) 10/21 06:04:07 Image size of job updated: 2062364
	1070  -  MemoryUsage of job (MB)
	1094700  -  ResidentSetSize of job (KB)
...
040 (15556765.137.000) 10/21 06:04:07 Started transferring output files
...
040 (15556765.137.000) 10/21 06:04:07 Finished transferring output files
...
005 (15556765.137.000) 10/21 06:04:07 Job terminated.
	(1) Normal termination (return value 0)
		Usr 0 00:02:40, Sys 0 00:00:06  -  Run Remote Usage
		Usr 0 00:00:00, Sys 0 00:00:00  -  Run Local Usage
		Usr 0 00:02:40, Sys 0 00:00:06  -  Total Remote Usage
		Usr 0 00:00:00, Sys 0 00:00:00  -  Total Local Usage
	3689  -  Run Bytes Sent By Job
	229  -  Run Bytes Received By Job
	3689  -  Total Bytes Sent By Job
	229  -  Total Bytes Received By Job
	Partitionable Resources :    Usage  Request Allocated 
	   Cpus                 :     0.58        1         1 
	   Disk (KB)            :    45           1   2953603 
	   Memory (MB)          :  1070        2000      2000 

	Job terminated of its own accord at 2024-10-21T04:04:07Z with exit-code 0.
...
