000 (15556765.415.000) 10/21 05:59:06 Job submitted from host: <188.184.90.241:9618?addrs=188.184.90.241-9618+[2001-1458-201-e4--100-2eb]-9618&alias=bigbird15.cern.ch&noUDP&sock=schedd_25064_65d2>
...
040 (15556765.415.000) 10/21 06:03:33 Started transferring input files
	Transferring to host: <188.185.205.119:9618?addrs=188.185.205.119-9618+[2001-1458-303-9--100-74]-9618&alias=b9p03p4401.cern.ch&noUDP&sock=slot1_8_15249_0cc5_207776>
...
040 (15556765.415.000) 10/21 06:03:33 Finished transferring input files
...
001 (15556765.415.000) 10/21 06:03:34 Job executing on host: <188.185.205.119:9618?addrs=188.185.205.119-9618+[2001-1458-303-9--100-74]-9618&alias=b9p03p4401.cern.ch&noUDP&sock=startd_14262_1fcc>
	SlotName: slot1_8@b9p03p4401.cern.ch
	CondorScratchDir = "/pool/condor/dir_3620337"
	Cpus = 1
	Disk = 2647266
	Memory = 2000
...
006 (15556765.415.000) 10/21 06:03:42 Image size of job updated: 149496
	146  -  MemoryUsage of job (MB)
	149200  -  ResidentSetSize of job (KB)
...
006 (15556765.415.000) 10/21 06:05:54 Image size of job updated: 749704
	146  -  MemoryUsage of job (MB)
	149200  -  ResidentSetSize of job (KB)
...
040 (15556765.415.000) 10/21 06:05:54 Started transferring output files
...
040 (15556765.415.000) 10/21 06:05:54 Finished transferring output files
...
005 (15556765.415.000) 10/21 06:05:54 Job terminated.
	(1) Normal termination (return value 0)
		Usr 0 00:01:54, Sys 0 00:00:06  -  Run Remote Usage
		Usr 0 00:00:00, Sys 0 00:00:00  -  Run Local Usage
		Usr 0 00:01:54, Sys 0 00:00:06  -  Total Remote Usage
		Usr 0 00:00:00, Sys 0 00:00:00  -  Total Local Usage
	5046  -  Run Bytes Sent By Job
	229  -  Run Bytes Received By Job
	5046  -  Total Bytes Sent By Job
	229  -  Total Bytes Received By Job
	Partitionable Resources :    Usage  Request Allocated 
	   Cpus                 :                 1         1 
	   Disk (KB)            :       40        1   2647266 
	   Memory (MB)          :      146     2000      2000 

	Job terminated of its own accord at 2024-10-21T04:05:54Z with exit-code 0.
...
