000 (15556765.300.000) 10/21 05:59:05 Job submitted from host: <188.184.90.241:9618?addrs=188.184.90.241-9618+[2001-1458-201-e4--100-2eb]-9618&alias=bigbird15.cern.ch&noUDP&sock=schedd_25064_65d2>
...
040 (15556765.300.000) 10/21 06:01:31 Started transferring input files
	Transferring to host: <188.185.213.212:9618?addrs=188.185.213.212-9618+[2001-1458-303-1b--100-50]-9618&alias=b9p28p2314.cern.ch&noUDP&sock=slot1_11_4283_82c7_6047>
...
040 (15556765.300.000) 10/21 06:01:31 Finished transferring input files
...
001 (15556765.300.000) 10/21 06:01:32 Job executing on host: <188.185.213.212:9618?addrs=188.185.213.212-9618+[2001-1458-303-1b--100-50]-9618&alias=b9p28p2314.cern.ch&noUDP&sock=startd_3618_39bd>
	SlotName: slot1_11@b9p28p2314.cern.ch
	CondorScratchDir = "/pool/condor/dir_3208613"
	Cpus = 1
	Disk = 3801
	GPUs = 0
	Memory = 2000
...
006 (15556765.300.000) 10/21 06:01:41 Image size of job updated: 163436
	160  -  MemoryUsage of job (MB)
	163436  -  ResidentSetSize of job (KB)
...
006 (15556765.300.000) 10/21 06:06:42 Image size of job updated: 753504
	736  -  MemoryUsage of job (MB)
	753504  -  ResidentSetSize of job (KB)
...
040 (15556765.300.000) 10/21 06:11:34 Started transferring output files
...
040 (15556765.300.000) 10/21 06:11:34 Finished transferring output files
...
005 (15556765.300.000) 10/21 06:11:34 Job terminated.
	(1) Normal termination (return value 0)
		Usr 0 00:06:07, Sys 0 00:00:09  -  Run Remote Usage
		Usr 0 00:00:00, Sys 0 00:00:00  -  Run Local Usage
		Usr 0 00:06:07, Sys 0 00:00:09  -  Total Remote Usage
		Usr 0 00:00:00, Sys 0 00:00:00  -  Total Local Usage
	15122  -  Run Bytes Sent By Job
	229  -  Run Bytes Received By Job
	15122  -  Total Bytes Sent By Job
	229  -  Total Bytes Received By Job
	Partitionable Resources :    Usage  Request Allocated 
	   Cpus                 :     0.96        1         1 
	   Disk (KB)            :    56           1      3801 
	   GPUs                 :                           0 
	   Memory (MB)          :   736        2000      2000 

	Job terminated of its own accord at 2024-10-21T04:11:34Z with exit-code 0.
...
