000 (15556765.535.000) 10/21 05:59:06 Job submitted from host: <188.184.90.241:9618?addrs=188.184.90.241-9618+[2001-1458-201-e4--100-2eb]-9618&alias=bigbird15.cern.ch&noUDP&sock=schedd_25064_65d2>
...
040 (15556765.535.000) 10/21 06:05:50 Started transferring input files
	Transferring to host: <128.142.248.169:9618?addrs=128.142.248.169-9618+[2001-1458-301-73--100-a8]-9618&alias=b9g23p4763.cern.ch&noUDP&sock=slot1_27_6711_41aa_65870>
...
040 (15556765.535.000) 10/21 06:05:50 Finished transferring input files
...
001 (15556765.535.000) 10/21 06:05:51 Job executing on host: <128.142.248.169:9618?addrs=128.142.248.169-9618+[2001-1458-301-73--100-a8]-9618&alias=b9g23p4763.cern.ch&noUDP&sock=startd_5933_1f7c>
	SlotName: slot1_27@b9g23p4763.cern.ch
	CondorScratchDir = "/pool/condor/dir_1555423"
	Cpus = 1
	Disk = 2852059
	Memory = 2000
...
006 (15556765.535.000) 10/21 06:06:00 Image size of job updated: 197436
	193  -  MemoryUsage of job (MB)
	197432  -  ResidentSetSize of job (KB)
...
006 (15556765.535.000) 10/21 06:11:01 Image size of job updated: 765208
	746  -  MemoryUsage of job (MB)
	763496  -  ResidentSetSize of job (KB)
...
006 (15556765.535.000) 10/21 06:16:01 Image size of job updated: 779996
	760  -  MemoryUsage of job (MB)
	778224  -  ResidentSetSize of job (KB)
...
006 (15556765.535.000) 10/21 06:21:01 Image size of job updated: 782156
	761  -  MemoryUsage of job (MB)
	778424  -  ResidentSetSize of job (KB)
...
006 (15556765.535.000) 10/21 06:26:02 Image size of job updated: 783244
	761  -  MemoryUsage of job (MB)
	778524  -  ResidentSetSize of job (KB)
...
040 (15556765.535.000) 10/21 06:26:02 Started transferring output files
...
040 (15556765.535.000) 10/21 06:26:02 Finished transferring output files
...
009 (15556765.535.000) 10/21 06:26:02 Job was aborted.
	Job removed by SYSTEM_PERIODIC_REMOVE due to wall time exceeded allowed max.
...
