000 (15556765.288.000) 10/21 05:59:05 Job submitted from host: <188.184.90.241:9618?addrs=188.184.90.241-9618+[2001-1458-201-e4--100-2eb]-9618&alias=bigbird15.cern.ch&noUDP&sock=schedd_25064_65d2>
...
040 (15556765.288.000) 10/21 06:01:27 Started transferring input files
	Transferring to host: <128.142.161.77:9618?addrs=128.142.161.77-9618+[2001-1458-301-b8--100-b]-9618&alias=b9g03p8125.cern.ch&noUDP&sock=slot1_16_2794007_706a_25224>
...
040 (15556765.288.000) 10/21 06:01:27 Finished transferring input files
...
001 (15556765.288.000) 10/21 06:01:28 Job executing on host: <128.142.161.77:9618?addrs=128.142.161.77-9618+[2001-1458-301-b8--100-b]-9618&alias=b9g03p8125.cern.ch&noUDP&sock=startd_3204_4187>
	SlotName: slot1_16@b9g03p8125.cern.ch
	CondorScratchDir = "/pool/condor/dir_2968453"
	Cpus = 1
	Disk = 3024807
	Memory = 2000
...
006 (15556765.288.000) 10/21 06:01:37 Image size of job updated: 146316
	143  -  MemoryUsage of job (MB)
	145436  -  ResidentSetSize of job (KB)
...
006 (15556765.288.000) 10/21 06:06:37 Image size of job updated: 963844
	938  -  MemoryUsage of job (MB)
	959700  -  ResidentSetSize of job (KB)
...
006 (15556765.288.000) 10/21 06:11:37 Image size of job updated: 963844
	938  -  MemoryUsage of job (MB)
	959764  -  ResidentSetSize of job (KB)
...
006 (15556765.288.000) 10/21 06:16:38 Image size of job updated: 963844
	938  -  MemoryUsage of job (MB)
	959804  -  ResidentSetSize of job (KB)
...
040 (15556765.288.000) 10/21 06:21:38 Started transferring output files
...
040 (15556765.288.000) 10/21 06:21:38 Finished transferring output files
...
009 (15556765.288.000) 10/21 06:21:38 Job was aborted.
	Job removed by SYSTEM_PERIODIC_REMOVE due to wall time exceeded allowed max.
...
