000 (15556765.042.000) 10/21 05:59:05 Job submitted from host: <188.184.90.241:9618?addrs=188.184.90.241-9618+[2001-1458-201-e4--100-2eb]-9618&alias=bigbird15.cern.ch&noUDP&sock=schedd_25064_65d2>
...
040 (15556765.042.000) 10/21 06:00:01 Started transferring input files
	Transferring to host: <188.185.214.18:9618?addrs=188.185.214.18-9618+[2001-1458-303-1c--100-e]-9618&alias=b9p29p4113.cern.ch&noUDP&sock=slot1_7_5982_9c2c_5910>
...
040 (15556765.042.000) 10/21 06:00:01 Finished transferring input files
...
001 (15556765.042.000) 10/21 06:00:02 Job executing on host: <188.185.214.18:9618?addrs=188.185.214.18-9618+[2001-1458-303-1c--100-e]-9618&alias=b9p29p4113.cern.ch&noUDP&sock=startd_4634_1df6>
	SlotName: slot1_7@b9p29p4113.cern.ch
	CondorScratchDir = "/pool/condor/dir_1827539"
	Cpus = 1
	Disk = 3750
	GPUs = 0
	Memory = 2000
...
006 (15556765.042.000) 10/21 06:00:11 Image size of job updated: 544364
	532  -  MemoryUsage of job (MB)
	544364  -  ResidentSetSize of job (KB)
...
006 (15556765.042.000) 10/21 06:05:12 Image size of job updated: 1964612
	1919  -  MemoryUsage of job (MB)
	1964612  -  ResidentSetSize of job (KB)
...
006 (15556765.042.000) 10/21 06:10:12 Image size of job updated: 1964640
	1919  -  MemoryUsage of job (MB)
	1964640  -  ResidentSetSize of job (KB)
...
040 (15556765.042.000) 10/21 06:13:12 Started transferring output files
...
040 (15556765.042.000) 10/21 06:13:12 Finished transferring output files
...
005 (15556765.042.000) 10/21 06:13:12 Job terminated.
	(1) Normal termination (return value 0)
		Usr 0 00:02:03, Sys 0 00:00:09  -  Run Remote Usage
		Usr 0 00:00:00, Sys 0 00:00:00  -  Run Local Usage
		Usr 0 00:02:03, Sys 0 00:00:09  -  Total Remote Usage
		Usr 0 00:00:00, Sys 0 00:00:00  -  Total Local Usage
	2673  -  Run Bytes Sent By Job
	229  -  Run Bytes Received By Job
	2673  -  Total Bytes Sent By Job
	229  -  Total Bytes Received By Job
	Partitionable Resources :    Usage  Request Allocated 
	   Cpus                 :        0        1         1 
	   Disk (KB)            :      605        1      3750 
	   GPUs                 :                           0 
	   Memory (MB)          :     1919     2000      2000 

	Job terminated of its own accord at 2024-10-21T04:13:12Z with exit-code 0.
...
000 (15556766.042.000) 10/21 07:29:08 Job submitted from host: <188.184.90.241:9618?addrs=188.184.90.241-9618+[2001-1458-201-e4--100-2eb]-9618&alias=bigbird15.cern.ch&noUDP&sock=schedd_25064_65d2>
...
040 (15556766.042.000) 10/21 07:30:10 Started transferring input files
	Transferring to host: <188.185.192.76:9618?addrs=188.185.192.76-9618+[2001-1458-303-1f--100-48]-9618&alias=b9p13p8750.cern.ch&noUDP&sock=slot1_13_303488_802e_75148>
...
040 (15556766.042.000) 10/21 07:30:10 Finished transferring input files
...
001 (15556766.042.000) 10/21 07:30:11 Job executing on host: <188.185.192.76:9618?addrs=188.185.192.76-9618+[2001-1458-303-1f--100-48]-9618&alias=b9p13p8750.cern.ch&noUDP&sock=startd_127986_543d>
	SlotName: slot1_13@b9p13p8750.cern.ch
	CondorScratchDir = "/pool/condor/dir_2934990"
	Cpus = 1
	Disk = 2945293
	Memory = 2000
...
006 (15556766.042.000) 10/21 07:30:19 Image size of job updated: 557636
	545  -  MemoryUsage of job (MB)
	557612  -  ResidentSetSize of job (KB)
...
006 (15556766.042.000) 10/21 07:35:19 Image size of job updated: 1830856
	1787  -  MemoryUsage of job (MB)
	1829348  -  ResidentSetSize of job (KB)
...
006 (15556766.042.000) 10/21 07:40:20 Image size of job updated: 1832440
	1787  -  MemoryUsage of job (MB)
	1829480  -  ResidentSetSize of job (KB)
...
040 (15556766.042.000) 10/21 07:50:20 Started transferring output files
...
040 (15556766.042.000) 10/21 07:50:20 Finished transferring output files
...
009 (15556766.042.000) 10/21 07:50:20 Job was aborted.
	Job removed by SYSTEM_PERIODIC_REMOVE due to wall time exceeded allowed max.
...
