000 (15556765.476.000) 10/21 05:59:06 Job submitted from host: <188.184.90.241:9618?addrs=188.184.90.241-9618+[2001-1458-201-e4--100-2eb]-9618&alias=bigbird15.cern.ch&noUDP&sock=schedd_25064_65d2>
...
040 (15556765.476.000) 10/21 06:05:30 Started transferring input files
	Transferring to host: <188.185.193.82:9618?addrs=188.185.193.82-9618+[2001-1458-303-20--100-4e]-9618&alias=b9p19p3381.cern.ch&noUDP&sock=slot1_16_3988968_909b_8065>
...
040 (15556765.476.000) 10/21 06:05:30 Finished transferring input files
...
001 (15556765.476.000) 10/21 06:05:31 Job executing on host: <188.185.193.82:9618?addrs=188.185.193.82-9618+[2001-1458-303-20--100-4e]-9618&alias=b9p19p3381.cern.ch&noUDP&sock=startd_128501_9383>
	SlotName: slot1_16@b9p19p3381.cern.ch
	CondorScratchDir = "/pool/condor/dir_2843279"
	Cpus = 1
	Disk = 2966693
	Memory = 2000
...
006 (15556765.476.000) 10/21 06:05:40 Image size of job updated: 2740
	2  -  MemoryUsage of job (MB)
	1964  -  ResidentSetSize of job (KB)
...
006 (15556765.476.000) 10/21 06:10:41 Image size of job updated: 1702032
	1661  -  MemoryUsage of job (MB)
	1700296  -  ResidentSetSize of job (KB)
...
006 (15556765.476.000) 10/21 06:14:57 Image size of job updated: 1702692
	1661  -  MemoryUsage of job (MB)
	1700296  -  ResidentSetSize of job (KB)
...
040 (15556765.476.000) 10/21 06:14:57 Started transferring output files
...
040 (15556765.476.000) 10/21 06:14:57 Finished transferring output files
...
005 (15556765.476.000) 10/21 06:14:57 Job terminated.
	(1) Normal termination (return value 0)
		Usr 0 00:05:43, Sys 0 00:00:06  -  Run Remote Usage
		Usr 0 00:00:00, Sys 0 00:00:00  -  Run Local Usage
		Usr 0 00:05:43, Sys 0 00:00:06  -  Total Remote Usage
		Usr 0 00:00:00, Sys 0 00:00:00  -  Total Local Usage
	12893  -  Run Bytes Sent By Job
	229  -  Run Bytes Received By Job
	12893  -  Total Bytes Sent By Job
	229  -  Total Bytes Received By Job
	Partitionable Resources :    Usage  Request Allocated 
	   Cpus                 :        0        1         1 
	   Disk (KB)            :       53        1   2966693 
	   Memory (MB)          :     1661     2000      2000 

	Job terminated of its own accord at 2024-10-21T04:14:57Z with exit-code 0.
...
