000 (15556765.164.000) 10/21 05:59:05 Job submitted from host: <188.184.90.241:9618?addrs=188.184.90.241-9618+[2001-1458-201-e4--100-2eb]-9618&alias=bigbird15.cern.ch&noUDP&sock=schedd_25064_65d2>
...
040 (15556765.164.000) 10/21 06:00:41 Started transferring input files
	Transferring to host: <188.185.209.179:9618?addrs=188.185.209.179-9618+[2001-1458-303-12--100-30]-9618&alias=b9p12p8505.cern.ch&noUDP&sock=slot1_15_11546_f38f_186655>
...
040 (15556765.164.000) 10/21 06:00:41 Finished transferring input files
...
001 (15556765.164.000) 10/21 06:00:42 Job executing on host: <188.185.209.179:9618?addrs=188.185.209.179-9618+[2001-1458-303-12--100-30]-9618&alias=b9p12p8505.cern.ch&noUDP&sock=startd_10186_53c6>
	SlotName: slot1_15@b9p12p8505.cern.ch
	CondorScratchDir = "/pool/condor/dir_3885481"
	Cpus = 1
	Disk = 2732103
	Memory = 2000
...
006 (15556765.164.000) 10/21 06:00:51 Image size of job updated: 150240
	147  -  MemoryUsage of job (MB)
	149956  -  ResidentSetSize of job (KB)
...
006 (15556765.164.000) 10/21 06:05:52 Image size of job updated: 1000860
	976  -  MemoryUsage of job (MB)
	998532  -  ResidentSetSize of job (KB)
...
040 (15556765.164.000) 10/21 06:06:30 Started transferring output files
...
040 (15556765.164.000) 10/21 06:06:30 Finished transferring output files
...
005 (15556765.164.000) 10/21 06:06:30 Job terminated.
	(1) Normal termination (return value 0)
		Usr 0 00:04:39, Sys 0 00:00:08  -  Run Remote Usage
		Usr 0 00:00:00, Sys 0 00:00:00  -  Run Local Usage
		Usr 0 00:04:39, Sys 0 00:00:08  -  Total Remote Usage
		Usr 0 00:00:00, Sys 0 00:00:00  -  Total Local Usage
	6462  -  Run Bytes Sent By Job
	229  -  Run Bytes Received By Job
	6462  -  Total Bytes Sent By Job
	229  -  Total Bytes Received By Job
	Partitionable Resources :    Usage  Request Allocated 
	   Cpus                 :     0.10        1         1 
	   Disk (KB)            :    48           1   2732103 
	   Memory (MB)          :   976        2000      2000 

	Job terminated of its own accord at 2024-10-21T04:06:30Z with exit-code 0.
...
