000 (15556765.442.000) 10/21 05:59:06 Job submitted from host: <188.184.90.241:9618?addrs=188.184.90.241-9618+[2001-1458-201-e4--100-2eb]-9618&alias=bigbird15.cern.ch&noUDP&sock=schedd_25064_65d2>
...
040 (15556765.442.000) 10/21 06:04:50 Started transferring input files
	Transferring to host: <188.184.185.127:9618?addrs=188.184.185.127-9618+[2001-1458-301-52--100-7e]-9618&alias=b9g37p2024.cern.ch&noUDP&sock=slot1_11_2816515_5c7e_27382>
...
040 (15556765.442.000) 10/21 06:04:50 Finished transferring input files
...
001 (15556765.442.000) 10/21 06:04:51 Job executing on host: <188.184.185.127:9618?addrs=188.184.185.127-9618+[2001-1458-301-52--100-7e]-9618&alias=b9g37p2024.cern.ch&noUDP&sock=startd_5865_7b0b>
	SlotName: slot1_11@b9g37p2024.cern.ch
	CondorScratchDir = "/pool/condor/dir_1215210"
	Cpus = 1
	Disk = 2873978
	Memory = 2000
...
006 (15556765.442.000) 10/21 06:04:59 Image size of job updated: 1
	0  -  MemoryUsage of job (MB)
	0  -  ResidentSetSize of job (KB)
...
006 (15556765.442.000) 10/21 06:09:59 Image size of job updated: 761056
	741  -  MemoryUsage of job (MB)
	758392  -  ResidentSetSize of job (KB)
...
006 (15556765.442.000) 10/21 06:14:59 Image size of job updated: 761256
	741  -  MemoryUsage of job (MB)
	758452  -  ResidentSetSize of job (KB)
...
040 (15556765.442.000) 10/21 06:16:23 Started transferring output files
...
040 (15556765.442.000) 10/21 06:16:23 Finished transferring output files
...
005 (15556765.442.000) 10/21 06:16:23 Job terminated.
	(1) Normal termination (return value 0)
		Usr 0 00:09:38, Sys 0 00:00:06  -  Run Remote Usage
		Usr 0 00:00:00, Sys 0 00:00:00  -  Run Local Usage
		Usr 0 00:09:38, Sys 0 00:00:06  -  Total Remote Usage
		Usr 0 00:00:00, Sys 0 00:00:00  -  Total Local Usage
	14843  -  Run Bytes Sent By Job
	229  -  Run Bytes Received By Job
	14843  -  Total Bytes Sent By Job
	229  -  Total Bytes Received By Job
	Partitionable Resources :    Usage  Request Allocated 
	   Cpus                 :     0.84        1         1 
	   Disk (KB)            :    56           1   2873978 
	   Memory (MB)          :   741        2000      2000 

	Job terminated of its own accord at 2024-10-21T04:16:23Z with exit-code 0.
...
