000 (15556765.493.000) 10/21 05:59:06 Job submitted from host: <188.184.90.241:9618?addrs=188.184.90.241-9618+[2001-1458-201-e4--100-2eb]-9618&alias=bigbird15.cern.ch&noUDP&sock=schedd_25064_65d2>
...
040 (15556765.493.000) 10/21 06:05:36 Started transferring input files
	Transferring to host: <188.185.193.72:9618?addrs=188.185.193.72-9618+[2001-1458-303-20--100-44]-9618&alias=b9p19p1459.cern.ch&noUDP&sock=slot1_16_577708_4c3d_27675>
...
040 (15556765.493.000) 10/21 06:05:36 Finished transferring input files
...
001 (15556765.493.000) 10/21 06:05:37 Job executing on host: <188.185.193.72:9618?addrs=188.185.193.72-9618+[2001-1458-303-20--100-44]-9618&alias=b9p19p1459.cern.ch&noUDP&sock=startd_177537_318e>
	SlotName: slot1_16@b9p19p1459.cern.ch
	CondorScratchDir = "/pool/condor/dir_1345063"
	Cpus = 1
	Disk = 3016587
	Memory = 2000
...
006 (15556765.493.000) 10/21 06:05:46 Image size of job updated: 185108
	181  -  MemoryUsage of job (MB)
	185104  -  ResidentSetSize of job (KB)
...
006 (15556765.493.000) 10/21 06:07:04 Image size of job updated: 904716
	181  -  MemoryUsage of job (MB)
	185104  -  ResidentSetSize of job (KB)
...
040 (15556765.493.000) 10/21 06:07:04 Started transferring output files
...
040 (15556765.493.000) 10/21 06:07:04 Finished transferring output files
...
005 (15556765.493.000) 10/21 06:07:04 Job terminated.
	(1) Normal termination (return value 0)
		Usr 0 00:01:04, Sys 0 00:00:04  -  Run Remote Usage
		Usr 0 00:00:00, Sys 0 00:00:00  -  Run Local Usage
		Usr 0 00:01:04, Sys 0 00:00:04  -  Total Remote Usage
		Usr 0 00:00:00, Sys 0 00:00:00  -  Total Local Usage
	2502  -  Run Bytes Sent By Job
	229  -  Run Bytes Received By Job
	2502  -  Total Bytes Sent By Job
	229  -  Total Bytes Received By Job
	Partitionable Resources :    Usage  Request Allocated 
	   Cpus                 :        0        1         1 
	   Disk (KB)            :       43        1   3016587 
	   Memory (MB)          :      181     2000      2000 

	Job terminated of its own accord at 2024-10-21T04:07:04Z with exit-code 0.
...
