000 (15556765.661.000) 10/21 05:59:06 Job submitted from host: <188.184.90.241:9618?addrs=188.184.90.241-9618+[2001-1458-201-e4--100-2eb]-9618&alias=bigbird15.cern.ch&noUDP&sock=schedd_25064_65d2>
...
040 (15556765.661.000) 10/21 06:06:36 Started transferring input files
	Transferring to host: <128.142.131.179:9618?addrs=128.142.131.179-9618+[2001-1458-301-59--100-a7]-9618&alias=b9g11p1105.cern.ch&noUDP&sock=slot1_33_1450670_ffa8_64276>
...
040 (15556765.661.000) 10/21 06:06:36 Finished transferring input files
...
001 (15556765.661.000) 10/21 06:06:37 Job executing on host: <128.142.131.179:9618?addrs=128.142.131.179-9618+[2001-1458-301-59--100-a7]-9618&alias=b9g11p1105.cern.ch&noUDP&sock=startd_2633_98f3>
	SlotName: slot1_33@b9g11p1105.cern.ch
	CondorScratchDir = "/pool/condor/dir_3479579"
	Cpus = 1
	Disk = 1715162
	Memory = 2000
...
006 (15556765.661.000) 10/21 06:06:46 Image size of job updated: 149796
	147  -  MemoryUsage of job (MB)
	149796  -  ResidentSetSize of job (KB)
...
006 (15556765.661.000) 10/21 06:11:47 Image size of job updated: 768536
	751  -  MemoryUsage of job (MB)
	768536  -  ResidentSetSize of job (KB)
...
040 (15556765.661.000) 10/21 06:16:59 Started transferring output files
...
040 (15556765.661.000) 10/21 06:16:59 Finished transferring output files
...
005 (15556765.661.000) 10/21 06:16:59 Job terminated.
	(1) Normal termination (return value 0)
		Usr 0 00:09:09, Sys 0 00:00:06  -  Run Remote Usage
		Usr 0 00:00:00, Sys 0 00:00:00  -  Run Local Usage
		Usr 0 00:09:09, Sys 0 00:00:06  -  Total Remote Usage
		Usr 0 00:00:00, Sys 0 00:00:00  -  Total Local Usage
	14410  -  Run Bytes Sent By Job
	229  -  Run Bytes Received By Job
	14410  -  Total Bytes Sent By Job
	229  -  Total Bytes Received By Job
	Partitionable Resources :    Usage  Request Allocated 
	   Cpus                 :        0        1         1 
	   Disk (KB)            :       55        1   1715162 
	   Memory (MB)          :      751     2000      2000 

	Job terminated of its own accord at 2024-10-21T04:16:59Z with exit-code 0.
...
