000 (15556765.064.000) 10/21 05:59:05 Job submitted from host: <188.184.90.241:9618?addrs=188.184.90.241-9618+[2001-1458-201-e4--100-2eb]-9618&alias=bigbird15.cern.ch&noUDP&sock=schedd_25064_65d2>
...
040 (15556765.064.000) 10/21 06:00:08 Started transferring input files
	Transferring to host: <128.142.248.54:9618?addrs=128.142.248.54-9618+[2001-1458-301-73--100-126]-9618&alias=b9g23p5264.cern.ch&noUDP&sock=slot1_10_962950_232f_88238>
...
040 (15556765.064.000) 10/21 06:00:08 Finished transferring input files
...
001 (15556765.064.000) 10/21 06:00:09 Job executing on host: <128.142.248.54:9618?addrs=128.142.248.54-9618+[2001-1458-301-73--100-126]-9618&alias=b9g23p5264.cern.ch&noUDP&sock=startd_5330_83e0>
	SlotName: slot1_10@b9g23p5264.cern.ch
	CondorScratchDir = "/pool/condor/dir_3812904"
	Cpus = 1
	Disk = 2933763
	Memory = 2000
...
006 (15556765.064.000) 10/21 06:00:18 Image size of job updated: 1
	0  -  MemoryUsage of job (MB)
	0  -  ResidentSetSize of job (KB)
...
006 (15556765.064.000) 10/21 06:05:18 Image size of job updated: 1003288
	977  -  MemoryUsage of job (MB)
	999680  -  ResidentSetSize of job (KB)
...
040 (15556765.064.000) 10/21 06:20:19 Started transferring output files
...
040 (15556765.064.000) 10/21 06:20:19 Finished transferring output files
...
009 (15556765.064.000) 10/21 06:20:19 Job was aborted.
	Job removed by SYSTEM_PERIODIC_REMOVE due to wall time exceeded allowed max.
...
000 (15556766.064.000) 10/21 07:29:10 Job submitted from host: <188.184.90.241:9618?addrs=188.184.90.241-9618+[2001-1458-201-e4--100-2eb]-9618&alias=bigbird15.cern.ch&noUDP&sock=schedd_25064_65d2>
...
040 (15556766.064.000) 10/21 07:30:17 Started transferring input files
	Transferring to host: <188.185.194.95:9618?addrs=188.185.194.95-9618+[2001-1458-303-21--100-5b]-9618&alias=b9p20p4533.cern.ch&noUDP&sock=slot1_14_3821410_cbbd_8238>
...
040 (15556766.064.000) 10/21 07:30:17 Finished transferring input files
...
001 (15556766.064.000) 10/21 07:30:18 Job executing on host: <188.185.194.95:9618?addrs=188.185.194.95-9618+[2001-1458-303-21--100-5b]-9618&alias=b9p20p4533.cern.ch&noUDP&sock=startd_175276_55ec>
	SlotName: slot1_14@b9p20p4533.cern.ch
	CondorScratchDir = "/pool/condor/dir_1575401"
	Cpus = 1
	Disk = 2771699
	Memory = 2000
...
006 (15556766.064.000) 10/21 07:30:27 Image size of job updated: 271920
	263  -  MemoryUsage of job (MB)
	268296  -  ResidentSetSize of job (KB)
...
006 (15556766.064.000) 10/21 07:35:28 Image size of job updated: 2616988
	2555  -  MemoryUsage of job (MB)
	2615592  -  ResidentSetSize of job (KB)
...
006 (15556766.064.000) 10/21 07:40:29 Image size of job updated: 2619444
	2556  -  MemoryUsage of job (MB)
	2616412  -  ResidentSetSize of job (KB)
...
006 (15556766.064.000) 10/21 07:45:29 Image size of job updated: 2619448
	2556  -  MemoryUsage of job (MB)
	2616412  -  ResidentSetSize of job (KB)
...
040 (15556766.064.000) 10/21 07:50:29 Started transferring output files
...
040 (15556766.064.000) 10/21 07:50:29 Finished transferring output files
...
009 (15556766.064.000) 10/21 07:50:29 Job was aborted.
	Job removed by SYSTEM_PERIODIC_REMOVE due to wall time exceeded allowed max.
...
