000 (15556765.404.000) 10/21 05:59:06 Job submitted from host: <188.184.90.241:9618?addrs=188.184.90.241-9618+[2001-1458-201-e4--100-2eb]-9618&alias=bigbird15.cern.ch&noUDP&sock=schedd_25064_65d2>
...
040 (15556765.404.000) 10/21 06:03:03 Started transferring input files
	Transferring to host: <188.185.193.168:9618?addrs=188.185.193.168-9618+[2001-1458-303-20--100-a4]-9618&alias=b9p19p1180.cern.ch&noUDP&sock=slot1_25_1833876_4ac7_83403>
...
040 (15556765.404.000) 10/21 06:03:03 Finished transferring input files
...
001 (15556765.404.000) 10/21 06:03:04 Job executing on host: <188.185.193.168:9618?addrs=188.185.193.168-9618+[2001-1458-303-20--100-a4]-9618&alias=b9p19p1180.cern.ch&noUDP&sock=startd_166693_1c8e>
	SlotName: slot1_25@b9p19p1180.cern.ch
	CondorScratchDir = "/pool/condor/dir_3690283"
	Cpus = 1
	Disk = 2928078
	Memory = 2000
...
006 (15556765.404.000) 10/21 06:03:13 Image size of job updated: 188336
	184  -  MemoryUsage of job (MB)
	188336  -  ResidentSetSize of job (KB)
...
006 (15556765.404.000) 10/21 06:08:14 Image size of job updated: 757520
	738  -  MemoryUsage of job (MB)
	755112  -  ResidentSetSize of job (KB)
...
006 (15556765.404.000) 10/21 06:12:41 Image size of job updated: 758036
	738  -  MemoryUsage of job (MB)
	755112  -  ResidentSetSize of job (KB)
...
040 (15556765.404.000) 10/21 06:12:41 Started transferring output files
...
040 (15556765.404.000) 10/21 06:12:41 Finished transferring output files
...
005 (15556765.404.000) 10/21 06:12:41 Job terminated.
	(1) Normal termination (return value 0)
		Usr 0 00:06:48, Sys 0 00:00:08  -  Run Remote Usage
		Usr 0 00:00:00, Sys 0 00:00:00  -  Run Local Usage
		Usr 0 00:06:48, Sys 0 00:00:08  -  Total Remote Usage
		Usr 0 00:00:00, Sys 0 00:00:00  -  Total Local Usage
	13251  -  Run Bytes Sent By Job
	229  -  Run Bytes Received By Job
	13251  -  Total Bytes Sent By Job
	229  -  Total Bytes Received By Job
	Partitionable Resources :    Usage  Request Allocated 
	   Cpus                 :     0.87        1         1 
	   Disk (KB)            :    56           1   2928078 
	   Memory (MB)          :   738        2000      2000 

	Job terminated of its own accord at 2024-10-21T04:12:41Z with exit-code 0.
...
