000 (15556765.037.000) 10/21 05:59:05 Job submitted from host: <188.184.90.241:9618?addrs=188.184.90.241-9618+[2001-1458-201-e4--100-2eb]-9618&alias=bigbird15.cern.ch&noUDP&sock=schedd_25064_65d2>
...
040 (15556765.037.000) 10/21 06:00:00 Started transferring input files
	Transferring to host: <188.185.204.137:9618?addrs=188.185.204.137-9618+[2001-1458-303-8--100-7d]-9618&alias=b9p02p1188.cern.ch&noUDP&sock=slot1_7_4711_1359_84186>
...
040 (15556765.037.000) 10/21 06:00:00 Finished transferring input files
...
001 (15556765.037.000) 10/21 06:00:01 Job executing on host: <188.185.204.137:9618?addrs=188.185.204.137-9618+[2001-1458-303-8--100-7d]-9618&alias=b9p02p1188.cern.ch&noUDP&sock=startd_3998_dfba>
	SlotName: slot1_7@b9p02p1188.cern.ch
	CondorScratchDir = "/pool/condor/dir_2480214"
	Cpus = 1
	Disk = 2619413
	Memory = 2000
...
006 (15556765.037.000) 10/21 06:00:10 Image size of job updated: 220668
	216  -  MemoryUsage of job (MB)
	220324  -  ResidentSetSize of job (KB)
...
006 (15556765.037.000) 10/21 06:05:11 Image size of job updated: 1155708
	1129  -  MemoryUsage of job (MB)
	1155100  -  ResidentSetSize of job (KB)
...
006 (15556765.037.000) 10/21 06:10:12 Image size of job updated: 1155708
	1129  -  MemoryUsage of job (MB)
	1155124  -  ResidentSetSize of job (KB)
...
006 (15556765.037.000) 10/21 06:12:32 Image size of job updated: 1156168
	1129  -  MemoryUsage of job (MB)
	1155124  -  ResidentSetSize of job (KB)
...
040 (15556765.037.000) 10/21 06:12:32 Started transferring output files
...
040 (15556765.037.000) 10/21 06:12:32 Finished transferring output files
...
005 (15556765.037.000) 10/21 06:12:32 Job terminated.
	(1) Normal termination (return value 0)
		Usr 0 00:01:50, Sys 0 00:00:05  -  Run Remote Usage
		Usr 0 00:00:00, Sys 0 00:00:00  -  Run Local Usage
		Usr 0 00:01:50, Sys 0 00:00:05  -  Total Remote Usage
		Usr 0 00:00:00, Sys 0 00:00:00  -  Total Local Usage
	3033  -  Run Bytes Sent By Job
	229  -  Run Bytes Received By Job
	3033  -  Total Bytes Sent By Job
	229  -  Total Bytes Received By Job
	Partitionable Resources :    Usage  Request Allocated 
	   Cpus                 :        0        1         1 
	   Disk (KB)            :      626        1   2619413 
	   Memory (MB)          :     1129     2000      2000 

	Job terminated of its own accord at 2024-10-21T04:12:32Z with exit-code 0.
...
000 (15556766.037.000) 10/21 07:29:08 Job submitted from host: <188.184.90.241:9618?addrs=188.184.90.241-9618+[2001-1458-201-e4--100-2eb]-9618&alias=bigbird15.cern.ch&noUDP&sock=schedd_25064_65d2>
...
040 (15556766.037.000) 10/21 07:30:09 Started transferring input files
	Transferring to host: <188.185.195.39:9618?addrs=188.185.195.39-9618+[2001-1458-303-22--100-23]-9618&alias=b9p17p4903.cern.ch&noUDP&sock=slot1_15_8281_76aa_4403>
...
040 (15556766.037.000) 10/21 07:30:09 Finished transferring input files
...
001 (15556766.037.000) 10/21 07:30:10 Job executing on host: <188.185.195.39:9618?addrs=188.185.195.39-9618+[2001-1458-303-22--100-23]-9618&alias=b9p17p4903.cern.ch&noUDP&sock=startd_7209_5a54>
	SlotName: slot1_15@b9p17p4903.cern.ch
	CondorScratchDir = "/pool/condor/dir_2119478"
	Cpus = 1
	Disk = 3864
	GPUs = 0
	Memory = 2000
...
006 (15556766.037.000) 10/21 07:30:18 Image size of job updated: 276288
	270  -  MemoryUsage of job (MB)
	276288  -  ResidentSetSize of job (KB)
...
006 (15556766.037.000) 10/21 07:35:18 Image size of job updated: 1876900
	1833  -  MemoryUsage of job (MB)
	1876900  -  ResidentSetSize of job (KB)
...
040 (15556766.037.000) 10/21 07:50:20 Started transferring output files
...
040 (15556766.037.000) 10/21 07:50:20 Finished transferring output files
...
009 (15556766.037.000) 10/21 07:50:20 Job was aborted.
	Job removed by SYSTEM_PERIODIC_REMOVE due to wall time exceeded allowed max.
...
