000 (15556765.473.000) 10/21 05:59:06 Job submitted from host: <188.184.90.241:9618?addrs=188.184.90.241-9618+[2001-1458-201-e4--100-2eb]-9618&alias=bigbird15.cern.ch&noUDP&sock=schedd_25064_65d2>
...
040 (15556765.473.000) 10/21 06:05:29 Started transferring input files
	Transferring to host: <188.185.198.157:9618?addrs=188.185.198.157-9618+[2001-1458-303-25--100-99]-9618&alias=b9p15p0348.cern.ch&noUDP&sock=slot1_8_9886_54cb_3951>
...
040 (15556765.473.000) 10/21 06:05:29 Finished transferring input files
...
001 (15556765.473.000) 10/21 06:05:30 Job executing on host: <188.185.198.157:9618?addrs=188.185.198.157-9618+[2001-1458-303-25--100-99]-9618&alias=b9p15p0348.cern.ch&noUDP&sock=startd_9843_0eca>
	SlotName: slot1_8@b9p15p0348.cern.ch
	CondorScratchDir = "/pool/condor/dir_2868315"
	Cpus = 1
	Disk = 3810
	GPUs = 0
	Memory = 2000
...
006 (15556765.473.000) 10/21 06:05:38 Image size of job updated: 484616
	474  -  MemoryUsage of job (MB)
	484616  -  ResidentSetSize of job (KB)
...
006 (15556765.473.000) 10/21 06:10:38 Image size of job updated: 1718032
	1678  -  MemoryUsage of job (MB)
	1718032  -  ResidentSetSize of job (KB)
...
040 (15556765.473.000) 10/21 06:12:48 Started transferring output files
...
040 (15556765.473.000) 10/21 06:12:48 Finished transferring output files
...
005 (15556765.473.000) 10/21 06:12:48 Job terminated.
	(1) Normal termination (return value 0)
		Usr 0 00:05:00, Sys 0 00:00:07  -  Run Remote Usage
		Usr 0 00:00:00, Sys 0 00:00:00  -  Run Local Usage
		Usr 0 00:05:00, Sys 0 00:00:07  -  Total Remote Usage
		Usr 0 00:00:00, Sys 0 00:00:00  -  Total Local Usage
	9600  -  Run Bytes Sent By Job
	229  -  Run Bytes Received By Job
	9600  -  Total Bytes Sent By Job
	229  -  Total Bytes Received By Job
	Partitionable Resources :    Usage  Request Allocated 
	   Cpus                 :     0.89        1         1 
	   Disk (KB)            :    51           1      3810 
	   GPUs                 :                           0 
	   Memory (MB)          :  1678        2000      2000 

	Job terminated of its own accord at 2024-10-21T04:12:48Z with exit-code 0.
...
