000 (15556765.624.000) 10/21 05:59:06 Job submitted from host: <188.184.90.241:9618?addrs=188.184.90.241-9618+[2001-1458-201-e4--100-2eb]-9618&alias=bigbird15.cern.ch&noUDP&sock=schedd_25064_65d2>
...
040 (15556765.624.000) 10/21 06:06:22 Started transferring input files
	Transferring to host: <128.142.192.150:9618?addrs=128.142.192.150-9618+[2001-1458-301-56--100-12]-9618&alias=b9g18p2543.cern.ch&noUDP&sock=slot1_28_3332_7201_67129>
...
040 (15556765.624.000) 10/21 06:06:22 Finished transferring input files
...
001 (15556765.624.000) 10/21 06:06:24 Job executing on host: <128.142.192.150:9618?addrs=128.142.192.150-9618+[2001-1458-301-56--100-12]-9618&alias=b9g18p2543.cern.ch&noUDP&sock=startd_2849_c168>
	SlotName: slot1_28@b9g18p2543.cern.ch
	CondorScratchDir = "/pool/condor/dir_3222027"
	Cpus = 1
	Disk = 2822932
	Memory = 2000
...
006 (15556765.624.000) 10/21 06:06:32 Image size of job updated: 757388
	740  -  MemoryUsage of job (MB)
	757384  -  ResidentSetSize of job (KB)
...
006 (15556765.624.000) 10/21 06:11:32 Image size of job updated: 1722340
	1680  -  MemoryUsage of job (MB)
	1719376  -  ResidentSetSize of job (KB)
...
040 (15556765.624.000) 10/21 06:12:36 Started transferring output files
...
040 (15556765.624.000) 10/21 06:12:36 Finished transferring output files
...
005 (15556765.624.000) 10/21 06:12:36 Job terminated.
	(1) Normal termination (return value 0)
		Usr 0 00:05:42, Sys 0 00:00:06  -  Run Remote Usage
		Usr 0 00:00:00, Sys 0 00:00:00  -  Run Local Usage
		Usr 0 00:05:42, Sys 0 00:00:06  -  Total Remote Usage
		Usr 0 00:00:00, Sys 0 00:00:00  -  Total Local Usage
	10822  -  Run Bytes Sent By Job
	229  -  Run Bytes Received By Job
	10822  -  Total Bytes Sent By Job
	229  -  Total Bytes Received By Job
	Partitionable Resources :    Usage  Request Allocated 
	   Cpus                 :     0.96        1         1 
	   Disk (KB)            :    52           1   2822932 
	   Memory (MB)          :  1680        2000      2000 

	Job terminated of its own accord at 2024-10-21T04:12:36Z with exit-code 0.
...
