000 (15556765.445.000) 10/21 05:59:06 Job submitted from host: <188.184.90.241:9618?addrs=188.184.90.241-9618+[2001-1458-201-e4--100-2eb]-9618&alias=bigbird15.cern.ch&noUDP&sock=schedd_25064_65d2>
...
040 (15556765.445.000) 10/21 06:04:56 Started transferring input files
	Transferring to host: <128.142.192.152:9618?addrs=128.142.192.152-9618+[2001-1458-301-56--100-14]-9618&alias=b9g18p1920.cern.ch&noUDP&sock=slot1_10_6043_970f_29472>
...
040 (15556765.445.000) 10/21 06:04:56 Finished transferring input files
...
001 (15556765.445.000) 10/21 06:04:57 Job executing on host: <128.142.192.152:9618?addrs=128.142.192.152-9618+[2001-1458-301-56--100-14]-9618&alias=b9g18p1920.cern.ch&noUDP&sock=startd_5328_24b0>
	SlotName: slot1_10@b9g18p1920.cern.ch
	CondorScratchDir = "/pool/condor/dir_2610397"
	Cpus = 1
	Disk = 2859063
	Memory = 2000
...
006 (15556765.445.000) 10/21 06:05:05 Image size of job updated: 208032
	203  -  MemoryUsage of job (MB)
	207780  -  ResidentSetSize of job (KB)
...
006 (15556765.445.000) 10/21 06:10:05 Image size of job updated: 753692
	735  -  MemoryUsage of job (MB)
	752168  -  ResidentSetSize of job (KB)
...
006 (15556765.445.000) 10/21 06:10:35 Image size of job updated: 753880
	735  -  MemoryUsage of job (MB)
	752168  -  ResidentSetSize of job (KB)
...
040 (15556765.445.000) 10/21 06:10:35 Started transferring output files
...
040 (15556765.445.000) 10/21 06:10:35 Finished transferring output files
...
005 (15556765.445.000) 10/21 06:10:35 Job terminated.
	(1) Normal termination (return value 0)
		Usr 0 00:04:57, Sys 0 00:00:04  -  Run Remote Usage
		Usr 0 00:00:00, Sys 0 00:00:00  -  Run Local Usage
		Usr 0 00:04:57, Sys 0 00:00:04  -  Total Remote Usage
		Usr 0 00:00:00, Sys 0 00:00:00  -  Total Local Usage
	10024  -  Run Bytes Sent By Job
	229  -  Run Bytes Received By Job
	10024  -  Total Bytes Sent By Job
	229  -  Total Bytes Received By Job
	Partitionable Resources :    Usage  Request Allocated 
	   Cpus                 :     0.90        1         1 
	   Disk (KB)            :    52           1   2859063 
	   Memory (MB)          :   735        2000      2000 

	Job terminated of its own accord at 2024-10-21T04:10:35Z with exit-code 0.
...
