000 (15556765.569.000) 10/21 05:59:06 Job submitted from host: <188.184.90.241:9618?addrs=188.184.90.241-9618+[2001-1458-201-e4--100-2eb]-9618&alias=bigbird15.cern.ch&noUDP&sock=schedd_25064_65d2>
...
040 (15556765.569.000) 10/21 06:06:02 Started transferring input files
	Transferring to host: <188.185.213.148:9618?addrs=188.185.213.148-9618+[2001-1458-303-1b--100-10]-9618&alias=b9p28p0002.cern.ch&noUDP&sock=slot1_9_8150_2984_4905>
...
040 (15556765.569.000) 10/21 06:06:02 Finished transferring input files
...
001 (15556765.569.000) 10/21 06:06:03 Job executing on host: <188.185.213.148:9618?addrs=188.185.213.148-9618+[2001-1458-303-1b--100-10]-9618&alias=b9p28p0002.cern.ch&noUDP&sock=startd_6842_9f12>
	SlotName: slot1_9@b9p28p0002.cern.ch
	CondorScratchDir = "/pool/condor/dir_3962042"
	Cpus = 1
	Disk = 3749
	GPUs = 0
	Memory = 2000
...
006 (15556765.569.000) 10/21 06:06:12 Image size of job updated: 141632
	139  -  MemoryUsage of job (MB)
	141632  -  ResidentSetSize of job (KB)
...
006 (15556765.569.000) 10/21 06:11:13 Image size of job updated: 751548
	734  -  MemoryUsage of job (MB)
	751548  -  ResidentSetSize of job (KB)
...
006 (15556765.569.000) 10/21 06:16:13 Image size of job updated: 764328
	747  -  MemoryUsage of job (MB)
	764328  -  ResidentSetSize of job (KB)
...
006 (15556765.569.000) 10/21 06:21:13 Image size of job updated: 764388
	747  -  MemoryUsage of job (MB)
	764388  -  ResidentSetSize of job (KB)
...
006 (15556765.569.000) 10/21 06:26:14 Image size of job updated: 765008
	748  -  MemoryUsage of job (MB)
	765008  -  ResidentSetSize of job (KB)
...
040 (15556765.569.000) 10/21 06:26:14 Started transferring output files
...
040 (15556765.569.000) 10/21 06:26:14 Finished transferring output files
...
009 (15556765.569.000) 10/21 06:26:14 Job was aborted.
	Job removed by SYSTEM_PERIODIC_REMOVE due to wall time exceeded allowed max.
...
