000 (15556765.422.000) 10/21 05:59:06 Job submitted from host: <188.184.90.241:9618?addrs=188.184.90.241-9618+[2001-1458-201-e4--100-2eb]-9618&alias=bigbird15.cern.ch&noUDP&sock=schedd_25064_65d2>
...
040 (15556765.422.000) 10/21 06:03:50 Started transferring input files
	Transferring to host: <128.142.248.31:9618?addrs=128.142.248.31-9618+[2001-1458-301-73--100-10f]-9618&alias=b9g23p5604.cern.ch&noUDP&sock=slot1_39_622589_05be_18720>
...
040 (15556765.422.000) 10/21 06:03:50 Finished transferring input files
...
001 (15556765.422.000) 10/21 06:03:51 Job executing on host: <128.142.248.31:9618?addrs=128.142.248.31-9618+[2001-1458-301-73--100-10f]-9618&alias=b9g23p5604.cern.ch&noUDP&sock=startd_5728_8292>
	SlotName: slot1_39@b9g23p5604.cern.ch
	CondorScratchDir = "/pool/condor/dir_3362728"
	Cpus = 1
	Disk = 2871982
	Memory = 2000
...
006 (15556765.422.000) 10/21 06:03:59 Image size of job updated: 150276
	147  -  MemoryUsage of job (MB)
	149796  -  ResidentSetSize of job (KB)
...
006 (15556765.422.000) 10/21 06:08:59 Image size of job updated: 751860
	732  -  MemoryUsage of job (MB)
	748760  -  ResidentSetSize of job (KB)
...
006 (15556765.422.000) 10/21 06:09:44 Image size of job updated: 752324
	732  -  MemoryUsage of job (MB)
	748760  -  ResidentSetSize of job (KB)
...
040 (15556765.422.000) 10/21 06:09:45 Started transferring output files
...
040 (15556765.422.000) 10/21 06:09:45 Finished transferring output files
...
005 (15556765.422.000) 10/21 06:09:45 Job terminated.
	(1) Normal termination (return value 0)
		Usr 0 00:05:13, Sys 0 00:00:08  -  Run Remote Usage
		Usr 0 00:00:00, Sys 0 00:00:00  -  Run Local Usage
		Usr 0 00:05:13, Sys 0 00:00:08  -  Total Remote Usage
		Usr 0 00:00:00, Sys 0 00:00:00  -  Total Local Usage
	9601  -  Run Bytes Sent By Job
	229  -  Run Bytes Received By Job
	9601  -  Total Bytes Sent By Job
	229  -  Total Bytes Received By Job
	Partitionable Resources :    Usage  Request Allocated 
	   Cpus                 :                 1         1 
	   Disk (KB)            :       44        1   2871982 
	   Memory (MB)          :      732     2000      2000 

	Job terminated of its own accord at 2024-10-21T04:09:44Z with exit-code 0.
...
