000 (15556765.050.000) 10/21 05:59:05 Job submitted from host: <188.184.90.241:9618?addrs=188.184.90.241-9618+[2001-1458-201-e4--100-2eb]-9618&alias=bigbird15.cern.ch&noUDP&sock=schedd_25064_65d2>
...
040 (15556765.050.000) 10/21 06:00:05 Started transferring input files
	Transferring to host: <188.185.214.107:9618?addrs=188.185.214.107-9618+[2001-1458-303-1c--100-67]-9618&alias=b9p29p2852.cern.ch&noUDP&sock=slot1_8_3867_66b6_5752>
...
040 (15556765.050.000) 10/21 06:00:05 Finished transferring input files
...
001 (15556765.050.000) 10/21 06:00:06 Job executing on host: <188.185.214.107:9618?addrs=188.185.214.107-9618+[2001-1458-303-1c--100-67]-9618&alias=b9p29p2852.cern.ch&noUDP&sock=startd_3207_5050>
	SlotName: slot1_8@b9p29p2852.cern.ch
	CondorScratchDir = "/pool/condor/dir_1640806"
	Cpus = 1
	Disk = 3813
	GPUs = 0
	Memory = 2000
...
006 (15556765.050.000) 10/21 06:00:14 Image size of job updated: 580676
	568  -  MemoryUsage of job (MB)
	580676  -  ResidentSetSize of job (KB)
...
006 (15556765.050.000) 10/21 06:04:53 Image size of job updated: 1445852
	1412  -  MemoryUsage of job (MB)
	1445852  -  ResidentSetSize of job (KB)
...
040 (15556765.050.000) 10/21 06:04:53 Started transferring output files
...
040 (15556765.050.000) 10/21 06:04:53 Finished transferring output files
...
005 (15556765.050.000) 10/21 06:04:53 Job terminated.
	(1) Normal termination (return value 0)
		Usr 0 00:02:02, Sys 0 00:00:07  -  Run Remote Usage
		Usr 0 00:00:00, Sys 0 00:00:00  -  Run Local Usage
		Usr 0 00:02:02, Sys 0 00:00:07  -  Total Remote Usage
		Usr 0 00:00:00, Sys 0 00:00:00  -  Total Local Usage
	2678  -  Run Bytes Sent By Job
	229  -  Run Bytes Received By Job
	2678  -  Total Bytes Sent By Job
	229  -  Total Bytes Received By Job
	Partitionable Resources :    Usage  Request Allocated 
	   Cpus                 :        0        1         1 
	   Disk (KB)            :       44        1      3813 
	   GPUs                 :                           0 
	   Memory (MB)          :     1412     2000      2000 

	Job terminated of its own accord at 2024-10-21T04:04:53Z with exit-code 0.
...
000 (15556766.050.000) 10/21 07:29:08 Job submitted from host: <188.184.90.241:9618?addrs=188.184.90.241-9618+[2001-1458-201-e4--100-2eb]-9618&alias=bigbird15.cern.ch&noUDP&sock=schedd_25064_65d2>
...
040 (15556766.050.000) 10/21 07:30:12 Started transferring input files
	Transferring to host: <188.185.196.162:9618?addrs=188.185.196.162-9618+[2001-1458-303-23--100-9e]-9618&alias=b9p16p1742.cern.ch&noUDP&sock=slot1_16_3380728_75fd_75487>
...
040 (15556766.050.000) 10/21 07:30:12 Finished transferring input files
...
001 (15556766.050.000) 10/21 07:30:13 Job executing on host: <188.185.196.162:9618?addrs=188.185.196.162-9618+[2001-1458-303-23--100-9e]-9618&alias=b9p16p1742.cern.ch&noUDP&sock=startd_166766_2ef8>
	SlotName: slot1_16@b9p16p1742.cern.ch
	CondorScratchDir = "/pool/condor/dir_1417685"
	Cpus = 1
	Disk = 2954306
	Memory = 2000
...
006 (15556766.050.000) 10/21 07:30:22 Image size of job updated: 399904
	391  -  MemoryUsage of job (MB)
	399904  -  ResidentSetSize of job (KB)
...
006 (15556766.050.000) 10/21 07:35:23 Image size of job updated: 2105312
	2055  -  MemoryUsage of job (MB)
	2103348  -  ResidentSetSize of job (KB)
...
006 (15556766.050.000) 10/21 07:40:23 Image size of job updated: 2108620
	2055  -  MemoryUsage of job (MB)
	2103348  -  ResidentSetSize of job (KB)
...
040 (15556766.050.000) 10/21 07:50:24 Started transferring output files
...
040 (15556766.050.000) 10/21 07:50:24 Finished transferring output files
...
009 (15556766.050.000) 10/21 07:50:24 Job was aborted.
	Job removed by SYSTEM_PERIODIC_REMOVE due to wall time exceeded allowed max.
...
