000 (15556765.660.000) 10/21 05:59:06 Job submitted from host: <188.184.90.241:9618?addrs=188.184.90.241-9618+[2001-1458-201-e4--100-2eb]-9618&alias=bigbird15.cern.ch&noUDP&sock=schedd_25064_65d2>
...
040 (15556765.660.000) 10/21 06:06:36 Started transferring input files
	Transferring to host: <128.142.132.111:9618?addrs=128.142.132.111-9618+[2001-1458-301-5a--100-63]-9618&alias=b9g12p3298.cern.ch&noUDP&sock=slot1_1_2788_25ea_2815>
...
040 (15556765.660.000) 10/21 06:06:36 Finished transferring input files
...
001 (15556765.660.000) 10/21 06:06:37 Job executing on host: <128.142.132.111:9618?addrs=128.142.132.111-9618+[2001-1458-301-5a--100-63]-9618&alias=b9g12p3298.cern.ch&noUDP&sock=startd_2420_7f47>
	SlotName: slot1_1@b9g12p3298.cern.ch
	CondorScratchDir = "/pool/condor/dir_3895499"
	Cpus = 1
	Disk = 2613
	GPUs = 0
	Memory = 2000
...
006 (15556765.660.000) 10/21 06:06:46 Image size of job updated: 144000
	141  -  MemoryUsage of job (MB)
	144000  -  ResidentSetSize of job (KB)
...
006 (15556765.660.000) 10/21 06:11:47 Image size of job updated: 762232
	745  -  MemoryUsage of job (MB)
	762232  -  ResidentSetSize of job (KB)
...
040 (15556765.660.000) 10/21 06:16:06 Started transferring output files
...
040 (15556765.660.000) 10/21 06:16:06 Finished transferring output files
...
005 (15556765.660.000) 10/21 06:16:06 Job terminated.
	(1) Normal termination (return value 0)
		Usr 0 00:07:57, Sys 0 00:00:10  -  Run Remote Usage
		Usr 0 00:00:00, Sys 0 00:00:00  -  Run Local Usage
		Usr 0 00:07:57, Sys 0 00:00:10  -  Total Remote Usage
		Usr 0 00:00:00, Sys 0 00:00:00  -  Total Local Usage
	12684  -  Run Bytes Sent By Job
	229  -  Run Bytes Received By Job
	12684  -  Total Bytes Sent By Job
	229  -  Total Bytes Received By Job
	Partitionable Resources :    Usage  Request Allocated 
	   Cpus                 :     0.87        1         1 
	   Disk (KB)            :    54           1      2613 
	   GPUs                 :                           0 
	   Memory (MB)          :   745        2000      2000 

	Job terminated of its own accord at 2024-10-21T04:16:06Z with exit-code 0.
...
