000 (15556765.034.000) 10/21 05:59:05 Job submitted from host: <188.184.90.241:9618?addrs=188.184.90.241-9618+[2001-1458-201-e4--100-2eb]-9618&alias=bigbird15.cern.ch&noUDP&sock=schedd_25064_65d2>
...
040 (15556765.034.000) 10/21 05:59:59 Started transferring input files
	Transferring to host: <188.185.196.155:9618?addrs=188.185.196.155-9618+[2001-1458-303-23--100-97]-9618&alias=b9p16p2409.cern.ch&noUDP&sock=slot1_26_2655249_e020_60012>
...
040 (15556765.034.000) 10/21 05:59:59 Finished transferring input files
...
001 (15556765.034.000) 10/21 06:00:00 Job executing on host: <188.185.196.155:9618?addrs=188.185.196.155-9618+[2001-1458-303-23--100-97]-9618&alias=b9p16p2409.cern.ch&noUDP&sock=startd_128136_3771>
	SlotName: slot1_26@b9p16p2409.cern.ch
	CondorScratchDir = "/pool/condor/dir_1310588"
	Cpus = 1
	Disk = 2863660
	Memory = 2000
...
006 (15556765.034.000) 10/21 06:00:08 Image size of job updated: 2572
	2  -  MemoryUsage of job (MB)
	1972  -  ResidentSetSize of job (KB)
...
006 (15556765.034.000) 10/21 06:05:08 Image size of job updated: 2360876
	2292  -  MemoryUsage of job (MB)
	2346924  -  ResidentSetSize of job (KB)
...
040 (15556765.034.000) 10/21 06:06:22 Started transferring output files
...
040 (15556765.034.000) 10/21 06:06:22 Finished transferring output files
...
005 (15556765.034.000) 10/21 06:06:22 Job terminated.
	(1) Normal termination (return value 0)
		Usr 0 00:03:14, Sys 0 00:00:06  -  Run Remote Usage
		Usr 0 00:00:00, Sys 0 00:00:00  -  Run Local Usage
		Usr 0 00:03:14, Sys 0 00:00:06  -  Total Remote Usage
		Usr 0 00:00:00, Sys 0 00:00:00  -  Total Local Usage
	2957  -  Run Bytes Sent By Job
	229  -  Run Bytes Received By Job
	2957  -  Total Bytes Sent By Job
	229  -  Total Bytes Received By Job
	Partitionable Resources :    Usage  Request Allocated 
	   Cpus                 :     0.38        1         1 
	   Disk (KB)            :    44           1   2863660 
	   Memory (MB)          :  2292        2000      2000 

	Job terminated of its own accord at 2024-10-21T04:06:22Z with exit-code 0.
...
000 (15556766.034.000) 10/21 07:29:08 Job submitted from host: <188.184.90.241:9618?addrs=188.184.90.241-9618+[2001-1458-201-e4--100-2eb]-9618&alias=bigbird15.cern.ch&noUDP&sock=schedd_25064_65d2>
...
040 (15556766.034.000) 10/21 07:30:08 Started transferring input files
	Transferring to host: <188.185.195.17:9618?addrs=188.185.195.17-9618+[2001-1458-303-22--100-d]-9618&alias=b9p17p0260.cern.ch&noUDP&sock=slot1_21_3871733_e6dc_81572>
...
040 (15556766.034.000) 10/21 07:30:08 Finished transferring input files
...
001 (15556766.034.000) 10/21 07:30:09 Job executing on host: <188.185.195.17:9618?addrs=188.185.195.17-9618+[2001-1458-303-22--100-d]-9618&alias=b9p17p0260.cern.ch&noUDP&sock=startd_5617_5f8e>
	SlotName: slot1_21@b9p17p0260.cern.ch
	CondorScratchDir = "/pool/condor/dir_1991652"
	Cpus = 1
	Disk = 2874794
	Memory = 2000
...
006 (15556766.034.000) 10/21 07:30:17 Image size of job updated: 16056
	16  -  MemoryUsage of job (MB)
	15964  -  ResidentSetSize of job (KB)
...
006 (15556766.034.000) 10/21 07:35:17 Image size of job updated: 1782004
	1739  -  MemoryUsage of job (MB)
	1780032  -  ResidentSetSize of job (KB)
...
006 (15556766.034.000) 10/21 07:40:18 Image size of job updated: 1793104
	1750  -  MemoryUsage of job (MB)
	1791196  -  ResidentSetSize of job (KB)
...
006 (15556766.034.000) 10/21 07:45:19 Image size of job updated: 1793776
	1750  -  MemoryUsage of job (MB)
	1791196  -  ResidentSetSize of job (KB)
...
040 (15556766.034.000) 10/21 07:50:19 Started transferring output files
...
040 (15556766.034.000) 10/21 07:50:19 Finished transferring output files
...
009 (15556766.034.000) 10/21 07:50:19 Job was aborted.
	Job removed by SYSTEM_PERIODIC_REMOVE due to wall time exceeded allowed max.
...
