000 (15556765.038.000) 10/21 05:59:05 Job submitted from host: <188.184.90.241:9618?addrs=188.184.90.241-9618+[2001-1458-201-e4--100-2eb]-9618&alias=bigbird15.cern.ch&noUDP&sock=schedd_25064_65d2>
...
040 (15556765.038.000) 10/21 06:00:00 Started transferring input files
	Transferring to host: <188.185.205.216:9618?addrs=188.185.205.216-9618+[2001-1458-303-a--100-55]-9618&alias=b9p04p2069.cern.ch&noUDP&sock=slot1_19_5612_e95d_64830>
...
040 (15556765.038.000) 10/21 06:00:00 Finished transferring input files
...
001 (15556765.038.000) 10/21 06:00:01 Job executing on host: <188.185.205.216:9618?addrs=188.185.205.216-9618+[2001-1458-303-a--100-55]-9618&alias=b9p04p2069.cern.ch&noUDP&sock=startd_4598_6c8d>
	SlotName: slot1_19@b9p04p2069.cern.ch
	CondorScratchDir = "/pool/condor/dir_1686180"
	Cpus = 1
	Disk = 2577195
	Memory = 2000
...
006 (15556765.038.000) 10/21 06:00:10 Image size of job updated: 748868
	732  -  MemoryUsage of job (MB)
	748612  -  ResidentSetSize of job (KB)
...
006 (15556765.038.000) 10/21 06:05:11 Image size of job updated: 1144056
	1115  -  MemoryUsage of job (MB)
	1141176  -  ResidentSetSize of job (KB)
...
006 (15556765.038.000) 10/21 06:10:12 Image size of job updated: 1144056
	1115  -  MemoryUsage of job (MB)
	1141196  -  ResidentSetSize of job (KB)
...
006 (15556765.038.000) 10/21 06:13:06 Image size of job updated: 1831868
	1115  -  MemoryUsage of job (MB)
	1141196  -  ResidentSetSize of job (KB)
...
040 (15556765.038.000) 10/21 06:13:06 Started transferring output files
...
040 (15556765.038.000) 10/21 06:13:06 Finished transferring output files
...
005 (15556765.038.000) 10/21 06:13:06 Job terminated.
	(1) Normal termination (return value 0)
		Usr 0 00:01:58, Sys 0 00:00:07  -  Run Remote Usage
		Usr 0 00:00:00, Sys 0 00:00:00  -  Run Local Usage
		Usr 0 00:01:58, Sys 0 00:00:07  -  Total Remote Usage
		Usr 0 00:00:00, Sys 0 00:00:00  -  Total Local Usage
	2744  -  Run Bytes Sent By Job
	229  -  Run Bytes Received By Job
	2744  -  Total Bytes Sent By Job
	229  -  Total Bytes Received By Job
	Partitionable Resources :    Usage  Request Allocated 
	   Cpus                 :     0.98        1         1 
	   Disk (KB)            :    47           1   2577195 
	   Memory (MB)          :  1115        2000      2000 

	Job terminated of its own accord at 2024-10-21T04:13:06Z with exit-code 0.
...
000 (15556766.038.000) 10/21 07:29:08 Job submitted from host: <188.184.90.241:9618?addrs=188.184.90.241-9618+[2001-1458-201-e4--100-2eb]-9618&alias=bigbird15.cern.ch&noUDP&sock=schedd_25064_65d2>
...
040 (15556766.038.000) 10/21 07:30:09 Started transferring input files
	Transferring to host: <128.142.248.117:9618?addrs=128.142.248.117-9618+[2001-1458-301-73--100-165]-9618&alias=b9g23p5831.cern.ch&noUDP&sock=slot1_8_6592_6905_61210>
...
040 (15556766.038.000) 10/21 07:30:09 Finished transferring input files
...
001 (15556766.038.000) 10/21 07:30:10 Job executing on host: <128.142.248.117:9618?addrs=128.142.248.117-9618+[2001-1458-301-73--100-165]-9618&alias=b9g23p5831.cern.ch&noUDP&sock=startd_5908_f99e>
	SlotName: slot1_8@b9g23p5831.cern.ch
	CondorScratchDir = "/pool/condor/dir_254847"
	Cpus = 1
	Disk = 2917741
	Memory = 2000
...
006 (15556766.038.000) 10/21 07:30:18 Image size of job updated: 156112
	152  -  MemoryUsage of job (MB)
	155368  -  ResidentSetSize of job (KB)
...
006 (15556766.038.000) 10/21 07:35:18 Image size of job updated: 992332
	969  -  MemoryUsage of job (MB)
	991532  -  ResidentSetSize of job (KB)
...
006 (15556766.038.000) 10/21 07:40:19 Image size of job updated: 997388
	969  -  MemoryUsage of job (MB)
	991712  -  ResidentSetSize of job (KB)
...
040 (15556766.038.000) 10/21 07:50:19 Started transferring output files
...
040 (15556766.038.000) 10/21 07:50:19 Finished transferring output files
...
009 (15556766.038.000) 10/21 07:50:19 Job was aborted.
	Job removed by SYSTEM_PERIODIC_REMOVE due to wall time exceeded allowed max.
...
