000 (15556765.425.000) 10/21 05:59:06 Job submitted from host: <188.184.90.241:9618?addrs=188.184.90.241-9618+[2001-1458-201-e4--100-2eb]-9618&alias=bigbird15.cern.ch&noUDP&sock=schedd_25064_65d2>
...
040 (15556765.425.000) 10/21 06:04:10 Started transferring input files
	Transferring to host: <188.185.205.109:9618?addrs=188.185.205.109-9618+[2001-1458-303-9--100-6a]-9618&alias=b9p03p0116.cern.ch&noUDP&sock=slot1_15_8794_eb1f_136342>
...
040 (15556765.425.000) 10/21 06:04:10 Finished transferring input files
...
001 (15556765.425.000) 10/21 06:04:11 Job executing on host: <188.185.205.109:9618?addrs=188.185.205.109-9618+[2001-1458-303-9--100-6a]-9618&alias=b9p03p0116.cern.ch&noUDP&sock=startd_7745_0118>
	SlotName: slot1_15@b9p03p0116.cern.ch
	CondorScratchDir = "/pool/condor/dir_214191"
	Cpus = 1
	Disk = 2625639
	Memory = 2000
...
006 (15556765.425.000) 10/21 06:04:19 Image size of job updated: 172584
	169  -  MemoryUsage of job (MB)
	172304  -  ResidentSetSize of job (KB)
...
006 (15556765.425.000) 10/21 06:07:01 Image size of job updated: 750772
	169  -  MemoryUsage of job (MB)
	172304  -  ResidentSetSize of job (KB)
...
040 (15556765.425.000) 10/21 06:07:01 Started transferring output files
...
040 (15556765.425.000) 10/21 06:07:01 Finished transferring output files
...
005 (15556765.425.000) 10/21 06:07:01 Job terminated.
	(1) Normal termination (return value 0)
		Usr 0 00:02:17, Sys 0 00:00:05  -  Run Remote Usage
		Usr 0 00:00:00, Sys 0 00:00:00  -  Run Local Usage
		Usr 0 00:02:17, Sys 0 00:00:05  -  Total Remote Usage
		Usr 0 00:00:00, Sys 0 00:00:00  -  Total Local Usage
	8452  -  Run Bytes Sent By Job
	229  -  Run Bytes Received By Job
	8452  -  Total Bytes Sent By Job
	229  -  Total Bytes Received By Job
	Partitionable Resources :    Usage  Request Allocated 
	   Cpus                 :                 1         1 
	   Disk (KB)            :       43        1   2625639 
	   Memory (MB)          :      169     2000      2000 

	Job terminated of its own accord at 2024-10-21T04:07:01Z with exit-code 0.
...
