000 (15556765.170.000) 10/21 05:59:05 Job submitted from host: <188.184.90.241:9618?addrs=188.184.90.241-9618+[2001-1458-201-e4--100-2eb]-9618&alias=bigbird15.cern.ch&noUDP&sock=schedd_25064_65d2>
...
040 (15556765.170.000) 10/21 06:00:44 Started transferring input files
	Transferring to host: <188.185.208.154:9618?addrs=188.185.208.154-9618+[2001-1458-303-10--100-17]-9618&alias=b9p10p8914.cern.ch&noUDP&sock=slot1_22_7043_2e37_249538>
...
040 (15556765.170.000) 10/21 06:00:44 Finished transferring input files
...
001 (15556765.170.000) 10/21 06:00:45 Job executing on host: <188.185.208.154:9618?addrs=188.185.208.154-9618+[2001-1458-303-10--100-17]-9618&alias=b9p10p8914.cern.ch&noUDP&sock=startd_5754_5808>
	SlotName: slot1_22@b9p10p8914.cern.ch
	CondorScratchDir = "/pool/condor/dir_2030651"
	Cpus = 1
	Disk = 2690180
	Memory = 2000
...
006 (15556765.170.000) 10/21 06:00:53 Image size of job updated: 149244
	146  -  MemoryUsage of job (MB)
	148596  -  ResidentSetSize of job (KB)
...
006 (15556765.170.000) 10/21 06:05:53 Image size of job updated: 1000180
	973  -  MemoryUsage of job (MB)
	995560  -  ResidentSetSize of job (KB)
...
040 (15556765.170.000) 10/21 06:07:01 Started transferring output files
...
040 (15556765.170.000) 10/21 06:07:01 Finished transferring output files
...
005 (15556765.170.000) 10/21 06:07:01 Job terminated.
	(1) Normal termination (return value 0)
		Usr 0 00:05:02, Sys 0 00:00:07  -  Run Remote Usage
		Usr 0 00:00:00, Sys 0 00:00:00  -  Run Local Usage
		Usr 0 00:05:02, Sys 0 00:00:07  -  Total Remote Usage
		Usr 0 00:00:00, Sys 0 00:00:00  -  Total Local Usage
	7023  -  Run Bytes Sent By Job
	229  -  Run Bytes Received By Job
	7023  -  Total Bytes Sent By Job
	229  -  Total Bytes Received By Job
	Partitionable Resources :    Usage  Request Allocated 
	   Cpus                 :        0        1         1 
	   Disk (KB)            :       51        1   2690180 
	   Memory (MB)          :      973     2000      2000 

	Job terminated of its own accord at 2024-10-21T04:07:01Z with exit-code 0.
...
