000 (15556765.549.000) 10/21 05:59:06 Job submitted from host: <188.184.90.241:9618?addrs=188.184.90.241-9618+[2001-1458-201-e4--100-2eb]-9618&alias=bigbird15.cern.ch&noUDP&sock=schedd_25064_65d2>
...
040 (15556765.549.000) 10/21 06:05:56 Started transferring input files
	Transferring to host: <188.185.194.12:9618?addrs=188.185.194.12-9618+[2001-1458-303-21--100-8]-9618&alias=b9p20p7641.cern.ch&noUDP&sock=slot1_20_1936844_9022_8461>
...
040 (15556765.549.000) 10/21 06:05:56 Finished transferring input files
...
001 (15556765.549.000) 10/21 06:05:57 Job executing on host: <188.185.194.12:9618?addrs=188.185.194.12-9618+[2001-1458-303-21--100-8]-9618&alias=b9p20p7641.cern.ch&noUDP&sock=startd_5319_f855>
	SlotName: slot1_20@b9p20p7641.cern.ch
	CondorScratchDir = "/pool/condor/dir_3499741"
	Cpus = 1
	Disk = 3032333
	Memory = 2000
...
006 (15556765.549.000) 10/21 06:06:05 Image size of job updated: 171992
	168  -  MemoryUsage of job (MB)
	171800  -  ResidentSetSize of job (KB)
...
006 (15556765.549.000) 10/21 06:11:05 Image size of job updated: 867912
	845  -  MemoryUsage of job (MB)
	865040  -  ResidentSetSize of job (KB)
...
006 (15556765.549.000) 10/21 06:16:06 Image size of job updated: 878884
	856  -  MemoryUsage of job (MB)
	876420  -  ResidentSetSize of job (KB)
...
006 (15556765.549.000) 10/21 06:21:07 Image size of job updated: 879772
	856  -  MemoryUsage of job (MB)
	876420  -  ResidentSetSize of job (KB)
...
006 (15556765.549.000) 10/21 06:26:07 Image size of job updated: 880208
	858  -  MemoryUsage of job (MB)
	878420  -  ResidentSetSize of job (KB)
...
040 (15556765.549.000) 10/21 06:26:07 Started transferring output files
...
040 (15556765.549.000) 10/21 06:26:07 Finished transferring output files
...
009 (15556765.549.000) 10/21 06:26:07 Job was aborted.
	Job removed by SYSTEM_PERIODIC_REMOVE due to wall time exceeded allowed max.
...
