000 (15556765.107.000) 10/21 05:59:05 Job submitted from host: <188.184.90.241:9618?addrs=188.184.90.241-9618+[2001-1458-201-e4--100-2eb]-9618&alias=bigbird15.cern.ch&noUDP&sock=schedd_25064_65d2>
...
040 (15556765.107.000) 10/21 06:00:23 Started transferring input files
	Transferring to host: <128.142.131.128:9618?addrs=128.142.131.128-9618+[2001-1458-301-59--100-74]-9618&alias=b9g11p3555.cern.ch&noUDP&sock=slot1_28_3047_a315_22814>
...
040 (15556765.107.000) 10/21 06:00:23 Finished transferring input files
...
001 (15556765.107.000) 10/21 06:00:24 Job executing on host: <128.142.131.128:9618?addrs=128.142.131.128-9618+[2001-1458-301-59--100-74]-9618&alias=b9g11p3555.cern.ch&noUDP&sock=startd_2723_547a>
	SlotName: slot1_28@b9g11p3555.cern.ch
	CondorScratchDir = "/pool/condor/dir_1273693"
	Cpus = 1
	Disk = 1753772
	Memory = 2000
...
006 (15556765.107.000) 10/21 06:00:32 Image size of job updated: 148812
	146  -  MemoryUsage of job (MB)
	148812  -  ResidentSetSize of job (KB)
...
006 (15556765.107.000) 10/21 06:05:32 Image size of job updated: 1027284
	1004  -  MemoryUsage of job (MB)
	1027284  -  ResidentSetSize of job (KB)
...
040 (15556765.107.000) 10/21 06:07:53 Started transferring output files
...
040 (15556765.107.000) 10/21 06:07:53 Finished transferring output files
...
005 (15556765.107.000) 10/21 06:07:53 Job terminated.
	(1) Normal termination (return value 0)
		Usr 0 00:06:22, Sys 0 00:00:09  -  Run Remote Usage
		Usr 0 00:00:00, Sys 0 00:00:00  -  Run Local Usage
		Usr 0 00:06:22, Sys 0 00:00:09  -  Total Remote Usage
		Usr 0 00:00:00, Sys 0 00:00:00  -  Total Local Usage
	5752  -  Run Bytes Sent By Job
	229  -  Run Bytes Received By Job
	5752  -  Total Bytes Sent By Job
	229  -  Total Bytes Received By Job
	Partitionable Resources :    Usage  Request Allocated 
	   Cpus                 :        0        1         1 
	   Disk (KB)            :       46        1   1753772 
	   Memory (MB)          :     1004     2000      2000 

	Job terminated of its own accord at 2024-10-21T04:07:53Z with exit-code 0.
...
000 (15556766.107.000) 10/21 07:29:12 Job submitted from host: <188.184.90.241:9618?addrs=188.184.90.241-9618+[2001-1458-201-e4--100-2eb]-9618&alias=bigbird15.cern.ch&noUDP&sock=schedd_25064_65d2>
...
040 (15556766.107.000) 10/21 07:30:34 Started transferring input files
	Transferring to host: <128.142.137.215:9618?addrs=128.142.137.215-9618+[2001-1458-301-5e--100-cb]-9618&alias=b9g19p7030.cern.ch&noUDP&sock=slot1_6_707864_f96a_63959>
...
040 (15556766.107.000) 10/21 07:30:34 Finished transferring input files
...
001 (15556766.107.000) 10/21 07:30:35 Job executing on host: <128.142.137.215:9618?addrs=128.142.137.215-9618+[2001-1458-301-5e--100-cb]-9618&alias=b9g19p7030.cern.ch&noUDP&sock=startd_2462_4e42>
	SlotName: slot1_6@b9g19p7030.cern.ch
	CondorScratchDir = "/pool/condor/dir_3363688"
	Cpus = 1
	Disk = 1748526
	Memory = 2000
...
006 (15556766.107.000) 10/21 07:30:44 Image size of job updated: 157908
	155  -  MemoryUsage of job (MB)
	157908  -  ResidentSetSize of job (KB)
...
006 (15556766.107.000) 10/21 07:35:45 Image size of job updated: 1026836
	1003  -  MemoryUsage of job (MB)
	1026836  -  ResidentSetSize of job (KB)
...
006 (15556766.107.000) 10/21 07:40:45 Image size of job updated: 1027208
	1004  -  MemoryUsage of job (MB)
	1027208  -  ResidentSetSize of job (KB)
...
040 (15556766.107.000) 10/21 07:50:47 Started transferring output files
...
040 (15556766.107.000) 10/21 07:50:47 Finished transferring output files
...
009 (15556766.107.000) 10/21 07:50:48 Job was aborted.
	Job removed by SYSTEM_PERIODIC_REMOVE due to wall time exceeded allowed max.
...
