000 (15556765.459.000) 10/21 05:59:06 Job submitted from host: <188.184.90.241:9618?addrs=188.184.90.241-9618+[2001-1458-201-e4--100-2eb]-9618&alias=bigbird15.cern.ch&noUDP&sock=schedd_25064_65d2>
...
040 (15556765.459.000) 10/21 06:05:24 Started transferring input files
	Transferring to host: <188.185.192.41:9618?addrs=188.185.192.41-9618+[2001-1458-303-1f--100-25]-9618&alias=b9p13p1507.cern.ch&noUDP&sock=slot1_12_2147233_a56e_61056>
...
040 (15556765.459.000) 10/21 06:05:24 Finished transferring input files
...
001 (15556765.459.000) 10/21 06:05:25 Job executing on host: <188.185.192.41:9618?addrs=188.185.192.41-9618+[2001-1458-303-1f--100-25]-9618&alias=b9p13p1507.cern.ch&noUDP&sock=startd_8410_2393>
	SlotName: slot1_12@b9p13p1507.cern.ch
	CondorScratchDir = "/pool/condor/dir_3670102"
	Cpus = 1
	Disk = 2879779
	Memory = 2000
...
006 (15556765.459.000) 10/21 06:05:34 Image size of job updated: 616800
	603  -  MemoryUsage of job (MB)
	616800  -  ResidentSetSize of job (KB)
...
006 (15556765.459.000) 10/21 06:10:35 Image size of job updated: 1771576
	1728  -  MemoryUsage of job (MB)
	1769084  -  ResidentSetSize of job (KB)
...
006 (15556765.459.000) 10/21 06:15:35 Image size of job updated: 1772464
	1728  -  MemoryUsage of job (MB)
	1769084  -  ResidentSetSize of job (KB)
...
040 (15556765.459.000) 10/21 06:17:31 Started transferring output files
...
040 (15556765.459.000) 10/21 06:17:31 Finished transferring output files
...
005 (15556765.459.000) 10/21 06:17:31 Job terminated.
	(1) Normal termination (return value 0)
		Usr 0 00:08:37, Sys 0 00:00:07  -  Run Remote Usage
		Usr 0 00:00:00, Sys 0 00:00:00  -  Run Local Usage
		Usr 0 00:08:37, Sys 0 00:00:07  -  Total Remote Usage
		Usr 0 00:00:00, Sys 0 00:00:00  -  Total Local Usage
	14900  -  Run Bytes Sent By Job
	229  -  Run Bytes Received By Job
	14900  -  Total Bytes Sent By Job
	229  -  Total Bytes Received By Job
	Partitionable Resources :    Usage  Request Allocated 
	   Cpus                 :     0.91        1         1 
	   Disk (KB)            :    56           1   2879779 
	   Memory (MB)          :  1728        2000      2000 

	Job terminated of its own accord at 2024-10-21T04:17:31Z with exit-code 0.
...
