000 (15556765.381.000) 10/21 05:59:06 Job submitted from host: <188.184.90.241:9618?addrs=188.184.90.241-9618+[2001-1458-201-e4--100-2eb]-9618&alias=bigbird15.cern.ch&noUDP&sock=schedd_25064_65d2>
...
040 (15556765.381.000) 10/21 06:02:01 Started transferring input files
	Transferring to host: <188.185.205.180:9618?addrs=188.185.205.180-9618+[2001-1458-303-a--100-31]-9618&alias=b9p04p8901.cern.ch&noUDP&sock=slot1_26_3676_d30f_188242>
...
040 (15556765.381.000) 10/21 06:02:01 Finished transferring input files
...
001 (15556765.381.000) 10/21 06:02:02 Job executing on host: <188.185.205.180:9618?addrs=188.185.205.180-9618+[2001-1458-303-a--100-31]-9618&alias=b9p04p8901.cern.ch&noUDP&sock=startd_3327_9fad>
	SlotName: slot1_26@b9p04p8901.cern.ch
	CondorScratchDir = "/pool/condor/dir_4129591"
	Cpus = 1
	Disk = 2604565
	Memory = 2000
...
006 (15556765.381.000) 10/21 06:02:11 Image size of job updated: 149940
	146  -  MemoryUsage of job (MB)
	149224  -  ResidentSetSize of job (KB)
...
006 (15556765.381.000) 10/21 06:07:12 Image size of job updated: 756356
	737  -  MemoryUsage of job (MB)
	753908  -  ResidentSetSize of job (KB)
...
006 (15556765.381.000) 10/21 06:08:42 Image size of job updated: 758292
	737  -  MemoryUsage of job (MB)
	753908  -  ResidentSetSize of job (KB)
...
040 (15556765.381.000) 10/21 06:08:42 Started transferring output files
...
040 (15556765.381.000) 10/21 06:08:42 Finished transferring output files
...
005 (15556765.381.000) 10/21 06:08:42 Job terminated.
	(1) Normal termination (return value 0)
		Usr 0 00:05:29, Sys 0 00:00:08  -  Run Remote Usage
		Usr 0 00:00:00, Sys 0 00:00:00  -  Run Local Usage
		Usr 0 00:05:29, Sys 0 00:00:08  -  Total Remote Usage
		Usr 0 00:00:00, Sys 0 00:00:00  -  Total Local Usage
	13544  -  Run Bytes Sent By Job
	229  -  Run Bytes Received By Job
	13544  -  Total Bytes Sent By Job
	229  -  Total Bytes Received By Job
	Partitionable Resources :    Usage  Request Allocated 
	   Cpus                 :     0.86        1         1 
	   Disk (KB)            :    55           1   2604565 
	   Memory (MB)          :   737        2000      2000 

	Job terminated of its own accord at 2024-10-21T04:08:42Z with exit-code 0.
...
