000 (15556765.338.000) 10/21 05:59:06 Job submitted from host: <188.184.90.241:9618?addrs=188.184.90.241-9618+[2001-1458-201-e4--100-2eb]-9618&alias=bigbird15.cern.ch&noUDP&sock=schedd_25064_65d2>
...
040 (15556765.338.000) 10/21 06:01:46 Started transferring input files
	Transferring to host: <188.185.192.13:9618?addrs=188.185.192.13-9618+[2001-1458-303-1f--100-9]-9618&alias=b9p13p4484.cern.ch&noUDP&sock=slot1_30_8014_567f_26595>
...
040 (15556765.338.000) 10/21 06:01:46 Finished transferring input files
...
001 (15556765.338.000) 10/21 06:01:47 Job executing on host: <188.185.192.13:9618?addrs=188.185.192.13-9618+[2001-1458-303-1f--100-9]-9618&alias=b9p13p4484.cern.ch&noUDP&sock=startd_6732_2ba8>
	SlotName: slot1_30@b9p13p4484.cern.ch
	CondorScratchDir = "/pool/condor/dir_3238777"
	Cpus = 1
	Disk = 2918841
	Memory = 2000
...
006 (15556765.338.000) 10/21 06:01:56 Image size of job updated: 24716
	24  -  MemoryUsage of job (MB)
	23984  -  ResidentSetSize of job (KB)
...
006 (15556765.338.000) 10/21 06:06:57 Image size of job updated: 1843812
	1797  -  MemoryUsage of job (MB)
	1840068  -  ResidentSetSize of job (KB)
...
006 (15556765.338.000) 10/21 06:11:43 Image size of job updated: 1846468
	1797  -  MemoryUsage of job (MB)
	1840068  -  ResidentSetSize of job (KB)
...
040 (15556765.338.000) 10/21 06:11:43 Started transferring output files
...
040 (15556765.338.000) 10/21 06:11:43 Finished transferring output files
...
005 (15556765.338.000) 10/21 06:11:43 Job terminated.
	(1) Normal termination (return value 0)
		Usr 0 00:08:10, Sys 0 00:00:08  -  Run Remote Usage
		Usr 0 00:00:00, Sys 0 00:00:00  -  Run Local Usage
		Usr 0 00:08:10, Sys 0 00:00:08  -  Total Remote Usage
		Usr 0 00:00:00, Sys 0 00:00:00  -  Total Local Usage
	14192  -  Run Bytes Sent By Job
	229  -  Run Bytes Received By Job
	14192  -  Total Bytes Sent By Job
	229  -  Total Bytes Received By Job
	Partitionable Resources :    Usage  Request Allocated 
	   Cpus                 :     0.91        1         1 
	   Disk (KB)            :    55           1   2918841 
	   Memory (MB)          :  1797        2000      2000 

	Job terminated of its own accord at 2024-10-21T04:11:43Z with exit-code 0.
...
