000 (15556765.021.000) 10/21 05:59:05 Job submitted from host: <188.184.90.241:9618?addrs=188.184.90.241-9618+[2001-1458-201-e4--100-2eb]-9618&alias=bigbird15.cern.ch&noUDP&sock=schedd_25064_65d2>
...
040 (15556765.021.000) 10/21 05:59:54 Started transferring input files
	Transferring to host: <128.142.52.8:9618?addrs=128.142.52.8-9618+[2001-1458-301-1b--100-5]-9618&alias=b9g02p7484.cern.ch&noUDP&sock=slot1_29_4044410_782a_31782>
...
040 (15556765.021.000) 10/21 05:59:54 Finished transferring input files
...
001 (15556765.021.000) 10/21 05:59:55 Job executing on host: <128.142.52.8:9618?addrs=128.142.52.8-9618+[2001-1458-301-1b--100-5]-9618&alias=b9g02p7484.cern.ch&noUDP&sock=startd_7074_c10b>
	SlotName: slot1_29@b9g02p7484.cern.ch
	CondorScratchDir = "/pool/condor/dir_2370456"
	Cpus = 1
	Disk = 2921966
	Memory = 2000
...
006 (15556765.021.000) 10/21 06:00:04 Image size of job updated: 281116
	275  -  MemoryUsage of job (MB)
	281104  -  ResidentSetSize of job (KB)
...
006 (15556765.021.000) 10/21 06:02:55 Image size of job updated: 1245764
	279  -  MemoryUsage of job (MB)
	284724  -  ResidentSetSize of job (KB)
...
040 (15556765.021.000) 10/21 06:02:55 Started transferring output files
...
040 (15556765.021.000) 10/21 06:02:55 Finished transferring output files
...
005 (15556765.021.000) 10/21 06:02:57 Job terminated.
	(1) Normal termination (return value 0)
		Usr 0 00:02:41, Sys 0 00:00:05  -  Run Remote Usage
		Usr 0 00:00:00, Sys 0 00:00:00  -  Run Local Usage
		Usr 0 00:02:41, Sys 0 00:00:05  -  Total Remote Usage
		Usr 0 00:00:00, Sys 0 00:00:00  -  Total Local Usage
	2676  -  Run Bytes Sent By Job
	229  -  Run Bytes Received By Job
	2676  -  Total Bytes Sent By Job
	229  -  Total Bytes Received By Job
	Partitionable Resources :    Usage  Request Allocated 
	   Cpus                 :        0        1         1 
	   Disk (KB)            :       44        1   2921966 
	   Memory (MB)          :      279     2000      2000 

	Job terminated of its own accord at 2024-10-21T04:02:55Z with exit-code 0.
...
000 (15556766.021.000) 10/21 07:29:07 Job submitted from host: <188.184.90.241:9618?addrs=188.184.90.241-9618+[2001-1458-201-e4--100-2eb]-9618&alias=bigbird15.cern.ch&noUDP&sock=schedd_25064_65d2>
...
040 (15556766.021.000) 10/21 07:30:03 Started transferring input files
	Transferring to host: <188.185.193.82:9618?addrs=188.185.193.82-9618+[2001-1458-303-20--100-4e]-9618&alias=b9p19p3381.cern.ch&noUDP&sock=slot1_1_3988968_909b_8120>
...
040 (15556766.021.000) 10/21 07:30:03 Finished transferring input files
...
001 (15556766.021.000) 10/21 07:30:04 Job executing on host: <188.185.193.82:9618?addrs=188.185.193.82-9618+[2001-1458-303-20--100-4e]-9618&alias=b9p19p3381.cern.ch&noUDP&sock=startd_128501_9383>
	SlotName: slot1_1@b9p19p3381.cern.ch
	CondorScratchDir = "/pool/condor/dir_3070846"
	Cpus = 1
	Disk = 2978697
	Memory = 2000
...
006 (15556766.021.000) 10/21 07:30:12 Image size of job updated: 2352
	2  -  MemoryUsage of job (MB)
	1772  -  ResidentSetSize of job (KB)
...
006 (15556766.021.000) 10/21 07:35:12 Image size of job updated: 783208
	762  -  MemoryUsage of job (MB)
	780212  -  ResidentSetSize of job (KB)
...
006 (15556766.021.000) 10/21 07:40:13 Image size of job updated: 797268
	777  -  MemoryUsage of job (MB)
	794688  -  ResidentSetSize of job (KB)
...
006 (15556766.021.000) 10/21 07:45:14 Image size of job updated: 797856
	777  -  MemoryUsage of job (MB)
	794688  -  ResidentSetSize of job (KB)
...
040 (15556766.021.000) 10/21 07:50:14 Started transferring output files
...
040 (15556766.021.000) 10/21 07:50:14 Finished transferring output files
...
009 (15556766.021.000) 10/21 07:50:14 Job was aborted.
	Job removed by SYSTEM_PERIODIC_REMOVE due to wall time exceeded allowed max.
...
