000 (15556765.198.000) 10/21 05:59:05 Job submitted from host: <188.184.90.241:9618?addrs=188.184.90.241-9618+[2001-1458-201-e4--100-2eb]-9618&alias=bigbird15.cern.ch&noUDP&sock=schedd_25064_65d2>
...
040 (15556765.198.000) 10/21 06:00:53 Started transferring input files
	Transferring to host: <188.185.205.135:9618?addrs=188.185.205.135-9618+[2001-1458-303-a--100-4]-9618&alias=b9p04p1020.cern.ch&noUDP&sock=slot1_10_3740_eb11_81471>
...
040 (15556765.198.000) 10/21 06:00:53 Finished transferring input files
...
001 (15556765.198.000) 10/21 06:00:55 Job executing on host: <188.185.205.135:9618?addrs=188.185.205.135-9618+[2001-1458-303-a--100-4]-9618&alias=b9p04p1020.cern.ch&noUDP&sock=startd_3627_6617>
	SlotName: slot1_10@b9p04p1020.cern.ch
	CondorScratchDir = "/pool/condor/dir_1640905"
	Cpus = 1
	Disk = 2687217
	Memory = 2000
...
006 (15556765.198.000) 10/21 06:01:04 Image size of job updated: 688744
	673  -  MemoryUsage of job (MB)
	688740  -  ResidentSetSize of job (KB)
...
006 (15556765.198.000) 10/21 06:06:05 Image size of job updated: 2077648
	2029  -  MemoryUsage of job (MB)
	2076712  -  ResidentSetSize of job (KB)
...
006 (15556765.198.000) 10/21 06:11:05 Image size of job updated: 2080040
	2029  -  MemoryUsage of job (MB)
	2076792  -  ResidentSetSize of job (KB)
...
006 (15556765.198.000) 10/21 06:16:05 Image size of job updated: 2080040
	2029  -  MemoryUsage of job (MB)
	2076980  -  ResidentSetSize of job (KB)
...
006 (15556765.198.000) 10/21 06:21:05 Image size of job updated: 2080384
	2029  -  MemoryUsage of job (MB)
	2076980  -  ResidentSetSize of job (KB)
...
040 (15556765.198.000) 10/21 06:21:05 Started transferring output files
...
040 (15556765.198.000) 10/21 06:21:05 Finished transferring output files
...
009 (15556765.198.000) 10/21 06:21:05 Job was aborted.
	Job removed by SYSTEM_PERIODIC_REMOVE due to wall time exceeded allowed max.
...
