000 (15556765.080.000) 10/21 05:59:05 Job submitted from host: <188.184.90.241:9618?addrs=188.184.90.241-9618+[2001-1458-201-e4--100-2eb]-9618&alias=bigbird15.cern.ch&noUDP&sock=schedd_25064_65d2>
...
040 (15556765.080.000) 10/21 06:00:14 Started transferring input files
	Transferring to host: <128.142.192.149:9618?addrs=128.142.192.149-9618+[2001-1458-301-56--100-11]-9618&alias=b9g18p4214.cern.ch&noUDP&sock=slot1_8_4343_c94a_63560>
...
040 (15556765.080.000) 10/21 06:00:14 Finished transferring input files
...
001 (15556765.080.000) 10/21 06:00:15 Job executing on host: <128.142.192.149:9618?addrs=128.142.192.149-9618+[2001-1458-301-56--100-11]-9618&alias=b9g18p4214.cern.ch&noUDP&sock=startd_3215_cd12>
	SlotName: slot1_8@b9g18p4214.cern.ch
	CondorScratchDir = "/pool/condor/dir_441078"
	Cpus = 1
	Disk = 2842292
	Memory = 2000
...
006 (15556765.080.000) 10/21 06:00:23 Image size of job updated: 149248
	145  -  MemoryUsage of job (MB)
	148340  -  ResidentSetSize of job (KB)
...
006 (15556765.080.000) 10/21 06:05:23 Image size of job updated: 1001728
	974  -  MemoryUsage of job (MB)
	996856  -  ResidentSetSize of job (KB)
...
006 (15556765.080.000) 10/21 06:10:23 Image size of job updated: 1001728
	974  -  MemoryUsage of job (MB)
	996992  -  ResidentSetSize of job (KB)
...
006 (15556765.080.000) 10/21 06:15:24 Image size of job updated: 1003624
	975  -  MemoryUsage of job (MB)
	997580  -  ResidentSetSize of job (KB)
...
040 (15556765.080.000) 10/21 06:19:39 Started transferring output files
...
040 (15556765.080.000) 10/21 06:19:39 Finished transferring output files
...
005 (15556765.080.000) 10/21 06:19:39 Job terminated.
	(1) Normal termination (return value 0)
		Usr 0 00:17:39, Sys 0 00:00:15  -  Run Remote Usage
		Usr 0 00:00:00, Sys 0 00:00:00  -  Run Local Usage
		Usr 0 00:17:39, Sys 0 00:00:15  -  Total Remote Usage
		Usr 0 00:00:00, Sys 0 00:00:00  -  Total Local Usage
	15399  -  Run Bytes Sent By Job
	229  -  Run Bytes Received By Job
	15399  -  Total Bytes Sent By Job
	229  -  Total Bytes Received By Job
	Partitionable Resources :    Usage  Request Allocated 
	   Cpus                 :     0.96        1         1 
	   Disk (KB)            :    56           1   2842292 
	   Memory (MB)          :   975        2000      2000 

	Job terminated of its own accord at 2024-10-21T04:19:39Z with exit-code 0.
...
000 (15556766.080.000) 10/21 07:29:11 Job submitted from host: <188.184.90.241:9618?addrs=188.184.90.241-9618+[2001-1458-201-e4--100-2eb]-9618&alias=bigbird15.cern.ch&noUDP&sock=schedd_25064_65d2>
...
040 (15556766.080.000) 10/21 07:30:23 Started transferring input files
	Transferring to host: <128.142.192.172:9618?addrs=128.142.192.172-9618+[2001-1458-301-56--100-28]-9618&alias=b9g18p0729.cern.ch&noUDP&sock=slot1_7_4627_e3d5_4174>
...
040 (15556766.080.000) 10/21 07:30:23 Finished transferring input files
...
001 (15556766.080.000) 10/21 07:30:24 Job executing on host: <128.142.192.172:9618?addrs=128.142.192.172-9618+[2001-1458-301-56--100-28]-9618&alias=b9g18p0729.cern.ch&noUDP&sock=startd_3683_cf65>
	SlotName: slot1_7@b9g18p0729.cern.ch
	CondorScratchDir = "/pool/condor/dir_2756867"
	Cpus = 1
	Disk = 3728
	GPUs = 0
	Memory = 2000
...
006 (15556766.080.000) 10/21 07:30:32 Image size of job updated: 549892
	538  -  MemoryUsage of job (MB)
	549892  -  ResidentSetSize of job (KB)
...
006 (15556766.080.000) 10/21 07:35:32 Image size of job updated: 1912384
	1868  -  MemoryUsage of job (MB)
	1912384  -  ResidentSetSize of job (KB)
...
006 (15556766.080.000) 10/21 07:40:32 Image size of job updated: 1912528
	1868  -  MemoryUsage of job (MB)
	1912528  -  ResidentSetSize of job (KB)
...
040 (15556766.080.000) 10/21 07:50:33 Started transferring output files
...
040 (15556766.080.000) 10/21 07:50:33 Finished transferring output files
...
009 (15556766.080.000) 10/21 07:50:33 Job was aborted.
	Job removed by SYSTEM_PERIODIC_REMOVE due to wall time exceeded allowed max.
...
