000 (15556765.220.000) 10/21 05:59:05 Job submitted from host: <188.184.90.241:9618?addrs=188.184.90.241-9618+[2001-1458-201-e4--100-2eb]-9618&alias=bigbird15.cern.ch&noUDP&sock=schedd_25064_65d2>
...
040 (15556765.220.000) 10/21 06:01:01 Started transferring input files
	Transferring to host: <188.185.210.148:9618?addrs=188.185.210.148-9618+[2001-1458-303-15--100-10]-9618&alias=b9p22p2244.cern.ch&noUDP&sock=slot1_12_5528_b9da_72847>
...
040 (15556765.220.000) 10/21 06:01:01 Finished transferring input files
...
001 (15556765.220.000) 10/21 06:01:02 Job executing on host: <188.185.210.148:9618?addrs=188.185.210.148-9618+[2001-1458-303-15--100-10]-9618&alias=b9p22p2244.cern.ch&noUDP&sock=startd_4707_305f>
	SlotName: slot1_12@b9p22p2244.cern.ch
	CondorScratchDir = "/pool/condor/dir_2749235"
	Cpus = 1
	Disk = 2741861
	Memory = 2000
...
006 (15556765.220.000) 10/21 06:01:11 Image size of job updated: 147272
	144  -  MemoryUsage of job (MB)
	147152  -  ResidentSetSize of job (KB)
...
006 (15556765.220.000) 10/21 06:06:11 Image size of job updated: 963652
	940  -  MemoryUsage of job (MB)
	962208  -  ResidentSetSize of job (KB)
...
006 (15556765.220.000) 10/21 06:11:11 Image size of job updated: 964032
	940  -  MemoryUsage of job (MB)
	962236  -  ResidentSetSize of job (KB)
...
006 (15556765.220.000) 10/21 06:16:12 Image size of job updated: 965688
	941  -  MemoryUsage of job (MB)
	962564  -  ResidentSetSize of job (KB)
...
006 (15556765.220.000) 10/21 06:21:12 Image size of job updated: 967148
	941  -  MemoryUsage of job (MB)
	962564  -  ResidentSetSize of job (KB)
...
040 (15556765.220.000) 10/21 06:21:12 Started transferring output files
...
040 (15556765.220.000) 10/21 06:21:12 Finished transferring output files
...
009 (15556765.220.000) 10/21 06:21:12 Job was aborted.
	Job removed by SYSTEM_PERIODIC_REMOVE due to wall time exceeded allowed max.
...
