000 (15556765.560.000) 10/21 05:59:06 Job submitted from host: <188.184.90.241:9618?addrs=188.184.90.241-9618+[2001-1458-201-e4--100-2eb]-9618&alias=bigbird15.cern.ch&noUDP&sock=schedd_25064_65d2>
...
040 (15556765.560.000) 10/21 06:06:00 Started transferring input files
	Transferring to host: <188.185.205.11:9618?addrs=188.185.205.11-9618+[2001-1458-303-9--100-7b]-9618&alias=b9p03p0214.cern.ch&noUDP&sock=slot1_23_8783_2afe_27640>
...
040 (15556765.560.000) 10/21 06:06:00 Finished transferring input files
...
001 (15556765.560.000) 10/21 06:06:01 Job executing on host: <188.185.205.11:9618?addrs=188.185.205.11-9618+[2001-1458-303-9--100-7b]-9618&alias=b9p03p0214.cern.ch&noUDP&sock=startd_7430_f0c2>
	SlotName: slot1_23@b9p03p0214.cern.ch
	CondorScratchDir = "/pool/condor/dir_907599"
	Cpus = 1
	Disk = 2495065
	Memory = 2000
...
006 (15556765.560.000) 10/21 06:06:09 Image size of job updated: 628824
	615  -  MemoryUsage of job (MB)
	628808  -  ResidentSetSize of job (KB)
...
006 (15556765.560.000) 10/21 06:11:09 Image size of job updated: 1726712
	1683  -  MemoryUsage of job (MB)
	1723152  -  ResidentSetSize of job (KB)
...
006 (15556765.560.000) 10/21 06:16:09 Image size of job updated: 1738232
	1695  -  MemoryUsage of job (MB)
	1734880  -  ResidentSetSize of job (KB)
...
040 (15556765.560.000) 10/21 06:19:32 Started transferring output files
...
040 (15556765.560.000) 10/21 06:19:32 Finished transferring output files
...
005 (15556765.560.000) 10/21 06:19:32 Job terminated.
	(1) Normal termination (return value 0)
		Usr 0 00:09:49, Sys 0 00:00:07  -  Run Remote Usage
		Usr 0 00:00:00, Sys 0 00:00:00  -  Run Local Usage
		Usr 0 00:09:49, Sys 0 00:00:07  -  Total Remote Usage
		Usr 0 00:00:00, Sys 0 00:00:00  -  Total Local Usage
	27657  -  Run Bytes Sent By Job
	229  -  Run Bytes Received By Job
	27657  -  Total Bytes Sent By Job
	229  -  Total Bytes Received By Job
	Partitionable Resources :    Usage  Request Allocated 
	   Cpus                 :     0.89        1         1 
	   Disk (KB)            :    71           1   2495065 
	   Memory (MB)          :  1695        2000      2000 

	Job terminated of its own accord at 2024-10-21T04:19:32Z with exit-code 0.
...
