000 (15556765.498.000) 10/21 05:59:06 Job submitted from host: <188.184.90.241:9618?addrs=188.184.90.241-9618+[2001-1458-201-e4--100-2eb]-9618&alias=bigbird15.cern.ch&noUDP&sock=schedd_25064_65d2>
...
040 (15556765.498.000) 10/21 06:05:38 Started transferring input files
	Transferring to host: <128.142.51.214:9618?addrs=128.142.51.214-9618+[2001-1458-301-3--100-13]-9618&alias=b9g02p5039.cern.ch&noUDP&sock=slot1_23_3654644_1000_8279>
...
040 (15556765.498.000) 10/21 06:05:38 Finished transferring input files
...
001 (15556765.498.000) 10/21 06:05:39 Job executing on host: <128.142.51.214:9618?addrs=128.142.51.214-9618+[2001-1458-301-3--100-13]-9618&alias=b9g02p5039.cern.ch&noUDP&sock=startd_5762_d4ca>
	SlotName: slot1_23@b9g02p5039.cern.ch
	CondorScratchDir = "/pool/condor/dir_2760850"
	Cpus = 1
	Disk = 3015004
	Memory = 2000
...
006 (15556765.498.000) 10/21 06:05:47 Image size of job updated: 154008
	151  -  MemoryUsage of job (MB)
	153764  -  ResidentSetSize of job (KB)
...
006 (15556765.498.000) 10/21 06:10:47 Image size of job updated: 769020
	749  -  MemoryUsage of job (MB)
	766972  -  ResidentSetSize of job (KB)
...
006 (15556765.498.000) 10/21 06:13:27 Image size of job updated: 769060
	749  -  MemoryUsage of job (MB)
	766972  -  ResidentSetSize of job (KB)
...
040 (15556765.498.000) 10/21 06:13:27 Started transferring output files
...
040 (15556765.498.000) 10/21 06:13:27 Finished transferring output files
...
005 (15556765.498.000) 10/21 06:13:27 Job terminated.
	(1) Normal termination (return value 0)
		Usr 0 00:06:00, Sys 0 00:00:05  -  Run Remote Usage
		Usr 0 00:00:00, Sys 0 00:00:00  -  Run Local Usage
		Usr 0 00:06:00, Sys 0 00:00:05  -  Total Remote Usage
		Usr 0 00:00:00, Sys 0 00:00:00  -  Total Local Usage
	13836  -  Run Bytes Sent By Job
	229  -  Run Bytes Received By Job
	13836  -  Total Bytes Sent By Job
	229  -  Total Bytes Received By Job
	Partitionable Resources :    Usage  Request Allocated 
	   Cpus                 :     0.41        1         1 
	   Disk (KB)            :    55           1   3015004 
	   Memory (MB)          :   749        2000      2000 

	Job terminated of its own accord at 2024-10-21T04:13:27Z with exit-code 0.
...
