000 (15556765.524.000) 10/21 05:59:06 Job submitted from host: <188.184.90.241:9618?addrs=188.184.90.241-9618+[2001-1458-201-e4--100-2eb]-9618&alias=bigbird15.cern.ch&noUDP&sock=schedd_25064_65d2>
...
040 (15556765.524.000) 10/21 06:05:46 Started transferring input files
	Transferring to host: <188.185.194.109:9618?addrs=188.185.194.109-9618+[2001-1458-303-21--100-69]-9618&alias=b9p20p9012.cern.ch&noUDP&sock=slot1_14_4125525_532c_53896>
...
040 (15556765.524.000) 10/21 06:05:46 Finished transferring input files
...
001 (15556765.524.000) 10/21 06:05:47 Job executing on host: <188.185.194.109:9618?addrs=188.185.194.109-9618+[2001-1458-303-21--100-69]-9618&alias=b9p20p9012.cern.ch&noUDP&sock=startd_128207_eaab>
	SlotName: slot1_14@b9p20p9012.cern.ch
	CondorScratchDir = "/pool/condor/dir_2921540"
	Cpus = 1
	Disk = 3069322
	Memory = 2000
...
006 (15556765.524.000) 10/21 06:05:56 Image size of job updated: 2396
	2  -  MemoryUsage of job (MB)
	1956  -  ResidentSetSize of job (KB)
...
006 (15556765.524.000) 10/21 06:10:46 Image size of job updated: 760196
	15  -  MemoryUsage of job (MB)
	15136  -  ResidentSetSize of job (KB)
...
040 (15556765.524.000) 10/21 06:10:46 Started transferring output files
...
040 (15556765.524.000) 10/21 06:10:46 Finished transferring output files
...
005 (15556765.524.000) 10/21 06:10:47 Job terminated.
	(1) Normal termination (return value 0)
		Usr 0 00:03:44, Sys 0 00:00:05  -  Run Remote Usage
		Usr 0 00:00:00, Sys 0 00:00:00  -  Run Local Usage
		Usr 0 00:03:44, Sys 0 00:00:05  -  Total Remote Usage
		Usr 0 00:00:00, Sys 0 00:00:00  -  Total Local Usage
	7033  -  Run Bytes Sent By Job
	229  -  Run Bytes Received By Job
	7033  -  Total Bytes Sent By Job
	229  -  Total Bytes Received By Job
	Partitionable Resources :    Usage  Request Allocated 
	   Cpus                 :     0.89        1         1 
	   Disk (KB)            :    48           1   3069322 
	   Memory (MB)          :    15        2000      2000 

	Job terminated of its own accord at 2024-10-21T04:10:46Z with exit-code 0.
...
