000 (15556765.222.000) 10/21 05:59:05 Job submitted from host: <188.184.90.241:9618?addrs=188.184.90.241-9618+[2001-1458-201-e4--100-2eb]-9618&alias=bigbird15.cern.ch&noUDP&sock=schedd_25064_65d2>
...
040 (15556765.222.000) 10/21 06:01:03 Started transferring input files
	Transferring to host: <188.185.213.182:9618?addrs=188.185.213.182-9618+[2001-1458-303-1b--100-32]-9618&alias=b9p28p3646.cern.ch&noUDP&sock=slot1_14_4652_8136_5238>
...
040 (15556765.222.000) 10/21 06:01:03 Finished transferring input files
...
001 (15556765.222.000) 10/21 06:01:04 Job executing on host: <188.185.213.182:9618?addrs=188.185.213.182-9618+[2001-1458-303-1b--100-32]-9618&alias=b9p28p3646.cern.ch&noUDP&sock=startd_3812_4b1c>
	SlotName: slot1_14@b9p28p3646.cern.ch
	CondorScratchDir = "/pool/condor/dir_3256902"
	Cpus = 1
	Disk = 3785
	GPUs = 0
	Memory = 2000
...
006 (15556765.222.000) 10/21 06:01:13 Image size of job updated: 157356
	154  -  MemoryUsage of job (MB)
	157356  -  ResidentSetSize of job (KB)
...
006 (15556765.222.000) 10/21 06:06:14 Image size of job updated: 959304
	937  -  MemoryUsage of job (MB)
	959304  -  ResidentSetSize of job (KB)
...
006 (15556765.222.000) 10/21 06:21:15 Image size of job updated: 959360
	937  -  MemoryUsage of job (MB)
	959360  -  ResidentSetSize of job (KB)
...
040 (15556765.222.000) 10/21 06:21:15 Started transferring output files
...
040 (15556765.222.000) 10/21 06:21:15 Finished transferring output files
...
009 (15556765.222.000) 10/21 06:21:15 Job was aborted.
	Job removed by SYSTEM_PERIODIC_REMOVE due to wall time exceeded allowed max.
...
