000 (15556765.181.000) 10/21 05:59:05 Job submitted from host: <188.184.90.241:9618?addrs=188.184.90.241-9618+[2001-1458-201-e4--100-2eb]-9618&alias=bigbird15.cern.ch&noUDP&sock=schedd_25064_65d2>
...
040 (15556765.181.000) 10/21 06:00:48 Started transferring input files
	Transferring to host: <188.185.208.180:9618?addrs=188.185.208.180-9618+[2001-1458-303-10--100-31]-9618&alias=b9p10p0918.cern.ch&noUDP&sock=slot1_6_5450_c497_28964>
...
040 (15556765.181.000) 10/21 06:00:48 Finished transferring input files
...
001 (15556765.181.000) 10/21 06:00:49 Job executing on host: <188.185.208.180:9618?addrs=188.185.208.180-9618+[2001-1458-303-10--100-31]-9618&alias=b9p10p0918.cern.ch&noUDP&sock=startd_4554_3e62>
	SlotName: slot1_6@b9p10p0918.cern.ch
	CondorScratchDir = "/pool/condor/dir_2393632"
	Cpus = 1
	Disk = 2760645
	Memory = 2000
...
006 (15556765.181.000) 10/21 06:00:57 Image size of job updated: 658172
	643  -  MemoryUsage of job (MB)
	657812  -  ResidentSetSize of job (KB)
...
006 (15556765.181.000) 10/21 06:03:14 Image size of job updated: 1965276
	982  -  MemoryUsage of job (MB)
	1005244  -  ResidentSetSize of job (KB)
...
040 (15556765.181.000) 10/21 06:03:14 Started transferring output files
...
040 (15556765.181.000) 10/21 06:03:14 Finished transferring output files
...
005 (15556765.181.000) 10/21 06:03:15 Job terminated.
	(1) Normal termination (return value 0)
		Usr 0 00:02:01, Sys 0 00:00:08  -  Run Remote Usage
		Usr 0 00:00:00, Sys 0 00:00:00  -  Run Local Usage
		Usr 0 00:02:01, Sys 0 00:00:08  -  Total Remote Usage
		Usr 0 00:00:00, Sys 0 00:00:00  -  Total Local Usage
	2918  -  Run Bytes Sent By Job
	229  -  Run Bytes Received By Job
	2918  -  Total Bytes Sent By Job
	229  -  Total Bytes Received By Job
	Partitionable Resources :    Usage  Request Allocated 
	   Cpus                 :        0        1         1 
	   Disk (KB)            :       44        1   2760645 
	   Memory (MB)          :      982     2000      2000 

	Job terminated of its own accord at 2024-10-21T04:03:14Z with exit-code 0.
...
