000 (15556765.143.000) 10/21 05:59:05 Job submitted from host: <188.184.90.241:9618?addrs=188.184.90.241-9618+[2001-1458-201-e4--100-2eb]-9618&alias=bigbird15.cern.ch&noUDP&sock=schedd_25064_65d2>
...
040 (15556765.143.000) 10/21 06:00:34 Started transferring input files
	Transferring to host: <188.185.198.118:9618?addrs=188.185.198.118-9618+[2001-1458-303-25--100-72]-9618&alias=b9p15p7770.cern.ch&noUDP&sock=slot1_13_10789_9390_81603>
...
040 (15556765.143.000) 10/21 06:00:34 Finished transferring input files
...
001 (15556765.143.000) 10/21 06:00:35 Job executing on host: <188.185.198.118:9618?addrs=188.185.198.118-9618+[2001-1458-303-25--100-72]-9618&alias=b9p15p7770.cern.ch&noUDP&sock=startd_10428_51b1>
	SlotName: slot1_13@b9p15p7770.cern.ch
	CondorScratchDir = "/pool/condor/dir_586990"
	Cpus = 1
	Disk = 2933325
	Memory = 2000
...
006 (15556765.143.000) 10/21 06:00:44 Image size of job updated: 245312
	240  -  MemoryUsage of job (MB)
	245008  -  ResidentSetSize of job (KB)
...
006 (15556765.143.000) 10/21 06:05:45 Image size of job updated: 1127704
	1100  -  MemoryUsage of job (MB)
	1125676  -  ResidentSetSize of job (KB)
...
006 (15556765.143.000) 10/21 06:06:49 Image size of job updated: 1158144
	1100  -  MemoryUsage of job (MB)
	1125676  -  ResidentSetSize of job (KB)
...
040 (15556765.143.000) 10/21 06:06:49 Started transferring output files
...
040 (15556765.143.000) 10/21 06:06:49 Finished transferring output files
...
005 (15556765.143.000) 10/21 06:06:49 Job terminated.
	(1) Normal termination (return value 0)
		Usr 0 00:02:57, Sys 0 00:00:08  -  Run Remote Usage
		Usr 0 00:00:00, Sys 0 00:00:00  -  Run Local Usage
		Usr 0 00:02:57, Sys 0 00:00:08  -  Total Remote Usage
		Usr 0 00:00:00, Sys 0 00:00:00  -  Total Local Usage
	3770  -  Run Bytes Sent By Job
	229  -  Run Bytes Received By Job
	3770  -  Total Bytes Sent By Job
	229  -  Total Bytes Received By Job
	Partitionable Resources :    Usage  Request Allocated 
	   Cpus                 :        0        1         1 
	   Disk (KB)            :       45        1   2933325 
	   Memory (MB)          :     1100     2000      2000 

	Job terminated of its own accord at 2024-10-21T04:06:49Z with exit-code 0.
...
