000 (15556765.366.000) 10/21 05:59:06 Job submitted from host: <188.184.90.241:9618?addrs=188.184.90.241-9618+[2001-1458-201-e4--100-2eb]-9618&alias=bigbird15.cern.ch&noUDP&sock=schedd_25064_65d2>
...
040 (15556765.366.000) 10/21 06:01:56 Started transferring input files
	Transferring to host: <128.142.130.28:9618?addrs=128.142.130.28-9618+[2001-1458-301-58--100-10]-9618&alias=b9g20p9802.cern.ch&noUDP&sock=slot1_14_1030062_9cd8_180798>
...
040 (15556765.366.000) 10/21 06:01:56 Finished transferring input files
...
001 (15556765.366.000) 10/21 06:01:57 Job executing on host: <128.142.130.28:9618?addrs=128.142.130.28-9618+[2001-1458-301-58--100-10]-9618&alias=b9g20p9802.cern.ch&noUDP&sock=startd_136120_9395>
	SlotName: slot1_14@b9g20p9802.cern.ch
	CondorScratchDir = "/pool/condor/dir_245359"
	Cpus = 1
	Disk = 1765619
	Memory = 2000
...
006 (15556765.366.000) 10/21 06:02:05 Image size of job updated: 148980
	146  -  MemoryUsage of job (MB)
	148980  -  ResidentSetSize of job (KB)
...
006 (15556765.366.000) 10/21 06:07:05 Image size of job updated: 762084
	745  -  MemoryUsage of job (MB)
	762084  -  ResidentSetSize of job (KB)
...
040 (15556765.366.000) 10/21 06:09:01 Started transferring output files
...
040 (15556765.366.000) 10/21 06:09:01 Finished transferring output files
...
005 (15556765.366.000) 10/21 06:09:01 Job terminated.
	(1) Normal termination (return value 0)
		Usr 0 00:05:55, Sys 0 00:00:06  -  Run Remote Usage
		Usr 0 00:00:00, Sys 0 00:00:00  -  Run Local Usage
		Usr 0 00:05:55, Sys 0 00:00:06  -  Total Remote Usage
		Usr 0 00:00:00, Sys 0 00:00:00  -  Total Local Usage
	9523  -  Run Bytes Sent By Job
	229  -  Run Bytes Received By Job
	9523  -  Total Bytes Sent By Job
	229  -  Total Bytes Received By Job
	Partitionable Resources :    Usage  Request Allocated 
	   Cpus                 :     0.99        1         1 
	   Disk (KB)            :    50           1   1765619 
	   Memory (MB)          :   745        2000      2000 

	Job terminated of its own accord at 2024-10-21T04:09:01Z with exit-code 0.
...
