000 (15556765.006.000) 10/21 05:59:05 Job submitted from host: <188.184.90.241:9618?addrs=188.184.90.241-9618+[2001-1458-201-e4--100-2eb]-9618&alias=bigbird15.cern.ch&noUDP&sock=schedd_25064_65d2>
...
040 (15556765.006.000) 10/21 05:59:49 Started transferring input files
	Transferring to host: <188.185.198.172:9618?addrs=188.185.198.172-9618+[2001-1458-303-25--100-a8]-9618&alias=b9p15p6943.cern.ch&noUDP&sock=slot1_23_4071966_2a0a_25062>
...
040 (15556765.006.000) 10/21 05:59:49 Finished transferring input files
...
001 (15556765.006.000) 10/21 05:59:50 Job executing on host: <188.185.198.172:9618?addrs=188.185.198.172-9618+[2001-1458-303-25--100-a8]-9618&alias=b9p15p6943.cern.ch&noUDP&sock=startd_3324_90e5>
	SlotName: slot1_23@b9p15p6943.cern.ch
	CondorScratchDir = "/pool/condor/dir_24491"
	Cpus = 1
	Disk = 2934892
	Memory = 2000
...
006 (15556765.006.000) 10/21 05:59:59 Image size of job updated: 589208
	576  -  MemoryUsage of job (MB)
	589208  -  ResidentSetSize of job (KB)
...
006 (15556765.006.000) 10/21 06:03:45 Image size of job updated: 2602236
	1599  -  MemoryUsage of job (MB)
	1637304  -  ResidentSetSize of job (KB)
...
040 (15556765.006.000) 10/21 06:03:45 Started transferring output files
...
040 (15556765.006.000) 10/21 06:03:45 Finished transferring output files
...
005 (15556765.006.000) 10/21 06:03:45 Job terminated.
	(1) Normal termination (return value 0)
		Usr 0 00:03:26, Sys 0 00:00:06  -  Run Remote Usage
		Usr 0 00:00:00, Sys 0 00:00:00  -  Run Local Usage
		Usr 0 00:03:26, Sys 0 00:00:06  -  Total Remote Usage
		Usr 0 00:00:00, Sys 0 00:00:00  -  Total Local Usage
	3103  -  Run Bytes Sent By Job
	229  -  Run Bytes Received By Job
	3103  -  Total Bytes Sent By Job
	229  -  Total Bytes Received By Job
	Partitionable Resources :    Usage  Request Allocated 
	   Cpus                 :     0.79        1         1 
	   Disk (KB)            :    44           1   2934892 
	   Memory (MB)          :  1599        2000      2000 

	Job terminated of its own accord at 2024-10-21T04:03:45Z with exit-code 0.
...
000 (15556766.006.000) 10/21 07:29:07 Job submitted from host: <188.184.90.241:9618?addrs=188.184.90.241-9618+[2001-1458-201-e4--100-2eb]-9618&alias=bigbird15.cern.ch&noUDP&sock=schedd_25064_65d2>
...
040 (15556766.006.000) 10/21 07:29:58 Started transferring input files
	Transferring to host: <188.185.214.74:9618?addrs=188.185.214.74-9618+[2001-1458-303-1c--100-46]-9618&alias=b9p29p6551.cern.ch&noUDP&sock=slot1_12_7680_0131_5900>
...
040 (15556766.006.000) 10/21 07:29:58 Finished transferring input files
...
001 (15556766.006.000) 10/21 07:29:59 Job executing on host: <188.185.214.74:9618?addrs=188.185.214.74-9618+[2001-1458-303-1c--100-46]-9618&alias=b9p29p6551.cern.ch&noUDP&sock=startd_6572_6c80>
	SlotName: slot1_12@b9p29p6551.cern.ch
	CondorScratchDir = "/pool/condor/dir_3807438"
	Cpus = 1
	Disk = 3782
	GPUs = 0
	Memory = 2000
...
006 (15556766.006.000) 10/21 07:30:08 Image size of job updated: 34528
	34  -  MemoryUsage of job (MB)
	34528  -  ResidentSetSize of job (KB)
...
006 (15556766.006.000) 10/21 07:35:09 Image size of job updated: 1692876
	1654  -  MemoryUsage of job (MB)
	1692876  -  ResidentSetSize of job (KB)
...
006 (15556766.006.000) 10/21 07:45:09 Image size of job updated: 1698096
	1659  -  MemoryUsage of job (MB)
	1698096  -  ResidentSetSize of job (KB)
...
040 (15556766.006.000) 10/21 07:50:09 Started transferring output files
...
040 (15556766.006.000) 10/21 07:50:09 Finished transferring output files
...
009 (15556766.006.000) 10/21 07:50:09 Job was aborted.
	Job removed by SYSTEM_PERIODIC_REMOVE due to wall time exceeded allowed max.
...
