000 (15556765.263.000) 10/21 05:59:05 Job submitted from host: <188.184.90.241:9618?addrs=188.184.90.241-9618+[2001-1458-201-e4--100-2eb]-9618&alias=bigbird15.cern.ch&noUDP&sock=schedd_25064_65d2>
...
040 (15556765.263.000) 10/21 06:01:19 Started transferring input files
	Transferring to host: <128.142.192.188:9618?addrs=128.142.192.188-9618+[2001-1458-301-56--100-38]-9618&alias=b9g18p1501.cern.ch&noUDP&sock=slot1_15_6582_5d45_7914>
...
040 (15556765.263.000) 10/21 06:01:19 Finished transferring input files
...
001 (15556765.263.000) 10/21 06:01:20 Job executing on host: <128.142.192.188:9618?addrs=128.142.192.188-9618+[2001-1458-301-56--100-38]-9618&alias=b9g18p1501.cern.ch&noUDP&sock=startd_5783_3c47>
	SlotName: slot1_15@b9g18p1501.cern.ch
	CondorScratchDir = "/pool/condor/dir_2004783"
	Cpus = 1
	Disk = 2952955
	Memory = 2000
...
006 (15556765.263.000) 10/21 06:01:29 Image size of job updated: 191704
	188  -  MemoryUsage of job (MB)
	191704  -  ResidentSetSize of job (KB)
...
006 (15556765.263.000) 10/21 06:06:30 Image size of job updated: 966496
	942  -  MemoryUsage of job (MB)
	963612  -  ResidentSetSize of job (KB)
...
006 (15556765.263.000) 10/21 06:11:31 Image size of job updated: 966736
	942  -  MemoryUsage of job (MB)
	964200  -  ResidentSetSize of job (KB)
...
006 (15556765.263.000) 10/21 06:16:31 Image size of job updated: 967440
	942  -  MemoryUsage of job (MB)
	964200  -  ResidentSetSize of job (KB)
...
040 (15556765.263.000) 10/21 06:21:31 Started transferring output files
...
040 (15556765.263.000) 10/21 06:21:31 Finished transferring output files
...
009 (15556765.263.000) 10/21 06:21:31 Job was aborted.
	Job removed by SYSTEM_PERIODIC_REMOVE due to wall time exceeded allowed max.
...
