000 (15556765.373.000) 10/21 05:59:06 Job submitted from host: <188.184.90.241:9618?addrs=188.184.90.241-9618+[2001-1458-201-e4--100-2eb]-9618&alias=bigbird15.cern.ch&noUDP&sock=schedd_25064_65d2>
...
040 (15556765.373.000) 10/21 06:01:58 Started transferring input files
	Transferring to host: <188.185.209.47:9618?addrs=188.185.209.47-9618+[2001-1458-303-11--100-2c]-9618&alias=b9p11p0303.cern.ch&noUDP&sock=slot1_13_5965_a1cc_251029>
...
040 (15556765.373.000) 10/21 06:01:58 Finished transferring input files
...
001 (15556765.373.000) 10/21 06:01:59 Job executing on host: <188.185.209.47:9618?addrs=188.185.209.47-9618+[2001-1458-303-11--100-2c]-9618&alias=b9p11p0303.cern.ch&noUDP&sock=startd_4915_dc12>
	SlotName: slot1_13@b9p11p0303.cern.ch
	CondorScratchDir = "/pool/condor/dir_1111945"
	Cpus = 1
	Disk = 2771618
	Memory = 2000
...
006 (15556765.373.000) 10/21 06:02:08 Image size of job updated: 158852
	156  -  MemoryUsage of job (MB)
	158732  -  ResidentSetSize of job (KB)
...
006 (15556765.373.000) 10/21 06:07:02 Image size of job updated: 764876
	156  -  MemoryUsage of job (MB)
	158988  -  ResidentSetSize of job (KB)
...
040 (15556765.373.000) 10/21 06:07:02 Started transferring output files
...
040 (15556765.373.000) 10/21 06:07:02 Finished transferring output files
...
005 (15556765.373.000) 10/21 06:07:02 Job terminated.
	(1) Normal termination (return value 0)
		Usr 0 00:03:58, Sys 0 00:00:07  -  Run Remote Usage
		Usr 0 00:00:00, Sys 0 00:00:00  -  Run Local Usage
		Usr 0 00:03:58, Sys 0 00:00:07  -  Total Remote Usage
		Usr 0 00:00:00, Sys 0 00:00:00  -  Total Local Usage
	10528  -  Run Bytes Sent By Job
	229  -  Run Bytes Received By Job
	10528  -  Total Bytes Sent By Job
	229  -  Total Bytes Received By Job
	Partitionable Resources :    Usage  Request Allocated 
	   Cpus                 :        0        1         1 
	   Disk (KB)            :       56        1   2771618 
	   Memory (MB)          :      156     2000      2000 

	Job terminated of its own accord at 2024-10-21T04:07:02Z with exit-code 0.
...
