000 (15556765.638.000) 10/21 05:59:06 Job submitted from host: <188.184.90.241:9618?addrs=188.184.90.241-9618+[2001-1458-201-e4--100-2eb]-9618&alias=bigbird15.cern.ch&noUDP&sock=schedd_25064_65d2>
...
040 (15556765.638.000) 10/21 06:06:28 Started transferring input files
	Transferring to host: <128.142.132.31:9618?addrs=128.142.132.31-9618+[2001-1458-301-5a--100-13]-9618&alias=b9g12p1918.cern.ch&noUDP&sock=slot1_10_2804_6beb_2628>
...
040 (15556765.638.000) 10/21 06:06:28 Finished transferring input files
...
001 (15556765.638.000) 10/21 06:06:29 Job executing on host: <128.142.132.31:9618?addrs=128.142.132.31-9618+[2001-1458-301-5a--100-13]-9618&alias=b9g12p1918.cern.ch&noUDP&sock=startd_2435_c933>
	SlotName: slot1_10@b9g12p1918.cern.ch
	CondorScratchDir = "/pool/condor/dir_1068987"
	Cpus = 1
	Disk = 2620
	GPUs = 0
	Memory = 2000
...
006 (15556765.638.000) 10/21 06:06:38 Image size of job updated: 149912
	147  -  MemoryUsage of job (MB)
	149912  -  ResidentSetSize of job (KB)
...
006 (15556765.638.000) 10/21 06:11:39 Image size of job updated: 767212
	750  -  MemoryUsage of job (MB)
	767212  -  ResidentSetSize of job (KB)
...
040 (15556765.638.000) 10/21 06:14:14 Started transferring output files
...
040 (15556765.638.000) 10/21 06:14:14 Finished transferring output files
...
005 (15556765.638.000) 10/21 06:14:14 Job terminated.
	(1) Normal termination (return value 0)
		Usr 0 00:07:08, Sys 0 00:00:07  -  Run Remote Usage
		Usr 0 00:00:00, Sys 0 00:00:00  -  Run Local Usage
		Usr 0 00:07:08, Sys 0 00:00:07  -  Total Remote Usage
		Usr 0 00:00:00, Sys 0 00:00:00  -  Total Local Usage
	12681  -  Run Bytes Sent By Job
	229  -  Run Bytes Received By Job
	12681  -  Total Bytes Sent By Job
	229  -  Total Bytes Received By Job
	Partitionable Resources :    Usage  Request Allocated 
	   Cpus                 :        0        1         1 
	   Disk (KB)            :       54        1      2620 
	   GPUs                 :                           0 
	   Memory (MB)          :      750     2000      2000 

	Job terminated of its own accord at 2024-10-21T04:14:14Z with exit-code 0.
...
