000 (15556765.051.000) 10/21 05:59:05 Job submitted from host: <188.184.90.241:9618?addrs=188.184.90.241-9618+[2001-1458-201-e4--100-2eb]-9618&alias=bigbird15.cern.ch&noUDP&sock=schedd_25064_65d2>
...
040 (15556765.051.000) 10/21 06:00:05 Started transferring input files
	Transferring to host: <188.185.207.196:9618?addrs=188.185.207.196-9618+[2001-1458-303-e--100-41]-9618&alias=b9p08p9528.cern.ch&noUDP&sock=slot1_21_3784686_6a68_64167>
...
040 (15556765.051.000) 10/21 06:00:05 Finished transferring input files
...
001 (15556765.051.000) 10/21 06:00:06 Job executing on host: <188.185.207.196:9618?addrs=188.185.207.196-9618+[2001-1458-303-e--100-41]-9618&alias=b9p08p9528.cern.ch&noUDP&sock=startd_4365_9afc>
	SlotName: slot1_21@b9p08p9528.cern.ch
	CondorScratchDir = "/pool/condor/dir_2869652"
	Cpus = 1
	Disk = 2692513
	Memory = 2000
...
006 (15556765.051.000) 10/21 06:00:14 Image size of job updated: 155148
	152  -  MemoryUsage of job (MB)
	155148  -  ResidentSetSize of job (KB)
...
006 (15556765.051.000) 10/21 06:04:35 Image size of job updated: 1008216
	152  -  MemoryUsage of job (MB)
	155148  -  ResidentSetSize of job (KB)
...
040 (15556765.051.000) 10/21 06:04:35 Started transferring output files
...
040 (15556765.051.000) 10/21 06:04:35 Finished transferring output files
...
005 (15556765.051.000) 10/21 06:04:35 Job terminated.
	(1) Normal termination (return value 0)
		Usr 0 00:01:58, Sys 0 00:00:05  -  Run Remote Usage
		Usr 0 00:00:00, Sys 0 00:00:00  -  Run Local Usage
		Usr 0 00:01:58, Sys 0 00:00:05  -  Total Remote Usage
		Usr 0 00:00:00, Sys 0 00:00:00  -  Total Local Usage
	3103  -  Run Bytes Sent By Job
	229  -  Run Bytes Received By Job
	3103  -  Total Bytes Sent By Job
	229  -  Total Bytes Received By Job
	Partitionable Resources :    Usage  Request Allocated 
	   Cpus                 :     0.49        1         1 
	   Disk (KB)            :    47           1   2692513 
	   Memory (MB)          :   152        2000      2000 

	Job terminated of its own accord at 2024-10-21T04:04:35Z with exit-code 0.
...
000 (15556766.051.000) 10/21 07:29:09 Job submitted from host: <188.184.90.241:9618?addrs=188.184.90.241-9618+[2001-1458-201-e4--100-2eb]-9618&alias=bigbird15.cern.ch&noUDP&sock=schedd_25064_65d2>
...
040 (15556766.051.000) 10/21 07:30:13 Started transferring input files
	Transferring to host: <128.142.33.220:9618?addrs=128.142.33.220-9618+[2001-1458-301-39--100-19]-9618&alias=b9g24p0879.cern.ch&noUDP&sock=slot1_14_9083_8b8a_3394>
...
040 (15556766.051.000) 10/21 07:30:13 Finished transferring input files
...
001 (15556766.051.000) 10/21 07:30:14 Job executing on host: <128.142.33.220:9618?addrs=128.142.33.220-9618+[2001-1458-301-39--100-19]-9618&alias=b9g24p0879.cern.ch&noUDP&sock=startd_7794_9d3c>
	SlotName: slot1_14@b9g24p0879.cern.ch
	CondorScratchDir = "/pool/condor/dir_463064"
	Cpus = 1
	Disk = 3764
	GPUs = 0
	Memory = 2000
...
006 (15556766.051.000) 10/21 07:30:23 Image size of job updated: 142800
	140  -  MemoryUsage of job (MB)
	142800  -  ResidentSetSize of job (KB)
...
006 (15556766.051.000) 10/21 07:35:24 Image size of job updated: 998216
	975  -  MemoryUsage of job (MB)
	998216  -  ResidentSetSize of job (KB)
...
006 (15556766.051.000) 10/21 07:40:24 Image size of job updated: 998400
	975  -  MemoryUsage of job (MB)
	998400  -  ResidentSetSize of job (KB)
...
040 (15556766.051.000) 10/21 07:48:58 Started transferring output files
...
040 (15556766.051.000) 10/21 07:48:58 Finished transferring output files
...
005 (15556766.051.000) 10/21 07:48:58 Job terminated.
	(1) Normal termination (return value 0)
		Usr 0 00:15:08, Sys 0 00:00:16  -  Run Remote Usage
		Usr 0 00:00:00, Sys 0 00:00:00  -  Run Local Usage
		Usr 0 00:15:08, Sys 0 00:00:16  -  Total Remote Usage
		Usr 0 00:00:00, Sys 0 00:00:00  -  Total Local Usage
	21903  -  Run Bytes Sent By Job
	229  -  Run Bytes Received By Job
	21903  -  Total Bytes Sent By Job
	229  -  Total Bytes Received By Job
	Partitionable Resources :    Usage  Request Allocated 
	   Cpus                 :     0.98        1         1 
	   Disk (KB)            :    63           1      3764 
	   GPUs                 :                           0 
	   Memory (MB)          :   975        2000      2000 

	Job terminated of its own accord at 2024-10-21T05:48:58Z with exit-code 0.
...
