000 (15556765.614.000) 10/21 05:59:06 Job submitted from host: <188.184.90.241:9618?addrs=188.184.90.241-9618+[2001-1458-201-e4--100-2eb]-9618&alias=bigbird15.cern.ch&noUDP&sock=schedd_25064_65d2>
...
040 (15556765.614.000) 10/21 06:06:18 Started transferring input files
	Transferring to host: <128.142.196.44:9618?addrs=128.142.196.44-9618+[2001-1458-301-3c--100-2a]-9618&alias=b9g32p0061.cern.ch&noUDP&sock=slot1_8_3025_22d4_3532>
...
040 (15556765.614.000) 10/21 06:06:18 Finished transferring input files
...
001 (15556765.614.000) 10/21 06:06:19 Job executing on host: <128.142.196.44:9618?addrs=128.142.196.44-9618+[2001-1458-301-3c--100-2a]-9618&alias=b9g32p0061.cern.ch&noUDP&sock=startd_2676_1786>
	SlotName: slot1_8@b9g32p0061.cern.ch
	CondorScratchDir = "/pool/condor/dir_3609231"
	Cpus = 1
	Disk = 3823
	GPUs = 0
	Memory = 2000
...
006 (15556765.614.000) 10/21 06:06:28 Image size of job updated: 149340
	146  -  MemoryUsage of job (MB)
	149340  -  ResidentSetSize of job (KB)
...
006 (15556765.614.000) 10/21 06:11:29 Image size of job updated: 753496
	736  -  MemoryUsage of job (MB)
	753496  -  ResidentSetSize of job (KB)
...
040 (15556765.614.000) 10/21 06:14:24 Started transferring output files
...
040 (15556765.614.000) 10/21 06:14:24 Finished transferring output files
...
005 (15556765.614.000) 10/21 06:14:24 Job terminated.
	(1) Normal termination (return value 0)
		Usr 0 00:06:27, Sys 0 00:00:09  -  Run Remote Usage
		Usr 0 00:00:00, Sys 0 00:00:00  -  Run Local Usage
		Usr 0 00:06:27, Sys 0 00:00:09  -  Total Remote Usage
		Usr 0 00:00:00, Sys 0 00:00:00  -  Total Local Usage
	17968  -  Run Bytes Sent By Job
	229  -  Run Bytes Received By Job
	17968  -  Total Bytes Sent By Job
	229  -  Total Bytes Received By Job
	Partitionable Resources :    Usage  Request Allocated 
	   Cpus                 :     0.96        1         1 
	   Disk (KB)            :    59           1      3823 
	   GPUs                 :                           0 
	   Memory (MB)          :   736        2000      2000 

	Job terminated of its own accord at 2024-10-21T04:14:24Z with exit-code 0.
...
