000 (15556765.589.000) 10/21 05:59:06 Job submitted from host: <188.184.90.241:9618?addrs=188.184.90.241-9618+[2001-1458-201-e4--100-2eb]-9618&alias=bigbird15.cern.ch&noUDP&sock=schedd_25064_65d2>
...
040 (15556765.589.000) 10/21 06:06:09 Started transferring input files
	Transferring to host: <188.185.209.20:9618?addrs=188.185.209.20-9618+[2001-1458-303-11--100-11]-9618&alias=b9p11p8179.cern.ch&noUDP&sock=slot1_25_5005_39a5_67583>
...
040 (15556765.589.000) 10/21 06:06:09 Finished transferring input files
...
001 (15556765.589.000) 10/21 06:06:10 Job executing on host: <188.185.209.20:9618?addrs=188.185.209.20-9618+[2001-1458-303-11--100-11]-9618&alias=b9p11p8179.cern.ch&noUDP&sock=startd_4194_504a>
	SlotName: slot1_25@b9p11p8179.cern.ch
	CondorScratchDir = "/pool/condor/dir_403332"
	Cpus = 1
	Disk = 2639130
	Memory = 2000
...
006 (15556765.589.000) 10/21 06:06:18 Image size of job updated: 167316
	163  -  MemoryUsage of job (MB)
	166712  -  ResidentSetSize of job (KB)
...
006 (15556765.589.000) 10/21 06:11:18 Image size of job updated: 763456
	743  -  MemoryUsage of job (MB)
	760704  -  ResidentSetSize of job (KB)
...
006 (15556765.589.000) 10/21 06:16:19 Image size of job updated: 773980
	753  -  MemoryUsage of job (MB)
	770728  -  ResidentSetSize of job (KB)
...
006 (15556765.589.000) 10/21 06:20:45 Image size of job updated: 774640
	753  -  MemoryUsage of job (MB)
	770728  -  ResidentSetSize of job (KB)
...
040 (15556765.589.000) 10/21 06:20:45 Started transferring output files
...
040 (15556765.589.000) 10/21 06:20:45 Finished transferring output files
...
005 (15556765.589.000) 10/21 06:20:45 Job terminated.
	(1) Normal termination (return value 0)
		Usr 0 00:11:05, Sys 0 00:00:09  -  Run Remote Usage
		Usr 0 00:00:00, Sys 0 00:00:00  -  Run Local Usage
		Usr 0 00:11:05, Sys 0 00:00:09  -  Total Remote Usage
		Usr 0 00:00:00, Sys 0 00:00:00  -  Total Local Usage
	30952  -  Run Bytes Sent By Job
	229  -  Run Bytes Received By Job
	30952  -  Total Bytes Sent By Job
	229  -  Total Bytes Received By Job
	Partitionable Resources :    Usage  Request Allocated 
	   Cpus                 :     0.94        1         1 
	   Disk (KB)            :    75           1   2639130 
	   Memory (MB)          :   753        2000      2000 

	Job terminated of its own accord at 2024-10-21T04:20:45Z with exit-code 0.
...
