000 (15556765.314.000) 10/21 05:59:05 Job submitted from host: <188.184.90.241:9618?addrs=188.184.90.241-9618+[2001-1458-201-e4--100-2eb]-9618&alias=bigbird15.cern.ch&noUDP&sock=schedd_25064_65d2>
...
040 (15556765.314.000) 10/21 06:01:38 Started transferring input files
	Transferring to host: <188.185.194.11:9618?addrs=188.185.194.11-9618+[2001-1458-303-21--100-7]-9618&alias=b9p20p3359.cern.ch&noUDP&sock=slot1_9_500710_3dc2_53909>
...
040 (15556765.314.000) 10/21 06:01:38 Finished transferring input files
...
001 (15556765.314.000) 10/21 06:01:39 Job executing on host: <188.185.194.11:9618?addrs=188.185.194.11-9618+[2001-1458-303-21--100-7]-9618&alias=b9p20p3359.cern.ch&noUDP&sock=startd_4658_943b>
	SlotName: slot1_9@b9p20p3359.cern.ch
	CondorScratchDir = "/pool/condor/dir_3612127"
	Cpus = 1
	Disk = 3038032
	Memory = 2000
...
006 (15556765.314.000) 10/21 06:01:47 Image size of job updated: 163380
	160  -  MemoryUsage of job (MB)
	163132  -  ResidentSetSize of job (KB)
...
006 (15556765.314.000) 10/21 06:06:47 Image size of job updated: 780300
	761  -  MemoryUsage of job (MB)
	779036  -  ResidentSetSize of job (KB)
...
006 (15556765.314.000) 10/21 06:11:48 Image size of job updated: 780964
	761  -  MemoryUsage of job (MB)
	779104  -  ResidentSetSize of job (KB)
...
040 (15556765.314.000) 10/21 06:12:48 Started transferring output files
...
040 (15556765.314.000) 10/21 06:12:48 Finished transferring output files
...
005 (15556765.314.000) 10/21 06:12:48 Job terminated.
	(1) Normal termination (return value 0)
		Usr 0 00:07:36, Sys 0 00:00:06  -  Run Remote Usage
		Usr 0 00:00:00, Sys 0 00:00:00  -  Run Local Usage
		Usr 0 00:07:36, Sys 0 00:00:06  -  Total Remote Usage
		Usr 0 00:00:00, Sys 0 00:00:00  -  Total Local Usage
	14480  -  Run Bytes Sent By Job
	229  -  Run Bytes Received By Job
	14480  -  Total Bytes Sent By Job
	229  -  Total Bytes Received By Job
	Partitionable Resources :    Usage  Request Allocated 
	   Cpus                 :        0        1         1 
	   Disk (KB)            :       56        1   3038032 
	   Memory (MB)          :      761     2000      2000 

	Job terminated of its own accord at 2024-10-21T04:12:48Z with exit-code 0.
...
