000 (15556765.550.000) 10/21 05:59:06 Job submitted from host: <188.184.90.241:9618?addrs=188.184.90.241-9618+[2001-1458-201-e4--100-2eb]-9618&alias=bigbird15.cern.ch&noUDP&sock=schedd_25064_65d2>
...
040 (15556765.550.000) 10/21 06:05:56 Started transferring input files
	Transferring to host: <188.185.193.170:9618?addrs=188.185.193.170-9618+[2001-1458-303-20--100-a6]-9618&alias=b9p19p6010.cern.ch&noUDP&sock=slot1_20_6201_ea55_3514>
...
040 (15556765.550.000) 10/21 06:05:56 Finished transferring input files
...
001 (15556765.550.000) 10/21 06:05:57 Job executing on host: <188.185.193.170:9618?addrs=188.185.193.170-9618+[2001-1458-303-20--100-a6]-9618&alias=b9p19p6010.cern.ch&noUDP&sock=startd_4979_c222>
	SlotName: slot1_20@b9p19p6010.cern.ch
	CondorScratchDir = "/pool/condor/dir_3891403"
	Cpus = 1
	Disk = 3666
	GPUs = 0
	Memory = 2000
...
006 (15556765.550.000) 10/21 06:06:05 Image size of job updated: 460156
	450  -  MemoryUsage of job (MB)
	460156  -  ResidentSetSize of job (KB)
...
006 (15556765.550.000) 10/21 06:11:05 Image size of job updated: 1648216
	1610  -  MemoryUsage of job (MB)
	1648216  -  ResidentSetSize of job (KB)
...
006 (15556765.550.000) 10/21 06:16:06 Image size of job updated: 1648392
	1610  -  MemoryUsage of job (MB)
	1648392  -  ResidentSetSize of job (KB)
...
006 (15556765.550.000) 10/21 06:21:06 Image size of job updated: 1662668
	1624  -  MemoryUsage of job (MB)
	1662668  -  ResidentSetSize of job (KB)
...
006 (15556765.550.000) 10/21 06:26:06 Image size of job updated: 1663032
	1625  -  MemoryUsage of job (MB)
	1663032  -  ResidentSetSize of job (KB)
...
040 (15556765.550.000) 10/21 06:26:06 Started transferring output files
...
040 (15556765.550.000) 10/21 06:26:06 Finished transferring output files
...
009 (15556765.550.000) 10/21 06:26:06 Job was aborted.
	Job removed by SYSTEM_PERIODIC_REMOVE due to wall time exceeded allowed max.
...
