000 (15556765.474.000) 10/21 05:59:06 Job submitted from host: <188.184.90.241:9618?addrs=188.184.90.241-9618+[2001-1458-201-e4--100-2eb]-9618&alias=bigbird15.cern.ch&noUDP&sock=schedd_25064_65d2>
...
040 (15556765.474.000) 10/21 06:05:29 Started transferring input files
	Transferring to host: <128.142.248.87:9618?addrs=128.142.248.87-9618+[2001-1458-301-73--100-147]-9618&alias=b9g23p4802.cern.ch&noUDP&sock=slot1_30_2484062_25cf_85605>
...
040 (15556765.474.000) 10/21 06:05:29 Finished transferring input files
...
001 (15556765.474.000) 10/21 06:05:30 Job executing on host: <128.142.248.87:9618?addrs=128.142.248.87-9618+[2001-1458-301-73--100-147]-9618&alias=b9g23p4802.cern.ch&noUDP&sock=startd_3258_4ba5>
	SlotName: slot1_30@b9g23p4802.cern.ch
	CondorScratchDir = "/pool/condor/dir_2302015"
	Cpus = 1
	Disk = 2944636
	Memory = 2000
...
006 (15556765.474.000) 10/21 06:05:39 Image size of job updated: 79728
	78  -  MemoryUsage of job (MB)
	79724  -  ResidentSetSize of job (KB)
...
006 (15556765.474.000) 10/21 06:10:40 Image size of job updated: 1802212
	1758  -  MemoryUsage of job (MB)
	1799744  -  ResidentSetSize of job (KB)
...
040 (15556765.474.000) 10/21 06:14:25 Started transferring output files
...
040 (15556765.474.000) 10/21 06:14:25 Finished transferring output files
...
005 (15556765.474.000) 10/21 06:14:25 Job terminated.
	(1) Normal termination (return value 0)
		Usr 0 00:07:17, Sys 0 00:00:07  -  Run Remote Usage
		Usr 0 00:00:00, Sys 0 00:00:00  -  Run Local Usage
		Usr 0 00:07:17, Sys 0 00:00:07  -  Total Remote Usage
		Usr 0 00:00:00, Sys 0 00:00:00  -  Total Local Usage
	12111  -  Run Bytes Sent By Job
	229  -  Run Bytes Received By Job
	12111  -  Total Bytes Sent By Job
	229  -  Total Bytes Received By Job
	Partitionable Resources :    Usage  Request Allocated 
	   Cpus                 :     0.85        1         1 
	   Disk (KB)            :    53           1   2944636 
	   Memory (MB)          :  1758        2000      2000 

	Job terminated of its own accord at 2024-10-21T04:14:25Z with exit-code 0.
...
