000 (15556765.027.000) 10/21 05:59:05 Job submitted from host: <188.184.90.241:9618?addrs=188.184.90.241-9618+[2001-1458-201-e4--100-2eb]-9618&alias=bigbird15.cern.ch&noUDP&sock=schedd_25064_65d2>
...
040 (15556765.027.000) 10/21 05:59:56 Started transferring input files
	Transferring to host: <188.185.193.156:9618?addrs=188.185.193.156-9618+[2001-1458-303-20--100-98]-9618&alias=b9p19p4128.cern.ch&noUDP&sock=slot1_24_1985506_581d_38902>
...
040 (15556765.027.000) 10/21 05:59:56 Finished transferring input files
...
001 (15556765.027.000) 10/21 05:59:57 Job executing on host: <188.185.193.156:9618?addrs=188.185.193.156-9618+[2001-1458-303-20--100-98]-9618&alias=b9p19p4128.cern.ch&noUDP&sock=startd_127711_b3b1>
	SlotName: slot1_24@b9p19p4128.cern.ch
	CondorScratchDir = "/pool/condor/dir_4099408"
	Cpus = 1
	Disk = 2984828
	Memory = 2000
...
006 (15556765.027.000) 10/21 06:00:06 Image size of job updated: 198880
	194  -  MemoryUsage of job (MB)
	198652  -  ResidentSetSize of job (KB)
...
006 (15556765.027.000) 10/21 06:03:02 Image size of job updated: 1038656
	194  -  MemoryUsage of job (MB)
	198652  -  ResidentSetSize of job (KB)
...
040 (15556765.027.000) 10/21 06:03:02 Started transferring output files
...
040 (15556765.027.000) 10/21 06:03:02 Finished transferring output files
...
005 (15556765.027.000) 10/21 06:03:02 Job terminated.
	(1) Normal termination (return value 0)
		Usr 0 00:02:49, Sys 0 00:00:05  -  Run Remote Usage
		Usr 0 00:00:00, Sys 0 00:00:00  -  Run Local Usage
		Usr 0 00:02:49, Sys 0 00:00:05  -  Total Remote Usage
		Usr 0 00:00:00, Sys 0 00:00:00  -  Total Local Usage
	2604  -  Run Bytes Sent By Job
	229  -  Run Bytes Received By Job
	2604  -  Total Bytes Sent By Job
	229  -  Total Bytes Received By Job
	Partitionable Resources :    Usage  Request Allocated 
	   Cpus                 :        0        1         1 
	   Disk (KB)            :       44        1   2984828 
	   Memory (MB)          :      194     2000      2000 

	Job terminated of its own accord at 2024-10-21T04:03:02Z with exit-code 0.
...
000 (15556766.027.000) 10/21 07:29:07 Job submitted from host: <188.184.90.241:9618?addrs=188.184.90.241-9618+[2001-1458-201-e4--100-2eb]-9618&alias=bigbird15.cern.ch&noUDP&sock=schedd_25064_65d2>
...
040 (15556766.027.000) 10/21 07:30:05 Started transferring input files
	Transferring to host: <188.185.198.37:9618?addrs=188.185.198.37-9618+[2001-1458-303-25--100-21]-9618&alias=b9p15p9678.cern.ch&noUDP&sock=slot1_4_1824827_73f7_69608>
...
040 (15556766.027.000) 10/21 07:30:05 Finished transferring input files
...
001 (15556766.027.000) 10/21 07:30:06 Job executing on host: <188.185.198.37:9618?addrs=188.185.198.37-9618+[2001-1458-303-25--100-21]-9618&alias=b9p15p9678.cern.ch&noUDP&sock=startd_11879_959c>
	SlotName: slot1_4@b9p15p9678.cern.ch
	CondorScratchDir = "/pool/condor/dir_1636423"
	Cpus = 1
	Disk = 3022882
	Memory = 2000
...
006 (15556766.027.000) 10/21 07:30:15 Image size of job updated: 638864
	624  -  MemoryUsage of job (MB)
	638864  -  ResidentSetSize of job (KB)
...
006 (15556766.027.000) 10/21 07:35:16 Image size of job updated: 2240468
	2186  -  MemoryUsage of job (MB)
	2238224  -  ResidentSetSize of job (KB)
...
006 (15556766.027.000) 10/21 07:40:16 Image size of job updated: 2251580
	2196  -  MemoryUsage of job (MB)
	2248484  -  ResidentSetSize of job (KB)
...
006 (15556766.027.000) 10/21 07:44:18 Image size of job updated: 2252080
	2196  -  MemoryUsage of job (MB)
	2248484  -  ResidentSetSize of job (KB)
...
040 (15556766.027.000) 10/21 07:44:18 Started transferring output files
...
040 (15556766.027.000) 10/21 07:44:18 Finished transferring output files
...
005 (15556766.027.000) 10/21 07:44:18 Job terminated.
	(1) Normal termination (return value 0)
		Usr 0 00:12:46, Sys 0 00:00:05  -  Run Remote Usage
		Usr 0 00:00:00, Sys 0 00:00:00  -  Run Local Usage
		Usr 0 00:12:46, Sys 0 00:00:05  -  Total Remote Usage
		Usr 0 00:00:00, Sys 0 00:00:00  -  Total Local Usage
	26717  -  Run Bytes Sent By Job
	229  -  Run Bytes Received By Job
	26717  -  Total Bytes Sent By Job
	229  -  Total Bytes Received By Job
	Partitionable Resources :    Usage  Request Allocated 
	   Cpus                 :     0.85        1         1 
	   Disk (KB)            :    67           1   3022882 
	   Memory (MB)          :  2196        2000      2000 

	Job terminated of its own accord at 2024-10-21T05:44:18Z with exit-code 0.
...
