000 (15556765.286.000) 10/21 05:59:05 Job submitted from host: <188.184.90.241:9618?addrs=188.184.90.241-9618+[2001-1458-201-e4--100-2eb]-9618&alias=bigbird15.cern.ch&noUDP&sock=schedd_25064_65d2>
...
040 (15556765.286.000) 10/21 06:01:26 Started transferring input files
	Transferring to host: <128.142.248.79:9618?addrs=128.142.248.79-9618+[2001-1458-301-73--100-13f]-9618&alias=b9g23p1840.cern.ch&noUDP&sock=slot1_16_2605018_9785_32582>
...
040 (15556765.286.000) 10/21 06:01:26 Finished transferring input files
...
001 (15556765.286.000) 10/21 06:01:27 Job executing on host: <128.142.248.79:9618?addrs=128.142.248.79-9618+[2001-1458-301-73--100-13f]-9618&alias=b9g23p1840.cern.ch&noUDP&sock=startd_7681_1b08>
	SlotName: slot1_16@b9g23p1840.cern.ch
	CondorScratchDir = "/pool/condor/dir_3840936"
	Cpus = 1
	Disk = 2953338
	Memory = 2000
...
006 (15556765.286.000) 10/21 06:01:36 Image size of job updated: 188336
	184  -  MemoryUsage of job (MB)
	188336  -  ResidentSetSize of job (KB)
...
006 (15556765.286.000) 10/21 06:06:37 Image size of job updated: 967328
	942  -  MemoryUsage of job (MB)
	964236  -  ResidentSetSize of job (KB)
...
006 (15556765.286.000) 10/21 06:11:38 Image size of job updated: 968168
	942  -  MemoryUsage of job (MB)
	964464  -  ResidentSetSize of job (KB)
...
006 (15556765.286.000) 10/21 06:16:38 Image size of job updated: 968964
	942  -  MemoryUsage of job (MB)
	964560  -  ResidentSetSize of job (KB)
...
006 (15556765.286.000) 10/21 06:21:39 Image size of job updated: 968964
	943  -  MemoryUsage of job (MB)
	964620  -  ResidentSetSize of job (KB)
...
040 (15556765.286.000) 10/21 06:21:39 Started transferring output files
...
040 (15556765.286.000) 10/21 06:21:39 Finished transferring output files
...
009 (15556765.286.000) 10/21 06:21:39 Job was aborted.
	Job removed by SYSTEM_PERIODIC_REMOVE due to wall time exceeded allowed max.
...
