000 (15556765.346.000) 10/21 05:59:06 Job submitted from host: <188.184.90.241:9618?addrs=188.184.90.241-9618+[2001-1458-201-e4--100-2eb]-9618&alias=bigbird15.cern.ch&noUDP&sock=schedd_25064_65d2>
...
040 (15556765.346.000) 10/21 06:01:49 Started transferring input files
	Transferring to host: <188.185.198.131:9618?addrs=188.185.198.131-9618+[2001-1458-303-25--100-7f]-9618&alias=b9p15p7969.cern.ch&noUDP&sock=slot1_13_1143400_7c99_68646>
...
040 (15556765.346.000) 10/21 06:01:49 Finished transferring input files
...
001 (15556765.346.000) 10/21 06:01:50 Job executing on host: <188.185.198.131:9618?addrs=188.185.198.131-9618+[2001-1458-303-25--100-7f]-9618&alias=b9p15p7969.cern.ch&noUDP&sock=startd_11855_1f56>
	SlotName: slot1_13@b9p15p7969.cern.ch
	CondorScratchDir = "/pool/condor/dir_1481063"
	Cpus = 1
	Disk = 2918601
	Memory = 2000
...
006 (15556765.346.000) 10/21 06:01:59 Image size of job updated: 247292
	242  -  MemoryUsage of job (MB)
	247292  -  ResidentSetSize of job (KB)
...
006 (15556765.346.000) 10/21 06:07:00 Image size of job updated: 839372
	817  -  MemoryUsage of job (MB)
	836204  -  ResidentSetSize of job (KB)
...
006 (15556765.346.000) 10/21 06:09:05 Image size of job updated: 840096
	817  -  MemoryUsage of job (MB)
	836204  -  ResidentSetSize of job (KB)
...
040 (15556765.346.000) 10/21 06:09:05 Started transferring output files
...
040 (15556765.346.000) 10/21 06:09:05 Finished transferring output files
...
005 (15556765.346.000) 10/21 06:09:05 Job terminated.
	(1) Normal termination (return value 0)
		Usr 0 00:05:59, Sys 0 00:00:05  -  Run Remote Usage
		Usr 0 00:00:00, Sys 0 00:00:00  -  Run Local Usage
		Usr 0 00:05:59, Sys 0 00:00:05  -  Total Remote Usage
		Usr 0 00:00:00, Sys 0 00:00:00  -  Total Local Usage
	13259  -  Run Bytes Sent By Job
	229  -  Run Bytes Received By Job
	13259  -  Total Bytes Sent By Job
	229  -  Total Bytes Received By Job
	Partitionable Resources :    Usage  Request Allocated 
	   Cpus                 :     0.83        1         1 
	   Disk (KB)            :    54           1   2918601 
	   Memory (MB)          :   817        2000      2000 

	Job terminated of its own accord at 2024-10-21T04:09:05Z with exit-code 0.
...
