000 (15556765.243.000) 10/21 05:59:05 Job submitted from host: <188.184.90.241:9618?addrs=188.184.90.241-9618+[2001-1458-201-e4--100-2eb]-9618&alias=bigbird15.cern.ch&noUDP&sock=schedd_25064_65d2>
...
040 (15556765.243.000) 10/21 06:01:11 Started transferring input files
	Transferring to host: <188.185.210.218:9618?addrs=188.185.210.218-9618+[2001-1458-303-15--100-56]-9618&alias=b9p22p6817.cern.ch&noUDP&sock=slot1_31_203202_f100_65850>
...
040 (15556765.243.000) 10/21 06:01:11 Finished transferring input files
...
001 (15556765.243.000) 10/21 06:01:12 Job executing on host: <188.185.210.218:9618?addrs=188.185.210.218-9618+[2001-1458-303-15--100-56]-9618&alias=b9p22p6817.cern.ch&noUDP&sock=startd_192282_0982>
	SlotName: slot1_31@b9p22p6817.cern.ch
	CondorScratchDir = "/pool/condor/dir_178851"
	Cpus = 1
	Disk = 2791138
	Memory = 2000
...
006 (15556765.243.000) 10/21 06:01:21 Image size of job updated: 173436
	169  -  MemoryUsage of job (MB)
	172428  -  ResidentSetSize of job (KB)
...
006 (15556765.243.000) 10/21 06:06:22 Image size of job updated: 956852
	933  -  MemoryUsage of job (MB)
	955060  -  ResidentSetSize of job (KB)
...
006 (15556765.243.000) 10/21 06:11:22 Image size of job updated: 958284
	934  -  MemoryUsage of job (MB)
	955608  -  ResidentSetSize of job (KB)
...
006 (15556765.243.000) 10/21 06:16:23 Image size of job updated: 960788
	934  -  MemoryUsage of job (MB)
	955664  -  ResidentSetSize of job (KB)
...
040 (15556765.243.000) 10/21 06:20:52 Started transferring output files
...
040 (15556765.243.000) 10/21 06:20:52 Finished transferring output files
...
005 (15556765.243.000) 10/21 06:20:52 Job terminated.
	(1) Normal termination (return value 0)
		Usr 0 00:15:03, Sys 0 00:00:11  -  Run Remote Usage
		Usr 0 00:00:00, Sys 0 00:00:00  -  Run Local Usage
		Usr 0 00:15:03, Sys 0 00:00:11  -  Total Remote Usage
		Usr 0 00:00:00, Sys 0 00:00:00  -  Total Local Usage
	26573  -  Run Bytes Sent By Job
	229  -  Run Bytes Received By Job
	26573  -  Total Bytes Sent By Job
	229  -  Total Bytes Received By Job
	Partitionable Resources :    Usage  Request Allocated 
	   Cpus                 :     0.84        1         1 
	   Disk (KB)            :    67           1   2791138 
	   Memory (MB)          :   934        2000      2000 

	Job terminated of its own accord at 2024-10-21T04:20:52Z with exit-code 0.
...
