000 (15556765.059.000) 10/21 05:59:05 Job submitted from host: <188.184.90.241:9618?addrs=188.184.90.241-9618+[2001-1458-201-e4--100-2eb]-9618&alias=bigbird15.cern.ch&noUDP&sock=schedd_25064_65d2>
...
040 (15556765.059.000) 10/21 06:00:07 Started transferring input files
	Transferring to host: <188.185.209.20:9618?addrs=188.185.209.20-9618+[2001-1458-303-11--100-11]-9618&alias=b9p11p8179.cern.ch&noUDP&sock=slot1_35_5005_39a5_67580>
...
040 (15556765.059.000) 10/21 06:00:07 Finished transferring input files
...
001 (15556765.059.000) 10/21 06:00:08 Job executing on host: <188.185.209.20:9618?addrs=188.185.209.20-9618+[2001-1458-303-11--100-11]-9618&alias=b9p11p8179.cern.ch&noUDP&sock=startd_4194_504a>
	SlotName: slot1_35@b9p11p8179.cern.ch
	CondorScratchDir = "/pool/condor/dir_361778"
	Cpus = 1
	Disk = 2647861
	Memory = 2000
...
006 (15556765.059.000) 10/21 06:00:17 Image size of job updated: 164804
	161  -  MemoryUsage of job (MB)
	164576  -  ResidentSetSize of job (KB)
...
006 (15556765.059.000) 10/21 06:05:19 Image size of job updated: 295992
	289  -  MemoryUsage of job (MB)
	295220  -  ResidentSetSize of job (KB)
...
006 (15556765.059.000) 10/21 06:10:19 Image size of job updated: 998268
	973  -  MemoryUsage of job (MB)
	996304  -  ResidentSetSize of job (KB)
...
040 (15556765.059.000) 10/21 06:10:35 Started transferring output files
...
040 (15556765.059.000) 10/21 06:10:35 Finished transferring output files
...
005 (15556765.059.000) 10/21 06:10:35 Job terminated.
	(1) Normal termination (return value 0)
		Usr 0 00:01:19, Sys 0 00:00:07  -  Run Remote Usage
		Usr 0 00:00:00, Sys 0 00:00:00  -  Run Local Usage
		Usr 0 00:01:19, Sys 0 00:00:07  -  Total Remote Usage
		Usr 0 00:00:00, Sys 0 00:00:00  -  Total Local Usage
	1971  -  Run Bytes Sent By Job
	229  -  Run Bytes Received By Job
	1971  -  Total Bytes Sent By Job
	229  -  Total Bytes Received By Job
	Partitionable Resources :    Usage  Request Allocated 
	   Cpus                 :     0.00        1         1 
	   Disk (KB)            :    46           1   2647861 
	   Memory (MB)          :   973        2000      2000 

	Job terminated of its own accord at 2024-10-21T04:10:34Z with exit-code 0.
...
000 (15556766.059.000) 10/21 07:29:09 Job submitted from host: <188.184.90.241:9618?addrs=188.184.90.241-9618+[2001-1458-201-e4--100-2eb]-9618&alias=bigbird15.cern.ch&noUDP&sock=schedd_25064_65d2>
...
040 (15556766.059.000) 10/21 07:30:16 Started transferring input files
	Transferring to host: <188.185.192.17:9618?addrs=188.185.192.17-9618+[2001-1458-303-1f--100-d]-9618&alias=b9p13p1897.cern.ch&noUDP&sock=slot1_7_7300_42a2_69113>
...
040 (15556766.059.000) 10/21 07:30:16 Finished transferring input files
...
001 (15556766.059.000) 10/21 07:30:17 Job executing on host: <188.185.192.17:9618?addrs=188.185.192.17-9618+[2001-1458-303-1f--100-d]-9618&alias=b9p13p1897.cern.ch&noUDP&sock=startd_6557_2295>
	SlotName: slot1_7@b9p13p1897.cern.ch
	CondorScratchDir = "/pool/condor/dir_1376763"
	Cpus = 1
	Disk = 2947931
	Memory = 2000
...
006 (15556766.059.000) 10/21 07:30:25 Image size of job updated: 602196
	589  -  MemoryUsage of job (MB)
	602196  -  ResidentSetSize of job (KB)
...
006 (15556766.059.000) 10/21 07:35:25 Image size of job updated: 2612712
	2550  -  MemoryUsage of job (MB)
	2610976  -  ResidentSetSize of job (KB)
...
006 (15556766.059.000) 10/21 07:40:26 Image size of job updated: 2612880
	2551  -  MemoryUsage of job (MB)
	2611264  -  ResidentSetSize of job (KB)
...
006 (15556766.059.000) 10/21 07:45:27 Image size of job updated: 2613192
	2551  -  MemoryUsage of job (MB)
	2611264  -  ResidentSetSize of job (KB)
...
040 (15556766.059.000) 10/21 07:50:27 Started transferring output files
...
040 (15556766.059.000) 10/21 07:50:27 Finished transferring output files
...
009 (15556766.059.000) 10/21 07:50:27 Job was aborted.
	Job removed by SYSTEM_PERIODIC_REMOVE due to wall time exceeded allowed max.
...
