000 (15556765.045.000) 10/21 05:59:05 Job submitted from host: <188.184.90.241:9618?addrs=188.184.90.241-9618+[2001-1458-201-e4--100-2eb]-9618&alias=bigbird15.cern.ch&noUDP&sock=schedd_25064_65d2>
...
040 (15556765.045.000) 10/21 06:00:02 Started transferring input files
	Transferring to host: <188.185.210.62:9618?addrs=188.185.210.62-9618+[2001-1458-303-1--100-3a]-9618&alias=b9p21p9921.cern.ch&noUDP&sock=slot1_7_7481_ca89_5601>
...
040 (15556765.045.000) 10/21 06:00:02 Finished transferring input files
...
001 (15556765.045.000) 10/21 06:00:03 Job executing on host: <188.185.210.62:9618?addrs=188.185.210.62-9618+[2001-1458-303-1--100-3a]-9618&alias=b9p21p9921.cern.ch&noUDP&sock=startd_6217_ec61>
	SlotName: slot1_7@b9p21p9921.cern.ch
	CondorScratchDir = "/pool/condor/dir_965515"
	Cpus = 1
	Disk = 3823
	GPUs = 0
	Memory = 2000
...
006 (15556765.045.000) 10/21 06:00:13 Image size of job updated: 327860
	321  -  MemoryUsage of job (MB)
	327860  -  ResidentSetSize of job (KB)
...
006 (15556765.045.000) 10/21 06:03:01 Image size of job updated: 1122236
	1096  -  MemoryUsage of job (MB)
	1122236  -  ResidentSetSize of job (KB)
...
040 (15556765.045.000) 10/21 06:03:01 Started transferring output files
...
040 (15556765.045.000) 10/21 06:03:01 Finished transferring output files
...
005 (15556765.045.000) 10/21 06:03:01 Job terminated.
	(1) Normal termination (return value 0)
		Usr 0 00:02:19, Sys 0 00:00:08  -  Run Remote Usage
		Usr 0 00:00:00, Sys 0 00:00:00  -  Run Local Usage
		Usr 0 00:02:19, Sys 0 00:00:08  -  Total Remote Usage
		Usr 0 00:00:00, Sys 0 00:00:00  -  Total Local Usage
	2816  -  Run Bytes Sent By Job
	229  -  Run Bytes Received By Job
	2816  -  Total Bytes Sent By Job
	229  -  Total Bytes Received By Job
	Partitionable Resources :    Usage  Request Allocated 
	   Cpus                 :     0.21        1         1 
	   Disk (KB)            :    44           1      3823 
	   GPUs                 :                           0 
	   Memory (MB)          :  1096        2000      2000 

	Job terminated of its own accord at 2024-10-21T04:03:01Z with exit-code 0.
...
000 (15556766.045.000) 10/21 07:29:08 Job submitted from host: <188.184.90.241:9618?addrs=188.184.90.241-9618+[2001-1458-201-e4--100-2eb]-9618&alias=bigbird15.cern.ch&noUDP&sock=schedd_25064_65d2>
...
040 (15556766.045.000) 10/21 07:30:11 Started transferring input files
	Transferring to host: <128.142.33.212:9618?addrs=128.142.33.212-9618+[2001-1458-301-39--100-11]-9618&alias=b9g24p7653.cern.ch&noUDP&sock=slot1_2_4263_6b46_181838>
...
040 (15556766.045.000) 10/21 07:30:11 Finished transferring input files
...
001 (15556766.045.000) 10/21 07:30:12 Job executing on host: <128.142.33.212:9618?addrs=128.142.33.212-9618+[2001-1458-301-39--100-11]-9618&alias=b9g24p7653.cern.ch&noUDP&sock=startd_3539_09c1>
	SlotName: slot1_2@b9g24p7653.cern.ch
	CondorScratchDir = "/pool/condor/dir_2065086"
	Cpus = 1
	Disk = 2820003
	Memory = 2000
...
006 (15556766.045.000) 10/21 07:30:21 Image size of job updated: 156384
	153  -  MemoryUsage of job (MB)
	156124  -  ResidentSetSize of job (KB)
...
006 (15556766.045.000) 10/21 07:35:22 Image size of job updated: 1023072
	996  -  MemoryUsage of job (MB)
	1019880  -  ResidentSetSize of job (KB)
...
006 (15556766.045.000) 10/21 07:40:23 Image size of job updated: 1023748
	997  -  MemoryUsage of job (MB)
	1020044  -  ResidentSetSize of job (KB)
...
040 (15556766.045.000) 10/21 07:50:23 Started transferring output files
...
040 (15556766.045.000) 10/21 07:50:23 Finished transferring output files
...
009 (15556766.045.000) 10/21 07:50:23 Job was aborted.
	Job removed by SYSTEM_PERIODIC_REMOVE due to wall time exceeded allowed max.
...
