000 (15556765.305.000) 10/21 05:59:05 Job submitted from host: <188.184.90.241:9618?addrs=188.184.90.241-9618+[2001-1458-201-e4--100-2eb]-9618&alias=bigbird15.cern.ch&noUDP&sock=schedd_25064_65d2>
...
040 (15556765.305.000) 10/21 06:01:33 Started transferring input files
	Transferring to host: <188.185.205.135:9618?addrs=188.185.205.135-9618+[2001-1458-303-a--100-4]-9618&alias=b9p04p1020.cern.ch&noUDP&sock=slot1_33_3740_eb11_81474>
...
040 (15556765.305.000) 10/21 06:01:33 Finished transferring input files
...
001 (15556765.305.000) 10/21 06:01:34 Job executing on host: <188.185.205.135:9618?addrs=188.185.205.135-9618+[2001-1458-303-a--100-4]-9618&alias=b9p04p1020.cern.ch&noUDP&sock=startd_3627_6617>
	SlotName: slot1_33@b9p04p1020.cern.ch
	CondorScratchDir = "/pool/condor/dir_1644413"
	Cpus = 1
	Disk = 2687366
	Memory = 2000
...
006 (15556765.305.000) 10/21 06:01:42 Image size of job updated: 149048
	145  -  MemoryUsage of job (MB)
	148452  -  ResidentSetSize of job (KB)
...
006 (15556765.305.000) 10/21 06:06:42 Image size of job updated: 751880
	733  -  MemoryUsage of job (MB)
	750076  -  ResidentSetSize of job (KB)
...
040 (15556765.305.000) 10/21 06:07:47 Started transferring output files
...
040 (15556765.305.000) 10/21 06:07:47 Finished transferring output files
...
005 (15556765.305.000) 10/21 06:07:47 Job terminated.
	(1) Normal termination (return value 0)
		Usr 0 00:03:19, Sys 0 00:00:06  -  Run Remote Usage
		Usr 0 00:00:00, Sys 0 00:00:00  -  Run Local Usage
		Usr 0 00:03:19, Sys 0 00:00:06  -  Total Remote Usage
		Usr 0 00:00:00, Sys 0 00:00:00  -  Total Local Usage
	8447  -  Run Bytes Sent By Job
	229  -  Run Bytes Received By Job
	8447  -  Total Bytes Sent By Job
	229  -  Total Bytes Received By Job
	Partitionable Resources :    Usage  Request Allocated 
	   Cpus                 :     0.84        1         1 
	   Disk (KB)            :   525           1   2687366 
	   Memory (MB)          :   733        2000      2000 

	Job terminated of its own accord at 2024-10-21T04:07:47Z with exit-code 0.
...
