000 (15556765.047.000) 10/21 05:59:05 Job submitted from host: <188.184.90.241:9618?addrs=188.184.90.241-9618+[2001-1458-201-e4--100-2eb]-9618&alias=bigbird15.cern.ch&noUDP&sock=schedd_25064_65d2>
...
040 (15556765.047.000) 10/21 06:00:04 Started transferring input files
	Transferring to host: <188.185.214.11:9618?addrs=188.185.214.11-9618+[2001-1458-303-1c--100-7]-9618&alias=b9p29p4563.cern.ch&noUDP&sock=slot1_7_4565_3493_4393>
...
040 (15556765.047.000) 10/21 06:00:04 Finished transferring input files
...
001 (15556765.047.000) 10/21 06:00:05 Job executing on host: <188.185.214.11:9618?addrs=188.185.214.11-9618+[2001-1458-303-1c--100-7]-9618&alias=b9p29p4563.cern.ch&noUDP&sock=startd_3788_d4d6>
	SlotName: slot1_7@b9p29p4563.cern.ch
	CondorScratchDir = "/pool/condor/dir_1227935"
	Cpus = 1
	Disk = 3799
	GPUs = 0
	Memory = 2000
...
006 (15556765.047.000) 10/21 06:00:13 Image size of job updated: 18172
	18  -  MemoryUsage of job (MB)
	18172  -  ResidentSetSize of job (KB)
...
006 (15556765.047.000) 10/21 06:05:13 Image size of job updated: 1864740
	1822  -  MemoryUsage of job (MB)
	1864740  -  ResidentSetSize of job (KB)
...
040 (15556765.047.000) 10/21 06:05:51 Started transferring output files
...
040 (15556765.047.000) 10/21 06:05:51 Finished transferring output files
...
005 (15556765.047.000) 10/21 06:05:51 Job terminated.
	(1) Normal termination (return value 0)
		Usr 0 00:02:32, Sys 0 00:00:08  -  Run Remote Usage
		Usr 0 00:00:00, Sys 0 00:00:00  -  Run Local Usage
		Usr 0 00:02:32, Sys 0 00:00:08  -  Total Remote Usage
		Usr 0 00:00:00, Sys 0 00:00:00  -  Total Local Usage
	2887  -  Run Bytes Sent By Job
	229  -  Run Bytes Received By Job
	2887  -  Total Bytes Sent By Job
	229  -  Total Bytes Received By Job
	Partitionable Resources :    Usage  Request Allocated 
	   Cpus                 :        0        1         1 
	   Disk (KB)            :      618        1      3799 
	   GPUs                 :                           0 
	   Memory (MB)          :     1822     2000      2000 

	Job terminated of its own accord at 2024-10-21T04:05:51Z with exit-code 0.
...
000 (15556766.047.000) 10/21 07:29:08 Job submitted from host: <188.184.90.241:9618?addrs=188.184.90.241-9618+[2001-1458-201-e4--100-2eb]-9618&alias=bigbird15.cern.ch&noUDP&sock=schedd_25064_65d2>
...
040 (15556766.047.000) 10/21 07:30:11 Started transferring input files
	Transferring to host: <128.142.240.114:9618?addrs=128.142.240.114-9618+[2001-1458-301-11--100-72]-9618&alias=b9g29p6184.cern.ch&noUDP&sock=slot1_6_8400_4f4f_3603>
...
040 (15556766.047.000) 10/21 07:30:11 Finished transferring input files
...
001 (15556766.047.000) 10/21 07:30:12 Job executing on host: <128.142.240.114:9618?addrs=128.142.240.114-9618+[2001-1458-301-11--100-72]-9618&alias=b9g29p6184.cern.ch&noUDP&sock=startd_7264_140a>
	SlotName: slot1_6@b9g29p6184.cern.ch
	CondorScratchDir = "/pool/condor/dir_2419237"
	Cpus = 1
	Disk = 3796
	GPUs = 0
	Memory = 2000
...
006 (15556766.047.000) 10/21 07:30:21 Image size of job updated: 145972
	143  -  MemoryUsage of job (MB)
	145972  -  ResidentSetSize of job (KB)
...
006 (15556766.047.000) 10/21 07:35:22 Image size of job updated: 979660
	957  -  MemoryUsage of job (MB)
	979660  -  ResidentSetSize of job (KB)
...
006 (15556766.047.000) 10/21 07:40:23 Image size of job updated: 979920
	957  -  MemoryUsage of job (MB)
	979920  -  ResidentSetSize of job (KB)
...
040 (15556766.047.000) 10/21 07:45:55 Started transferring output files
...
040 (15556766.047.000) 10/21 07:45:55 Finished transferring output files
...
005 (15556766.047.000) 10/21 07:45:55 Job terminated.
	(1) Normal termination (return value 0)
		Usr 0 00:13:17, Sys 0 00:00:10  -  Run Remote Usage
		Usr 0 00:00:00, Sys 0 00:00:00  -  Run Local Usage
		Usr 0 00:13:17, Sys 0 00:00:10  -  Total Remote Usage
		Usr 0 00:00:00, Sys 0 00:00:00  -  Total Local Usage
	21826  -  Run Bytes Sent By Job
	229  -  Run Bytes Received By Job
	21826  -  Total Bytes Sent By Job
	229  -  Total Bytes Received By Job
	Partitionable Resources :    Usage  Request Allocated 
	   Cpus                 :     0.89        1         1 
	   Disk (KB)            :   555           1      3796 
	   GPUs                 :                           0 
	   Memory (MB)          :   957        2000      2000 

	Job terminated of its own accord at 2024-10-21T05:45:55Z with exit-code 0.
...
