000 (15556765.671.000) 10/21 05:59:06 Job submitted from host: <188.184.90.241:9618?addrs=188.184.90.241-9618+[2001-1458-201-e4--100-2eb]-9618&alias=bigbird15.cern.ch&noUDP&sock=schedd_25064_65d2>
...
040 (15556765.671.000) 10/21 06:06:40 Started transferring input files
	Transferring to host: <128.142.131.101:9618?addrs=128.142.131.101-9618+[2001-1458-301-59--100-59]-9618&alias=b9g11p6143.cern.ch&noUDP&sock=slot1_2_3024_6e74_23119>
...
040 (15556765.671.000) 10/21 06:06:40 Finished transferring input files
...
001 (15556765.671.000) 10/21 06:06:41 Job executing on host: <128.142.131.101:9618?addrs=128.142.131.101-9618+[2001-1458-301-59--100-59]-9618&alias=b9g11p6143.cern.ch&noUDP&sock=startd_2693_c0a2>
	SlotName: slot1_2@b9g11p6143.cern.ch
	CondorScratchDir = "/pool/condor/dir_4038956"
	Cpus = 1
	Disk = 1701626
	Memory = 2000
...
006 (15556765.671.000) 10/21 06:06:50 Image size of job updated: 150432
	147  -  MemoryUsage of job (MB)
	150432  -  ResidentSetSize of job (KB)
...
006 (15556765.671.000) 10/21 06:11:51 Image size of job updated: 762120
	745  -  MemoryUsage of job (MB)
	762120  -  ResidentSetSize of job (KB)
...
040 (15556765.671.000) 10/21 06:12:45 Started transferring output files
...
040 (15556765.671.000) 10/21 06:12:45 Finished transferring output files
...
005 (15556765.671.000) 10/21 06:12:45 Job terminated.
	(1) Normal termination (return value 0)
		Usr 0 00:05:16, Sys 0 00:00:06  -  Run Remote Usage
		Usr 0 00:00:00, Sys 0 00:00:00  -  Run Local Usage
		Usr 0 00:05:16, Sys 0 00:00:06  -  Total Remote Usage
		Usr 0 00:00:00, Sys 0 00:00:00  -  Total Local Usage
	7951  -  Run Bytes Sent By Job
	229  -  Run Bytes Received By Job
	7951  -  Total Bytes Sent By Job
	229  -  Total Bytes Received By Job
	Partitionable Resources :    Usage  Request Allocated 
	   Cpus                 :     0.90        1         1 
	   Disk (KB)            :    49           1   1701626 
	   Memory (MB)          :   745        2000      2000 

	Job terminated of its own accord at 2024-10-21T04:12:45Z with exit-code 0.
...
