000 (15556765.650.000) 10/21 05:59:06 Job submitted from host: <188.184.90.241:9618?addrs=188.184.90.241-9618+[2001-1458-201-e4--100-2eb]-9618&alias=bigbird15.cern.ch&noUDP&sock=schedd_25064_65d2>
...
040 (15556765.650.000) 10/21 06:06:33 Started transferring input files
	Transferring to host: <128.142.137.76:9618?addrs=128.142.137.76-9618+[2001-1458-301-5e--100-40]-9618&alias=b9g19p4821.cern.ch&noUDP&sock=slot1_16_2821_664c_3066>
...
040 (15556765.650.000) 10/21 06:06:33 Finished transferring input files
...
001 (15556765.650.000) 10/21 06:06:34 Job executing on host: <128.142.137.76:9618?addrs=128.142.137.76-9618+[2001-1458-301-5e--100-40]-9618&alias=b9g19p4821.cern.ch&noUDP&sock=startd_2451_c2b7>
	SlotName: slot1_16@b9g19p4821.cern.ch
	CondorScratchDir = "/pool/condor/dir_2418950"
	Cpus = 1
	Disk = 2714
	GPUs = 0
	Memory = 2000
...
006 (15556765.650.000) 10/21 06:06:43 Image size of job updated: 145984
	143  -  MemoryUsage of job (MB)
	145984  -  ResidentSetSize of job (KB)
...
006 (15556765.650.000) 10/21 06:11:44 Image size of job updated: 763364
	746  -  MemoryUsage of job (MB)
	763364  -  ResidentSetSize of job (KB)
...
040 (15556765.650.000) 10/21 06:16:25 Started transferring output files
...
040 (15556765.650.000) 10/21 06:16:25 Finished transferring output files
...
005 (15556765.650.000) 10/21 06:16:25 Job terminated.
	(1) Normal termination (return value 0)
		Usr 0 00:08:59, Sys 0 00:00:09  -  Run Remote Usage
		Usr 0 00:00:00, Sys 0 00:00:00  -  Run Local Usage
		Usr 0 00:08:59, Sys 0 00:00:09  -  Total Remote Usage
		Usr 0 00:00:00, Sys 0 00:00:00  -  Total Local Usage
	14625  -  Run Bytes Sent By Job
	229  -  Run Bytes Received By Job
	14625  -  Total Bytes Sent By Job
	229  -  Total Bytes Received By Job
	Partitionable Resources :    Usage  Request Allocated 
	   Cpus                 :        0        1         1 
	   Disk (KB)            :       56        1      2714 
	   GPUs                 :                           0 
	   Memory (MB)          :      746     2000      2000 

	Job terminated of its own accord at 2024-10-21T04:16:25Z with exit-code 0.
...
