000 (15556765.111.000) 10/21 05:59:05 Job submitted from host: <188.184.90.241:9618?addrs=188.184.90.241-9618+[2001-1458-201-e4--100-2eb]-9618&alias=bigbird15.cern.ch&noUDP&sock=schedd_25064_65d2>
...
040 (15556765.111.000) 10/21 06:00:24 Started transferring input files
	Transferring to host: <128.142.131.131:9618?addrs=128.142.131.131-9618+[2001-1458-301-59--100-77]-9618&alias=b9g11p9811.cern.ch&noUDP&sock=slot1_26_1525129_199c_57181>
...
040 (15556765.111.000) 10/21 06:00:24 Finished transferring input files
...
001 (15556765.111.000) 10/21 06:00:25 Job executing on host: <128.142.131.131:9618?addrs=128.142.131.131-9618+[2001-1458-301-59--100-77]-9618&alias=b9g11p9811.cern.ch&noUDP&sock=startd_2413_b21e>
	SlotName: slot1_26@b9g11p9811.cern.ch
	CondorScratchDir = "/pool/condor/dir_2976086"
	Cpus = 1
	Disk = 1720549
	Memory = 2000
...
006 (15556765.111.000) 10/21 06:00:34 Image size of job updated: 149172
	146  -  MemoryUsage of job (MB)
	149172  -  ResidentSetSize of job (KB)
...
006 (15556765.111.000) 10/21 06:05:35 Image size of job updated: 992748
	970  -  MemoryUsage of job (MB)
	992748  -  ResidentSetSize of job (KB)
...
006 (15556765.111.000) 10/21 06:10:35 Image size of job updated: 992892
	970  -  MemoryUsage of job (MB)
	992892  -  ResidentSetSize of job (KB)
...
040 (15556765.111.000) 10/21 06:11:09 Started transferring output files
...
040 (15556765.111.000) 10/21 06:11:09 Finished transferring output files
...
005 (15556765.111.000) 10/21 06:11:09 Job terminated.
	(1) Normal termination (return value 0)
		Usr 0 00:09:21, Sys 0 00:00:09  -  Run Remote Usage
		Usr 0 00:00:00, Sys 0 00:00:00  -  Run Local Usage
		Usr 0 00:09:21, Sys 0 00:00:09  -  Total Remote Usage
		Usr 0 00:00:00, Sys 0 00:00:00  -  Total Local Usage
	8024  -  Run Bytes Sent By Job
	229  -  Run Bytes Received By Job
	8024  -  Total Bytes Sent By Job
	229  -  Total Bytes Received By Job
	Partitionable Resources :    Usage  Request Allocated 
	   Cpus                 :     0.93        1         1 
	   Disk (KB)            :    49           1   1720549 
	   Memory (MB)          :   970        2000      2000 

	Job terminated of its own accord at 2024-10-21T04:11:09Z with exit-code 0.
...
000 (15556766.111.000) 10/21 07:29:12 Job submitted from host: <188.184.90.241:9618?addrs=188.184.90.241-9618+[2001-1458-201-e4--100-2eb]-9618&alias=bigbird15.cern.ch&noUDP&sock=schedd_25064_65d2>
...
040 (15556766.111.000) 10/21 07:30:32 Started transferring input files
	Transferring to host: <128.142.131.86:9618?addrs=128.142.131.86-9618+[2001-1458-301-59--100-4a]-9618&alias=b9g11p6145.cern.ch&noUDP&sock=slot1_4_1170795_be13_28049>
...
040 (15556766.111.000) 10/21 07:30:32 Finished transferring input files
...
001 (15556766.111.000) 10/21 07:30:33 Job executing on host: <128.142.131.86:9618?addrs=128.142.131.86-9618+[2001-1458-301-59--100-4a]-9618&alias=b9g11p6145.cern.ch&noUDP&sock=startd_2596_37f2>
	SlotName: slot1_4@b9g11p6145.cern.ch
	CondorScratchDir = "/pool/condor/dir_4029071"
	Cpus = 1
	Disk = 1631413
	Memory = 2000
...
006 (15556766.111.000) 10/21 07:30:42 Image size of job updated: 164588
	161  -  MemoryUsage of job (MB)
	164588  -  ResidentSetSize of job (KB)
...
006 (15556766.111.000) 10/21 07:35:43 Image size of job updated: 990188
	967  -  MemoryUsage of job (MB)
	990188  -  ResidentSetSize of job (KB)
...
006 (15556766.111.000) 10/21 07:40:43 Image size of job updated: 990200
	967  -  MemoryUsage of job (MB)
	990200  -  ResidentSetSize of job (KB)
...
040 (15556766.111.000) 10/21 07:50:44 Started transferring output files
...
040 (15556766.111.000) 10/21 07:50:44 Finished transferring output files
...
009 (15556766.111.000) 10/21 07:50:44 Job was aborted.
	Job removed by SYSTEM_PERIODIC_REMOVE due to wall time exceeded allowed max.
...
