000 (15556765.360.000) 10/21 05:59:06 Job submitted from host: <188.184.90.241:9618?addrs=188.184.90.241-9618+[2001-1458-201-e4--100-2eb]-9618&alias=bigbird15.cern.ch&noUDP&sock=schedd_25064_65d2>
...
040 (15556765.360.000) 10/21 06:01:53 Started transferring input files
	Transferring to host: <188.185.206.209:9618?addrs=188.185.206.209-9618+[2001-1458-303-c--100-4e]-9618&alias=b9p06p4022.cern.ch&noUDP&sock=slot1_25_4783_ce5c_81664>
...
040 (15556765.360.000) 10/21 06:01:53 Finished transferring input files
...
001 (15556765.360.000) 10/21 06:01:54 Job executing on host: <188.185.206.209:9618?addrs=188.185.206.209-9618+[2001-1458-303-c--100-4e]-9618&alias=b9p06p4022.cern.ch&noUDP&sock=startd_4068_e35b>
	SlotName: slot1_25@b9p06p4022.cern.ch
	CondorScratchDir = "/pool/condor/dir_2751462"
	Cpus = 1
	Disk = 2668592
	Memory = 2000
...
006 (15556765.360.000) 10/21 06:02:03 Image size of job updated: 747804
	731  -  MemoryUsage of job (MB)
	747804  -  ResidentSetSize of job (KB)
...
006 (15556765.360.000) 10/21 06:06:12 Image size of job updated: 1691712
	921  -  MemoryUsage of job (MB)
	942828  -  ResidentSetSize of job (KB)
...
040 (15556765.360.000) 10/21 06:06:12 Started transferring output files
...
040 (15556765.360.000) 10/21 06:06:12 Finished transferring output files
...
005 (15556765.360.000) 10/21 06:06:12 Job terminated.
	(1) Normal termination (return value 0)
		Usr 0 00:03:13, Sys 0 00:00:06  -  Run Remote Usage
		Usr 0 00:00:00, Sys 0 00:00:00  -  Run Local Usage
		Usr 0 00:03:13, Sys 0 00:00:06  -  Total Remote Usage
		Usr 0 00:00:00, Sys 0 00:00:00  -  Total Local Usage
	9596  -  Run Bytes Sent By Job
	229  -  Run Bytes Received By Job
	9596  -  Total Bytes Sent By Job
	229  -  Total Bytes Received By Job
	Partitionable Resources :    Usage  Request Allocated 
	   Cpus                 :     0.81        1         1 
	   Disk (KB)            :    53           1   2668592 
	   Memory (MB)          :   921        2000      2000 

	Job terminated of its own accord at 2024-10-21T04:06:12Z with exit-code 0.
...
