000 (15556765.663.000) 10/21 05:59:06 Job submitted from host: <188.184.90.241:9618?addrs=188.184.90.241-9618+[2001-1458-201-e4--100-2eb]-9618&alias=bigbird15.cern.ch&noUDP&sock=schedd_25064_65d2>
...
040 (15556765.663.000) 10/21 06:06:37 Started transferring input files
	Transferring to host: <128.142.131.126:9618?addrs=128.142.131.126-9618+[2001-1458-301-59--100-72]-9618&alias=b9g11p0365.cern.ch&noUDP&sock=slot1_25_3013_ae54_3012>
...
040 (15556765.663.000) 10/21 06:06:37 Finished transferring input files
...
001 (15556765.663.000) 10/21 06:06:39 Job executing on host: <128.142.131.126:9618?addrs=128.142.131.126-9618+[2001-1458-301-59--100-72]-9618&alias=b9g11p0365.cern.ch&noUDP&sock=startd_2659_6e6a>
	SlotName: slot1_25@b9g11p0365.cern.ch
	CondorScratchDir = "/pool/condor/dir_733399"
	Cpus = 1
	Disk = 2745
	GPUs = 0
	Memory = 2000
...
006 (15556765.663.000) 10/21 06:06:47 Image size of job updated: 145524
	143  -  MemoryUsage of job (MB)
	145524  -  ResidentSetSize of job (KB)
...
006 (15556765.663.000) 10/21 06:11:47 Image size of job updated: 754656
	737  -  MemoryUsage of job (MB)
	754656  -  ResidentSetSize of job (KB)
...
040 (15556765.663.000) 10/21 06:12:31 Started transferring output files
...
040 (15556765.663.000) 10/21 06:12:31 Finished transferring output files
...
005 (15556765.663.000) 10/21 06:12:31 Job terminated.
	(1) Normal termination (return value 0)
		Usr 0 00:05:01, Sys 0 00:00:05  -  Run Remote Usage
		Usr 0 00:00:00, Sys 0 00:00:00  -  Run Local Usage
		Usr 0 00:05:01, Sys 0 00:00:05  -  Total Remote Usage
		Usr 0 00:00:00, Sys 0 00:00:00  -  Total Local Usage
	8298  -  Run Bytes Sent By Job
	229  -  Run Bytes Received By Job
	8298  -  Total Bytes Sent By Job
	229  -  Total Bytes Received By Job
	Partitionable Resources :    Usage  Request Allocated 
	   Cpus                 :        0        1         1 
	   Disk (KB)            :       50        1      2745 
	   GPUs                 :                           0 
	   Memory (MB)          :      737     2000      2000 

	Job terminated of its own accord at 2024-10-21T04:12:31Z with exit-code 0.
...
