000 (15556765.203.000) 10/21 05:59:05 Job submitted from host: <188.184.90.241:9618?addrs=188.184.90.241-9618+[2001-1458-201-e4--100-2eb]-9618&alias=bigbird15.cern.ch&noUDP&sock=schedd_25064_65d2>
...
040 (15556765.203.000) 10/21 06:00:55 Started transferring input files
	Transferring to host: <188.185.208.193:9618?addrs=188.185.208.193-9618+[2001-1458-303-10--100-3e]-9618&alias=b9p10p0422.cern.ch&noUDP&sock=slot1_25_7415_49c7_248856>
...
040 (15556765.203.000) 10/21 06:00:55 Finished transferring input files
...
001 (15556765.203.000) 10/21 06:00:57 Job executing on host: <188.185.208.193:9618?addrs=188.185.208.193-9618+[2001-1458-303-10--100-3e]-9618&alias=b9p10p0422.cern.ch&noUDP&sock=startd_5969_d0e5>
	SlotName: slot1_25@b9p10p0422.cern.ch
	CondorScratchDir = "/pool/condor/dir_2345346"
	Cpus = 1
	Disk = 2740328
	Memory = 2000
...
006 (15556765.203.000) 10/21 06:01:05 Image size of job updated: 699156
	683  -  MemoryUsage of job (MB)
	699152  -  ResidentSetSize of job (KB)
...
006 (15556765.203.000) 10/21 06:06:05 Image size of job updated: 2011400
	1962  -  MemoryUsage of job (MB)
	2008600  -  ResidentSetSize of job (KB)
...
006 (15556765.203.000) 10/21 06:11:05 Image size of job updated: 2011860
	1963  -  MemoryUsage of job (MB)
	2009136  -  ResidentSetSize of job (KB)
...
006 (15556765.203.000) 10/21 06:16:06 Image size of job updated: 2012952
	1963  -  MemoryUsage of job (MB)
	2009316  -  ResidentSetSize of job (KB)
...
006 (15556765.203.000) 10/21 06:20:06 Image size of job updated: 2014644
	1963  -  MemoryUsage of job (MB)
	2009316  -  ResidentSetSize of job (KB)
...
040 (15556765.203.000) 10/21 06:20:06 Started transferring output files
...
040 (15556765.203.000) 10/21 06:20:06 Finished transferring output files
...
005 (15556765.203.000) 10/21 06:20:06 Job terminated.
	(1) Normal termination (return value 0)
		Usr 0 00:14:54, Sys 0 00:00:08  -  Run Remote Usage
		Usr 0 00:00:00, Sys 0 00:00:00  -  Run Local Usage
		Usr 0 00:14:54, Sys 0 00:00:08  -  Total Remote Usage
		Usr 0 00:00:00, Sys 0 00:00:00  -  Total Local Usage
	27722  -  Run Bytes Sent By Job
	229  -  Run Bytes Received By Job
	27722  -  Total Bytes Sent By Job
	229  -  Total Bytes Received By Job
	Partitionable Resources :    Usage  Request Allocated 
	   Cpus                 :     0.92        1         1 
	   Disk (KB)            :    72           1   2740328 
	   Memory (MB)          :  1963        2000      2000 

	Job terminated of its own accord at 2024-10-21T04:20:06Z with exit-code 0.
...
