000 (15556765.432.000) 10/21 05:59:06 Job submitted from host: <188.184.90.241:9618?addrs=188.184.90.241-9618+[2001-1458-201-e4--100-2eb]-9618&alias=bigbird15.cern.ch&noUDP&sock=schedd_25064_65d2>
...
040 (15556765.432.000) 10/21 06:04:31 Started transferring input files
	Transferring to host: <128.142.192.210:9618?addrs=128.142.192.210-9618+[2001-1458-301-56--100-4e]-9618&alias=b9g18p0299.cern.ch&noUDP&sock=slot1_12_4161_8d02_3798>
...
040 (15556765.432.000) 10/21 06:04:31 Finished transferring input files
...
001 (15556765.432.000) 10/21 06:04:32 Job executing on host: <128.142.192.210:9618?addrs=128.142.192.210-9618+[2001-1458-301-56--100-4e]-9618&alias=b9g18p0299.cern.ch&noUDP&sock=startd_3830_a3d1>
	SlotName: slot1_12@b9g18p0299.cern.ch
	CondorScratchDir = "/pool/condor/dir_3861930"
	Cpus = 1
	Disk = 3715
	GPUs = 0
	Memory = 2000
...
006 (15556765.432.000) 10/21 06:04:40 Image size of job updated: 145684
	143  -  MemoryUsage of job (MB)
	145684  -  ResidentSetSize of job (KB)
...
006 (15556765.432.000) 10/21 06:09:40 Image size of job updated: 751480
	734  -  MemoryUsage of job (MB)
	751480  -  ResidentSetSize of job (KB)
...
040 (15556765.432.000) 10/21 06:13:57 Started transferring output files
...
040 (15556765.432.000) 10/21 06:13:57 Finished transferring output files
...
005 (15556765.432.000) 10/21 06:13:57 Job terminated.
	(1) Normal termination (return value 0)
		Usr 0 00:08:18, Sys 0 00:00:08  -  Run Remote Usage
		Usr 0 00:00:00, Sys 0 00:00:00  -  Run Local Usage
		Usr 0 00:08:18, Sys 0 00:00:08  -  Total Remote Usage
		Usr 0 00:00:00, Sys 0 00:00:00  -  Total Local Usage
	13977  -  Run Bytes Sent By Job
	229  -  Run Bytes Received By Job
	13977  -  Total Bytes Sent By Job
	229  -  Total Bytes Received By Job
	Partitionable Resources :    Usage  Request Allocated 
	   Cpus                 :     0.92        1         1 
	   Disk (KB)            :    56           1      3715 
	   GPUs                 :                           0 
	   Memory (MB)          :   734        2000      2000 

	Job terminated of its own accord at 2024-10-21T04:13:57Z with exit-code 0.
...
