000 (15556765.234.000) 10/21 05:59:05 Job submitted from host: <188.184.90.241:9618?addrs=188.184.90.241-9618+[2001-1458-201-e4--100-2eb]-9618&alias=bigbird15.cern.ch&noUDP&sock=schedd_25064_65d2>
...
040 (15556765.234.000) 10/21 06:01:07 Started transferring input files
	Transferring to host: <128.142.161.114:9618?addrs=128.142.161.114-9618+[2001-1458-301-b8--100-30]-9618&alias=b9g03p3124.cern.ch&noUDP&sock=slot1_11_3830542_1db1_8825>
...
040 (15556765.234.000) 10/21 06:01:07 Finished transferring input files
...
001 (15556765.234.000) 10/21 06:01:08 Job executing on host: <128.142.161.114:9618?addrs=128.142.161.114-9618+[2001-1458-301-b8--100-30]-9618&alias=b9g03p3124.cern.ch&noUDP&sock=startd_3185_393b>
	SlotName: slot1_11@b9g03p3124.cern.ch
	CondorScratchDir = "/pool/condor/dir_1017975"
	Cpus = 1
	Disk = 2934452
	Memory = 2000
...
006 (15556765.234.000) 10/21 06:01:17 Image size of job updated: 183516
	180  -  MemoryUsage of job (MB)
	183516  -  ResidentSetSize of job (KB)
...
006 (15556765.234.000) 10/21 06:06:18 Image size of job updated: 307136
	300  -  MemoryUsage of job (MB)
	307136  -  ResidentSetSize of job (KB)
...
006 (15556765.234.000) 10/21 06:11:18 Image size of job updated: 960844
	936  -  MemoryUsage of job (MB)
	957468  -  ResidentSetSize of job (KB)
...
006 (15556765.234.000) 10/21 06:16:18 Image size of job updated: 960844
	936  -  MemoryUsage of job (MB)
	957588  -  ResidentSetSize of job (KB)
...
040 (15556765.234.000) 10/21 06:21:18 Started transferring output files
...
040 (15556765.234.000) 10/21 06:21:18 Finished transferring output files
...
009 (15556765.234.000) 10/21 06:21:18 Job was aborted.
	Job removed by SYSTEM_PERIODIC_REMOVE due to wall time exceeded allowed max.
...
