000 (15556765.598.000) 10/21 05:59:06 Job submitted from host: <188.184.90.241:9618?addrs=188.184.90.241-9618+[2001-1458-201-e4--100-2eb]-9618&alias=bigbird15.cern.ch&noUDP&sock=schedd_25064_65d2>
...
040 (15556765.598.000) 10/21 06:06:12 Started transferring input files
	Transferring to host: <128.142.51.206:9618?addrs=128.142.51.206-9618+[2001-1458-301-3--100-b]-9618&alias=b9g02p1247.cern.ch&noUDP&sock=slot1_11_7203_ea3e_27550>
...
040 (15556765.598.000) 10/21 06:06:12 Finished transferring input files
...
001 (15556765.598.000) 10/21 06:06:13 Job executing on host: <128.142.51.206:9618?addrs=128.142.51.206-9618+[2001-1458-301-3--100-b]-9618&alias=b9g02p1247.cern.ch&noUDP&sock=startd_6556_72fc>
	SlotName: slot1_11@b9g02p1247.cern.ch
	CondorScratchDir = "/pool/condor/dir_815549"
	Cpus = 1
	Disk = 3018698
	Memory = 2000
...
006 (15556765.598.000) 10/21 06:06:22 Image size of job updated: 664644
	649  -  MemoryUsage of job (MB)
	664520  -  ResidentSetSize of job (KB)
...
006 (15556765.598.000) 10/21 06:11:23 Image size of job updated: 1727304
	1680  -  MemoryUsage of job (MB)
	1719552  -  ResidentSetSize of job (KB)
...
006 (15556765.598.000) 10/21 06:16:23 Image size of job updated: 1727892
	1685  -  MemoryUsage of job (MB)
	1724632  -  ResidentSetSize of job (KB)
...
006 (15556765.598.000) 10/21 06:20:55 Image size of job updated: 1728412
	1685  -  MemoryUsage of job (MB)
	1724632  -  ResidentSetSize of job (KB)
...
040 (15556765.598.000) 10/21 06:20:55 Started transferring output files
...
040 (15556765.598.000) 10/21 06:20:55 Finished transferring output files
...
005 (15556765.598.000) 10/21 06:20:55 Job terminated.
	(1) Normal termination (return value 0)
		Usr 0 00:13:28, Sys 0 00:00:06  -  Run Remote Usage
		Usr 0 00:00:00, Sys 0 00:00:00  -  Run Local Usage
		Usr 0 00:13:28, Sys 0 00:00:06  -  Total Remote Usage
		Usr 0 00:00:00, Sys 0 00:00:00  -  Total Local Usage
	26498  -  Run Bytes Sent By Job
	229  -  Run Bytes Received By Job
	26498  -  Total Bytes Sent By Job
	229  -  Total Bytes Received By Job
	Partitionable Resources :    Usage  Request Allocated 
	   Cpus                 :     0.97        1         1 
	   Disk (KB)            :    67           1   3018698 
	   Memory (MB)          :  1685        2000      2000 

	Job terminated of its own accord at 2024-10-21T04:20:55Z with exit-code 0.
...
