000 (15556765.095.000) 10/21 05:59:05 Job submitted from host: <188.184.90.241:9618?addrs=188.184.90.241-9618+[2001-1458-201-e4--100-2eb]-9618&alias=bigbird15.cern.ch&noUDP&sock=schedd_25064_65d2>
...
040 (15556765.095.000) 10/21 06:00:18 Started transferring input files
	Transferring to host: <128.142.137.102:9618?addrs=128.142.137.102-9618+[2001-1458-301-5e--100-5a]-9618&alias=b9g19p6627.cern.ch&noUDP&sock=slot1_6_2797_7d4b_242673>
...
040 (15556765.095.000) 10/21 06:00:18 Finished transferring input files
...
001 (15556765.095.000) 10/21 06:00:19 Job executing on host: <128.142.137.102:9618?addrs=128.142.137.102-9618+[2001-1458-301-5e--100-5a]-9618&alias=b9g19p6627.cern.ch&noUDP&sock=startd_2398_6832>
	SlotName: slot1_6@b9g19p6627.cern.ch
	CondorScratchDir = "/pool/condor/dir_1817099"
	Cpus = 1
	Disk = 1704326
	Memory = 2000
...
006 (15556765.095.000) 10/21 06:00:28 Image size of job updated: 150576
	148  -  MemoryUsage of job (MB)
	150576  -  ResidentSetSize of job (KB)
...
006 (15556765.095.000) 10/21 06:05:29 Image size of job updated: 1023068
	1000  -  MemoryUsage of job (MB)
	1023068  -  ResidentSetSize of job (KB)
...
006 (15556765.095.000) 10/21 06:10:30 Image size of job updated: 1023484
	1000  -  MemoryUsage of job (MB)
	1023484  -  ResidentSetSize of job (KB)
...
040 (15556765.095.000) 10/21 06:13:36 Started transferring output files
...
040 (15556765.095.000) 10/21 06:13:36 Finished transferring output files
...
005 (15556765.095.000) 10/21 06:13:36 Job terminated.
	(1) Normal termination (return value 0)
		Usr 0 00:11:54, Sys 0 00:00:10  -  Run Remote Usage
		Usr 0 00:00:00, Sys 0 00:00:00  -  Run Local Usage
		Usr 0 00:11:54, Sys 0 00:00:10  -  Total Remote Usage
		Usr 0 00:00:00, Sys 0 00:00:00  -  Total Local Usage
	10069  -  Run Bytes Sent By Job
	229  -  Run Bytes Received By Job
	10069  -  Total Bytes Sent By Job
	229  -  Total Bytes Received By Job
	Partitionable Resources :    Usage  Request Allocated 
	   Cpus                 :     0.96        1         1 
	   Disk (KB)            :    51           1   1704326 
	   Memory (MB)          :  1000        2000      2000 

	Job terminated of its own accord at 2024-10-21T04:13:36Z with exit-code 0.
...
000 (15556766.095.000) 10/21 07:29:12 Job submitted from host: <188.184.90.241:9618?addrs=188.184.90.241-9618+[2001-1458-201-e4--100-2eb]-9618&alias=bigbird15.cern.ch&noUDP&sock=schedd_25064_65d2>
...
040 (15556766.095.000) 10/21 07:30:27 Started transferring input files
	Transferring to host: <128.142.248.65:9618?addrs=128.142.248.65-9618+[2001-1458-301-73--100-131]-9618&alias=b9g23p4661.cern.ch&noUDP&sock=slot1_27_8448_2151_57389>
...
040 (15556766.095.000) 10/21 07:30:27 Finished transferring input files
...
001 (15556766.095.000) 10/21 07:30:28 Job executing on host: <128.142.248.65:9618?addrs=128.142.248.65-9618+[2001-1458-301-73--100-131]-9618&alias=b9g23p4661.cern.ch&noUDP&sock=startd_7840_2a97>
	SlotName: slot1_27@b9g23p4661.cern.ch
	CondorScratchDir = "/pool/condor/dir_597903"
	Cpus = 1
	Disk = 3008448
	Memory = 2000
...
006 (15556766.095.000) 10/21 07:30:37 Image size of job updated: 154968
	152  -  MemoryUsage of job (MB)
	154968  -  ResidentSetSize of job (KB)
...
006 (15556766.095.000) 10/21 07:35:38 Image size of job updated: 1003992
	979  -  MemoryUsage of job (MB)
	1001512  -  ResidentSetSize of job (KB)
...
006 (15556766.095.000) 10/21 07:40:39 Image size of job updated: 1004732
	979  -  MemoryUsage of job (MB)
	1001560  -  ResidentSetSize of job (KB)
...
006 (15556766.095.000) 10/21 07:45:39 Image size of job updated: 1005064
	979  -  MemoryUsage of job (MB)
	1001560  -  ResidentSetSize of job (KB)
...
040 (15556766.095.000) 10/21 07:50:40 Started transferring output files
...
040 (15556766.095.000) 10/21 07:50:40 Finished transferring output files
...
009 (15556766.095.000) 10/21 07:50:40 Job was aborted.
	Job removed by SYSTEM_PERIODIC_REMOVE due to wall time exceeded allowed max.
...
