000 (15556765.291.000) 10/21 05:59:05 Job submitted from host: <188.184.90.241:9618?addrs=188.184.90.241-9618+[2001-1458-201-e4--100-2eb]-9618&alias=bigbird15.cern.ch&noUDP&sock=schedd_25064_65d2>
...
040 (15556765.291.000) 10/21 06:01:33 Started transferring input files
	Transferring to host: <188.185.198.118:9618?addrs=188.185.198.118-9618+[2001-1458-303-25--100-72]-9618&alias=b9p15p7770.cern.ch&noUDP&sock=slot1_36_10789_9390_81605>
...
040 (15556765.291.000) 10/21 06:01:33 Finished transferring input files
...
001 (15556765.291.000) 10/21 06:01:34 Job executing on host: <188.185.198.118:9618?addrs=188.185.198.118-9618+[2001-1458-303-25--100-72]-9618&alias=b9p15p7770.cern.ch&noUDP&sock=startd_10428_51b1>
	SlotName: slot1_36@b9p15p7770.cern.ch
	CondorScratchDir = "/pool/condor/dir_592122"
	Cpus = 1
	Disk = 2933151
	Memory = 2000
...
006 (15556765.291.000) 10/21 06:01:42 Image size of job updated: 166448
	163  -  MemoryUsage of job (MB)
	166056  -  ResidentSetSize of job (KB)
...
006 (15556765.291.000) 10/21 06:06:42 Image size of job updated: 753752
	734  -  MemoryUsage of job (MB)
	751448  -  ResidentSetSize of job (KB)
...
006 (15556765.291.000) 10/21 06:07:23 Image size of job updated: 753768
	734  -  MemoryUsage of job (MB)
	751448  -  ResidentSetSize of job (KB)
...
040 (15556765.291.000) 10/21 06:07:23 Started transferring output files
...
040 (15556765.291.000) 10/21 06:07:23 Finished transferring output files
...
005 (15556765.291.000) 10/21 06:07:23 Job terminated.
	(1) Normal termination (return value 0)
		Usr 0 00:04:51, Sys 0 00:00:07  -  Run Remote Usage
		Usr 0 00:00:00, Sys 0 00:00:00  -  Run Local Usage
		Usr 0 00:04:51, Sys 0 00:00:07  -  Total Remote Usage
		Usr 0 00:00:00, Sys 0 00:00:00  -  Total Local Usage
	8656  -  Run Bytes Sent By Job
	229  -  Run Bytes Received By Job
	8656  -  Total Bytes Sent By Job
	229  -  Total Bytes Received By Job
	Partitionable Resources :    Usage  Request Allocated 
	   Cpus                 :        0        1         1 
	   Disk (KB)            :       50        1   2933151 
	   Memory (MB)          :      734     2000      2000 

	Job terminated of its own accord at 2024-10-21T04:07:23Z with exit-code 0.
...
