000 (15556765.475.000) 10/21 05:59:06 Job submitted from host: <188.184.90.241:9618?addrs=188.184.90.241-9618+[2001-1458-201-e4--100-2eb]-9618&alias=bigbird15.cern.ch&noUDP&sock=schedd_25064_65d2>
...
040 (15556765.475.000) 10/21 06:05:30 Started transferring input files
	Transferring to host: <188.185.194.149:9618?addrs=188.185.194.149-9618+[2001-1458-303-21--100-91]-9618&alias=b9p20p9323.cern.ch&noUDP&sock=slot1_13_3930878_e7a1_65484>
...
040 (15556765.475.000) 10/21 06:05:30 Finished transferring input files
...
001 (15556765.475.000) 10/21 06:05:31 Job executing on host: <188.185.194.149:9618?addrs=188.185.194.149-9618+[2001-1458-303-21--100-91]-9618&alias=b9p20p9323.cern.ch&noUDP&sock=startd_177390_5d22>
	SlotName: slot1_13@b9p20p9323.cern.ch
	CondorScratchDir = "/pool/condor/dir_3128847"
	Cpus = 1
	Disk = 2857766
	Memory = 2000
...
006 (15556765.475.000) 10/21 06:05:40 Image size of job updated: 197444
	193  -  MemoryUsage of job (MB)
	197444  -  ResidentSetSize of job (KB)
...
006 (15556765.475.000) 10/21 06:10:41 Image size of job updated: 1538628
	1499  -  MemoryUsage of job (MB)
	1534312  -  ResidentSetSize of job (KB)
...
006 (15556765.475.000) 10/21 06:15:42 Image size of job updated: 1538628
	1500  -  MemoryUsage of job (MB)
	1535148  -  ResidentSetSize of job (KB)
...
040 (15556765.475.000) 10/21 06:17:03 Started transferring output files
...
040 (15556765.475.000) 10/21 06:17:03 Finished transferring output files
...
005 (15556765.475.000) 10/21 06:17:03 Job terminated.
	(1) Normal termination (return value 0)
		Usr 0 00:07:14, Sys 0 00:00:08  -  Run Remote Usage
		Usr 0 00:00:00, Sys 0 00:00:00  -  Run Local Usage
		Usr 0 00:07:14, Sys 0 00:00:08  -  Total Remote Usage
		Usr 0 00:00:00, Sys 0 00:00:00  -  Total Local Usage
	12976  -  Run Bytes Sent By Job
	229  -  Run Bytes Received By Job
	12976  -  Total Bytes Sent By Job
	229  -  Total Bytes Received By Job
	Partitionable Resources :    Usage  Request Allocated 
	   Cpus                 :     0.05        1         1 
	   Disk (KB)            :   550           1   2857766 
	   Memory (MB)          :  1500        2000      2000 

	Job terminated of its own accord at 2024-10-21T04:17:03Z with exit-code 0.
...
