000 (15556765.341.000) 10/21 05:59:06 Job submitted from host: <188.184.90.241:9618?addrs=188.184.90.241-9618+[2001-1458-201-e4--100-2eb]-9618&alias=bigbird15.cern.ch&noUDP&sock=schedd_25064_65d2>
...
040 (15556765.341.000) 10/21 06:01:47 Started transferring input files
	Transferring to host: <188.185.195.176:9618?addrs=188.185.195.176-9618+[2001-1458-303-22--100-ac]-9618&alias=b9p17p4674.cern.ch&noUDP&sock=slot1_10_2853296_e735_76515>
...
040 (15556765.341.000) 10/21 06:01:47 Finished transferring input files
...
001 (15556765.341.000) 10/21 06:01:48 Job executing on host: <188.185.195.176:9618?addrs=188.185.195.176-9618+[2001-1458-303-22--100-ac]-9618&alias=b9p17p4674.cern.ch&noUDP&sock=startd_128375_2694>
	SlotName: slot1_10@b9p17p4674.cern.ch
	CondorScratchDir = "/pool/condor/dir_2154272"
	Cpus = 1
	Disk = 2979629
	Memory = 2000
...
006 (15556765.341.000) 10/21 06:01:57 Image size of job updated: 157948
	155  -  MemoryUsage of job (MB)
	157940  -  ResidentSetSize of job (KB)
...
006 (15556765.341.000) 10/21 06:06:59 Image size of job updated: 756200
	736  -  MemoryUsage of job (MB)
	753452  -  ResidentSetSize of job (KB)
...
040 (15556765.341.000) 10/21 06:07:22 Started transferring output files
...
040 (15556765.341.000) 10/21 06:07:22 Finished transferring output files
...
005 (15556765.341.000) 10/21 06:07:22 Job terminated.
	(1) Normal termination (return value 0)
		Usr 0 00:02:52, Sys 0 00:00:04  -  Run Remote Usage
		Usr 0 00:00:00, Sys 0 00:00:00  -  Run Local Usage
		Usr 0 00:02:52, Sys 0 00:00:04  -  Total Remote Usage
		Usr 0 00:00:00, Sys 0 00:00:00  -  Total Local Usage
	5541  -  Run Bytes Sent By Job
	229  -  Run Bytes Received By Job
	5541  -  Total Bytes Sent By Job
	229  -  Total Bytes Received By Job
	Partitionable Resources :    Usage  Request Allocated 
	   Cpus                 :        0        1         1 
	   Disk (KB)            :       47        1   2979629 
	   Memory (MB)          :      736     2000      2000 

	Job terminated of its own accord at 2024-10-21T04:07:22Z with exit-code 0.
...
