000 (15556765.385.000) 10/21 05:59:06 Job submitted from host: <188.184.90.241:9618?addrs=188.184.90.241-9618+[2001-1458-201-e4--100-2eb]-9618&alias=bigbird15.cern.ch&noUDP&sock=schedd_25064_65d2>
...
040 (15556765.385.000) 10/21 06:02:04 Started transferring input files
	Transferring to host: <188.185.207.139:9618?addrs=188.185.207.139-9618+[2001-1458-303-e--100-8]-9618&alias=b9p08p1203.cern.ch&noUDP&sock=slot1_36_64850_7106_192257>
...
040 (15556765.385.000) 10/21 06:02:04 Finished transferring input files
...
001 (15556765.385.000) 10/21 06:02:05 Job executing on host: <188.185.207.139:9618?addrs=188.185.207.139-9618+[2001-1458-303-e--100-8]-9618&alias=b9p08p1203.cern.ch&noUDP&sock=startd_3519_51dc>
	SlotName: slot1_36@b9p08p1203.cern.ch
	CondorScratchDir = "/pool/condor/dir_2380969"
	Cpus = 1
	Disk = 2598295
	Memory = 2000
...
006 (15556765.385.000) 10/21 06:02:13 Image size of job updated: 149812
	145  -  MemoryUsage of job (MB)
	148356  -  ResidentSetSize of job (KB)
...
006 (15556765.385.000) 10/21 06:07:13 Image size of job updated: 755704
	736  -  MemoryUsage of job (MB)
	752984  -  ResidentSetSize of job (KB)
...
040 (15556765.385.000) 10/21 06:08:19 Started transferring output files
...
040 (15556765.385.000) 10/21 06:08:19 Finished transferring output files
...
005 (15556765.385.000) 10/21 06:08:19 Job terminated.
	(1) Normal termination (return value 0)
		Usr 0 00:05:16, Sys 0 00:00:08  -  Run Remote Usage
		Usr 0 00:00:00, Sys 0 00:00:00  -  Run Local Usage
		Usr 0 00:05:16, Sys 0 00:00:08  -  Total Remote Usage
		Usr 0 00:00:00, Sys 0 00:00:00  -  Total Local Usage
	13602  -  Run Bytes Sent By Job
	229  -  Run Bytes Received By Job
	13602  -  Total Bytes Sent By Job
	229  -  Total Bytes Received By Job
	Partitionable Resources :    Usage  Request Allocated 
	   Cpus                 :        0        1         1 
	   Disk (KB)            :       58        1   2598295 
	   Memory (MB)          :      736     2000      2000 

	Job terminated of its own accord at 2024-10-21T04:08:19Z with exit-code 0.
...
