000 (15556765.024.000) 10/21 05:59:05 Job submitted from host: <188.184.90.241:9618?addrs=188.184.90.241-9618+[2001-1458-201-e4--100-2eb]-9618&alias=bigbird15.cern.ch&noUDP&sock=schedd_25064_65d2>
...
040 (15556765.024.000) 10/21 05:59:55 Started transferring input files
	Transferring to host: <128.142.248.75:9618?addrs=128.142.248.75-9618+[2001-1458-301-73--100-13b]-9618&alias=b9g23p9989.cern.ch&noUDP&sock=slot1_26_3590_3acb_31927>
...
040 (15556765.024.000) 10/21 05:59:55 Finished transferring input files
...
001 (15556765.024.000) 10/21 05:59:56 Job executing on host: <128.142.248.75:9618?addrs=128.142.248.75-9618+[2001-1458-301-73--100-13b]-9618&alias=b9g23p9989.cern.ch&noUDP&sock=startd_2774_4fce>
	SlotName: slot1_26@b9g23p9989.cern.ch
	CondorScratchDir = "/pool/condor/dir_1321019"
	Cpus = 1
	Disk = 2913020
	Memory = 2000
...
006 (15556765.024.000) 10/21 06:00:05 Image size of job updated: 624848
	611  -  MemoryUsage of job (MB)
	624732  -  ResidentSetSize of job (KB)
...
006 (15556765.024.000) 10/21 06:03:14 Image size of job updated: 2303528
	1309  -  MemoryUsage of job (MB)
	1339880  -  ResidentSetSize of job (KB)
...
040 (15556765.024.000) 10/21 06:03:14 Started transferring output files
...
040 (15556765.024.000) 10/21 06:03:14 Finished transferring output files
...
005 (15556765.024.000) 10/21 06:03:15 Job terminated.
	(1) Normal termination (return value 0)
		Usr 0 00:02:51, Sys 0 00:00:07  -  Run Remote Usage
		Usr 0 00:00:00, Sys 0 00:00:00  -  Run Local Usage
		Usr 0 00:02:51, Sys 0 00:00:07  -  Total Remote Usage
		Usr 0 00:00:00, Sys 0 00:00:00  -  Total Local Usage
	2606  -  Run Bytes Sent By Job
	229  -  Run Bytes Received By Job
	2606  -  Total Bytes Sent By Job
	229  -  Total Bytes Received By Job
	Partitionable Resources :    Usage  Request Allocated 
	   Cpus                 :        0        1         1 
	   Disk (KB)            :       44        1   2913020 
	   Memory (MB)          :     1309     2000      2000 

	Job terminated of its own accord at 2024-10-21T04:03:14Z with exit-code 0.
...
000 (15556766.024.000) 10/21 07:29:07 Job submitted from host: <188.184.90.241:9618?addrs=188.184.90.241-9618+[2001-1458-201-e4--100-2eb]-9618&alias=bigbird15.cern.ch&noUDP&sock=schedd_25064_65d2>
...
040 (15556766.024.000) 10/21 07:30:04 Started transferring input files
	Transferring to host: <188.185.196.21:9618?addrs=188.185.196.21-9618+[2001-1458-303-23--100-11]-9618&alias=b9p16p7886.cern.ch&noUDP&sock=slot1_18_2594555_763c_69232>
...
040 (15556766.024.000) 10/21 07:30:04 Finished transferring input files
...
001 (15556766.024.000) 10/21 07:30:05 Job executing on host: <188.185.196.21:9618?addrs=188.185.196.21-9618+[2001-1458-303-23--100-11]-9618&alias=b9p16p7886.cern.ch&noUDP&sock=startd_167264_c522>
	SlotName: slot1_18@b9p16p7886.cern.ch
	CondorScratchDir = "/pool/condor/dir_3762381"
	Cpus = 1
	Disk = 3067952
	Memory = 2000
...
006 (15556766.024.000) 10/21 07:30:14 Image size of job updated: 267828
	262  -  MemoryUsage of job (MB)
	267828  -  ResidentSetSize of job (KB)
...
006 (15556766.024.000) 10/21 07:35:16 Image size of job updated: 793928
	773  -  MemoryUsage of job (MB)
	791376  -  ResidentSetSize of job (KB)
...
006 (15556766.024.000) 10/21 07:40:16 Image size of job updated: 805452
	783  -  MemoryUsage of job (MB)
	800856  -  ResidentSetSize of job (KB)
...
006 (15556766.024.000) 10/21 07:45:16 Image size of job updated: 806984
	783  -  MemoryUsage of job (MB)
	800856  -  ResidentSetSize of job (KB)
...
040 (15556766.024.000) 10/21 07:47:59 Started transferring output files
...
040 (15556766.024.000) 10/21 07:47:59 Finished transferring output files
...
005 (15556766.024.000) 10/21 07:47:59 Job terminated.
	(1) Normal termination (return value 0)
		Usr 0 00:16:10, Sys 0 00:00:06  -  Run Remote Usage
		Usr 0 00:00:00, Sys 0 00:00:00  -  Run Local Usage
		Usr 0 00:16:10, Sys 0 00:00:06  -  Total Remote Usage
		Usr 0 00:00:00, Sys 0 00:00:00  -  Total Local Usage
	39585  -  Run Bytes Sent By Job
	229  -  Run Bytes Received By Job
	39585  -  Total Bytes Sent By Job
	229  -  Total Bytes Received By Job
	Partitionable Resources :    Usage  Request Allocated 
	   Cpus                 :     0.93        1         1 
	   Disk (KB)            :    79           1   3067952 
	   Memory (MB)          :   783        2000      2000 

	Job terminated of its own accord at 2024-10-21T05:47:59Z with exit-code 0.
...
