000 (15556765.447.000) 10/21 05:59:06 Job submitted from host: <188.184.90.241:9618?addrs=188.184.90.241-9618+[2001-1458-201-e4--100-2eb]-9618&alias=bigbird15.cern.ch&noUDP&sock=schedd_25064_65d2>
...
040 (15556765.447.000) 10/21 06:05:07 Started transferring input files
	Transferring to host: <188.185.198.74:9618?addrs=188.185.198.74-9618+[2001-1458-303-25--100-46]-9618&alias=b9p15p6018.cern.ch&noUDP&sock=slot1_28_9334_65b5_3490>
...
040 (15556765.447.000) 10/21 06:05:07 Finished transferring input files
...
001 (15556765.447.000) 10/21 06:05:08 Job executing on host: <188.185.198.74:9618?addrs=188.185.198.74-9618+[2001-1458-303-25--100-46]-9618&alias=b9p15p6018.cern.ch&noUDP&sock=startd_9210_df57>
	SlotName: slot1_28@b9p15p6018.cern.ch
	CondorScratchDir = "/pool/condor/dir_1623892"
	Cpus = 1
	Disk = 3872
	GPUs = 0
	Memory = 2000
...
006 (15556765.447.000) 10/21 06:05:17 Image size of job updated: 183920
	180  -  MemoryUsage of job (MB)
	183920  -  ResidentSetSize of job (KB)
...
006 (15556765.447.000) 10/21 06:10:18 Image size of job updated: 752108
	735  -  MemoryUsage of job (MB)
	752108  -  ResidentSetSize of job (KB)
...
040 (15556765.447.000) 10/21 06:12:51 Started transferring output files
...
040 (15556765.447.000) 10/21 06:12:51 Finished transferring output files
...
005 (15556765.447.000) 10/21 06:12:51 Job terminated.
	(1) Normal termination (return value 0)
		Usr 0 00:06:44, Sys 0 00:00:05  -  Run Remote Usage
		Usr 0 00:00:00, Sys 0 00:00:00  -  Run Local Usage
		Usr 0 00:06:44, Sys 0 00:00:05  -  Total Remote Usage
		Usr 0 00:00:00, Sys 0 00:00:00  -  Total Local Usage
	13910  -  Run Bytes Sent By Job
	229  -  Run Bytes Received By Job
	13910  -  Total Bytes Sent By Job
	229  -  Total Bytes Received By Job
	Partitionable Resources :    Usage  Request Allocated 
	   Cpus                 :     0.90        1         1 
	   Disk (KB)            :    56           1      3872 
	   GPUs                 :                           0 
	   Memory (MB)          :   735        2000      2000 

	Job terminated of its own accord at 2024-10-21T04:12:51Z with exit-code 0.
...
