000 (15556765.337.000) 10/21 05:59:06 Job submitted from host: <188.184.90.241:9618?addrs=188.184.90.241-9618+[2001-1458-201-e4--100-2eb]-9618&alias=bigbird15.cern.ch&noUDP&sock=schedd_25064_65d2>
...
040 (15556765.337.000) 10/21 06:01:46 Started transferring input files
	Transferring to host: <188.185.215.152:9618?addrs=188.185.215.152-9618+[2001-1458-303-26--100-14]-9618&alias=b9p18p4407.cern.ch&noUDP&sock=slot1_27_2226501_1f85_63395>
...
040 (15556765.337.000) 10/21 06:01:46 Finished transferring input files
...
001 (15556765.337.000) 10/21 06:01:47 Job executing on host: <188.185.215.152:9618?addrs=188.185.215.152-9618+[2001-1458-303-26--100-14]-9618&alias=b9p18p4407.cern.ch&noUDP&sock=startd_6422_894c>
	SlotName: slot1_27@b9p18p4407.cern.ch
	CondorScratchDir = "/pool/condor/dir_1313009"
	Cpus = 1
	Disk = 2920972
	Memory = 2000
...
006 (15556765.337.000) 10/21 06:01:56 Image size of job updated: 548412
	536  -  MemoryUsage of job (MB)
	548408  -  ResidentSetSize of job (KB)
...
006 (15556765.337.000) 10/21 06:06:57 Image size of job updated: 1784204
	1740  -  MemoryUsage of job (MB)
	1781696  -  ResidentSetSize of job (KB)
...
006 (15556765.337.000) 10/21 06:10:21 Image size of job updated: 1785128
	1740  -  MemoryUsage of job (MB)
	1781696  -  ResidentSetSize of job (KB)
...
040 (15556765.337.000) 10/21 06:10:21 Started transferring output files
...
040 (15556765.337.000) 10/21 06:10:21 Finished transferring output files
...
005 (15556765.337.000) 10/21 06:10:21 Job terminated.
	(1) Normal termination (return value 0)
		Usr 0 00:07:12, Sys 0 00:00:08  -  Run Remote Usage
		Usr 0 00:00:00, Sys 0 00:00:00  -  Run Local Usage
		Usr 0 00:07:12, Sys 0 00:00:08  -  Total Remote Usage
		Usr 0 00:00:00, Sys 0 00:00:00  -  Total Local Usage
	11172  -  Run Bytes Sent By Job
	229  -  Run Bytes Received By Job
	11172  -  Total Bytes Sent By Job
	229  -  Total Bytes Received By Job
	Partitionable Resources :    Usage  Request Allocated 
	   Cpus                 :     0.89        1         1 
	   Disk (KB)            :    52           1   2920972 
	   Memory (MB)          :  1740        2000      2000 

	Job terminated of its own accord at 2024-10-21T04:10:21Z with exit-code 0.
...
