000 (15556765.320.000) 10/21 05:59:05 Job submitted from host: <188.184.90.241:9618?addrs=188.184.90.241-9618+[2001-1458-201-e4--100-2eb]-9618&alias=bigbird15.cern.ch&noUDP&sock=schedd_25064_65d2>
...
040 (15556765.320.000) 10/21 06:01:40 Started transferring input files
	Transferring to host: <188.185.195.178:9618?addrs=188.185.195.178-9618+[2001-1458-303-22--100-ae]-9618&alias=b9p17p7355.cern.ch&noUDP&sock=slot1_29_6704_530a_59616>
...
040 (15556765.320.000) 10/21 06:01:40 Finished transferring input files
...
001 (15556765.320.000) 10/21 06:01:41 Job executing on host: <188.185.195.178:9618?addrs=188.185.195.178-9618+[2001-1458-303-22--100-ae]-9618&alias=b9p17p7355.cern.ch&noUDP&sock=startd_5903_8ba4>
	SlotName: slot1_29@b9p17p7355.cern.ch
	CondorScratchDir = "/pool/condor/dir_2528740"
	Cpus = 1
	Disk = 3030192
	Memory = 2000
...
006 (15556765.320.000) 10/21 06:01:50 Image size of job updated: 209964
	206  -  MemoryUsage of job (MB)
	209964  -  ResidentSetSize of job (KB)
...
006 (15556765.320.000) 10/21 06:06:51 Image size of job updated: 786024
	765  -  MemoryUsage of job (MB)
	782568  -  ResidentSetSize of job (KB)
...
040 (15556765.320.000) 10/21 06:11:32 Started transferring output files
...
040 (15556765.320.000) 10/21 06:11:32 Finished transferring output files
...
005 (15556765.320.000) 10/21 06:11:32 Job terminated.
	(1) Normal termination (return value 0)
		Usr 0 00:06:33, Sys 0 00:00:04  -  Run Remote Usage
		Usr 0 00:00:00, Sys 0 00:00:00  -  Run Local Usage
		Usr 0 00:06:33, Sys 0 00:00:04  -  Total Remote Usage
		Usr 0 00:00:00, Sys 0 00:00:00  -  Total Local Usage
	13258  -  Run Bytes Sent By Job
	229  -  Run Bytes Received By Job
	13258  -  Total Bytes Sent By Job
	229  -  Total Bytes Received By Job
	Partitionable Resources :    Usage  Request Allocated 
	   Cpus                 :     0.96        1         1 
	   Disk (KB)            :    54           1   3030192 
	   Memory (MB)          :   765        2000      2000 

	Job terminated of its own accord at 2024-10-21T04:11:32Z with exit-code 0.
...
