000 (15556765.118.000) 10/21 05:59:05 Job submitted from host: <188.184.90.241:9618?addrs=188.184.90.241-9618+[2001-1458-201-e4--100-2eb]-9618&alias=bigbird15.cern.ch&noUDP&sock=schedd_25064_65d2>
...
040 (15556765.118.000) 10/21 06:00:26 Started transferring input files
	Transferring to host: <188.185.210.148:9618?addrs=188.185.210.148-9618+[2001-1458-303-15--100-10]-9618&alias=b9p22p2244.cern.ch&noUDP&sock=slot1_6_5528_b9da_72846>
...
040 (15556765.118.000) 10/21 06:00:26 Finished transferring input files
...
001 (15556765.118.000) 10/21 06:00:27 Job executing on host: <188.185.210.148:9618?addrs=188.185.210.148-9618+[2001-1458-303-15--100-10]-9618&alias=b9p22p2244.cern.ch&noUDP&sock=startd_4707_305f>
	SlotName: slot1_6@b9p22p2244.cern.ch
	CondorScratchDir = "/pool/condor/dir_2748341"
	Cpus = 1
	Disk = 2740943
	Memory = 2000
...
006 (15556765.118.000) 10/21 06:00:36 Image size of job updated: 536552
	524  -  MemoryUsage of job (MB)
	536552  -  ResidentSetSize of job (KB)
...
006 (15556765.118.000) 10/21 06:05:37 Image size of job updated: 2581092
	2516  -  MemoryUsage of job (MB)
	2576304  -  ResidentSetSize of job (KB)
...
006 (15556765.118.000) 10/21 06:08:07 Image size of job updated: 2583296
	2516  -  MemoryUsage of job (MB)
	2576304  -  ResidentSetSize of job (KB)
...
040 (15556765.118.000) 10/21 06:08:07 Started transferring output files
...
040 (15556765.118.000) 10/21 06:08:07 Finished transferring output files
...
005 (15556765.118.000) 10/21 06:08:07 Job terminated.
	(1) Normal termination (return value 0)
		Usr 0 00:04:07, Sys 0 00:00:09  -  Run Remote Usage
		Usr 0 00:00:00, Sys 0 00:00:00  -  Run Local Usage
		Usr 0 00:04:07, Sys 0 00:00:09  -  Total Remote Usage
		Usr 0 00:00:00, Sys 0 00:00:00  -  Total Local Usage
	5683  -  Run Bytes Sent By Job
	229  -  Run Bytes Received By Job
	5683  -  Total Bytes Sent By Job
	229  -  Total Bytes Received By Job
	Partitionable Resources :    Usage  Request Allocated 
	   Cpus                 :     0.84        1         1 
	   Disk (KB)            :    47           1   2740943 
	   Memory (MB)          :  2516        2000      2000 

	Job terminated of its own accord at 2024-10-21T04:08:07Z with exit-code 0.
...
000 (15556766.118.000) 10/21 07:29:12 Job submitted from host: <188.184.90.241:9618?addrs=188.184.90.241-9618+[2001-1458-201-e4--100-2eb]-9618&alias=bigbird15.cern.ch&noUDP&sock=schedd_25064_65d2>
...
040 (15556766.118.000) 10/21 07:30:35 Started transferring input files
	Transferring to host: <128.142.130.47:9618?addrs=128.142.130.47-9618+[2001-1458-301-58--100-23]-9618&alias=b9g20p6225.cern.ch&noUDP&sock=slot1_13_2852_3ded_57115>
...
040 (15556766.118.000) 10/21 07:30:35 Finished transferring input files
...
001 (15556766.118.000) 10/21 07:30:36 Job executing on host: <128.142.130.47:9618?addrs=128.142.130.47-9618+[2001-1458-301-58--100-23]-9618&alias=b9g20p6225.cern.ch&noUDP&sock=startd_2461_9ea9>
	SlotName: slot1_13@b9g20p6225.cern.ch
	CondorScratchDir = "/pool/condor/dir_956363"
	Cpus = 1
	Disk = 1781769
	Memory = 2000
...
006 (15556766.118.000) 10/21 07:30:45 Image size of job updated: 150044
	147  -  MemoryUsage of job (MB)
	150044  -  ResidentSetSize of job (KB)
...
006 (15556766.118.000) 10/21 07:35:46 Image size of job updated: 999916
	977  -  MemoryUsage of job (MB)
	999916  -  ResidentSetSize of job (KB)
...
006 (15556766.118.000) 10/21 07:40:46 Image size of job updated: 1000128
	977  -  MemoryUsage of job (MB)
	1000128  -  ResidentSetSize of job (KB)
...
040 (15556766.118.000) 10/21 07:50:47 Started transferring output files
...
040 (15556766.118.000) 10/21 07:50:48 Finished transferring output files
...
009 (15556766.118.000) 10/21 07:50:48 Job was aborted.
	Job removed by SYSTEM_PERIODIC_REMOVE due to wall time exceeded allowed max.
...
