000 (15556765.218.000) 10/21 05:59:05 Job submitted from host: <188.184.90.241:9618?addrs=188.184.90.241-9618+[2001-1458-201-e4--100-2eb]-9618&alias=bigbird15.cern.ch&noUDP&sock=schedd_25064_65d2>
...
040 (15556765.218.000) 10/21 06:01:01 Started transferring input files
	Transferring to host: <188.185.207.139:9618?addrs=188.185.207.139-9618+[2001-1458-303-e--100-8]-9618&alias=b9p08p1203.cern.ch&noUDP&sock=slot1_35_64850_7106_192254>
...
040 (15556765.218.000) 10/21 06:01:01 Finished transferring input files
...
001 (15556765.218.000) 10/21 06:01:02 Job executing on host: <188.185.207.139:9618?addrs=188.185.207.139-9618+[2001-1458-303-e--100-8]-9618&alias=b9p08p1203.cern.ch&noUDP&sock=startd_3519_51dc>
	SlotName: slot1_35@b9p08p1203.cern.ch
	CondorScratchDir = "/pool/condor/dir_2375056"
	Cpus = 1
	Disk = 2599533
	Memory = 2000
...
006 (15556765.218.000) 10/21 06:01:11 Image size of job updated: 166832
	163  -  MemoryUsage of job (MB)
	166408  -  ResidentSetSize of job (KB)
...
006 (15556765.218.000) 10/21 06:06:12 Image size of job updated: 964356
	941  -  MemoryUsage of job (MB)
	963288  -  ResidentSetSize of job (KB)
...
006 (15556765.218.000) 10/21 06:11:13 Image size of job updated: 964884
	941  -  MemoryUsage of job (MB)
	963288  -  ResidentSetSize of job (KB)
...
006 (15556765.218.000) 10/21 06:21:13 Image size of job updated: 966276
	941  -  MemoryUsage of job (MB)
	963288  -  ResidentSetSize of job (KB)
...
040 (15556765.218.000) 10/21 06:21:13 Started transferring output files
...
040 (15556765.218.000) 10/21 06:21:13 Finished transferring output files
...
009 (15556765.218.000) 10/21 06:21:13 Job was aborted.
	Job removed by SYSTEM_PERIODIC_REMOVE due to wall time exceeded allowed max.
...
