000 (15556765.384.000) 10/21 05:59:06 Job submitted from host: <188.184.90.241:9618?addrs=188.184.90.241-9618+[2001-1458-201-e4--100-2eb]-9618&alias=bigbird15.cern.ch&noUDP&sock=schedd_25064_65d2>
...
040 (15556765.384.000) 10/21 06:02:02 Started transferring input files
	Transferring to host: <188.185.205.180:9618?addrs=188.185.205.180-9618+[2001-1458-303-a--100-31]-9618&alias=b9p04p8901.cern.ch&noUDP&sock=slot1_27_3676_d30f_188243>
...
040 (15556765.384.000) 10/21 06:02:02 Finished transferring input files
...
001 (15556765.384.000) 10/21 06:02:03 Job executing on host: <188.185.205.180:9618?addrs=188.185.205.180-9618+[2001-1458-303-a--100-31]-9618&alias=b9p04p8901.cern.ch&noUDP&sock=startd_3327_9fad>
	SlotName: slot1_27@b9p04p8901.cern.ch
	CondorScratchDir = "/pool/condor/dir_4129693"
	Cpus = 1
	Disk = 2604548
	Memory = 2000
...
006 (15556765.384.000) 10/21 06:02:12 Image size of job updated: 173856
	170  -  MemoryUsage of job (MB)
	173656  -  ResidentSetSize of job (KB)
...
006 (15556765.384.000) 10/21 06:07:13 Image size of job updated: 756804
	739  -  MemoryUsage of job (MB)
	755952  -  ResidentSetSize of job (KB)
...
006 (15556765.384.000) 10/21 06:10:55 Image size of job updated: 758192
	739  -  MemoryUsage of job (MB)
	755952  -  ResidentSetSize of job (KB)
...
040 (15556765.384.000) 10/21 06:10:55 Started transferring output files
...
040 (15556765.384.000) 10/21 06:10:55 Finished transferring output files
...
005 (15556765.384.000) 10/21 06:10:55 Job terminated.
	(1) Normal termination (return value 0)
		Usr 0 00:05:29, Sys 0 00:00:07  -  Run Remote Usage
		Usr 0 00:00:00, Sys 0 00:00:00  -  Run Local Usage
		Usr 0 00:05:29, Sys 0 00:00:07  -  Total Remote Usage
		Usr 0 00:00:00, Sys 0 00:00:00  -  Total Local Usage
	13622  -  Run Bytes Sent By Job
	229  -  Run Bytes Received By Job
	13622  -  Total Bytes Sent By Job
	229  -  Total Bytes Received By Job
	Partitionable Resources :    Usage  Request Allocated 
	   Cpus                 :     0.82        1         1 
	   Disk (KB)            :    54           1   2604548 
	   Memory (MB)          :   739        2000      2000 

	Job terminated of its own accord at 2024-10-21T04:10:55Z with exit-code 0.
...
