000 (15556765.168.000) 10/21 05:59:05 Job submitted from host: <188.184.90.241:9618?addrs=188.184.90.241-9618+[2001-1458-201-e4--100-2eb]-9618&alias=bigbird15.cern.ch&noUDP&sock=schedd_25064_65d2>
...
040 (15556765.168.000) 10/21 06:00:44 Started transferring input files
	Transferring to host: <188.185.207.181:9618?addrs=188.185.207.181-9618+[2001-1458-303-e--100-32]-9618&alias=b9p08p7128.cern.ch&noUDP&sock=slot1_21_7257_f680_248515>
...
040 (15556765.168.000) 10/21 06:00:44 Finished transferring input files
...
001 (15556765.168.000) 10/21 06:00:45 Job executing on host: <188.185.207.181:9618?addrs=188.185.207.181-9618+[2001-1458-303-e--100-32]-9618&alias=b9p08p7128.cern.ch&noUDP&sock=startd_5721_b568>
	SlotName: slot1_21@b9p08p7128.cern.ch
	CondorScratchDir = "/pool/condor/dir_381579"
	Cpus = 1
	Disk = 2634745
	Memory = 2000
...
006 (15556765.168.000) 10/21 06:00:53 Image size of job updated: 155728
	153  -  MemoryUsage of job (MB)
	155728  -  ResidentSetSize of job (KB)
...
006 (15556765.168.000) 10/21 06:05:40 Image size of job updated: 1025296
	153  -  MemoryUsage of job (MB)
	155728  -  ResidentSetSize of job (KB)
...
040 (15556765.168.000) 10/21 06:05:41 Started transferring output files
...
040 (15556765.168.000) 10/21 06:05:41 Finished transferring output files
...
005 (15556765.168.000) 10/21 06:05:41 Job terminated.
	(1) Normal termination (return value 0)
		Usr 0 00:04:26, Sys 0 00:00:05  -  Run Remote Usage
		Usr 0 00:00:00, Sys 0 00:00:00  -  Run Local Usage
		Usr 0 00:04:26, Sys 0 00:00:05  -  Total Remote Usage
		Usr 0 00:00:00, Sys 0 00:00:00  -  Total Local Usage
	7027  -  Run Bytes Sent By Job
	229  -  Run Bytes Received By Job
	7027  -  Total Bytes Sent By Job
	229  -  Total Bytes Received By Job
	Partitionable Resources :    Usage  Request Allocated 
	   Cpus                 :     0.97        1         1 
	   Disk (KB)            :    51           1   2634745 
	   Memory (MB)          :   153        2000      2000 

	Job terminated of its own accord at 2024-10-21T04:05:40Z with exit-code 0.
...
