000 (15556765.280.000) 10/21 05:59:05 Job submitted from host: <188.184.90.241:9618?addrs=188.184.90.241-9618+[2001-1458-201-e4--100-2eb]-9618&alias=bigbird15.cern.ch&noUDP&sock=schedd_25064_65d2>
...
040 (15556765.280.000) 10/21 06:01:25 Started transferring input files
	Transferring to host: <128.142.161.98:9618?addrs=128.142.161.98-9618+[2001-1458-301-b8--100-20]-9618&alias=b9g03p9785.cern.ch&noUDP&sock=slot1_13_6703_9eaa_3403>
...
040 (15556765.280.000) 10/21 06:01:25 Finished transferring input files
...
001 (15556765.280.000) 10/21 06:01:26 Job executing on host: <128.142.161.98:9618?addrs=128.142.161.98-9618+[2001-1458-301-b8--100-20]-9618&alias=b9g03p9785.cern.ch&noUDP&sock=startd_5894_5f4a>
	SlotName: slot1_13@b9g03p9785.cern.ch
	CondorScratchDir = "/pool/condor/dir_568926"
	Cpus = 1
	Disk = 3932
	GPUs = 0
	Memory = 2000
...
006 (15556765.280.000) 10/21 06:01:34 Image size of job updated: 176244
	173  -  MemoryUsage of job (MB)
	176244  -  ResidentSetSize of job (KB)
...
006 (15556765.280.000) 10/21 06:06:34 Image size of job updated: 953648
	932  -  MemoryUsage of job (MB)
	953648  -  ResidentSetSize of job (KB)
...
006 (15556765.280.000) 10/21 06:11:35 Image size of job updated: 953856
	932  -  MemoryUsage of job (MB)
	953856  -  ResidentSetSize of job (KB)
...
006 (15556765.280.000) 10/21 06:16:35 Image size of job updated: 953984
	932  -  MemoryUsage of job (MB)
	953984  -  ResidentSetSize of job (KB)
...
006 (15556765.280.000) 10/21 06:21:35 Image size of job updated: 953988
	932  -  MemoryUsage of job (MB)
	953988  -  ResidentSetSize of job (KB)
...
040 (15556765.280.000) 10/21 06:21:35 Started transferring output files
...
040 (15556765.280.000) 10/21 06:21:35 Finished transferring output files
...
009 (15556765.280.000) 10/21 06:21:35 Job was aborted.
	Job removed by SYSTEM_PERIODIC_REMOVE due to wall time exceeded allowed max.
...
