000 (15556765.571.000) 10/21 05:59:06 Job submitted from host: <188.184.90.241:9618?addrs=188.184.90.241-9618+[2001-1458-201-e4--100-2eb]-9618&alias=bigbird15.cern.ch&noUDP&sock=schedd_25064_65d2>
...
040 (15556765.571.000) 10/21 06:06:04 Started transferring input files
	Transferring to host: <188.185.194.36:9618?addrs=188.185.194.36-9618+[2001-1458-303-21--100-20]-9618&alias=b9p20p1409.cern.ch&noUDP&sock=slot1_13_11185_9820_4049>
...
040 (15556765.571.000) 10/21 06:06:04 Finished transferring input files
...
001 (15556765.571.000) 10/21 06:06:05 Job executing on host: <188.185.194.36:9618?addrs=188.185.194.36-9618+[2001-1458-303-21--100-20]-9618&alias=b9p20p1409.cern.ch&noUDP&sock=startd_10244_1c44>
	SlotName: slot1_13@b9p20p1409.cern.ch
	CondorScratchDir = "/pool/condor/dir_1528765"
	Cpus = 1
	Disk = 3809
	GPUs = 0
	Memory = 2000
...
006 (15556765.571.000) 10/21 06:06:14 Image size of job updated: 651500
	637  -  MemoryUsage of job (MB)
	651500  -  ResidentSetSize of job (KB)
...
006 (15556765.571.000) 10/21 06:11:15 Image size of job updated: 1644948
	1607  -  MemoryUsage of job (MB)
	1644948  -  ResidentSetSize of job (KB)
...
006 (15556765.571.000) 10/21 06:16:15 Image size of job updated: 1654492
	1616  -  MemoryUsage of job (MB)
	1654492  -  ResidentSetSize of job (KB)
...
006 (15556765.571.000) 10/21 06:21:16 Image size of job updated: 1658808
	1620  -  MemoryUsage of job (MB)
	1658808  -  ResidentSetSize of job (KB)
...
040 (15556765.571.000) 10/21 06:26:16 Started transferring output files
...
040 (15556765.571.000) 10/21 06:26:16 Finished transferring output files
...
009 (15556765.571.000) 10/21 06:26:16 Job was aborted.
	Job removed by SYSTEM_PERIODIC_REMOVE due to wall time exceeded allowed max.
...
