000 (15556765.252.000) 10/21 05:59:05 Job submitted from host: <188.184.90.241:9618?addrs=188.184.90.241-9618+[2001-1458-201-e4--100-2eb]-9618&alias=bigbird15.cern.ch&noUDP&sock=schedd_25064_65d2>
...
040 (15556765.252.000) 10/21 06:01:22 Started transferring input files
	Transferring to host: <128.142.192.208:9618?addrs=128.142.192.208-9618+[2001-1458-301-56--100-4c]-9618&alias=b9g18p2076.cern.ch&noUDP&sock=slot1_12_3335626_0593_19641>
...
040 (15556765.252.000) 10/21 06:01:22 Finished transferring input files
...
001 (15556765.252.000) 10/21 06:01:23 Job executing on host: <128.142.192.208:9618?addrs=128.142.192.208-9618+[2001-1458-301-56--100-4c]-9618&alias=b9g18p2076.cern.ch&noUDP&sock=startd_5488_e3d7>
	SlotName: slot1_12@b9g18p2076.cern.ch
	CondorScratchDir = "/pool/condor/dir_2665772"
	Cpus = 1
	Disk = 2948449
	Memory = 2000
...
006 (15556765.252.000) 10/21 06:01:32 Image size of job updated: 2548
	2  -  MemoryUsage of job (MB)
	1780  -  ResidentSetSize of job (KB)
...
006 (15556765.252.000) 10/21 06:06:33 Image size of job updated: 965972
	940  -  MemoryUsage of job (MB)
	962428  -  ResidentSetSize of job (KB)
...
006 (15556765.252.000) 10/21 06:16:33 Image size of job updated: 966136
	941  -  MemoryUsage of job (MB)
	962740  -  ResidentSetSize of job (KB)
...
006 (15556765.252.000) 10/21 06:17:44 Image size of job updated: 966376
	941  -  MemoryUsage of job (MB)
	962740  -  ResidentSetSize of job (KB)
...
040 (15556765.252.000) 10/21 06:17:44 Started transferring output files
...
040 (15556765.252.000) 10/21 06:17:44 Finished transferring output files
...
005 (15556765.252.000) 10/21 06:17:44 Job terminated.
	(1) Normal termination (return value 0)
		Usr 0 00:14:24, Sys 0 00:00:08  -  Run Remote Usage
		Usr 0 00:00:00, Sys 0 00:00:00  -  Run Local Usage
		Usr 0 00:14:24, Sys 0 00:00:08  -  Total Remote Usage
		Usr 0 00:00:00, Sys 0 00:00:00  -  Total Local Usage
	16746  -  Run Bytes Sent By Job
	229  -  Run Bytes Received By Job
	16746  -  Total Bytes Sent By Job
	229  -  Total Bytes Received By Job
	Partitionable Resources :    Usage  Request Allocated 
	   Cpus                 :     0.75        1         1 
	   Disk (KB)            :    57           1   2948449 
	   Memory (MB)          :   941        2000      2000 

	Job terminated of its own accord at 2024-10-21T04:17:44Z with exit-code 0.
...
