000 (15556765.365.000) 10/21 05:59:06 Job submitted from host: <188.184.90.241:9618?addrs=188.184.90.241-9618+[2001-1458-201-e4--100-2eb]-9618&alias=bigbird15.cern.ch&noUDP&sock=schedd_25064_65d2>
...
040 (15556765.365.000) 10/21 06:01:54 Started transferring input files
	Transferring to host: <128.142.130.195:9618?addrs=128.142.130.195-9618+[2001-1458-301-58--100-b7]-9618&alias=b9g20p7897.cern.ch&noUDP&sock=slot1_44_2806_d4ab_23547>
...
040 (15556765.365.000) 10/21 06:01:54 Finished transferring input files
...
001 (15556765.365.000) 10/21 06:01:56 Job executing on host: <128.142.130.195:9618?addrs=128.142.130.195-9618+[2001-1458-301-58--100-b7]-9618&alias=b9g20p7897.cern.ch&noUDP&sock=startd_2475_38fd>
	SlotName: slot1_44@b9g20p7897.cern.ch
	CondorScratchDir = "/pool/condor/dir_2811958"
	Cpus = 1
	Disk = 1740466
	Memory = 2000
...
006 (15556765.365.000) 10/21 06:02:04 Image size of job updated: 147704
	145  -  MemoryUsage of job (MB)
	147704  -  ResidentSetSize of job (KB)
...
006 (15556765.365.000) 10/21 06:07:04 Image size of job updated: 766808
	749  -  MemoryUsage of job (MB)
	766808  -  ResidentSetSize of job (KB)
...
040 (15556765.365.000) 10/21 06:08:51 Started transferring output files
...
040 (15556765.365.000) 10/21 06:08:51 Finished transferring output files
...
005 (15556765.365.000) 10/21 06:08:51 Job terminated.
	(1) Normal termination (return value 0)
		Usr 0 00:05:53, Sys 0 00:00:07  -  Run Remote Usage
		Usr 0 00:00:00, Sys 0 00:00:00  -  Run Local Usage
		Usr 0 00:05:53, Sys 0 00:00:07  -  Total Remote Usage
		Usr 0 00:00:00, Sys 0 00:00:00  -  Total Local Usage
	11102  -  Run Bytes Sent By Job
	229  -  Run Bytes Received By Job
	11102  -  Total Bytes Sent By Job
	229  -  Total Bytes Received By Job
	Partitionable Resources :    Usage  Request Allocated 
	   Cpus                 :     0.54        1         1 
	   Disk (KB)            :    52           1   1740466 
	   Memory (MB)          :   749        2000      2000 

	Job terminated of its own accord at 2024-10-21T04:08:51Z with exit-code 0.
...
