000 (15556765.559.000) 10/21 05:59:06 Job submitted from host: <188.184.90.241:9618?addrs=188.184.90.241-9618+[2001-1458-201-e4--100-2eb]-9618&alias=bigbird15.cern.ch&noUDP&sock=schedd_25064_65d2>
...
040 (15556765.559.000) 10/21 06:06:00 Started transferring input files
	Transferring to host: <128.142.33.215:9618?addrs=128.142.33.215-9618+[2001-1458-301-39--100-14]-9618&alias=b9g24p9175.cern.ch&noUDP&sock=slot1_5_6231_0d96_27425>
...
040 (15556765.559.000) 10/21 06:06:00 Finished transferring input files
...
001 (15556765.559.000) 10/21 06:06:01 Job executing on host: <128.142.33.215:9618?addrs=128.142.33.215-9618+[2001-1458-301-39--100-14]-9618&alias=b9g24p9175.cern.ch&noUDP&sock=startd_4978_128a>
	SlotName: slot1_5@b9g24p9175.cern.ch
	CondorScratchDir = "/pool/condor/dir_2017129"
	Cpus = 1
	Disk = 2711132
	Memory = 2000
...
006 (15556765.559.000) 10/21 06:06:09 Image size of job updated: 187672
	184  -  MemoryUsage of job (MB)
	187672  -  ResidentSetSize of job (KB)
...
006 (15556765.559.000) 10/21 06:11:09 Image size of job updated: 827872
	806  -  MemoryUsage of job (MB)
	824704  -  ResidentSetSize of job (KB)
...
006 (15556765.559.000) 10/21 06:16:09 Image size of job updated: 837788
	815  -  MemoryUsage of job (MB)
	834536  -  ResidentSetSize of job (KB)
...
006 (15556765.559.000) 10/21 06:19:07 Image size of job updated: 838516
	815  -  MemoryUsage of job (MB)
	834536  -  ResidentSetSize of job (KB)
...
040 (15556765.559.000) 10/21 06:19:08 Started transferring output files
...
040 (15556765.559.000) 10/21 06:19:09 Finished transferring output files
...
005 (15556765.559.000) 10/21 06:19:09 Job terminated.
	(1) Normal termination (return value 0)
		Usr 0 00:11:16, Sys 0 00:00:07  -  Run Remote Usage
		Usr 0 00:00:00, Sys 0 00:00:00  -  Run Local Usage
		Usr 0 00:11:16, Sys 0 00:00:07  -  Total Remote Usage
		Usr 0 00:00:00, Sys 0 00:00:00  -  Total Local Usage
	31602  -  Run Bytes Sent By Job
	229  -  Run Bytes Received By Job
	31602  -  Total Bytes Sent By Job
	229  -  Total Bytes Received By Job
	Partitionable Resources :    Usage  Request Allocated 
	   Cpus                 :     0.87        1         1 
	   Disk (KB)            :    72           1   2711132 
	   Memory (MB)          :   815        2000      2000 

	Job terminated of its own accord at 2024-10-21T04:19:07Z with exit-code 0.
...
