000 (15556765.297.000) 10/21 05:59:05 Job submitted from host: <188.184.90.241:9618?addrs=188.184.90.241-9618+[2001-1458-201-e4--100-2eb]-9618&alias=bigbird15.cern.ch&noUDP&sock=schedd_25064_65d2>
...
040 (15556765.297.000) 10/21 06:01:30 Started transferring input files
	Transferring to host: <128.142.192.195:9618?addrs=128.142.192.195-9618+[2001-1458-301-56--100-3f]-9618&alias=b9g18p1888.cern.ch&noUDP&sock=slot1_12_3447536_bd9a_16159>
...
040 (15556765.297.000) 10/21 06:01:30 Finished transferring input files
...
001 (15556765.297.000) 10/21 06:01:31 Job executing on host: <128.142.192.195:9618?addrs=128.142.192.195-9618+[2001-1458-301-56--100-3f]-9618&alias=b9g18p1888.cern.ch&noUDP&sock=startd_3638_f1a2>
	SlotName: slot1_12@b9g18p1888.cern.ch
	CondorScratchDir = "/pool/condor/dir_2355075"
	Cpus = 1
	Disk = 2851736
	Memory = 2000
...
006 (15556765.297.000) 10/21 06:01:40 Image size of job updated: 186164
	182  -  MemoryUsage of job (MB)
	186160  -  ResidentSetSize of job (KB)
...
006 (15556765.297.000) 10/21 06:06:41 Image size of job updated: 752576
	731  -  MemoryUsage of job (MB)
	747556  -  ResidentSetSize of job (KB)
...
040 (15556765.297.000) 10/21 06:07:57 Started transferring output files
...
040 (15556765.297.000) 10/21 06:07:57 Finished transferring output files
...
005 (15556765.297.000) 10/21 06:07:58 Job terminated.
	(1) Normal termination (return value 0)
		Usr 0 00:05:31, Sys 0 00:00:06  -  Run Remote Usage
		Usr 0 00:00:00, Sys 0 00:00:00  -  Run Local Usage
		Usr 0 00:05:31, Sys 0 00:00:06  -  Total Remote Usage
		Usr 0 00:00:00, Sys 0 00:00:00  -  Total Local Usage
	9957  -  Run Bytes Sent By Job
	229  -  Run Bytes Received By Job
	9957  -  Total Bytes Sent By Job
	229  -  Total Bytes Received By Job
	Partitionable Resources :    Usage  Request Allocated 
	   Cpus                 :     0.89        1         1 
	   Disk (KB)            :    50           1   2851736 
	   Memory (MB)          :   731        2000      2000 

	Job terminated of its own accord at 2024-10-21T04:07:57Z with exit-code 0.
...
