000 (15556765.013.000) 10/21 05:59:05 Job submitted from host: <188.184.90.241:9618?addrs=188.184.90.241-9618+[2001-1458-201-e4--100-2eb]-9618&alias=bigbird15.cern.ch&noUDP&sock=schedd_25064_65d2>
...
040 (15556765.013.000) 10/21 05:59:52 Started transferring input files
	Transferring to host: <128.142.248.169:9618?addrs=128.142.248.169-9618+[2001-1458-301-73--100-a8]-9618&alias=b9g23p4763.cern.ch&noUDP&sock=slot1_12_6711_41aa_65865>
...
040 (15556765.013.000) 10/21 05:59:52 Finished transferring input files
...
001 (15556765.013.000) 10/21 05:59:53 Job executing on host: <128.142.248.169:9618?addrs=128.142.248.169-9618+[2001-1458-301-73--100-a8]-9618&alias=b9g23p4763.cern.ch&noUDP&sock=startd_5933_1f7c>
	SlotName: slot1_12@b9g23p4763.cern.ch
	CondorScratchDir = "/pool/condor/dir_1530282"
	Cpus = 1
	Disk = 2851898
	Memory = 2000
...
006 (15556765.013.000) 10/21 06:00:01 Image size of job updated: 588888
	576  -  MemoryUsage of job (MB)
	588888  -  ResidentSetSize of job (KB)
...
006 (15556765.013.000) 10/21 06:03:01 Image size of job updated: 2627540
	1625  -  MemoryUsage of job (MB)
	1663652  -  ResidentSetSize of job (KB)
...
040 (15556765.013.000) 10/21 06:03:01 Started transferring output files
...
040 (15556765.013.000) 10/21 06:03:01 Finished transferring output files
...
005 (15556765.013.000) 10/21 06:03:01 Job terminated.
	(1) Normal termination (return value 0)
		Usr 0 00:02:46, Sys 0 00:00:05  -  Run Remote Usage
		Usr 0 00:00:00, Sys 0 00:00:00  -  Run Local Usage
		Usr 0 00:02:46, Sys 0 00:00:05  -  Total Remote Usage
		Usr 0 00:00:00, Sys 0 00:00:00  -  Total Local Usage
	2820  -  Run Bytes Sent By Job
	229  -  Run Bytes Received By Job
	2820  -  Total Bytes Sent By Job
	229  -  Total Bytes Received By Job
	Partitionable Resources :    Usage  Request Allocated 
	   Cpus                 :        0        1         1 
	   Disk (KB)            :       44        1   2851898 
	   Memory (MB)          :     1625     2000      2000 

	Job terminated of its own accord at 2024-10-21T04:03:01Z with exit-code 0.
...
000 (15556766.013.000) 10/21 07:29:07 Job submitted from host: <188.184.90.241:9618?addrs=188.184.90.241-9618+[2001-1458-201-e4--100-2eb]-9618&alias=bigbird15.cern.ch&noUDP&sock=schedd_25064_65d2>
...
040 (15556766.013.000) 10/21 07:30:01 Started transferring input files
	Transferring to host: <128.142.248.164:9618?addrs=128.142.248.164-9618+[2001-1458-301-73--100-a3]-9618&alias=b9g23p1155.cern.ch&noUDP&sock=slot1_11_4111286_a949_16823>
...
040 (15556766.013.000) 10/21 07:30:01 Finished transferring input files
...
001 (15556766.013.000) 10/21 07:30:02 Job executing on host: <128.142.248.164:9618?addrs=128.142.248.164-9618+[2001-1458-301-73--100-a3]-9618&alias=b9g23p1155.cern.ch&noUDP&sock=startd_8091_54dc>
	SlotName: slot1_11@b9g23p1155.cern.ch
	CondorScratchDir = "/pool/condor/dir_3144335"
	Cpus = 1
	Disk = 2819673
	Memory = 2000
...
006 (15556766.013.000) 10/21 07:30:10 Image size of job updated: 292420
	280  -  MemoryUsage of job (MB)
	286468  -  ResidentSetSize of job (KB)
...
006 (15556766.013.000) 10/21 07:35:10 Image size of job updated: 2406120
	2347  -  MemoryUsage of job (MB)
	2402720  -  ResidentSetSize of job (KB)
...
040 (15556766.013.000) 10/21 07:50:11 Started transferring output files
...
040 (15556766.013.000) 10/21 07:50:11 Finished transferring output files
...
009 (15556766.013.000) 10/21 07:50:11 Job was aborted.
	Job removed by SYSTEM_PERIODIC_REMOVE due to wall time exceeded allowed max.
...
