000 (15556765.284.000) 10/21 05:59:05 Job submitted from host: <188.184.90.241:9618?addrs=188.184.90.241-9618+[2001-1458-201-e4--100-2eb]-9618&alias=bigbird15.cern.ch&noUDP&sock=schedd_25064_65d2>
...
040 (15556765.284.000) 10/21 06:01:26 Started transferring input files
	Transferring to host: <128.142.161.146:9618?addrs=128.142.161.146-9618+[2001-1458-301-b9--100-f]-9618&alias=b9g03p9555.cern.ch&noUDP&sock=slot1_16_345616_7cdf_4258>
...
040 (15556765.284.000) 10/21 06:01:26 Finished transferring input files
...
001 (15556765.284.000) 10/21 06:01:27 Job executing on host: <128.142.161.146:9618?addrs=128.142.161.146-9618+[2001-1458-301-b9--100-f]-9618&alias=b9g03p9555.cern.ch&noUDP&sock=startd_6265_d8ed>
	SlotName: slot1_16@b9g03p9555.cern.ch
	CondorScratchDir = "/pool/condor/dir_3402984"
	Cpus = 1
	Disk = 3131576
	Memory = 2000
...
006 (15556765.284.000) 10/21 06:01:36 Image size of job updated: 1988
	2  -  MemoryUsage of job (MB)
	1468  -  ResidentSetSize of job (KB)
...
006 (15556765.284.000) 10/21 06:06:37 Image size of job updated: 963856
	938  -  MemoryUsage of job (MB)
	959756  -  ResidentSetSize of job (KB)
...
006 (15556765.284.000) 10/21 06:11:38 Image size of job updated: 963856
	938  -  MemoryUsage of job (MB)
	960460  -  ResidentSetSize of job (KB)
...
040 (15556765.284.000) 10/21 06:21:38 Started transferring output files
...
040 (15556765.284.000) 10/21 06:21:38 Finished transferring output files
...
009 (15556765.284.000) 10/21 06:21:38 Job was aborted.
	Job removed by SYSTEM_PERIODIC_REMOVE due to wall time exceeded allowed max.
...
