000 (15556765.497.000) 10/21 05:59:06 Job submitted from host: <188.184.90.241:9618?addrs=188.184.90.241-9618+[2001-1458-201-e4--100-2eb]-9618&alias=bigbird15.cern.ch&noUDP&sock=schedd_25064_65d2>
...
040 (15556765.497.000) 10/21 06:05:38 Started transferring input files
	Transferring to host: <188.185.194.155:9618?addrs=188.185.194.155-9618+[2001-1458-303-21--100-97]-9618&alias=b9p20p9373.cern.ch&noUDP&sock=slot1_18_3526473_ff84_2886>
...
040 (15556765.497.000) 10/21 06:05:38 Finished transferring input files
...
001 (15556765.497.000) 10/21 06:05:39 Job executing on host: <188.185.194.155:9618?addrs=188.185.194.155-9618+[2001-1458-303-21--100-97]-9618&alias=b9p20p9373.cern.ch&noUDP&sock=startd_7383_b3cf>
	SlotName: slot1_18@b9p20p9373.cern.ch
	CondorScratchDir = "/pool/condor/dir_1636081"
	Cpus = 1
	Disk = 3833
	GPUs = 0
	Memory = 2000
...
006 (15556765.497.000) 10/21 06:05:47 Image size of job updated: 346608
	339  -  MemoryUsage of job (MB)
	346608  -  ResidentSetSize of job (KB)
...
006 (15556765.497.000) 10/21 06:10:47 Image size of job updated: 986196
	964  -  MemoryUsage of job (MB)
	986196  -  ResidentSetSize of job (KB)
...
006 (15556765.497.000) 10/21 06:14:24 Image size of job updated: 986196
	964  -  MemoryUsage of job (MB)
	986400  -  ResidentSetSize of job (KB)
...
040 (15556765.497.000) 10/21 06:14:24 Started transferring output files
...
040 (15556765.497.000) 10/21 06:14:24 Finished transferring output files
...
005 (15556765.497.000) 10/21 06:14:24 Job terminated.
	(1) Normal termination (return value 0)
		Usr 0 00:07:20, Sys 0 00:00:05  -  Run Remote Usage
		Usr 0 00:00:00, Sys 0 00:00:00  -  Run Local Usage
		Usr 0 00:07:20, Sys 0 00:00:05  -  Total Remote Usage
		Usr 0 00:00:00, Sys 0 00:00:00  -  Total Local Usage
	13820  -  Run Bytes Sent By Job
	229  -  Run Bytes Received By Job
	13820  -  Total Bytes Sent By Job
	229  -  Total Bytes Received By Job
	Partitionable Resources :    Usage  Request Allocated 
	   Cpus                 :     0.88        1         1 
	   Disk (KB)            :    55           1      3833 
	   GPUs                 :                           0 
	   Memory (MB)          :   964        2000      2000 

	Job terminated of its own accord at 2024-10-21T04:14:24Z with exit-code 0.
...
