000 (15556765.233.000) 10/21 05:59:05 Job submitted from host: <188.184.90.241:9618?addrs=188.184.90.241-9618+[2001-1458-201-e4--100-2eb]-9618&alias=bigbird15.cern.ch&noUDP&sock=schedd_25064_65d2>
...
040 (15556765.233.000) 10/21 06:01:07 Started transferring input files
	Transferring to host: <188.185.206.137:9618?addrs=188.185.206.137-9618+[2001-1458-303-c--100-6]-9618&alias=b9p06p0312.cern.ch&noUDP&sock=slot1_27_3718_6ad0_63911>
...
040 (15556765.233.000) 10/21 06:01:07 Finished transferring input files
...
001 (15556765.233.000) 10/21 06:01:08 Job executing on host: <188.185.206.137:9618?addrs=188.185.206.137-9618+[2001-1458-303-c--100-6]-9618&alias=b9p06p0312.cern.ch&noUDP&sock=startd_3384_b893>
	SlotName: slot1_27@b9p06p0312.cern.ch
	CondorScratchDir = "/pool/condor/dir_3641474"
	Cpus = 1
	Disk = 2688683
	Memory = 2000
...
006 (15556765.233.000) 10/21 06:01:17 Image size of job updated: 200096
	196  -  MemoryUsage of job (MB)
	200096  -  ResidentSetSize of job (KB)
...
006 (15556765.233.000) 10/21 06:06:18 Image size of job updated: 967452
	943  -  MemoryUsage of job (MB)
	965148  -  ResidentSetSize of job (KB)
...
006 (15556765.233.000) 10/21 06:11:19 Image size of job updated: 968280
	943  -  MemoryUsage of job (MB)
	965220  -  ResidentSetSize of job (KB)
...
006 (15556765.233.000) 10/21 06:16:19 Image size of job updated: 968416
	943  -  MemoryUsage of job (MB)
	965392  -  ResidentSetSize of job (KB)
...
040 (15556765.233.000) 10/21 06:21:19 Started transferring output files
...
040 (15556765.233.000) 10/21 06:21:19 Finished transferring output files
...
009 (15556765.233.000) 10/21 06:21:19 Job was aborted.
	Job removed by SYSTEM_PERIODIC_REMOVE due to wall time exceeded allowed max.
...
