000 (15556765.172.000) 10/21 05:59:05 Job submitted from host: <188.184.90.241:9618?addrs=188.184.90.241-9618+[2001-1458-201-e4--100-2eb]-9618&alias=bigbird15.cern.ch&noUDP&sock=schedd_25064_65d2>
...
040 (15556765.172.000) 10/21 06:00:44 Started transferring input files
	Transferring to host: <188.185.204.241:9618?addrs=188.185.204.241-9618+[2001-1458-303-8--100-6e]-9618&alias=b9p02p9366.cern.ch&noUDP&sock=slot1_29_3458_3946_76755>
...
040 (15556765.172.000) 10/21 06:00:44 Finished transferring input files
...
001 (15556765.172.000) 10/21 06:00:45 Job executing on host: <188.185.204.241:9618?addrs=188.185.204.241-9618+[2001-1458-303-8--100-6e]-9618&alias=b9p02p9366.cern.ch&noUDP&sock=startd_3410_8e0a>
	SlotName: slot1_29@b9p02p9366.cern.ch
	CondorScratchDir = "/pool/condor/dir_2852318"
	Cpus = 1
	Disk = 2634645
	Memory = 2000
...
006 (15556765.172.000) 10/21 06:00:54 Image size of job updated: 151448
	147  -  MemoryUsage of job (MB)
	150248  -  ResidentSetSize of job (KB)
...
006 (15556765.172.000) 10/21 06:05:55 Image size of job updated: 1006020
	980  -  MemoryUsage of job (MB)
	1003328  -  ResidentSetSize of job (KB)
...
040 (15556765.172.000) 10/21 06:07:08 Started transferring output files
...
040 (15556765.172.000) 10/21 06:07:08 Finished transferring output files
...
005 (15556765.172.000) 10/21 06:07:08 Job terminated.
	(1) Normal termination (return value 0)
		Usr 0 00:03:20, Sys 0 00:00:08  -  Run Remote Usage
		Usr 0 00:00:00, Sys 0 00:00:00  -  Run Local Usage
		Usr 0 00:03:20, Sys 0 00:00:08  -  Total Remote Usage
		Usr 0 00:00:00, Sys 0 00:00:00  -  Total Local Usage
	4623  -  Run Bytes Sent By Job
	229  -  Run Bytes Received By Job
	4623  -  Total Bytes Sent By Job
	229  -  Total Bytes Received By Job
	Partitionable Resources :    Usage  Request Allocated 
	   Cpus                 :        0        1         1 
	   Disk (KB)            :       46        1   2634645 
	   Memory (MB)          :      980     2000      2000 

	Job terminated of its own accord at 2024-10-21T04:07:08Z with exit-code 0.
...
