000 (15556765.187.000) 10/21 05:59:05 Job submitted from host: <188.184.90.241:9618?addrs=188.184.90.241-9618+[2001-1458-201-e4--100-2eb]-9618&alias=bigbird15.cern.ch&noUDP&sock=schedd_25064_65d2>
...
040 (15556765.187.000) 10/21 06:00:49 Started transferring input files
	Transferring to host: <188.185.206.135:9618?addrs=188.185.206.135-9618+[2001-1458-303-c--100-4]-9618&alias=b9p06p6909.cern.ch&noUDP&sock=slot1_2_4501_1c90_140745>
...
040 (15556765.187.000) 10/21 06:00:49 Finished transferring input files
...
001 (15556765.187.000) 10/21 06:00:51 Job executing on host: <188.185.206.135:9618?addrs=188.185.206.135-9618+[2001-1458-303-c--100-4]-9618&alias=b9p06p6909.cern.ch&noUDP&sock=startd_3713_633c>
	SlotName: slot1_2@b9p06p6909.cern.ch
	CondorScratchDir = "/pool/condor/dir_4158001"
	Cpus = 1
	Disk = 2728728
	Memory = 2000
...
006 (15556765.187.000) 10/21 06:00:59 Image size of job updated: 776152
	758  -  MemoryUsage of job (MB)
	776152  -  ResidentSetSize of job (KB)
...
006 (15556765.187.000) 10/21 06:02:22 Image size of job updated: 1938612
	958  -  MemoryUsage of job (MB)
	979972  -  ResidentSetSize of job (KB)
...
040 (15556765.187.000) 10/21 06:02:22 Started transferring output files
...
040 (15556765.187.000) 10/21 06:02:22 Finished transferring output files
...
005 (15556765.187.000) 10/21 06:02:22 Job terminated.
	(1) Normal termination (return value 0)
		Usr 0 00:01:09, Sys 0 00:00:06  -  Run Remote Usage
		Usr 0 00:00:00, Sys 0 00:00:00  -  Run Local Usage
		Usr 0 00:01:09, Sys 0 00:00:06  -  Total Remote Usage
		Usr 0 00:00:00, Sys 0 00:00:00  -  Total Local Usage
	2073  -  Run Bytes Sent By Job
	229  -  Run Bytes Received By Job
	2073  -  Total Bytes Sent By Job
	229  -  Total Bytes Received By Job
	Partitionable Resources :    Usage  Request Allocated 
	   Cpus                 :        0        1         1 
	   Disk (KB)            :       43        1   2728728 
	   Memory (MB)          :      958     2000      2000 

	Job terminated of its own accord at 2024-10-21T04:02:22Z with exit-code 0.
...
