000 (15556765.134.000) 10/21 05:59:05 Job submitted from host: <188.184.90.241:9618?addrs=188.184.90.241-9618+[2001-1458-201-e4--100-2eb]-9618&alias=bigbird15.cern.ch&noUDP&sock=schedd_25064_65d2>
...
040 (15556765.134.000) 10/21 06:00:31 Started transferring input files
	Transferring to host: <128.142.248.112:9618?addrs=128.142.248.112-9618+[2001-1458-301-73--100-160]-9618&alias=b9g23p1260.cern.ch&noUDP&sock=slot1_8_6660_5288_2343>
...
040 (15556765.134.000) 10/21 06:00:31 Finished transferring input files
...
001 (15556765.134.000) 10/21 06:00:32 Job executing on host: <128.142.248.112:9618?addrs=128.142.248.112-9618+[2001-1458-301-73--100-160]-9618&alias=b9g23p1260.cern.ch&noUDP&sock=startd_5899_cd43>
	SlotName: slot1_8@b9g23p1260.cern.ch
	CondorScratchDir = "/pool/condor/dir_2750924"
	Cpus = 1
	Disk = 2860634
	Memory = 2000
...
006 (15556765.134.000) 10/21 06:00:40 Image size of job updated: 581528
	568  -  MemoryUsage of job (MB)
	581296  -  ResidentSetSize of job (KB)
...
006 (15556765.134.000) 10/21 06:04:44 Image size of job updated: 2659128
	1628  -  MemoryUsage of job (MB)
	1666704  -  ResidentSetSize of job (KB)
...
040 (15556765.134.000) 10/21 06:04:44 Started transferring output files
...
040 (15556765.134.000) 10/21 06:04:44 Finished transferring output files
...
005 (15556765.134.000) 10/21 06:04:44 Job terminated.
	(1) Normal termination (return value 0)
		Usr 0 00:03:23, Sys 0 00:00:05  -  Run Remote Usage
		Usr 0 00:00:00, Sys 0 00:00:00  -  Run Local Usage
		Usr 0 00:03:23, Sys 0 00:00:05  -  Total Remote Usage
		Usr 0 00:00:00, Sys 0 00:00:00  -  Total Local Usage
	4398  -  Run Bytes Sent By Job
	229  -  Run Bytes Received By Job
	4398  -  Total Bytes Sent By Job
	229  -  Total Bytes Received By Job
	Partitionable Resources :    Usage  Request Allocated 
	   Cpus                 :                 1         1 
	   Disk (KB)            :       38        1   2860634 
	   Memory (MB)          :     1628     2000      2000 

	Job terminated of its own accord at 2024-10-21T04:04:44Z with exit-code 0.
...
