000 (15556765.250.000) 10/21 05:59:05 Job submitted from host: <188.184.90.241:9618?addrs=188.184.90.241-9618+[2001-1458-201-e4--100-2eb]-9618&alias=bigbird15.cern.ch&noUDP&sock=schedd_25064_65d2>
...
040 (15556765.250.000) 10/21 06:01:14 Started transferring input files
	Transferring to host: <128.142.192.210:9618?addrs=128.142.192.210-9618+[2001-1458-301-56--100-4e]-9618&alias=b9g18p0299.cern.ch&noUDP&sock=slot1_15_4161_8d02_3794>
...
040 (15556765.250.000) 10/21 06:01:14 Finished transferring input files
...
001 (15556765.250.000) 10/21 06:01:16 Job executing on host: <128.142.192.210:9618?addrs=128.142.192.210-9618+[2001-1458-301-56--100-4e]-9618&alias=b9g18p0299.cern.ch&noUDP&sock=startd_3830_a3d1>
	SlotName: slot1_15@b9g18p0299.cern.ch
	CondorScratchDir = "/pool/condor/dir_3856812"
	Cpus = 1
	Disk = 3717
	GPUs = 0
	Memory = 2000
...
006 (15556765.250.000) 10/21 06:01:24 Image size of job updated: 145384
	142  -  MemoryUsage of job (MB)
	145384  -  ResidentSetSize of job (KB)
...
006 (15556765.250.000) 10/21 06:06:24 Image size of job updated: 960344
	938  -  MemoryUsage of job (MB)
	960344  -  ResidentSetSize of job (KB)
...
006 (15556765.250.000) 10/21 06:11:24 Image size of job updated: 960876
	939  -  MemoryUsage of job (MB)
	960876  -  ResidentSetSize of job (KB)
...
006 (15556765.250.000) 10/21 06:16:25 Image size of job updated: 960988
	939  -  MemoryUsage of job (MB)
	960988  -  ResidentSetSize of job (KB)
...
040 (15556765.250.000) 10/21 06:21:25 Started transferring output files
...
040 (15556765.250.000) 10/21 06:21:25 Finished transferring output files
...
009 (15556765.250.000) 10/21 06:21:25 Job was aborted.
	Job removed by SYSTEM_PERIODIC_REMOVE due to wall time exceeded allowed max.
...
