000 (15556765.084.000) 10/21 05:59:05 Job submitted from host: <188.184.90.241:9618?addrs=188.184.90.241-9618+[2001-1458-201-e4--100-2eb]-9618&alias=bigbird15.cern.ch&noUDP&sock=schedd_25064_65d2>
...
040 (15556765.084.000) 10/21 06:00:15 Started transferring input files
	Transferring to host: <128.142.132.63:9618?addrs=128.142.132.63-9618+[2001-1458-301-5a--100-33]-9618&alias=b9g12p0821.cern.ch&noUDP&sock=slot1_4_2807_890b_3502>
...
040 (15556765.084.000) 10/21 06:00:15 Finished transferring input files
...
001 (15556765.084.000) 10/21 06:00:16 Job executing on host: <128.142.132.63:9618?addrs=128.142.132.63-9618+[2001-1458-301-5a--100-33]-9618&alias=b9g12p0821.cern.ch&noUDP&sock=startd_2439_8794>
	SlotName: slot1_4@b9g12p0821.cern.ch
	CondorScratchDir = "/pool/condor/dir_707041"
	Cpus = 1
	Disk = 2706
	GPUs = 0
	Memory = 2000
...
006 (15556765.084.000) 10/21 06:00:25 Image size of job updated: 664080
	649  -  MemoryUsage of job (MB)
	664080  -  ResidentSetSize of job (KB)
...
006 (15556765.084.000) 10/21 06:05:26 Image size of job updated: 1879040
	1835  -  MemoryUsage of job (MB)
	1879040  -  ResidentSetSize of job (KB)
...
006 (15556765.084.000) 10/21 06:10:27 Image size of job updated: 1879888
	1836  -  MemoryUsage of job (MB)
	1879888  -  ResidentSetSize of job (KB)
...
006 (15556765.084.000) 10/21 06:15:27 Image size of job updated: 1879996
	1836  -  MemoryUsage of job (MB)
	1879996  -  ResidentSetSize of job (KB)
...
040 (15556765.084.000) 10/21 06:20:27 Started transferring output files
...
040 (15556765.084.000) 10/21 06:20:27 Finished transferring output files
...
009 (15556765.084.000) 10/21 06:20:27 Job was aborted.
	Job removed by SYSTEM_PERIODIC_REMOVE due to wall time exceeded allowed max.
...
000 (15556766.084.000) 10/21 07:29:11 Job submitted from host: <188.184.90.241:9618?addrs=188.184.90.241-9618+[2001-1458-201-e4--100-2eb]-9618&alias=bigbird15.cern.ch&noUDP&sock=schedd_25064_65d2>
...
040 (15556766.084.000) 10/21 07:30:24 Started transferring input files
	Transferring to host: <188.185.193.170:9618?addrs=188.185.193.170-9618+[2001-1458-303-20--100-a6]-9618&alias=b9p19p6010.cern.ch&noUDP&sock=slot1_9_6201_ea55_3567>
...
040 (15556766.084.000) 10/21 07:30:24 Finished transferring input files
...
001 (15556766.084.000) 10/21 07:30:25 Job executing on host: <188.185.193.170:9618?addrs=188.185.193.170-9618+[2001-1458-303-20--100-a6]-9618&alias=b9p19p6010.cern.ch&noUDP&sock=startd_4979_c222>
	SlotName: slot1_9@b9p19p6010.cern.ch
	CondorScratchDir = "/pool/condor/dir_4172915"
	Cpus = 1
	Disk = 3732
	GPUs = 0
	Memory = 2000
...
006 (15556766.084.000) 10/21 07:30:33 Image size of job updated: 525980
	514  -  MemoryUsage of job (MB)
	525980  -  ResidentSetSize of job (KB)
...
006 (15556766.084.000) 10/21 07:35:33 Image size of job updated: 2505976
	2448  -  MemoryUsage of job (MB)
	2505976  -  ResidentSetSize of job (KB)
...
006 (15556766.084.000) 10/21 07:40:34 Image size of job updated: 2506048
	2448  -  MemoryUsage of job (MB)
	2506048  -  ResidentSetSize of job (KB)
...
040 (15556766.084.000) 10/21 07:50:34 Started transferring output files
...
040 (15556766.084.000) 10/21 07:50:34 Finished transferring output files
...
009 (15556766.084.000) 10/21 07:50:34 Job was aborted.
	Job removed by SYSTEM_PERIODIC_REMOVE due to wall time exceeded allowed max.
...
