000 (15556765.079.000) 10/21 05:59:05 Job submitted from host: <188.184.90.241:9618?addrs=188.184.90.241-9618+[2001-1458-201-e4--100-2eb]-9618&alias=bigbird15.cern.ch&noUDP&sock=schedd_25064_65d2>
...
040 (15556765.079.000) 10/21 06:00:14 Started transferring input files
	Transferring to host: <128.142.192.209:9618?addrs=128.142.192.209-9618+[2001-1458-301-56--100-4d]-9618&alias=b9g18p8259.cern.ch&noUDP&sock=slot1_14_6232_c1f7_25258>
...
040 (15556765.079.000) 10/21 06:00:14 Finished transferring input files
...
001 (15556765.079.000) 10/21 06:00:15 Job executing on host: <128.142.192.209:9618?addrs=128.142.192.209-9618+[2001-1458-301-56--100-4d]-9618&alias=b9g18p8259.cern.ch&noUDP&sock=startd_5014_c3f3>
	SlotName: slot1_14@b9g18p8259.cern.ch
	CondorScratchDir = "/pool/condor/dir_3383806"
	Cpus = 1
	Disk = 2993633
	Memory = 2000
...
006 (15556765.079.000) 10/21 06:00:23 Image size of job updated: 151168
	147  -  MemoryUsage of job (MB)
	150108  -  ResidentSetSize of job (KB)
...
006 (15556765.079.000) 10/21 06:05:23 Image size of job updated: 997024
	973  -  MemoryUsage of job (MB)
	995700  -  ResidentSetSize of job (KB)
...
006 (15556765.079.000) 10/21 06:10:24 Image size of job updated: 999220
	974  -  MemoryUsage of job (MB)
	996380  -  ResidentSetSize of job (KB)
...
006 (15556765.079.000) 10/21 06:15:25 Image size of job updated: 1000956
	974  -  MemoryUsage of job (MB)
	996380  -  ResidentSetSize of job (KB)
...
040 (15556765.079.000) 10/21 06:18:41 Started transferring output files
...
040 (15556765.079.000) 10/21 06:18:41 Finished transferring output files
...
005 (15556765.079.000) 10/21 06:18:41 Job terminated.
	(1) Normal termination (return value 0)
		Usr 0 00:16:40, Sys 0 00:00:10  -  Run Remote Usage
		Usr 0 00:00:00, Sys 0 00:00:00  -  Run Local Usage
		Usr 0 00:16:40, Sys 0 00:00:10  -  Total Remote Usage
		Usr 0 00:00:00, Sys 0 00:00:00  -  Total Local Usage
	14671  -  Run Bytes Sent By Job
	229  -  Run Bytes Received By Job
	14671  -  Total Bytes Sent By Job
	229  -  Total Bytes Received By Job
	Partitionable Resources :    Usage  Request Allocated 
	   Cpus                 :     0.96        1         1 
	   Disk (KB)            :    55           1   2993633 
	   Memory (MB)          :   974        2000      2000 

	Job terminated of its own accord at 2024-10-21T04:18:41Z with exit-code 0.
...
000 (15556766.079.000) 10/21 07:29:10 Job submitted from host: <188.184.90.241:9618?addrs=188.184.90.241-9618+[2001-1458-201-e4--100-2eb]-9618&alias=bigbird15.cern.ch&noUDP&sock=schedd_25064_65d2>
...
040 (15556766.079.000) 10/21 07:30:23 Started transferring input files
	Transferring to host: <128.142.192.176:9618?addrs=128.142.192.176-9618+[2001-1458-301-56--100-2c]-9618&alias=b9g18p0460.cern.ch&noUDP&sock=slot1_5_6553_ee64_4381>
...
040 (15556766.079.000) 10/21 07:30:23 Finished transferring input files
...
001 (15556766.079.000) 10/21 07:30:24 Job executing on host: <128.142.192.176:9618?addrs=128.142.192.176-9618+[2001-1458-301-56--100-2c]-9618&alias=b9g18p0460.cern.ch&noUDP&sock=startd_5523_e5a7>
	SlotName: slot1_5@b9g18p0460.cern.ch
	CondorScratchDir = "/pool/condor/dir_3551113"
	Cpus = 1
	Disk = 3814
	GPUs = 0
	Memory = 2000
...
006 (15556766.079.000) 10/21 07:30:32 Image size of job updated: 26212
	26  -  MemoryUsage of job (MB)
	26212  -  ResidentSetSize of job (KB)
...
006 (15556766.079.000) 10/21 07:35:32 Image size of job updated: 2207024
	2156  -  MemoryUsage of job (MB)
	2207024  -  ResidentSetSize of job (KB)
...
006 (15556766.079.000) 10/21 07:40:33 Image size of job updated: 2207188
	2156  -  MemoryUsage of job (MB)
	2207188  -  ResidentSetSize of job (KB)
...
006 (15556766.079.000) 10/21 07:45:34 Image size of job updated: 2225112
	2173  -  MemoryUsage of job (MB)
	2225112  -  ResidentSetSize of job (KB)
...
006 (15556766.079.000) 10/21 07:50:34 Image size of job updated: 2225216
	2174  -  MemoryUsage of job (MB)
	2225216  -  ResidentSetSize of job (KB)
...
040 (15556766.079.000) 10/21 07:50:34 Started transferring output files
...
040 (15556766.079.000) 10/21 07:50:34 Finished transferring output files
...
009 (15556766.079.000) 10/21 07:50:34 Job was aborted.
	Job removed by SYSTEM_PERIODIC_REMOVE due to wall time exceeded allowed max.
...
