000 (15556765.584.000) 10/21 05:59:06 Job submitted from host: <188.184.90.241:9618?addrs=188.184.90.241-9618+[2001-1458-201-e4--100-2eb]-9618&alias=bigbird15.cern.ch&noUDP&sock=schedd_25064_65d2>
...
040 (15556765.584.000) 10/21 06:06:08 Started transferring input files
	Transferring to host: <188.185.194.68:9618?addrs=188.185.194.68-9618+[2001-1458-303-21--100-40]-9618&alias=b9p20p5000.cern.ch&noUDP&sock=slot1_11_7740_47b4_3459>
...
040 (15556765.584.000) 10/21 06:06:08 Finished transferring input files
...
001 (15556765.584.000) 10/21 06:06:09 Job executing on host: <188.185.194.68:9618?addrs=188.185.194.68-9618+[2001-1458-303-21--100-40]-9618&alias=b9p20p5000.cern.ch&noUDP&sock=startd_6859_482f>
	SlotName: slot1_11@b9p20p5000.cern.ch
	CondorScratchDir = "/pool/condor/dir_3116484"
	Cpus = 1
	Disk = 3703
	GPUs = 0
	Memory = 2000
...
006 (15556765.584.000) 10/21 06:06:17 Image size of job updated: 518264
	507  -  MemoryUsage of job (MB)
	518264  -  ResidentSetSize of job (KB)
...
006 (15556765.584.000) 10/21 06:11:17 Image size of job updated: 1700884
	1662  -  MemoryUsage of job (MB)
	1700884  -  ResidentSetSize of job (KB)
...
006 (15556765.584.000) 10/21 06:16:18 Image size of job updated: 1711060
	1671  -  MemoryUsage of job (MB)
	1711060  -  ResidentSetSize of job (KB)
...
040 (15556765.584.000) 10/21 06:26:18 Started transferring output files
...
040 (15556765.584.000) 10/21 06:26:18 Finished transferring output files
...
009 (15556765.584.000) 10/21 06:26:18 Job was aborted.
	Job removed by SYSTEM_PERIODIC_REMOVE due to wall time exceeded allowed max.
...
