000 (15556765.224.000) 10/21 05:59:05 Job submitted from host: <188.184.90.241:9618?addrs=188.184.90.241-9618+[2001-1458-201-e4--100-2eb]-9618&alias=bigbird15.cern.ch&noUDP&sock=schedd_25064_65d2>
...
040 (15556765.224.000) 10/21 06:01:03 Started transferring input files
	Transferring to host: <188.185.214.53:9618?addrs=188.185.214.53-9618+[2001-1458-303-1c--100-31]-9618&alias=b9p29p4388.cern.ch&noUDP&sock=slot1_16_7699_6452_5876>
...
040 (15556765.224.000) 10/21 06:01:03 Finished transferring input files
...
001 (15556765.224.000) 10/21 06:01:04 Job executing on host: <188.185.214.53:9618?addrs=188.185.214.53-9618+[2001-1458-303-1c--100-31]-9618&alias=b9p29p4388.cern.ch&noUDP&sock=startd_6442_4130>
	SlotName: slot1_16@b9p29p4388.cern.ch
	CondorScratchDir = "/pool/condor/dir_2147216"
	Cpus = 1
	Disk = 3775
	GPUs = 0
	Memory = 2000
...
006 (15556765.224.000) 10/21 06:01:13 Image size of job updated: 163624
	160  -  MemoryUsage of job (MB)
	163624  -  ResidentSetSize of job (KB)
...
006 (15556765.224.000) 10/21 06:06:13 Image size of job updated: 961456
	939  -  MemoryUsage of job (MB)
	961456  -  ResidentSetSize of job (KB)
...
006 (15556765.224.000) 10/21 06:11:13 Image size of job updated: 961640
	940  -  MemoryUsage of job (MB)
	961640  -  ResidentSetSize of job (KB)
...
006 (15556765.224.000) 10/21 06:16:14 Image size of job updated: 961748
	940  -  MemoryUsage of job (MB)
	961748  -  ResidentSetSize of job (KB)
...
040 (15556765.224.000) 10/21 06:21:14 Started transferring output files
...
040 (15556765.224.000) 10/21 06:21:14 Finished transferring output files
...
009 (15556765.224.000) 10/21 06:21:14 Job was aborted.
	Job removed by SYSTEM_PERIODIC_REMOVE due to wall time exceeded allowed max.
...
