000 (15556765.572.000) 10/21 05:59:06 Job submitted from host: <188.184.90.241:9618?addrs=188.184.90.241-9618+[2001-1458-201-e4--100-2eb]-9618&alias=bigbird15.cern.ch&noUDP&sock=schedd_25064_65d2>
...
040 (15556765.572.000) 10/21 06:06:05 Started transferring input files
	Transferring to host: <188.185.204.154:9618?addrs=188.185.204.154-9618+[2001-1458-303-8--100-8e]-9618&alias=b9p02p9176.cern.ch&noUDP&sock=slot1_30_4512_dcb1_81624>
...
040 (15556765.572.000) 10/21 06:06:05 Finished transferring input files
...
001 (15556765.572.000) 10/21 06:06:06 Job executing on host: <188.185.204.154:9618?addrs=188.185.204.154-9618+[2001-1458-303-8--100-8e]-9618&alias=b9p02p9176.cern.ch&noUDP&sock=startd_3797_0131>
	SlotName: slot1_30@b9p02p9176.cern.ch
	CondorScratchDir = "/pool/condor/dir_3793317"
	Cpus = 1
	Disk = 2713420
	Memory = 2000
...
006 (15556765.572.000) 10/21 06:06:14 Image size of job updated: 571120
	558  -  MemoryUsage of job (MB)
	570880  -  ResidentSetSize of job (KB)
...
006 (15556765.572.000) 10/21 06:11:14 Image size of job updated: 1699520
	1658  -  MemoryUsage of job (MB)
	1697092  -  ResidentSetSize of job (KB)
...
006 (15556765.572.000) 10/21 06:16:15 Image size of job updated: 1712908
	1669  -  MemoryUsage of job (MB)
	1708864  -  ResidentSetSize of job (KB)
...
006 (15556765.572.000) 10/21 06:21:16 Image size of job updated: 1713216
	1670  -  MemoryUsage of job (MB)
	1709140  -  ResidentSetSize of job (KB)
...
006 (15556765.572.000) 10/21 06:24:31 Image size of job updated: 1713472
	1670  -  MemoryUsage of job (MB)
	1709140  -  ResidentSetSize of job (KB)
...
040 (15556765.572.000) 10/21 06:24:31 Started transferring output files
...
040 (15556765.572.000) 10/21 06:24:31 Finished transferring output files
...
005 (15556765.572.000) 10/21 06:24:31 Job terminated.
	(1) Normal termination (return value 0)
		Usr 0 00:15:23, Sys 0 00:00:12  -  Run Remote Usage
		Usr 0 00:00:00, Sys 0 00:00:00  -  Run Local Usage
		Usr 0 00:15:23, Sys 0 00:00:12  -  Total Remote Usage
		Usr 0 00:00:00, Sys 0 00:00:00  -  Total Local Usage
	38916  -  Run Bytes Sent By Job
	229  -  Run Bytes Received By Job
	38916  -  Total Bytes Sent By Job
	229  -  Total Bytes Received By Job
	Partitionable Resources :    Usage  Request Allocated 
	   Cpus                 :     0.94        1         1 
	   Disk (KB)            :    83           1   2713420 
	   Memory (MB)          :  1670        2000      2000 

	Job terminated of its own accord at 2024-10-21T04:24:31Z with exit-code 0.
...
