000 (15556765.628.000) 10/21 05:59:06 Job submitted from host: <188.184.90.241:9618?addrs=188.184.90.241-9618+[2001-1458-201-e4--100-2eb]-9618&alias=bigbird15.cern.ch&noUDP&sock=schedd_25064_65d2>
...
040 (15556765.628.000) 10/21 06:06:23 Started transferring input files
	Transferring to host: <128.142.130.154:9618?addrs=128.142.130.154-9618+[2001-1458-301-58--100-8e]-9618&alias=b9g20p9583.cern.ch&noUDP&sock=slot1_29_966082_ea2e_19901>
...
040 (15556765.628.000) 10/21 06:06:24 Finished transferring input files
...
001 (15556765.628.000) 10/21 06:06:25 Job executing on host: <128.142.130.154:9618?addrs=128.142.130.154-9618+[2001-1458-301-58--100-8e]-9618&alias=b9g20p9583.cern.ch&noUDP&sock=startd_2382_6eae>
	SlotName: slot1_29@b9g20p9583.cern.ch
	CondorScratchDir = "/pool/condor/dir_4152121"
	Cpus = 1
	Disk = 1688726
	Memory = 2000
...
006 (15556765.628.000) 10/21 06:06:33 Image size of job updated: 2300
	3  -  MemoryUsage of job (MB)
	2300  -  ResidentSetSize of job (KB)
...
006 (15556765.628.000) 10/21 06:11:33 Image size of job updated: 1697320
	1658  -  MemoryUsage of job (MB)
	1697320  -  ResidentSetSize of job (KB)
...
040 (15556765.628.000) 10/21 06:11:51 Started transferring output files
...
040 (15556765.628.000) 10/21 06:11:51 Finished transferring output files
...
005 (15556765.628.000) 10/21 06:11:51 Job terminated.
	(1) Normal termination (return value 0)
		Usr 0 00:04:25, Sys 0 00:00:07  -  Run Remote Usage
		Usr 0 00:00:00, Sys 0 00:00:00  -  Run Local Usage
		Usr 0 00:04:25, Sys 0 00:00:07  -  Total Remote Usage
		Usr 0 00:00:00, Sys 0 00:00:00  -  Total Local Usage
	7670  -  Run Bytes Sent By Job
	229  -  Run Bytes Received By Job
	7670  -  Total Bytes Sent By Job
	229  -  Total Bytes Received By Job
	Partitionable Resources :    Usage  Request Allocated 
	   Cpus                 :        0        1         1 
	   Disk (KB)            :       48        1   1688726 
	   Memory (MB)          :     1658     2000      2000 

	Job terminated of its own accord at 2024-10-21T04:11:51Z with exit-code 0.
...
