000 (15556765.356.000) 10/21 05:59:06 Job submitted from host: <188.184.90.241:9618?addrs=188.184.90.241-9618+[2001-1458-201-e4--100-2eb]-9618&alias=bigbird15.cern.ch&noUDP&sock=schedd_25064_65d2>
...
040 (15556765.356.000) 10/21 06:02:02 Started transferring input files
	Transferring to host: <188.185.207.139:9618?addrs=188.185.207.139-9618+[2001-1458-303-e--100-8]-9618&alias=b9p08p1203.cern.ch&noUDP&sock=slot1_29_64850_7106_192256>
...
040 (15556765.356.000) 10/21 06:02:02 Finished transferring input files
...
001 (15556765.356.000) 10/21 06:02:03 Job executing on host: <188.185.207.139:9618?addrs=188.185.207.139-9618+[2001-1458-303-e--100-8]-9618&alias=b9p08p1203.cern.ch&noUDP&sock=startd_3519_51dc>
	SlotName: slot1_29@b9p08p1203.cern.ch
	CondorScratchDir = "/pool/condor/dir_2380914"
	Cpus = 1
	Disk = 2598282
	Memory = 2000
...
006 (15556765.356.000) 10/21 06:02:12 Image size of job updated: 163680
	160  -  MemoryUsage of job (MB)
	163576  -  ResidentSetSize of job (KB)
...
006 (15556765.356.000) 10/21 06:07:13 Image size of job updated: 754368
	734  -  MemoryUsage of job (MB)
	751268  -  ResidentSetSize of job (KB)
...
006 (15556765.356.000) 10/21 06:10:14 Image size of job updated: 755128
	734  -  MemoryUsage of job (MB)
	751268  -  ResidentSetSize of job (KB)
...
040 (15556765.356.000) 10/21 06:10:14 Started transferring output files
...
040 (15556765.356.000) 10/21 06:10:14 Finished transferring output files
...
005 (15556765.356.000) 10/21 06:10:15 Job terminated.
	(1) Normal termination (return value 0)
		Usr 0 00:04:56, Sys 0 00:00:08  -  Run Remote Usage
		Usr 0 00:00:00, Sys 0 00:00:00  -  Run Local Usage
		Usr 0 00:04:56, Sys 0 00:00:08  -  Total Remote Usage
		Usr 0 00:00:00, Sys 0 00:00:00  -  Total Local Usage
	12828  -  Run Bytes Sent By Job
	229  -  Run Bytes Received By Job
	12828  -  Total Bytes Sent By Job
	229  -  Total Bytes Received By Job
	Partitionable Resources :    Usage  Request Allocated 
	   Cpus                 :     0.79        1         1 
	   Disk (KB)            :    57           1   2598282 
	   Memory (MB)          :   734        2000      2000 

	Job terminated of its own accord at 2024-10-21T04:10:14Z with exit-code 0.
...
