000 (15556765.276.000) 10/21 05:59:05 Job submitted from host: <188.184.90.241:9618?addrs=188.184.90.241-9618+[2001-1458-201-e4--100-2eb]-9618&alias=bigbird15.cern.ch&noUDP&sock=schedd_25064_65d2>
...
040 (15556765.276.000) 10/21 06:01:23 Started transferring input files
	Transferring to host: <128.142.161.124:9618?addrs=128.142.161.124-9618+[2001-1458-301-b8--100-3a]-9618&alias=b9g03p3589.cern.ch&noUDP&sock=slot1_9_6297_8e59_3064>
...
040 (15556765.276.000) 10/21 06:01:23 Finished transferring input files
...
001 (15556765.276.000) 10/21 06:01:24 Job executing on host: <128.142.161.124:9618?addrs=128.142.161.124-9618+[2001-1458-301-b8--100-3a]-9618&alias=b9g03p3589.cern.ch&noUDP&sock=startd_5579_4ef5>
	SlotName: slot1_9@b9g03p3589.cern.ch
	CondorScratchDir = "/pool/condor/dir_3910664"
	Cpus = 1
	Disk = 4014
	GPUs = 0
	Memory = 2000
...
006 (15556765.276.000) 10/21 06:01:33 Image size of job updated: 224504
	220  -  MemoryUsage of job (MB)
	224504  -  ResidentSetSize of job (KB)
...
006 (15556765.276.000) 10/21 06:06:34 Image size of job updated: 961496
	939  -  MemoryUsage of job (MB)
	961496  -  ResidentSetSize of job (KB)
...
006 (15556765.276.000) 10/21 06:11:34 Image size of job updated: 961788
	940  -  MemoryUsage of job (MB)
	961788  -  ResidentSetSize of job (KB)
...
006 (15556765.276.000) 10/21 06:16:35 Image size of job updated: 961844
	940  -  MemoryUsage of job (MB)
	961844  -  ResidentSetSize of job (KB)
...
040 (15556765.276.000) 10/21 06:21:35 Started transferring output files
...
040 (15556765.276.000) 10/21 06:21:35 Finished transferring output files
...
009 (15556765.276.000) 10/21 06:21:35 Job was aborted.
	Job removed by SYSTEM_PERIODIC_REMOVE due to wall time exceeded allowed max.
...
