000 (15556765.153.000) 10/21 05:59:05 Job submitted from host: <188.184.90.241:9618?addrs=188.184.90.241-9618+[2001-1458-201-e4--100-2eb]-9618&alias=bigbird15.cern.ch&noUDP&sock=schedd_25064_65d2>
...
040 (15556765.153.000) 10/21 06:00:37 Started transferring input files
	Transferring to host: <128.142.131.114:9618?addrs=128.142.131.114-9618+[2001-1458-301-59--100-66]-9618&alias=b9g11p5853.cern.ch&noUDP&sock=slot1_21_3053_dd55_56188>
...
040 (15556765.153.000) 10/21 06:00:37 Finished transferring input files
...
001 (15556765.153.000) 10/21 06:00:39 Job executing on host: <128.142.131.114:9618?addrs=128.142.131.114-9618+[2001-1458-301-59--100-66]-9618&alias=b9g11p5853.cern.ch&noUDP&sock=startd_2685_43e0>
	SlotName: slot1_21@b9g11p5853.cern.ch
	CondorScratchDir = "/pool/condor/dir_3613843"
	Cpus = 1
	Disk = 1732872
	Memory = 2000
...
006 (15556765.153.000) 10/21 06:00:47 Image size of job updated: 147152
	144  -  MemoryUsage of job (MB)
	147152  -  ResidentSetSize of job (KB)
...
006 (15556765.153.000) 10/21 06:05:47 Image size of job updated: 993320
	971  -  MemoryUsage of job (MB)
	993320  -  ResidentSetSize of job (KB)
...
006 (15556765.153.000) 10/21 06:10:47 Image size of job updated: 997056
	974  -  MemoryUsage of job (MB)
	997056  -  ResidentSetSize of job (KB)
...
040 (15556765.153.000) 10/21 06:11:21 Started transferring output files
...
040 (15556765.153.000) 10/21 06:11:21 Finished transferring output files
...
005 (15556765.153.000) 10/21 06:11:22 Job terminated.
	(1) Normal termination (return value 0)
		Usr 0 00:08:26, Sys 0 00:00:12  -  Run Remote Usage
		Usr 0 00:00:00, Sys 0 00:00:00  -  Run Local Usage
		Usr 0 00:08:26, Sys 0 00:00:12  -  Total Remote Usage
		Usr 0 00:00:00, Sys 0 00:00:00  -  Total Local Usage
	7298  -  Run Bytes Sent By Job
	229  -  Run Bytes Received By Job
	7298  -  Total Bytes Sent By Job
	229  -  Total Bytes Received By Job
	Partitionable Resources :    Usage  Request Allocated 
	   Cpus                 :     0.86        1         1 
	   Disk (KB)            :    48           1   1732872 
	   Memory (MB)          :   974        2000      2000 

	Job terminated of its own accord at 2024-10-21T04:11:21Z with exit-code 0.
...
