000 (15556765.657.000) 10/21 05:59:06 Job submitted from host: <188.184.90.241:9618?addrs=188.184.90.241-9618+[2001-1458-201-e4--100-2eb]-9618&alias=bigbird15.cern.ch&noUDP&sock=schedd_25064_65d2>
...
040 (15556765.657.000) 10/21 06:06:35 Started transferring input files
	Transferring to host: <128.142.130.79:9618?addrs=128.142.130.79-9618+[2001-1458-301-58--100-43]-9618&alias=b9g20p7160.cern.ch&noUDP&sock=slot1_14_2748_f6e9_167704>
...
040 (15556765.657.000) 10/21 06:06:35 Finished transferring input files
...
001 (15556765.657.000) 10/21 06:06:36 Job executing on host: <128.142.130.79:9618?addrs=128.142.130.79-9618+[2001-1458-301-58--100-43]-9618&alias=b9g20p7160.cern.ch&noUDP&sock=startd_2418_2017>
	SlotName: slot1_14@b9g20p7160.cern.ch
	CondorScratchDir = "/pool/condor/dir_1137292"
	Cpus = 1
	Disk = 1763110
	Memory = 2000
...
006 (15556765.657.000) 10/21 06:06:45 Image size of job updated: 150288
	147  -  MemoryUsage of job (MB)
	150288  -  ResidentSetSize of job (KB)
...
006 (15556765.657.000) 10/21 06:11:46 Image size of job updated: 770656
	753  -  MemoryUsage of job (MB)
	770656  -  ResidentSetSize of job (KB)
...
040 (15556765.657.000) 10/21 06:14:46 Started transferring output files
...
040 (15556765.657.000) 10/21 06:14:46 Finished transferring output files
...
005 (15556765.657.000) 10/21 06:14:46 Job terminated.
	(1) Normal termination (return value 0)
		Usr 0 00:07:22, Sys 0 00:00:05  -  Run Remote Usage
		Usr 0 00:00:00, Sys 0 00:00:00  -  Run Local Usage
		Usr 0 00:07:22, Sys 0 00:00:05  -  Total Remote Usage
		Usr 0 00:00:00, Sys 0 00:00:00  -  Total Local Usage
	13100  -  Run Bytes Sent By Job
	229  -  Run Bytes Received By Job
	13100  -  Total Bytes Sent By Job
	229  -  Total Bytes Received By Job
	Partitionable Resources :    Usage  Request Allocated 
	   Cpus                 :     0.09        1         1 
	   Disk (KB)            :    54           1   1763110 
	   Memory (MB)          :   753        2000      2000 

	Job terminated of its own accord at 2024-10-21T04:14:46Z with exit-code 0.
...
