000 (15556765.604.000) 10/21 05:59:06 Job submitted from host: <188.184.90.241:9618?addrs=188.184.90.241-9618+[2001-1458-201-e4--100-2eb]-9618&alias=bigbird15.cern.ch&noUDP&sock=schedd_25064_65d2>
...
040 (15556765.604.000) 10/21 06:06:13 Started transferring input files
	Transferring to host: <128.142.248.200:9618?addrs=128.142.248.200-9618+[2001-1458-301-73--100-c7]-9618&alias=b9g23p5584.cern.ch&noUDP&sock=slot1_17_2472674_4580_80057>
...
040 (15556765.604.000) 10/21 06:06:13 Finished transferring input files
...
001 (15556765.604.000) 10/21 06:06:14 Job executing on host: <128.142.248.200:9618?addrs=128.142.248.200-9618+[2001-1458-301-73--100-c7]-9618&alias=b9g23p5584.cern.ch&noUDP&sock=startd_118415_6b4c>
	SlotName: slot1_17@b9g23p5584.cern.ch
	CondorScratchDir = "/pool/condor/dir_532228"
	Cpus = 1
	Disk = 2915709
	Memory = 2000
...
006 (15556765.604.000) 10/21 06:06:23 Image size of job updated: 2260
	2  -  MemoryUsage of job (MB)
	1936  -  ResidentSetSize of job (KB)
...
006 (15556765.604.000) 10/21 06:11:24 Image size of job updated: 762528
	743  -  MemoryUsage of job (MB)
	760152  -  ResidentSetSize of job (KB)
...
006 (15556765.604.000) 10/21 06:16:24 Image size of job updated: 774188
	755  -  MemoryUsage of job (MB)
	772516  -  ResidentSetSize of job (KB)
...
006 (15556765.604.000) 10/21 06:21:25 Image size of job updated: 775928
	756  -  MemoryUsage of job (MB)
	773228  -  ResidentSetSize of job (KB)
...
006 (15556765.604.000) 10/21 06:26:25 Image size of job updated: 777700
	756  -  MemoryUsage of job (MB)
	773228  -  ResidentSetSize of job (KB)
...
040 (15556765.604.000) 10/21 06:26:25 Started transferring output files
...
040 (15556765.604.000) 10/21 06:26:25 Finished transferring output files
...
009 (15556765.604.000) 10/21 06:26:25 Job was aborted.
	Job removed by SYSTEM_PERIODIC_REMOVE due to wall time exceeded allowed max.
...
