000 (15556765.514.000) 10/21 05:59:06 Job submitted from host: <188.184.90.241:9618?addrs=188.184.90.241-9618+[2001-1458-201-e4--100-2eb]-9618&alias=bigbird15.cern.ch&noUDP&sock=schedd_25064_65d2>
...
040 (15556765.514.000) 10/21 06:05:43 Started transferring input files
	Transferring to host: <188.185.195.136:9618?addrs=188.185.195.136-9618+[2001-1458-303-22--100-84]-9618&alias=b9p17p5912.cern.ch&noUDP&sock=slot1_32_1767329_e915_76131>
...
040 (15556765.514.000) 10/21 06:05:43 Finished transferring input files
...
001 (15556765.514.000) 10/21 06:05:45 Job executing on host: <188.185.195.136:9618?addrs=188.185.195.136-9618+[2001-1458-303-22--100-84]-9618&alias=b9p17p5912.cern.ch&noUDP&sock=startd_128092_0947>
	SlotName: slot1_32@b9p17p5912.cern.ch
	CondorScratchDir = "/pool/condor/dir_1121806"
	Cpus = 1
	Disk = 3080368
	Memory = 2000
...
006 (15556765.514.000) 10/21 06:05:53 Image size of job updated: 432552
	423  -  MemoryUsage of job (MB)
	432552  -  ResidentSetSize of job (KB)
...
006 (15556765.514.000) 10/21 06:10:53 Image size of job updated: 2358612
	2302  -  MemoryUsage of job (MB)
	2356868  -  ResidentSetSize of job (KB)
...
006 (15556765.514.000) 10/21 06:15:53 Image size of job updated: 2360176
	2302  -  MemoryUsage of job (MB)
	2356876  -  ResidentSetSize of job (KB)
...
006 (15556765.514.000) 10/21 06:17:09 Image size of job updated: 2360340
	2302  -  MemoryUsage of job (MB)
	2356876  -  ResidentSetSize of job (KB)
...
040 (15556765.514.000) 10/21 06:17:09 Started transferring output files
...
040 (15556765.514.000) 10/21 06:17:09 Finished transferring output files
...
005 (15556765.514.000) 10/21 06:17:09 Job terminated.
	(1) Normal termination (return value 0)
		Usr 0 00:07:33, Sys 0 00:00:07  -  Run Remote Usage
		Usr 0 00:00:00, Sys 0 00:00:00  -  Run Local Usage
		Usr 0 00:07:33, Sys 0 00:00:07  -  Total Remote Usage
		Usr 0 00:00:00, Sys 0 00:00:00  -  Total Local Usage
	13111  -  Run Bytes Sent By Job
	229  -  Run Bytes Received By Job
	13111  -  Total Bytes Sent By Job
	229  -  Total Bytes Received By Job
	Partitionable Resources :    Usage  Request Allocated 
	   Cpus                 :     0.81        1         1 
	   Disk (KB)            :    54           1   3080368 
	   Memory (MB)          :  2302        2000      2000 

	Job terminated of its own accord at 2024-10-21T04:17:09Z with exit-code 0.
...
