000 (15556765.230.000) 10/21 05:59:05 Job submitted from host: <188.184.90.241:9618?addrs=188.184.90.241-9618+[2001-1458-201-e4--100-2eb]-9618&alias=bigbird15.cern.ch&noUDP&sock=schedd_25064_65d2>
...
040 (15556765.230.000) 10/21 06:01:05 Started transferring input files
	Transferring to host: <128.142.161.88:9618?addrs=128.142.161.88-9618+[2001-1458-301-b8--100-16]-9618&alias=b9g03p2986.cern.ch&noUDP&sock=slot1_11_6028_056e_3349>
...
040 (15556765.230.000) 10/21 06:01:05 Finished transferring input files
...
001 (15556765.230.000) 10/21 06:01:07 Job executing on host: <128.142.161.88:9618?addrs=128.142.161.88-9618+[2001-1458-301-b8--100-16]-9618&alias=b9g03p2986.cern.ch&noUDP&sock=startd_5060_514e>
	SlotName: slot1_11@b9g03p2986.cern.ch
	CondorScratchDir = "/pool/condor/dir_3632001"
	Cpus = 1
	Disk = 4029
	GPUs = 0
	Memory = 2000
...
006 (15556765.230.000) 10/21 06:01:15 Image size of job updated: 211896
	207  -  MemoryUsage of job (MB)
	211896  -  ResidentSetSize of job (KB)
...
006 (15556765.230.000) 10/21 06:06:15 Image size of job updated: 958644
	937  -  MemoryUsage of job (MB)
	958644  -  ResidentSetSize of job (KB)
...
006 (15556765.230.000) 10/21 06:11:16 Image size of job updated: 958644
	937  -  MemoryUsage of job (MB)
	958728  -  ResidentSetSize of job (KB)
...
040 (15556765.230.000) 10/21 06:17:48 Started transferring output files
...
040 (15556765.230.000) 10/21 06:17:48 Finished transferring output files
...
005 (15556765.230.000) 10/21 06:17:48 Job terminated.
	(1) Normal termination (return value 0)
		Usr 0 00:14:22, Sys 0 00:00:05  -  Run Remote Usage
		Usr 0 00:00:00, Sys 0 00:00:00  -  Run Local Usage
		Usr 0 00:14:22, Sys 0 00:00:05  -  Total Remote Usage
		Usr 0 00:00:00, Sys 0 00:00:00  -  Total Local Usage
	19739  -  Run Bytes Sent By Job
	229  -  Run Bytes Received By Job
	19739  -  Total Bytes Sent By Job
	229  -  Total Bytes Received By Job
	Partitionable Resources :    Usage  Request Allocated 
	   Cpus                 :     0.90        1         1 
	   Disk (KB)            :    61           1      4029 
	   GPUs                 :                           0 
	   Memory (MB)          :   937        2000      2000 

	Job terminated of its own accord at 2024-10-21T04:17:48Z with exit-code 0.
...
