000 (15556765.492.000) 10/21 05:59:06 Job submitted from host: <188.184.90.241:9618?addrs=188.184.90.241-9618+[2001-1458-201-e4--100-2eb]-9618&alias=bigbird15.cern.ch&noUDP&sock=schedd_25064_65d2>
...
040 (15556765.492.000) 10/21 06:05:35 Started transferring input files
	Transferring to host: <188.185.192.146:9618?addrs=188.185.192.146-9618+[2001-1458-303-1f--100-8e]-9618&alias=b9p13p0146.cern.ch&noUDP&sock=slot1_30_1952442_c3dc_78089>
...
040 (15556765.492.000) 10/21 06:05:35 Finished transferring input files
...
001 (15556765.492.000) 10/21 06:05:36 Job executing on host: <188.185.192.146:9618?addrs=188.185.192.146-9618+[2001-1458-303-1f--100-8e]-9618&alias=b9p13p0146.cern.ch&noUDP&sock=startd_128097_7740>
	SlotName: slot1_30@b9p13p0146.cern.ch
	CondorScratchDir = "/pool/condor/dir_2592994"
	Cpus = 1
	Disk = 3004499
	Memory = 2000
...
006 (15556765.492.000) 10/21 06:05:45 Image size of job updated: 2808
	3  -  MemoryUsage of job (MB)
	2128  -  ResidentSetSize of job (KB)
...
006 (15556765.492.000) 10/21 06:10:46 Image size of job updated: 2348140
	2292  -  MemoryUsage of job (MB)
	2346332  -  ResidentSetSize of job (KB)
...
040 (15556765.492.000) 10/21 06:11:33 Started transferring output files
...
040 (15556765.492.000) 10/21 06:11:33 Finished transferring output files
...
005 (15556765.492.000) 10/21 06:11:33 Job terminated.
	(1) Normal termination (return value 0)
		Usr 0 00:04:28, Sys 0 00:00:07  -  Run Remote Usage
		Usr 0 00:00:00, Sys 0 00:00:00  -  Run Local Usage
		Usr 0 00:04:28, Sys 0 00:00:07  -  Total Remote Usage
		Usr 0 00:00:00, Sys 0 00:00:00  -  Total Local Usage
	8024  -  Run Bytes Sent By Job
	229  -  Run Bytes Received By Job
	8024  -  Total Bytes Sent By Job
	229  -  Total Bytes Received By Job
	Partitionable Resources :    Usage  Request Allocated 
	   Cpus                 :        0        1         1 
	   Disk (KB)            :       49        1   3004499 
	   Memory (MB)          :     2292     2000      2000 

	Job terminated of its own accord at 2024-10-21T04:11:33Z with exit-code 0.
...
