000 (15556765.527.000) 10/21 05:59:06 Job submitted from host: <188.184.90.241:9618?addrs=188.184.90.241-9618+[2001-1458-201-e4--100-2eb]-9618&alias=bigbird15.cern.ch&noUDP&sock=schedd_25064_65d2>
...
040 (15556765.527.000) 10/21 06:05:47 Started transferring input files
	Transferring to host: <188.185.195.96:9618?addrs=188.185.195.96-9618+[2001-1458-303-22--100-5c]-9618&alias=b9p17p6924.cern.ch&noUDP&sock=slot1_24_8757_d93d_2765>
...
040 (15556765.527.000) 10/21 06:05:48 Finished transferring input files
...
001 (15556765.527.000) 10/21 06:05:48 Job executing on host: <188.185.195.96:9618?addrs=188.185.195.96-9618+[2001-1458-303-22--100-5c]-9618&alias=b9p17p6924.cern.ch&noUDP&sock=startd_7854_c4ea>
	SlotName: slot1_24@b9p17p6924.cern.ch
	CondorScratchDir = "/pool/condor/dir_3588828"
	Cpus = 1
	Disk = 3713
	GPUs = 0
	Memory = 2000
...
006 (15556765.527.000) 10/21 06:05:57 Image size of job updated: 549868
	537  -  MemoryUsage of job (MB)
	549868  -  ResidentSetSize of job (KB)
...
006 (15556765.527.000) 10/21 06:10:58 Image size of job updated: 1655160
	1617  -  MemoryUsage of job (MB)
	1655160  -  ResidentSetSize of job (KB)
...
006 (15556765.527.000) 10/21 06:15:58 Image size of job updated: 1655452
	1617  -  MemoryUsage of job (MB)
	1655452  -  ResidentSetSize of job (KB)
...
006 (15556765.527.000) 10/21 06:20:58 Image size of job updated: 1669056
	1630  -  MemoryUsage of job (MB)
	1669056  -  ResidentSetSize of job (KB)
...
040 (15556765.527.000) 10/21 06:25:58 Started transferring output files
...
040 (15556765.527.000) 10/21 06:25:58 Finished transferring output files
...
009 (15556765.527.000) 10/21 06:25:58 Job was aborted.
	Job removed by SYSTEM_PERIODIC_REMOVE due to wall time exceeded allowed max.
...
