000 (15556765.424.000) 10/21 05:59:06 Job submitted from host: <188.184.90.241:9618?addrs=188.184.90.241-9618+[2001-1458-201-e4--100-2eb]-9618&alias=bigbird15.cern.ch&noUDP&sock=schedd_25064_65d2>
...
040 (15556765.424.000) 10/21 06:04:09 Started transferring input files
	Transferring to host: <128.142.248.79:9618?addrs=128.142.248.79-9618+[2001-1458-301-73--100-13f]-9618&alias=b9g23p1840.cern.ch&noUDP&sock=slot1_5_2605018_9785_32586>
...
040 (15556765.424.000) 10/21 06:04:09 Finished transferring input files
...
001 (15556765.424.000) 10/21 06:04:10 Job executing on host: <128.142.248.79:9618?addrs=128.142.248.79-9618+[2001-1458-301-73--100-13f]-9618&alias=b9g23p1840.cern.ch&noUDP&sock=startd_7681_1b08>
	SlotName: slot1_5@b9g23p1840.cern.ch
	CondorScratchDir = "/pool/condor/dir_3851106"
	Cpus = 1
	Disk = 2947927
	Memory = 2000
...
006 (15556765.424.000) 10/21 06:04:18 Image size of job updated: 166236
	162  -  MemoryUsage of job (MB)
	165884  -  ResidentSetSize of job (KB)
...
006 (15556765.424.000) 10/21 06:09:18 Image size of job updated: 756504
	737  -  MemoryUsage of job (MB)
	754528  -  ResidentSetSize of job (KB)
...
040 (15556765.424.000) 10/21 06:12:51 Started transferring output files
...
040 (15556765.424.000) 10/21 06:12:51 Finished transferring output files
...
005 (15556765.424.000) 10/21 06:12:51 Job terminated.
	(1) Normal termination (return value 0)
		Usr 0 00:07:40, Sys 0 00:00:06  -  Run Remote Usage
		Usr 0 00:00:00, Sys 0 00:00:00  -  Run Local Usage
		Usr 0 00:07:40, Sys 0 00:00:06  -  Total Remote Usage
		Usr 0 00:00:00, Sys 0 00:00:00  -  Total Local Usage
	13754  -  Run Bytes Sent By Job
	229  -  Run Bytes Received By Job
	13754  -  Total Bytes Sent By Job
	229  -  Total Bytes Received By Job
	Partitionable Resources :    Usage  Request Allocated 
	   Cpus                 :                 1         1 
	   Disk (KB)            :       48        1   2947927 
	   Memory (MB)          :      737     2000      2000 

	Job terminated of its own accord at 2024-10-21T04:12:51Z with exit-code 0.
...
