000 (15556765.057.000) 10/21 05:59:05 Job submitted from host: <188.184.90.241:9618?addrs=188.184.90.241-9618+[2001-1458-201-e4--100-2eb]-9618&alias=bigbird15.cern.ch&noUDP&sock=schedd_25064_65d2>
...
040 (15556765.057.000) 10/21 06:00:06 Started transferring input files
	Transferring to host: <188.185.206.205:9618?addrs=188.185.206.205-9618+[2001-1458-303-c--100-4a]-9618&alias=b9p06p1318.cern.ch&noUDP&sock=slot1_25_3703_d930_80917>
...
040 (15556765.057.000) 10/21 06:00:06 Finished transferring input files
...
001 (15556765.057.000) 10/21 06:00:07 Job executing on host: <188.185.206.205:9618?addrs=188.185.206.205-9618+[2001-1458-303-c--100-4a]-9618&alias=b9p06p1318.cern.ch&noUDP&sock=startd_3355_d454>
	SlotName: slot1_25@b9p06p1318.cern.ch
	CondorScratchDir = "/pool/condor/dir_3165336"
	Cpus = 1
	Disk = 2621005
	Memory = 2000
...
006 (15556765.057.000) 10/21 06:00:16 Image size of job updated: 787776
	770  -  MemoryUsage of job (MB)
	787776  -  ResidentSetSize of job (KB)
...
006 (15556765.057.000) 10/21 06:05:17 Image size of job updated: 1131820
	1105  -  MemoryUsage of job (MB)
	1131256  -  ResidentSetSize of job (KB)
...
006 (15556765.057.000) 10/21 06:10:18 Image size of job updated: 1131820
	1105  -  MemoryUsage of job (MB)
	1131276  -  ResidentSetSize of job (KB)
...
006 (15556765.057.000) 10/21 06:12:58 Image size of job updated: 1978616
	1105  -  MemoryUsage of job (MB)
	1131276  -  ResidentSetSize of job (KB)
...
040 (15556765.057.000) 10/21 06:12:58 Started transferring output files
...
040 (15556765.057.000) 10/21 06:12:58 Finished transferring output files
...
005 (15556765.057.000) 10/21 06:12:58 Job terminated.
	(1) Normal termination (return value 0)
		Usr 0 00:01:58, Sys 0 00:00:07  -  Run Remote Usage
		Usr 0 00:00:00, Sys 0 00:00:00  -  Run Local Usage
		Usr 0 00:01:58, Sys 0 00:00:07  -  Total Remote Usage
		Usr 0 00:00:00, Sys 0 00:00:00  -  Total Local Usage
	3028  -  Run Bytes Sent By Job
	229  -  Run Bytes Received By Job
	3028  -  Total Bytes Sent By Job
	229  -  Total Bytes Received By Job
	Partitionable Resources :    Usage  Request Allocated 
	   Cpus                 :        0        1         1 
	   Disk (KB)            :       47        1   2621005 
	   Memory (MB)          :     1105     2000      2000 

	Job terminated of its own accord at 2024-10-21T04:12:58Z with exit-code 0.
...
000 (15556766.057.000) 10/21 07:29:09 Job submitted from host: <188.184.90.241:9618?addrs=188.184.90.241-9618+[2001-1458-201-e4--100-2eb]-9618&alias=bigbird15.cern.ch&noUDP&sock=schedd_25064_65d2>
...
040 (15556766.057.000) 10/21 07:30:16 Started transferring input files
	Transferring to host: <188.185.193.132:9618?addrs=188.185.193.132-9618+[2001-1458-303-20--100-80]-9618&alias=b9p19p1307.cern.ch&noUDP&sock=slot1_26_1439284_8819_24186>
...
040 (15556766.057.000) 10/21 07:30:16 Finished transferring input files
...
001 (15556766.057.000) 10/21 07:30:17 Job executing on host: <188.185.193.132:9618?addrs=188.185.193.132-9618+[2001-1458-303-20--100-80]-9618&alias=b9p19p1307.cern.ch&noUDP&sock=startd_174814_712b>
	SlotName: slot1_26@b9p19p1307.cern.ch
	CondorScratchDir = "/pool/condor/dir_3871797"
	Cpus = 1
	Disk = 2972422
	Memory = 2000
...
006 (15556766.057.000) 10/21 07:30:25 Image size of job updated: 180788
	176  -  MemoryUsage of job (MB)
	180144  -  ResidentSetSize of job (KB)
...
006 (15556766.057.000) 10/21 07:35:25 Image size of job updated: 887484
	867  -  MemoryUsage of job (MB)
	887484  -  ResidentSetSize of job (KB)
...
006 (15556766.057.000) 10/21 07:40:25 Image size of job updated: 1059900
	1034  -  MemoryUsage of job (MB)
	1058076  -  ResidentSetSize of job (KB)
...
040 (15556766.057.000) 10/21 07:50:26 Started transferring output files
...
040 (15556766.057.000) 10/21 07:50:26 Finished transferring output files
...
009 (15556766.057.000) 10/21 07:50:26 Job was aborted.
	Job removed by SYSTEM_PERIODIC_REMOVE due to wall time exceeded allowed max.
...
