000 (15556765.398.000) 10/21 05:59:06 Job submitted from host: <188.184.90.241:9618?addrs=188.184.90.241-9618+[2001-1458-201-e4--100-2eb]-9618&alias=bigbird15.cern.ch&noUDP&sock=schedd_25064_65d2>
...
040 (15556765.398.000) 10/21 06:02:58 Started transferring input files
	Transferring to host: <128.142.248.117:9618?addrs=128.142.248.117-9618+[2001-1458-301-73--100-165]-9618&alias=b9g23p5831.cern.ch&noUDP&sock=slot1_36_6592_6905_61148>
...
040 (15556765.398.000) 10/21 06:02:58 Finished transferring input files
...
001 (15556765.398.000) 10/21 06:02:59 Job executing on host: <128.142.248.117:9618?addrs=128.142.248.117-9618+[2001-1458-301-73--100-165]-9618&alias=b9g23p5831.cern.ch&noUDP&sock=startd_5908_f99e>
	SlotName: slot1_36@b9g23p5831.cern.ch
	CondorScratchDir = "/pool/condor/dir_89719"
	Cpus = 1
	Disk = 2919697
	Memory = 2000
...
006 (15556765.398.000) 10/21 06:03:08 Image size of job updated: 196604
	192  -  MemoryUsage of job (MB)
	196600  -  ResidentSetSize of job (KB)
...
006 (15556765.398.000) 10/21 06:08:09 Image size of job updated: 760716
	739  -  MemoryUsage of job (MB)
	755916  -  ResidentSetSize of job (KB)
...
006 (15556765.398.000) 10/21 06:11:02 Image size of job updated: 760868
	739  -  MemoryUsage of job (MB)
	755916  -  ResidentSetSize of job (KB)
...
040 (15556765.398.000) 10/21 06:11:02 Started transferring output files
...
040 (15556765.398.000) 10/21 06:11:02 Finished transferring output files
...
005 (15556765.398.000) 10/21 06:11:03 Job terminated.
	(1) Normal termination (return value 0)
		Usr 0 00:06:46, Sys 0 00:00:07  -  Run Remote Usage
		Usr 0 00:00:00, Sys 0 00:00:00  -  Run Local Usage
		Usr 0 00:06:46, Sys 0 00:00:07  -  Total Remote Usage
		Usr 0 00:00:00, Sys 0 00:00:00  -  Total Local Usage
	12609  -  Run Bytes Sent By Job
	229  -  Run Bytes Received By Job
	12609  -  Total Bytes Sent By Job
	229  -  Total Bytes Received By Job
	Partitionable Resources :    Usage  Request Allocated 
	   Cpus                 :     0.91        1         1 
	   Disk (KB)            :    55           1   2919697 
	   Memory (MB)          :   739        2000      2000 

	Job terminated of its own accord at 2024-10-21T04:11:02Z with exit-code 0.
...
