000 (15556765.565.000) 10/21 05:59:06 Job submitted from host: <188.184.90.241:9618?addrs=188.184.90.241-9618+[2001-1458-201-e4--100-2eb]-9618&alias=bigbird15.cern.ch&noUDP&sock=schedd_25064_65d2>
...
040 (15556765.565.000) 10/21 06:06:02 Started transferring input files
	Transferring to host: <188.185.206.195:9618?addrs=188.185.206.195-9618+[2001-1458-303-c--100-40]-9618&alias=b9p06p8468.cern.ch&noUDP&sock=slot1_2_3630_69cd_69579>
...
040 (15556765.565.000) 10/21 06:06:02 Finished transferring input files
...
001 (15556765.565.000) 10/21 06:06:03 Job executing on host: <188.185.206.195:9618?addrs=188.185.206.195-9618+[2001-1458-303-c--100-40]-9618&alias=b9p06p8468.cern.ch&noUDP&sock=startd_3587_f64d>
	SlotName: slot1_2@b9p06p8468.cern.ch
	CondorScratchDir = "/pool/condor/dir_184800"
	Cpus = 1
	Disk = 2603862
	Memory = 2000
...
006 (15556765.565.000) 10/21 06:06:12 Image size of job updated: 688568
	673  -  MemoryUsage of job (MB)
	688568  -  ResidentSetSize of job (KB)
...
006 (15556765.565.000) 10/21 06:11:14 Image size of job updated: 1752840
	1711  -  MemoryUsage of job (MB)
	1751836  -  ResidentSetSize of job (KB)
...
006 (15556765.565.000) 10/21 06:16:14 Image size of job updated: 1764340
	1723  -  MemoryUsage of job (MB)
	1763580  -  ResidentSetSize of job (KB)
...
006 (15556765.565.000) 10/21 06:21:14 Image size of job updated: 1767812
	1723  -  MemoryUsage of job (MB)
	1763580  -  ResidentSetSize of job (KB)
...
040 (15556765.565.000) 10/21 06:22:14 Started transferring output files
...
040 (15556765.565.000) 10/21 06:22:14 Finished transferring output files
...
005 (15556765.565.000) 10/21 06:22:14 Job terminated.
	(1) Normal termination (return value 0)
		Usr 0 00:13:17, Sys 0 00:00:08  -  Run Remote Usage
		Usr 0 00:00:00, Sys 0 00:00:00  -  Run Local Usage
		Usr 0 00:13:17, Sys 0 00:00:08  -  Total Remote Usage
		Usr 0 00:00:00, Sys 0 00:00:00  -  Total Local Usage
	37406  -  Run Bytes Sent By Job
	229  -  Run Bytes Received By Job
	37406  -  Total Bytes Sent By Job
	229  -  Total Bytes Received By Job
	Partitionable Resources :    Usage  Request Allocated 
	   Cpus                 :     0.73        1         1 
	   Disk (KB)            :    80           1   2603862 
	   Memory (MB)          :  1723        2000      2000 

	Job terminated of its own accord at 2024-10-21T04:22:14Z with exit-code 0.
...
