000 (15556765.011.000) 10/21 05:59:05 Job submitted from host: <188.184.90.241:9618?addrs=188.184.90.241-9618+[2001-1458-201-e4--100-2eb]-9618&alias=bigbird15.cern.ch&noUDP&sock=schedd_25064_65d2>
...
040 (15556765.011.000) 10/21 05:59:50 Started transferring input files
	Transferring to host: <188.185.193.53:9618?addrs=188.185.193.53-9618+[2001-1458-303-20--100-31]-9618&alias=b9p19p9278.cern.ch&noUDP&sock=slot1_17_6848_c910_3593>
...
040 (15556765.011.000) 10/21 05:59:50 Finished transferring input files
...
001 (15556765.011.000) 10/21 05:59:52 Job executing on host: <188.185.193.53:9618?addrs=188.185.193.53-9618+[2001-1458-303-20--100-31]-9618&alias=b9p19p9278.cern.ch&noUDP&sock=startd_5822_fc79>
	SlotName: slot1_17@b9p19p9278.cern.ch
	CondorScratchDir = "/pool/condor/dir_3753154"
	Cpus = 1
	Disk = 3822
	GPUs = 0
	Memory = 2000
...
006 (15556765.011.000) 10/21 06:00:00 Image size of job updated: 150436
	147  -  MemoryUsage of job (MB)
	150436  -  ResidentSetSize of job (KB)
...
040 (15556765.011.000) 10/21 06:02:53 Started transferring output files
...
040 (15556765.011.000) 10/21 06:02:53 Finished transferring output files
...
005 (15556765.011.000) 10/21 06:02:54 Job terminated.
	(1) Normal termination (return value 0)
		Usr 0 00:02:44, Sys 0 00:00:05  -  Run Remote Usage
		Usr 0 00:00:00, Sys 0 00:00:00  -  Run Local Usage
		Usr 0 00:02:44, Sys 0 00:00:05  -  Total Remote Usage
		Usr 0 00:00:00, Sys 0 00:00:00  -  Total Local Usage
	2894  -  Run Bytes Sent By Job
	229  -  Run Bytes Received By Job
	2894  -  Total Bytes Sent By Job
	229  -  Total Bytes Received By Job
	Partitionable Resources :    Usage  Request Allocated 
	   Cpus                 :        0        1         1 
	   Disk (KB)            :       45        1      3822 
	   GPUs                 :                           0 
	   Memory (MB)          :      147     2000      2000 

	Job terminated of its own accord at 2024-10-21T04:02:53Z with exit-code 0.
...
000 (15556766.011.000) 10/21 07:29:07 Job submitted from host: <188.184.90.241:9618?addrs=188.184.90.241-9618+[2001-1458-201-e4--100-2eb]-9618&alias=bigbird15.cern.ch&noUDP&sock=schedd_25064_65d2>
...
040 (15556766.011.000) 10/21 07:30:00 Started transferring input files
	Transferring to host: <128.142.161.104:9618?addrs=128.142.161.104-9618+[2001-1458-301-b8--100-26]-9618&alias=b9g03p6832.cern.ch&noUDP&sock=slot1_3_6819_5a2e_3141>
...
040 (15556766.011.000) 10/21 07:30:00 Finished transferring input files
...
001 (15556766.011.000) 10/21 07:30:01 Job executing on host: <128.142.161.104:9618?addrs=128.142.161.104-9618+[2001-1458-301-b8--100-26]-9618&alias=b9g03p6832.cern.ch&noUDP&sock=startd_5996_55f3>
	SlotName: slot1_3@b9g03p6832.cern.ch
	CondorScratchDir = "/pool/condor/dir_1355394"
	Cpus = 1
	Disk = 3817
	GPUs = 0
	Memory = 2000
...
006 (15556766.011.000) 10/21 07:30:09 Image size of job updated: 364664
	357  -  MemoryUsage of job (MB)
	364664  -  ResidentSetSize of job (KB)
...
006 (15556766.011.000) 10/21 07:35:09 Image size of job updated: 2354028
	2299  -  MemoryUsage of job (MB)
	2354028  -  ResidentSetSize of job (KB)
...
006 (15556766.011.000) 10/21 07:45:11 Image size of job updated: 2356472
	2302  -  MemoryUsage of job (MB)
	2356472  -  ResidentSetSize of job (KB)
...
040 (15556766.011.000) 10/21 07:50:11 Started transferring output files
...
040 (15556766.011.000) 10/21 07:50:11 Finished transferring output files
...
009 (15556766.011.000) 10/21 07:50:11 Job was aborted.
	Job removed by SYSTEM_PERIODIC_REMOVE due to wall time exceeded allowed max.
...
