000 (15556765.416.000) 10/21 05:59:06 Job submitted from host: <188.184.90.241:9618?addrs=188.184.90.241-9618+[2001-1458-201-e4--100-2eb]-9618&alias=bigbird15.cern.ch&noUDP&sock=schedd_25064_65d2>
...
040 (15556765.416.000) 10/21 06:03:35 Started transferring input files
	Transferring to host: <128.142.248.113:9618?addrs=128.142.248.113-9618+[2001-1458-301-73--100-161]-9618&alias=b9g23p8916.cern.ch&noUDP&sock=slot1_37_2088419_dcd6_88529>
...
040 (15556765.416.000) 10/21 06:03:35 Finished transferring input files
...
001 (15556765.416.000) 10/21 06:03:36 Job executing on host: <128.142.248.113:9618?addrs=128.142.248.113-9618+[2001-1458-301-73--100-161]-9618&alias=b9g23p8916.cern.ch&noUDP&sock=startd_6632_942f>
	SlotName: slot1_37@b9g23p8916.cern.ch
	CondorScratchDir = "/pool/condor/dir_4022220"
	Cpus = 1
	Disk = 2841367
	Memory = 2000
...
006 (15556765.416.000) 10/21 06:03:45 Image size of job updated: 189932
	186  -  MemoryUsage of job (MB)
	189924  -  ResidentSetSize of job (KB)
...
006 (15556765.416.000) 10/21 06:08:46 Image size of job updated: 766208
	747  -  MemoryUsage of job (MB)
	764272  -  ResidentSetSize of job (KB)
...
040 (15556765.416.000) 10/21 06:11:48 Started transferring output files
...
040 (15556765.416.000) 10/21 06:11:48 Finished transferring output files
...
005 (15556765.416.000) 10/21 06:11:48 Job terminated.
	(1) Normal termination (return value 0)
		Usr 0 00:07:00, Sys 0 00:00:08  -  Run Remote Usage
		Usr 0 00:00:00, Sys 0 00:00:00  -  Run Local Usage
		Usr 0 00:07:00, Sys 0 00:00:08  -  Total Remote Usage
		Usr 0 00:00:00, Sys 0 00:00:00  -  Total Local Usage
	13466  -  Run Bytes Sent By Job
	229  -  Run Bytes Received By Job
	13466  -  Total Bytes Sent By Job
	229  -  Total Bytes Received By Job
	Partitionable Resources :    Usage  Request Allocated 
	   Cpus                 :     0.88        1         1 
	   Disk (KB)            :    56           1   2841367 
	   Memory (MB)          :   747        2000      2000 

	Job terminated of its own accord at 2024-10-21T04:11:48Z with exit-code 0.
...
