000 (15556765.456.000) 10/21 05:59:06 Job submitted from host: <188.184.90.241:9618?addrs=188.184.90.241-9618+[2001-1458-201-e4--100-2eb]-9618&alias=bigbird15.cern.ch&noUDP&sock=schedd_25064_65d2>
...
040 (15556765.456.000) 10/21 06:05:23 Started transferring input files
	Transferring to host: <188.185.195.126:9618?addrs=188.185.195.126-9618+[2001-1458-303-22--100-7a]-9618&alias=b9p17p6301.cern.ch&noUDP&sock=slot1_15_7760_5f35_2599>
...
040 (15556765.456.000) 10/21 06:05:23 Finished transferring input files
...
001 (15556765.456.000) 10/21 06:05:24 Job executing on host: <188.185.195.126:9618?addrs=188.185.195.126-9618+[2001-1458-303-22--100-7a]-9618&alias=b9p17p6301.cern.ch&noUDP&sock=startd_6950_b34d>
	SlotName: slot1_15@b9p17p6301.cern.ch
	CondorScratchDir = "/pool/condor/dir_1619940"
	Cpus = 1
	Disk = 3799
	GPUs = 0
	Memory = 2000
...
006 (15556765.456.000) 10/21 06:05:33 Image size of job updated: 687820
	672  -  MemoryUsage of job (MB)
	687820  -  ResidentSetSize of job (KB)
...
006 (15556765.456.000) 10/21 06:10:34 Image size of job updated: 1813896
	1772  -  MemoryUsage of job (MB)
	1813896  -  ResidentSetSize of job (KB)
...
040 (15556765.456.000) 10/21 06:14:04 Started transferring output files
...
040 (15556765.456.000) 10/21 06:14:04 Finished transferring output files
...
005 (15556765.456.000) 10/21 06:14:04 Job terminated.
	(1) Normal termination (return value 0)
		Usr 0 00:04:44, Sys 0 00:00:05  -  Run Remote Usage
		Usr 0 00:00:00, Sys 0 00:00:00  -  Run Local Usage
		Usr 0 00:04:44, Sys 0 00:00:05  -  Total Remote Usage
		Usr 0 00:00:00, Sys 0 00:00:00  -  Total Local Usage
	8669  -  Run Bytes Sent By Job
	229  -  Run Bytes Received By Job
	8669  -  Total Bytes Sent By Job
	229  -  Total Bytes Received By Job
	Partitionable Resources :    Usage  Request Allocated 
	   Cpus                 :        0        1         1 
	   Disk (KB)            :       50        1      3799 
	   GPUs                 :                           0 
	   Memory (MB)          :     1772     2000      2000 

	Job terminated of its own accord at 2024-10-21T04:14:04Z with exit-code 0.
...
