000 (15556765.251.000) 10/21 05:59:05 Job submitted from host: <188.184.90.241:9618?addrs=188.184.90.241-9618+[2001-1458-201-e4--100-2eb]-9618&alias=bigbird15.cern.ch&noUDP&sock=schedd_25064_65d2>
...
040 (15556765.251.000) 10/21 06:01:14 Started transferring input files
	Transferring to host: <128.142.192.142:9618?addrs=128.142.192.142-9618+[2001-1458-301-56--100-a]-9618&alias=b9g18p1267.cern.ch&noUDP&sock=slot1_17_7290_36e2_29330>
...
040 (15556765.251.000) 10/21 06:01:14 Finished transferring input files
...
001 (15556765.251.000) 10/21 06:01:16 Job executing on host: <128.142.192.142:9618?addrs=128.142.192.142-9618+[2001-1458-301-56--100-a]-9618&alias=b9g18p1267.cern.ch&noUDP&sock=startd_6306_f84f>
	SlotName: slot1_17@b9g18p1267.cern.ch
	CondorScratchDir = "/pool/condor/dir_76291"
	Cpus = 1
	Disk = 2977414
	Memory = 2000
...
006 (15556765.251.000) 10/21 06:01:24 Image size of job updated: 179432
	176  -  MemoryUsage of job (MB)
	179428  -  ResidentSetSize of job (KB)
...
006 (15556765.251.000) 10/21 06:06:24 Image size of job updated: 968276
	941  -  MemoryUsage of job (MB)
	962580  -  ResidentSetSize of job (KB)
...
006 (15556765.251.000) 10/21 06:16:25 Image size of job updated: 968276
	941  -  MemoryUsage of job (MB)
	962664  -  ResidentSetSize of job (KB)
...
006 (15556765.251.000) 10/21 06:21:25 Image size of job updated: 968276
	941  -  MemoryUsage of job (MB)
	962860  -  ResidentSetSize of job (KB)
...
040 (15556765.251.000) 10/21 06:21:25 Started transferring output files
...
040 (15556765.251.000) 10/21 06:21:25 Finished transferring output files
...
009 (15556765.251.000) 10/21 06:21:25 Job was aborted.
	Job removed by SYSTEM_PERIODIC_REMOVE due to wall time exceeded allowed max.
...
