000 (15556765.122.000) 10/21 05:59:05 Job submitted from host: <188.184.90.241:9618?addrs=188.184.90.241-9618+[2001-1458-201-e4--100-2eb]-9618&alias=bigbird15.cern.ch&noUDP&sock=schedd_25064_65d2>
...
040 (15556765.122.000) 10/21 06:00:27 Started transferring input files
	Transferring to host: <188.185.214.53:9618?addrs=188.185.214.53-9618+[2001-1458-303-1c--100-31]-9618&alias=b9p29p4388.cern.ch&noUDP&sock=slot1_8_7699_6452_5875>
...
040 (15556765.122.000) 10/21 06:00:27 Finished transferring input files
...
001 (15556765.122.000) 10/21 06:00:28 Job executing on host: <188.185.214.53:9618?addrs=188.185.214.53-9618+[2001-1458-303-1c--100-31]-9618&alias=b9p29p4388.cern.ch&noUDP&sock=startd_6442_4130>
	SlotName: slot1_8@b9p29p4388.cern.ch
	CondorScratchDir = "/pool/condor/dir_2146315"
	Cpus = 1
	Disk = 3777
	GPUs = 0
	Memory = 2000
...
006 (15556765.122.000) 10/21 06:00:37 Image size of job updated: 643084
	629  -  MemoryUsage of job (MB)
	643084  -  ResidentSetSize of job (KB)
...
006 (15556765.122.000) 10/21 06:05:38 Image size of job updated: 2482184
	2425  -  MemoryUsage of job (MB)
	2482184  -  ResidentSetSize of job (KB)
...
040 (15556765.122.000) 10/21 06:06:48 Started transferring output files
...
040 (15556765.122.000) 10/21 06:06:48 Finished transferring output files
...
005 (15556765.122.000) 10/21 06:06:49 Job terminated.
	(1) Normal termination (return value 0)
		Usr 0 00:02:56, Sys 0 00:00:09  -  Run Remote Usage
		Usr 0 00:00:00, Sys 0 00:00:00  -  Run Local Usage
		Usr 0 00:02:56, Sys 0 00:00:09  -  Total Remote Usage
		Usr 0 00:00:00, Sys 0 00:00:00  -  Total Local Usage
	5129  -  Run Bytes Sent By Job
	229  -  Run Bytes Received By Job
	5129  -  Total Bytes Sent By Job
	229  -  Total Bytes Received By Job
	Partitionable Resources :    Usage  Request Allocated 
	   Cpus                 :                 1         1 
	   Disk (KB)            :       39        1      3777 
	   GPUs                 :                           0 
	   Memory (MB)          :     2425     2000      2000 

	Job terminated of its own accord at 2024-10-21T04:06:48Z with exit-code 0.
...
