000 (15556765.306.000) 10/21 05:59:05 Job submitted from host: <188.184.90.241:9618?addrs=188.184.90.241-9618+[2001-1458-201-e4--100-2eb]-9618&alias=bigbird15.cern.ch&noUDP&sock=schedd_25064_65d2>
...
040 (15556765.306.000) 10/21 06:01:33 Started transferring input files
	Transferring to host: <188.185.213.212:9618?addrs=188.185.213.212-9618+[2001-1458-303-1b--100-50]-9618&alias=b9p28p2314.cern.ch&noUDP&sock=slot1_12_4283_82c7_6048>
...
040 (15556765.306.000) 10/21 06:01:33 Finished transferring input files
...
001 (15556765.306.000) 10/21 06:01:34 Job executing on host: <188.185.213.212:9618?addrs=188.185.213.212-9618+[2001-1458-303-1b--100-50]-9618&alias=b9p28p2314.cern.ch&noUDP&sock=startd_3618_39bd>
	SlotName: slot1_12@b9p28p2314.cern.ch
	CondorScratchDir = "/pool/condor/dir_3208710"
	Cpus = 1
	Disk = 3801
	GPUs = 0
	Memory = 2000
...
006 (15556765.306.000) 10/21 06:01:42 Image size of job updated: 156924
	154  -  MemoryUsage of job (MB)
	156924  -  ResidentSetSize of job (KB)
...
006 (15556765.306.000) 10/21 06:06:42 Image size of job updated: 744704
	728  -  MemoryUsage of job (MB)
	744704  -  ResidentSetSize of job (KB)
...
040 (15556765.306.000) 10/21 06:08:33 Started transferring output files
...
040 (15556765.306.000) 10/21 06:08:33 Finished transferring output files
...
005 (15556765.306.000) 10/21 06:08:33 Job terminated.
	(1) Normal termination (return value 0)
		Usr 0 00:03:41, Sys 0 00:00:07  -  Run Remote Usage
		Usr 0 00:00:00, Sys 0 00:00:00  -  Run Local Usage
		Usr 0 00:03:41, Sys 0 00:00:07  -  Total Remote Usage
		Usr 0 00:00:00, Sys 0 00:00:00  -  Total Local Usage
	9162  -  Run Bytes Sent By Job
	229  -  Run Bytes Received By Job
	9162  -  Total Bytes Sent By Job
	229  -  Total Bytes Received By Job
	Partitionable Resources :    Usage  Request Allocated 
	   Cpus                 :        0        1         1 
	   Disk (KB)            :       50        1      3801 
	   GPUs                 :                           0 
	   Memory (MB)          :      728     2000      2000 

	Job terminated of its own accord at 2024-10-21T04:08:33Z with exit-code 0.
...
