000 (15556765.009.000) 10/21 05:59:05 Job submitted from host: <188.184.90.241:9618?addrs=188.184.90.241-9618+[2001-1458-201-e4--100-2eb]-9618&alias=bigbird15.cern.ch&noUDP&sock=schedd_25064_65d2>
...
040 (15556765.009.000) 10/21 05:59:50 Started transferring input files
	Transferring to host: <188.185.195.102:9618?addrs=188.185.195.102-9618+[2001-1458-303-22--100-62]-9618&alias=b9p17p7957.cern.ch&noUDP&sock=slot1_8_726173_5233_75691>
...
040 (15556765.009.000) 10/21 05:59:50 Finished transferring input files
...
001 (15556765.009.000) 10/21 05:59:51 Job executing on host: <188.185.195.102:9618?addrs=188.185.195.102-9618+[2001-1458-303-22--100-62]-9618&alias=b9p17p7957.cern.ch&noUDP&sock=startd_128437_ad73>
	SlotName: slot1_8@b9p17p7957.cern.ch
	CondorScratchDir = "/pool/condor/dir_2514264"
	Cpus = 1
	Disk = 2993042
	Memory = 2000
...
006 (15556765.009.000) 10/21 06:00:00 Image size of job updated: 157088
	154  -  MemoryUsage of job (MB)
	156852  -  ResidentSetSize of job (KB)
...
006 (15556765.009.000) 10/21 06:05:01 Image size of job updated: 989724
	966  -  MemoryUsage of job (MB)
	989032  -  ResidentSetSize of job (KB)
...
006 (15556765.009.000) 10/21 06:10:01 Image size of job updated: 989724
	966  -  MemoryUsage of job (MB)
	989056  -  ResidentSetSize of job (KB)
...
006 (15556765.009.000) 10/21 06:13:00 Image size of job updated: 991116
	966  -  MemoryUsage of job (MB)
	989056  -  ResidentSetSize of job (KB)
...
040 (15556765.009.000) 10/21 06:13:00 Started transferring output files
...
040 (15556765.009.000) 10/21 06:13:00 Finished transferring output files
...
005 (15556765.009.000) 10/21 06:13:00 Job terminated.
	(1) Normal termination (return value 0)
		Usr 0 00:02:34, Sys 0 00:00:06  -  Run Remote Usage
		Usr 0 00:00:00, Sys 0 00:00:00  -  Run Local Usage
		Usr 0 00:02:34, Sys 0 00:00:06  -  Total Remote Usage
		Usr 0 00:00:00, Sys 0 00:00:00  -  Total Local Usage
	2677  -  Run Bytes Sent By Job
	229  -  Run Bytes Received By Job
	2677  -  Total Bytes Sent By Job
	229  -  Total Bytes Received By Job
	Partitionable Resources :    Usage  Request Allocated 
	   Cpus                 :        0        1         1 
	   Disk (KB)            :      607        1   2993042 
	   Memory (MB)          :      966     2000      2000 

	Job terminated of its own accord at 2024-10-21T04:13:00Z with exit-code 0.
...
000 (15556766.009.000) 10/21 07:29:07 Job submitted from host: <188.184.90.241:9618?addrs=188.184.90.241-9618+[2001-1458-201-e4--100-2eb]-9618&alias=bigbird15.cern.ch&noUDP&sock=schedd_25064_65d2>
...
040 (15556766.009.000) 10/21 07:30:00 Started transferring input files
	Transferring to host: <188.185.213.212:9618?addrs=188.185.213.212-9618+[2001-1458-303-1b--100-50]-9618&alias=b9p28p2314.cern.ch&noUDP&sock=slot1_10_4283_82c7_6131>
...
040 (15556766.009.000) 10/21 07:30:00 Finished transferring input files
...
001 (15556766.009.000) 10/21 07:30:01 Job executing on host: <188.185.213.212:9618?addrs=188.185.213.212-9618+[2001-1458-303-1b--100-50]-9618&alias=b9p28p2314.cern.ch&noUDP&sock=startd_3618_39bd>
	SlotName: slot1_10@b9p28p2314.cern.ch
	CondorScratchDir = "/pool/condor/dir_3508029"
	Cpus = 1
	Disk = 3716
	GPUs = 0
	Memory = 2000
...
006 (15556766.009.000) 10/21 07:30:09 Image size of job updated: 249324
	244  -  MemoryUsage of job (MB)
	249324  -  ResidentSetSize of job (KB)
...
006 (15556766.009.000) 10/21 07:35:09 Image size of job updated: 1555716
	1520  -  MemoryUsage of job (MB)
	1555716  -  ResidentSetSize of job (KB)
...
040 (15556766.009.000) 10/21 07:50:10 Started transferring output files
...
040 (15556766.009.000) 10/21 07:50:10 Finished transferring output files
...
009 (15556766.009.000) 10/21 07:50:10 Job was aborted.
	Job removed by SYSTEM_PERIODIC_REMOVE due to wall time exceeded allowed max.
...
