000 (15556765.081.000) 10/21 05:59:05 Job submitted from host: <188.184.90.241:9618?addrs=188.184.90.241-9618+[2001-1458-201-e4--100-2eb]-9618&alias=bigbird15.cern.ch&noUDP&sock=schedd_25064_65d2>
...
040 (15556765.081.000) 10/21 06:00:14 Started transferring input files
	Transferring to host: <128.142.192.205:9618?addrs=128.142.192.205-9618+[2001-1458-301-56--100-49]-9618&alias=b9g18p5924.cern.ch&noUDP&sock=slot1_16_1580132_b079_22879>
...
040 (15556765.081.000) 10/21 06:00:14 Finished transferring input files
...
001 (15556765.081.000) 10/21 06:00:15 Job executing on host: <128.142.192.205:9618?addrs=128.142.192.205-9618+[2001-1458-301-56--100-49]-9618&alias=b9g18p5924.cern.ch&noUDP&sock=startd_3411_3da2>
	SlotName: slot1_16@b9g18p5924.cern.ch
	CondorScratchDir = "/pool/condor/dir_3179283"
	Cpus = 1
	Disk = 2899663
	Memory = 2000
...
006 (15556765.081.000) 10/21 06:00:23 Image size of job updated: 158596
	155  -  MemoryUsage of job (MB)
	157892  -  ResidentSetSize of job (KB)
...
006 (15556765.081.000) 10/21 06:05:23 Image size of job updated: 1022504
	998  -  MemoryUsage of job (MB)
	1021120  -  ResidentSetSize of job (KB)
...
006 (15556765.081.000) 10/21 06:10:24 Image size of job updated: 1025528
	998  -  MemoryUsage of job (MB)
	1021292  -  ResidentSetSize of job (KB)
...
040 (15556765.081.000) 10/21 06:17:49 Started transferring output files
...
040 (15556765.081.000) 10/21 06:17:49 Finished transferring output files
...
005 (15556765.081.000) 10/21 06:17:49 Job terminated.
	(1) Normal termination (return value 0)
		Usr 0 00:15:31, Sys 0 00:00:19  -  Run Remote Usage
		Usr 0 00:00:00, Sys 0 00:00:00  -  Run Local Usage
		Usr 0 00:15:31, Sys 0 00:00:19  -  Total Remote Usage
		Usr 0 00:00:00, Sys 0 00:00:00  -  Total Local Usage
	14017  -  Run Bytes Sent By Job
	229  -  Run Bytes Received By Job
	14017  -  Total Bytes Sent By Job
	229  -  Total Bytes Received By Job
	Partitionable Resources :    Usage  Request Allocated 
	   Cpus                 :     0.94        1         1 
	   Disk (KB)            :    54           1   2899663 
	   Memory (MB)          :   998        2000      2000 

	Job terminated of its own accord at 2024-10-21T04:17:49Z with exit-code 0.
...
000 (15556766.081.000) 10/21 07:29:11 Job submitted from host: <188.184.90.241:9618?addrs=188.184.90.241-9618+[2001-1458-201-e4--100-2eb]-9618&alias=bigbird15.cern.ch&noUDP&sock=schedd_25064_65d2>
...
040 (15556766.081.000) 10/21 07:30:24 Started transferring input files
	Transferring to host: <188.185.192.23:9618?addrs=188.185.192.23-9618+[2001-1458-303-1f--100-13]-9618&alias=b9p13p0752.cern.ch&noUDP&sock=slot1_9_1799351_4e6b_31244>
...
040 (15556766.081.000) 10/21 07:30:24 Finished transferring input files
...
001 (15556766.081.000) 10/21 07:30:25 Job executing on host: <188.185.192.23:9618?addrs=188.185.192.23-9618+[2001-1458-303-1f--100-13]-9618&alias=b9p13p0752.cern.ch&noUDP&sock=startd_3034023_ff4c>
	SlotName: slot1_9@b9p13p0752.cern.ch
	CondorScratchDir = "/pool/condor/dir_3029674"
	Cpus = 1
	Disk = 2997010
	Memory = 2000
...
006 (15556766.081.000) 10/21 07:30:33 Image size of job updated: 2464
	2  -  MemoryUsage of job (MB)
	1912  -  ResidentSetSize of job (KB)
...
006 (15556766.081.000) 10/21 07:35:33 Image size of job updated: 1001492
	976  -  MemoryUsage of job (MB)
	999384  -  ResidentSetSize of job (KB)
...
006 (15556766.081.000) 10/21 07:40:33 Image size of job updated: 1003960
	976  -  MemoryUsage of job (MB)
	999384  -  ResidentSetSize of job (KB)
...
040 (15556766.081.000) 10/21 07:50:20 Started transferring output files
...
040 (15556766.081.000) 10/21 07:50:20 Finished transferring output files
...
005 (15556766.081.000) 10/21 07:50:20 Job terminated.
	(1) Normal termination (return value 0)
		Usr 0 00:15:12, Sys 0 00:00:10  -  Run Remote Usage
		Usr 0 00:00:00, Sys 0 00:00:00  -  Run Local Usage
		Usr 0 00:15:12, Sys 0 00:00:10  -  Total Remote Usage
		Usr 0 00:00:00, Sys 0 00:00:00  -  Total Local Usage
	17082  -  Run Bytes Sent By Job
	229  -  Run Bytes Received By Job
	17082  -  Total Bytes Sent By Job
	229  -  Total Bytes Received By Job
	Partitionable Resources :    Usage  Request Allocated 
	   Cpus                 :     0.99        1         1 
	   Disk (KB)            :    58           1   2997010 
	   Memory (MB)          :   976        2000      2000 

	Job terminated of its own accord at 2024-10-21T05:50:20Z with exit-code 0.
...
