000 (15556765.098.000) 10/21 05:59:05 Job submitted from host: <188.184.90.241:9618?addrs=188.184.90.241-9618+[2001-1458-201-e4--100-2eb]-9618&alias=bigbird15.cern.ch&noUDP&sock=schedd_25064_65d2>
...
040 (15556765.098.000) 10/21 06:00:19 Started transferring input files
	Transferring to host: <128.142.131.173:9618?addrs=128.142.131.173-9618+[2001-1458-301-59--100-a1]-9618&alias=b9g11p1820.cern.ch&noUDP&sock=slot1_14_409590_f549_53380>
...
040 (15556765.098.000) 10/21 06:00:19 Finished transferring input files
...
001 (15556765.098.000) 10/21 06:00:20 Job executing on host: <128.142.131.173:9618?addrs=128.142.131.173-9618+[2001-1458-301-59--100-a1]-9618&alias=b9g11p1820.cern.ch&noUDP&sock=startd_2696_cf6b>
	SlotName: slot1_14@b9g11p1820.cern.ch
	CondorScratchDir = "/pool/condor/dir_367692"
	Cpus = 1
	Disk = 1729762
	Memory = 2000
...
006 (15556765.098.000) 10/21 06:00:29 Image size of job updated: 150432
	147  -  MemoryUsage of job (MB)
	150432  -  ResidentSetSize of job (KB)
...
006 (15556765.098.000) 10/21 06:05:30 Image size of job updated: 988060
	965  -  MemoryUsage of job (MB)
	988060  -  ResidentSetSize of job (KB)
...
040 (15556765.098.000) 10/21 06:08:52 Started transferring output files
...
040 (15556765.098.000) 10/21 06:08:52 Finished transferring output files
...
005 (15556765.098.000) 10/21 06:08:52 Job terminated.
	(1) Normal termination (return value 0)
		Usr 0 00:07:30, Sys 0 00:00:08  -  Run Remote Usage
		Usr 0 00:00:00, Sys 0 00:00:00  -  Run Local Usage
		Usr 0 00:07:30, Sys 0 00:00:08  -  Total Remote Usage
		Usr 0 00:00:00, Sys 0 00:00:00  -  Total Local Usage
	6820  -  Run Bytes Sent By Job
	229  -  Run Bytes Received By Job
	6820  -  Total Bytes Sent By Job
	229  -  Total Bytes Received By Job
	Partitionable Resources :    Usage  Request Allocated 
	   Cpus                 :     0.89        1         1 
	   Disk (KB)            :    48           1   1729762 
	   Memory (MB)          :   965        2000      2000 

	Job terminated of its own accord at 2024-10-21T04:08:52Z with exit-code 0.
...
000 (15556766.098.000) 10/21 07:29:12 Job submitted from host: <188.184.90.241:9618?addrs=188.184.90.241-9618+[2001-1458-201-e4--100-2eb]-9618&alias=bigbird15.cern.ch&noUDP&sock=schedd_25064_65d2>
...
040 (15556766.098.000) 10/21 07:30:28 Started transferring input files
	Transferring to host: <128.142.192.196:9618?addrs=128.142.192.196-9618+[2001-1458-301-56--100-40]-9618&alias=b9g18p3764.cern.ch&noUDP&sock=slot1_20_1986012_ddf2_97684>
...
040 (15556766.098.000) 10/21 07:30:28 Finished transferring input files
...
001 (15556766.098.000) 10/21 07:30:29 Job executing on host: <128.142.192.196:9618?addrs=128.142.192.196-9618+[2001-1458-301-56--100-40]-9618&alias=b9g18p3764.cern.ch&noUDP&sock=startd_5282_9754>
	SlotName: slot1_20@b9g18p3764.cern.ch
	CondorScratchDir = "/pool/condor/dir_950535"
	Cpus = 1
	Disk = 2881018
	Memory = 2000
...
006 (15556766.098.000) 10/21 07:30:38 Image size of job updated: 2764
	2  -  MemoryUsage of job (MB)
	1984  -  ResidentSetSize of job (KB)
...
006 (15556766.098.000) 10/21 07:35:39 Image size of job updated: 1004696
	980  -  MemoryUsage of job (MB)
	1003484  -  ResidentSetSize of job (KB)
...
006 (15556766.098.000) 10/21 07:40:39 Image size of job updated: 1006776
	981  -  MemoryUsage of job (MB)
	1003764  -  ResidentSetSize of job (KB)
...
040 (15556766.098.000) 10/21 07:50:39 Started transferring output files
...
040 (15556766.098.000) 10/21 07:50:39 Finished transferring output files
...
009 (15556766.098.000) 10/21 07:50:39 Job was aborted.
	Job removed by SYSTEM_PERIODIC_REMOVE due to wall time exceeded allowed max.
...
