000 (15556765.331.000) 10/21 05:59:06 Job submitted from host: <188.184.90.241:9618?addrs=188.184.90.241-9618+[2001-1458-201-e4--100-2eb]-9618&alias=bigbird15.cern.ch&noUDP&sock=schedd_25064_65d2>
...
040 (15556765.331.000) 10/21 06:01:45 Started transferring input files
	Transferring to host: <188.185.194.148:9618?addrs=188.185.194.148-9618+[2001-1458-303-21--100-90]-9618&alias=b9p20p8604.cern.ch&noUDP&sock=slot1_29_1671350_05b6_78658>
...
040 (15556765.331.000) 10/21 06:01:45 Finished transferring input files
...
001 (15556765.331.000) 10/21 06:01:46 Job executing on host: <188.185.194.148:9618?addrs=188.185.194.148-9618+[2001-1458-303-21--100-90]-9618&alias=b9p20p8604.cern.ch&noUDP&sock=startd_127804_7e00>
	SlotName: slot1_29@b9p20p8604.cern.ch
	CondorScratchDir = "/pool/condor/dir_1352547"
	Cpus = 1
	Disk = 2841231
	Memory = 2000
...
006 (15556765.331.000) 10/21 06:01:54 Image size of job updated: 169344
	166  -  MemoryUsage of job (MB)
	169288  -  ResidentSetSize of job (KB)
...
006 (15556765.331.000) 10/21 06:06:54 Image size of job updated: 846220
	824  -  MemoryUsage of job (MB)
	843104  -  ResidentSetSize of job (KB)
...
006 (15556765.331.000) 10/21 06:10:23 Image size of job updated: 847028
	824  -  MemoryUsage of job (MB)
	843104  -  ResidentSetSize of job (KB)
...
040 (15556765.331.000) 10/21 06:10:24 Started transferring output files
...
040 (15556765.331.000) 10/21 06:10:24 Finished transferring output files
...
005 (15556765.331.000) 10/21 06:10:24 Job terminated.
	(1) Normal termination (return value 0)
		Usr 0 00:05:24, Sys 0 00:00:05  -  Run Remote Usage
		Usr 0 00:00:00, Sys 0 00:00:00  -  Run Local Usage
		Usr 0 00:05:24, Sys 0 00:00:05  -  Total Remote Usage
		Usr 0 00:00:00, Sys 0 00:00:00  -  Total Local Usage
	9879  -  Run Bytes Sent By Job
	229  -  Run Bytes Received By Job
	9879  -  Total Bytes Sent By Job
	229  -  Total Bytes Received By Job
	Partitionable Resources :    Usage  Request Allocated 
	   Cpus                 :     0.68        1         1 
	   Disk (KB)            :    51           1   2841231 
	   Memory (MB)          :   824        2000      2000 

	Job terminated of its own accord at 2024-10-21T04:10:23Z with exit-code 0.
...
