000 (15556765.405.000) 10/21 05:59:06 Job submitted from host: <188.184.90.241:9618?addrs=188.184.90.241-9618+[2001-1458-201-e4--100-2eb]-9618&alias=bigbird15.cern.ch&noUDP&sock=schedd_25064_65d2>
...
040 (15556765.405.000) 10/21 06:03:10 Started transferring input files
	Transferring to host: <188.185.195.97:9618?addrs=188.185.195.97-9618+[2001-1458-303-22--100-5d]-9618&alias=b9p17p6795.cern.ch&noUDP&sock=slot1_27_6439_9b9f_3109>
...
040 (15556765.405.000) 10/21 06:03:10 Finished transferring input files
...
001 (15556765.405.000) 10/21 06:03:11 Job executing on host: <188.185.195.97:9618?addrs=188.185.195.97-9618+[2001-1458-303-22--100-5d]-9618&alias=b9p17p6795.cern.ch&noUDP&sock=startd_5256_c1de>
	SlotName: slot1_27@b9p17p6795.cern.ch
	CondorScratchDir = "/pool/condor/dir_1706712"
	Cpus = 1
	Disk = 3815
	GPUs = 0
	Memory = 2000
...
006 (15556765.405.000) 10/21 06:03:20 Image size of job updated: 190460
	186  -  MemoryUsage of job (MB)
	190460  -  ResidentSetSize of job (KB)
...
006 (15556765.405.000) 10/21 06:08:21 Image size of job updated: 751648
	735  -  MemoryUsage of job (MB)
	751648  -  ResidentSetSize of job (KB)
...
040 (15556765.405.000) 10/21 06:13:14 Started transferring output files
...
040 (15556765.405.000) 10/21 06:13:14 Finished transferring output files
...
005 (15556765.405.000) 10/21 06:13:14 Job terminated.
	(1) Normal termination (return value 0)
		Usr 0 00:06:42, Sys 0 00:00:05  -  Run Remote Usage
		Usr 0 00:00:00, Sys 0 00:00:00  -  Run Local Usage
		Usr 0 00:06:42, Sys 0 00:00:05  -  Total Remote Usage
		Usr 0 00:00:00, Sys 0 00:00:00  -  Total Local Usage
	13756  -  Run Bytes Sent By Job
	229  -  Run Bytes Received By Job
	13756  -  Total Bytes Sent By Job
	229  -  Total Bytes Received By Job
	Partitionable Resources :    Usage  Request Allocated 
	   Cpus                 :     0.90        1         1 
	   Disk (KB)            :    56           1      3815 
	   GPUs                 :                           0 
	   Memory (MB)          :   735        2000      2000 

	Job terminated of its own accord at 2024-10-21T04:13:14Z with exit-code 0.
...
