000 (15556765.413.000) 10/21 05:59:06 Job submitted from host: <188.184.90.241:9618?addrs=188.184.90.241-9618+[2001-1458-201-e4--100-2eb]-9618&alias=bigbird15.cern.ch&noUDP&sock=schedd_25064_65d2>
...
040 (15556765.413.000) 10/21 06:03:21 Started transferring input files
	Transferring to host: <188.185.196.118:9618?addrs=188.185.196.118-9618+[2001-1458-303-23--100-72]-9618&alias=b9p16p4498.cern.ch&noUDP&sock=slot1_30_1594790_938d_75529>
...
040 (15556765.413.000) 10/21 06:03:21 Finished transferring input files
...
001 (15556765.413.000) 10/21 06:03:22 Job executing on host: <188.185.196.118:9618?addrs=188.185.196.118-9618+[2001-1458-303-23--100-72]-9618&alias=b9p16p4498.cern.ch&noUDP&sock=startd_7456_c639>
	SlotName: slot1_30@b9p16p4498.cern.ch
	CondorScratchDir = "/pool/condor/dir_2345186"
	Cpus = 1
	Disk = 2764348
	Memory = 2000
...
006 (15556765.413.000) 10/21 06:03:30 Image size of job updated: 174740
	171  -  MemoryUsage of job (MB)
	174656  -  ResidentSetSize of job (KB)
...
006 (15556765.413.000) 10/21 06:08:31 Image size of job updated: 897568
	876  -  MemoryUsage of job (MB)
	896880  -  ResidentSetSize of job (KB)
...
006 (15556765.413.000) 10/21 06:12:45 Image size of job updated: 898516
	876  -  MemoryUsage of job (MB)
	896880  -  ResidentSetSize of job (KB)
...
040 (15556765.413.000) 10/21 06:12:45 Started transferring output files
...
040 (15556765.413.000) 10/21 06:12:45 Finished transferring output files
...
005 (15556765.413.000) 10/21 06:12:45 Job terminated.
	(1) Normal termination (return value 0)
		Usr 0 00:06:17, Sys 0 00:00:05  -  Run Remote Usage
		Usr 0 00:00:00, Sys 0 00:00:00  -  Run Local Usage
		Usr 0 00:06:17, Sys 0 00:00:05  -  Total Remote Usage
		Usr 0 00:00:00, Sys 0 00:00:00  -  Total Local Usage
	11456  -  Run Bytes Sent By Job
	229  -  Run Bytes Received By Job
	11456  -  Total Bytes Sent By Job
	229  -  Total Bytes Received By Job
	Partitionable Resources :    Usage  Request Allocated 
	   Cpus                 :     0.59        1         1 
	   Disk (KB)            :    53           1   2764348 
	   Memory (MB)          :   876        2000      2000 

	Job terminated of its own accord at 2024-10-21T04:12:45Z with exit-code 0.
...
