000 (15556765.229.000) 10/21 05:59:05 Job submitted from host: <188.184.90.241:9618?addrs=188.184.90.241-9618+[2001-1458-201-e4--100-2eb]-9618&alias=bigbird15.cern.ch&noUDP&sock=schedd_25064_65d2>
...
040 (15556765.229.000) 10/21 06:01:05 Started transferring input files
	Transferring to host: <188.185.198.183:9618?addrs=188.185.198.183-9618+[2001-1458-303-25--100-b3]-9618&alias=b9p15p4930.cern.ch&noUDP&sock=slot1_6_8979_4486_4894>
...
040 (15556765.229.000) 10/21 06:01:05 Finished transferring input files
...
001 (15556765.229.000) 10/21 06:01:07 Job executing on host: <188.185.198.183:9618?addrs=188.185.198.183-9618+[2001-1458-303-25--100-b3]-9618&alias=b9p15p4930.cern.ch&noUDP&sock=startd_8857_be68>
	SlotName: slot1_6@b9p15p4930.cern.ch
	CondorScratchDir = "/pool/condor/dir_1106219"
	Cpus = 1
	Disk = 3821
	GPUs = 0
	Memory = 2000
...
006 (15556765.229.000) 10/21 06:01:15 Image size of job updated: 176804
	173  -  MemoryUsage of job (MB)
	176804  -  ResidentSetSize of job (KB)
...
006 (15556765.229.000) 10/21 06:06:15 Image size of job updated: 1107000
	1082  -  MemoryUsage of job (MB)
	1107000  -  ResidentSetSize of job (KB)
...
006 (15556765.229.000) 10/21 06:11:16 Image size of job updated: 1108004
	1083  -  MemoryUsage of job (MB)
	1108004  -  ResidentSetSize of job (KB)
...
040 (15556765.229.000) 10/21 06:13:47 Started transferring output files
...
040 (15556765.229.000) 10/21 06:13:47 Finished transferring output files
...
005 (15556765.229.000) 10/21 06:13:47 Job terminated.
	(1) Normal termination (return value 0)
		Usr 0 00:08:50, Sys 0 00:00:06  -  Run Remote Usage
		Usr 0 00:00:00, Sys 0 00:00:00  -  Run Local Usage
		Usr 0 00:08:50, Sys 0 00:00:06  -  Total Remote Usage
		Usr 0 00:00:00, Sys 0 00:00:00  -  Total Local Usage
	11499  -  Run Bytes Sent By Job
	229  -  Run Bytes Received By Job
	11499  -  Total Bytes Sent By Job
	229  -  Total Bytes Received By Job
	Partitionable Resources :    Usage  Request Allocated 
	   Cpus                 :     0.74        1         1 
	   Disk (KB)            :    53           1      3821 
	   GPUs                 :                           0 
	   Memory (MB)          :  1083        2000      2000 

	Job terminated of its own accord at 2024-10-21T04:13:47Z with exit-code 0.
...
