000 (15556765.623.000) 10/21 05:59:06 Job submitted from host: <188.184.90.241:9618?addrs=188.184.90.241-9618+[2001-1458-201-e4--100-2eb]-9618&alias=bigbird15.cern.ch&noUDP&sock=schedd_25064_65d2>
...
040 (15556765.623.000) 10/21 06:06:22 Started transferring input files
	Transferring to host: <128.142.192.189:9618?addrs=128.142.192.189-9618+[2001-1458-301-56--100-39]-9618&alias=b9g18p5594.cern.ch&noUDP&sock=slot1_19_7510_396a_24772>
...
040 (15556765.623.000) 10/21 06:06:22 Finished transferring input files
...
001 (15556765.623.000) 10/21 06:06:24 Job executing on host: <128.142.192.189:9618?addrs=128.142.192.189-9618+[2001-1458-301-56--100-39]-9618&alias=b9g18p5594.cern.ch&noUDP&sock=startd_6746_c5fb>
	SlotName: slot1_19@b9g18p5594.cern.ch
	CondorScratchDir = "/pool/condor/dir_174455"
	Cpus = 1
	Disk = 2887161
	Memory = 2000
...
006 (15556765.623.000) 10/21 06:06:32 Image size of job updated: 616800
	603  -  MemoryUsage of job (MB)
	616796  -  ResidentSetSize of job (KB)
...
006 (15556765.623.000) 10/21 06:11:32 Image size of job updated: 1722768
	1681  -  MemoryUsage of job (MB)
	1721076  -  ResidentSetSize of job (KB)
...
006 (15556765.623.000) 10/21 06:12:32 Image size of job updated: 1723476
	1681  -  MemoryUsage of job (MB)
	1721076  -  ResidentSetSize of job (KB)
...
040 (15556765.623.000) 10/21 06:12:32 Started transferring output files
...
040 (15556765.623.000) 10/21 06:12:33 Finished transferring output files
...
005 (15556765.623.000) 10/21 06:12:33 Job terminated.
	(1) Normal termination (return value 0)
		Usr 0 00:05:10, Sys 0 00:00:06  -  Run Remote Usage
		Usr 0 00:00:00, Sys 0 00:00:00  -  Run Local Usage
		Usr 0 00:05:10, Sys 0 00:00:06  -  Total Remote Usage
		Usr 0 00:00:00, Sys 0 00:00:00  -  Total Local Usage
	10096  -  Run Bytes Sent By Job
	229  -  Run Bytes Received By Job
	10096  -  Total Bytes Sent By Job
	229  -  Total Bytes Received By Job
	Partitionable Resources :    Usage  Request Allocated 
	   Cpus                 :        0        1         1 
	   Disk (KB)            :       51        1   2887161 
	   Memory (MB)          :     1681     2000      2000 

	Job terminated of its own accord at 2024-10-21T04:12:32Z with exit-code 0.
...
