000 (15556765.017.000) 10/21 05:59:05 Job submitted from host: <188.184.90.241:9618?addrs=188.184.90.241-9618+[2001-1458-201-e4--100-2eb]-9618&alias=bigbird15.cern.ch&noUDP&sock=schedd_25064_65d2>
...
040 (15556765.017.000) 10/21 06:00:55 Started transferring input files
	Transferring to host: <188.184.185.127:9618?addrs=188.184.185.127-9618+[2001-1458-301-52--100-7e]-9618&alias=b9g37p2024.cern.ch&noUDP&sock=slot1_13_2816515_5c7e_27379>
...
040 (15556765.017.000) 10/21 06:00:55 Finished transferring input files
...
001 (15556765.017.000) 10/21 06:00:57 Job executing on host: <188.184.185.127:9618?addrs=188.184.185.127-9618+[2001-1458-301-52--100-7e]-9618&alias=b9g37p2024.cern.ch&noUDP&sock=startd_5865_7b0b>
	SlotName: slot1_13@b9g37p2024.cern.ch
	CondorScratchDir = "/pool/condor/dir_1212184"
	Cpus = 1
	Disk = 2872771
	Memory = 2000
...
006 (15556765.017.000) 10/21 06:01:05 Image size of job updated: 1952
	2  -  MemoryUsage of job (MB)
	1460  -  ResidentSetSize of job (KB)
...
006 (15556765.017.000) 10/21 06:05:31 Image size of job updated: 971156
	2  -  MemoryUsage of job (MB)
	1680  -  ResidentSetSize of job (KB)
...
040 (15556765.017.000) 10/21 06:05:31 Started transferring output files
...
040 (15556765.017.000) 10/21 06:05:31 Finished transferring output files
...
005 (15556765.017.000) 10/21 06:05:32 Job terminated.
	(1) Normal termination (return value 0)
		Usr 0 00:03:34, Sys 0 00:00:05  -  Run Remote Usage
		Usr 0 00:00:00, Sys 0 00:00:00  -  Run Local Usage
		Usr 0 00:03:34, Sys 0 00:00:05  -  Total Remote Usage
		Usr 0 00:00:00, Sys 0 00:00:00  -  Total Local Usage
	2818  -  Run Bytes Sent By Job
	229  -  Run Bytes Received By Job
	2818  -  Total Bytes Sent By Job
	229  -  Total Bytes Received By Job
	Partitionable Resources :    Usage  Request Allocated 
	   Cpus                 :                 1         1 
	   Disk (KB)            :       36        1   2872771 
	   Memory (MB)          :        2     2000      2000 

	Job terminated of its own accord at 2024-10-21T04:05:31Z with exit-code 0.
...
000 (15556766.017.000) 10/21 07:29:07 Job submitted from host: <188.184.90.241:9618?addrs=188.184.90.241-9618+[2001-1458-201-e4--100-2eb]-9618&alias=bigbird15.cern.ch&noUDP&sock=schedd_25064_65d2>
...
040 (15556766.017.000) 10/21 07:30:01 Started transferring input files
	Transferring to host: <188.185.209.230:9618?addrs=188.185.209.230-9618+[2001-1458-303-12--100-63]-9618&alias=b9p12p8570.cern.ch&noUDP&sock=slot1_18_2040237_48ef_200784>
...
040 (15556766.017.000) 10/21 07:30:01 Finished transferring input files
...
001 (15556766.017.000) 10/21 07:30:02 Job executing on host: <188.185.209.230:9618?addrs=188.185.209.230-9618+[2001-1458-303-12--100-63]-9618&alias=b9p12p8570.cern.ch&noUDP&sock=startd_2040196_5697>
	SlotName: slot1_18@b9p12p8570.cern.ch
	CondorScratchDir = "/pool/condor/dir_2378742"
	Cpus = 1
	Disk = 2842419
	Memory = 2000
...
006 (15556766.017.000) 10/21 07:30:10 Image size of job updated: 658120
	643  -  MemoryUsage of job (MB)
	658028  -  ResidentSetSize of job (KB)
...
006 (15556766.017.000) 10/21 07:35:10 Image size of job updated: 2094320
	2044  -  MemoryUsage of job (MB)
	2092216  -  ResidentSetSize of job (KB)
...
006 (15556766.017.000) 10/21 07:40:11 Image size of job updated: 2109364
	2058  -  MemoryUsage of job (MB)
	2106472  -  ResidentSetSize of job (KB)
...
006 (15556766.017.000) 10/21 07:45:11 Image size of job updated: 2109488
	2058  -  MemoryUsage of job (MB)
	2106472  -  ResidentSetSize of job (KB)
...
040 (15556766.017.000) 10/21 07:50:11 Started transferring output files
...
040 (15556766.017.000) 10/21 07:50:11 Finished transferring output files
...
009 (15556766.017.000) 10/21 07:50:11 Job was aborted.
	Job removed by SYSTEM_PERIODIC_REMOVE due to wall time exceeded allowed max.
...
