000 (15556765.545.000) 10/21 05:59:06 Job submitted from host: <188.184.90.241:9618?addrs=188.184.90.241-9618+[2001-1458-201-e4--100-2eb]-9618&alias=bigbird15.cern.ch&noUDP&sock=schedd_25064_65d2>
...
040 (15556765.545.000) 10/21 06:05:55 Started transferring input files
	Transferring to host: <188.185.195.58:9618?addrs=188.185.195.58-9618+[2001-1458-303-22--100-36]-9618&alias=b9p17p2887.cern.ch&noUDP&sock=slot1_13_2163222_57d8_52989>
...
040 (15556765.545.000) 10/21 06:05:55 Finished transferring input files
...
001 (15556765.545.000) 10/21 06:05:56 Job executing on host: <188.185.195.58:9618?addrs=188.185.195.58-9618+[2001-1458-303-22--100-36]-9618&alias=b9p17p2887.cern.ch&noUDP&sock=startd_128387_61b7>
	SlotName: slot1_13@b9p17p2887.cern.ch
	CondorScratchDir = "/pool/condor/dir_2032681"
	Cpus = 1
	Disk = 3061547
	Memory = 2000
...
006 (15556765.545.000) 10/21 06:06:04 Image size of job updated: 154916
	151  -  MemoryUsage of job (MB)
	154408  -  ResidentSetSize of job (KB)
...
006 (15556765.545.000) 10/21 06:11:04 Image size of job updated: 848132
	827  -  MemoryUsage of job (MB)
	846412  -  ResidentSetSize of job (KB)
...
006 (15556765.545.000) 10/21 06:16:05 Image size of job updated: 865596
	841  -  MemoryUsage of job (MB)
	861040  -  ResidentSetSize of job (KB)
...
006 (15556765.545.000) 10/21 06:21:06 Image size of job updated: 865596
	842  -  MemoryUsage of job (MB)
	861248  -  ResidentSetSize of job (KB)
...
040 (15556765.545.000) 10/21 06:26:06 Started transferring output files
...
040 (15556765.545.000) 10/21 06:26:06 Finished transferring output files
...
009 (15556765.545.000) 10/21 06:26:06 Job was aborted.
	Job removed by SYSTEM_PERIODIC_REMOVE due to wall time exceeded allowed max.
...
