000 (15556765.435.000) 10/21 05:59:06 Job submitted from host: <188.184.90.241:9618?addrs=188.184.90.241-9618+[2001-1458-201-e4--100-2eb]-9618&alias=bigbird15.cern.ch&noUDP&sock=schedd_25064_65d2>
...
040 (15556765.435.000) 10/21 06:04:35 Started transferring input files
	Transferring to host: <188.185.207.196:9618?addrs=188.185.207.196-9618+[2001-1458-303-e--100-41]-9618&alias=b9p08p9528.cern.ch&noUDP&sock=slot1_21_3784686_6a68_64169>
...
040 (15556765.435.000) 10/21 06:04:35 Finished transferring input files
...
001 (15556765.435.000) 10/21 06:04:36 Job executing on host: <188.185.207.196:9618?addrs=188.185.207.196-9618+[2001-1458-303-e--100-41]-9618&alias=b9p08p9528.cern.ch&noUDP&sock=startd_4365_9afc>
	SlotName: slot1_21@b9p08p9528.cern.ch
	CondorScratchDir = "/pool/condor/dir_2894641"
	Cpus = 1
	Disk = 2686720
	Memory = 2000
...
006 (15556765.435.000) 10/21 06:04:45 Image size of job updated: 179816
	176  -  MemoryUsage of job (MB)
	179812  -  ResidentSetSize of job (KB)
...
006 (15556765.435.000) 10/21 06:08:14 Image size of job updated: 753808
	176  -  MemoryUsage of job (MB)
	180068  -  ResidentSetSize of job (KB)
...
040 (15556765.435.000) 10/21 06:08:14 Started transferring output files
...
040 (15556765.435.000) 10/21 06:08:14 Finished transferring output files
...
005 (15556765.435.000) 10/21 06:08:14 Job terminated.
	(1) Normal termination (return value 0)
		Usr 0 00:02:52, Sys 0 00:00:05  -  Run Remote Usage
		Usr 0 00:00:00, Sys 0 00:00:00  -  Run Local Usage
		Usr 0 00:02:52, Sys 0 00:00:05  -  Total Remote Usage
		Usr 0 00:00:00, Sys 0 00:00:00  -  Total Local Usage
	8667  -  Run Bytes Sent By Job
	229  -  Run Bytes Received By Job
	8667  -  Total Bytes Sent By Job
	229  -  Total Bytes Received By Job
	Partitionable Resources :    Usage  Request Allocated 
	   Cpus                 :        0        1         1 
	   Disk (KB)            :       54        1   2686720 
	   Memory (MB)          :      176     2000      2000 

	Job terminated of its own accord at 2024-10-21T04:08:14Z with exit-code 0.
...
