000 (15556765.528.000) 10/21 05:59:06 Job submitted from host: <188.184.90.241:9618?addrs=188.184.90.241-9618+[2001-1458-201-e4--100-2eb]-9618&alias=bigbird15.cern.ch&noUDP&sock=schedd_25064_65d2>
...
040 (15556765.528.000) 10/21 06:05:48 Started transferring input files
	Transferring to host: <188.185.198.70:9618?addrs=188.185.198.70-9618+[2001-1458-303-25--100-42]-9618&alias=b9p15p8814.cern.ch&noUDP&sock=slot1_15_8058_5701_3817>
...
040 (15556765.528.000) 10/21 06:05:48 Finished transferring input files
...
001 (15556765.528.000) 10/21 06:05:49 Job executing on host: <188.185.198.70:9618?addrs=188.185.198.70-9618+[2001-1458-303-25--100-42]-9618&alias=b9p15p8814.cern.ch&noUDP&sock=startd_7476_7e1e>
	SlotName: slot1_15@b9p15p8814.cern.ch
	CondorScratchDir = "/pool/condor/dir_504636"
	Cpus = 1
	Disk = 3828
	GPUs = 0
	Memory = 2000
...
006 (15556765.528.000) 10/21 06:05:57 Image size of job updated: 253896
	248  -  MemoryUsage of job (MB)
	253896  -  ResidentSetSize of job (KB)
...
006 (15556765.528.000) 10/21 06:10:57 Image size of job updated: 2270344
	2218  -  MemoryUsage of job (MB)
	2270344  -  ResidentSetSize of job (KB)
...
006 (15556765.528.000) 10/21 06:15:58 Image size of job updated: 2281704
	2229  -  MemoryUsage of job (MB)
	2281704  -  ResidentSetSize of job (KB)
...
040 (15556765.528.000) 10/21 06:24:06 Started transferring output files
...
040 (15556765.528.000) 10/21 06:24:06 Finished transferring output files
...
005 (15556765.528.000) 10/21 06:24:06 Job terminated.
	(1) Normal termination (return value 0)
		Usr 0 00:13:55, Sys 0 00:00:15  -  Run Remote Usage
		Usr 0 00:00:00, Sys 0 00:00:00  -  Run Local Usage
		Usr 0 00:13:55, Sys 0 00:00:15  -  Total Remote Usage
		Usr 0 00:00:00, Sys 0 00:00:00  -  Total Local Usage
	24477  -  Run Bytes Sent By Job
	229  -  Run Bytes Received By Job
	24477  -  Total Bytes Sent By Job
	229  -  Total Bytes Received By Job
	Partitionable Resources :    Usage  Request Allocated 
	   Cpus                 :     0.16        1         1 
	   Disk (KB)            :    66           1      3828 
	   GPUs                 :                           0 
	   Memory (MB)          :  2229        2000      2000 

	Job terminated of its own accord at 2024-10-21T04:24:06Z with exit-code 0.
...
