000 (15556765.211.000) 10/21 05:59:05 Job submitted from host: <188.184.90.241:9618?addrs=188.184.90.241-9618+[2001-1458-201-e4--100-2eb]-9618&alias=bigbird15.cern.ch&noUDP&sock=schedd_25064_65d2>
...
040 (15556765.211.000) 10/21 06:00:57 Started transferring input files
	Transferring to host: <128.142.248.54:9618?addrs=128.142.248.54-9618+[2001-1458-301-73--100-126]-9618&alias=b9g23p5264.cern.ch&noUDP&sock=slot1_14_962950_232f_88239>
...
040 (15556765.211.000) 10/21 06:00:57 Finished transferring input files
...
001 (15556765.211.000) 10/21 06:00:59 Job executing on host: <128.142.248.54:9618?addrs=128.142.248.54-9618+[2001-1458-301-73--100-126]-9618&alias=b9g23p5264.cern.ch&noUDP&sock=startd_5330_83e0>
	SlotName: slot1_14@b9g23p5264.cern.ch
	CondorScratchDir = "/pool/condor/dir_3814705"
	Cpus = 1
	Disk = 2933657
	Memory = 2000
...
006 (15556765.211.000) 10/21 06:01:07 Image size of job updated: 1
	0  -  MemoryUsage of job (MB)
	0  -  ResidentSetSize of job (KB)
...
006 (15556765.211.000) 10/21 06:06:07 Image size of job updated: 964388
	937  -  MemoryUsage of job (MB)
	959024  -  ResidentSetSize of job (KB)
...
040 (15556765.211.000) 10/21 06:09:38 Started transferring output files
...
040 (15556765.211.000) 10/21 06:09:38 Finished transferring output files
...
005 (15556765.211.000) 10/21 06:09:38 Job terminated.
	(1) Normal termination (return value 0)
		Usr 0 00:07:07, Sys 0 00:00:07  -  Run Remote Usage
		Usr 0 00:00:00, Sys 0 00:00:00  -  Run Local Usage
		Usr 0 00:07:07, Sys 0 00:00:07  -  Total Remote Usage
		Usr 0 00:00:00, Sys 0 00:00:00  -  Total Local Usage
	9707  -  Run Bytes Sent By Job
	229  -  Run Bytes Received By Job
	9707  -  Total Bytes Sent By Job
	229  -  Total Bytes Received By Job
	Partitionable Resources :    Usage  Request Allocated 
	   Cpus                 :     0.05        1         1 
	   Disk (KB)            :    51           1   2933657 
	   Memory (MB)          :   937        2000      2000 

	Job terminated of its own accord at 2024-10-21T04:09:38Z with exit-code 0.
...
