000 (15556765.522.000) 10/21 05:59:06 Job submitted from host: <188.184.90.241:9618?addrs=188.184.90.241-9618+[2001-1458-201-e4--100-2eb]-9618&alias=bigbird15.cern.ch&noUDP&sock=schedd_25064_65d2>
...
040 (15556765.522.000) 10/21 06:05:46 Started transferring input files
	Transferring to host: <188.185.196.133:9618?addrs=188.185.196.133-9618+[2001-1458-303-23--100-81]-9618&alias=b9p16p2227.cern.ch&noUDP&sock=slot1_30_1318844_a7f7_24515>
...
040 (15556765.522.000) 10/21 06:05:46 Finished transferring input files
...
001 (15556765.522.000) 10/21 06:05:47 Job executing on host: <188.185.196.133:9618?addrs=188.185.196.133-9618+[2001-1458-303-23--100-81]-9618&alias=b9p16p2227.cern.ch&noUDP&sock=startd_174527_957d>
	SlotName: slot1_30@b9p16p2227.cern.ch
	CondorScratchDir = "/pool/condor/dir_2094467"
	Cpus = 1
	Disk = 2892668
	Memory = 2000
...
006 (15556765.522.000) 10/21 06:05:56 Image size of job updated: 501772
	491  -  MemoryUsage of job (MB)
	501768  -  ResidentSetSize of job (KB)
...
006 (15556765.522.000) 10/21 06:09:37 Image size of job updated: 2376776
	1609  -  MemoryUsage of job (MB)
	1646604  -  ResidentSetSize of job (KB)
...
040 (15556765.522.000) 10/21 06:09:37 Started transferring output files
...
040 (15556765.522.000) 10/21 06:09:37 Finished transferring output files
...
005 (15556765.522.000) 10/21 06:09:37 Job terminated.
	(1) Normal termination (return value 0)
		Usr 0 00:01:08, Sys 0 00:00:06  -  Run Remote Usage
		Usr 0 00:00:00, Sys 0 00:00:00  -  Run Local Usage
		Usr 0 00:01:08, Sys 0 00:00:06  -  Total Remote Usage
		Usr 0 00:00:00, Sys 0 00:00:00  -  Total Local Usage
	2290  -  Run Bytes Sent By Job
	229  -  Run Bytes Received By Job
	2290  -  Total Bytes Sent By Job
	229  -  Total Bytes Received By Job
	Partitionable Resources :    Usage  Request Allocated 
	   Cpus                 :        0        1         1 
	   Disk (KB)            :       43        1   2892668 
	   Memory (MB)          :     1609     2000      2000 

	Job terminated of its own accord at 2024-10-21T04:09:37Z with exit-code 0.
...
