000 (15556765.407.000) 10/21 05:59:06 Job submitted from host: <188.184.90.241:9618?addrs=188.184.90.241-9618+[2001-1458-201-e4--100-2eb]-9618&alias=bigbird15.cern.ch&noUDP&sock=schedd_25064_65d2>
...
040 (15556765.407.000) 10/21 06:03:14 Started transferring input files
	Transferring to host: <128.142.248.86:9618?addrs=128.142.248.86-9618+[2001-1458-301-73--100-146]-9618&alias=b9g23p4167.cern.ch&noUDP&sock=slot1_26_6891_1531_85763>
...
040 (15556765.407.000) 10/21 06:03:14 Finished transferring input files
...
001 (15556765.407.000) 10/21 06:03:15 Job executing on host: <128.142.248.86:9618?addrs=128.142.248.86-9618+[2001-1458-301-73--100-146]-9618&alias=b9g23p4167.cern.ch&noUDP&sock=startd_5469_db8a>
	SlotName: slot1_26@b9g23p4167.cern.ch
	CondorScratchDir = "/pool/condor/dir_3845601"
	Cpus = 1
	Disk = 3029770
	Memory = 2000
...
006 (15556765.407.000) 10/21 06:03:24 Image size of job updated: 196132
	192  -  MemoryUsage of job (MB)
	196128  -  ResidentSetSize of job (KB)
...
006 (15556765.407.000) 10/21 06:08:25 Image size of job updated: 751728
	731  -  MemoryUsage of job (MB)
	747540  -  ResidentSetSize of job (KB)
...
040 (15556765.407.000) 10/21 06:08:51 Started transferring output files
...
040 (15556765.407.000) 10/21 06:08:51 Finished transferring output files
...
005 (15556765.407.000) 10/21 06:08:51 Job terminated.
	(1) Normal termination (return value 0)
		Usr 0 00:04:46, Sys 0 00:00:04  -  Run Remote Usage
		Usr 0 00:00:00, Sys 0 00:00:00  -  Run Local Usage
		Usr 0 00:04:46, Sys 0 00:00:04  -  Total Remote Usage
		Usr 0 00:00:00, Sys 0 00:00:00  -  Total Local Usage
	8091  -  Run Bytes Sent By Job
	229  -  Run Bytes Received By Job
	8091  -  Total Bytes Sent By Job
	229  -  Total Bytes Received By Job
	Partitionable Resources :    Usage  Request Allocated 
	   Cpus                 :     0.90        1         1 
	   Disk (KB)            :    50           1   3029770 
	   Memory (MB)          :   731        2000      2000 

	Job terminated of its own accord at 2024-10-21T04:08:51Z with exit-code 0.
...
