000 (15556765.226.000) 10/21 05:59:05 Job submitted from host: <188.184.90.241:9618?addrs=188.184.90.241-9618+[2001-1458-201-e4--100-2eb]-9618&alias=bigbird15.cern.ch&noUDP&sock=schedd_25064_65d2>
...
040 (15556765.226.000) 10/21 06:01:03 Started transferring input files
	Transferring to host: <188.185.194.13:9618?addrs=188.185.194.13-9618+[2001-1458-303-21--100-9]-9618&alias=b9p20p8620.cern.ch&noUDP&sock=slot1_20_7439_32c8_3385>
...
040 (15556765.226.000) 10/21 06:01:03 Finished transferring input files
...
001 (15556765.226.000) 10/21 06:01:05 Job executing on host: <188.185.194.13:9618?addrs=188.185.194.13-9618+[2001-1458-303-21--100-9]-9618&alias=b9p20p8620.cern.ch&noUDP&sock=startd_6536_bb18>
	SlotName: slot1_20@b9p20p8620.cern.ch
	CondorScratchDir = "/pool/condor/dir_3501664"
	Cpus = 1
	Disk = 3756
	GPUs = 0
	Memory = 2000
...
006 (15556765.226.000) 10/21 06:01:14 Image size of job updated: 146184
	143  -  MemoryUsage of job (MB)
	146184  -  ResidentSetSize of job (KB)
...
006 (15556765.226.000) 10/21 06:06:15 Image size of job updated: 1103124
	1078  -  MemoryUsage of job (MB)
	1103124  -  ResidentSetSize of job (KB)
...
006 (15556765.226.000) 10/21 06:11:16 Image size of job updated: 1103292
	1078  -  MemoryUsage of job (MB)
	1103292  -  ResidentSetSize of job (KB)
...
006 (15556765.226.000) 10/21 06:16:16 Image size of job updated: 1103548
	1078  -  MemoryUsage of job (MB)
	1103548  -  ResidentSetSize of job (KB)
...
006 (15556765.226.000) 10/21 06:21:16 Image size of job updated: 1103580
	1078  -  MemoryUsage of job (MB)
	1103580  -  ResidentSetSize of job (KB)
...
040 (15556765.226.000) 10/21 06:21:16 Started transferring output files
...
040 (15556765.226.000) 10/21 06:21:16 Finished transferring output files
...
009 (15556765.226.000) 10/21 06:21:16 Job was aborted.
	Job removed by SYSTEM_PERIODIC_REMOVE due to wall time exceeded allowed max.
...
