000 (15556765.355.000) 10/21 05:59:06 Job submitted from host: <188.184.90.241:9618?addrs=188.184.90.241-9618+[2001-1458-201-e4--100-2eb]-9618&alias=bigbird15.cern.ch&noUDP&sock=schedd_25064_65d2>
...
040 (15556765.355.000) 10/21 06:01:51 Started transferring input files
	Transferring to host: <188.185.209.160:9618?addrs=188.185.209.160-9618+[2001-1458-303-12--100-1d]-9618&alias=b9p12p2980.cern.ch&noUDP&sock=slot1_1_4394_b86c_65760>
...
040 (15556765.355.000) 10/21 06:01:51 Finished transferring input files
...
001 (15556765.355.000) 10/21 06:01:52 Job executing on host: <188.185.209.160:9618?addrs=188.185.209.160-9618+[2001-1458-303-12--100-1d]-9618&alias=b9p12p2980.cern.ch&noUDP&sock=startd_3675_52a3>
	SlotName: slot1_1@b9p12p2980.cern.ch
	CondorScratchDir = "/pool/condor/dir_4191524"
	Cpus = 1
	Disk = 2890483
	Memory = 2000
...
006 (15556765.355.000) 10/21 06:02:01 Image size of job updated: 156472
	153  -  MemoryUsage of job (MB)
	156472  -  ResidentSetSize of job (KB)
...
006 (15556765.355.000) 10/21 06:07:02 Image size of job updated: 769440
	746  -  MemoryUsage of job (MB)
	763088  -  ResidentSetSize of job (KB)
...
040 (15556765.355.000) 10/21 06:10:39 Started transferring output files
...
040 (15556765.355.000) 10/21 06:10:39 Finished transferring output files
...
005 (15556765.355.000) 10/21 06:10:39 Job terminated.
	(1) Normal termination (return value 0)
		Usr 0 00:05:12, Sys 0 00:00:07  -  Run Remote Usage
		Usr 0 00:00:00, Sys 0 00:00:00  -  Run Local Usage
		Usr 0 00:05:12, Sys 0 00:00:07  -  Total Remote Usage
		Usr 0 00:00:00, Sys 0 00:00:00  -  Total Local Usage
	14340  -  Run Bytes Sent By Job
	229  -  Run Bytes Received By Job
	14340  -  Total Bytes Sent By Job
	229  -  Total Bytes Received By Job
	Partitionable Resources :    Usage  Request Allocated 
	   Cpus                 :     0.96        1         1 
	   Disk (KB)            :    59           1   2890483 
	   Memory (MB)          :   746        2000      2000 

	Job terminated of its own accord at 2024-10-21T04:10:39Z with exit-code 0.
...
