000 (15556765.086.000) 10/21 05:59:05 Job submitted from host: <188.184.90.241:9618?addrs=188.184.90.241-9618+[2001-1458-201-e4--100-2eb]-9618&alias=bigbird15.cern.ch&noUDP&sock=schedd_25064_65d2>
...
040 (15556765.086.000) 10/21 06:00:15 Started transferring input files
	Transferring to host: <128.142.137.197:9618?addrs=128.142.137.197-9618+[2001-1458-301-5e--100-b9]-9618&alias=b9g19p8796.cern.ch&noUDP&sock=slot1_25_3399042_54a6_143205>
...
040 (15556765.086.000) 10/21 06:00:15 Finished transferring input files
...
001 (15556765.086.000) 10/21 06:00:16 Job executing on host: <128.142.137.197:9618?addrs=128.142.137.197-9618+[2001-1458-301-5e--100-b9]-9618&alias=b9g19p8796.cern.ch&noUDP&sock=startd_2344_5e15>
	SlotName: slot1_25@b9g19p8796.cern.ch
	CondorScratchDir = "/pool/condor/dir_938902"
	Cpus = 1
	Disk = 1117271
	Memory = 2000
...
006 (15556765.086.000) 10/21 06:00:25 Image size of job updated: 154500
	151  -  MemoryUsage of job (MB)
	154500  -  ResidentSetSize of job (KB)
...
006 (15556765.086.000) 10/21 06:05:26 Image size of job updated: 1052328
	1028  -  MemoryUsage of job (MB)
	1052328  -  ResidentSetSize of job (KB)
...
040 (15556765.086.000) 10/21 06:19:26 Started transferring output files
...
040 (15556765.086.000) 10/21 06:19:26 Finished transferring output files
...
005 (15556765.086.000) 10/21 06:19:26 Job terminated.
	(1) Normal termination (return value 0)
		Usr 0 00:17:32, Sys 0 00:00:10  -  Run Remote Usage
		Usr 0 00:00:00, Sys 0 00:00:00  -  Run Local Usage
		Usr 0 00:17:32, Sys 0 00:00:10  -  Total Remote Usage
		Usr 0 00:00:00, Sys 0 00:00:00  -  Total Local Usage
	13944  -  Run Bytes Sent By Job
	229  -  Run Bytes Received By Job
	13944  -  Total Bytes Sent By Job
	229  -  Total Bytes Received By Job
	Partitionable Resources :    Usage  Request Allocated 
	   Cpus                 :     0.99        1         1 
	   Disk (KB)            :    54           1   1117271 
	   Memory (MB)          :  1028        2000      2000 

	Job terminated of its own accord at 2024-10-21T04:19:26Z with exit-code 0.
...
000 (15556766.086.000) 10/21 07:29:11 Job submitted from host: <188.184.90.241:9618?addrs=188.184.90.241-9618+[2001-1458-201-e4--100-2eb]-9618&alias=bigbird15.cern.ch&noUDP&sock=schedd_25064_65d2>
...
040 (15556766.086.000) 10/21 07:30:24 Started transferring input files
	Transferring to host: <188.185.205.49:9618?addrs=188.185.205.49-9618+[2001-1458-303-9--100-a5]-9618&alias=b9p03p3850.cern.ch&noUDP&sock=slot1_12_5492_5c58_82633>
...
040 (15556766.086.000) 10/21 07:30:24 Finished transferring input files
...
001 (15556766.086.000) 10/21 07:30:25 Job executing on host: <188.185.205.49:9618?addrs=188.185.205.49-9618+[2001-1458-303-9--100-a5]-9618&alias=b9p03p3850.cern.ch&noUDP&sock=startd_4512_6f68>
	SlotName: slot1_12@b9p03p3850.cern.ch
	CondorScratchDir = "/pool/condor/dir_1458222"
	Cpus = 1
	Disk = 2270191
	Memory = 2000
...
006 (15556766.086.000) 10/21 07:30:34 Image size of job updated: 106308
	104  -  MemoryUsage of job (MB)
	106308  -  ResidentSetSize of job (KB)
...
006 (15556766.086.000) 10/21 07:35:35 Image size of job updated: 2524516
	2465  -  MemoryUsage of job (MB)
	2523492  -  ResidentSetSize of job (KB)
...
006 (15556766.086.000) 10/21 07:40:35 Image size of job updated: 2527612
	2465  -  MemoryUsage of job (MB)
	2523684  -  ResidentSetSize of job (KB)
...
040 (15556766.086.000) 10/21 07:50:35 Started transferring output files
...
040 (15556766.086.000) 10/21 07:50:35 Finished transferring output files
...
009 (15556766.086.000) 10/21 07:50:35 Job was aborted.
	Job removed by SYSTEM_PERIODIC_REMOVE due to wall time exceeded allowed max.
...
