000 (15556765.219.000) 10/21 05:59:05 Job submitted from host: <188.184.90.241:9618?addrs=188.184.90.241-9618+[2001-1458-201-e4--100-2eb]-9618&alias=bigbird15.cern.ch&noUDP&sock=schedd_25064_65d2>
...
040 (15556765.219.000) 10/21 06:01:01 Started transferring input files
	Transferring to host: <188.185.213.228:9618?addrs=188.185.213.228-9618+[2001-1458-303-1b--100-60]-9618&alias=b9p28p4003.cern.ch&noUDP&sock=slot1_5_904447_7b44_2752>
...
040 (15556765.219.000) 10/21 06:01:01 Finished transferring input files
...
001 (15556765.219.000) 10/21 06:01:02 Job executing on host: <188.185.213.228:9618?addrs=188.185.213.228-9618+[2001-1458-303-1b--100-60]-9618&alias=b9p28p4003.cern.ch&noUDP&sock=startd_7313_b02e>
	SlotName: slot1_5@b9p28p4003.cern.ch
	CondorScratchDir = "/pool/condor/dir_72047"
	Cpus = 1
	Disk = 3826
	GPUs = 0
	Memory = 2000
...
006 (15556765.219.000) 10/21 06:01:11 Image size of job updated: 144588
	142  -  MemoryUsage of job (MB)
	144588  -  ResidentSetSize of job (KB)
...
006 (15556765.219.000) 10/21 06:06:12 Image size of job updated: 959088
	937  -  MemoryUsage of job (MB)
	959088  -  ResidentSetSize of job (KB)
...
006 (15556765.219.000) 10/21 06:11:12 Image size of job updated: 959336
	937  -  MemoryUsage of job (MB)
	959336  -  ResidentSetSize of job (KB)
...
006 (15556765.219.000) 10/21 06:16:13 Image size of job updated: 959432
	937  -  MemoryUsage of job (MB)
	959432  -  ResidentSetSize of job (KB)
...
040 (15556765.219.000) 10/21 06:21:13 Started transferring output files
...
040 (15556765.219.000) 10/21 06:21:13 Finished transferring output files
...
009 (15556765.219.000) 10/21 06:21:13 Job was aborted.
	Job removed by SYSTEM_PERIODIC_REMOVE due to wall time exceeded allowed max.
...
