000 (15556765.529.000) 10/21 05:59:06 Job submitted from host: <188.184.90.241:9618?addrs=188.184.90.241-9618+[2001-1458-201-e4--100-2eb]-9618&alias=bigbird15.cern.ch&noUDP&sock=schedd_25064_65d2>
...
040 (15556765.529.000) 10/21 06:05:48 Started transferring input files
	Transferring to host: <188.185.215.153:9618?addrs=188.185.215.153-9618+[2001-1458-303-26--100-15]-9618&alias=b9p18p4537.cern.ch&noUDP&sock=slot1_34_3785719_41f2_66532>
...
040 (15556765.529.000) 10/21 06:05:48 Finished transferring input files
...
001 (15556765.529.000) 10/21 06:05:50 Job executing on host: <188.185.215.153:9618?addrs=188.185.215.153-9618+[2001-1458-303-26--100-15]-9618&alias=b9p18p4537.cern.ch&noUDP&sock=startd_8850_f13e>
	SlotName: slot1_34@b9p18p4537.cern.ch
	CondorScratchDir = "/pool/condor/dir_3390779"
	Cpus = 1
	Disk = 2930066
	Memory = 2000
...
006 (15556765.529.000) 10/21 06:05:58 Image size of job updated: 522908
	511  -  MemoryUsage of job (MB)
	522908  -  ResidentSetSize of job (KB)
...
006 (15556765.529.000) 10/21 06:10:58 Image size of job updated: 1788180
	1746  -  MemoryUsage of job (MB)
	1787424  -  ResidentSetSize of job (KB)
...
006 (15556765.529.000) 10/21 06:15:59 Image size of job updated: 1788696
	1746  -  MemoryUsage of job (MB)
	1787424  -  ResidentSetSize of job (KB)
...
006 (15556765.529.000) 10/21 06:21:00 Image size of job updated: 1791304
	1746  -  MemoryUsage of job (MB)
	1787424  -  ResidentSetSize of job (KB)
...
040 (15556765.529.000) 10/21 06:25:53 Started transferring output files
...
040 (15556765.529.000) 10/21 06:25:53 Finished transferring output files
...
009 (15556765.529.000) 10/21 06:25:53 Job was aborted.
	Job removed by SYSTEM_PERIODIC_REMOVE due to wall time exceeded allowed max.

	Job terminated by itself at 2024-10-21T04:25:53Z (using method 0: OF_ITS_OWN_ACCORD).
...
