000 (15556765.061.000) 10/21 05:59:05 Job submitted from host: <188.184.90.241:9618?addrs=188.184.90.241-9618+[2001-1458-201-e4--100-2eb]-9618&alias=bigbird15.cern.ch&noUDP&sock=schedd_25064_65d2>
...
040 (15556765.061.000) 10/21 06:00:07 Started transferring input files
	Transferring to host: <188.185.206.183:9618?addrs=188.185.206.183-9618+[2001-1458-303-c--100-34]-9618&alias=b9p06p2267.cern.ch&noUDP&sock=slot1_24_3704_8d90_78042>
...
040 (15556765.061.000) 10/21 06:00:07 Finished transferring input files
...
001 (15556765.061.000) 10/21 06:00:08 Job executing on host: <188.185.206.183:9618?addrs=188.185.206.183-9618+[2001-1458-303-c--100-34]-9618&alias=b9p06p2267.cern.ch&noUDP&sock=startd_3375_8c39>
	SlotName: slot1_24@b9p06p2267.cern.ch
	CondorScratchDir = "/pool/condor/dir_892528"
	Cpus = 1
	Disk = 2646322
	Memory = 2000
...
006 (15556765.061.000) 10/21 06:00:17 Image size of job updated: 169572
	166  -  MemoryUsage of job (MB)
	169572  -  ResidentSetSize of job (KB)
...
006 (15556765.061.000) 10/21 06:05:18 Image size of job updated: 1006588
	981  -  MemoryUsage of job (MB)
	1004268  -  ResidentSetSize of job (KB)
...
040 (15556765.061.000) 10/21 06:06:03 Started transferring output files
...
040 (15556765.061.000) 10/21 06:06:03 Finished transferring output files
...
005 (15556765.061.000) 10/21 06:06:04 Job terminated.
	(1) Normal termination (return value 0)
		Usr 0 00:02:52, Sys 0 00:00:07  -  Run Remote Usage
		Usr 0 00:00:00, Sys 0 00:00:00  -  Run Local Usage
		Usr 0 00:02:52, Sys 0 00:00:07  -  Total Remote Usage
		Usr 0 00:00:00, Sys 0 00:00:00  -  Total Local Usage
	4822  -  Run Bytes Sent By Job
	229  -  Run Bytes Received By Job
	4822  -  Total Bytes Sent By Job
	229  -  Total Bytes Received By Job
	Partitionable Resources :    Usage  Request Allocated 
	   Cpus                 :     0.56        1         1 
	   Disk (KB)            :   659           1   2646322 
	   Memory (MB)          :   981        2000      2000 

	Job terminated of its own accord at 2024-10-21T04:06:03Z with exit-code 0.
...
000 (15556766.061.000) 10/21 07:29:09 Job submitted from host: <188.184.90.241:9618?addrs=188.184.90.241-9618+[2001-1458-201-e4--100-2eb]-9618&alias=bigbird15.cern.ch&noUDP&sock=schedd_25064_65d2>
...
040 (15556766.061.000) 10/21 07:30:17 Started transferring input files
	Transferring to host: <188.185.196.178:9618?addrs=188.185.196.178-9618+[2001-1458-303-23--100-ae]-9618&alias=b9p16p1991.cern.ch&noUDP&sock=slot1_26_17523_49e2_78183>
...
040 (15556766.061.000) 10/21 07:30:17 Finished transferring input files
...
001 (15556766.061.000) 10/21 07:30:18 Job executing on host: <188.185.196.178:9618?addrs=188.185.196.178-9618+[2001-1458-303-23--100-ae]-9618&alias=b9p16p1991.cern.ch&noUDP&sock=startd_166946_a604>
	SlotName: slot1_26@b9p16p1991.cern.ch
	CondorScratchDir = "/pool/condor/dir_3221031"
	Cpus = 1
	Disk = 2975001
	Memory = 2000
...
006 (15556766.061.000) 10/21 07:30:26 Image size of job updated: 178992
	175  -  MemoryUsage of job (MB)
	178976  -  ResidentSetSize of job (KB)
...
006 (15556766.061.000) 10/21 07:35:26 Image size of job updated: 1035064
	1010  -  MemoryUsage of job (MB)
	1033516  -  ResidentSetSize of job (KB)
...
006 (15556766.061.000) 10/21 07:40:26 Image size of job updated: 1035656
	1010  -  MemoryUsage of job (MB)
	1033516  -  ResidentSetSize of job (KB)
...
040 (15556766.061.000) 10/21 07:50:27 Started transferring output files
...
040 (15556766.061.000) 10/21 07:50:27 Finished transferring output files
...
009 (15556766.061.000) 10/21 07:50:27 Job was aborted.
	Job removed by SYSTEM_PERIODIC_REMOVE due to wall time exceeded allowed max.
...
