000 (15556765.175.000) 10/21 05:59:05 Job submitted from host: <188.184.90.241:9618?addrs=188.184.90.241-9618+[2001-1458-201-e4--100-2eb]-9618&alias=bigbird15.cern.ch&noUDP&sock=schedd_25064_65d2>
...
040 (15556765.175.000) 10/21 06:00:45 Started transferring input files
	Transferring to host: <188.185.208.143:9618?addrs=188.185.208.143-9618+[2001-1458-303-10--100-c]-9618&alias=b9p10p4620.cern.ch&noUDP&sock=slot1_6_6183_3b95_251812>
...
040 (15556765.175.000) 10/21 06:00:45 Finished transferring input files
...
001 (15556765.175.000) 10/21 06:00:46 Job executing on host: <188.185.208.143:9618?addrs=188.185.208.143-9618+[2001-1458-303-10--100-c]-9618&alias=b9p10p4620.cern.ch&noUDP&sock=startd_5035_2b70>
	SlotName: slot1_6@b9p10p4620.cern.ch
	CondorScratchDir = "/pool/condor/dir_864135"
	Cpus = 1
	Disk = 2751576
	Memory = 2000
...
006 (15556765.175.000) 10/21 06:00:55 Image size of job updated: 171648
	168  -  MemoryUsage of job (MB)
	171416  -  ResidentSetSize of job (KB)
...
006 (15556765.175.000) 10/21 06:05:56 Image size of job updated: 1022600
	995  -  MemoryUsage of job (MB)
	1018864  -  ResidentSetSize of job (KB)
...
040 (15556765.175.000) 10/21 06:08:49 Started transferring output files
...
040 (15556765.175.000) 10/21 06:08:49 Finished transferring output files
...
005 (15556765.175.000) 10/21 06:08:49 Job terminated.
	(1) Normal termination (return value 0)
		Usr 0 00:07:29, Sys 0 00:00:06  -  Run Remote Usage
		Usr 0 00:00:00, Sys 0 00:00:00  -  Run Local Usage
		Usr 0 00:07:29, Sys 0 00:00:06  -  Total Remote Usage
		Usr 0 00:00:00, Sys 0 00:00:00  -  Total Local Usage
	10671  -  Run Bytes Sent By Job
	229  -  Run Bytes Received By Job
	10671  -  Total Bytes Sent By Job
	229  -  Total Bytes Received By Job
	Partitionable Resources :    Usage  Request Allocated 
	   Cpus                 :     0.91        1         1 
	   Disk (KB)            :    55           1   2751576 
	   Memory (MB)          :   995        2000      2000 

	Job terminated of its own accord at 2024-10-21T04:08:49Z with exit-code 0.
...
