000 (15556765.588.000) 10/21 05:59:06 Job submitted from host: <188.184.90.241:9618?addrs=188.184.90.241-9618+[2001-1458-201-e4--100-2eb]-9618&alias=bigbird15.cern.ch&noUDP&sock=schedd_25064_65d2>
...
040 (15556765.588.000) 10/21 06:06:08 Started transferring input files
	Transferring to host: <188.185.209.160:9618?addrs=188.185.209.160-9618+[2001-1458-303-12--100-1d]-9618&alias=b9p12p2980.cern.ch&noUDP&sock=slot1_2_4394_b86c_65762>
...
040 (15556765.588.000) 10/21 06:06:08 Finished transferring input files
...
001 (15556765.588.000) 10/21 06:06:09 Job executing on host: <188.185.209.160:9618?addrs=188.185.209.160-9618+[2001-1458-303-12--100-1d]-9618&alias=b9p12p2980.cern.ch&noUDP&sock=startd_3675_52a3>
	SlotName: slot1_2@b9p12p2980.cern.ch
	CondorScratchDir = "/pool/condor/dir_37950"
	Cpus = 1
	Disk = 2883801
	Memory = 2000
...
006 (15556765.588.000) 10/21 06:06:17 Image size of job updated: 151716
	149  -  MemoryUsage of job (MB)
	151656  -  ResidentSetSize of job (KB)
...
006 (15556765.588.000) 10/21 06:11:17 Image size of job updated: 759496
	741  -  MemoryUsage of job (MB)
	757840  -  ResidentSetSize of job (KB)
...
006 (15556765.588.000) 10/21 06:16:18 Image size of job updated: 772060
	751  -  MemoryUsage of job (MB)
	768912  -  ResidentSetSize of job (KB)
...
040 (15556765.588.000) 10/21 06:19:26 Started transferring output files
...
040 (15556765.588.000) 10/21 06:19:26 Finished transferring output files
...
005 (15556765.588.000) 10/21 06:19:26 Job terminated.
	(1) Normal termination (return value 0)
		Usr 0 00:11:46, Sys 0 00:00:08  -  Run Remote Usage
		Usr 0 00:00:00, Sys 0 00:00:00  -  Run Local Usage
		Usr 0 00:11:46, Sys 0 00:00:08  -  Total Remote Usage
		Usr 0 00:00:00, Sys 0 00:00:00  -  Total Local Usage
	32599  -  Run Bytes Sent By Job
	229  -  Run Bytes Received By Job
	32599  -  Total Bytes Sent By Job
	229  -  Total Bytes Received By Job
	Partitionable Resources :    Usage  Request Allocated 
	   Cpus                 :     0.95        1         1 
	   Disk (KB)            :    77           1   2883801 
	   Memory (MB)          :   751        2000      2000 

	Job terminated of its own accord at 2024-10-21T04:19:25Z with exit-code 0.
...
