000 (15556765.555.000) 10/21 05:59:06 Job submitted from host: <188.184.90.241:9618?addrs=188.184.90.241-9618+[2001-1458-201-e4--100-2eb]-9618&alias=bigbird15.cern.ch&noUDP&sock=schedd_25064_65d2>
...
040 (15556765.555.000) 10/21 06:05:57 Started transferring input files
	Transferring to host: <188.184.185.124:9618?addrs=188.184.185.124-9618+[2001-1458-301-52--100-7b]-9618&alias=b9g37p2051.cern.ch&noUDP&sock=slot1_5_1430527_6ed5_84345>
...
040 (15556765.555.000) 10/21 06:05:57 Finished transferring input files
...
001 (15556765.555.000) 10/21 06:05:58 Job executing on host: <188.184.185.124:9618?addrs=188.184.185.124-9618+[2001-1458-301-52--100-7b]-9618&alias=b9g37p2051.cern.ch&noUDP&sock=startd_11318_c8fb>
	SlotName: slot1_5@b9g37p2051.cern.ch
	CondorScratchDir = "/pool/condor/dir_536396"
	Cpus = 1
	Disk = 2679970
	Memory = 2000
...
006 (15556765.555.000) 10/21 06:06:07 Image size of job updated: 2372
	3  -  MemoryUsage of job (MB)
	2264  -  ResidentSetSize of job (KB)
...
006 (15556765.555.000) 10/21 06:11:08 Image size of job updated: 801920
	780  -  MemoryUsage of job (MB)
	798636  -  ResidentSetSize of job (KB)
...
006 (15556765.555.000) 10/21 06:16:08 Image size of job updated: 812632
	792  -  MemoryUsage of job (MB)
	809992  -  ResidentSetSize of job (KB)
...
006 (15556765.555.000) 10/21 06:21:08 Image size of job updated: 814588
	792  -  MemoryUsage of job (MB)
	810000  -  ResidentSetSize of job (KB)
...
040 (15556765.555.000) 10/21 06:26:09 Started transferring output files
...
040 (15556765.555.000) 10/21 06:26:09 Finished transferring output files
...
009 (15556765.555.000) 10/21 06:26:09 Job was aborted.
	Job removed by SYSTEM_PERIODIC_REMOVE due to wall time exceeded allowed max.
...
