000 (15556765.577.000) 10/21 05:59:06 Job submitted from host: <188.184.90.241:9618?addrs=188.184.90.241-9618+[2001-1458-201-e4--100-2eb]-9618&alias=bigbird15.cern.ch&noUDP&sock=schedd_25064_65d2>
...
040 (15556765.577.000) 10/21 06:06:06 Started transferring input files
	Transferring to host: <188.185.205.77:9618?addrs=188.185.205.77-9618+[2001-1458-303-9--100-c1]-9618&alias=b9p03p0676.cern.ch&noUDP&sock=slot1_23_3752_5f92_83982>
...
040 (15556765.577.000) 10/21 06:06:06 Finished transferring input files
...
001 (15556765.577.000) 10/21 06:06:07 Job executing on host: <188.185.205.77:9618?addrs=188.185.205.77-9618+[2001-1458-303-9--100-c1]-9618&alias=b9p03p0676.cern.ch&noUDP&sock=startd_3685_2e95>
	SlotName: slot1_23@b9p03p0676.cern.ch
	CondorScratchDir = "/pool/condor/dir_3773714"
	Cpus = 1
	Disk = 2679947
	Memory = 2000
...
006 (15556765.577.000) 10/21 06:06:16 Image size of job updated: 710128
	694  -  MemoryUsage of job (MB)
	710124  -  ResidentSetSize of job (KB)
...
006 (15556765.577.000) 10/21 06:11:17 Image size of job updated: 2396052
	2338  -  MemoryUsage of job (MB)
	2393656  -  ResidentSetSize of job (KB)
...
006 (15556765.577.000) 10/21 06:16:18 Image size of job updated: 2407544
	2349  -  MemoryUsage of job (MB)
	2405184  -  ResidentSetSize of job (KB)
...
006 (15556765.577.000) 10/21 06:20:37 Image size of job updated: 2408012
	2349  -  MemoryUsage of job (MB)
	2405184  -  ResidentSetSize of job (KB)
...
040 (15556765.577.000) 10/21 06:20:37 Started transferring output files
...
040 (15556765.577.000) 10/21 06:20:37 Finished transferring output files
...
005 (15556765.577.000) 10/21 06:20:37 Job terminated.
	(1) Normal termination (return value 0)
		Usr 0 00:09:57, Sys 0 00:00:08  -  Run Remote Usage
		Usr 0 00:00:00, Sys 0 00:00:00  -  Run Local Usage
		Usr 0 00:09:57, Sys 0 00:00:08  -  Total Remote Usage
		Usr 0 00:00:00, Sys 0 00:00:00  -  Total Local Usage
	29965  -  Run Bytes Sent By Job
	229  -  Run Bytes Received By Job
	29965  -  Total Bytes Sent By Job
	229  -  Total Bytes Received By Job
	Partitionable Resources :    Usage  Request Allocated 
	   Cpus                 :     0.80        1         1 
	   Disk (KB)            :    74           1   2679947 
	   Memory (MB)          :  2349        2000      2000 

	Job terminated of its own accord at 2024-10-21T04:20:37Z with exit-code 0.
...
