000 (15556765.299.000) 10/21 05:59:05 Job submitted from host: <188.184.90.241:9618?addrs=188.184.90.241-9618+[2001-1458-201-e4--100-2eb]-9618&alias=bigbird15.cern.ch&noUDP&sock=schedd_25064_65d2>
...
040 (15556765.299.000) 10/21 06:01:31 Started transferring input files
	Transferring to host: <128.142.192.188:9618?addrs=128.142.192.188-9618+[2001-1458-301-56--100-38]-9618&alias=b9g18p1501.cern.ch&noUDP&sock=slot1_17_6582_5d45_7916>
...
040 (15556765.299.000) 10/21 06:01:31 Finished transferring input files
...
001 (15556765.299.000) 10/21 06:01:32 Job executing on host: <128.142.192.188:9618?addrs=128.142.192.188-9618+[2001-1458-301-56--100-38]-9618&alias=b9g18p1501.cern.ch&noUDP&sock=startd_5783_3c47>
	SlotName: slot1_17@b9g18p1501.cern.ch
	CondorScratchDir = "/pool/condor/dir_2004930"
	Cpus = 1
	Disk = 2952956
	Memory = 2000
...
006 (15556765.299.000) 10/21 06:01:41 Image size of job updated: 186036
	182  -  MemoryUsage of job (MB)
	186024  -  ResidentSetSize of job (KB)
...
006 (15556765.299.000) 10/21 06:06:42 Image size of job updated: 753160
	734  -  MemoryUsage of job (MB)
	751548  -  ResidentSetSize of job (KB)
...
006 (15556765.299.000) 10/21 06:09:09 Image size of job updated: 753836
	734  -  MemoryUsage of job (MB)
	751548  -  ResidentSetSize of job (KB)
...
040 (15556765.299.000) 10/21 06:09:09 Started transferring output files
...
040 (15556765.299.000) 10/21 06:09:09 Finished transferring output files
...
005 (15556765.299.000) 10/21 06:09:09 Job terminated.
	(1) Normal termination (return value 0)
		Usr 0 00:05:55, Sys 0 00:00:05  -  Run Remote Usage
		Usr 0 00:00:00, Sys 0 00:00:00  -  Run Local Usage
		Usr 0 00:05:55, Sys 0 00:00:05  -  Total Remote Usage
		Usr 0 00:00:00, Sys 0 00:00:00  -  Total Local Usage
	10313  -  Run Bytes Sent By Job
	229  -  Run Bytes Received By Job
	10313  -  Total Bytes Sent By Job
	229  -  Total Bytes Received By Job
	Partitionable Resources :    Usage  Request Allocated 
	   Cpus                 :        0        1         1 
	   Disk (KB)            :       51        1   2952956 
	   Memory (MB)          :      734     2000      2000 

	Job terminated of its own accord at 2024-10-21T04:09:09Z with exit-code 0.
...
