000 (15556765.048.000) 10/21 05:59:05 Job submitted from host: <188.184.90.241:9618?addrs=188.184.90.241-9618+[2001-1458-201-e4--100-2eb]-9618&alias=bigbird15.cern.ch&noUDP&sock=schedd_25064_65d2>
...
040 (15556765.048.000) 10/21 06:00:04 Started transferring input files
	Transferring to host: <188.185.213.167:9618?addrs=188.185.213.167-9618+[2001-1458-303-1b--100-23]-9618&alias=b9p28p1049.cern.ch&noUDP&sock=slot1_8_4319_e049_5593>
...
040 (15556765.048.000) 10/21 06:00:04 Finished transferring input files
...
001 (15556765.048.000) 10/21 06:00:05 Job executing on host: <188.185.213.167:9618?addrs=188.185.213.167-9618+[2001-1458-303-1b--100-23]-9618&alias=b9p28p1049.cern.ch&noUDP&sock=startd_3581_d8bc>
	SlotName: slot1_8@b9p28p1049.cern.ch
	CondorScratchDir = "/pool/condor/dir_2743979"
	Cpus = 1
	Disk = 3652
	GPUs = 0
	Memory = 2000
...
006 (15556765.048.000) 10/21 06:00:13 Image size of job updated: 195212
	191  -  MemoryUsage of job (MB)
	195212  -  ResidentSetSize of job (KB)
...
006 (15556765.048.000) 10/21 06:05:09 Image size of job updated: 962920
	941  -  MemoryUsage of job (MB)
	962920  -  ResidentSetSize of job (KB)
...
040 (15556765.048.000) 10/21 06:05:09 Started transferring output files
...
040 (15556765.048.000) 10/21 06:05:09 Finished transferring output files
...
005 (15556765.048.000) 10/21 06:05:09 Job terminated.
	(1) Normal termination (return value 0)
		Usr 0 00:02:05, Sys 0 00:00:07  -  Run Remote Usage
		Usr 0 00:00:00, Sys 0 00:00:00  -  Run Local Usage
		Usr 0 00:02:05, Sys 0 00:00:07  -  Total Remote Usage
		Usr 0 00:00:00, Sys 0 00:00:00  -  Total Local Usage
	2463  -  Run Bytes Sent By Job
	229  -  Run Bytes Received By Job
	2463  -  Total Bytes Sent By Job
	229  -  Total Bytes Received By Job
	Partitionable Resources :    Usage  Request Allocated 
	   Cpus                 :        0        1         1 
	   Disk (KB)            :       44        1      3652 
	   GPUs                 :                           0 
	   Memory (MB)          :      941     2000      2000 

	Job terminated of its own accord at 2024-10-21T04:05:09Z with exit-code 0.
...
000 (15556766.048.000) 10/21 07:29:08 Job submitted from host: <188.184.90.241:9618?addrs=188.184.90.241-9618+[2001-1458-201-e4--100-2eb]-9618&alias=bigbird15.cern.ch&noUDP&sock=schedd_25064_65d2>
...
040 (15556766.048.000) 10/21 07:30:12 Started transferring input files
	Transferring to host: <188.185.193.65:9618?addrs=188.185.193.65-9618+[2001-1458-303-20--100-3d]-9618&alias=b9p19p9149.cern.ch&noUDP&sock=slot1_18_9121_51cc_4766>
...
040 (15556766.048.000) 10/21 07:30:12 Finished transferring input files
...
001 (15556766.048.000) 10/21 07:30:13 Job executing on host: <188.185.193.65:9618?addrs=188.185.193.65-9618+[2001-1458-303-20--100-3d]-9618&alias=b9p19p9149.cern.ch&noUDP&sock=startd_7489_68d9>
	SlotName: slot1_18@b9p19p9149.cern.ch
	CondorScratchDir = "/pool/condor/dir_2785176"
	Cpus = 1
	Disk = 3743
	GPUs = 0
	Memory = 2000
...
006 (15556766.048.000) 10/21 07:30:22 Image size of job updated: 222804
	218  -  MemoryUsage of job (MB)
	222804  -  ResidentSetSize of job (KB)
...
006 (15556766.048.000) 10/21 07:35:23 Image size of job updated: 1103356
	1078  -  MemoryUsage of job (MB)
	1103356  -  ResidentSetSize of job (KB)
...
006 (15556766.048.000) 10/21 07:40:24 Image size of job updated: 1103484
	1078  -  MemoryUsage of job (MB)
	1103484  -  ResidentSetSize of job (KB)
...
040 (15556766.048.000) 10/21 07:50:24 Started transferring output files
...
040 (15556766.048.000) 10/21 07:50:24 Finished transferring output files
...
009 (15556766.048.000) 10/21 07:50:24 Job was aborted.
	Job removed by SYSTEM_PERIODIC_REMOVE due to wall time exceeded allowed max.
...
