000 (15556765.035.000) 10/21 05:59:05 Job submitted from host: <188.184.90.241:9618?addrs=188.184.90.241-9618+[2001-1458-201-e4--100-2eb]-9618&alias=bigbird15.cern.ch&noUDP&sock=schedd_25064_65d2>
...
040 (15556765.035.000) 10/21 05:59:59 Started transferring input files
	Transferring to host: <188.185.194.32:9618?addrs=188.185.194.32-9618+[2001-1458-303-21--100-1c]-9618&alias=b9p20p1908.cern.ch&noUDP&sock=slot1_26_2388782_c4ac_55865>
...
040 (15556765.035.000) 10/21 05:59:59 Finished transferring input files
...
001 (15556765.035.000) 10/21 06:00:00 Job executing on host: <188.185.194.32:9618?addrs=188.185.194.32-9618+[2001-1458-303-21--100-1c]-9618&alias=b9p20p1908.cern.ch&noUDP&sock=startd_6629_8566>
	SlotName: slot1_26@b9p20p1908.cern.ch
	CondorScratchDir = "/pool/condor/dir_2674565"
	Cpus = 1
	Disk = 2992454
	Memory = 2000
...
006 (15556765.035.000) 10/21 06:00:08 Image size of job updated: 187376
	183  -  MemoryUsage of job (MB)
	187308  -  ResidentSetSize of job (KB)
...
006 (15556765.035.000) 10/21 06:05:08 Image size of job updated: 1070636
	1045  -  MemoryUsage of job (MB)
	1069888  -  ResidentSetSize of job (KB)
...
006 (15556765.035.000) 10/21 06:05:27 Image size of job updated: 1071200
	1045  -  MemoryUsage of job (MB)
	1069888  -  ResidentSetSize of job (KB)
...
040 (15556765.035.000) 10/21 06:05:28 Started transferring output files
...
040 (15556765.035.000) 10/21 06:05:28 Finished transferring output files
...
005 (15556765.035.000) 10/21 06:05:28 Job terminated.
	(1) Normal termination (return value 0)
		Usr 0 00:02:57, Sys 0 00:00:06  -  Run Remote Usage
		Usr 0 00:00:00, Sys 0 00:00:00  -  Run Local Usage
		Usr 0 00:02:57, Sys 0 00:00:06  -  Total Remote Usage
		Usr 0 00:00:00, Sys 0 00:00:00  -  Total Local Usage
	2535  -  Run Bytes Sent By Job
	229  -  Run Bytes Received By Job
	2535  -  Total Bytes Sent By Job
	229  -  Total Bytes Received By Job
	Partitionable Resources :    Usage  Request Allocated 
	   Cpus                 :     0.99        1         1 
	   Disk (KB)            :   599           1   2992454 
	   Memory (MB)          :  1045        2000      2000 

	Job terminated of its own accord at 2024-10-21T04:05:27Z with exit-code 0.
...
000 (15556766.035.000) 10/21 07:29:08 Job submitted from host: <188.184.90.241:9618?addrs=188.184.90.241-9618+[2001-1458-201-e4--100-2eb]-9618&alias=bigbird15.cern.ch&noUDP&sock=schedd_25064_65d2>
...
040 (15556766.035.000) 10/21 07:30:08 Started transferring input files
	Transferring to host: <188.185.195.178:9618?addrs=188.185.195.178-9618+[2001-1458-303-22--100-ae]-9618&alias=b9p17p7355.cern.ch&noUDP&sock=slot1_6_6704_530a_59668>
...
040 (15556766.035.000) 10/21 07:30:08 Finished transferring input files
...
001 (15556766.035.000) 10/21 07:30:09 Job executing on host: <188.185.195.178:9618?addrs=188.185.195.178-9618+[2001-1458-303-22--100-ae]-9618&alias=b9p17p7355.cern.ch&noUDP&sock=startd_5903_8ba4>
	SlotName: slot1_6@b9p17p7355.cern.ch
	CondorScratchDir = "/pool/condor/dir_2751738"
	Cpus = 1
	Disk = 3013912
	Memory = 2000
...
006 (15556766.035.000) 10/21 07:30:17 Image size of job updated: 171724
	168  -  MemoryUsage of job (MB)
	171652  -  ResidentSetSize of job (KB)
...
006 (15556766.035.000) 10/21 07:35:17 Image size of job updated: 993832
	969  -  MemoryUsage of job (MB)
	992032  -  ResidentSetSize of job (KB)
...
006 (15556766.035.000) 10/21 07:40:17 Image size of job updated: 995128
	969  -  MemoryUsage of job (MB)
	992032  -  ResidentSetSize of job (KB)
...
040 (15556766.035.000) 10/21 07:50:18 Started transferring output files
...
040 (15556766.035.000) 10/21 07:50:18 Finished transferring output files
...
009 (15556766.035.000) 10/21 07:50:18 Job was aborted.
	Job removed by SYSTEM_PERIODIC_REMOVE due to wall time exceeded allowed max.
...
