000 (15556765.073.000) 10/21 05:59:05 Job submitted from host: <188.184.90.241:9618?addrs=188.184.90.241-9618+[2001-1458-201-e4--100-2eb]-9618&alias=bigbird15.cern.ch&noUDP&sock=schedd_25064_65d2>
...
040 (15556765.073.000) 10/21 06:00:11 Started transferring input files
	Transferring to host: <128.142.192.179:9618?addrs=128.142.192.179-9618+[2001-1458-301-56--100-2f]-9618&alias=b9g18p1392.cern.ch&noUDP&sock=slot1_6_5197_81ac_77554>
...
040 (15556765.073.000) 10/21 06:00:11 Finished transferring input files
...
001 (15556765.073.000) 10/21 06:00:12 Job executing on host: <128.142.192.179:9618?addrs=128.142.192.179-9618+[2001-1458-301-56--100-2f]-9618&alias=b9g18p1392.cern.ch&noUDP&sock=startd_4170_da04>
	SlotName: slot1_6@b9g18p1392.cern.ch
	CondorScratchDir = "/pool/condor/dir_1436249"
	Cpus = 1
	Disk = 2865549
	Memory = 2000
...
006 (15556765.073.000) 10/21 06:00:21 Image size of job updated: 163428
	160  -  MemoryUsage of job (MB)
	163168  -  ResidentSetSize of job (KB)
...
006 (15556765.073.000) 10/21 06:05:22 Image size of job updated: 1000016
	972  -  MemoryUsage of job (MB)
	994652  -  ResidentSetSize of job (KB)
...
040 (15556765.073.000) 10/21 06:08:16 Started transferring output files
...
040 (15556765.073.000) 10/21 06:08:16 Finished transferring output files
...
005 (15556765.073.000) 10/21 06:08:16 Job terminated.
	(1) Normal termination (return value 0)
		Usr 0 00:06:58, Sys 0 00:00:06  -  Run Remote Usage
		Usr 0 00:00:00, Sys 0 00:00:00  -  Run Local Usage
		Usr 0 00:06:58, Sys 0 00:00:06  -  Total Remote Usage
		Usr 0 00:00:00, Sys 0 00:00:00  -  Total Local Usage
	7867  -  Run Bytes Sent By Job
	229  -  Run Bytes Received By Job
	7867  -  Total Bytes Sent By Job
	229  -  Total Bytes Received By Job
	Partitionable Resources :    Usage  Request Allocated 
	   Cpus                 :     0.88        1         1 
	   Disk (KB)            :    49           1   2865549 
	   Memory (MB)          :   972        2000      2000 

	Job terminated of its own accord at 2024-10-21T04:08:16Z with exit-code 0.
...
000 (15556766.073.000) 10/21 07:29:10 Job submitted from host: <188.184.90.241:9618?addrs=188.184.90.241-9618+[2001-1458-201-e4--100-2eb]-9618&alias=bigbird15.cern.ch&noUDP&sock=schedd_25064_65d2>
...
040 (15556766.073.000) 10/21 07:30:20 Started transferring input files
	Transferring to host: <188.185.194.12:9618?addrs=188.185.194.12-9618+[2001-1458-303-21--100-8]-9618&alias=b9p20p7641.cern.ch&noUDP&sock=slot1_26_1936844_9022_8509>
...
040 (15556766.073.000) 10/21 07:30:20 Finished transferring input files
...
001 (15556766.073.000) 10/21 07:30:21 Job executing on host: <188.185.194.12:9618?addrs=188.185.194.12-9618+[2001-1458-303-21--100-8]-9618&alias=b9p20p7641.cern.ch&noUDP&sock=startd_5319_f855>
	SlotName: slot1_26@b9p20p7641.cern.ch
	CondorScratchDir = "/pool/condor/dir_3780352"
	Cpus = 1
	Disk = 3019526
	Memory = 2000
...
006 (15556766.073.000) 10/21 07:30:30 Image size of job updated: 207996
	203  -  MemoryUsage of job (MB)
	207648  -  ResidentSetSize of job (KB)
...
006 (15556766.073.000) 10/21 07:35:31 Image size of job updated: 1020516
	997  -  MemoryUsage of job (MB)
	1020048  -  ResidentSetSize of job (KB)
...
006 (15556766.073.000) 10/21 07:40:31 Image size of job updated: 1022616
	997  -  MemoryUsage of job (MB)
	1020440  -  ResidentSetSize of job (KB)
...
040 (15556766.073.000) 10/21 07:50:32 Started transferring output files
...
040 (15556766.073.000) 10/21 07:50:32 Finished transferring output files
...
009 (15556766.073.000) 10/21 07:50:32 Job was aborted.
	Job removed by SYSTEM_PERIODIC_REMOVE due to wall time exceeded allowed max.
...
