000 (15556765.271.000) 10/21 05:59:05 Job submitted from host: <188.184.90.241:9618?addrs=188.184.90.241-9618+[2001-1458-201-e4--100-2eb]-9618&alias=bigbird15.cern.ch&noUDP&sock=schedd_25064_65d2>
...
040 (15556765.271.000) 10/21 06:01:21 Started transferring input files
	Transferring to host: <188.185.205.156:9618?addrs=188.185.205.156-9618+[2001-1458-303-a--100-19]-9618&alias=b9p04p7474.cern.ch&noUDP&sock=slot1_31_3714_9950_68577>
...
040 (15556765.271.000) 10/21 06:01:21 Finished transferring input files
...
001 (15556765.271.000) 10/21 06:01:22 Job executing on host: <188.185.205.156:9618?addrs=188.185.205.156-9618+[2001-1458-303-a--100-19]-9618&alias=b9p04p7474.cern.ch&noUDP&sock=startd_3355_d454>
	SlotName: slot1_31@b9p04p7474.cern.ch
	CondorScratchDir = "/pool/condor/dir_2302974"
	Cpus = 1
	Disk = 2561953
	Memory = 2000
...
006 (15556765.271.000) 10/21 06:01:31 Image size of job updated: 193332
	189  -  MemoryUsage of job (MB)
	193332  -  ResidentSetSize of job (KB)
...
006 (15556765.271.000) 10/21 06:06:32 Image size of job updated: 514032
	502  -  MemoryUsage of job (MB)
	514032  -  ResidentSetSize of job (KB)
...
006 (15556765.271.000) 10/21 06:11:32 Image size of job updated: 964776
	940  -  MemoryUsage of job (MB)
	961932  -  ResidentSetSize of job (KB)
...
006 (15556765.271.000) 10/21 06:16:33 Image size of job updated: 964776
	940  -  MemoryUsage of job (MB)
	962060  -  ResidentSetSize of job (KB)
...
006 (15556765.271.000) 10/21 06:20:04 Image size of job updated: 967016
	940  -  MemoryUsage of job (MB)
	962060  -  ResidentSetSize of job (KB)
...
040 (15556765.271.000) 10/21 06:20:04 Started transferring output files
...
040 (15556765.271.000) 10/21 06:20:04 Finished transferring output files
...
005 (15556765.271.000) 10/21 06:20:04 Job terminated.
	(1) Normal termination (return value 0)
		Usr 0 00:12:37, Sys 0 00:00:09  -  Run Remote Usage
		Usr 0 00:00:00, Sys 0 00:00:00  -  Run Local Usage
		Usr 0 00:12:37, Sys 0 00:00:09  -  Total Remote Usage
		Usr 0 00:00:00, Sys 0 00:00:00  -  Total Local Usage
	21271  -  Run Bytes Sent By Job
	229  -  Run Bytes Received By Job
	21271  -  Total Bytes Sent By Job
	229  -  Total Bytes Received By Job
	Partitionable Resources :    Usage  Request Allocated 
	   Cpus                 :     0.71        1         1 
	   Disk (KB)            :    62           1   2561953 
	   Memory (MB)          :   940        2000      2000 

	Job terminated of its own accord at 2024-10-21T04:20:04Z with exit-code 0.
...
