000 (15556765.667.000) 10/21 05:59:06 Job submitted from host: <188.184.90.241:9618?addrs=188.184.90.241-9618+[2001-1458-201-e4--100-2eb]-9618&alias=bigbird15.cern.ch&noUDP&sock=schedd_25064_65d2>
...
040 (15556765.667.000) 10/21 06:06:38 Started transferring input files
	Transferring to host: <128.142.131.108:9618?addrs=128.142.131.108-9618+[2001-1458-301-59--100-60]-9618&alias=b9g11p4765.cern.ch&noUDP&sock=slot1_12_3454303_b44d_55451>
...
040 (15556765.667.000) 10/21 06:06:38 Finished transferring input files
...
001 (15556765.667.000) 10/21 06:06:39 Job executing on host: <128.142.131.108:9618?addrs=128.142.131.108-9618+[2001-1458-301-59--100-60]-9618&alias=b9g11p4765.cern.ch&noUDP&sock=startd_2621_5dd1>
	SlotName: slot1_12@b9g11p4765.cern.ch
	CondorScratchDir = "/pool/condor/dir_1970909"
	Cpus = 1
	Disk = 1791884
	Memory = 2000
...
006 (15556765.667.000) 10/21 06:06:48 Image size of job updated: 149012
	146  -  MemoryUsage of job (MB)
	149012  -  ResidentSetSize of job (KB)
...
006 (15556765.667.000) 10/21 06:11:49 Image size of job updated: 768020
	751  -  MemoryUsage of job (MB)
	768020  -  ResidentSetSize of job (KB)
...
040 (15556765.667.000) 10/21 06:15:31 Started transferring output files
...
040 (15556765.667.000) 10/21 06:15:31 Finished transferring output files
...
005 (15556765.667.000) 10/21 06:15:31 Job terminated.
	(1) Normal termination (return value 0)
		Usr 0 00:08:06, Sys 0 00:00:06  -  Run Remote Usage
		Usr 0 00:00:00, Sys 0 00:00:00  -  Run Local Usage
		Usr 0 00:08:06, Sys 0 00:00:06  -  Total Remote Usage
		Usr 0 00:00:00, Sys 0 00:00:00  -  Total Local Usage
	13402  -  Run Bytes Sent By Job
	229  -  Run Bytes Received By Job
	13402  -  Total Bytes Sent By Job
	229  -  Total Bytes Received By Job
	Partitionable Resources :    Usage  Request Allocated 
	   Cpus                 :                 1         1 
	   Disk (KB)            :       46        1   1791884 
	   Memory (MB)          :      751     2000      2000 

	Job terminated of its own accord at 2024-10-21T04:15:31Z with exit-code 0.
...
