000 (15556765.068.000) 10/21 05:59:05 Job submitted from host: <188.184.90.241:9618?addrs=188.184.90.241-9618+[2001-1458-201-e4--100-2eb]-9618&alias=bigbird15.cern.ch&noUDP&sock=schedd_25064_65d2>
...
040 (15556765.068.000) 10/21 06:00:09 Started transferring input files
	Transferring to host: <128.142.196.59:9618?addrs=128.142.196.59-9618+[2001-1458-301-3c--100-39]-9618&alias=b9g32p1900.cern.ch&noUDP&sock=slot1_24_136591_774c_19278>
...
040 (15556765.068.000) 10/21 06:00:09 Finished transferring input files
...
001 (15556765.068.000) 10/21 06:00:10 Job executing on host: <128.142.196.59:9618?addrs=128.142.196.59-9618+[2001-1458-301-3c--100-39]-9618&alias=b9g32p1900.cern.ch&noUDP&sock=startd_2804_e3a5>
	SlotName: slot1_24@b9g32p1900.cern.ch
	CondorScratchDir = "/pool/condor/dir_1506279"
	Cpus = 1
	Disk = 2962034
	Memory = 2000
...
006 (15556765.068.000) 10/21 06:00:19 Image size of job updated: 794568
	776  -  MemoryUsage of job (MB)
	794568  -  ResidentSetSize of job (KB)
...
006 (15556765.068.000) 10/21 06:05:20 Image size of job updated: 1908124
	1861  -  MemoryUsage of job (MB)
	1905328  -  ResidentSetSize of job (KB)
...
006 (15556765.068.000) 10/21 06:10:20 Image size of job updated: 1909668
	1861  -  MemoryUsage of job (MB)
	1905528  -  ResidentSetSize of job (KB)
...
040 (15556765.068.000) 10/21 06:12:10 Started transferring output files
...
040 (15556765.068.000) 10/21 06:12:10 Finished transferring output files
...
005 (15556765.068.000) 10/21 06:12:10 Job terminated.
	(1) Normal termination (return value 0)
		Usr 0 00:10:34, Sys 0 00:00:13  -  Run Remote Usage
		Usr 0 00:00:00, Sys 0 00:00:00  -  Run Local Usage
		Usr 0 00:10:34, Sys 0 00:00:13  -  Total Remote Usage
		Usr 0 00:00:00, Sys 0 00:00:00  -  Total Local Usage
	14512  -  Run Bytes Sent By Job
	229  -  Run Bytes Received By Job
	14512  -  Total Bytes Sent By Job
	229  -  Total Bytes Received By Job
	Partitionable Resources :    Usage  Request Allocated 
	   Cpus                 :     0.92        1         1 
	   Disk (KB)            :    55           1   2962034 
	   Memory (MB)          :  1861        2000      2000 

	Job terminated of its own accord at 2024-10-21T04:12:10Z with exit-code 0.
...
000 (15556766.068.000) 10/21 07:29:10 Job submitted from host: <188.184.90.241:9618?addrs=188.184.90.241-9618+[2001-1458-201-e4--100-2eb]-9618&alias=bigbird15.cern.ch&noUDP&sock=schedd_25064_65d2>
...
040 (15556766.068.000) 10/21 07:30:18 Started transferring input files
	Transferring to host: <188.185.192.162:9618?addrs=188.185.192.162-9618+[2001-1458-303-1f--100-9e]-9618&alias=b9p13p4193.cern.ch&noUDP&sock=slot1_25_8364_f1cd_68856>
...
040 (15556766.068.000) 10/21 07:30:18 Finished transferring input files
...
001 (15556766.068.000) 10/21 07:30:19 Job executing on host: <188.185.192.162:9618?addrs=188.185.192.162-9618+[2001-1458-303-1f--100-9e]-9618&alias=b9p13p4193.cern.ch&noUDP&sock=startd_7673_9e46>
	SlotName: slot1_25@b9p13p4193.cern.ch
	CondorScratchDir = "/pool/condor/dir_1930493"
	Cpus = 1
	Disk = 3027831
	Memory = 2000
...
006 (15556766.068.000) 10/21 07:30:27 Image size of job updated: 2544
	2  -  MemoryUsage of job (MB)
	1928  -  ResidentSetSize of job (KB)
...
006 (15556766.068.000) 10/21 07:35:27 Image size of job updated: 1025668
	1000  -  MemoryUsage of job (MB)
	1023756  -  ResidentSetSize of job (KB)
...
006 (15556766.068.000) 10/21 07:40:28 Image size of job updated: 1029832
	1000  -  MemoryUsage of job (MB)
	1023848  -  ResidentSetSize of job (KB)
...
040 (15556766.068.000) 10/21 07:50:28 Started transferring output files
...
040 (15556766.068.000) 10/21 07:50:28 Finished transferring output files
...
009 (15556766.068.000) 10/21 07:50:28 Job was aborted.
	Job removed by SYSTEM_PERIODIC_REMOVE due to wall time exceeded allowed max.
...
