000 (15556765.040.000) 10/21 05:59:05 Job submitted from host: <188.184.90.241:9618?addrs=188.184.90.241-9618+[2001-1458-201-e4--100-2eb]-9618&alias=bigbird15.cern.ch&noUDP&sock=schedd_25064_65d2>
...
040 (15556765.040.000) 10/21 06:00:01 Started transferring input files
	Transferring to host: <188.185.205.151:9618?addrs=188.185.205.151-9618+[2001-1458-303-a--100-14]-9618&alias=b9p04p6494.cern.ch&noUDP&sock=slot1_21_4946_a782_80320>
...
040 (15556765.040.000) 10/21 06:00:01 Finished transferring input files
...
001 (15556765.040.000) 10/21 06:00:02 Job executing on host: <188.185.205.151:9618?addrs=188.185.205.151-9618+[2001-1458-303-a--100-14]-9618&alias=b9p04p6494.cern.ch&noUDP&sock=startd_4251_6930>
	SlotName: slot1_21@b9p04p6494.cern.ch
	CondorScratchDir = "/pool/condor/dir_10929"
	Cpus = 1
	Disk = 2557318
	Memory = 2000
...
006 (15556765.040.000) 10/21 06:00:11 Image size of job updated: 183356
	180  -  MemoryUsage of job (MB)
	183356  -  ResidentSetSize of job (KB)
...
006 (15556765.040.000) 10/21 06:05:12 Image size of job updated: 332704
	324  -  MemoryUsage of job (MB)
	331540  -  ResidentSetSize of job (KB)
...
006 (15556765.040.000) 10/21 06:10:12 Image size of job updated: 332704
	324  -  MemoryUsage of job (MB)
	331552  -  ResidentSetSize of job (KB)
...
006 (15556765.040.000) 10/21 06:12:55 Image size of job updated: 1040428
	324  -  MemoryUsage of job (MB)
	331552  -  ResidentSetSize of job (KB)
...
040 (15556765.040.000) 10/21 06:12:55 Started transferring output files
...
040 (15556765.040.000) 10/21 06:12:55 Finished transferring output files
...
005 (15556765.040.000) 10/21 06:12:55 Job terminated.
	(1) Normal termination (return value 0)
		Usr 0 00:01:36, Sys 0 00:00:06  -  Run Remote Usage
		Usr 0 00:00:00, Sys 0 00:00:00  -  Run Local Usage
		Usr 0 00:01:36, Sys 0 00:00:06  -  Total Remote Usage
		Usr 0 00:00:00, Sys 0 00:00:00  -  Total Local Usage
	2534  -  Run Bytes Sent By Job
	229  -  Run Bytes Received By Job
	2534  -  Total Bytes Sent By Job
	229  -  Total Bytes Received By Job
	Partitionable Resources :    Usage  Request Allocated 
	   Cpus                 :        0        1         1 
	   Disk (KB)            :       46        1   2557318 
	   Memory (MB)          :      324     2000      2000 

	Job terminated of its own accord at 2024-10-21T04:12:55Z with exit-code 0.
...
000 (15556766.040.000) 10/21 07:29:08 Job submitted from host: <188.184.90.241:9618?addrs=188.184.90.241-9618+[2001-1458-201-e4--100-2eb]-9618&alias=bigbird15.cern.ch&noUDP&sock=schedd_25064_65d2>
...
040 (15556766.040.000) 10/21 07:30:09 Started transferring input files
	Transferring to host: <188.185.194.108:9618?addrs=188.185.194.108-9618+[2001-1458-303-21--100-68]-9618&alias=b9p20p1332.cern.ch&noUDP&sock=slot1_22_6477_61e0_60073>
...
040 (15556766.040.000) 10/21 07:30:09 Finished transferring input files
...
001 (15556766.040.000) 10/21 07:30:10 Job executing on host: <188.185.194.108:9618?addrs=188.185.194.108-9618+[2001-1458-303-21--100-68]-9618&alias=b9p20p1332.cern.ch&noUDP&sock=startd_5726_2361>
	SlotName: slot1_22@b9p20p1332.cern.ch
	CondorScratchDir = "/pool/condor/dir_283720"
	Cpus = 1
	Disk = 2982272
	Memory = 2000
...
006 (15556766.040.000) 10/21 07:30:18 Image size of job updated: 150412
	147  -  MemoryUsage of job (MB)
	150080  -  ResidentSetSize of job (KB)
...
006 (15556766.040.000) 10/21 07:35:18 Image size of job updated: 1002460
	978  -  MemoryUsage of job (MB)
	1000852  -  ResidentSetSize of job (KB)
...
006 (15556766.040.000) 10/21 07:40:19 Image size of job updated: 1003976
	978  -  MemoryUsage of job (MB)
	1001124  -  ResidentSetSize of job (KB)
...
040 (15556766.040.000) 10/21 07:50:19 Started transferring output files
...
040 (15556766.040.000) 10/21 07:50:19 Finished transferring output files
...
009 (15556766.040.000) 10/21 07:50:19 Job was aborted.
	Job removed by SYSTEM_PERIODIC_REMOVE due to wall time exceeded allowed max.
...
