000 (15556765.509.000) 10/21 05:59:06 Job submitted from host: <188.184.90.241:9618?addrs=188.184.90.241-9618+[2001-1458-201-e4--100-2eb]-9618&alias=bigbird15.cern.ch&noUDP&sock=schedd_25064_65d2>
...
040 (15556765.509.000) 10/21 06:05:41 Started transferring input files
	Transferring to host: <188.185.198.43:9618?addrs=188.185.198.43-9618+[2001-1458-303-25--100-27]-9618&alias=b9p15p6350.cern.ch&noUDP&sock=slot1_21_8966_1ba6_74632>
...
040 (15556765.509.000) 10/21 06:05:41 Finished transferring input files
...
001 (15556765.509.000) 10/21 06:05:42 Job executing on host: <188.185.198.43:9618?addrs=188.185.198.43-9618+[2001-1458-303-25--100-27]-9618&alias=b9p15p6350.cern.ch&noUDP&sock=startd_8915_86e6>
	SlotName: slot1_21@b9p15p6350.cern.ch
	CondorScratchDir = "/pool/condor/dir_1678289"
	Cpus = 1
	Disk = 2889186
	Memory = 2000
...
006 (15556765.509.000) 10/21 06:05:51 Image size of job updated: 161344
	158  -  MemoryUsage of job (MB)
	161172  -  ResidentSetSize of job (KB)
...
006 (15556765.509.000) 10/21 06:10:52 Image size of job updated: 776884
	755  -  MemoryUsage of job (MB)
	773052  -  ResidentSetSize of job (KB)
...
006 (15556765.509.000) 10/21 06:15:52 Image size of job updated: 776884
	756  -  MemoryUsage of job (MB)
	773268  -  ResidentSetSize of job (KB)
...
040 (15556765.509.000) 10/21 06:16:19 Started transferring output files
...
040 (15556765.509.000) 10/21 06:16:19 Finished transferring output files
...
005 (15556765.509.000) 10/21 06:16:19 Job terminated.
	(1) Normal termination (return value 0)
		Usr 0 00:07:04, Sys 0 00:00:05  -  Run Remote Usage
		Usr 0 00:00:00, Sys 0 00:00:00  -  Run Local Usage
		Usr 0 00:07:04, Sys 0 00:00:05  -  Total Remote Usage
		Usr 0 00:00:00, Sys 0 00:00:00  -  Total Local Usage
	13113  -  Run Bytes Sent By Job
	229  -  Run Bytes Received By Job
	13113  -  Total Bytes Sent By Job
	229  -  Total Bytes Received By Job
	Partitionable Resources :    Usage  Request Allocated 
	   Cpus                 :     0.83        1         1 
	   Disk (KB)            :    54           1   2889186 
	   Memory (MB)          :   756        2000      2000 

	Job terminated of its own accord at 2024-10-21T04:16:19Z with exit-code 0.
...
