000 (15556765.102.000) 10/21 05:59:05 Job submitted from host: <188.184.90.241:9618?addrs=188.184.90.241-9618+[2001-1458-201-e4--100-2eb]-9618&alias=bigbird15.cern.ch&noUDP&sock=schedd_25064_65d2>
...
040 (15556765.102.000) 10/21 06:00:21 Started transferring input files
	Transferring to host: <128.142.130.130:9618?addrs=128.142.130.130-9618+[2001-1458-301-58--100-76]-9618&alias=b9g20p5907.cern.ch&noUDP&sock=slot1_8_360946_dc0f_55330>
...
040 (15556765.102.000) 10/21 06:00:21 Finished transferring input files
...
001 (15556765.102.000) 10/21 06:00:22 Job executing on host: <128.142.130.130:9618?addrs=128.142.130.130-9618+[2001-1458-301-58--100-76]-9618&alias=b9g20p5907.cern.ch&noUDP&sock=startd_138089_258f>
	SlotName: slot1_8@b9g20p5907.cern.ch
	CondorScratchDir = "/pool/condor/dir_3769220"
	Cpus = 1
	Disk = 1746763
	Memory = 2000
...
006 (15556765.102.000) 10/21 06:00:32 Image size of job updated: 152812
	150  -  MemoryUsage of job (MB)
	152812  -  ResidentSetSize of job (KB)
...
006 (15556765.102.000) 10/21 06:05:32 Image size of job updated: 1000188
	977  -  MemoryUsage of job (MB)
	1000188  -  ResidentSetSize of job (KB)
...
006 (15556765.102.000) 10/21 06:10:32 Image size of job updated: 1000384
	977  -  MemoryUsage of job (MB)
	1000384  -  ResidentSetSize of job (KB)
...
040 (15556765.102.000) 10/21 06:15:20 Started transferring output files
...
040 (15556765.102.000) 10/21 06:15:20 Finished transferring output files
...
005 (15556765.102.000) 10/21 06:15:20 Job terminated.
	(1) Normal termination (return value 0)
		Usr 0 00:12:56, Sys 0 00:00:12  -  Run Remote Usage
		Usr 0 00:00:00, Sys 0 00:00:00  -  Run Local Usage
		Usr 0 00:12:56, Sys 0 00:00:12  -  Total Remote Usage
		Usr 0 00:00:00, Sys 0 00:00:00  -  Total Local Usage
	10517  -  Run Bytes Sent By Job
	229  -  Run Bytes Received By Job
	10517  -  Total Bytes Sent By Job
	229  -  Total Bytes Received By Job
	Partitionable Resources :    Usage  Request Allocated 
	   Cpus                 :     0.84        1         1 
	   Disk (KB)            :    51           1   1746763 
	   Memory (MB)          :   977        2000      2000 

	Job terminated of its own accord at 2024-10-21T04:15:20Z with exit-code 0.
...
000 (15556766.102.000) 10/21 07:29:12 Job submitted from host: <188.184.90.241:9618?addrs=188.184.90.241-9618+[2001-1458-201-e4--100-2eb]-9618&alias=bigbird15.cern.ch&noUDP&sock=schedd_25064_65d2>
...
040 (15556766.102.000) 10/21 07:30:30 Started transferring input files
	Transferring to host: <128.142.132.103:9618?addrs=128.142.132.103-9618+[2001-1458-301-5a--100-5b]-9618&alias=b9g12p0948.cern.ch&noUDP&sock=slot1_18_2790_8eab_3709>
...
040 (15556766.102.000) 10/21 07:30:30 Finished transferring input files
...
001 (15556766.102.000) 10/21 07:30:31 Job executing on host: <128.142.132.103:9618?addrs=128.142.132.103-9618+[2001-1458-301-5a--100-5b]-9618&alias=b9g12p0948.cern.ch&noUDP&sock=startd_2416_c0e6>
	SlotName: slot1_18@b9g12p0948.cern.ch
	CondorScratchDir = "/pool/condor/dir_847994"
	Cpus = 1
	Disk = 2679
	GPUs = 0
	Memory = 2000
...
006 (15556766.102.000) 10/21 07:30:39 Image size of job updated: 605284
	592  -  MemoryUsage of job (MB)
	605284  -  ResidentSetSize of job (KB)
...
006 (15556766.102.000) 10/21 07:35:39 Image size of job updated: 1958808
	1913  -  MemoryUsage of job (MB)
	1958808  -  ResidentSetSize of job (KB)
...
006 (15556766.102.000) 10/21 07:40:40 Image size of job updated: 1958956
	1914  -  MemoryUsage of job (MB)
	1958956  -  ResidentSetSize of job (KB)
...
040 (15556766.102.000) 10/21 07:50:40 Started transferring output files
...
040 (15556766.102.000) 10/21 07:50:40 Finished transferring output files
...
009 (15556766.102.000) 10/21 07:50:40 Job was aborted.
	Job removed by SYSTEM_PERIODIC_REMOVE due to wall time exceeded allowed max.
...
