000 (15556765.202.000) 10/21 05:59:05 Job submitted from host: <188.184.90.241:9618?addrs=188.184.90.241-9618+[2001-1458-201-e4--100-2eb]-9618&alias=bigbird15.cern.ch&noUDP&sock=schedd_25064_65d2>
...
040 (15556765.202.000) 10/21 06:00:55 Started transferring input files
	Transferring to host: <188.185.205.156:9618?addrs=188.185.205.156-9618+[2001-1458-303-a--100-19]-9618&alias=b9p04p7474.cern.ch&noUDP&sock=slot1_27_3714_9950_68576>
...
040 (15556765.202.000) 10/21 06:00:55 Finished transferring input files
...
001 (15556765.202.000) 10/21 06:00:56 Job executing on host: <188.185.205.156:9618?addrs=188.185.205.156-9618+[2001-1458-303-a--100-19]-9618&alias=b9p04p7474.cern.ch&noUDP&sock=startd_3355_d454>
	SlotName: slot1_27@b9p04p7474.cern.ch
	CondorScratchDir = "/pool/condor/dir_2300780"
	Cpus = 1
	Disk = 2562302
	Memory = 2000
...
006 (15556765.202.000) 10/21 06:01:05 Image size of job updated: 160996
	158  -  MemoryUsage of job (MB)
	160996  -  ResidentSetSize of job (KB)
...
006 (15556765.202.000) 10/21 06:06:06 Image size of job updated: 1010368
	987  -  MemoryUsage of job (MB)
	1009684  -  ResidentSetSize of job (KB)
...
006 (15556765.202.000) 10/21 06:11:06 Image size of job updated: 1012632
	987  -  MemoryUsage of job (MB)
	1010080  -  ResidentSetSize of job (KB)
...
006 (15556765.202.000) 10/21 06:16:07 Image size of job updated: 1013004
	987  -  MemoryUsage of job (MB)
	1010188  -  ResidentSetSize of job (KB)
...
006 (15556765.202.000) 10/21 06:21:08 Image size of job updated: 1014884
	988  -  MemoryUsage of job (MB)
	1011608  -  ResidentSetSize of job (KB)
...
040 (15556765.202.000) 10/21 06:21:08 Started transferring output files
...
040 (15556765.202.000) 10/21 06:21:08 Finished transferring output files
...
009 (15556765.202.000) 10/21 06:21:08 Job was aborted.
	Job removed by SYSTEM_PERIODIC_REMOVE due to wall time exceeded allowed max.
...
