000 (15556765.199.000) 10/21 05:59:05 Job submitted from host: <188.184.90.241:9618?addrs=188.184.90.241-9618+[2001-1458-201-e4--100-2eb]-9618&alias=bigbird15.cern.ch&noUDP&sock=schedd_25064_65d2>
...
040 (15556765.199.000) 10/21 06:00:53 Started transferring input files
	Transferring to host: <188.185.208.225:9618?addrs=188.185.208.225-9618+[2001-1458-303-10--100-5e]-9618&alias=b9p10p2513.cern.ch&noUDP&sock=slot1_31_10077_e873_73962>
...
040 (15556765.199.000) 10/21 06:00:53 Finished transferring input files
...
001 (15556765.199.000) 10/21 06:00:55 Job executing on host: <188.185.208.225:9618?addrs=188.185.208.225-9618+[2001-1458-303-10--100-5e]-9618&alias=b9p10p2513.cern.ch&noUDP&sock=startd_9087_8130>
	SlotName: slot1_31@b9p10p2513.cern.ch
	CondorScratchDir = "/pool/condor/dir_1825964"
	Cpus = 1
	Disk = 2578497
	Memory = 2000
...
006 (15556765.199.000) 10/21 06:01:04 Image size of job updated: 164012
	160  -  MemoryUsage of job (MB)
	163272  -  ResidentSetSize of job (KB)
...
006 (15556765.199.000) 10/21 06:06:05 Image size of job updated: 1019588
	992  -  MemoryUsage of job (MB)
	1015536  -  ResidentSetSize of job (KB)
...
006 (15556765.199.000) 10/21 06:11:05 Image size of job updated: 1019588
	993  -  MemoryUsage of job (MB)
	1015868  -  ResidentSetSize of job (KB)
...
006 (15556765.199.000) 10/21 06:16:05 Image size of job updated: 1019884
	993  -  MemoryUsage of job (MB)
	1016828  -  ResidentSetSize of job (KB)
...
006 (15556765.199.000) 10/21 06:19:13 Image size of job updated: 1019984
	993  -  MemoryUsage of job (MB)
	1016828  -  ResidentSetSize of job (KB)
...
040 (15556765.199.000) 10/21 06:19:13 Started transferring output files
...
040 (15556765.199.000) 10/21 06:19:13 Finished transferring output files
...
005 (15556765.199.000) 10/21 06:19:13 Job terminated.
	(1) Normal termination (return value 0)
		Usr 0 00:13:50, Sys 0 00:00:10  -  Run Remote Usage
		Usr 0 00:00:00, Sys 0 00:00:00  -  Run Local Usage
		Usr 0 00:13:50, Sys 0 00:00:10  -  Total Remote Usage
		Usr 0 00:00:00, Sys 0 00:00:00  -  Total Local Usage
	22902  -  Run Bytes Sent By Job
	229  -  Run Bytes Received By Job
	22902  -  Total Bytes Sent By Job
	229  -  Total Bytes Received By Job
	Partitionable Resources :    Usage  Request Allocated 
	   Cpus                 :     0.95        1         1 
	   Disk (KB)            :    64           1   2578497 
	   Memory (MB)          :   993        2000      2000 

	Job terminated of its own accord at 2024-10-21T04:19:13Z with exit-code 0.
...
