000 (15556765.437.000) 10/21 05:59:06 Job submitted from host: <188.184.90.241:9618?addrs=188.184.90.241-9618+[2001-1458-201-e4--100-2eb]-9618&alias=bigbird15.cern.ch&noUDP&sock=schedd_25064_65d2>
...
040 (15556765.437.000) 10/21 06:04:40 Started transferring input files
	Transferring to host: <128.142.161.105:9618?addrs=128.142.161.105-9618+[2001-1458-301-b8--100-3c]-9618&alias=b9g03p8655.cern.ch&noUDP&sock=slot1_15_6655_cca8_7249>
...
040 (15556765.437.000) 10/21 06:04:40 Finished transferring input files
...
001 (15556765.437.000) 10/21 06:04:41 Job executing on host: <128.142.161.105:9618?addrs=128.142.161.105-9618+[2001-1458-301-b8--100-3c]-9618&alias=b9g03p8655.cern.ch&noUDP&sock=startd_5508_9bbc>
	SlotName: slot1_15@b9g03p8655.cern.ch
	CondorScratchDir = "/pool/condor/dir_785885"
	Cpus = 1
	Disk = 3945
	GPUs = 0
	Memory = 2000
...
006 (15556765.437.000) 10/21 06:04:50 Image size of job updated: 176600
	173  -  MemoryUsage of job (MB)
	176600  -  ResidentSetSize of job (KB)
...
006 (15556765.437.000) 10/21 06:09:51 Image size of job updated: 176600
	173  -  MemoryUsage of job (MB)
	176856  -  ResidentSetSize of job (KB)
...
040 (15556765.437.000) 10/21 06:15:07 Started transferring output files
...
040 (15556765.437.000) 10/21 06:15:07 Finished transferring output files
...
005 (15556765.437.000) 10/21 06:15:07 Job terminated.
	(1) Normal termination (return value 0)
		Usr 0 00:08:10, Sys 0 00:00:05  -  Run Remote Usage
		Usr 0 00:00:00, Sys 0 00:00:00  -  Run Local Usage
		Usr 0 00:08:10, Sys 0 00:00:05  -  Total Remote Usage
		Usr 0 00:00:00, Sys 0 00:00:00  -  Total Local Usage
	14348  -  Run Bytes Sent By Job
	229  -  Run Bytes Received By Job
	14348  -  Total Bytes Sent By Job
	229  -  Total Bytes Received By Job
	Partitionable Resources :    Usage  Request Allocated 
	   Cpus                 :     0.74        1         1 
	   Disk (KB)            :    57           1      3945 
	   GPUs                 :                           0 
	   Memory (MB)          :   173        2000      2000 

	Job terminated of its own accord at 2024-10-21T04:15:07Z with exit-code 0.
...
