000 (15556765.637.000) 10/21 05:59:06 Job submitted from host: <188.184.90.241:9618?addrs=188.184.90.241-9618+[2001-1458-201-e4--100-2eb]-9618&alias=bigbird15.cern.ch&noUDP&sock=schedd_25064_65d2>
...
040 (15556765.637.000) 10/21 06:06:27 Started transferring input files
	Transferring to host: <128.142.137.27:9618?addrs=128.142.137.27-9618+[2001-1458-301-5e--100-f]-9618&alias=b9g19p8969.cern.ch&noUDP&sock=slot1_32_2379486_e532_94795>
...
040 (15556765.637.000) 10/21 06:06:27 Finished transferring input files
...
001 (15556765.637.000) 10/21 06:06:28 Job executing on host: <128.142.137.27:9618?addrs=128.142.137.27-9618+[2001-1458-301-5e--100-f]-9618&alias=b9g19p8969.cern.ch&noUDP&sock=startd_120959_643b>
	SlotName: slot1_32@b9g19p8969.cern.ch
	CondorScratchDir = "/pool/condor/dir_4084892"
	Cpus = 1
	Disk = 884033
	Memory = 2000
...
006 (15556765.637.000) 10/21 06:06:37 Image size of job updated: 1916
	2  -  MemoryUsage of job (MB)
	1916  -  ResidentSetSize of job (KB)
...
006 (15556765.637.000) 10/21 06:11:37 Image size of job updated: 758852
	742  -  MemoryUsage of job (MB)
	758852  -  ResidentSetSize of job (KB)
...
040 (15556765.637.000) 10/21 06:12:16 Started transferring output files
...
040 (15556765.637.000) 10/21 06:12:16 Finished transferring output files
...
005 (15556765.637.000) 10/21 06:12:16 Job terminated.
	(1) Normal termination (return value 0)
		Usr 0 00:04:48, Sys 0 00:00:06  -  Run Remote Usage
		Usr 0 00:00:00, Sys 0 00:00:00  -  Run Local Usage
		Usr 0 00:04:48, Sys 0 00:00:06  -  Total Remote Usage
		Usr 0 00:00:00, Sys 0 00:00:00  -  Total Local Usage
	8077  -  Run Bytes Sent By Job
	229  -  Run Bytes Received By Job
	8077  -  Total Bytes Sent By Job
	229  -  Total Bytes Received By Job
	Partitionable Resources :    Usage  Request Allocated 
	   Cpus                 :                 1         1 
	   Disk (KB)            :       41        1    884033 
	   Memory (MB)          :      742     2000      2000 

	Job terminated of its own accord at 2024-10-21T04:12:15Z with exit-code 0.
...
