000 (15556765.558.000) 10/21 05:59:06 Job submitted from host: <188.184.90.241:9618?addrs=188.184.90.241-9618+[2001-1458-201-e4--100-2eb]-9618&alias=bigbird15.cern.ch&noUDP&sock=schedd_25064_65d2>
...
040 (15556765.558.000) 10/21 06:05:58 Started transferring input files
	Transferring to host: <188.185.193.54:9618?addrs=188.185.193.54-9618+[2001-1458-303-20--100-32]-9618&alias=b9p19p5625.cern.ch&noUDP&sock=slot1_16_5833_a046_3596>
...
040 (15556765.558.000) 10/21 06:05:58 Finished transferring input files
...
001 (15556765.558.000) 10/21 06:05:59 Job executing on host: <188.185.193.54:9618?addrs=188.185.193.54-9618+[2001-1458-303-20--100-32]-9618&alias=b9p19p5625.cern.ch&noUDP&sock=startd_4403_ab95>
	SlotName: slot1_16@b9p19p5625.cern.ch
	CondorScratchDir = "/pool/condor/dir_1519230"
	Cpus = 1
	Disk = 3759
	GPUs = 0
	Memory = 2000
...
006 (15556765.558.000) 10/21 06:06:08 Image size of job updated: 150764
	148  -  MemoryUsage of job (MB)
	150764  -  ResidentSetSize of job (KB)
...
006 (15556765.558.000) 10/21 06:11:09 Image size of job updated: 767592
	750  -  MemoryUsage of job (MB)
	767592  -  ResidentSetSize of job (KB)
...
006 (15556765.558.000) 10/21 06:16:09 Image size of job updated: 781780
	764  -  MemoryUsage of job (MB)
	781780  -  ResidentSetSize of job (KB)
...
006 (15556765.558.000) 10/21 06:21:10 Image size of job updated: 781880
	764  -  MemoryUsage of job (MB)
	781880  -  ResidentSetSize of job (KB)
...
040 (15556765.558.000) 10/21 06:26:10 Started transferring output files
...
040 (15556765.558.000) 10/21 06:26:10 Finished transferring output files
...
009 (15556765.558.000) 10/21 06:26:10 Job was aborted.
	Job removed by SYSTEM_PERIODIC_REMOVE due to wall time exceeded allowed max.
...
