000 (15556765.400.000) 10/21 05:59:06 Job submitted from host: <188.184.90.241:9618?addrs=188.184.90.241-9618+[2001-1458-201-e4--100-2eb]-9618&alias=bigbird15.cern.ch&noUDP&sock=schedd_25064_65d2>
...
040 (15556765.400.000) 10/21 06:03:02 Started transferring input files
	Transferring to host: <188.185.210.62:9618?addrs=188.185.210.62-9618+[2001-1458-303-1--100-3a]-9618&alias=b9p21p9921.cern.ch&noUDP&sock=slot1_7_7481_ca89_5602>
...
040 (15556765.400.000) 10/21 06:03:02 Finished transferring input files
...
001 (15556765.400.000) 10/21 06:03:03 Job executing on host: <188.185.210.62:9618?addrs=188.185.210.62-9618+[2001-1458-303-1--100-3a]-9618&alias=b9p21p9921.cern.ch&noUDP&sock=startd_6217_ec61>
	SlotName: slot1_7@b9p21p9921.cern.ch
	CondorScratchDir = "/pool/condor/dir_968025"
	Cpus = 1
	Disk = 3820
	GPUs = 0
	Memory = 2000
...
006 (15556765.400.000) 10/21 06:03:12 Image size of job updated: 143936
	141  -  MemoryUsage of job (MB)
	143936  -  ResidentSetSize of job (KB)
...
006 (15556765.400.000) 10/21 06:08:13 Image size of job updated: 752580
	735  -  MemoryUsage of job (MB)
	752580  -  ResidentSetSize of job (KB)
...
040 (15556765.400.000) 10/21 06:13:36 Started transferring output files
...
040 (15556765.400.000) 10/21 06:13:36 Finished transferring output files
...
005 (15556765.400.000) 10/21 06:13:36 Job terminated.
	(1) Normal termination (return value 0)
		Usr 0 00:06:37, Sys 0 00:00:09  -  Run Remote Usage
		Usr 0 00:00:00, Sys 0 00:00:00  -  Run Local Usage
		Usr 0 00:06:37, Sys 0 00:00:09  -  Total Remote Usage
		Usr 0 00:00:00, Sys 0 00:00:00  -  Total Local Usage
	14402  -  Run Bytes Sent By Job
	229  -  Run Bytes Received By Job
	14402  -  Total Bytes Sent By Job
	229  -  Total Bytes Received By Job
	Partitionable Resources :    Usage  Request Allocated 
	   Cpus                 :     0.87        1         1 
	   Disk (KB)            :    57           1      3820 
	   GPUs                 :                           0 
	   Memory (MB)          :   735        2000      2000 

	Job terminated of its own accord at 2024-10-21T04:13:36Z with exit-code 0.
...
