000 (15556765.028.000) 10/21 05:59:05 Job submitted from host: <188.184.90.241:9618?addrs=188.184.90.241-9618+[2001-1458-201-e4--100-2eb]-9618&alias=bigbird15.cern.ch&noUDP&sock=schedd_25064_65d2>
...
040 (15556765.028.000) 10/21 05:59:57 Started transferring input files
	Transferring to host: <188.185.194.115:9618?addrs=188.185.194.115-9618+[2001-1458-303-21--100-6f]-9618&alias=b9p20p4883.cern.ch&noUDP&sock=slot1_10_9547_799d_2721>
...
040 (15556765.028.000) 10/21 05:59:57 Finished transferring input files
...
001 (15556765.028.000) 10/21 05:59:58 Job executing on host: <188.185.194.115:9618?addrs=188.185.194.115-9618+[2001-1458-303-21--100-6f]-9618&alias=b9p20p4883.cern.ch&noUDP&sock=startd_8951_384f>
	SlotName: slot1_10@b9p20p4883.cern.ch
	CondorScratchDir = "/pool/condor/dir_3570773"
	Cpus = 1
	Disk = 3835
	GPUs = 0
	Memory = 2000
...
006 (15556765.028.000) 10/21 06:00:07 Image size of job updated: 421776
	412  -  MemoryUsage of job (MB)
	421776  -  ResidentSetSize of job (KB)
...
006 (15556765.028.000) 10/21 06:05:07 Image size of job updated: 1685808
	1647  -  MemoryUsage of job (MB)
	1685808  -  ResidentSetSize of job (KB)
...
006 (15556765.028.000) 10/21 06:10:07 Image size of job updated: 1685824
	1647  -  MemoryUsage of job (MB)
	1685824  -  ResidentSetSize of job (KB)
...
006 (15556765.028.000) 10/21 06:15:08 Image size of job updated: 2522232
	2464  -  MemoryUsage of job (MB)
	2522232  -  ResidentSetSize of job (KB)
...
040 (15556765.028.000) 10/21 06:17:09 Started transferring output files
...
040 (15556765.028.000) 10/21 06:17:09 Finished transferring output files
...
005 (15556765.028.000) 10/21 06:17:09 Job terminated.
	(1) Normal termination (return value 0)
		Usr 0 00:04:00, Sys 0 00:00:06  -  Run Remote Usage
		Usr 0 00:00:00, Sys 0 00:00:00  -  Run Local Usage
		Usr 0 00:04:00, Sys 0 00:00:06  -  Total Remote Usage
		Usr 0 00:00:00, Sys 0 00:00:00  -  Total Local Usage
	3244  -  Run Bytes Sent By Job
	229  -  Run Bytes Received By Job
	3244  -  Total Bytes Sent By Job
	229  -  Total Bytes Received By Job
	Partitionable Resources :    Usage  Request Allocated 
	   Cpus                 :        0        1         1 
	   Disk (KB)            :      631        1      3835 
	   GPUs                 :                           0 
	   Memory (MB)          :     2464     2000      2000 

	Job terminated of its own accord at 2024-10-21T04:17:09Z with exit-code 0.
...
000 (15556766.028.000) 10/21 07:29:07 Job submitted from host: <188.184.90.241:9618?addrs=188.184.90.241-9618+[2001-1458-201-e4--100-2eb]-9618&alias=bigbird15.cern.ch&noUDP&sock=schedd_25064_65d2>
...
040 (15556766.028.000) 10/21 07:30:05 Started transferring input files
	Transferring to host: <188.185.194.35:9618?addrs=188.185.194.35-9618+[2001-1458-303-21--100-1f]-9618&alias=b9p20p1491.cern.ch&noUDP&sock=slot1_14_2619784_931e_84421>
...
040 (15556766.028.000) 10/21 07:30:05 Finished transferring input files
...
001 (15556766.028.000) 10/21 07:30:06 Job executing on host: <188.185.194.35:9618?addrs=188.185.194.35-9618+[2001-1458-303-21--100-1f]-9618&alias=b9p20p1491.cern.ch&noUDP&sock=startd_128133_28a9>
	SlotName: slot1_14@b9p20p1491.cern.ch
	CondorScratchDir = "/pool/condor/dir_2557517"
	Cpus = 1
	Disk = 2998101
	Memory = 2000
...
006 (15556766.028.000) 10/21 07:30:15 Image size of job updated: 456588
	446  -  MemoryUsage of job (MB)
	456584  -  ResidentSetSize of job (KB)
...
006 (15556766.028.000) 10/21 07:35:16 Image size of job updated: 1676784
	1636  -  MemoryUsage of job (MB)
	1675184  -  ResidentSetSize of job (KB)
...
006 (15556766.028.000) 10/21 07:40:16 Image size of job updated: 1689740
	1648  -  MemoryUsage of job (MB)
	1686596  -  ResidentSetSize of job (KB)
...
040 (15556766.028.000) 10/21 07:50:17 Started transferring output files
...
040 (15556766.028.000) 10/21 07:50:17 Finished transferring output files
...
009 (15556766.028.000) 10/21 07:50:17 Job was aborted.
	Job removed by SYSTEM_PERIODIC_REMOVE due to wall time exceeded allowed max.
...
