000 (15556765.083.000) 10/21 05:59:05 Job submitted from host: <188.184.90.241:9618?addrs=188.184.90.241-9618+[2001-1458-201-e4--100-2eb]-9618&alias=bigbird15.cern.ch&noUDP&sock=schedd_25064_65d2>
...
040 (15556765.083.000) 10/21 06:00:14 Started transferring input files
	Transferring to host: <128.142.192.186:9618?addrs=128.142.192.186-9618+[2001-1458-301-56--100-36]-9618&alias=b9g18p6668.cern.ch&noUDP&sock=slot1_2_4384_acab_201790>
...
040 (15556765.083.000) 10/21 06:00:14 Finished transferring input files
...
001 (15556765.083.000) 10/21 06:00:15 Job executing on host: <128.142.192.186:9618?addrs=128.142.192.186-9618+[2001-1458-301-56--100-36]-9618&alias=b9g18p6668.cern.ch&noUDP&sock=startd_4054_4908>
	SlotName: slot1_2@b9g18p6668.cern.ch
	CondorScratchDir = "/pool/condor/dir_3826570"
	Cpus = 1
	Disk = 3028454
	Memory = 2000
...
006 (15556765.083.000) 10/21 06:00:24 Image size of job updated: 151500
	148  -  MemoryUsage of job (MB)
	151040  -  ResidentSetSize of job (KB)
...
006 (15556765.083.000) 10/21 06:05:25 Image size of job updated: 1011768
	986  -  MemoryUsage of job (MB)
	1009300  -  ResidentSetSize of job (KB)
...
006 (15556765.083.000) 10/21 06:10:26 Image size of job updated: 1014132
	986  -  MemoryUsage of job (MB)
	1009308  -  ResidentSetSize of job (KB)
...
006 (15556765.083.000) 10/21 06:15:26 Image size of job updated: 1014132
	986  -  MemoryUsage of job (MB)
	1009396  -  ResidentSetSize of job (KB)
...
006 (15556765.083.000) 10/21 06:19:36 Image size of job updated: 1014348
	986  -  MemoryUsage of job (MB)
	1009396  -  ResidentSetSize of job (KB)
...
040 (15556765.083.000) 10/21 06:19:36 Started transferring output files
...
040 (15556765.083.000) 10/21 06:19:36 Finished transferring output files
...
005 (15556765.083.000) 10/21 06:19:36 Job terminated.
	(1) Normal termination (return value 0)
		Usr 0 00:17:29, Sys 0 00:00:14  -  Run Remote Usage
		Usr 0 00:00:00, Sys 0 00:00:00  -  Run Local Usage
		Usr 0 00:17:29, Sys 0 00:00:14  -  Total Remote Usage
		Usr 0 00:00:00, Sys 0 00:00:00  -  Total Local Usage
	14673  -  Run Bytes Sent By Job
	229  -  Run Bytes Received By Job
	14673  -  Total Bytes Sent By Job
	229  -  Total Bytes Received By Job
	Partitionable Resources :    Usage  Request Allocated 
	   Cpus                 :     0.90        1         1 
	   Disk (KB)            :    56           1   3028454 
	   Memory (MB)          :   986        2000      2000 

	Job terminated of its own accord at 2024-10-21T04:19:36Z with exit-code 0.
...
000 (15556766.083.000) 10/21 07:29:11 Job submitted from host: <188.184.90.241:9618?addrs=188.184.90.241-9618+[2001-1458-201-e4--100-2eb]-9618&alias=bigbird15.cern.ch&noUDP&sock=schedd_25064_65d2>
...
040 (15556766.083.000) 10/21 07:30:24 Started transferring input files
	Transferring to host: <188.185.196.34:9618?addrs=188.185.196.34-9618+[2001-1458-303-23--100-1e]-9618&alias=b9p16p6905.cern.ch&noUDP&sock=slot1_5_3936051_c053_65024>
...
040 (15556766.083.000) 10/21 07:30:24 Finished transferring input files
...
001 (15556766.083.000) 10/21 07:30:25 Job executing on host: <188.185.196.34:9618?addrs=188.185.196.34-9618+[2001-1458-303-23--100-1e]-9618&alias=b9p16p6905.cern.ch&noUDP&sock=startd_178125_833e>
	SlotName: slot1_5@b9p16p6905.cern.ch
	CondorScratchDir = "/pool/condor/dir_3028971"
	Cpus = 1
	Disk = 2696390
	Memory = 2000
...
006 (15556766.083.000) 10/21 07:30:33 Image size of job updated: 2728
	3  -  MemoryUsage of job (MB)
	2432  -  ResidentSetSize of job (KB)
...
006 (15556766.083.000) 10/21 07:35:33 Image size of job updated: 2463108
	2404  -  MemoryUsage of job (MB)
	2461512  -  ResidentSetSize of job (KB)
...
006 (15556766.083.000) 10/21 07:40:34 Image size of job updated: 2464244
	2405  -  MemoryUsage of job (MB)
	2461948  -  ResidentSetSize of job (KB)
...
040 (15556766.083.000) 10/21 07:50:35 Started transferring output files
...
040 (15556766.083.000) 10/21 07:50:35 Finished transferring output files
...
009 (15556766.083.000) 10/21 07:50:35 Job was aborted.
	Job removed by SYSTEM_PERIODIC_REMOVE due to wall time exceeded allowed max.
...
