000 (15556765.016.000) 10/21 05:59:05 Job submitted from host: <188.184.90.241:9618?addrs=188.184.90.241-9618+[2001-1458-201-e4--100-2eb]-9618&alias=bigbird15.cern.ch&noUDP&sock=schedd_25064_65d2>
...
040 (15556765.016.000) 10/21 05:59:53 Started transferring input files
	Transferring to host: <188.185.193.101:9618?addrs=188.185.193.101-9618+[2001-1458-303-20--100-61]-9618&alias=b9p19p5557.cern.ch&noUDP&sock=slot1_14_2319559_e70d_14349>
...
040 (15556765.016.000) 10/21 05:59:53 Finished transferring input files
...
001 (15556765.016.000) 10/21 05:59:54 Job executing on host: <188.185.193.101:9618?addrs=188.185.193.101-9618+[2001-1458-303-20--100-61]-9618&alias=b9p19p5557.cern.ch&noUDP&sock=startd_128469_a07b>
	SlotName: slot1_14@b9p19p5557.cern.ch
	CondorScratchDir = "/pool/condor/dir_1203387"
	Cpus = 1
	Disk = 2979748
	Memory = 2000
...
006 (15556765.016.000) 10/21 06:00:02 Image size of job updated: 179568
	176  -  MemoryUsage of job (MB)
	179564  -  ResidentSetSize of job (KB)
...
006 (15556765.016.000) 10/21 06:05:02 Image size of job updated: 1046316
	1021  -  MemoryUsage of job (MB)
	1044612  -  ResidentSetSize of job (KB)
...
040 (15556765.016.000) 10/21 06:05:38 Started transferring output files
...
040 (15556765.016.000) 10/21 06:05:38 Finished transferring output files
...
005 (15556765.016.000) 10/21 06:05:39 Job terminated.
	(1) Normal termination (return value 0)
		Usr 0 00:03:11, Sys 0 00:00:05  -  Run Remote Usage
		Usr 0 00:00:00, Sys 0 00:00:00  -  Run Local Usage
		Usr 0 00:03:11, Sys 0 00:00:05  -  Total Remote Usage
		Usr 0 00:00:00, Sys 0 00:00:00  -  Total Local Usage
	2680  -  Run Bytes Sent By Job
	229  -  Run Bytes Received By Job
	2680  -  Total Bytes Sent By Job
	229  -  Total Bytes Received By Job
	Partitionable Resources :    Usage  Request Allocated 
	   Cpus                 :        0        1         1 
	   Disk (KB)            :      603        1   2979748 
	   Memory (MB)          :     1021     2000      2000 

	Job terminated of its own accord at 2024-10-21T04:05:38Z with exit-code 0.
...
000 (15556766.016.000) 10/21 07:29:07 Job submitted from host: <188.184.90.241:9618?addrs=188.184.90.241-9618+[2001-1458-201-e4--100-2eb]-9618&alias=bigbird15.cern.ch&noUDP&sock=schedd_25064_65d2>
...
040 (15556766.016.000) 10/21 07:30:01 Started transferring input files
	Transferring to host: <128.142.161.100:9618?addrs=128.142.161.100-9618+[2001-1458-301-b8--100-22]-9618&alias=b9g03p3225.cern.ch&noUDP&sock=slot1_6_6213_5ed6_3936>
...
040 (15556766.016.000) 10/21 07:30:01 Finished transferring input files
...
001 (15556766.016.000) 10/21 07:30:02 Job executing on host: <128.142.161.100:9618?addrs=128.142.161.100-9618+[2001-1458-301-b8--100-22]-9618&alias=b9g03p3225.cern.ch&noUDP&sock=startd_5374_b20b>
	SlotName: slot1_6@b9g03p3225.cern.ch
	CondorScratchDir = "/pool/condor/dir_668901"
	Cpus = 1
	Disk = 3978
	GPUs = 0
	Memory = 2000
...
006 (15556766.016.000) 10/21 07:30:10 Image size of job updated: 353440
	346  -  MemoryUsage of job (MB)
	353440  -  ResidentSetSize of job (KB)
...
006 (15556766.016.000) 10/21 07:35:10 Image size of job updated: 2155816
	2106  -  MemoryUsage of job (MB)
	2155816  -  ResidentSetSize of job (KB)
...
006 (15556766.016.000) 10/21 07:40:11 Image size of job updated: 2170512
	2120  -  MemoryUsage of job (MB)
	2170512  -  ResidentSetSize of job (KB)
...
040 (15556766.016.000) 10/21 07:49:18 Started transferring output files
...
040 (15556766.016.000) 10/21 07:49:18 Finished transferring output files
...
005 (15556766.016.000) 10/21 07:49:18 Job terminated.
	(1) Normal termination (return value 0)
		Usr 0 00:16:54, Sys 0 00:00:06  -  Run Remote Usage
		Usr 0 00:00:00, Sys 0 00:00:00  -  Run Local Usage
		Usr 0 00:16:54, Sys 0 00:00:06  -  Total Remote Usage
		Usr 0 00:00:00, Sys 0 00:00:00  -  Total Local Usage
	36406  -  Run Bytes Sent By Job
	229  -  Run Bytes Received By Job
	36406  -  Total Bytes Sent By Job
	229  -  Total Bytes Received By Job
	Partitionable Resources :    Usage  Request Allocated 
	   Cpus                 :     0.90        1         1 
	   Disk (KB)            :    77           1      3978 
	   GPUs                 :                           0 
	   Memory (MB)          :  2120        2000      2000 

	Job terminated of its own accord at 2024-10-21T05:49:18Z with exit-code 0.
...
