000 (15556765.627.000) 10/21 05:59:06 Job submitted from host: <188.184.90.241:9618?addrs=188.184.90.241-9618+[2001-1458-201-e4--100-2eb]-9618&alias=bigbird15.cern.ch&noUDP&sock=schedd_25064_65d2>
...
040 (15556765.627.000) 10/21 06:06:23 Started transferring input files
	Transferring to host: <128.142.130.172:9618?addrs=128.142.130.172-9618+[2001-1458-301-58--100-a0]-9618&alias=b9g20p2369.cern.ch&noUDP&sock=slot1_28_3818424_e384_294050>
...
040 (15556765.627.000) 10/21 06:06:24 Finished transferring input files
...
001 (15556765.627.000) 10/21 06:06:25 Job executing on host: <128.142.130.172:9618?addrs=128.142.130.172-9618+[2001-1458-301-58--100-a0]-9618&alias=b9g20p2369.cern.ch&noUDP&sock=startd_136172_3e82>
	SlotName: slot1_28@b9g20p2369.cern.ch
	CondorScratchDir = "/pool/condor/dir_789458"
	Cpus = 1
	Disk = 1710212
	Memory = 2000
...
006 (15556765.627.000) 10/21 06:06:33 Image size of job updated: 193264
	189  -  MemoryUsage of job (MB)
	193264  -  ResidentSetSize of job (KB)
...
040 (15556765.627.000) 10/21 06:07:53 Started transferring output files
...
040 (15556765.627.000) 10/21 06:07:53 Finished transferring output files
...
005 (15556765.627.000) 10/21 06:07:53 Job terminated.
	(1) Normal termination (return value 0)
		Usr 0 00:01:08, Sys 0 00:00:05  -  Run Remote Usage
		Usr 0 00:00:00, Sys 0 00:00:00  -  Run Local Usage
		Usr 0 00:01:08, Sys 0 00:00:05  -  Total Remote Usage
		Usr 0 00:00:00, Sys 0 00:00:00  -  Total Local Usage
	2362  -  Run Bytes Sent By Job
	229  -  Run Bytes Received By Job
	2362  -  Total Bytes Sent By Job
	229  -  Total Bytes Received By Job
	Partitionable Resources :    Usage  Request Allocated 
	   Cpus                 :                 1         1 
	   Disk (KB)            :       36        1   1710212 
	   Memory (MB)          :      189     2000      2000 

	Job terminated of its own accord at 2024-10-21T04:07:53Z with exit-code 0.
...
