000 (15556765.488.000) 10/21 05:59:06 Job submitted from host: <188.184.90.241:9618?addrs=188.184.90.241-9618+[2001-1458-201-e4--100-2eb]-9618&alias=bigbird15.cern.ch&noUDP&sock=schedd_25064_65d2>
...
040 (15556765.488.000) 10/21 06:05:34 Started transferring input files
	Transferring to host: <188.185.198.162:9618?addrs=188.185.198.162-9618+[2001-1458-303-25--100-9e]-9618&alias=b9p15p0695.cern.ch&noUDP&sock=slot1_2_10553_4b06_3312>
...
040 (15556765.488.000) 10/21 06:05:34 Finished transferring input files
...
001 (15556765.488.000) 10/21 06:05:35 Job executing on host: <188.185.198.162:9618?addrs=188.185.198.162-9618+[2001-1458-303-25--100-9e]-9618&alias=b9p15p0695.cern.ch&noUDP&sock=startd_9010_b066>
	SlotName: slot1_2@b9p15p0695.cern.ch
	CondorScratchDir = "/pool/condor/dir_1844380"
	Cpus = 1
	Disk = 3841
	GPUs = 0
	Memory = 2000
...
006 (15556765.488.000) 10/21 06:05:44 Image size of job updated: 622872
	609  -  MemoryUsage of job (MB)
	622872  -  ResidentSetSize of job (KB)
...
006 (15556765.488.000) 10/21 06:09:56 Image size of job updated: 950480
	929  -  MemoryUsage of job (MB)
	950480  -  ResidentSetSize of job (KB)
...
040 (15556765.488.000) 10/21 06:09:56 Started transferring output files
...
040 (15556765.488.000) 10/21 06:09:56 Finished transferring output files
...
005 (15556765.488.000) 10/21 06:09:56 Job terminated.
	(1) Normal termination (return value 0)
		Usr 0 00:03:36, Sys 0 00:00:06  -  Run Remote Usage
		Usr 0 00:00:00, Sys 0 00:00:00  -  Run Local Usage
		Usr 0 00:03:36, Sys 0 00:00:06  -  Total Remote Usage
		Usr 0 00:00:00, Sys 0 00:00:00  -  Total Local Usage
	7314  -  Run Bytes Sent By Job
	229  -  Run Bytes Received By Job
	7314  -  Total Bytes Sent By Job
	229  -  Total Bytes Received By Job
	Partitionable Resources :    Usage  Request Allocated 
	   Cpus                 :        0        1         1 
	   Disk (KB)            :       49        1      3841 
	   GPUs                 :                           0 
	   Memory (MB)          :      929     2000      2000 

	Job terminated of its own accord at 2024-10-21T04:09:56Z with exit-code 0.
...
