000 (15556765.154.000) 10/21 05:59:05 Job submitted from host: <188.184.90.241:9618?addrs=188.184.90.241-9618+[2001-1458-201-e4--100-2eb]-9618&alias=bigbird15.cern.ch&noUDP&sock=schedd_25064_65d2>
...
040 (15556765.154.000) 10/21 06:00:39 Started transferring input files
	Transferring to host: <188.185.213.231:9618?addrs=188.185.213.231-9618+[2001-1458-303-1b--100-63]-9618&alias=b9p28p9038.cern.ch&noUDP&sock=slot1_6_4936_9bc2_6538>
...
040 (15556765.154.000) 10/21 06:00:39 Finished transferring input files
...
001 (15556765.154.000) 10/21 06:00:40 Job executing on host: <188.185.213.231:9618?addrs=188.185.213.231-9618+[2001-1458-303-1b--100-63]-9618&alias=b9p28p9038.cern.ch&noUDP&sock=startd_4033_e18a>
	SlotName: slot1_6@b9p28p9038.cern.ch
	CondorScratchDir = "/pool/condor/dir_2941431"
	Cpus = 1
	Disk = 3677
	GPUs = 0
	Memory = 2000
...
006 (15556765.154.000) 10/21 06:00:48 Image size of job updated: 144904
	142  -  MemoryUsage of job (MB)
	144904  -  ResidentSetSize of job (KB)
...
006 (15556765.154.000) 10/21 06:05:48 Image size of job updated: 1295096
	1265  -  MemoryUsage of job (MB)
	1295096  -  ResidentSetSize of job (KB)
...
006 (15556765.154.000) 10/21 06:10:49 Image size of job updated: 1295864
	1266  -  MemoryUsage of job (MB)
	1295864  -  ResidentSetSize of job (KB)
...
040 (15556765.154.000) 10/21 06:12:15 Started transferring output files
...
040 (15556765.154.000) 10/21 06:12:15 Finished transferring output files
...
005 (15556765.154.000) 10/21 06:12:15 Job terminated.
	(1) Normal termination (return value 0)
		Usr 0 00:07:14, Sys 0 00:00:10  -  Run Remote Usage
		Usr 0 00:00:00, Sys 0 00:00:00  -  Run Local Usage
		Usr 0 00:07:14, Sys 0 00:00:10  -  Total Remote Usage
		Usr 0 00:00:00, Sys 0 00:00:00  -  Total Local Usage
	9084  -  Run Bytes Sent By Job
	229  -  Run Bytes Received By Job
	9084  -  Total Bytes Sent By Job
	229  -  Total Bytes Received By Job
	Partitionable Resources :    Usage  Request Allocated 
	   Cpus                 :                 1         1 
	   Disk (KB)            :       50        1      3677 
	   GPUs                 :                           0 
	   Memory (MB)          :     1266     2000      2000 

	Job terminated of its own accord at 2024-10-21T04:12:15Z with exit-code 0.
...
