000 (15556765.525.000) 10/21 05:59:06 Job submitted from host: <188.184.90.241:9618?addrs=188.184.90.241-9618+[2001-1458-201-e4--100-2eb]-9618&alias=bigbird15.cern.ch&noUDP&sock=schedd_25064_65d2>
...
040 (15556765.525.000) 10/21 06:05:46 Started transferring input files
	Transferring to host: <188.185.193.104:9618?addrs=188.185.193.104-9618+[2001-1458-303-20--100-64]-9618&alias=b9p19p3733.cern.ch&noUDP&sock=slot1_21_3831396_d614_62394>
...
040 (15556765.525.000) 10/21 06:05:46 Finished transferring input files
...
001 (15556765.525.000) 10/21 06:05:47 Job executing on host: <188.185.193.104:9618?addrs=188.185.193.104-9618+[2001-1458-303-20--100-64]-9618&alias=b9p19p3733.cern.ch&noUDP&sock=startd_2305539_90e3>
	SlotName: slot1_21@b9p19p3733.cern.ch
	CondorScratchDir = "/pool/condor/dir_3890561"
	Cpus = 1
	Disk = 2970534
	Memory = 2000
...
006 (15556765.525.000) 10/21 06:05:56 Image size of job updated: 3416
	3  -  MemoryUsage of job (MB)
	2784  -  ResidentSetSize of job (KB)
...
006 (15556765.525.000) 10/21 06:07:56 Image size of job updated: 1719836
	961  -  MemoryUsage of job (MB)
	984048  -  ResidentSetSize of job (KB)
...
040 (15556765.525.000) 10/21 06:07:56 Started transferring output files
...
040 (15556765.525.000) 10/21 06:07:56 Finished transferring output files
...
005 (15556765.525.000) 10/21 06:07:56 Job terminated.
	(1) Normal termination (return value 0)
		Usr 0 00:01:10, Sys 0 00:00:05  -  Run Remote Usage
		Usr 0 00:00:00, Sys 0 00:00:00  -  Run Local Usage
		Usr 0 00:01:10, Sys 0 00:00:05  -  Total Remote Usage
		Usr 0 00:00:00, Sys 0 00:00:00  -  Total Local Usage
	2569  -  Run Bytes Sent By Job
	229  -  Run Bytes Received By Job
	2569  -  Total Bytes Sent By Job
	229  -  Total Bytes Received By Job
	Partitionable Resources :    Usage  Request Allocated 
	   Cpus                 :        0        1         1 
	   Disk (KB)            :       43        1   2970534 
	   Memory (MB)          :      961     2000      2000 

	Job terminated of its own accord at 2024-10-21T04:07:56Z with exit-code 0.
...
