000 (15556765.489.000) 10/21 05:59:06 Job submitted from host: <188.184.90.241:9618?addrs=188.184.90.241-9618+[2001-1458-201-e4--100-2eb]-9618&alias=bigbird15.cern.ch&noUDP&sock=schedd_25064_65d2>
...
040 (15556765.489.000) 10/21 06:05:34 Started transferring input files
	Transferring to host: <188.185.192.176:9618?addrs=188.185.192.176-9618+[2001-1458-303-1f--100-ac]-9618&alias=b9p13p0499.cern.ch&noUDP&sock=slot1_7_54898_5b71_17611>
...
040 (15556765.489.000) 10/21 06:05:34 Finished transferring input files
...
001 (15556765.489.000) 10/21 06:05:35 Job executing on host: <188.185.192.176:9618?addrs=188.185.192.176-9618+[2001-1458-303-1f--100-ac]-9618&alias=b9p13p0499.cern.ch&noUDP&sock=startd_128973_5436>
	SlotName: slot1_7@b9p13p0499.cern.ch
	CondorScratchDir = "/pool/condor/dir_350934"
	Cpus = 1
	Disk = 2985743
	Memory = 2000
...
006 (15556765.489.000) 10/21 06:05:44 Image size of job updated: 2600
	2  -  MemoryUsage of job (MB)
	1996  -  ResidentSetSize of job (KB)
...
006 (15556765.489.000) 10/21 06:10:45 Image size of job updated: 979472
	955  -  MemoryUsage of job (MB)
	977488  -  ResidentSetSize of job (KB)
...
006 (15556765.489.000) 10/21 06:11:39 Image size of job updated: 980076
	955  -  MemoryUsage of job (MB)
	977488  -  ResidentSetSize of job (KB)
...
040 (15556765.489.000) 10/21 06:11:39 Started transferring output files
...
040 (15556765.489.000) 10/21 06:11:39 Finished transferring output files
...
005 (15556765.489.000) 10/21 06:11:39 Job terminated.
	(1) Normal termination (return value 0)
		Usr 0 00:04:46, Sys 0 00:00:04  -  Run Remote Usage
		Usr 0 00:00:00, Sys 0 00:00:00  -  Run Local Usage
		Usr 0 00:04:46, Sys 0 00:00:04  -  Total Remote Usage
		Usr 0 00:00:00, Sys 0 00:00:00  -  Total Local Usage
	10166  -  Run Bytes Sent By Job
	229  -  Run Bytes Received By Job
	10166  -  Total Bytes Sent By Job
	229  -  Total Bytes Received By Job
	Partitionable Resources :    Usage  Request Allocated 
	   Cpus                 :        0        1         1 
	   Disk (KB)            :       51        1   2985743 
	   Memory (MB)          :      955     2000      2000 

	Job terminated of its own accord at 2024-10-21T04:11:39Z with exit-code 0.
...
