000 (15556765.508.000) 10/21 05:59:06 Job submitted from host: <188.184.90.241:9618?addrs=188.184.90.241-9618+[2001-1458-201-e4--100-2eb]-9618&alias=bigbird15.cern.ch&noUDP&sock=schedd_25064_65d2>
...
040 (15556765.508.000) 10/21 06:05:41 Started transferring input files
	Transferring to host: <188.185.194.92:9618?addrs=188.185.194.92-9618+[2001-1458-303-21--100-58]-9618&alias=b9p20p7526.cern.ch&noUDP&sock=slot1_23_7508_d0aa_59115>
...
040 (15556765.508.000) 10/21 06:05:41 Finished transferring input files
...
001 (15556765.508.000) 10/21 06:05:42 Job executing on host: <188.185.194.92:9618?addrs=188.185.194.92-9618+[2001-1458-303-21--100-58]-9618&alias=b9p20p7526.cern.ch&noUDP&sock=startd_6597_925e>
	SlotName: slot1_23@b9p20p7526.cern.ch
	CondorScratchDir = "/pool/condor/dir_3501158"
	Cpus = 1
	Disk = 2925402
	Memory = 2000
...
006 (15556765.508.000) 10/21 06:05:51 Image size of job updated: 192356
	187  -  MemoryUsage of job (MB)
	190976  -  ResidentSetSize of job (KB)
...
006 (15556765.508.000) 10/21 06:10:52 Image size of job updated: 856208
	835  -  MemoryUsage of job (MB)
	854072  -  ResidentSetSize of job (KB)
...
040 (15556765.508.000) 10/21 06:14:22 Started transferring output files
...
040 (15556765.508.000) 10/21 06:14:22 Finished transferring output files
...
005 (15556765.508.000) 10/21 06:14:22 Job terminated.
	(1) Normal termination (return value 0)
		Usr 0 00:07:19, Sys 0 00:00:06  -  Run Remote Usage
		Usr 0 00:00:00, Sys 0 00:00:00  -  Run Local Usage
		Usr 0 00:07:19, Sys 0 00:00:06  -  Total Remote Usage
		Usr 0 00:00:00, Sys 0 00:00:00  -  Total Local Usage
	13332  -  Run Bytes Sent By Job
	229  -  Run Bytes Received By Job
	13332  -  Total Bytes Sent By Job
	229  -  Total Bytes Received By Job
	Partitionable Resources :    Usage  Request Allocated 
	   Cpus                 :        0        1         1 
	   Disk (KB)            :       54        1   2925402 
	   Memory (MB)          :      835     2000      2000 

	Job terminated of its own accord at 2024-10-21T04:14:22Z with exit-code 0.
...
