000 (15556765.272.000) 10/21 05:59:05 Job submitted from host: <188.184.90.241:9618?addrs=188.184.90.241-9618+[2001-1458-201-e4--100-2eb]-9618&alias=bigbird15.cern.ch&noUDP&sock=schedd_25064_65d2>
...
040 (15556765.272.000) 10/21 06:01:21 Started transferring input files
	Transferring to host: <188.185.208.193:9618?addrs=188.185.208.193-9618+[2001-1458-303-10--100-3e]-9618&alias=b9p10p0422.cern.ch&noUDP&sock=slot1_33_7415_49c7_248857>
...
040 (15556765.272.000) 10/21 06:01:21 Finished transferring input files
...
001 (15556765.272.000) 10/21 06:01:22 Job executing on host: <188.185.208.193:9618?addrs=188.185.208.193-9618+[2001-1458-303-10--100-3e]-9618&alias=b9p10p0422.cern.ch&noUDP&sock=startd_5969_d0e5>
	SlotName: slot1_33@b9p10p0422.cern.ch
	CondorScratchDir = "/pool/condor/dir_2348065"
	Cpus = 1
	Disk = 2739249
	Memory = 2000
...
006 (15556765.272.000) 10/21 06:01:31 Image size of job updated: 263120
	257  -  MemoryUsage of job (MB)
	262548  -  ResidentSetSize of job (KB)
...
006 (15556765.272.000) 10/21 06:06:32 Image size of job updated: 969336
	944  -  MemoryUsage of job (MB)
	965776  -  ResidentSetSize of job (KB)
...
006 (15556765.272.000) 10/21 06:11:32 Image size of job updated: 969336
	944  -  MemoryUsage of job (MB)
	966060  -  ResidentSetSize of job (KB)
...
006 (15556765.272.000) 10/21 06:16:32 Image size of job updated: 969336
	944  -  MemoryUsage of job (MB)
	966432  -  ResidentSetSize of job (KB)
...
006 (15556765.272.000) 10/21 06:21:32 Image size of job updated: 970176
	944  -  MemoryUsage of job (MB)
	966432  -  ResidentSetSize of job (KB)
...
040 (15556765.272.000) 10/21 06:21:32 Started transferring output files
...
040 (15556765.272.000) 10/21 06:21:32 Finished transferring output files
...
009 (15556765.272.000) 10/21 06:21:32 Job was aborted.
	Job removed by SYSTEM_PERIODIC_REMOVE due to wall time exceeded allowed max.
...
