000 (15556765.586.000) 10/21 05:59:06 Job submitted from host: <188.184.90.241:9618?addrs=188.184.90.241-9618+[2001-1458-201-e4--100-2eb]-9618&alias=bigbird15.cern.ch&noUDP&sock=schedd_25064_65d2>
...
040 (15556765.586.000) 10/21 06:06:09 Started transferring input files
	Transferring to host: <188.185.193.60:9618?addrs=188.185.193.60-9618+[2001-1458-303-20--100-38]-9618&alias=b9p19p3889.cern.ch&noUDP&sock=slot1_19_1331362_b834_2230>
...
040 (15556765.586.000) 10/21 06:06:09 Finished transferring input files
...
001 (15556765.586.000) 10/21 06:06:10 Job executing on host: <188.185.193.60:9618?addrs=188.185.193.60-9618+[2001-1458-303-20--100-38]-9618&alias=b9p19p3889.cern.ch&noUDP&sock=startd_7048_eb95>
	SlotName: slot1_19@b9p19p3889.cern.ch
	CondorScratchDir = "/pool/condor/dir_3745246"
	Cpus = 1
	Disk = 3750
	GPUs = 0
	Memory = 2000
...
006 (15556765.586.000) 10/21 06:06:19 Image size of job updated: 636344
	622  -  MemoryUsage of job (MB)
	636344  -  ResidentSetSize of job (KB)
...
006 (15556765.586.000) 10/21 06:11:20 Image size of job updated: 1693768
	1655  -  MemoryUsage of job (MB)
	1693768  -  ResidentSetSize of job (KB)
...
006 (15556765.586.000) 10/21 06:16:21 Image size of job updated: 1694420
	1655  -  MemoryUsage of job (MB)
	1694420  -  ResidentSetSize of job (KB)
...
040 (15556765.586.000) 10/21 06:20:58 Started transferring output files
...
040 (15556765.586.000) 10/21 06:20:58 Finished transferring output files
...
005 (15556765.586.000) 10/21 06:20:58 Job terminated.
	(1) Normal termination (return value 0)
		Usr 0 00:11:16, Sys 0 00:00:12  -  Run Remote Usage
		Usr 0 00:00:00, Sys 0 00:00:00  -  Run Local Usage
		Usr 0 00:11:16, Sys 0 00:00:12  -  Total Remote Usage
		Usr 0 00:00:00, Sys 0 00:00:00  -  Total Local Usage
	21273  -  Run Bytes Sent By Job
	229  -  Run Bytes Received By Job
	21273  -  Total Bytes Sent By Job
	229  -  Total Bytes Received By Job
	Partitionable Resources :    Usage  Request Allocated 
	   Cpus                 :     0.96        1         1 
	   Disk (KB)            :    62           1      3750 
	   GPUs                 :                           0 
	   Memory (MB)          :  1655        2000      2000 

	Job terminated of its own accord at 2024-10-21T04:20:58Z with exit-code 0.
...
