000 (15556765.410.000) 10/21 05:59:06 Job submitted from host: <188.184.90.241:9618?addrs=188.184.90.241-9618+[2001-1458-201-e4--100-2eb]-9618&alias=bigbird15.cern.ch&noUDP&sock=schedd_25064_65d2>
...
040 (15556765.410.000) 10/21 06:03:16 Started transferring input files
	Transferring to host: <188.185.206.66:9618?addrs=188.185.206.66-9618+[2001-1458-303-b--100-3f]-9618&alias=b9p05p0448.cern.ch&noUDP&sock=slot1_21_1238676_0c3b_188959>
...
040 (15556765.410.000) 10/21 06:03:16 Finished transferring input files
...
001 (15556765.410.000) 10/21 06:03:17 Job executing on host: <188.185.206.66:9618?addrs=188.185.206.66-9618+[2001-1458-303-b--100-3f]-9618&alias=b9p05p0448.cern.ch&noUDP&sock=startd_3336_cc08>
	SlotName: slot1_21@b9p05p0448.cern.ch
	CondorScratchDir = "/pool/condor/dir_279013"
	Cpus = 1
	Disk = 2464093
	Memory = 2000
...
006 (15556765.410.000) 10/21 06:03:26 Image size of job updated: 148328
	145  -  MemoryUsage of job (MB)
	147908  -  ResidentSetSize of job (KB)
...
006 (15556765.410.000) 10/21 06:08:27 Image size of job updated: 761440
	742  -  MemoryUsage of job (MB)
	759392  -  ResidentSetSize of job (KB)
...
006 (15556765.410.000) 10/21 06:13:28 Image size of job updated: 761676
	744  -  MemoryUsage of job (MB)
	761248  -  ResidentSetSize of job (KB)
...
040 (15556765.410.000) 10/21 06:13:33 Started transferring output files
...
040 (15556765.410.000) 10/21 06:13:33 Finished transferring output files
...
005 (15556765.410.000) 10/21 06:13:33 Job terminated.
	(1) Normal termination (return value 0)
		Usr 0 00:06:35, Sys 0 00:00:07  -  Run Remote Usage
		Usr 0 00:00:00, Sys 0 00:00:00  -  Run Local Usage
		Usr 0 00:06:35, Sys 0 00:00:07  -  Total Remote Usage
		Usr 0 00:00:00, Sys 0 00:00:00  -  Total Local Usage
	15044  -  Run Bytes Sent By Job
	229  -  Run Bytes Received By Job
	15044  -  Total Bytes Sent By Job
	229  -  Total Bytes Received By Job
	Partitionable Resources :    Usage  Request Allocated 
	   Cpus                 :     0.45        1         1 
	   Disk (KB)            :   563           1   2464093 
	   Memory (MB)          :   744        2000      2000 

	Job terminated of its own accord at 2024-10-21T04:13:33Z with exit-code 0.
...
