000 (15556765.115.000) 10/21 05:59:05 Job submitted from host: <188.184.90.241:9618?addrs=188.184.90.241-9618+[2001-1458-201-e4--100-2eb]-9618&alias=bigbird15.cern.ch&noUDP&sock=schedd_25064_65d2>
...
040 (15556765.115.000) 10/21 06:00:25 Started transferring input files
	Transferring to host: <128.142.131.181:9618?addrs=128.142.131.181-9618+[2001-1458-301-59--100-a9]-9618&alias=b9g11p4323.cern.ch&noUDP&sock=slot1_16_2954_1c31_193047>
...
040 (15556765.115.000) 10/21 06:00:26 Finished transferring input files
...
001 (15556765.115.000) 10/21 06:00:26 Job executing on host: <128.142.131.181:9618?addrs=128.142.131.181-9618+[2001-1458-301-59--100-a9]-9618&alias=b9g11p4323.cern.ch&noUDP&sock=startd_2620_ae38>
	SlotName: slot1_16@b9g11p4323.cern.ch
	CondorScratchDir = "/pool/condor/dir_3875933"
	Cpus = 1
	Disk = 1777138
	Memory = 2000
...
006 (15556765.115.000) 10/21 06:00:35 Image size of job updated: 148244
	145  -  MemoryUsage of job (MB)
	148244  -  ResidentSetSize of job (KB)
...
006 (15556765.115.000) 10/21 06:05:36 Image size of job updated: 999884
	977  -  MemoryUsage of job (MB)
	999884  -  ResidentSetSize of job (KB)
...
040 (15556765.115.000) 10/21 06:06:24 Started transferring output files
...
040 (15556765.115.000) 10/21 06:06:24 Finished transferring output files
...
005 (15556765.115.000) 10/21 06:06:24 Job terminated.
	(1) Normal termination (return value 0)
		Usr 0 00:04:49, Sys 0 00:00:08  -  Run Remote Usage
		Usr 0 00:00:00, Sys 0 00:00:00  -  Run Local Usage
		Usr 0 00:04:49, Sys 0 00:00:08  -  Total Remote Usage
		Usr 0 00:00:00, Sys 0 00:00:00  -  Total Local Usage
	4681  -  Run Bytes Sent By Job
	229  -  Run Bytes Received By Job
	4681  -  Total Bytes Sent By Job
	229  -  Total Bytes Received By Job
	Partitionable Resources :    Usage  Request Allocated 
	   Cpus                 :     0.93        1         1 
	   Disk (KB)            :    46           1   1777138 
	   Memory (MB)          :   977        2000      2000 

	Job terminated of its own accord at 2024-10-21T04:06:24Z with exit-code 0.
...
000 (15556766.115.000) 10/21 07:29:12 Job submitted from host: <188.184.90.241:9618?addrs=188.184.90.241-9618+[2001-1458-201-e4--100-2eb]-9618&alias=bigbird15.cern.ch&noUDP&sock=schedd_25064_65d2>
...
040 (15556766.115.000) 10/21 07:30:34 Started transferring input files
	Transferring to host: <128.142.137.111:9618?addrs=128.142.137.111-9618+[2001-1458-301-5e--100-63]-9618&alias=b9g19p5235.cern.ch&noUDP&sock=slot1_32_2875_728e_57156>
...
040 (15556766.115.000) 10/21 07:30:34 Finished transferring input files
...
001 (15556766.115.000) 10/21 07:30:35 Job executing on host: <128.142.137.111:9618?addrs=128.142.137.111-9618+[2001-1458-301-5e--100-63]-9618&alias=b9g19p5235.cern.ch&noUDP&sock=startd_2483_b5bf>
	SlotName: slot1_32@b9g19p5235.cern.ch
	CondorScratchDir = "/pool/condor/dir_2973113"
	Cpus = 1
	Disk = 1735133
	Memory = 2000
...
006 (15556766.115.000) 10/21 07:30:45 Image size of job updated: 145116
	142  -  MemoryUsage of job (MB)
	145116  -  ResidentSetSize of job (KB)
...
006 (15556766.115.000) 10/21 07:35:45 Image size of job updated: 990788
	968  -  MemoryUsage of job (MB)
	990788  -  ResidentSetSize of job (KB)
...
040 (15556766.115.000) 10/21 07:50:47 Started transferring output files
...
040 (15556766.115.000) 10/21 07:50:47 Finished transferring output files
...
009 (15556766.115.000) 10/21 07:50:48 Job was aborted.
	Job removed by SYSTEM_PERIODIC_REMOVE due to wall time exceeded allowed max.
...
