000 (15556765.412.000) 10/21 05:59:06 Job submitted from host: <188.184.90.241:9618?addrs=188.184.90.241-9618+[2001-1458-201-e4--100-2eb]-9618&alias=bigbird15.cern.ch&noUDP&sock=schedd_25064_65d2>
...
040 (15556765.412.000) 10/21 06:03:21 Started transferring input files
	Transferring to host: <188.185.198.143:9618?addrs=188.185.198.143-9618+[2001-1458-303-25--100-8b]-9618&alias=b9p15p4099.cern.ch&noUDP&sock=slot1_26_10210_9e58_79617>
...
040 (15556765.412.000) 10/21 06:03:21 Finished transferring input files
...
001 (15556765.412.000) 10/21 06:03:22 Job executing on host: <188.185.198.143:9618?addrs=188.185.198.143-9618+[2001-1458-303-25--100-8b]-9618&alias=b9p15p4099.cern.ch&noUDP&sock=startd_10159_ceb7>
	SlotName: slot1_26@b9p15p4099.cern.ch
	CondorScratchDir = "/pool/condor/dir_1598144"
	Cpus = 1
	Disk = 2907052
	Memory = 2000
...
006 (15556765.412.000) 10/21 06:03:30 Image size of job updated: 174304
	170  -  MemoryUsage of job (MB)
	173956  -  ResidentSetSize of job (KB)
...
006 (15556765.412.000) 10/21 06:08:30 Image size of job updated: 757240
	738  -  MemoryUsage of job (MB)
	755656  -  ResidentSetSize of job (KB)
...
006 (15556765.412.000) 10/21 06:13:06 Image size of job updated: 757636
	738  -  MemoryUsage of job (MB)
	755656  -  ResidentSetSize of job (KB)
...
040 (15556765.412.000) 10/21 06:13:06 Started transferring output files
...
040 (15556765.412.000) 10/21 06:13:06 Finished transferring output files
...
005 (15556765.412.000) 10/21 06:13:06 Job terminated.
	(1) Normal termination (return value 0)
		Usr 0 00:08:25, Sys 0 00:00:08  -  Run Remote Usage
		Usr 0 00:00:00, Sys 0 00:00:00  -  Run Local Usage
		Usr 0 00:08:25, Sys 0 00:00:08  -  Total Remote Usage
		Usr 0 00:00:00, Sys 0 00:00:00  -  Total Local Usage
	14685  -  Run Bytes Sent By Job
	229  -  Run Bytes Received By Job
	14685  -  Total Bytes Sent By Job
	229  -  Total Bytes Received By Job
	Partitionable Resources :    Usage  Request Allocated 
	   Cpus                 :     0.88        1         1 
	   Disk (KB)            :    57           1   2907052 
	   Memory (MB)          :   738        2000      2000 

	Job terminated of its own accord at 2024-10-21T04:13:06Z with exit-code 0.
...
