000 (15556765.257.000) 10/21 05:59:05 Job submitted from host: <188.184.90.241:9618?addrs=188.184.90.241-9618+[2001-1458-201-e4--100-2eb]-9618&alias=bigbird15.cern.ch&noUDP&sock=schedd_25064_65d2>
...
040 (15556765.257.000) 10/21 06:01:16 Started transferring input files
	Transferring to host: <188.185.210.101:9618?addrs=188.185.210.101-9618+[2001-1458-303-1--100-61]-9618&alias=b9p21p0502.cern.ch&noUDP&sock=slot1_7_1860240_1d77_8292>
...
040 (15556765.257.000) 10/21 06:01:16 Finished transferring input files
...
001 (15556765.257.000) 10/21 06:01:17 Job executing on host: <188.185.210.101:9618?addrs=188.185.210.101-9618+[2001-1458-303-1--100-61]-9618&alias=b9p21p0502.cern.ch&noUDP&sock=startd_192079_cbc8>
	SlotName: slot1_7@b9p21p0502.cern.ch
	CondorScratchDir = "/pool/condor/dir_944910"
	Cpus = 1
	Disk = 2943912
	Memory = 2000
...
006 (15556765.257.000) 10/21 06:01:26 Image size of job updated: 146720
	144  -  MemoryUsage of job (MB)
	146720  -  ResidentSetSize of job (KB)
...
006 (15556765.257.000) 10/21 06:06:27 Image size of job updated: 961072
	938  -  MemoryUsage of job (MB)
	959664  -  ResidentSetSize of job (KB)
...
006 (15556765.257.000) 10/21 06:11:27 Image size of job updated: 961952
	938  -  MemoryUsage of job (MB)
	959692  -  ResidentSetSize of job (KB)
...
006 (15556765.257.000) 10/21 06:16:28 Image size of job updated: 963968
	938  -  MemoryUsage of job (MB)
	960012  -  ResidentSetSize of job (KB)
...
006 (15556765.257.000) 10/21 06:21:29 Image size of job updated: 963968
	938  -  MemoryUsage of job (MB)
	960048  -  ResidentSetSize of job (KB)
...
040 (15556765.257.000) 10/21 06:21:29 Started transferring output files
...
040 (15556765.257.000) 10/21 06:21:29 Finished transferring output files
...
009 (15556765.257.000) 10/21 06:21:29 Job was aborted.
	Job removed by SYSTEM_PERIODIC_REMOVE due to wall time exceeded allowed max.
...
