000 (15556765.561.000) 10/21 05:59:06 Job submitted from host: <188.184.90.241:9618?addrs=188.184.90.241-9618+[2001-1458-201-e4--100-2eb]-9618&alias=bigbird15.cern.ch&noUDP&sock=schedd_25064_65d2>
...
040 (15556765.561.000) 10/21 06:06:00 Started transferring input files
	Transferring to host: <188.185.194.86:9618?addrs=188.185.194.86-9618+[2001-1458-303-21--100-52]-9618&alias=b9p20p9758.cern.ch&noUDP&sock=slot1_2_11256_9ec3_4417>
...
040 (15556765.561.000) 10/21 06:06:00 Finished transferring input files
...
001 (15556765.561.000) 10/21 06:06:01 Job executing on host: <188.185.194.86:9618?addrs=188.185.194.86-9618+[2001-1458-303-21--100-52]-9618&alias=b9p20p9758.cern.ch&noUDP&sock=startd_11128_75fc>
	SlotName: slot1_2@b9p20p9758.cern.ch
	CondorScratchDir = "/pool/condor/dir_1989707"
	Cpus = 1
	Disk = 3791
	GPUs = 0
	Memory = 2000
...
006 (15556765.561.000) 10/21 06:06:09 Image size of job updated: 481960
	471  -  MemoryUsage of job (MB)
	481960  -  ResidentSetSize of job (KB)
...
006 (15556765.561.000) 10/21 06:11:09 Image size of job updated: 1690460
	1651  -  MemoryUsage of job (MB)
	1690460  -  ResidentSetSize of job (KB)
...
006 (15556765.561.000) 10/21 06:16:09 Image size of job updated: 1711488
	1672  -  MemoryUsage of job (MB)
	1711488  -  ResidentSetSize of job (KB)
...
006 (15556765.561.000) 10/21 06:21:10 Image size of job updated: 1725036
	1685  -  MemoryUsage of job (MB)
	1725036  -  ResidentSetSize of job (KB)
...
040 (15556765.561.000) 10/21 06:25:26 Started transferring output files
...
040 (15556765.561.000) 10/21 06:25:26 Finished transferring output files
...
005 (15556765.561.000) 10/21 06:25:26 Job terminated.
	(1) Normal termination (return value 0)
		Usr 0 00:17:15, Sys 0 00:00:13  -  Run Remote Usage
		Usr 0 00:00:00, Sys 0 00:00:00  -  Run Local Usage
		Usr 0 00:17:15, Sys 0 00:00:13  -  Total Remote Usage
		Usr 0 00:00:00, Sys 0 00:00:00  -  Total Local Usage
	33159  -  Run Bytes Sent By Job
	229  -  Run Bytes Received By Job
	33159  -  Total Bytes Sent By Job
	229  -  Total Bytes Received By Job
	Partitionable Resources :    Usage  Request Allocated 
	   Cpus                 :     0.92        1         1 
	   Disk (KB)            :    74           1      3791 
	   GPUs                 :                           0 
	   Memory (MB)          :  1685        2000      2000 

	Job terminated of its own accord at 2024-10-21T04:25:26Z with exit-code 0.
...
