000 (15556765.296.000) 10/21 05:59:05 Job submitted from host: <188.184.90.241:9618?addrs=188.184.90.241-9618+[2001-1458-201-e4--100-2eb]-9618&alias=bigbird15.cern.ch&noUDP&sock=schedd_25064_65d2>
...
040 (15556765.296.000) 10/21 06:01:30 Started transferring input files
	Transferring to host: <188.185.213.145:9618?addrs=188.185.213.145-9618+[2001-1458-303-1b--100-d]-9618&alias=b9p28p6428.cern.ch&noUDP&sock=slot1_13_3682_0d4f_6002>
...
040 (15556765.296.000) 10/21 06:01:30 Finished transferring input files
...
001 (15556765.296.000) 10/21 06:01:31 Job executing on host: <188.185.213.145:9618?addrs=188.185.213.145-9618+[2001-1458-303-1b--100-d]-9618&alias=b9p28p6428.cern.ch&noUDP&sock=startd_2909_e917>
	SlotName: slot1_13@b9p28p6428.cern.ch
	CondorScratchDir = "/pool/condor/dir_150974"
	Cpus = 1
	Disk = 3810
	GPUs = 0
	Memory = 2000
...
006 (15556765.296.000) 10/21 06:01:40 Image size of job updated: 183876
	180  -  MemoryUsage of job (MB)
	183876  -  ResidentSetSize of job (KB)
...
006 (15556765.296.000) 10/21 06:06:41 Image size of job updated: 745228
	728  -  MemoryUsage of job (MB)
	745228  -  ResidentSetSize of job (KB)
...
040 (15556765.296.000) 10/21 06:08:32 Started transferring output files
...
040 (15556765.296.000) 10/21 06:08:32 Finished transferring output files
...
005 (15556765.296.000) 10/21 06:08:32 Job terminated.
	(1) Normal termination (return value 0)
		Usr 0 00:03:51, Sys 0 00:00:07  -  Run Remote Usage
		Usr 0 00:00:00, Sys 0 00:00:00  -  Run Local Usage
		Usr 0 00:03:51, Sys 0 00:00:07  -  Total Remote Usage
		Usr 0 00:00:00, Sys 0 00:00:00  -  Total Local Usage
	9246  -  Run Bytes Sent By Job
	229  -  Run Bytes Received By Job
	9246  -  Total Bytes Sent By Job
	229  -  Total Bytes Received By Job
	Partitionable Resources :    Usage  Request Allocated 
	   Cpus                 :        0        1         1 
	   Disk (KB)            :      529        1      3810 
	   GPUs                 :                           0 
	   Memory (MB)          :      728     2000      2000 

	Job terminated of its own accord at 2024-10-21T04:08:32Z with exit-code 0.
...
