000 (15556765.599.000) 10/21 05:59:06 Job submitted from host: <188.184.90.241:9618?addrs=188.184.90.241-9618+[2001-1458-201-e4--100-2eb]-9618&alias=bigbird15.cern.ch&noUDP&sock=schedd_25064_65d2>
...
040 (15556765.599.000) 10/21 06:06:13 Started transferring input files
	Transferring to host: <188.185.196.177:9618?addrs=188.185.196.177-9618+[2001-1458-303-23--100-ad]-9618&alias=b9p16p6692.cern.ch&noUDP&sock=slot1_21_3183_761b_54589>
...
040 (15556765.599.000) 10/21 06:06:13 Finished transferring input files
...
001 (15556765.599.000) 10/21 06:06:14 Job executing on host: <188.185.196.177:9618?addrs=188.185.196.177-9618+[2001-1458-303-23--100-ad]-9618&alias=b9p16p6692.cern.ch&noUDP&sock=startd_2465_5d0a>
	SlotName: slot1_21@b9p16p6692.cern.ch
	CondorScratchDir = "/pool/condor/dir_3481823"
	Cpus = 1
	Disk = 2943897
	Memory = 2000
...
006 (15556765.599.000) 10/21 06:06:23 Image size of job updated: 149816
	147  -  MemoryUsage of job (MB)
	149716  -  ResidentSetSize of job (KB)
...
006 (15556765.599.000) 10/21 06:11:23 Image size of job updated: 767692
	747  -  MemoryUsage of job (MB)
	764332  -  ResidentSetSize of job (KB)
...
006 (15556765.599.000) 10/21 06:16:23 Image size of job updated: 777340
	757  -  MemoryUsage of job (MB)
	774316  -  ResidentSetSize of job (KB)
...
006 (15556765.599.000) 10/21 06:21:24 Image size of job updated: 777788
	757  -  MemoryUsage of job (MB)
	774360  -  ResidentSetSize of job (KB)
...
040 (15556765.599.000) 10/21 06:25:25 Started transferring output files
...
040 (15556765.599.000) 10/21 06:25:25 Finished transferring output files
...
005 (15556765.599.000) 10/21 06:25:25 Job terminated.
	(1) Normal termination (return value 0)
		Usr 0 00:17:09, Sys 0 00:00:08  -  Run Remote Usage
		Usr 0 00:00:00, Sys 0 00:00:00  -  Run Local Usage
		Usr 0 00:17:09, Sys 0 00:00:08  -  Total Remote Usage
		Usr 0 00:00:00, Sys 0 00:00:00  -  Total Local Usage
	29656  -  Run Bytes Sent By Job
	229  -  Run Bytes Received By Job
	29656  -  Total Bytes Sent By Job
	229  -  Total Bytes Received By Job
	Partitionable Resources :    Usage  Request Allocated 
	   Cpus                 :     0.98        1         1 
	   Disk (KB)            :    70           1   2943897 
	   Memory (MB)          :   757        2000      2000 

	Job terminated of its own accord at 2024-10-21T04:25:25Z with exit-code 0.
...
