000 (15556765.029.000) 10/21 05:59:05 Job submitted from host: <188.184.90.241:9618?addrs=188.184.90.241-9618+[2001-1458-201-e4--100-2eb]-9618&alias=bigbird15.cern.ch&noUDP&sock=schedd_25064_65d2>
...
040 (15556765.029.000) 10/21 05:59:58 Started transferring input files
	Transferring to host: <128.142.248.31:9618?addrs=128.142.248.31-9618+[2001-1458-301-73--100-10f]-9618&alias=b9g23p5604.cern.ch&noUDP&sock=slot1_39_622589_05be_18717>
...
040 (15556765.029.000) 10/21 05:59:58 Finished transferring input files
...
001 (15556765.029.000) 10/21 05:59:59 Job executing on host: <128.142.248.31:9618?addrs=128.142.248.31-9618+[2001-1458-301-73--100-10f]-9618&alias=b9g23p5604.cern.ch&noUDP&sock=startd_5728_8292>
	SlotName: slot1_39@b9g23p5604.cern.ch
	CondorScratchDir = "/pool/condor/dir_3354795"
	Cpus = 1
	Disk = 2872480
	Memory = 2000
...
006 (15556765.029.000) 10/21 06:00:07 Image size of job updated: 510692
	499  -  MemoryUsage of job (MB)
	510428  -  ResidentSetSize of job (KB)
...
006 (15556765.029.000) 10/21 06:03:49 Image size of job updated: 1620404
	640  -  MemoryUsage of job (MB)
	654460  -  ResidentSetSize of job (KB)
...
040 (15556765.029.000) 10/21 06:03:49 Started transferring output files
...
040 (15556765.029.000) 10/21 06:03:49 Finished transferring output files
...
005 (15556765.029.000) 10/21 06:03:49 Job terminated.
	(1) Normal termination (return value 0)
		Usr 0 00:03:07, Sys 0 00:00:08  -  Run Remote Usage
		Usr 0 00:00:00, Sys 0 00:00:00  -  Run Local Usage
		Usr 0 00:03:07, Sys 0 00:00:08  -  Total Remote Usage
		Usr 0 00:00:00, Sys 0 00:00:00  -  Total Local Usage
	2748  -  Run Bytes Sent By Job
	229  -  Run Bytes Received By Job
	2748  -  Total Bytes Sent By Job
	229  -  Total Bytes Received By Job
	Partitionable Resources :    Usage  Request Allocated 
	   Cpus                 :     0.90        1         1 
	   Disk (KB)            :    44           1   2872480 
	   Memory (MB)          :   640        2000      2000 

	Job terminated of its own accord at 2024-10-21T04:03:49Z with exit-code 0.
...
000 (15556766.029.000) 10/21 07:29:07 Job submitted from host: <188.184.90.241:9618?addrs=188.184.90.241-9618+[2001-1458-201-e4--100-2eb]-9618&alias=bigbird15.cern.ch&noUDP&sock=schedd_25064_65d2>
...
040 (15556766.029.000) 10/21 07:30:05 Started transferring input files
	Transferring to host: <128.142.51.206:9618?addrs=128.142.51.206-9618+[2001-1458-301-3--100-b]-9618&alias=b9g02p1247.cern.ch&noUDP&sock=slot1_18_7203_ea3e_27606>
...
040 (15556766.029.000) 10/21 07:30:05 Finished transferring input files
...
001 (15556766.029.000) 10/21 07:30:06 Job executing on host: <128.142.51.206:9618?addrs=128.142.51.206-9618+[2001-1458-301-3--100-b]-9618&alias=b9g02p1247.cern.ch&noUDP&sock=startd_6556_72fc>
	SlotName: slot1_18@b9g02p1247.cern.ch
	CondorScratchDir = "/pool/condor/dir_1023237"
	Cpus = 1
	Disk = 3021751
	Memory = 2000
...
006 (15556766.029.000) 10/21 07:30:15 Image size of job updated: 381864
	373  -  MemoryUsage of job (MB)
	381592  -  ResidentSetSize of job (KB)
...
006 (15556766.029.000) 10/21 07:35:16 Image size of job updated: 1155916
	1128  -  MemoryUsage of job (MB)
	1154292  -  ResidentSetSize of job (KB)
...
006 (15556766.029.000) 10/21 07:40:16 Image size of job updated: 1171732
	1142  -  MemoryUsage of job (MB)
	1168764  -  ResidentSetSize of job (KB)
...
040 (15556766.029.000) 10/21 07:50:17 Started transferring output files
...
040 (15556766.029.000) 10/21 07:50:17 Finished transferring output files
...
009 (15556766.029.000) 10/21 07:50:17 Job was aborted.
	Job removed by SYSTEM_PERIODIC_REMOVE due to wall time exceeded allowed max.
...
