000 (15556765.536.000) 10/21 05:59:06 Job submitted from host: <188.184.90.241:9618?addrs=188.184.90.241-9618+[2001-1458-201-e4--100-2eb]-9618&alias=bigbird15.cern.ch&noUDP&sock=schedd_25064_65d2>
...
040 (15556765.536.000) 10/21 06:05:50 Started transferring input files
	Transferring to host: <188.185.193.65:9618?addrs=188.185.193.65-9618+[2001-1458-303-20--100-3d]-9618&alias=b9p19p9149.cern.ch&noUDP&sock=slot1_16_9121_51cc_4723>
...
040 (15556765.536.000) 10/21 06:05:50 Finished transferring input files
...
001 (15556765.536.000) 10/21 06:05:52 Job executing on host: <188.185.193.65:9618?addrs=188.185.193.65-9618+[2001-1458-303-20--100-3d]-9618&alias=b9p19p9149.cern.ch&noUDP&sock=startd_7489_68d9>
	SlotName: slot1_16@b9p19p9149.cern.ch
	CondorScratchDir = "/pool/condor/dir_2494232"
	Cpus = 1
	Disk = 3761
	GPUs = 0
	Memory = 2000
...
006 (15556765.536.000) 10/21 06:06:00 Image size of job updated: 145308
	142  -  MemoryUsage of job (MB)
	145308  -  ResidentSetSize of job (KB)
...
006 (15556765.536.000) 10/21 06:11:00 Image size of job updated: 762788
	745  -  MemoryUsage of job (MB)
	762788  -  ResidentSetSize of job (KB)
...
006 (15556765.536.000) 10/21 06:21:01 Image size of job updated: 777236
	760  -  MemoryUsage of job (MB)
	777236  -  ResidentSetSize of job (KB)
...
040 (15556765.536.000) 10/21 06:26:01 Started transferring output files
...
040 (15556765.536.000) 10/21 06:26:01 Finished transferring output files
...
009 (15556765.536.000) 10/21 06:26:01 Job was aborted.
	Job removed by SYSTEM_PERIODIC_REMOVE due to wall time exceeded allowed max.
...
