000 (15556765.582.000) 10/21 05:59:06 Job submitted from host: <188.184.90.241:9618?addrs=188.184.90.241-9618+[2001-1458-201-e4--100-2eb]-9618&alias=bigbird15.cern.ch&noUDP&sock=schedd_25064_65d2>
...
040 (15556765.582.000) 10/21 06:06:07 Started transferring input files
	Transferring to host: <128.142.161.80:9618?addrs=128.142.161.80-9618+[2001-1458-301-b8--100-e]-9618&alias=b9g03p6247.cern.ch&noUDP&sock=slot1_10_5981_e7cc_3939>
...
040 (15556765.582.000) 10/21 06:06:07 Finished transferring input files
...
001 (15556765.582.000) 10/21 06:06:08 Job executing on host: <128.142.161.80:9618?addrs=128.142.161.80-9618+[2001-1458-301-b8--100-e]-9618&alias=b9g03p6247.cern.ch&noUDP&sock=startd_5160_e8c6>
	SlotName: slot1_10@b9g03p6247.cern.ch
	CondorScratchDir = "/pool/condor/dir_585610"
	Cpus = 1
	Disk = 4008
	GPUs = 0
	Memory = 2000
...
006 (15556765.582.000) 10/21 06:06:17 Image size of job updated: 290596
	284  -  MemoryUsage of job (MB)
	290596  -  ResidentSetSize of job (KB)
...
006 (15556765.582.000) 10/21 06:11:18 Image size of job updated: 1648960
	1611  -  MemoryUsage of job (MB)
	1648960  -  ResidentSetSize of job (KB)
...
006 (15556765.582.000) 10/21 06:16:19 Image size of job updated: 1658764
	1620  -  MemoryUsage of job (MB)
	1658764  -  ResidentSetSize of job (KB)
...
040 (15556765.582.000) 10/21 06:26:19 Started transferring output files
...
040 (15556765.582.000) 10/21 06:26:19 Finished transferring output files
...
009 (15556765.582.000) 10/21 06:26:19 Job was aborted.
	Job removed by SYSTEM_PERIODIC_REMOVE due to wall time exceeded allowed max.
...
