000 (15556765.106.000) 10/21 05:59:05 Job submitted from host: <188.184.90.241:9618?addrs=188.184.90.241-9618+[2001-1458-201-e4--100-2eb]-9618&alias=bigbird15.cern.ch&noUDP&sock=schedd_25064_65d2>
...
040 (15556765.106.000) 10/21 06:00:23 Started transferring input files
	Transferring to host: <128.142.132.140:9618?addrs=128.142.132.140-9618+[2001-1458-301-5a--100-80]-9618&alias=b9g12p6606.cern.ch&noUDP&sock=slot1_10_2799_e60b_2953>
...
040 (15556765.106.000) 10/21 06:00:23 Finished transferring input files
...
001 (15556765.106.000) 10/21 06:00:24 Job executing on host: <128.142.132.140:9618?addrs=128.142.132.140-9618+[2001-1458-301-5a--100-80]-9618&alias=b9g12p6606.cern.ch&noUDP&sock=startd_2424_3da8>
	SlotName: slot1_10@b9g12p6606.cern.ch
	CondorScratchDir = "/pool/condor/dir_3985522"
	Cpus = 1
	Disk = 2696
	GPUs = 0
	Memory = 2000
...
006 (15556765.106.000) 10/21 06:00:32 Image size of job updated: 145388
	142  -  MemoryUsage of job (MB)
	145388  -  ResidentSetSize of job (KB)
...
006 (15556765.106.000) 10/21 06:05:32 Image size of job updated: 1022568
	999  -  MemoryUsage of job (MB)
	1022568  -  ResidentSetSize of job (KB)
...
006 (15556765.106.000) 10/21 06:10:32 Image size of job updated: 1023612
	1000  -  MemoryUsage of job (MB)
	1023612  -  ResidentSetSize of job (KB)
...
040 (15556765.106.000) 10/21 06:10:48 Started transferring output files
...
040 (15556765.106.000) 10/21 06:10:48 Finished transferring output files
...
005 (15556765.106.000) 10/21 06:10:48 Job terminated.
	(1) Normal termination (return value 0)
		Usr 0 00:08:52, Sys 0 00:00:09  -  Run Remote Usage
		Usr 0 00:00:00, Sys 0 00:00:00  -  Run Local Usage
		Usr 0 00:08:52, Sys 0 00:00:09  -  Total Remote Usage
		Usr 0 00:00:00, Sys 0 00:00:00  -  Total Local Usage
	7955  -  Run Bytes Sent By Job
	229  -  Run Bytes Received By Job
	7955  -  Total Bytes Sent By Job
	229  -  Total Bytes Received By Job
	Partitionable Resources :    Usage  Request Allocated 
	   Cpus                 :        0        1         1 
	   Disk (KB)            :      712        1      2696 
	   GPUs                 :                           0 
	   Memory (MB)          :     1000     2000      2000 

	Job terminated of its own accord at 2024-10-21T04:10:48Z with exit-code 0.
...
000 (15556766.106.000) 10/21 07:29:12 Job submitted from host: <188.184.90.241:9618?addrs=188.184.90.241-9618+[2001-1458-201-e4--100-2eb]-9618&alias=bigbird15.cern.ch&noUDP&sock=schedd_25064_65d2>
...
040 (15556766.106.000) 10/21 07:30:31 Started transferring input files
	Transferring to host: <128.142.137.89:9618?addrs=128.142.137.89-9618+[2001-1458-301-5e--100-4d]-9618&alias=b9g19p7816.cern.ch&noUDP&sock=slot1_37_137075_7cdf_129363>
...
040 (15556766.106.000) 10/21 07:30:31 Finished transferring input files
...
001 (15556766.106.000) 10/21 07:30:32 Job executing on host: <128.142.137.89:9618?addrs=128.142.137.89-9618+[2001-1458-301-5e--100-4d]-9618&alias=b9g19p7816.cern.ch&noUDP&sock=startd_2490_82e8>
	SlotName: slot1_37@b9g19p7816.cern.ch
	CondorScratchDir = "/pool/condor/dir_42886"
	Cpus = 1
	Disk = 1718186
	Memory = 2000
...
006 (15556766.106.000) 10/21 07:30:40 Image size of job updated: 153500
	150  -  MemoryUsage of job (MB)
	153500  -  ResidentSetSize of job (KB)
...
006 (15556766.106.000) 10/21 07:35:40 Image size of job updated: 1020272
	997  -  MemoryUsage of job (MB)
	1020272  -  ResidentSetSize of job (KB)
...
006 (15556766.106.000) 10/21 07:40:41 Image size of job updated: 1020404
	997  -  MemoryUsage of job (MB)
	1020404  -  ResidentSetSize of job (KB)
...
040 (15556766.106.000) 10/21 07:50:41 Started transferring output files
...
040 (15556766.106.000) 10/21 07:50:41 Finished transferring output files
...
009 (15556766.106.000) 10/21 07:50:41 Job was aborted.
	Job removed by SYSTEM_PERIODIC_REMOVE due to wall time exceeded allowed max.
...
