000 (15556765.431.000) 10/21 05:59:06 Job submitted from host: <188.184.90.241:9618?addrs=188.184.90.241-9618+[2001-1458-201-e4--100-2eb]-9618&alias=bigbird15.cern.ch&noUDP&sock=schedd_25064_65d2>
...
040 (15556765.431.000) 10/21 06:04:28 Started transferring input files
	Transferring to host: <128.142.161.86:9618?addrs=128.142.161.86-9618+[2001-1458-301-b8--100-14]-9618&alias=b9g03p5293.cern.ch&noUDP&sock=slot1_1_7669_4111_3013>
...
040 (15556765.431.000) 10/21 06:04:28 Finished transferring input files
...
001 (15556765.431.000) 10/21 06:04:29 Job executing on host: <128.142.161.86:9618?addrs=128.142.161.86-9618+[2001-1458-301-b8--100-14]-9618&alias=b9g03p5293.cern.ch&noUDP&sock=startd_6789_448d>
	SlotName: slot1_1@b9g03p5293.cern.ch
	CondorScratchDir = "/pool/condor/dir_3573793"
	Cpus = 1
	Disk = 3977
	GPUs = 0
	Memory = 2000
...
006 (15556765.431.000) 10/21 06:04:38 Image size of job updated: 210072
	206  -  MemoryUsage of job (MB)
	210072  -  ResidentSetSize of job (KB)
...
040 (15556765.431.000) 10/21 06:05:50 Started transferring output files
...
040 (15556765.431.000) 10/21 06:05:50 Finished transferring output files
...
005 (15556765.431.000) 10/21 06:05:50 Job terminated.
	(1) Normal termination (return value 0)
		Usr 0 00:01:04, Sys 0 00:00:03  -  Run Remote Usage
		Usr 0 00:00:00, Sys 0 00:00:00  -  Run Local Usage
		Usr 0 00:01:04, Sys 0 00:00:03  -  Total Remote Usage
		Usr 0 00:00:00, Sys 0 00:00:00  -  Total Local Usage
	2570  -  Run Bytes Sent By Job
	229  -  Run Bytes Received By Job
	2570  -  Total Bytes Sent By Job
	229  -  Total Bytes Received By Job
	Partitionable Resources :    Usage  Request Allocated 
	   Cpus                 :        0        1         1 
	   Disk (KB)            :       45        1      3977 
	   GPUs                 :                           0 
	   Memory (MB)          :      206     2000      2000 

	Job terminated of its own accord at 2024-10-21T04:05:50Z with exit-code 0.
...
