000 (15556765.487.000) 10/21 05:59:06 Job submitted from host: <188.184.90.241:9618?addrs=188.184.90.241-9618+[2001-1458-201-e4--100-2eb]-9618&alias=bigbird15.cern.ch&noUDP&sock=schedd_25064_65d2>
...
040 (15556765.487.000) 10/21 06:05:34 Started transferring input files
	Transferring to host: <188.185.195.42:9618?addrs=188.185.195.42-9618+[2001-1458-303-22--100-26]-9618&alias=b9p17p6053.cern.ch&noUDP&sock=slot1_16_2060060_61b5_2277>
...
040 (15556765.487.000) 10/21 06:05:34 Finished transferring input files
...
001 (15556765.487.000) 10/21 06:05:35 Job executing on host: <188.185.195.42:9618?addrs=188.185.195.42-9618+[2001-1458-303-22--100-26]-9618&alias=b9p17p6053.cern.ch&noUDP&sock=startd_11221_404b>
	SlotName: slot1_16@b9p17p6053.cern.ch
	CondorScratchDir = "/pool/condor/dir_3030160"
	Cpus = 1
	Disk = 3837
	GPUs = 0
	Memory = 2000
...
006 (15556765.487.000) 10/21 06:05:44 Image size of job updated: 155160
	152  -  MemoryUsage of job (MB)
	155160  -  ResidentSetSize of job (KB)
...
006 (15556765.487.000) 10/21 06:10:45 Image size of job updated: 762616
	745  -  MemoryUsage of job (MB)
	762616  -  ResidentSetSize of job (KB)
...
040 (15556765.487.000) 10/21 06:16:22 Started transferring output files
...
040 (15556765.487.000) 10/21 06:16:22 Finished transferring output files
...
005 (15556765.487.000) 10/21 06:16:22 Job terminated.
	(1) Normal termination (return value 0)
		Usr 0 00:07:22, Sys 0 00:00:08  -  Run Remote Usage
		Usr 0 00:00:00, Sys 0 00:00:00  -  Run Local Usage
		Usr 0 00:07:22, Sys 0 00:00:08  -  Total Remote Usage
		Usr 0 00:00:00, Sys 0 00:00:00  -  Total Local Usage
	13105  -  Run Bytes Sent By Job
	229  -  Run Bytes Received By Job
	13105  -  Total Bytes Sent By Job
	229  -  Total Bytes Received By Job
	Partitionable Resources :    Usage  Request Allocated 
	   Cpus                 :        0        1         1 
	   Disk (KB)            :       55        1      3837 
	   GPUs                 :                           0 
	   Memory (MB)          :      745     2000      2000 

	Job terminated of its own accord at 2024-10-21T04:16:22Z with exit-code 0.
...
