000 (15556765.397.000) 10/21 05:59:06 Job submitted from host: <188.184.90.241:9618?addrs=188.184.90.241-9618+[2001-1458-201-e4--100-2eb]-9618&alias=bigbird15.cern.ch&noUDP&sock=schedd_25064_65d2>
...
040 (15556765.397.000) 10/21 06:02:58 Started transferring input files
	Transferring to host: <188.185.198.140:9618?addrs=188.185.198.140-9618+[2001-1458-303-25--100-88]-9618&alias=b9p15p5294.cern.ch&noUDP&sock=slot1_29_7308_e5a2_3339>
...
040 (15556765.397.000) 10/21 06:02:58 Finished transferring input files
...
001 (15556765.397.000) 10/21 06:02:59 Job executing on host: <188.185.198.140:9618?addrs=188.185.198.140-9618+[2001-1458-303-25--100-88]-9618&alias=b9p15p5294.cern.ch&noUDP&sock=startd_6006_31e6>
	SlotName: slot1_29@b9p15p5294.cern.ch
	CondorScratchDir = "/pool/condor/dir_2083563"
	Cpus = 1
	Disk = 3871
	GPUs = 0
	Memory = 2000
...
006 (15556765.397.000) 10/21 06:03:08 Image size of job updated: 173436
	170  -  MemoryUsage of job (MB)
	173436  -  ResidentSetSize of job (KB)
...
006 (15556765.397.000) 10/21 06:08:09 Image size of job updated: 753196
	736  -  MemoryUsage of job (MB)
	753196  -  ResidentSetSize of job (KB)
...
040 (15556765.397.000) 10/21 06:13:56 Started transferring output files
...
040 (15556765.397.000) 10/21 06:13:56 Finished transferring output files
...
005 (15556765.397.000) 10/21 06:13:56 Job terminated.
	(1) Normal termination (return value 0)
		Usr 0 00:07:39, Sys 0 00:00:05  -  Run Remote Usage
		Usr 0 00:00:00, Sys 0 00:00:00  -  Run Local Usage
		Usr 0 00:07:39, Sys 0 00:00:05  -  Total Remote Usage
		Usr 0 00:00:00, Sys 0 00:00:00  -  Total Local Usage
	13896  -  Run Bytes Sent By Job
	229  -  Run Bytes Received By Job
	13896  -  Total Bytes Sent By Job
	229  -  Total Bytes Received By Job
	Partitionable Resources :    Usage  Request Allocated 
	   Cpus                 :        0        1         1 
	   Disk (KB)            :       56        1      3871 
	   GPUs                 :                           0 
	   Memory (MB)          :      736     2000      2000 

	Job terminated of its own accord at 2024-10-21T04:13:56Z with exit-code 0.
...
