000 (15556765.393.000) 10/21 05:59:06 Job submitted from host: <188.184.90.241:9618?addrs=188.184.90.241-9618+[2001-1458-201-e4--100-2eb]-9618&alias=bigbird15.cern.ch&noUDP&sock=schedd_25064_65d2>
...
040 (15556765.393.000) 10/21 06:02:50 Started transferring input files
	Transferring to host: <128.142.248.192:9618?addrs=128.142.248.192-9618+[2001-1458-301-73--100-bf]-9618&alias=b9g23p1177.cern.ch&noUDP&sock=slot1_14_1073282_0336_22101>
...
040 (15556765.393.000) 10/21 06:02:50 Finished transferring input files
...
001 (15556765.393.000) 10/21 06:02:51 Job executing on host: <128.142.248.192:9618?addrs=128.142.248.192-9618+[2001-1458-301-73--100-bf]-9618&alias=b9g23p1177.cern.ch&noUDP&sock=startd_7287_dab7>
	SlotName: slot1_14@b9g23p1177.cern.ch
	CondorScratchDir = "/pool/condor/dir_1629655"
	Cpus = 1
	Disk = 2989409
	Memory = 2000
...
006 (15556765.393.000) 10/21 06:02:59 Image size of job updated: 175440
	171  -  MemoryUsage of job (MB)
	174872  -  ResidentSetSize of job (KB)
...
006 (15556765.393.000) 10/21 06:07:59 Image size of job updated: 760376
	740  -  MemoryUsage of job (MB)
	757240  -  ResidentSetSize of job (KB)
...
006 (15556765.393.000) 10/21 06:10:42 Image size of job updated: 761204
	740  -  MemoryUsage of job (MB)
	757240  -  ResidentSetSize of job (KB)
...
040 (15556765.393.000) 10/21 06:10:42 Started transferring output files
...
040 (15556765.393.000) 10/21 06:10:42 Finished transferring output files
...
005 (15556765.393.000) 10/21 06:10:42 Job terminated.
	(1) Normal termination (return value 0)
		Usr 0 00:06:45, Sys 0 00:00:06  -  Run Remote Usage
		Usr 0 00:00:00, Sys 0 00:00:00  -  Run Local Usage
		Usr 0 00:06:45, Sys 0 00:00:06  -  Total Remote Usage
		Usr 0 00:00:00, Sys 0 00:00:00  -  Total Local Usage
	13971  -  Run Bytes Sent By Job
	229  -  Run Bytes Received By Job
	13971  -  Total Bytes Sent By Job
	229  -  Total Bytes Received By Job
	Partitionable Resources :    Usage  Request Allocated 
	   Cpus                 :     0.85        1         1 
	   Disk (KB)            :    56           1   2989409 
	   Memory (MB)          :   740        2000      2000 

	Job terminated of its own accord at 2024-10-21T04:10:42Z with exit-code 0.
...
