000 (15556765.082.000) 10/21 05:59:05 Job submitted from host: <188.184.90.241:9618?addrs=188.184.90.241-9618+[2001-1458-201-e4--100-2eb]-9618&alias=bigbird15.cern.ch&noUDP&sock=schedd_25064_65d2>
...
040 (15556765.082.000) 10/21 06:00:14 Started transferring input files
	Transferring to host: <128.142.192.154:9618?addrs=128.142.192.154-9618+[2001-1458-301-56--100-16]-9618&alias=b9g18p4171.cern.ch&noUDP&sock=slot1_3_8367_0eed_148153>
...
040 (15556765.082.000) 10/21 06:00:14 Finished transferring input files
...
001 (15556765.082.000) 10/21 06:00:15 Job executing on host: <128.142.192.154:9618?addrs=128.142.192.154-9618+[2001-1458-301-56--100-16]-9618&alias=b9g18p4171.cern.ch&noUDP&sock=startd_8304_6e89>
	SlotName: slot1_3@b9g18p4171.cern.ch
	CondorScratchDir = "/pool/condor/dir_2220326"
	Cpus = 1
	Disk = 2987494
	Memory = 2000
...
006 (15556765.082.000) 10/21 06:00:24 Image size of job updated: 157996
	154  -  MemoryUsage of job (MB)
	157544  -  ResidentSetSize of job (KB)
...
006 (15556765.082.000) 10/21 06:05:25 Image size of job updated: 991540
	964  -  MemoryUsage of job (MB)
	986132  -  ResidentSetSize of job (KB)
...
006 (15556765.082.000) 10/21 06:10:26 Image size of job updated: 991540
	964  -  MemoryUsage of job (MB)
	986208  -  ResidentSetSize of job (KB)
...
040 (15556765.082.000) 10/21 06:14:05 Started transferring output files
...
040 (15556765.082.000) 10/21 06:14:05 Finished transferring output files
...
005 (15556765.082.000) 10/21 06:14:05 Job terminated.
	(1) Normal termination (return value 0)
		Usr 0 00:12:21, Sys 0 00:00:09  -  Run Remote Usage
		Usr 0 00:00:00, Sys 0 00:00:00  -  Run Local Usage
		Usr 0 00:12:21, Sys 0 00:00:09  -  Total Remote Usage
		Usr 0 00:00:00, Sys 0 00:00:00  -  Total Local Usage
	11369  -  Run Bytes Sent By Job
	229  -  Run Bytes Received By Job
	11369  -  Total Bytes Sent By Job
	229  -  Total Bytes Received By Job
	Partitionable Resources :    Usage  Request Allocated 
	   Cpus                 :     0.94        1         1 
	   Disk (KB)            :    52           1   2987494 
	   Memory (MB)          :   964        2000      2000 

	Job terminated of its own accord at 2024-10-21T04:14:05Z with exit-code 0.
...
000 (15556766.082.000) 10/21 07:29:11 Job submitted from host: <188.184.90.241:9618?addrs=188.184.90.241-9618+[2001-1458-201-e4--100-2eb]-9618&alias=bigbird15.cern.ch&noUDP&sock=schedd_25064_65d2>
...
040 (15556766.082.000) 10/21 07:30:25 Started transferring input files
	Transferring to host: <188.185.196.104:9618?addrs=188.185.196.104-9618+[2001-1458-303-23--100-64]-9618&alias=b9p16p4374.cern.ch&noUDP&sock=slot1_24_5939_500b_23514>
...
040 (15556766.082.000) 10/21 07:30:25 Finished transferring input files
...
001 (15556766.082.000) 10/21 07:30:26 Job executing on host: <188.185.196.104:9618?addrs=188.185.196.104-9618+[2001-1458-303-23--100-64]-9618&alias=b9p16p4374.cern.ch&noUDP&sock=startd_5080_0933>
	SlotName: slot1_24@b9p16p4374.cern.ch
	CondorScratchDir = "/pool/condor/dir_2772569"
	Cpus = 1
	Disk = 2967371
	Memory = 2000
...
006 (15556766.082.000) 10/21 07:30:34 Image size of job updated: 148236
	145  -  MemoryUsage of job (MB)
	148004  -  ResidentSetSize of job (KB)
...
006 (15556766.082.000) 10/21 07:35:34 Image size of job updated: 995648
	971  -  MemoryUsage of job (MB)
	994304  -  ResidentSetSize of job (KB)
...
006 (15556766.082.000) 10/21 07:40:35 Image size of job updated: 997416
	972  -  MemoryUsage of job (MB)
	994352  -  ResidentSetSize of job (KB)
...
040 (15556766.082.000) 10/21 07:50:36 Started transferring output files
...
040 (15556766.082.000) 10/21 07:50:36 Finished transferring output files
...
009 (15556766.082.000) 10/21 07:50:36 Job was aborted.
	Job removed by SYSTEM_PERIODIC_REMOVE due to wall time exceeded allowed max.
...
