000 (15556765.000.000) 10/21 05:59:05 Job submitted from host: <188.184.90.241:9618?addrs=188.184.90.241-9618+[2001-1458-201-e4--100-2eb]-9618&alias=bigbird15.cern.ch&noUDP&sock=schedd_25064_65d2>
...
040 (15556765.000.000) 10/21 05:59:47 Started transferring input files
	Transferring to host: <188.185.196.46:9618?addrs=188.185.196.46-9618+[2001-1458-303-23--100-2a]-9618&alias=b9p16p2943.cern.ch&noUDP&sock=slot1_21_10210_9e58_4191>
...
040 (15556765.000.000) 10/21 05:59:47 Finished transferring input files
...
001 (15556765.000.000) 10/21 05:59:48 Job executing on host: <188.185.196.46:9618?addrs=188.185.196.46-9618+[2001-1458-303-23--100-2a]-9618&alias=b9p16p2943.cern.ch&noUDP&sock=startd_9911_b33a>
	SlotName: slot1_21@b9p16p2943.cern.ch
	CondorScratchDir = "/pool/condor/dir_3990466"
	Cpus = 1
	Disk = 3862
	GPUs = 0
	Memory = 2000
...
006 (15556765.000.000) 10/21 05:59:56 Image size of job updated: 550112
	538  -  MemoryUsage of job (MB)
	550112  -  ResidentSetSize of job (KB)
...
006 (15556765.000.000) 10/21 06:02:33 Image size of job updated: 964940
	943  -  MemoryUsage of job (MB)
	964940  -  ResidentSetSize of job (KB)
...
040 (15556765.000.000) 10/21 06:02:33 Started transferring output files
...
040 (15556765.000.000) 10/21 06:02:33 Finished transferring output files
...
005 (15556765.000.000) 10/21 06:02:33 Job terminated.
	(1) Normal termination (return value 0)
		Usr 0 00:02:22, Sys 0 00:00:06  -  Run Remote Usage
		Usr 0 00:00:00, Sys 0 00:00:00  -  Run Local Usage
		Usr 0 00:02:22, Sys 0 00:00:06  -  Total Remote Usage
		Usr 0 00:00:00, Sys 0 00:00:00  -  Total Local Usage
	2538  -  Run Bytes Sent By Job
	229  -  Run Bytes Received By Job
	2538  -  Total Bytes Sent By Job
	229  -  Total Bytes Received By Job
	Partitionable Resources :    Usage  Request Allocated 
	   Cpus                 :        0        1         1 
	   Disk (KB)            :       44        1      3862 
	   GPUs                 :                           0 
	   Memory (MB)          :      943     2000      2000 

	Job terminated of its own accord at 2024-10-21T04:02:33Z with exit-code 0.
...
000 (15556766.000.000) 10/21 07:29:06 Job submitted from host: <188.184.90.241:9618?addrs=188.184.90.241-9618+[2001-1458-201-e4--100-2eb]-9618&alias=bigbird15.cern.ch&noUDP&sock=schedd_25064_65d2>
...
040 (15556766.000.000) 10/21 07:29:56 Started transferring input files
	Transferring to host: <128.142.161.78:9618?addrs=128.142.161.78-9618+[2001-1458-301-b8--100-c]-9618&alias=b9g03p1171.cern.ch&noUDP&sock=slot1_15_5399_d575_3468>
...
040 (15556766.000.000) 10/21 07:29:56 Finished transferring input files
...
001 (15556766.000.000) 10/21 07:29:57 Job executing on host: <128.142.161.78:9618?addrs=128.142.161.78-9618+[2001-1458-301-b8--100-c]-9618&alias=b9g03p1171.cern.ch&noUDP&sock=startd_4182_1527>
	SlotName: slot1_15@b9g03p1171.cern.ch
	CondorScratchDir = "/pool/condor/dir_1859262"
	Cpus = 1
	Disk = 3957
	GPUs = 0
	Memory = 2000
...
006 (15556766.000.000) 10/21 07:30:05 Image size of job updated: 19376
	19  -  MemoryUsage of job (MB)
	19376  -  ResidentSetSize of job (KB)
...
006 (15556766.000.000) 10/21 07:35:05 Image size of job updated: 2305372
	2252  -  MemoryUsage of job (MB)
	2305372  -  ResidentSetSize of job (KB)
...
040 (15556766.000.000) 10/21 07:37:05 Started transferring output files
...
040 (15556766.000.000) 10/21 07:37:05 Finished transferring output files
...
005 (15556766.000.000) 10/21 07:37:05 Job terminated.
	(1) Normal termination (return value 0)
		Usr 0 00:04:54, Sys 0 00:00:07  -  Run Remote Usage
		Usr 0 00:00:00, Sys 0 00:00:00  -  Run Local Usage
		Usr 0 00:04:54, Sys 0 00:00:07  -  Total Remote Usage
		Usr 0 00:00:00, Sys 0 00:00:00  -  Total Local Usage
	8137  -  Run Bytes Sent By Job
	229  -  Run Bytes Received By Job
	8137  -  Total Bytes Sent By Job
	229  -  Total Bytes Received By Job
	Partitionable Resources :    Usage  Request Allocated 
	   Cpus                 :     0.82        1         1 
	   Disk (KB)            :    50           1      3957 
	   GPUs                 :                           0 
	   Memory (MB)          :  2252        2000      2000 

	Job terminated of its own accord at 2024-10-21T05:37:05Z with exit-code 0.
...
