000 (15556765.189.000) 10/21 05:59:05 Job submitted from host: <188.184.90.241:9618?addrs=188.184.90.241-9618+[2001-1458-201-e4--100-2eb]-9618&alias=bigbird15.cern.ch&noUDP&sock=schedd_25064_65d2>
...
040 (15556765.189.000) 10/21 06:00:50 Started transferring input files
	Transferring to host: <188.185.208.187:9618?addrs=188.185.208.187-9618+[2001-1458-303-10--100-38]-9618&alias=b9p10p2030.cern.ch&noUDP&sock=slot1_20_13444_439c_132960>
...
040 (15556765.189.000) 10/21 06:00:51 Finished transferring input files
...
001 (15556765.189.000) 10/21 06:00:51 Job executing on host: <188.185.208.187:9618?addrs=188.185.208.187-9618+[2001-1458-303-10--100-38]-9618&alias=b9p10p2030.cern.ch&noUDP&sock=startd_12311_e686>
	SlotName: slot1_20@b9p10p2030.cern.ch
	CondorScratchDir = "/pool/condor/dir_907045"
	Cpus = 1
	Disk = 2542640
	Memory = 2000
...
006 (15556765.189.000) 10/21 06:01:00 Image size of job updated: 667828
	652  -  MemoryUsage of job (MB)
	667644  -  ResidentSetSize of job (KB)
...
006 (15556765.189.000) 10/21 06:04:41 Image size of job updated: 1981128
	1005  -  MemoryUsage of job (MB)
	1028452  -  ResidentSetSize of job (KB)
...
040 (15556765.189.000) 10/21 06:04:41 Started transferring output files
...
040 (15556765.189.000) 10/21 06:04:41 Finished transferring output files
...
005 (15556765.189.000) 10/21 06:04:41 Job terminated.
	(1) Normal termination (return value 0)
		Usr 0 00:01:15, Sys 0 00:00:07  -  Run Remote Usage
		Usr 0 00:00:00, Sys 0 00:00:00  -  Run Local Usage
		Usr 0 00:01:15, Sys 0 00:00:07  -  Total Remote Usage
		Usr 0 00:00:00, Sys 0 00:00:00  -  Total Local Usage
	1865  -  Run Bytes Sent By Job
	229  -  Run Bytes Received By Job
	1865  -  Total Bytes Sent By Job
	229  -  Total Bytes Received By Job
	Partitionable Resources :    Usage  Request Allocated 
	   Cpus                 :        0        1         1 
	   Disk (KB)            :       43        1   2542640 
	   Memory (MB)          :     1005     2000      2000 

	Job terminated of its own accord at 2024-10-21T04:04:41Z with exit-code 0.
...
