000 (15556765.117.000) 10/21 05:59:05 Job submitted from host: <188.184.90.241:9618?addrs=188.184.90.241-9618+[2001-1458-201-e4--100-2eb]-9618&alias=bigbird15.cern.ch&noUDP&sock=schedd_25064_65d2>
...
040 (15556765.117.000) 10/21 06:00:26 Started transferring input files
	Transferring to host: <188.185.213.228:9618?addrs=188.185.213.228-9618+[2001-1458-303-1b--100-60]-9618&alias=b9p28p4003.cern.ch&noUDP&sock=slot1_4_904447_7b44_2751>
...
040 (15556765.117.000) 10/21 06:00:26 Finished transferring input files
...
001 (15556765.117.000) 10/21 06:00:27 Job executing on host: <188.185.213.228:9618?addrs=188.185.213.228-9618+[2001-1458-303-1b--100-60]-9618&alias=b9p28p4003.cern.ch&noUDP&sock=startd_7313_b02e>
	SlotName: slot1_4@b9p28p4003.cern.ch
	CondorScratchDir = "/pool/condor/dir_70855"
	Cpus = 1
	Disk = 3827
	GPUs = 0
	Memory = 2000
...
006 (15556765.117.000) 10/21 06:00:36 Image size of job updated: 94492
	93  -  MemoryUsage of job (MB)
	94492  -  ResidentSetSize of job (KB)
...
006 (15556765.117.000) 10/21 06:05:37 Image size of job updated: 1861724
	1819  -  MemoryUsage of job (MB)
	1861724  -  ResidentSetSize of job (KB)
...
040 (15556765.117.000) 10/21 06:07:18 Started transferring output files
...
040 (15556765.117.000) 10/21 06:07:18 Finished transferring output files
...
005 (15556765.117.000) 10/21 06:07:18 Job terminated.
	(1) Normal termination (return value 0)
		Usr 0 00:03:16, Sys 0 00:00:10  -  Run Remote Usage
		Usr 0 00:00:00, Sys 0 00:00:00  -  Run Local Usage
		Usr 0 00:03:16, Sys 0 00:00:10  -  Total Remote Usage
		Usr 0 00:00:00, Sys 0 00:00:00  -  Total Local Usage
	4965  -  Run Bytes Sent By Job
	229  -  Run Bytes Received By Job
	4965  -  Total Bytes Sent By Job
	229  -  Total Bytes Received By Job
	Partitionable Resources :    Usage  Request Allocated 
	   Cpus                 :        0        1         1 
	   Disk (KB)            :      659        1      3827 
	   GPUs                 :                           0 
	   Memory (MB)          :     1819     2000      2000 

	Job terminated of its own accord at 2024-10-21T04:07:18Z with exit-code 0.
...
000 (15556766.117.000) 10/21 07:29:12 Job submitted from host: <188.184.90.241:9618?addrs=188.184.90.241-9618+[2001-1458-201-e4--100-2eb]-9618&alias=bigbird15.cern.ch&noUDP&sock=schedd_25064_65d2>
...
040 (15556766.117.000) 10/21 07:30:35 Started transferring input files
	Transferring to host: <128.142.131.133:9618?addrs=128.142.131.133-9618+[2001-1458-301-59--100-79]-9618&alias=b9g11p2182.cern.ch&noUDP&sock=slot1_10_3220_87fc_59609>
...
040 (15556766.117.000) 10/21 07:30:35 Finished transferring input files
...
001 (15556766.117.000) 10/21 07:30:36 Job executing on host: <128.142.131.133:9618?addrs=128.142.131.133-9618+[2001-1458-301-59--100-79]-9618&alias=b9g11p2182.cern.ch&noUDP&sock=startd_3173_fe18>
	SlotName: slot1_10@b9g11p2182.cern.ch
	CondorScratchDir = "/pool/condor/dir_1834305"
	Cpus = 1
	Disk = 1696732
	Memory = 2000
...
006 (15556766.117.000) 10/21 07:30:45 Image size of job updated: 627708
	613  -  MemoryUsage of job (MB)
	627708  -  ResidentSetSize of job (KB)
...
006 (15556766.117.000) 10/21 07:35:46 Image size of job updated: 1980164
	1934  -  MemoryUsage of job (MB)
	1980164  -  ResidentSetSize of job (KB)
...
040 (15556766.117.000) 10/21 07:50:47 Started transferring output files
...
040 (15556766.117.000) 10/21 07:50:47 Finished transferring output files
...
009 (15556766.117.000) 10/21 07:50:47 Job was aborted.
	Job removed by SYSTEM_PERIODIC_REMOVE due to wall time exceeded allowed max.
...
