000 (15556765.131.000) 10/21 05:59:05 Job submitted from host: <188.184.90.241:9618?addrs=188.184.90.241-9618+[2001-1458-201-e4--100-2eb]-9618&alias=bigbird15.cern.ch&noUDP&sock=schedd_25064_65d2>
...
040 (15556765.131.000) 10/21 06:00:31 Started transferring input files
	Transferring to host: <188.185.206.137:9618?addrs=188.185.206.137-9618+[2001-1458-303-c--100-6]-9618&alias=b9p06p0312.cern.ch&noUDP&sock=slot1_14_3718_6ad0_63910>
...
040 (15556765.131.000) 10/21 06:00:31 Finished transferring input files
...
001 (15556765.131.000) 10/21 06:00:32 Job executing on host: <188.185.206.137:9618?addrs=188.185.206.137-9618+[2001-1458-303-c--100-6]-9618&alias=b9p06p0312.cern.ch&noUDP&sock=startd_3384_b893>
	SlotName: slot1_14@b9p06p0312.cern.ch
	CondorScratchDir = "/pool/condor/dir_3638904"
	Cpus = 1
	Disk = 2688948
	Memory = 2000
...
006 (15556765.131.000) 10/21 06:00:40 Image size of job updated: 647800
	633  -  MemoryUsage of job (MB)
	647668  -  ResidentSetSize of job (KB)
...
006 (15556765.131.000) 10/21 06:05:40 Image size of job updated: 1992092
	1945  -  MemoryUsage of job (MB)
	1990696  -  ResidentSetSize of job (KB)
...
040 (15556765.131.000) 10/21 06:05:55 Started transferring output files
...
040 (15556765.131.000) 10/21 06:05:55 Finished transferring output files
...
005 (15556765.131.000) 10/21 06:05:55 Job terminated.
	(1) Normal termination (return value 0)
		Usr 0 00:02:16, Sys 0 00:00:07  -  Run Remote Usage
		Usr 0 00:00:00, Sys 0 00:00:00  -  Run Local Usage
		Usr 0 00:02:16, Sys 0 00:00:07  -  Total Remote Usage
		Usr 0 00:00:00, Sys 0 00:00:00  -  Total Local Usage
	4465  -  Run Bytes Sent By Job
	229  -  Run Bytes Received By Job
	4465  -  Total Bytes Sent By Job
	229  -  Total Bytes Received By Job
	Partitionable Resources :    Usage  Request Allocated 
	   Cpus                 :     0.68        1         1 
	   Disk (KB)            :   649           1   2688948 
	   Memory (MB)          :  1945        2000      2000 

	Job terminated of its own accord at 2024-10-21T04:05:55Z with exit-code 0.
...
