000 (15556765.227.000) 10/21 05:59:05 Job submitted from host: <188.184.90.241:9618?addrs=188.184.90.241-9618+[2001-1458-201-e4--100-2eb]-9618&alias=bigbird15.cern.ch&noUDP&sock=schedd_25064_65d2>
...
040 (15556765.227.000) 10/21 06:01:05 Started transferring input files
	Transferring to host: <188.185.209.173:9618?addrs=188.185.209.173-9618+[2001-1458-303-12--100-2a]-9618&alias=b9p12p4159.cern.ch&noUDP&sock=slot1_31_10421_4981_122891>
...
040 (15556765.227.000) 10/21 06:01:05 Finished transferring input files
...
001 (15556765.227.000) 10/21 06:01:06 Job executing on host: <188.185.209.173:9618?addrs=188.185.209.173-9618+[2001-1458-303-12--100-2a]-9618&alias=b9p12p4159.cern.ch&noUDP&sock=startd_9127_f0fa>
	SlotName: slot1_31@b9p12p4159.cern.ch
	CondorScratchDir = "/pool/condor/dir_3145526"
	Cpus = 1
	Disk = 2889064
	Memory = 2000
...
006 (15556765.227.000) 10/21 06:01:15 Image size of job updated: 177084
	173  -  MemoryUsage of job (MB)
	176372  -  ResidentSetSize of job (KB)
...
006 (15556765.227.000) 10/21 06:06:16 Image size of job updated: 969312
	944  -  MemoryUsage of job (MB)
	966600  -  ResidentSetSize of job (KB)
...
006 (15556765.227.000) 10/21 06:11:17 Image size of job updated: 970072
	944  -  MemoryUsage of job (MB)
	966624  -  ResidentSetSize of job (KB)
...
006 (15556765.227.000) 10/21 06:16:17 Image size of job updated: 970316
	945  -  MemoryUsage of job (MB)
	967292  -  ResidentSetSize of job (KB)
...
040 (15556765.227.000) 10/21 06:21:17 Started transferring output files
...
040 (15556765.227.000) 10/21 06:21:17 Finished transferring output files
...
009 (15556765.227.000) 10/21 06:21:17 Job was aborted.
	Job removed by SYSTEM_PERIODIC_REMOVE due to wall time exceeded allowed max.
...
