000 (15556765.247.000) 10/21 05:59:05 Job submitted from host: <188.184.90.241:9618?addrs=188.184.90.241-9618+[2001-1458-201-e4--100-2eb]-9618&alias=bigbird15.cern.ch&noUDP&sock=schedd_25064_65d2>
...
040 (15556765.247.000) 10/21 06:01:13 Started transferring input files
	Transferring to host: <128.142.192.157:9618?addrs=128.142.192.157-9618+[2001-1458-301-56--100-19]-9618&alias=b9g18p0526.cern.ch&noUDP&sock=slot1_8_4411_b2cc_3937>
...
040 (15556765.247.000) 10/21 06:01:13 Finished transferring input files
...
001 (15556765.247.000) 10/21 06:01:14 Job executing on host: <128.142.192.157:9618?addrs=128.142.192.157-9618+[2001-1458-301-56--100-19]-9618&alias=b9g18p0526.cern.ch&noUDP&sock=startd_3356_83ed>
	SlotName: slot1_8@b9g18p0526.cern.ch
	CondorScratchDir = "/pool/condor/dir_2932406"
	Cpus = 1
	Disk = 3781
	GPUs = 0
	Memory = 2000
...
006 (15556765.247.000) 10/21 06:01:23 Image size of job updated: 205716
	201  -  MemoryUsage of job (MB)
	205716  -  ResidentSetSize of job (KB)
...
006 (15556765.247.000) 10/21 06:06:24 Image size of job updated: 961092
	939  -  MemoryUsage of job (MB)
	961092  -  ResidentSetSize of job (KB)
...
006 (15556765.247.000) 10/21 06:11:24 Image size of job updated: 964540
	942  -  MemoryUsage of job (MB)
	964540  -  ResidentSetSize of job (KB)
...
006 (15556765.247.000) 10/21 06:16:24 Image size of job updated: 964816
	943  -  MemoryUsage of job (MB)
	964816  -  ResidentSetSize of job (KB)
...
040 (15556765.247.000) 10/21 06:21:24 Started transferring output files
...
040 (15556765.247.000) 10/21 06:21:24 Finished transferring output files
...
009 (15556765.247.000) 10/21 06:21:24 Job was aborted.
	Job removed by SYSTEM_PERIODIC_REMOVE due to wall time exceeded allowed max.
...
