000 (15556765.132.000) 10/21 05:59:05 Job submitted from host: <188.184.90.241:9618?addrs=188.184.90.241-9618+[2001-1458-201-e4--100-2eb]-9618&alias=bigbird15.cern.ch&noUDP&sock=schedd_25064_65d2>
...
040 (15556765.132.000) 10/21 06:00:31 Started transferring input files
	Transferring to host: <128.142.161.114:9618?addrs=128.142.161.114-9618+[2001-1458-301-b8--100-30]-9618&alias=b9g03p3124.cern.ch&noUDP&sock=slot1_10_3830542_1db1_8824>
...
040 (15556765.132.000) 10/21 06:00:31 Finished transferring input files
...
001 (15556765.132.000) 10/21 06:00:32 Job executing on host: <128.142.161.114:9618?addrs=128.142.161.114-9618+[2001-1458-301-b8--100-30]-9618&alias=b9g03p3124.cern.ch&noUDP&sock=startd_3185_393b>
	SlotName: slot1_10@b9g03p3124.cern.ch
	CondorScratchDir = "/pool/condor/dir_1015730"
	Cpus = 1
	Disk = 2934528
	Memory = 2000
...
006 (15556765.132.000) 10/21 06:00:41 Image size of job updated: 196172
	192  -  MemoryUsage of job (MB)
	196172  -  ResidentSetSize of job (KB)
...
006 (15556765.132.000) 10/21 06:05:42 Image size of job updated: 2703676
	2639  -  MemoryUsage of job (MB)
	2701812  -  ResidentSetSize of job (KB)
...
006 (15556765.132.000) 10/21 06:06:44 Image size of job updated: 2704676
	2639  -  MemoryUsage of job (MB)
	2701812  -  ResidentSetSize of job (KB)
...
040 (15556765.132.000) 10/21 06:06:44 Started transferring output files
...
040 (15556765.132.000) 10/21 06:06:44 Finished transferring output files
...
005 (15556765.132.000) 10/21 06:06:45 Job terminated.
	(1) Normal termination (return value 0)
		Usr 0 00:05:00, Sys 0 00:00:08  -  Run Remote Usage
		Usr 0 00:00:00, Sys 0 00:00:00  -  Run Local Usage
		Usr 0 00:05:00, Sys 0 00:00:08  -  Total Remote Usage
		Usr 0 00:00:00, Sys 0 00:00:00  -  Total Local Usage
	5103  -  Run Bytes Sent By Job
	229  -  Run Bytes Received By Job
	5103  -  Total Bytes Sent By Job
	229  -  Total Bytes Received By Job
	Partitionable Resources :    Usage  Request Allocated 
	   Cpus                 :     0.71        1         1 
	   Disk (KB)            :    46           1   2934528 
	   Memory (MB)          :  2639        2000      2000 

	Job terminated of its own accord at 2024-10-21T04:06:44Z with exit-code 0.
...
