000 (15556765.641.000) 10/21 05:59:06 Job submitted from host: <188.184.90.241:9618?addrs=188.184.90.241-9618+[2001-1458-201-e4--100-2eb]-9618&alias=bigbird15.cern.ch&noUDP&sock=schedd_25064_65d2>
...
040 (15556765.641.000) 10/21 06:06:29 Started transferring input files
	Transferring to host: <128.142.137.198:9618?addrs=128.142.137.198-9618+[2001-1458-301-5e--100-ba]-9618&alias=b9g19p8826.cern.ch&noUDP&sock=slot1_4_1717440_98c8_151421>
...
040 (15556765.641.000) 10/21 06:06:29 Finished transferring input files
...
001 (15556765.641.000) 10/21 06:06:30 Job executing on host: <128.142.137.198:9618?addrs=128.142.137.198-9618+[2001-1458-301-5e--100-ba]-9618&alias=b9g19p8826.cern.ch&noUDP&sock=startd_121414_7bd3>
	SlotName: slot1_4@b9g19p8826.cern.ch
	CondorScratchDir = "/pool/condor/dir_1363055"
	Cpus = 1
	Disk = 1374217
	Memory = 2000
...
006 (15556765.641.000) 10/21 06:06:38 Image size of job updated: 149368
	146  -  MemoryUsage of job (MB)
	149368  -  ResidentSetSize of job (KB)
...
006 (15556765.641.000) 10/21 06:11:38 Image size of job updated: 752852
	736  -  MemoryUsage of job (MB)
	752852  -  ResidentSetSize of job (KB)
...
040 (15556765.641.000) 10/21 06:13:41 Started transferring output files
...
040 (15556765.641.000) 10/21 06:13:41 Finished transferring output files
...
005 (15556765.641.000) 10/21 06:13:42 Job terminated.
	(1) Normal termination (return value 0)
		Usr 0 00:06:39, Sys 0 00:00:06  -  Run Remote Usage
		Usr 0 00:00:00, Sys 0 00:00:00  -  Run Local Usage
		Usr 0 00:06:39, Sys 0 00:00:06  -  Total Remote Usage
		Usr 0 00:00:00, Sys 0 00:00:00  -  Total Local Usage
	11316  -  Run Bytes Sent By Job
	229  -  Run Bytes Received By Job
	11316  -  Total Bytes Sent By Job
	229  -  Total Bytes Received By Job
	Partitionable Resources :    Usage  Request Allocated 
	   Cpus                 :                 1         1 
	   Disk (KB)            :       44        1   1374217 
	   Memory (MB)          :      736     2000      2000 

	Job terminated of its own accord at 2024-10-21T04:13:41Z with exit-code 0.
...
