000 (15556765.144.000) 10/21 05:59:05 Job submitted from host: <188.184.90.241:9618?addrs=188.184.90.241-9618+[2001-1458-201-e4--100-2eb]-9618&alias=bigbird15.cern.ch&noUDP&sock=schedd_25064_65d2>
...
040 (15556765.144.000) 10/21 06:00:35 Started transferring input files
	Transferring to host: <128.142.192.136:9618?addrs=128.142.192.136-9618+[2001-1458-301-56--100-4]-9618&alias=b9g18p1082.cern.ch&noUDP&sock=slot1_12_4218_b665_3877>
...
040 (15556765.144.000) 10/21 06:00:35 Finished transferring input files
...
001 (15556765.144.000) 10/21 06:00:36 Job executing on host: <128.142.192.136:9618?addrs=128.142.192.136-9618+[2001-1458-301-56--100-4]-9618&alias=b9g18p1082.cern.ch&noUDP&sock=startd_3197_745e>
	SlotName: slot1_12@b9g18p1082.cern.ch
	CondorScratchDir = "/pool/condor/dir_3443072"
	Cpus = 1
	Disk = 3749
	GPUs = 0
	Memory = 2000
...
006 (15556765.144.000) 10/21 06:00:45 Image size of job updated: 183424
	180  -  MemoryUsage of job (MB)
	183424  -  ResidentSetSize of job (KB)
...
006 (15556765.144.000) 10/21 06:05:46 Image size of job updated: 2209840
	2159  -  MemoryUsage of job (MB)
	2209840  -  ResidentSetSize of job (KB)
...
040 (15556765.144.000) 10/21 06:08:21 Started transferring output files
...
040 (15556765.144.000) 10/21 06:08:21 Finished transferring output files
...
005 (15556765.144.000) 10/21 06:08:21 Job terminated.
	(1) Normal termination (return value 0)
		Usr 0 00:06:02, Sys 0 00:00:06  -  Run Remote Usage
		Usr 0 00:00:00, Sys 0 00:00:00  -  Run Local Usage
		Usr 0 00:06:02, Sys 0 00:00:06  -  Total Remote Usage
		Usr 0 00:00:00, Sys 0 00:00:00  -  Total Local Usage
	6530  -  Run Bytes Sent By Job
	229  -  Run Bytes Received By Job
	6530  -  Total Bytes Sent By Job
	229  -  Total Bytes Received By Job
	Partitionable Resources :    Usage  Request Allocated 
	   Cpus                 :        0        1         1 
	   Disk (KB)            :       48        1      3749 
	   GPUs                 :                           0 
	   Memory (MB)          :     2159     2000      2000 

	Job terminated of its own accord at 2024-10-21T04:08:21Z with exit-code 0.
...
