000 (15556765.018.000) 10/21 05:59:05 Job submitted from host: <188.184.90.241:9618?addrs=188.184.90.241-9618+[2001-1458-201-e4--100-2eb]-9618&alias=bigbird15.cern.ch&noUDP&sock=schedd_25064_65d2>
...
040 (15556765.018.000) 10/21 05:59:53 Started transferring input files
	Transferring to host: <188.185.194.136:9618?addrs=188.185.194.136-9618+[2001-1458-303-21--100-84]-9618&alias=b9p20p5833.cern.ch&noUDP&sock=slot1_32_8195_de66_3299>
...
040 (15556765.018.000) 10/21 05:59:53 Finished transferring input files
...
001 (15556765.018.000) 10/21 05:59:54 Job executing on host: <188.185.194.136:9618?addrs=188.185.194.136-9618+[2001-1458-303-21--100-84]-9618&alias=b9p20p5833.cern.ch&noUDP&sock=startd_7269_8203>
	SlotName: slot1_32@b9p20p5833.cern.ch
	CondorScratchDir = "/pool/condor/dir_2221666"
	Cpus = 1
	Disk = 3845
	GPUs = 0
	Memory = 2000
...
006 (15556765.018.000) 10/21 06:00:02 Image size of job updated: 719900
	704  -  MemoryUsage of job (MB)
	719900  -  ResidentSetSize of job (KB)
...
006 (15556765.018.000) 10/21 06:05:02 Image size of job updated: 1080144
	1055  -  MemoryUsage of job (MB)
	1080144  -  ResidentSetSize of job (KB)
...
006 (15556765.018.000) 10/21 06:10:03 Image size of job updated: 1080168
	1055  -  MemoryUsage of job (MB)
	1080168  -  ResidentSetSize of job (KB)
...
040 (15556765.018.000) 10/21 06:14:19 Started transferring output files
...
040 (15556765.018.000) 10/21 06:14:19 Finished transferring output files
...
005 (15556765.018.000) 10/21 06:14:19 Job terminated.
	(1) Normal termination (return value 0)
		Usr 0 00:03:28, Sys 0 00:00:07  -  Run Remote Usage
		Usr 0 00:00:00, Sys 0 00:00:00  -  Run Local Usage
		Usr 0 00:03:28, Sys 0 00:00:07  -  Total Remote Usage
		Usr 0 00:00:00, Sys 0 00:00:00  -  Total Local Usage
	3174  -  Run Bytes Sent By Job
	229  -  Run Bytes Received By Job
	3174  -  Total Bytes Sent By Job
	229  -  Total Bytes Received By Job
	Partitionable Resources :    Usage  Request Allocated 
	   Cpus                 :     0.98        1         1 
	   Disk (KB)            :    45           1      3845 
	   GPUs                 :                           0 
	   Memory (MB)          :  1055        2000      2000 

	Job terminated of its own accord at 2024-10-21T04:14:19Z with exit-code 0.
...
000 (15556766.018.000) 10/21 07:29:07 Job submitted from host: <188.184.90.241:9618?addrs=188.184.90.241-9618+[2001-1458-201-e4--100-2eb]-9618&alias=bigbird15.cern.ch&noUDP&sock=schedd_25064_65d2>
...
040 (15556766.018.000) 10/21 07:30:02 Started transferring input files
	Transferring to host: <188.185.209.72:9618?addrs=188.185.209.72-9618+[2001-1458-303-11--100-45]-9618&alias=b9p11p5689.cern.ch&noUDP&sock=slot1_13_3756182_c4e1_65452>
...
040 (15556766.018.000) 10/21 07:30:02 Finished transferring input files
...
001 (15556766.018.000) 10/21 07:30:03 Job executing on host: <188.185.209.72:9618?addrs=188.185.209.72-9618+[2001-1458-303-11--100-45]-9618&alias=b9p11p5689.cern.ch&noUDP&sock=startd_3450_fdd4>
	SlotName: slot1_13@b9p11p5689.cern.ch
	CondorScratchDir = "/pool/condor/dir_521130"
	Cpus = 1
	Disk = 2592672
	Memory = 2000
...
006 (15556766.018.000) 10/21 07:30:11 Image size of job updated: 778316
	761  -  MemoryUsage of job (MB)
	778316  -  ResidentSetSize of job (KB)
...
006 (15556766.018.000) 10/21 07:35:11 Image size of job updated: 1794952
	1751  -  MemoryUsage of job (MB)
	1792996  -  ResidentSetSize of job (KB)
...
006 (15556766.018.000) 10/21 07:40:12 Image size of job updated: 1804032
	1761  -  MemoryUsage of job (MB)
	1802284  -  ResidentSetSize of job (KB)
...
006 (15556766.018.000) 10/21 07:44:54 Image size of job updated: 1809232
	1761  -  MemoryUsage of job (MB)
	1802284  -  ResidentSetSize of job (KB)
...
040 (15556766.018.000) 10/21 07:44:54 Started transferring output files
...
040 (15556766.018.000) 10/21 07:44:54 Finished transferring output files
...
005 (15556766.018.000) 10/21 07:44:54 Job terminated.
	(1) Normal termination (return value 0)
		Usr 0 00:10:40, Sys 0 00:00:07  -  Run Remote Usage
		Usr 0 00:00:00, Sys 0 00:00:00  -  Run Local Usage
		Usr 0 00:10:40, Sys 0 00:00:07  -  Total Remote Usage
		Usr 0 00:00:00, Sys 0 00:00:00  -  Total Local Usage
	36703  -  Run Bytes Sent By Job
	229  -  Run Bytes Received By Job
	36703  -  Total Bytes Sent By Job
	229  -  Total Bytes Received By Job
	Partitionable Resources :    Usage  Request Allocated 
	   Cpus                 :     0.91        1         1 
	   Disk (KB)            :    80           1   2592672 
	   Memory (MB)          :  1761        2000      2000 

	Job terminated of its own accord at 2024-10-21T05:44:54Z with exit-code 0.
...
