000 (15556765.449.000) 10/21 05:59:06 Job submitted from host: <188.184.90.241:9618?addrs=188.184.90.241-9618+[2001-1458-201-e4--100-2eb]-9618&alias=bigbird15.cern.ch&noUDP&sock=schedd_25064_65d2>
...
040 (15556765.449.000) 10/21 06:05:11 Started transferring input files
	Transferring to host: <188.185.213.167:9618?addrs=188.185.213.167-9618+[2001-1458-303-1b--100-23]-9618&alias=b9p28p1049.cern.ch&noUDP&sock=slot1_8_4319_e049_5595>
...
040 (15556765.449.000) 10/21 06:05:11 Finished transferring input files
...
001 (15556765.449.000) 10/21 06:05:12 Job executing on host: <188.185.213.167:9618?addrs=188.185.213.167-9618+[2001-1458-303-1b--100-23]-9618&alias=b9p28p1049.cern.ch&noUDP&sock=startd_3581_d8bc>
	SlotName: slot1_8@b9p28p1049.cern.ch
	CondorScratchDir = "/pool/condor/dir_2751801"
	Cpus = 1
	Disk = 3749
	GPUs = 0
	Memory = 2000
...
006 (15556765.449.000) 10/21 06:05:20 Image size of job updated: 28048
	28  -  MemoryUsage of job (MB)
	28048  -  ResidentSetSize of job (KB)
...
006 (15556765.449.000) 10/21 06:10:20 Image size of job updated: 752112
	735  -  MemoryUsage of job (MB)
	752112  -  ResidentSetSize of job (KB)
...
040 (15556765.449.000) 10/21 06:13:16 Started transferring output files
...
040 (15556765.449.000) 10/21 06:13:16 Finished transferring output files
...
005 (15556765.449.000) 10/21 06:13:16 Job terminated.
	(1) Normal termination (return value 0)
		Usr 0 00:05:53, Sys 0 00:00:07  -  Run Remote Usage
		Usr 0 00:00:00, Sys 0 00:00:00  -  Run Local Usage
		Usr 0 00:05:53, Sys 0 00:00:07  -  Total Remote Usage
		Usr 0 00:00:00, Sys 0 00:00:00  -  Total Local Usage
	13619  -  Run Bytes Sent By Job
	229  -  Run Bytes Received By Job
	13619  -  Total Bytes Sent By Job
	229  -  Total Bytes Received By Job
	Partitionable Resources :    Usage  Request Allocated 
	   Cpus                 :     0.81        1         1 
	   Disk (KB)            :    56           1      3749 
	   GPUs                 :                           0 
	   Memory (MB)          :   735        2000      2000 

	Job terminated of its own accord at 2024-10-21T04:13:16Z with exit-code 0.
...
