000 (15556765.241.000) 10/21 05:59:05 Job submitted from host: <188.184.90.241:9618?addrs=188.184.90.241-9618+[2001-1458-201-e4--100-2eb]-9618&alias=bigbird15.cern.ch&noUDP&sock=schedd_25064_65d2>
...
040 (15556765.241.000) 10/21 06:01:11 Started transferring input files
	Transferring to host: <128.142.161.77:9618?addrs=128.142.161.77-9618+[2001-1458-301-b8--100-b]-9618&alias=b9g03p8125.cern.ch&noUDP&sock=slot1_12_2794007_706a_25223>
...
040 (15556765.241.000) 10/21 06:01:11 Finished transferring input files
...
001 (15556765.241.000) 10/21 06:01:12 Job executing on host: <128.142.161.77:9618?addrs=128.142.161.77-9618+[2001-1458-301-b8--100-b]-9618&alias=b9g03p8125.cern.ch&noUDP&sock=startd_3204_4187>
	SlotName: slot1_12@b9g03p8125.cern.ch
	CondorScratchDir = "/pool/condor/dir_2967830"
	Cpus = 1
	Disk = 3025963
	Memory = 2000
...
006 (15556765.241.000) 10/21 06:01:21 Image size of job updated: 31740
	30  -  MemoryUsage of job (MB)
	29888  -  ResidentSetSize of job (KB)
...
006 (15556765.241.000) 10/21 06:06:23 Image size of job updated: 959964
	935  -  MemoryUsage of job (MB)
	957440  -  ResidentSetSize of job (KB)
...
006 (15556765.241.000) 10/21 06:11:23 Image size of job updated: 961120
	936  -  MemoryUsage of job (MB)
	957560  -  ResidentSetSize of job (KB)
...
006 (15556765.241.000) 10/21 06:16:23 Image size of job updated: 961120
	936  -  MemoryUsage of job (MB)
	957700  -  ResidentSetSize of job (KB)
...
006 (15556765.241.000) 10/21 06:21:23 Image size of job updated: 962472
	936  -  MemoryUsage of job (MB)
	957700  -  ResidentSetSize of job (KB)
...
040 (15556765.241.000) 10/21 06:21:23 Started transferring output files
...
040 (15556765.241.000) 10/21 06:21:23 Finished transferring output files
...
009 (15556765.241.000) 10/21 06:21:23 Job was aborted.
	Job removed by SYSTEM_PERIODIC_REMOVE due to wall time exceeded allowed max.
...
