000 (15556765.515.000) 10/21 05:59:06 Job submitted from host: <188.184.90.241:9618?addrs=188.184.90.241-9618+[2001-1458-201-e4--100-2eb]-9618&alias=bigbird15.cern.ch&noUDP&sock=schedd_25064_65d2>
...
040 (15556765.515.000) 10/21 06:05:43 Started transferring input files
	Transferring to host: <188.185.192.140:9618?addrs=188.185.192.140-9618+[2001-1458-303-1f--100-88]-9618&alias=b9p13p9186.cern.ch&noUDP&sock=slot1_27_6295_2599_3181>
...
040 (15556765.515.000) 10/21 06:05:43 Finished transferring input files
...
001 (15556765.515.000) 10/21 06:05:44 Job executing on host: <188.185.192.140:9618?addrs=188.185.192.140-9618+[2001-1458-303-1f--100-88]-9618&alias=b9p13p9186.cern.ch&noUDP&sock=startd_4960_b9d5>
	SlotName: slot1_27@b9p13p9186.cern.ch
	CondorScratchDir = "/pool/condor/dir_2467999"
	Cpus = 1
	Disk = 3850
	GPUs = 0
	Memory = 2000
...
006 (15556765.515.000) 10/21 06:05:53 Image size of job updated: 540844
	529  -  MemoryUsage of job (MB)
	540844  -  ResidentSetSize of job (KB)
...
006 (15556765.515.000) 10/21 06:10:54 Image size of job updated: 1638668
	1601  -  MemoryUsage of job (MB)
	1638668  -  ResidentSetSize of job (KB)
...
040 (15556765.515.000) 10/21 06:16:28 Started transferring output files
...
040 (15556765.515.000) 10/21 06:16:28 Finished transferring output files
...
005 (15556765.515.000) 10/21 06:16:28 Job terminated.
	(1) Normal termination (return value 0)
		Usr 0 00:07:26, Sys 0 00:00:06  -  Run Remote Usage
		Usr 0 00:00:00, Sys 0 00:00:00  -  Run Local Usage
		Usr 0 00:07:26, Sys 0 00:00:06  -  Total Remote Usage
		Usr 0 00:00:00, Sys 0 00:00:00  -  Total Local Usage
	13970  -  Run Bytes Sent By Job
	229  -  Run Bytes Received By Job
	13970  -  Total Bytes Sent By Job
	229  -  Total Bytes Received By Job
	Partitionable Resources :    Usage  Request Allocated 
	   Cpus                 :        0        1         1 
	   Disk (KB)            :       56        1      3850 
	   GPUs                 :                           0 
	   Memory (MB)          :     1601     2000      2000 

	Job terminated of its own accord at 2024-10-21T04:16:28Z with exit-code 0.
...
