000 (15556765.368.000) 10/21 05:59:06 Job submitted from host: <188.184.90.241:9618?addrs=188.184.90.241-9618+[2001-1458-201-e4--100-2eb]-9618&alias=bigbird15.cern.ch&noUDP&sock=schedd_25064_65d2>
...
040 (15556765.368.000) 10/21 06:01:56 Started transferring input files
	Transferring to host: <128.142.137.103:9618?addrs=128.142.137.103-9618+[2001-1458-301-5e--100-5b]-9618&alias=b9g19p5299.cern.ch&noUDP&sock=slot1_5_2741_0849_173737>
...
040 (15556765.368.000) 10/21 06:01:56 Finished transferring input files
...
001 (15556765.368.000) 10/21 06:01:57 Job executing on host: <128.142.137.103:9618?addrs=128.142.137.103-9618+[2001-1458-301-5e--100-5b]-9618&alias=b9g19p5299.cern.ch&noUDP&sock=startd_2407_948c>
	SlotName: slot1_5@b9g19p5299.cern.ch
	CondorScratchDir = "/pool/condor/dir_922693"
	Cpus = 1
	Disk = 1703051
	Memory = 2000
...
006 (15556765.368.000) 10/21 06:02:05 Image size of job updated: 147820
	145  -  MemoryUsage of job (MB)
	147820  -  ResidentSetSize of job (KB)
...
006 (15556765.368.000) 10/21 06:07:05 Image size of job updated: 773128
	756  -  MemoryUsage of job (MB)
	773128  -  ResidentSetSize of job (KB)
...
040 (15556765.368.000) 10/21 06:10:29 Started transferring output files
...
040 (15556765.368.000) 10/21 06:10:29 Finished transferring output files
...
005 (15556765.368.000) 10/21 06:10:29 Job terminated.
	(1) Normal termination (return value 0)
		Usr 0 00:07:20, Sys 0 00:00:07  -  Run Remote Usage
		Usr 0 00:00:00, Sys 0 00:00:00  -  Run Local Usage
		Usr 0 00:07:20, Sys 0 00:00:07  -  Total Remote Usage
		Usr 0 00:00:00, Sys 0 00:00:00  -  Total Local Usage
	12316  -  Run Bytes Sent By Job
	229  -  Run Bytes Received By Job
	12316  -  Total Bytes Sent By Job
	229  -  Total Bytes Received By Job
	Partitionable Resources :    Usage  Request Allocated 
	   Cpus                 :     0.87        1         1 
	   Disk (KB)            :    53           1   1703051 
	   Memory (MB)          :   756        2000      2000 

	Job terminated of its own accord at 2024-10-21T04:10:29Z with exit-code 0.
...
