000 (15556765.673.000) 10/21 05:59:06 Job submitted from host: <188.184.90.241:9618?addrs=188.184.90.241-9618+[2001-1458-201-e4--100-2eb]-9618&alias=bigbird15.cern.ch&noUDP&sock=schedd_25064_65d2>
...
040 (15556765.673.000) 10/21 06:06:40 Started transferring input files
	Transferring to host: <128.142.132.94:9618?addrs=128.142.132.94-9618+[2001-1458-301-5a--100-52]-9618&alias=b9g12p3201.cern.ch&noUDP&sock=slot1_31_2788_25ea_3041>
...
040 (15556765.673.000) 10/21 06:06:40 Finished transferring input files
...
001 (15556765.673.000) 10/21 06:06:42 Job executing on host: <128.142.132.94:9618?addrs=128.142.132.94-9618+[2001-1458-301-5a--100-52]-9618&alias=b9g12p3201.cern.ch&noUDP&sock=startd_2413_b21e>
	SlotName: slot1_31@b9g12p3201.cern.ch
	CondorScratchDir = "/pool/condor/dir_606057"
	Cpus = 1
	Disk = 2658
	GPUs = 0
	Memory = 2000
...
006 (15556765.673.000) 10/21 06:06:50 Image size of job updated: 143036
	140  -  MemoryUsage of job (MB)
	143036  -  ResidentSetSize of job (KB)
...
040 (15556765.673.000) 10/21 06:08:43 Started transferring output files
...
040 (15556765.673.000) 10/21 06:08:43 Finished transferring output files
...
005 (15556765.673.000) 10/21 06:08:43 Job terminated.
	(1) Normal termination (return value 0)
		Usr 0 00:01:39, Sys 0 00:00:06  -  Run Remote Usage
		Usr 0 00:00:00, Sys 0 00:00:00  -  Run Local Usage
		Usr 0 00:01:39, Sys 0 00:00:06  -  Total Remote Usage
		Usr 0 00:00:00, Sys 0 00:00:00  -  Total Local Usage
	3273  -  Run Bytes Sent By Job
	229  -  Run Bytes Received By Job
	3273  -  Total Bytes Sent By Job
	229  -  Total Bytes Received By Job
	Partitionable Resources :    Usage  Request Allocated 
	   Cpus                 :        0        1         1 
	   Disk (KB)            :       45        1      2658 
	   GPUs                 :                           0 
	   Memory (MB)          :      140     2000      2000 

	Job terminated of its own accord at 2024-10-21T04:08:42Z with exit-code 0.
...
