000 (15556765.651.000) 10/21 05:59:06 Job submitted from host: <188.184.90.241:9618?addrs=188.184.90.241-9618+[2001-1458-201-e4--100-2eb]-9618&alias=bigbird15.cern.ch&noUDP&sock=schedd_25064_65d2>
...
040 (15556765.651.000) 10/21 06:06:33 Started transferring input files
	Transferring to host: <128.142.131.48:9618?addrs=128.142.131.48-9618+[2001-1458-301-59--100-24]-9618&alias=b9g11p2001.cern.ch&noUDP&sock=slot1_1_1162384_6e9d_27696>
...
040 (15556765.651.000) 10/21 06:06:33 Finished transferring input files
...
001 (15556765.651.000) 10/21 06:06:34 Job executing on host: <128.142.131.48:9618?addrs=128.142.131.48-9618+[2001-1458-301-59--100-24]-9618&alias=b9g11p2001.cern.ch&noUDP&sock=startd_2614_90a7>
	SlotName: slot1_1@b9g11p2001.cern.ch
	CondorScratchDir = "/pool/condor/dir_3283097"
	Cpus = 1
	Disk = 1668108
	Memory = 2000
...
006 (15556765.651.000) 10/21 06:06:42 Image size of job updated: 405580
	397  -  MemoryUsage of job (MB)
	405580  -  ResidentSetSize of job (KB)
...
006 (15556765.651.000) 10/21 06:11:42 Image size of job updated: 1174140
	1147  -  MemoryUsage of job (MB)
	1174140  -  ResidentSetSize of job (KB)
...
040 (15556765.651.000) 10/21 06:15:07 Started transferring output files
...
040 (15556765.651.000) 10/21 06:15:07 Finished transferring output files
...
005 (15556765.651.000) 10/21 06:15:07 Job terminated.
	(1) Normal termination (return value 0)
		Usr 0 00:07:25, Sys 0 00:00:07  -  Run Remote Usage
		Usr 0 00:00:00, Sys 0 00:00:00  -  Run Local Usage
		Usr 0 00:07:25, Sys 0 00:00:07  -  Total Remote Usage
		Usr 0 00:00:00, Sys 0 00:00:00  -  Total Local Usage
	12322  -  Run Bytes Sent By Job
	229  -  Run Bytes Received By Job
	12322  -  Total Bytes Sent By Job
	229  -  Total Bytes Received By Job
	Partitionable Resources :    Usage  Request Allocated 
	   Cpus                 :     0.89        1         1 
	   Disk (KB)            :    53           1   1668108 
	   Memory (MB)          :  1147        2000      2000 

	Job terminated of its own accord at 2024-10-21T04:15:07Z with exit-code 0.
...
