000 (15556765.662.000) 10/21 05:59:06 Job submitted from host: <188.184.90.241:9618?addrs=188.184.90.241-9618+[2001-1458-201-e4--100-2eb]-9618&alias=bigbird15.cern.ch&noUDP&sock=schedd_25064_65d2>
...
040 (15556765.662.000) 10/21 06:06:37 Started transferring input files
	Transferring to host: <128.142.131.81:9618?addrs=128.142.131.81-9618+[2001-1458-301-59--100-45]-9618&alias=b9g11p2621.cern.ch&noUDP&sock=slot1_18_395484_014b_53392>
...
040 (15556765.662.000) 10/21 06:06:37 Finished transferring input files
...
001 (15556765.662.000) 10/21 06:06:39 Job executing on host: <128.142.131.81:9618?addrs=128.142.131.81-9618+[2001-1458-301-59--100-45]-9618&alias=b9g11p2621.cern.ch&noUDP&sock=startd_2636_a7bc>
	SlotName: slot1_18@b9g11p2621.cern.ch
	CondorScratchDir = "/pool/condor/dir_3731176"
	Cpus = 1
	Disk = 1758379
	Memory = 2000
...
006 (15556765.662.000) 10/21 06:06:47 Image size of job updated: 560476
	548  -  MemoryUsage of job (MB)
	560476  -  ResidentSetSize of job (KB)
...
006 (15556765.662.000) 10/21 06:11:47 Image size of job updated: 1727532
	1688  -  MemoryUsage of job (MB)
	1727532  -  ResidentSetSize of job (KB)
...
040 (15556765.662.000) 10/21 06:15:23 Started transferring output files
...
040 (15556765.662.000) 10/21 06:15:23 Finished transferring output files
...
005 (15556765.662.000) 10/21 06:15:23 Job terminated.
	(1) Normal termination (return value 0)
		Usr 0 00:07:29, Sys 0 00:00:08  -  Run Remote Usage
		Usr 0 00:00:00, Sys 0 00:00:00  -  Run Local Usage
		Usr 0 00:07:29, Sys 0 00:00:08  -  Total Remote Usage
		Usr 0 00:00:00, Sys 0 00:00:00  -  Total Local Usage
	12542  -  Run Bytes Sent By Job
	229  -  Run Bytes Received By Job
	12542  -  Total Bytes Sent By Job
	229  -  Total Bytes Received By Job
	Partitionable Resources :    Usage  Request Allocated 
	   Cpus                 :        0        1         1 
	   Disk (KB)            :       53        1   1758379 
	   Memory (MB)          :     1688     2000      2000 

	Job terminated of its own accord at 2024-10-21T04:15:23Z with exit-code 0.
...
