000 (15556765.359.000) 10/21 05:59:06 Job submitted from host: <188.184.90.241:9618?addrs=188.184.90.241-9618+[2001-1458-201-e4--100-2eb]-9618&alias=bigbird15.cern.ch&noUDP&sock=schedd_25064_65d2>
...
040 (15556765.359.000) 10/21 06:01:52 Started transferring input files
	Transferring to host: <128.142.33.225:9618?addrs=128.142.33.225-9618+[2001-1458-301-39--100-1e]-9618&alias=b9g24p1582.cern.ch&noUDP&sock=slot1_24_8712_245b_194679>
...
040 (15556765.359.000) 10/21 06:01:52 Finished transferring input files
...
001 (15556765.359.000) 10/21 06:01:53 Job executing on host: <128.142.33.225:9618?addrs=128.142.33.225-9618+[2001-1458-301-39--100-1e]-9618&alias=b9g24p1582.cern.ch&noUDP&sock=startd_7483_4b47>
	SlotName: slot1_24@b9g24p1582.cern.ch
	CondorScratchDir = "/pool/condor/dir_2109514"
	Cpus = 1
	Disk = 2921357
	Memory = 2000
...
006 (15556765.359.000) 10/21 06:02:02 Image size of job updated: 153172
	150  -  MemoryUsage of job (MB)
	152960  -  ResidentSetSize of job (KB)
...
006 (15556765.359.000) 10/21 06:07:03 Image size of job updated: 770980
	751  -  MemoryUsage of job (MB)
	768896  -  ResidentSetSize of job (KB)
...
006 (15556765.359.000) 10/21 06:12:04 Image size of job updated: 771108
	751  -  MemoryUsage of job (MB)
	768896  -  ResidentSetSize of job (KB)
...
006 (15556765.359.000) 10/21 06:15:27 Image size of job updated: 771776
	751  -  MemoryUsage of job (MB)
	768896  -  ResidentSetSize of job (KB)
...
040 (15556765.359.000) 10/21 06:15:27 Started transferring output files
...
040 (15556765.359.000) 10/21 06:15:27 Finished transferring output files
...
005 (15556765.359.000) 10/21 06:15:27 Job terminated.
	(1) Normal termination (return value 0)
		Usr 0 00:04:25, Sys 0 00:00:08  -  Run Remote Usage
		Usr 0 00:00:00, Sys 0 00:00:00  -  Run Local Usage
		Usr 0 00:04:25, Sys 0 00:00:08  -  Total Remote Usage
		Usr 0 00:00:00, Sys 0 00:00:00  -  Total Local Usage
	11471  -  Run Bytes Sent By Job
	229  -  Run Bytes Received By Job
	11471  -  Total Bytes Sent By Job
	229  -  Total Bytes Received By Job
	Partitionable Resources :    Usage  Request Allocated 
	   Cpus                 :     0.53        1         1 
	   Disk (KB)            :    53           1   2921357 
	   Memory (MB)          :   751        2000      2000 

	Job terminated of its own accord at 2024-10-21T04:15:27Z with exit-code 0.
...
