000 (15556765.643.000) 10/21 05:59:06 Job submitted from host: <188.184.90.241:9618?addrs=188.184.90.241-9618+[2001-1458-201-e4--100-2eb]-9618&alias=bigbird15.cern.ch&noUDP&sock=schedd_25064_65d2>
...
040 (15556765.643.000) 10/21 06:06:30 Started transferring input files
	Transferring to host: <128.142.131.176:9618?addrs=128.142.131.176-9618+[2001-1458-301-59--100-a4]-9618&alias=b9g11p6203.cern.ch&noUDP&sock=slot1_10_1318679_6611_54402>
...
040 (15556765.643.000) 10/21 06:06:30 Finished transferring input files
...
001 (15556765.643.000) 10/21 06:06:31 Job executing on host: <128.142.131.176:9618?addrs=128.142.131.176-9618+[2001-1458-301-59--100-a4]-9618&alias=b9g11p6203.cern.ch&noUDP&sock=startd_2680_d5e7>
	SlotName: slot1_10@b9g11p6203.cern.ch
	CondorScratchDir = "/pool/condor/dir_2818165"
	Cpus = 1
	Disk = 1775542
	Memory = 2000
...
006 (15556765.643.000) 10/21 06:06:40 Image size of job updated: 146840
	144  -  MemoryUsage of job (MB)
	146840  -  ResidentSetSize of job (KB)
...
006 (15556765.643.000) 10/21 06:11:41 Image size of job updated: 770324
	753  -  MemoryUsage of job (MB)
	770324  -  ResidentSetSize of job (KB)
...
040 (15556765.643.000) 10/21 06:15:43 Started transferring output files
...
040 (15556765.643.000) 10/21 06:15:43 Finished transferring output files
...
005 (15556765.643.000) 10/21 06:15:43 Job terminated.
	(1) Normal termination (return value 0)
		Usr 0 00:08:24, Sys 0 00:00:07  -  Run Remote Usage
		Usr 0 00:00:00, Sys 0 00:00:00  -  Run Local Usage
		Usr 0 00:08:24, Sys 0 00:00:07  -  Total Remote Usage
		Usr 0 00:00:00, Sys 0 00:00:00  -  Total Local Usage
	13753  -  Run Bytes Sent By Job
	229  -  Run Bytes Received By Job
	13753  -  Total Bytes Sent By Job
	229  -  Total Bytes Received By Job
	Partitionable Resources :    Usage  Request Allocated 
	   Cpus                 :     0.87        1         1 
	   Disk (KB)            :    54           1   1775542 
	   Memory (MB)          :   753        2000      2000 

	Job terminated of its own accord at 2024-10-21T04:15:43Z with exit-code 0.
...
