000 (15556765.602.000) 10/21 05:59:06 Job submitted from host: <188.184.90.241:9618?addrs=188.184.90.241-9618+[2001-1458-201-e4--100-2eb]-9618&alias=bigbird15.cern.ch&noUDP&sock=schedd_25064_65d2>
...
040 (15556765.602.000) 10/21 06:06:14 Started transferring input files
	Transferring to host: <188.185.196.98:9618?addrs=188.185.196.98-9618+[2001-1458-303-23--100-5e]-9618&alias=b9p16p2691.cern.ch&noUDP&sock=slot1_36_3816228_9bab_70028>
...
040 (15556765.602.000) 10/21 06:06:14 Finished transferring input files
...
001 (15556765.602.000) 10/21 06:06:16 Job executing on host: <188.185.196.98:9618?addrs=188.185.196.98-9618+[2001-1458-303-23--100-5e]-9618&alias=b9p16p2691.cern.ch&noUDP&sock=startd_174824_4d1e>
	SlotName: slot1_36@b9p16p2691.cern.ch
	CondorScratchDir = "/pool/condor/dir_3097280"
	Cpus = 1
	Disk = 2887015
	Memory = 2000
...
006 (15556765.602.000) 10/21 06:06:24 Image size of job updated: 410912
	402  -  MemoryUsage of job (MB)
	410912  -  ResidentSetSize of job (KB)
...
006 (15556765.602.000) 10/21 06:11:24 Image size of job updated: 1808948
	1763  -  MemoryUsage of job (MB)
	1805040  -  ResidentSetSize of job (KB)
...
006 (15556765.602.000) 10/21 06:16:25 Image size of job updated: 1820820
	1775  -  MemoryUsage of job (MB)
	1817536  -  ResidentSetSize of job (KB)
...
006 (15556765.602.000) 10/21 06:21:26 Image size of job updated: 1822488
	1776  -  MemoryUsage of job (MB)
	1817816  -  ResidentSetSize of job (KB)
...
006 (15556765.602.000) 10/21 06:26:26 Image size of job updated: 1822488
	1777  -  MemoryUsage of job (MB)
	1819476  -  ResidentSetSize of job (KB)
...
040 (15556765.602.000) 10/21 06:26:26 Started transferring output files
...
040 (15556765.602.000) 10/21 06:26:26 Finished transferring output files
...
009 (15556765.602.000) 10/21 06:26:26 Job was aborted.
	Job removed by SYSTEM_PERIODIC_REMOVE due to wall time exceeded allowed max.
...
