000 (15556765.553.000) 10/21 05:59:06 Job submitted from host: <188.184.90.241:9618?addrs=188.184.90.241-9618+[2001-1458-201-e4--100-2eb]-9618&alias=bigbird15.cern.ch&noUDP&sock=schedd_25064_65d2>
...
040 (15556765.553.000) 10/21 06:05:57 Started transferring input files
	Transferring to host: <128.142.248.65:9618?addrs=128.142.248.65-9618+[2001-1458-301-73--100-131]-9618&alias=b9g23p4661.cern.ch&noUDP&sock=slot1_37_8448_2151_57341>
...
040 (15556765.553.000) 10/21 06:05:57 Finished transferring input files
...
001 (15556765.553.000) 10/21 06:05:58 Job executing on host: <128.142.248.65:9618?addrs=128.142.248.65-9618+[2001-1458-301-73--100-131]-9618&alias=b9g23p4661.cern.ch&noUDP&sock=startd_7840_2a97>
	SlotName: slot1_37@b9g23p4661.cern.ch
	CondorScratchDir = "/pool/condor/dir_331871"
	Cpus = 1
	Disk = 3009705
	Memory = 2000
...
006 (15556765.553.000) 10/21 06:06:07 Image size of job updated: 615408
	601  -  MemoryUsage of job (MB)
	615168  -  ResidentSetSize of job (KB)
...
006 (15556765.553.000) 10/21 06:11:08 Image size of job updated: 1743168
	1701  -  MemoryUsage of job (MB)
	1741532  -  ResidentSetSize of job (KB)
...
006 (15556765.553.000) 10/21 06:16:09 Image size of job updated: 1757856
	1716  -  MemoryUsage of job (MB)
	1756168  -  ResidentSetSize of job (KB)
...
006 (15556765.553.000) 10/21 06:21:09 Image size of job updated: 1759112
	1716  -  MemoryUsage of job (MB)
	1756168  -  ResidentSetSize of job (KB)
...
006 (15556765.553.000) 10/21 06:26:09 Image size of job updated: 1759112
	1716  -  MemoryUsage of job (MB)
	1756368  -  ResidentSetSize of job (KB)
...
040 (15556765.553.000) 10/21 06:26:09 Started transferring output files
...
040 (15556765.553.000) 10/21 06:26:09 Finished transferring output files
...
009 (15556765.553.000) 10/21 06:26:09 Job was aborted.
	Job removed by SYSTEM_PERIODIC_REMOVE due to wall time exceeded allowed max.
...
