000 (15556765.074.000) 10/21 05:59:05 Job submitted from host: <188.184.90.241:9618?addrs=188.184.90.241-9618+[2001-1458-201-e4--100-2eb]-9618&alias=bigbird15.cern.ch&noUDP&sock=schedd_25064_65d2>
...
040 (15556765.074.000) 10/21 06:00:11 Started transferring input files
	Transferring to host: <128.142.192.172:9618?addrs=128.142.192.172-9618+[2001-1458-301-56--100-28]-9618&alias=b9g18p0729.cern.ch&noUDP&sock=slot1_12_4627_e3d5_4119>
...
040 (15556765.074.000) 10/21 06:00:11 Finished transferring input files
...
001 (15556765.074.000) 10/21 06:00:12 Job executing on host: <128.142.192.172:9618?addrs=128.142.192.172-9618+[2001-1458-301-56--100-28]-9618&alias=b9g18p0729.cern.ch&noUDP&sock=startd_3683_cf65>
	SlotName: slot1_12@b9g18p0729.cern.ch
	CondorScratchDir = "/pool/condor/dir_2628665"
	Cpus = 1
	Disk = 3767
	GPUs = 0
	Memory = 2000
...
006 (15556765.074.000) 10/21 06:00:21 Image size of job updated: 574976
	562  -  MemoryUsage of job (MB)
	574976  -  ResidentSetSize of job (KB)
...
006 (15556765.074.000) 10/21 06:05:22 Image size of job updated: 1918168
	1874  -  MemoryUsage of job (MB)
	1918168  -  ResidentSetSize of job (KB)
...
006 (15556765.074.000) 10/21 06:10:22 Image size of job updated: 1918416
	1874  -  MemoryUsage of job (MB)
	1918416  -  ResidentSetSize of job (KB)
...
040 (15556765.074.000) 10/21 06:14:41 Started transferring output files
...
040 (15556765.074.000) 10/21 06:14:41 Finished transferring output files
...
005 (15556765.074.000) 10/21 06:14:41 Job terminated.
	(1) Normal termination (return value 0)
		Usr 0 00:12:40, Sys 0 00:00:09  -  Run Remote Usage
		Usr 0 00:00:00, Sys 0 00:00:00  -  Run Local Usage
		Usr 0 00:12:40, Sys 0 00:00:09  -  Total Remote Usage
		Usr 0 00:00:00, Sys 0 00:00:00  -  Total Local Usage
	12509  -  Run Bytes Sent By Job
	229  -  Run Bytes Received By Job
	12509  -  Total Bytes Sent By Job
	229  -  Total Bytes Received By Job
	Partitionable Resources :    Usage  Request Allocated 
	   Cpus                 :     0.81        1         1 
	   Disk (KB)            :    54           1      3767 
	   GPUs                 :                           0 
	   Memory (MB)          :  1874        2000      2000 

	Job terminated of its own accord at 2024-10-21T04:14:41Z with exit-code 0.
...
000 (15556766.074.000) 10/21 07:29:10 Job submitted from host: <188.184.90.241:9618?addrs=188.184.90.241-9618+[2001-1458-201-e4--100-2eb]-9618&alias=bigbird15.cern.ch&noUDP&sock=schedd_25064_65d2>
...
040 (15556766.074.000) 10/21 07:30:20 Started transferring input files
	Transferring to host: <188.185.206.217:9618?addrs=188.185.206.217-9618+[2001-1458-303-c--100-56]-9618&alias=b9p06p2502.cern.ch&noUDP&sock=slot1_17_3760_0292_68955>
...
040 (15556766.074.000) 10/21 07:30:20 Finished transferring input files
...
001 (15556766.074.000) 10/21 07:30:21 Job executing on host: <188.185.206.217:9618?addrs=188.185.206.217-9618+[2001-1458-303-c--100-56]-9618&alias=b9p06p2502.cern.ch&noUDP&sock=startd_3390_d625>
	SlotName: slot1_17@b9p06p2502.cern.ch
	CondorScratchDir = "/pool/condor/dir_890426"
	Cpus = 1
	Disk = 2489554
	Memory = 2000
...
006 (15556766.074.000) 10/21 07:30:30 Image size of job updated: 186008
	182  -  MemoryUsage of job (MB)
	185832  -  ResidentSetSize of job (KB)
...
006 (15556766.074.000) 10/21 07:35:31 Image size of job updated: 1007348
	982  -  MemoryUsage of job (MB)
	1005372  -  ResidentSetSize of job (KB)
...
006 (15556766.074.000) 10/21 07:40:31 Image size of job updated: 1008572
	982  -  MemoryUsage of job (MB)
	1005524  -  ResidentSetSize of job (KB)
...
006 (15556766.074.000) 10/21 07:45:31 Image size of job updated: 1008608
	982  -  MemoryUsage of job (MB)
	1005524  -  ResidentSetSize of job (KB)
...
040 (15556766.074.000) 10/21 07:50:31 Started transferring output files
...
040 (15556766.074.000) 10/21 07:50:31 Finished transferring output files
...
009 (15556766.074.000) 10/21 07:50:31 Job was aborted.
	Job removed by SYSTEM_PERIODIC_REMOVE due to wall time exceeded allowed max.
...
