000 (15556765.140.000) 10/21 05:59:05 Job submitted from host: <188.184.90.241:9618?addrs=188.184.90.241-9618+[2001-1458-201-e4--100-2eb]-9618&alias=bigbird15.cern.ch&noUDP&sock=schedd_25064_65d2>
...
040 (15556765.140.000) 10/21 06:00:33 Started transferring input files
	Transferring to host: <128.142.161.86:9618?addrs=128.142.161.86-9618+[2001-1458-301-b8--100-14]-9618&alias=b9g03p5293.cern.ch&noUDP&sock=slot1_1_7669_4111_3009>
...
040 (15556765.140.000) 10/21 06:00:33 Finished transferring input files
...
001 (15556765.140.000) 10/21 06:00:34 Job executing on host: <128.142.161.86:9618?addrs=128.142.161.86-9618+[2001-1458-301-b8--100-14]-9618&alias=b9g03p5293.cern.ch&noUDP&sock=startd_6789_448d>
	SlotName: slot1_1@b9g03p5293.cern.ch
	CondorScratchDir = "/pool/condor/dir_3559964"
	Cpus = 1
	Disk = 3979
	GPUs = 0
	Memory = 2000
...
006 (15556765.140.000) 10/21 06:00:43 Image size of job updated: 575092
	562  -  MemoryUsage of job (MB)
	575092  -  ResidentSetSize of job (KB)
...
006 (15556765.140.000) 10/21 06:04:28 Image size of job updated: 954808
	933  -  MemoryUsage of job (MB)
	954808  -  ResidentSetSize of job (KB)
...
040 (15556765.140.000) 10/21 06:04:28 Started transferring output files
...
040 (15556765.140.000) 10/21 06:04:28 Finished transferring output files
...
005 (15556765.140.000) 10/21 06:04:28 Job terminated.
	(1) Normal termination (return value 0)
		Usr 0 00:02:56, Sys 0 00:00:05  -  Run Remote Usage
		Usr 0 00:00:00, Sys 0 00:00:00  -  Run Local Usage
		Usr 0 00:02:56, Sys 0 00:00:05  -  Total Remote Usage
		Usr 0 00:00:00, Sys 0 00:00:00  -  Total Local Usage
	4198  -  Run Bytes Sent By Job
	229  -  Run Bytes Received By Job
	4198  -  Total Bytes Sent By Job
	229  -  Total Bytes Received By Job
	Partitionable Resources :    Usage  Request Allocated 
	   Cpus                 :     0.99        1         1 
	   Disk (KB)            :    46           1      3979 
	   GPUs                 :                           0 
	   Memory (MB)          :   933        2000      2000 

	Job terminated of its own accord at 2024-10-21T04:04:28Z with exit-code 0.
...
