000 (15556765.463.000) 10/21 05:59:06 Job submitted from host: <188.184.90.241:9618?addrs=188.184.90.241-9618+[2001-1458-201-e4--100-2eb]-9618&alias=bigbird15.cern.ch&noUDP&sock=schedd_25064_65d2>
...
040 (15556765.463.000) 10/21 06:05:26 Started transferring input files
	Transferring to host: <128.142.248.245:9618?addrs=128.142.248.245-9618+[2001-1458-301-73--100-f4]-9618&alias=b9g23p8053.cern.ch&noUDP&sock=slot1_30_3170782_82e4_18304>
...
040 (15556765.463.000) 10/21 06:05:26 Finished transferring input files
...
001 (15556765.463.000) 10/21 06:05:27 Job executing on host: <128.142.248.245:9618?addrs=128.142.248.245-9618+[2001-1458-301-73--100-f4]-9618&alias=b9g23p8053.cern.ch&noUDP&sock=startd_6279_7341>
	SlotName: slot1_30@b9g23p8053.cern.ch
	CondorScratchDir = "/pool/condor/dir_628581"
	Cpus = 1
	Disk = 2839127
	Memory = 2000
...
006 (15556765.463.000) 10/21 06:05:36 Image size of job updated: 547316
	535  -  MemoryUsage of job (MB)
	547312  -  ResidentSetSize of job (KB)
...
006 (15556765.463.000) 10/21 06:10:36 Image size of job updated: 1728836
	1688  -  MemoryUsage of job (MB)
	1728036  -  ResidentSetSize of job (KB)
...
040 (15556765.463.000) 10/21 06:10:38 Started transferring output files
...
040 (15556765.463.000) 10/21 06:10:38 Finished transferring output files
...
005 (15556765.463.000) 10/21 06:10:38 Job terminated.
	(1) Normal termination (return value 0)
		Usr 0 00:04:20, Sys 0 00:00:06  -  Run Remote Usage
		Usr 0 00:00:00, Sys 0 00:00:00  -  Run Local Usage
		Usr 0 00:04:20, Sys 0 00:00:06  -  Total Remote Usage
		Usr 0 00:00:00, Sys 0 00:00:00  -  Total Local Usage
	7739  -  Run Bytes Sent By Job
	229  -  Run Bytes Received By Job
	7739  -  Total Bytes Sent By Job
	229  -  Total Bytes Received By Job
	Partitionable Resources :    Usage  Request Allocated 
	   Cpus                 :        0        1         1 
	   Disk (KB)            :      517        1   2839127 
	   Memory (MB)          :     1688     2000      2000 

	Job terminated of its own accord at 2024-10-21T04:10:38Z with exit-code 0.
...
