000 (15556765.228.000) 10/21 05:59:05 Job submitted from host: <188.184.90.241:9618?addrs=188.184.90.241-9618+[2001-1458-201-e4--100-2eb]-9618&alias=bigbird15.cern.ch&noUDP&sock=schedd_25064_65d2>
...
040 (15556765.228.000) 10/21 06:01:05 Started transferring input files
	Transferring to host: <128.142.161.124:9618?addrs=128.142.161.124-9618+[2001-1458-301-b8--100-3a]-9618&alias=b9g03p3589.cern.ch&noUDP&sock=slot1_6_6297_8e59_3063>
...
040 (15556765.228.000) 10/21 06:01:05 Finished transferring input files
...
001 (15556765.228.000) 10/21 06:01:07 Job executing on host: <128.142.161.124:9618?addrs=128.142.161.124-9618+[2001-1458-301-b8--100-3a]-9618&alias=b9g03p3589.cern.ch&noUDP&sock=startd_5579_4ef5>
	SlotName: slot1_6@b9g03p3589.cern.ch
	CondorScratchDir = "/pool/condor/dir_3910092"
	Cpus = 1
	Disk = 4014
	GPUs = 0
	Memory = 2000
...
006 (15556765.228.000) 10/21 06:01:15 Image size of job updated: 173176
	170  -  MemoryUsage of job (MB)
	173176  -  ResidentSetSize of job (KB)
...
006 (15556765.228.000) 10/21 06:06:15 Image size of job updated: 173176
	170  -  MemoryUsage of job (MB)
	173432  -  ResidentSetSize of job (KB)
...
040 (15556765.228.000) 10/21 06:07:43 Started transferring output files
...
040 (15556765.228.000) 10/21 06:07:43 Finished transferring output files
...
005 (15556765.228.000) 10/21 06:07:43 Job terminated.
	(1) Normal termination (return value 0)
		Usr 0 00:05:32, Sys 0 00:00:05  -  Run Remote Usage
		Usr 0 00:00:00, Sys 0 00:00:00  -  Run Local Usage
		Usr 0 00:05:32, Sys 0 00:00:05  -  Total Remote Usage
		Usr 0 00:00:00, Sys 0 00:00:00  -  Total Local Usage
	8866  -  Run Bytes Sent By Job
	229  -  Run Bytes Received By Job
	8866  -  Total Bytes Sent By Job
	229  -  Total Bytes Received By Job
	Partitionable Resources :    Usage  Request Allocated 
	   Cpus                 :     0.89        1         1 
	   Disk (KB)            :    50           1      4014 
	   GPUs                 :                           0 
	   Memory (MB)          :   170        2000      2000 

	Job terminated of its own accord at 2024-10-21T04:07:43Z with exit-code 0.
...
