000 (15556765.642.000) 10/21 05:59:06 Job submitted from host: <188.184.90.241:9618?addrs=188.184.90.241-9618+[2001-1458-201-e4--100-2eb]-9618&alias=bigbird15.cern.ch&noUDP&sock=schedd_25064_65d2>
...
040 (15556765.642.000) 10/21 06:06:30 Started transferring input files
	Transferring to host: <128.142.132.40:9618?addrs=128.142.132.40-9618+[2001-1458-301-5a--100-1c]-9618&alias=b9g12p4588.cern.ch&noUDP&sock=slot1_3_2773_944a_2773>
...
040 (15556765.642.000) 10/21 06:06:30 Finished transferring input files
...
001 (15556765.642.000) 10/21 06:06:31 Job executing on host: <128.142.132.40:9618?addrs=128.142.132.40-9618+[2001-1458-301-5a--100-1c]-9618&alias=b9g12p4588.cern.ch&noUDP&sock=startd_2410_a355>
	SlotName: slot1_3@b9g12p4588.cern.ch
	CondorScratchDir = "/pool/condor/dir_2823285"
	Cpus = 1
	Disk = 2743
	GPUs = 0
	Memory = 2000
...
006 (15556765.642.000) 10/21 06:06:40 Image size of job updated: 704140
	688  -  MemoryUsage of job (MB)
	704140  -  ResidentSetSize of job (KB)
...
006 (15556765.642.000) 10/21 06:11:41 Image size of job updated: 1668420
	1630  -  MemoryUsage of job (MB)
	1668420  -  ResidentSetSize of job (KB)
...
040 (15556765.642.000) 10/21 06:15:39 Started transferring output files
...
040 (15556765.642.000) 10/21 06:15:39 Finished transferring output files
...
005 (15556765.642.000) 10/21 06:15:39 Job terminated.
	(1) Normal termination (return value 0)
		Usr 0 00:08:23, Sys 0 00:00:08  -  Run Remote Usage
		Usr 0 00:00:00, Sys 0 00:00:00  -  Run Local Usage
		Usr 0 00:08:23, Sys 0 00:00:08  -  Total Remote Usage
		Usr 0 00:00:00, Sys 0 00:00:00  -  Total Local Usage
	13818  -  Run Bytes Sent By Job
	229  -  Run Bytes Received By Job
	13818  -  Total Bytes Sent By Job
	229  -  Total Bytes Received By Job
	Partitionable Resources :    Usage  Request Allocated 
	   Cpus                 :     0.97        1         1 
	   Disk (KB)            :    55           1      2743 
	   GPUs                 :                           0 
	   Memory (MB)          :  1630        2000      2000 

	Job terminated of its own accord at 2024-10-21T04:15:39Z with exit-code 0.
...
