000 (15556765.259.000) 10/21 05:59:05 Job submitted from host: <188.184.90.241:9618?addrs=188.184.90.241-9618+[2001-1458-201-e4--100-2eb]-9618&alias=bigbird15.cern.ch&noUDP&sock=schedd_25064_65d2>
...
040 (15556765.259.000) 10/21 06:01:16 Started transferring input files
	Transferring to host: <188.185.214.45:9618?addrs=188.185.214.45-9618+[2001-1458-303-1c--100-29]-9618&alias=b9p29p0139.cern.ch&noUDP&sock=slot1_10_4311_3d48_4821>
...
040 (15556765.259.000) 10/21 06:01:16 Finished transferring input files
...
001 (15556765.259.000) 10/21 06:01:18 Job executing on host: <188.185.214.45:9618?addrs=188.185.214.45-9618+[2001-1458-303-1c--100-29]-9618&alias=b9p29p0139.cern.ch&noUDP&sock=startd_3569_9d99>
	SlotName: slot1_10@b9p29p0139.cern.ch
	CondorScratchDir = "/pool/condor/dir_3857954"
	Cpus = 1
	Disk = 3695
	GPUs = 0
	Memory = 2000
...
006 (15556765.259.000) 10/21 06:01:26 Image size of job updated: 16368
	16  -  MemoryUsage of job (MB)
	16368  -  ResidentSetSize of job (KB)
...
006 (15556765.259.000) 10/21 06:06:26 Image size of job updated: 1054696
	1030  -  MemoryUsage of job (MB)
	1054696  -  ResidentSetSize of job (KB)
...
006 (15556765.259.000) 10/21 06:11:26 Image size of job updated: 1054820
	1031  -  MemoryUsage of job (MB)
	1054820  -  ResidentSetSize of job (KB)
...
006 (15556765.259.000) 10/21 06:16:27 Image size of job updated: 1054892
	1031  -  MemoryUsage of job (MB)
	1054892  -  ResidentSetSize of job (KB)
...
040 (15556765.259.000) 10/21 06:21:27 Started transferring output files
...
040 (15556765.259.000) 10/21 06:21:27 Finished transferring output files
...
009 (15556765.259.000) 10/21 06:21:27 Job was aborted.
	Job removed by SYSTEM_PERIODIC_REMOVE due to wall time exceeded allowed max.
...
