000 (15556765.053.000) 10/21 05:59:05 Job submitted from host: <188.184.90.241:9618?addrs=188.184.90.241-9618+[2001-1458-201-e4--100-2eb]-9618&alias=bigbird15.cern.ch&noUDP&sock=schedd_25064_65d2>
...
040 (15556765.053.000) 10/21 06:00:05 Started transferring input files
	Transferring to host: <188.185.204.157:9618?addrs=188.185.204.157-9618+[2001-1458-303-8--100-91]-9618&alias=b9p02p5912.cern.ch&noUDP&sock=slot1_12_5413_b2b5_81894>
...
040 (15556765.053.000) 10/21 06:00:05 Finished transferring input files
...
001 (15556765.053.000) 10/21 06:00:06 Job executing on host: <188.185.204.157:9618?addrs=188.185.204.157-9618+[2001-1458-303-8--100-91]-9618&alias=b9p02p5912.cern.ch&noUDP&sock=startd_4400_9ccc>
	SlotName: slot1_12@b9p02p5912.cern.ch
	CondorScratchDir = "/pool/condor/dir_4144752"
	Cpus = 1
	Disk = 2464330
	Memory = 2000
...
006 (15556765.053.000) 10/21 06:00:15 Image size of job updated: 790672
	773  -  MemoryUsage of job (MB)
	790664  -  ResidentSetSize of job (KB)
...
006 (15556765.053.000) 10/21 06:05:16 Image size of job updated: 1947176
	1900  -  MemoryUsage of job (MB)
	1945560  -  ResidentSetSize of job (KB)
...
006 (15556765.053.000) 10/21 06:10:17 Image size of job updated: 1947176
	1900  -  MemoryUsage of job (MB)
	1945580  -  ResidentSetSize of job (KB)
...
040 (15556765.053.000) 10/21 06:14:44 Started transferring output files
...
040 (15556765.053.000) 10/21 06:14:44 Finished transferring output files
...
005 (15556765.053.000) 10/21 06:14:44 Job terminated.
	(1) Normal termination (return value 0)
		Usr 0 00:01:45, Sys 0 00:00:06  -  Run Remote Usage
		Usr 0 00:00:00, Sys 0 00:00:00  -  Run Local Usage
		Usr 0 00:01:45, Sys 0 00:00:06  -  Total Remote Usage
		Usr 0 00:00:00, Sys 0 00:00:00  -  Total Local Usage
	2676  -  Run Bytes Sent By Job
	229  -  Run Bytes Received By Job
	2676  -  Total Bytes Sent By Job
	229  -  Total Bytes Received By Job
	Partitionable Resources :    Usage  Request Allocated 
	   Cpus                 :        0        1         1 
	   Disk (KB)            :      611        1   2464330 
	   Memory (MB)          :     1900     2000      2000 

	Job terminated of its own accord at 2024-10-21T04:14:44Z with exit-code 0.
...
000 (15556766.053.000) 10/21 07:29:09 Job submitted from host: <188.184.90.241:9618?addrs=188.184.90.241-9618+[2001-1458-201-e4--100-2eb]-9618&alias=bigbird15.cern.ch&noUDP&sock=schedd_25064_65d2>
...
040 (15556766.053.000) 10/21 07:30:13 Started transferring input files
	Transferring to host: <188.185.198.158:9618?addrs=188.185.198.158-9618+[2001-1458-303-25--100-9a]-9618&alias=b9p15p7777.cern.ch&noUDP&sock=slot1_11_3406_95c4_74965>
...
040 (15556766.053.000) 10/21 07:30:13 Finished transferring input files
...
001 (15556766.053.000) 10/21 07:30:14 Job executing on host: <188.185.198.158:9618?addrs=188.185.198.158-9618+[2001-1458-303-25--100-9a]-9618&alias=b9p15p7777.cern.ch&noUDP&sock=startd_3344_48ca>
	SlotName: slot1_11@b9p15p7777.cern.ch
	CondorScratchDir = "/pool/condor/dir_926139"
	Cpus = 1
	Disk = 3010624
	Memory = 2000
...
006 (15556766.053.000) 10/21 07:30:23 Image size of job updated: 630216
	616  -  MemoryUsage of job (MB)
	629964  -  ResidentSetSize of job (KB)
...
006 (15556766.053.000) 10/21 07:35:24 Image size of job updated: 2025184
	1976  -  MemoryUsage of job (MB)
	2023132  -  ResidentSetSize of job (KB)
...
006 (15556766.053.000) 10/21 07:40:24 Image size of job updated: 2027088
	1977  -  MemoryUsage of job (MB)
	2023456  -  ResidentSetSize of job (KB)
...
040 (15556766.053.000) 10/21 07:50:24 Started transferring output files
...
040 (15556766.053.000) 10/21 07:50:24 Finished transferring output files
...
009 (15556766.053.000) 10/21 07:50:24 Job was aborted.
	Job removed by SYSTEM_PERIODIC_REMOVE due to wall time exceeded allowed max.
...
