000 (15556765.654.000) 10/21 05:59:06 Job submitted from host: <188.184.90.241:9618?addrs=188.184.90.241-9618+[2001-1458-201-e4--100-2eb]-9618&alias=bigbird15.cern.ch&noUDP&sock=schedd_25064_65d2>
...
040 (15556765.654.000) 10/21 06:06:34 Started transferring input files
	Transferring to host: <128.142.131.177:9618?addrs=128.142.131.177-9618+[2001-1458-301-59--100-a5]-9618&alias=b9g11p2607.cern.ch&noUDP&sock=slot1_4_2968_f972_56192>
...
040 (15556765.654.000) 10/21 06:06:34 Finished transferring input files
...
001 (15556765.654.000) 10/21 06:06:35 Job executing on host: <128.142.131.177:9618?addrs=128.142.131.177-9618+[2001-1458-301-59--100-a5]-9618&alias=b9g11p2607.cern.ch&noUDP&sock=startd_2661_cd9a>
	SlotName: slot1_4@b9g11p2607.cern.ch
	CondorScratchDir = "/pool/condor/dir_1344609"
	Cpus = 1
	Disk = 1616815
	Memory = 2000
...
006 (15556765.654.000) 10/21 06:06:44 Image size of job updated: 146320
	143  -  MemoryUsage of job (MB)
	146320  -  ResidentSetSize of job (KB)
...
006 (15556765.654.000) 10/21 06:11:46 Image size of job updated: 766916
	749  -  MemoryUsage of job (MB)
	766916  -  ResidentSetSize of job (KB)
...
040 (15556765.654.000) 10/21 06:15:55 Started transferring output files
...
040 (15556765.654.000) 10/21 06:15:55 Finished transferring output files
...
005 (15556765.654.000) 10/21 06:15:55 Job terminated.
	(1) Normal termination (return value 0)
		Usr 0 00:08:04, Sys 0 00:00:09  -  Run Remote Usage
		Usr 0 00:00:00, Sys 0 00:00:00  -  Run Local Usage
		Usr 0 00:08:04, Sys 0 00:00:09  -  Total Remote Usage
		Usr 0 00:00:00, Sys 0 00:00:00  -  Total Local Usage
	13326  -  Run Bytes Sent By Job
	229  -  Run Bytes Received By Job
	13326  -  Total Bytes Sent By Job
	229  -  Total Bytes Received By Job
	Partitionable Resources :    Usage  Request Allocated 
	   Cpus                 :     0.97        1         1 
	   Disk (KB)            :    54           1   1616815 
	   Memory (MB)          :   749        2000      2000 

	Job terminated of its own accord at 2024-10-21T04:15:55Z with exit-code 0.
...
