000 (15556765.520.000) 10/21 05:59:06 Job submitted from host: <188.184.90.241:9618?addrs=188.184.90.241-9618+[2001-1458-201-e4--100-2eb]-9618&alias=bigbird15.cern.ch&noUDP&sock=schedd_25064_65d2>
...
040 (15556765.520.000) 10/21 06:05:46 Started transferring input files
	Transferring to host: <188.185.196.53:9618?addrs=188.185.196.53-9618+[2001-1458-303-23--100-31]-9618&alias=b9p16p4264.cern.ch&noUDP&sock=slot1_24_973482_e25b_21758>
...
040 (15556765.520.000) 10/21 06:05:46 Finished transferring input files
...
001 (15556765.520.000) 10/21 06:05:47 Job executing on host: <188.185.196.53:9618?addrs=188.185.196.53-9618+[2001-1458-303-23--100-31]-9618&alias=b9p16p4264.cern.ch&noUDP&sock=startd_7853_1552>
	SlotName: slot1_24@b9p16p4264.cern.ch
	CondorScratchDir = "/pool/condor/dir_1693460"
	Cpus = 1
	Disk = 2964681
	Memory = 2000
...
006 (15556765.520.000) 10/21 06:05:56 Image size of job updated: 587032
	574  -  MemoryUsage of job (MB)
	586848  -  ResidentSetSize of job (KB)
...
006 (15556765.520.000) 10/21 06:07:27 Image size of job updated: 2364556
	1590  -  MemoryUsage of job (MB)
	1627752  -  ResidentSetSize of job (KB)
...
040 (15556765.520.000) 10/21 06:07:27 Started transferring output files
...
040 (15556765.520.000) 10/21 06:07:27 Finished transferring output files
...
005 (15556765.520.000) 10/21 06:07:27 Job terminated.
	(1) Normal termination (return value 0)
		Usr 0 00:01:08, Sys 0 00:00:05  -  Run Remote Usage
		Usr 0 00:00:00, Sys 0 00:00:00  -  Run Local Usage
		Usr 0 00:01:08, Sys 0 00:00:05  -  Total Remote Usage
		Usr 0 00:00:00, Sys 0 00:00:00  -  Total Local Usage
	2709  -  Run Bytes Sent By Job
	229  -  Run Bytes Received By Job
	2709  -  Total Bytes Sent By Job
	229  -  Total Bytes Received By Job
	Partitionable Resources :    Usage  Request Allocated 
	   Cpus                 :        0        1         1 
	   Disk (KB)            :       44        1   2964681 
	   Memory (MB)          :     1590     2000      2000 

	Job terminated of its own accord at 2024-10-21T04:07:27Z with exit-code 0.
...
