000 (15556765.019.000) 10/21 05:59:05 Job submitted from host: <188.184.90.241:9618?addrs=188.184.90.241-9618+[2001-1458-201-e4--100-2eb]-9618&alias=bigbird15.cern.ch&noUDP&sock=schedd_25064_65d2>
...
040 (15556765.019.000) 10/21 05:59:54 Started transferring input files
	Transferring to host: <188.185.198.105:9618?addrs=188.185.198.105-9618+[2001-1458-303-25--100-65]-9618&alias=b9p15p7236.cern.ch&noUDP&sock=slot1_17_9432_7279_3014>
...
040 (15556765.019.000) 10/21 05:59:54 Finished transferring input files
...
001 (15556765.019.000) 10/21 05:59:55 Job executing on host: <188.185.198.105:9618?addrs=188.185.198.105-9618+[2001-1458-303-25--100-65]-9618&alias=b9p15p7236.cern.ch&noUDP&sock=startd_9392_b593>
	SlotName: slot1_17@b9p15p7236.cern.ch
	CondorScratchDir = "/pool/condor/dir_72132"
	Cpus = 1
	Disk = 3753
	GPUs = 0
	Memory = 2000
...
006 (15556765.019.000) 10/21 06:00:04 Image size of job updated: 515640
	504  -  MemoryUsage of job (MB)
	515640  -  ResidentSetSize of job (KB)
...
006 (15556765.019.000) 10/21 06:02:26 Image size of job updated: 552848
	540  -  MemoryUsage of job (MB)
	552848  -  ResidentSetSize of job (KB)
...
040 (15556765.019.000) 10/21 06:02:26 Started transferring output files
...
040 (15556765.019.000) 10/21 06:02:26 Finished transferring output files
...
005 (15556765.019.000) 10/21 06:02:26 Job terminated.
	(1) Normal termination (return value 0)
		Usr 0 00:02:07, Sys 0 00:00:07  -  Run Remote Usage
		Usr 0 00:00:00, Sys 0 00:00:00  -  Run Local Usage
		Usr 0 00:02:07, Sys 0 00:00:07  -  Total Remote Usage
		Usr 0 00:00:00, Sys 0 00:00:00  -  Total Local Usage
	2044  -  Run Bytes Sent By Job
	229  -  Run Bytes Received By Job
	2044  -  Total Bytes Sent By Job
	229  -  Total Bytes Received By Job
	Partitionable Resources :    Usage  Request Allocated 
	   Cpus                 :        0        1         1 
	   Disk (KB)            :       44        1      3753 
	   GPUs                 :                           0 
	   Memory (MB)          :      540     2000      2000 

	Job terminated of its own accord at 2024-10-21T04:02:26Z with exit-code 0.
...
000 (15556766.019.000) 10/21 07:29:07 Job submitted from host: <188.184.90.241:9618?addrs=188.184.90.241-9618+[2001-1458-201-e4--100-2eb]-9618&alias=bigbird15.cern.ch&noUDP&sock=schedd_25064_65d2>
...
040 (15556766.019.000) 10/21 07:30:02 Started transferring input files
	Transferring to host: <128.142.248.77:9618?addrs=128.142.248.77-9618+[2001-1458-301-73--100-13d]-9618&alias=b9g23p4081.cern.ch&noUDP&sock=slot1_9_3748049_55b6_81915>
...
040 (15556766.019.000) 10/21 07:30:02 Finished transferring input files
...
001 (15556766.019.000) 10/21 07:30:03 Job executing on host: <128.142.248.77:9618?addrs=128.142.248.77-9618+[2001-1458-301-73--100-13d]-9618&alias=b9g23p4081.cern.ch&noUDP&sock=startd_5146_4e73>
	SlotName: slot1_9@b9g23p4081.cern.ch
	CondorScratchDir = "/pool/condor/dir_1029122"
	Cpus = 1
	Disk = 2858641
	Memory = 2000
...
006 (15556766.019.000) 10/21 07:30:12 Image size of job updated: 2848
	3  -  MemoryUsage of job (MB)
	2652  -  ResidentSetSize of job (KB)
...
006 (15556766.019.000) 10/21 07:35:13 Image size of job updated: 2107812
	2057  -  MemoryUsage of job (MB)
	2105632  -  ResidentSetSize of job (KB)
...
006 (15556766.019.000) 10/21 07:40:14 Image size of job updated: 2119004
	2068  -  MemoryUsage of job (MB)
	2117568  -  ResidentSetSize of job (KB)
...
006 (15556766.019.000) 10/21 07:45:14 Image size of job updated: 2120040
	2068  -  MemoryUsage of job (MB)
	2117568  -  ResidentSetSize of job (KB)
...
040 (15556766.019.000) 10/21 07:50:14 Started transferring output files
...
040 (15556766.019.000) 10/21 07:50:14 Finished transferring output files
...
009 (15556766.019.000) 10/21 07:50:14 Job was aborted.
	Job removed by SYSTEM_PERIODIC_REMOVE due to wall time exceeded allowed max.
...
