000 (15556765.127.000) 10/21 05:59:05 Job submitted from host: <188.184.90.241:9618?addrs=188.184.90.241-9618+[2001-1458-201-e4--100-2eb]-9618&alias=bigbird15.cern.ch&noUDP&sock=schedd_25064_65d2>
...
040 (15556765.127.000) 10/21 06:00:30 Started transferring input files
	Transferring to host: <188.185.198.183:9618?addrs=188.185.198.183-9618+[2001-1458-303-25--100-b3]-9618&alias=b9p15p4930.cern.ch&noUDP&sock=slot1_4_8979_4486_4893>
...
040 (15556765.127.000) 10/21 06:00:30 Finished transferring input files
...
001 (15556765.127.000) 10/21 06:00:31 Job executing on host: <188.185.198.183:9618?addrs=188.185.198.183-9618+[2001-1458-303-25--100-b3]-9618&alias=b9p15p4930.cern.ch&noUDP&sock=startd_8857_be68>
	SlotName: slot1_4@b9p15p4930.cern.ch
	CondorScratchDir = "/pool/condor/dir_1105204"
	Cpus = 1
	Disk = 3822
	GPUs = 0
	Memory = 2000
...
006 (15556765.127.000) 10/21 06:00:39 Image size of job updated: 467236
	457  -  MemoryUsage of job (MB)
	467236  -  ResidentSetSize of job (KB)
...
006 (15556765.127.000) 10/21 06:05:39 Image size of job updated: 1802252
	1761  -  MemoryUsage of job (MB)
	1802252  -  ResidentSetSize of job (KB)
...
006 (15556765.127.000) 10/21 06:10:39 Image size of job updated: 1802412
	1761  -  MemoryUsage of job (MB)
	1802412  -  ResidentSetSize of job (KB)
...
006 (15556765.127.000) 10/21 06:15:40 Image size of job updated: 1802640
	1761  -  MemoryUsage of job (MB)
	1802640  -  ResidentSetSize of job (KB)
...
040 (15556765.127.000) 10/21 06:18:02 Started transferring output files
...
040 (15556765.127.000) 10/21 06:18:02 Finished transferring output files
...
005 (15556765.127.000) 10/21 06:18:02 Job terminated.
	(1) Normal termination (return value 0)
		Usr 0 00:13:38, Sys 0 00:00:08  -  Run Remote Usage
		Usr 0 00:00:00, Sys 0 00:00:00  -  Run Local Usage
		Usr 0 00:13:38, Sys 0 00:00:08  -  Total Remote Usage
		Usr 0 00:00:00, Sys 0 00:00:00  -  Total Local Usage
	12228  -  Run Bytes Sent By Job
	229  -  Run Bytes Received By Job
	12228  -  Total Bytes Sent By Job
	229  -  Total Bytes Received By Job
	Partitionable Resources :    Usage  Request Allocated 
	   Cpus                 :     0.96        1         1 
	   Disk (KB)            :    54           1      3822 
	   GPUs                 :                           0 
	   Memory (MB)          :  1761        2000      2000 

	Job terminated of its own accord at 2024-10-21T04:18:02Z with exit-code 0.
...
