000 (15556765.156.000) 10/21 05:59:05 Job submitted from host: <188.184.90.241:9618?addrs=188.184.90.241-9618+[2001-1458-201-e4--100-2eb]-9618&alias=bigbird15.cern.ch&noUDP&sock=schedd_25064_65d2>
...
040 (15556765.156.000) 10/21 06:00:39 Started transferring input files
	Transferring to host: <188.185.214.75:9618?addrs=188.185.214.75-9618+[2001-1458-303-1c--100-47]-9618&alias=b9p29p5305.cern.ch&noUDP&sock=slot1_5_4678_d2f7_5735>
...
040 (15556765.156.000) 10/21 06:00:39 Finished transferring input files
...
001 (15556765.156.000) 10/21 06:00:40 Job executing on host: <188.185.214.75:9618?addrs=188.185.214.75-9618+[2001-1458-303-1c--100-47]-9618&alias=b9p29p5305.cern.ch&noUDP&sock=startd_3906_c503>
	SlotName: slot1_5@b9p29p5305.cern.ch
	CondorScratchDir = "/pool/condor/dir_748503"
	Cpus = 1
	Disk = 3775
	GPUs = 0
	Memory = 2000
...
006 (15556765.156.000) 10/21 06:00:49 Image size of job updated: 614628
	601  -  MemoryUsage of job (MB)
	614628  -  ResidentSetSize of job (KB)
...
006 (15556765.156.000) 10/21 06:05:50 Image size of job updated: 1803756
	1762  -  MemoryUsage of job (MB)
	1803756  -  ResidentSetSize of job (KB)
...
040 (15556765.156.000) 10/21 06:06:03 Started transferring output files
...
040 (15556765.156.000) 10/21 06:06:03 Finished transferring output files
...
005 (15556765.156.000) 10/21 06:06:04 Job terminated.
	(1) Normal termination (return value 0)
		Usr 0 00:02:28, Sys 0 00:00:08  -  Run Remote Usage
		Usr 0 00:00:00, Sys 0 00:00:00  -  Run Local Usage
		Usr 0 00:02:28, Sys 0 00:00:08  -  Total Remote Usage
		Usr 0 00:00:00, Sys 0 00:00:00  -  Total Local Usage
	3481  -  Run Bytes Sent By Job
	229  -  Run Bytes Received By Job
	3481  -  Total Bytes Sent By Job
	229  -  Total Bytes Received By Job
	Partitionable Resources :    Usage  Request Allocated 
	   Cpus                 :        0        1         1 
	   Disk (KB)            :       45        1      3775 
	   GPUs                 :                           0 
	   Memory (MB)          :     1762     2000      2000 

	Job terminated of its own accord at 2024-10-21T04:06:03Z with exit-code 0.
...
