000 (15556765.411.000) 10/21 05:59:06 Job submitted from host: <188.184.90.241:9618?addrs=188.184.90.241-9618+[2001-1458-201-e4--100-2eb]-9618&alias=bigbird15.cern.ch&noUDP&sock=schedd_25064_65d2>
...
040 (15556765.411.000) 10/21 06:03:16 Started transferring input files
	Transferring to host: <188.185.195.74:9618?addrs=188.185.195.74-9618+[2001-1458-303-22--100-46]-9618&alias=b9p17p8745.cern.ch&noUDP&sock=slot1_17_6537_a863_3150>
...
040 (15556765.411.000) 10/21 06:03:16 Finished transferring input files
...
001 (15556765.411.000) 10/21 06:03:17 Job executing on host: <188.185.195.74:9618?addrs=188.185.195.74-9618+[2001-1458-303-22--100-46]-9618&alias=b9p17p8745.cern.ch&noUDP&sock=startd_4854_04cb>
	SlotName: slot1_17@b9p17p8745.cern.ch
	CondorScratchDir = "/pool/condor/dir_3141830"
	Cpus = 1
	Disk = 3759
	GPUs = 0
	Memory = 2000
...
006 (15556765.411.000) 10/21 06:03:26 Image size of job updated: 163228
	160  -  MemoryUsage of job (MB)
	163228  -  ResidentSetSize of job (KB)
...
006 (15556765.411.000) 10/21 06:08:27 Image size of job updated: 743728
	727  -  MemoryUsage of job (MB)
	743728  -  ResidentSetSize of job (KB)
...
040 (15556765.411.000) 10/21 06:11:43 Started transferring output files
...
040 (15556765.411.000) 10/21 06:11:43 Finished transferring output files
...
005 (15556765.411.000) 10/21 06:11:43 Job terminated.
	(1) Normal termination (return value 0)
		Usr 0 00:05:14, Sys 0 00:00:08  -  Run Remote Usage
		Usr 0 00:00:00, Sys 0 00:00:00  -  Run Local Usage
		Usr 0 00:05:14, Sys 0 00:00:08  -  Total Remote Usage
		Usr 0 00:00:00, Sys 0 00:00:00  -  Total Local Usage
	8724  -  Run Bytes Sent By Job
	229  -  Run Bytes Received By Job
	8724  -  Total Bytes Sent By Job
	229  -  Total Bytes Received By Job
	Partitionable Resources :    Usage  Request Allocated 
	   Cpus                 :        0        1         1 
	   Disk (KB)            :       51        1      3759 
	   GPUs                 :                           0 
	   Memory (MB)          :      727     2000      2000 

	Job terminated of its own accord at 2024-10-21T04:11:43Z with exit-code 0.
...
