000 (15556765.639.000) 10/21 05:59:06 Job submitted from host: <188.184.90.241:9618?addrs=188.184.90.241-9618+[2001-1458-201-e4--100-2eb]-9618&alias=bigbird15.cern.ch&noUDP&sock=schedd_25064_65d2>
...
040 (15556765.639.000) 10/21 06:06:28 Started transferring input files
	Transferring to host: <128.142.131.123:9618?addrs=128.142.131.123-9618+[2001-1458-301-59--100-6f]-9618&alias=b9g11p3298.cern.ch&noUDP&sock=slot1_19_2951_ff11_193467>
...
040 (15556765.639.000) 10/21 06:06:28 Finished transferring input files
...
001 (15556765.639.000) 10/21 06:06:30 Job executing on host: <128.142.131.123:9618?addrs=128.142.131.123-9618+[2001-1458-301-59--100-6f]-9618&alias=b9g11p3298.cern.ch&noUDP&sock=startd_2631_39c3>
	SlotName: slot1_19@b9g11p3298.cern.ch
	CondorScratchDir = "/pool/condor/dir_3663627"
	Cpus = 1
	Disk = 1686008
	Memory = 2000
...
006 (15556765.639.000) 10/21 06:06:38 Image size of job updated: 624364
	610  -  MemoryUsage of job (MB)
	624364  -  ResidentSetSize of job (KB)
...
006 (15556765.639.000) 10/21 06:11:38 Image size of job updated: 1723496
	1684  -  MemoryUsage of job (MB)
	1723496  -  ResidentSetSize of job (KB)
...
040 (15556765.639.000) 10/21 06:15:02 Started transferring output files
...
040 (15556765.639.000) 10/21 06:15:02 Finished transferring output files
...
005 (15556765.639.000) 10/21 06:15:02 Job terminated.
	(1) Normal termination (return value 0)
		Usr 0 00:07:53, Sys 0 00:00:06  -  Run Remote Usage
		Usr 0 00:00:00, Sys 0 00:00:00  -  Run Local Usage
		Usr 0 00:07:53, Sys 0 00:00:06  -  Total Remote Usage
		Usr 0 00:00:00, Sys 0 00:00:00  -  Total Local Usage
	12756  -  Run Bytes Sent By Job
	229  -  Run Bytes Received By Job
	12756  -  Total Bytes Sent By Job
	229  -  Total Bytes Received By Job
	Partitionable Resources :    Usage  Request Allocated 
	   Cpus                 :     0.97        1         1 
	   Disk (KB)            :    54           1   1686008 
	   Memory (MB)          :  1684        2000      2000 

	Job terminated of its own accord at 2024-10-21T04:15:02Z with exit-code 0.
...
