000 (15556765.379.000) 10/21 05:59:06 Job submitted from host: <188.184.90.241:9618?addrs=188.184.90.241-9618+[2001-1458-201-e4--100-2eb]-9618&alias=bigbird15.cern.ch&noUDP&sock=schedd_25064_65d2>
...
040 (15556765.379.000) 10/21 06:02:01 Started transferring input files
	Transferring to host: <188.185.205.119:9618?addrs=188.185.205.119-9618+[2001-1458-303-9--100-74]-9618&alias=b9p03p4401.cern.ch&noUDP&sock=slot1_8_15249_0cc5_207775>
...
040 (15556765.379.000) 10/21 06:02:01 Finished transferring input files
...
001 (15556765.379.000) 10/21 06:02:02 Job executing on host: <188.185.205.119:9618?addrs=188.185.205.119-9618+[2001-1458-303-9--100-74]-9618&alias=b9p03p4401.cern.ch&noUDP&sock=startd_14262_1fcc>
	SlotName: slot1_8@b9p03p4401.cern.ch
	CondorScratchDir = "/pool/condor/dir_3615953"
	Cpus = 1
	Disk = 2650168
	Memory = 2000
...
006 (15556765.379.000) 10/21 06:02:11 Image size of job updated: 152852
	150  -  MemoryUsage of job (MB)
	152836  -  ResidentSetSize of job (KB)
...
006 (15556765.379.000) 10/21 06:03:31 Image size of job updated: 756372
	150  -  MemoryUsage of job (MB)
	152836  -  ResidentSetSize of job (KB)
...
040 (15556765.379.000) 10/21 06:03:31 Started transferring output files
...
040 (15556765.379.000) 10/21 06:03:31 Finished transferring output files
...
005 (15556765.379.000) 10/21 06:03:31 Job terminated.
	(1) Normal termination (return value 0)
		Usr 0 00:01:06, Sys 0 00:00:05  -  Run Remote Usage
		Usr 0 00:00:00, Sys 0 00:00:00  -  Run Local Usage
		Usr 0 00:01:06, Sys 0 00:00:05  -  Total Remote Usage
		Usr 0 00:00:00, Sys 0 00:00:00  -  Total Local Usage
	2918  -  Run Bytes Sent By Job
	229  -  Run Bytes Received By Job
	2918  -  Total Bytes Sent By Job
	229  -  Total Bytes Received By Job
	Partitionable Resources :    Usage  Request Allocated 
	   Cpus                 :     0.97        1         1 
	   Disk (KB)            :    44           1   2650168 
	   Memory (MB)          :   150        2000      2000 

	Job terminated of its own accord at 2024-10-21T04:03:31Z with exit-code 0.
...
