000 (15556765.438.000) 10/21 05:59:06 Job submitted from host: <188.184.90.241:9618?addrs=188.184.90.241-9618+[2001-1458-201-e4--100-2eb]-9618&alias=bigbird15.cern.ch&noUDP&sock=schedd_25064_65d2>
...
040 (15556765.438.000) 10/21 06:04:42 Started transferring input files
	Transferring to host: <188.185.208.187:9618?addrs=188.185.208.187-9618+[2001-1458-303-10--100-38]-9618&alias=b9p10p2030.cern.ch&noUDP&sock=slot1_20_13444_439c_132968>
...
040 (15556765.438.000) 10/21 06:04:42 Finished transferring input files
...
001 (15556765.438.000) 10/21 06:04:43 Job executing on host: <188.185.208.187:9618?addrs=188.185.208.187-9618+[2001-1458-303-10--100-38]-9618&alias=b9p10p2030.cern.ch&noUDP&sock=startd_12311_e686>
	SlotName: slot1_20@b9p10p2030.cern.ch
	CondorScratchDir = "/pool/condor/dir_933662"
	Cpus = 1
	Disk = 2539235
	Memory = 2000
...
006 (15556765.438.000) 10/21 06:04:51 Image size of job updated: 149588
	146  -  MemoryUsage of job (MB)
	149368  -  ResidentSetSize of job (KB)
...
006 (15556765.438.000) 10/21 06:09:26 Image size of job updated: 755792
	147  -  MemoryUsage of job (MB)
	149624  -  ResidentSetSize of job (KB)
...
040 (15556765.438.000) 10/21 06:09:26 Started transferring output files
...
040 (15556765.438.000) 10/21 06:09:26 Finished transferring output files
...
005 (15556765.438.000) 10/21 06:09:26 Job terminated.
	(1) Normal termination (return value 0)
		Usr 0 00:03:41, Sys 0 00:00:07  -  Run Remote Usage
		Usr 0 00:00:00, Sys 0 00:00:00  -  Run Local Usage
		Usr 0 00:03:41, Sys 0 00:00:07  -  Total Remote Usage
		Usr 0 00:00:00, Sys 0 00:00:00  -  Total Local Usage
	9666  -  Run Bytes Sent By Job
	229  -  Run Bytes Received By Job
	9666  -  Total Bytes Sent By Job
	229  -  Total Bytes Received By Job
	Partitionable Resources :    Usage  Request Allocated 
	   Cpus                 :     0.97        1         1 
	   Disk (KB)            :    52           1   2539235 
	   Memory (MB)          :   147        2000      2000 

	Job terminated of its own accord at 2024-10-21T04:09:26Z with exit-code 0.
...
