000 (15556765.055.000) 10/21 05:59:05 Job submitted from host: <188.184.90.241:9618?addrs=188.184.90.241-9618+[2001-1458-201-e4--100-2eb]-9618&alias=bigbird15.cern.ch&noUDP&sock=schedd_25064_65d2>
...
040 (15556765.055.000) 10/21 06:00:06 Started transferring input files
	Transferring to host: <188.185.209.61:9618?addrs=188.185.209.61-9618+[2001-1458-303-11--100-3a]-9618&alias=b9p11p8216.cern.ch&noUDP&sock=slot1_7_47161_f0d7_92153>
...
040 (15556765.055.000) 10/21 06:00:06 Finished transferring input files
...
001 (15556765.055.000) 10/21 06:00:07 Job executing on host: <188.185.209.61:9618?addrs=188.185.209.61-9618+[2001-1458-303-11--100-3a]-9618&alias=b9p11p8216.cern.ch&noUDP&sock=startd_46134_aa4b>
	SlotName: slot1_7@b9p11p8216.cern.ch
	CondorScratchDir = "/pool/condor/dir_2665062"
	Cpus = 1
	Disk = 2714137
	Memory = 2000
...
006 (15556765.055.000) 10/21 06:00:16 Image size of job updated: 746936
	730  -  MemoryUsage of job (MB)
	746924  -  ResidentSetSize of job (KB)
...
006 (15556765.055.000) 10/21 06:04:10 Image size of job updated: 1912320
	928  -  MemoryUsage of job (MB)
	949468  -  ResidentSetSize of job (KB)
...
040 (15556765.055.000) 10/21 06:04:10 Started transferring output files
...
040 (15556765.055.000) 10/21 06:04:10 Finished transferring output files
...
005 (15556765.055.000) 10/21 06:04:10 Job terminated.
	(1) Normal termination (return value 0)
		Usr 0 00:01:28, Sys 0 00:00:07  -  Run Remote Usage
		Usr 0 00:00:00, Sys 0 00:00:00  -  Run Local Usage
		Usr 0 00:01:28, Sys 0 00:00:07  -  Total Remote Usage
		Usr 0 00:00:00, Sys 0 00:00:00  -  Total Local Usage
	2323  -  Run Bytes Sent By Job
	229  -  Run Bytes Received By Job
	2323  -  Total Bytes Sent By Job
	229  -  Total Bytes Received By Job
	Partitionable Resources :    Usage  Request Allocated 
	   Cpus                 :        0        1         1 
	   Disk (KB)            :       47        1   2714137 
	   Memory (MB)          :      928     2000      2000 

	Job terminated of its own accord at 2024-10-21T04:04:10Z with exit-code 0.
...
000 (15556766.055.000) 10/21 07:29:09 Job submitted from host: <188.184.90.241:9618?addrs=188.184.90.241-9618+[2001-1458-201-e4--100-2eb]-9618&alias=bigbird15.cern.ch&noUDP&sock=schedd_25064_65d2>
...
040 (15556766.055.000) 10/21 07:30:14 Started transferring input files
	Transferring to host: <188.185.192.46:9618?addrs=188.185.192.46-9618+[2001-1458-303-1f--100-2a]-9618&alias=b9p13p2208.cern.ch&noUDP&sock=slot1_16_2848252_f2e8_27472>
...
040 (15556766.055.000) 10/21 07:30:14 Finished transferring input files
...
001 (15556766.055.000) 10/21 07:30:15 Job executing on host: <188.185.192.46:9618?addrs=188.185.192.46-9618+[2001-1458-303-1f--100-2a]-9618&alias=b9p13p2208.cern.ch&noUDP&sock=startd_7286_2b1f>
	SlotName: slot1_16@b9p13p2208.cern.ch
	CondorScratchDir = "/pool/condor/dir_1858942"
	Cpus = 1
	Disk = 3076547
	Memory = 2000
...
006 (15556766.055.000) 10/21 07:30:24 Image size of job updated: 201256
	197  -  MemoryUsage of job (MB)
	201048  -  ResidentSetSize of job (KB)
...
006 (15556766.055.000) 10/21 07:35:25 Image size of job updated: 1041052
	1016  -  MemoryUsage of job (MB)
	1039580  -  ResidentSetSize of job (KB)
...
006 (15556766.055.000) 10/21 07:40:25 Image size of job updated: 1043992
	1018  -  MemoryUsage of job (MB)
	1041804  -  ResidentSetSize of job (KB)
...
006 (15556766.055.000) 10/21 07:45:25 Image size of job updated: 1045100
	1018  -  MemoryUsage of job (MB)
	1041804  -  ResidentSetSize of job (KB)
...
040 (15556766.055.000) 10/21 07:50:25 Started transferring output files
...
040 (15556766.055.000) 10/21 07:50:25 Finished transferring output files
...
009 (15556766.055.000) 10/21 07:50:25 Job was aborted.
	Job removed by SYSTEM_PERIODIC_REMOVE due to wall time exceeded allowed max.
...
