000 (15556765.289.000) 10/21 05:59:05 Job submitted from host: <188.184.90.241:9618?addrs=188.184.90.241-9618+[2001-1458-201-e4--100-2eb]-9618&alias=bigbird15.cern.ch&noUDP&sock=schedd_25064_65d2>
...
040 (15556765.289.000) 10/21 06:01:29 Started transferring input files
	Transferring to host: <128.142.161.86:9618?addrs=128.142.161.86-9618+[2001-1458-301-b8--100-14]-9618&alias=b9g03p5293.cern.ch&noUDP&sock=slot1_9_7669_4111_3011>
...
040 (15556765.289.000) 10/21 06:01:29 Finished transferring input files
...
001 (15556765.289.000) 10/21 06:01:30 Job executing on host: <128.142.161.86:9618?addrs=128.142.161.86-9618+[2001-1458-301-b8--100-14]-9618&alias=b9g03p5293.cern.ch&noUDP&sock=startd_6789_448d>
	SlotName: slot1_9@b9g03p5293.cern.ch
	CondorScratchDir = "/pool/condor/dir_3560708"
	Cpus = 1
	Disk = 3978
	GPUs = 0
	Memory = 2000
...
006 (15556765.289.000) 10/21 06:01:38 Image size of job updated: 196252
	192  -  MemoryUsage of job (MB)
	196252  -  ResidentSetSize of job (KB)
...
040 (15556765.289.000) 10/21 06:06:01 Started transferring output files
...
040 (15556765.289.000) 10/21 06:06:01 Finished transferring output files
...
005 (15556765.289.000) 10/21 06:06:02 Job terminated.
	(1) Normal termination (return value 0)
		Usr 0 00:03:54, Sys 0 00:00:06  -  Run Remote Usage
		Usr 0 00:00:00, Sys 0 00:00:00  -  Run Local Usage
		Usr 0 00:03:54, Sys 0 00:00:06  -  Total Remote Usage
		Usr 0 00:00:00, Sys 0 00:00:00  -  Total Local Usage
	5109  -  Run Bytes Sent By Job
	229  -  Run Bytes Received By Job
	5109  -  Total Bytes Sent By Job
	229  -  Total Bytes Received By Job
	Partitionable Resources :    Usage  Request Allocated 
	   Cpus                 :        0        1         1 
	   Disk (KB)            :       46        1      3978 
	   GPUs                 :                           0 
	   Memory (MB)          :      192     2000      2000 

	Job terminated of its own accord at 2024-10-21T04:06:01Z with exit-code 0.
...
