000 (15556765.196.000) 10/21 05:59:05 Job submitted from host: <188.184.90.241:9618?addrs=188.184.90.241-9618+[2001-1458-201-e4--100-2eb]-9618&alias=bigbird15.cern.ch&noUDP&sock=schedd_25064_65d2>
...
040 (15556765.196.000) 10/21 06:00:53 Started transferring input files
	Transferring to host: <188.185.213.212:9618?addrs=188.185.213.212-9618+[2001-1458-303-1b--100-50]-9618&alias=b9p28p2314.cern.ch&noUDP&sock=slot1_8_4283_82c7_6045>
...
040 (15556765.196.000) 10/21 06:00:53 Finished transferring input files
...
001 (15556765.196.000) 10/21 06:00:54 Job executing on host: <188.185.213.212:9618?addrs=188.185.213.212-9618+[2001-1458-303-1b--100-50]-9618&alias=b9p28p2314.cern.ch&noUDP&sock=startd_3618_39bd>
	SlotName: slot1_8@b9p28p2314.cern.ch
	CondorScratchDir = "/pool/condor/dir_3206386"
	Cpus = 1
	Disk = 3801
	GPUs = 0
	Memory = 2000
...
006 (15556765.196.000) 10/21 06:01:03 Image size of job updated: 566120
	553  -  MemoryUsage of job (MB)
	566120  -  ResidentSetSize of job (KB)
...
006 (15556765.196.000) 10/21 06:06:04 Image size of job updated: 1763612
	1723  -  MemoryUsage of job (MB)
	1763612  -  ResidentSetSize of job (KB)
...
006 (15556765.196.000) 10/21 06:11:04 Image size of job updated: 1763916
	1723  -  MemoryUsage of job (MB)
	1763916  -  ResidentSetSize of job (KB)
...
006 (15556765.196.000) 10/21 06:16:05 Image size of job updated: 1764020
	1723  -  MemoryUsage of job (MB)
	1764020  -  ResidentSetSize of job (KB)
...
040 (15556765.196.000) 10/21 06:21:05 Started transferring output files
...
040 (15556765.196.000) 10/21 06:21:05 Finished transferring output files
...
009 (15556765.196.000) 10/21 06:21:05 Job was aborted.
	Job removed by SYSTEM_PERIODIC_REMOVE due to wall time exceeded allowed max.
...
