000 (15556765.491.000) 10/21 05:59:06 Job submitted from host: <188.184.90.241:9618?addrs=188.184.90.241-9618+[2001-1458-201-e4--100-2eb]-9618&alias=bigbird15.cern.ch&noUDP&sock=schedd_25064_65d2>
...
040 (15556765.491.000) 10/21 06:05:35 Started transferring input files
	Transferring to host: <188.185.194.71:9618?addrs=188.185.194.71-9618+[2001-1458-303-21--100-43]-9618&alias=b9p20p3182.cern.ch&noUDP&sock=slot1_16_3602287_d1cf_70129>
...
040 (15556765.491.000) 10/21 06:05:35 Finished transferring input files
...
001 (15556765.491.000) 10/21 06:05:36 Job executing on host: <188.185.194.71:9618?addrs=188.185.194.71-9618+[2001-1458-303-21--100-43]-9618&alias=b9p20p3182.cern.ch&noUDP&sock=startd_128456_b5c0>
	SlotName: slot1_16@b9p20p3182.cern.ch
	CondorScratchDir = "/pool/condor/dir_1994900"
	Cpus = 1
	Disk = 3061163
	Memory = 2000
...
006 (15556765.491.000) 10/21 06:05:45 Image size of job updated: 155504
	152  -  MemoryUsage of job (MB)
	155020  -  ResidentSetSize of job (KB)
...
006 (15556765.491.000) 10/21 06:10:46 Image size of job updated: 760932
	741  -  MemoryUsage of job (MB)
	758468  -  ResidentSetSize of job (KB)
...
006 (15556765.491.000) 10/21 06:15:17 Image size of job updated: 762156
	741  -  MemoryUsage of job (MB)
	758468  -  ResidentSetSize of job (KB)
...
040 (15556765.491.000) 10/21 06:15:17 Started transferring output files
...
040 (15556765.491.000) 10/21 06:15:17 Finished transferring output files
...
005 (15556765.491.000) 10/21 06:15:17 Job terminated.
	(1) Normal termination (return value 0)
		Usr 0 00:06:15, Sys 0 00:00:07  -  Run Remote Usage
		Usr 0 00:00:00, Sys 0 00:00:00  -  Run Local Usage
		Usr 0 00:06:15, Sys 0 00:00:07  -  Total Remote Usage
		Usr 0 00:00:00, Sys 0 00:00:00  -  Total Local Usage
	10609  -  Run Bytes Sent By Job
	229  -  Run Bytes Received By Job
	10609  -  Total Bytes Sent By Job
	229  -  Total Bytes Received By Job
	Partitionable Resources :    Usage  Request Allocated 
	   Cpus                 :        0        1         1 
	   Disk (KB)            :       52        1   3061163 
	   Memory (MB)          :      741     2000      2000 

	Job terminated of its own accord at 2024-10-21T04:15:17Z with exit-code 0.
...
