000 (15556765.546.000) 10/21 05:59:06 Job submitted from host: <188.184.90.241:9618?addrs=188.184.90.241-9618+[2001-1458-201-e4--100-2eb]-9618&alias=bigbird15.cern.ch&noUDP&sock=schedd_25064_65d2>
...
040 (15556765.546.000) 10/21 06:05:53 Started transferring input files
	Transferring to host: <188.185.192.67:9618?addrs=188.185.192.67-9618+[2001-1458-303-1f--100-3f]-9618&alias=b9p13p9348.cern.ch&noUDP&sock=slot1_11_3774572_300d_19572>
...
040 (15556765.546.000) 10/21 06:05:53 Finished transferring input files
...
001 (15556765.546.000) 10/21 06:05:54 Job executing on host: <188.185.192.67:9618?addrs=188.185.192.67-9618+[2001-1458-303-1f--100-3f]-9618&alias=b9p13p9348.cern.ch&noUDP&sock=startd_6275_b4e0>
	SlotName: slot1_11@b9p13p9348.cern.ch
	CondorScratchDir = "/pool/condor/dir_365292"
	Cpus = 1
	Disk = 2995410
	Memory = 2000
...
006 (15556765.546.000) 10/21 06:06:03 Image size of job updated: 180344
	177  -  MemoryUsage of job (MB)
	180344  -  ResidentSetSize of job (KB)
...
006 (15556765.546.000) 10/21 06:11:03 Image size of job updated: 761576
	743  -  MemoryUsage of job (MB)
	760408  -  ResidentSetSize of job (KB)
...
006 (15556765.546.000) 10/21 06:16:03 Image size of job updated: 774296
	755  -  MemoryUsage of job (MB)
	772756  -  ResidentSetSize of job (KB)
...
006 (15556765.546.000) 10/21 06:21:04 Image size of job updated: 775476
	755  -  MemoryUsage of job (MB)
	772772  -  ResidentSetSize of job (KB)
...
006 (15556765.546.000) 10/21 06:26:05 Image size of job updated: 776340
	755  -  MemoryUsage of job (MB)
	772772  -  ResidentSetSize of job (KB)
...
040 (15556765.546.000) 10/21 06:26:05 Started transferring output files
...
040 (15556765.546.000) 10/21 06:26:05 Finished transferring output files
...
009 (15556765.546.000) 10/21 06:26:05 Job was aborted.
	Job removed by SYSTEM_PERIODIC_REMOVE due to wall time exceeded allowed max.
...
