000 (15556765.281.000) 10/21 05:59:05 Job submitted from host: <188.184.90.241:9618?addrs=188.184.90.241-9618+[2001-1458-201-e4--100-2eb]-9618&alias=bigbird15.cern.ch&noUDP&sock=schedd_25064_65d2>
...
040 (15556765.281.000) 10/21 06:01:25 Started transferring input files
	Transferring to host: <128.142.161.114:9618?addrs=128.142.161.114-9618+[2001-1458-301-b8--100-30]-9618&alias=b9g03p3124.cern.ch&noUDP&sock=slot1_12_3830542_1db1_8826>
...
040 (15556765.281.000) 10/21 06:01:25 Finished transferring input files
...
001 (15556765.281.000) 10/21 06:01:26 Job executing on host: <128.142.161.114:9618?addrs=128.142.161.114-9618+[2001-1458-301-b8--100-30]-9618&alias=b9g03p3124.cern.ch&noUDP&sock=startd_3185_393b>
	SlotName: slot1_12@b9g03p3124.cern.ch
	CondorScratchDir = "/pool/condor/dir_1018599"
	Cpus = 1
	Disk = 2934452
	Memory = 2000
...
006 (15556765.281.000) 10/21 06:01:34 Image size of job updated: 167128
	163  -  MemoryUsage of job (MB)
	166560  -  ResidentSetSize of job (KB)
...
006 (15556765.281.000) 10/21 06:06:34 Image size of job updated: 962452
	937  -  MemoryUsage of job (MB)
	959168  -  ResidentSetSize of job (KB)
...
006 (15556765.281.000) 10/21 06:11:35 Image size of job updated: 966344
	941  -  MemoryUsage of job (MB)
	963128  -  ResidentSetSize of job (KB)
...
006 (15556765.281.000) 10/21 06:16:35 Image size of job updated: 967108
	941  -  MemoryUsage of job (MB)
	963252  -  ResidentSetSize of job (KB)
...
006 (15556765.281.000) 10/21 06:21:35 Image size of job updated: 967108
	941  -  MemoryUsage of job (MB)
	963476  -  ResidentSetSize of job (KB)
...
040 (15556765.281.000) 10/21 06:21:35 Started transferring output files
...
040 (15556765.281.000) 10/21 06:21:35 Finished transferring output files
...
009 (15556765.281.000) 10/21 06:21:35 Job was aborted.
	Job removed by SYSTEM_PERIODIC_REMOVE due to wall time exceeded allowed max.
...
