000 (15556765.543.000) 10/21 05:59:06 Job submitted from host: <188.184.90.241:9618?addrs=188.184.90.241-9618+[2001-1458-201-e4--100-2eb]-9618&alias=bigbird15.cern.ch&noUDP&sock=schedd_25064_65d2>
...
040 (15556765.543.000) 10/21 06:05:53 Started transferring input files
	Transferring to host: <188.185.198.166:9618?addrs=188.185.198.166-9618+[2001-1458-303-25--100-a2]-9618&alias=b9p15p7738.cern.ch&noUDP&sock=slot1_26_11493_9bac_82217>
...
040 (15556765.543.000) 10/21 06:05:53 Finished transferring input files
...
001 (15556765.543.000) 10/21 06:05:54 Job executing on host: <188.185.198.166:9618?addrs=188.185.198.166-9618+[2001-1458-303-25--100-a2]-9618&alias=b9p15p7738.cern.ch&noUDP&sock=startd_11431_4b2f>
	SlotName: slot1_26@b9p15p7738.cern.ch
	CondorScratchDir = "/pool/condor/dir_2680898"
	Cpus = 1
	Disk = 3031751
	Memory = 2000
...
006 (15556765.543.000) 10/21 06:06:03 Image size of job updated: 804212
	786  -  MemoryUsage of job (MB)
	803964  -  ResidentSetSize of job (KB)
...
006 (15556765.543.000) 10/21 06:11:04 Image size of job updated: 1706728
	1663  -  MemoryUsage of job (MB)
	1702724  -  ResidentSetSize of job (KB)
...
006 (15556765.543.000) 10/21 06:16:04 Image size of job updated: 1716720
	1675  -  MemoryUsage of job (MB)
	1714360  -  ResidentSetSize of job (KB)
...
006 (15556765.543.000) 10/21 06:21:04 Image size of job updated: 1717180
	1675  -  MemoryUsage of job (MB)
	1714364  -  ResidentSetSize of job (KB)
...
006 (15556765.543.000) 10/21 06:26:04 Image size of job updated: 1718416
	1675  -  MemoryUsage of job (MB)
	1714364  -  ResidentSetSize of job (KB)
...
040 (15556765.543.000) 10/21 06:26:04 Started transferring output files
...
040 (15556765.543.000) 10/21 06:26:04 Finished transferring output files
...
009 (15556765.543.000) 10/21 06:26:04 Job was aborted.
	Job removed by SYSTEM_PERIODIC_REMOVE due to wall time exceeded allowed max.
...
