000 (15556765.069.000) 10/21 05:59:05 Job submitted from host: <188.184.90.241:9618?addrs=188.184.90.241-9618+[2001-1458-201-e4--100-2eb]-9618&alias=bigbird15.cern.ch&noUDP&sock=schedd_25064_65d2>
...
040 (15556765.069.000) 10/21 06:00:10 Started transferring input files
	Transferring to host: <128.142.196.64:9618?addrs=128.142.196.64-9618+[2001-1458-301-3c--100-3e]-9618&alias=b9g32p2268.cern.ch&noUDP&sock=slot1_4_6557_bfe4_28309>
...
040 (15556765.069.000) 10/21 06:00:10 Finished transferring input files
...
001 (15556765.069.000) 10/21 06:00:11 Job executing on host: <128.142.196.64:9618?addrs=128.142.196.64-9618+[2001-1458-301-3c--100-3e]-9618&alias=b9g32p2268.cern.ch&noUDP&sock=startd_5145_9edb>
	SlotName: slot1_4@b9g32p2268.cern.ch
	CondorScratchDir = "/pool/condor/dir_1727782"
	Cpus = 1
	Disk = 2666019
	Memory = 2000
...
006 (15556765.069.000) 10/21 06:00:19 Image size of job updated: 175148
	171  -  MemoryUsage of job (MB)
	174868  -  ResidentSetSize of job (KB)
...
006 (15556765.069.000) 10/21 06:05:20 Image size of job updated: 997516
	972  -  MemoryUsage of job (MB)
	994736  -  ResidentSetSize of job (KB)
...
006 (15556765.069.000) 10/21 06:07:05 Image size of job updated: 997884
	972  -  MemoryUsage of job (MB)
	994736  -  ResidentSetSize of job (KB)
...
040 (15556765.069.000) 10/21 06:07:05 Started transferring output files
...
040 (15556765.069.000) 10/21 06:07:05 Finished transferring output files
...
005 (15556765.069.000) 10/21 06:07:06 Job terminated.
	(1) Normal termination (return value 0)
		Usr 0 00:05:26, Sys 0 00:00:06  -  Run Remote Usage
		Usr 0 00:00:00, Sys 0 00:00:00  -  Run Local Usage
		Usr 0 00:05:26, Sys 0 00:00:06  -  Total Remote Usage
		Usr 0 00:00:00, Sys 0 00:00:00  -  Total Local Usage
	10208  -  Run Bytes Sent By Job
	229  -  Run Bytes Received By Job
	10208  -  Total Bytes Sent By Job
	229  -  Total Bytes Received By Job
	Partitionable Resources :    Usage  Request Allocated 
	   Cpus                 :     0.76        1         1 
	   Disk (KB)            :    51           1   2666019 
	   Memory (MB)          :   972        2000      2000 

	Job terminated of its own accord at 2024-10-21T04:07:05Z with exit-code 0.
...
000 (15556766.069.000) 10/21 07:29:10 Job submitted from host: <188.184.90.241:9618?addrs=188.184.90.241-9618+[2001-1458-201-e4--100-2eb]-9618&alias=bigbird15.cern.ch&noUDP&sock=schedd_25064_65d2>
...
040 (15556766.069.000) 10/21 07:30:19 Started transferring input files
	Transferring to host: <128.142.196.45:9618?addrs=128.142.196.45-9618+[2001-1458-301-3c--100-2b]-9618&alias=b9g32p2185.cern.ch&noUDP&sock=slot1_20_3085_6957_70686>
...
040 (15556766.069.000) 10/21 07:30:19 Finished transferring input files
...
001 (15556766.069.000) 10/21 07:30:20 Job executing on host: <128.142.196.45:9618?addrs=128.142.196.45-9618+[2001-1458-301-3c--100-2b]-9618&alias=b9g32p2185.cern.ch&noUDP&sock=startd_2608_7315>
	SlotName: slot1_20@b9g32p2185.cern.ch
	CondorScratchDir = "/pool/condor/dir_439947"
	Cpus = 1
	Disk = 3018307
	Memory = 2000
...
006 (15556766.069.000) 10/21 07:30:29 Image size of job updated: 152016
	149  -  MemoryUsage of job (MB)
	151996  -  ResidentSetSize of job (KB)
...
006 (15556766.069.000) 10/21 07:35:30 Image size of job updated: 1017712
	992  -  MemoryUsage of job (MB)
	1015332  -  ResidentSetSize of job (KB)
...
006 (15556766.069.000) 10/21 07:40:31 Image size of job updated: 1018660
	992  -  MemoryUsage of job (MB)
	1015628  -  ResidentSetSize of job (KB)
...
006 (15556766.069.000) 10/21 07:45:31 Image size of job updated: 1019740
	992  -  MemoryUsage of job (MB)
	1015628  -  ResidentSetSize of job (KB)
...
040 (15556766.069.000) 10/21 07:47:42 Started transferring output files
...
040 (15556766.069.000) 10/21 07:47:42 Finished transferring output files
...
005 (15556766.069.000) 10/21 07:47:42 Job terminated.
	(1) Normal termination (return value 0)
		Usr 0 00:14:42, Sys 0 00:00:11  -  Run Remote Usage
		Usr 0 00:00:00, Sys 0 00:00:00  -  Run Local Usage
		Usr 0 00:14:42, Sys 0 00:00:11  -  Total Remote Usage
		Usr 0 00:00:00, Sys 0 00:00:00  -  Total Local Usage
	24994  -  Run Bytes Sent By Job
	229  -  Run Bytes Received By Job
	24994  -  Total Bytes Sent By Job
	229  -  Total Bytes Received By Job
	Partitionable Resources :    Usage  Request Allocated 
	   Cpus                 :     0.98        1         1 
	   Disk (KB)            :    66           1   3018307 
	   Memory (MB)          :   992        2000      2000 

	Job terminated of its own accord at 2024-10-21T05:47:42Z with exit-code 0.
...
