000 (15556765.212.000) 10/21 05:59:05 Job submitted from host: <188.184.90.241:9618?addrs=188.184.90.241-9618+[2001-1458-201-e4--100-2eb]-9618&alias=bigbird15.cern.ch&noUDP&sock=schedd_25064_65d2>
...
040 (15556765.212.000) 10/21 06:00:58 Started transferring input files
	Transferring to host: <188.185.193.179:9618?addrs=188.185.193.179-9618+[2001-1458-303-20--100-af]-9618&alias=b9p19p5502.cern.ch&noUDP&sock=slot1_28_2605339_c3f2_74147>
...
040 (15556765.212.000) 10/21 06:00:59 Finished transferring input files
...
001 (15556765.212.000) 10/21 06:00:59 Job executing on host: <188.185.193.179:9618?addrs=188.185.193.179-9618+[2001-1458-303-20--100-af]-9618&alias=b9p19p5502.cern.ch&noUDP&sock=startd_166631_95af>
	SlotName: slot1_28@b9p19p5502.cern.ch
	CondorScratchDir = "/pool/condor/dir_3395223"
	Cpus = 1
	Disk = 2965178
	Memory = 2000
...
006 (15556765.212.000) 10/21 06:01:08 Image size of job updated: 1
	0  -  MemoryUsage of job (MB)
	0  -  ResidentSetSize of job (KB)
...
006 (15556765.212.000) 10/21 06:06:09 Image size of job updated: 965308
	941  -  MemoryUsage of job (MB)
	962904  -  ResidentSetSize of job (KB)
...
006 (15556765.212.000) 10/21 06:16:10 Image size of job updated: 965700
	941  -  MemoryUsage of job (MB)
	962904  -  ResidentSetSize of job (KB)
...
040 (15556765.212.000) 10/21 06:21:10 Started transferring output files
...
040 (15556765.212.000) 10/21 06:21:10 Finished transferring output files
...
009 (15556765.212.000) 10/21 06:21:10 Job was aborted.
	Job removed by SYSTEM_PERIODIC_REMOVE due to wall time exceeded allowed max.
...
