000 (15556765.149.000) 10/21 05:59:05 Job submitted from host: <188.184.90.241:9618?addrs=188.184.90.241-9618+[2001-1458-201-e4--100-2eb]-9618&alias=bigbird15.cern.ch&noUDP&sock=schedd_25064_65d2>
...
040 (15556765.149.000) 10/21 06:00:36 Started transferring input files
	Transferring to host: <128.142.192.142:9618?addrs=128.142.192.142-9618+[2001-1458-301-56--100-a]-9618&alias=b9g18p1267.cern.ch&noUDP&sock=slot1_8_7290_36e2_29329>
...
040 (15556765.149.000) 10/21 06:00:36 Finished transferring input files
...
001 (15556765.149.000) 10/21 06:00:37 Job executing on host: <128.142.192.142:9618?addrs=128.142.192.142-9618+[2001-1458-301-56--100-a]-9618&alias=b9g18p1267.cern.ch&noUDP&sock=startd_6306_f84f>
	SlotName: slot1_8@b9g18p1267.cern.ch
	CondorScratchDir = "/pool/condor/dir_74288"
	Cpus = 1
	Disk = 2977554
	Memory = 2000
...
006 (15556765.149.000) 10/21 06:00:46 Image size of job updated: 176532
	173  -  MemoryUsage of job (MB)
	176524  -  ResidentSetSize of job (KB)
...
006 (15556765.149.000) 10/21 06:05:47 Image size of job updated: 1027148
	1000  -  MemoryUsage of job (MB)
	1023804  -  ResidentSetSize of job (KB)
...
040 (15556765.149.000) 10/21 06:06:07 Started transferring output files
...
040 (15556765.149.000) 10/21 06:06:07 Finished transferring output files
...
005 (15556765.149.000) 10/21 06:06:07 Job terminated.
	(1) Normal termination (return value 0)
		Usr 0 00:04:06, Sys 0 00:00:08  -  Run Remote Usage
		Usr 0 00:00:00, Sys 0 00:00:00  -  Run Local Usage
		Usr 0 00:04:06, Sys 0 00:00:08  -  Total Remote Usage
		Usr 0 00:00:00, Sys 0 00:00:00  -  Total Local Usage
	4672  -  Run Bytes Sent By Job
	229  -  Run Bytes Received By Job
	4672  -  Total Bytes Sent By Job
	229  -  Total Bytes Received By Job
	Partitionable Resources :    Usage  Request Allocated 
	   Cpus                 :        0        1         1 
	   Disk (KB)            :       45        1   2977554 
	   Memory (MB)          :     1000     2000      2000 

	Job terminated of its own accord at 2024-10-21T04:06:07Z with exit-code 0.
...
