000 (15556765.307.000) 10/21 05:59:05 Job submitted from host: <188.184.90.241:9618?addrs=188.184.90.241-9618+[2001-1458-201-e4--100-2eb]-9618&alias=bigbird15.cern.ch&noUDP&sock=schedd_25064_65d2>
...
040 (15556765.307.000) 10/21 06:01:34 Started transferring input files
	Transferring to host: <188.185.207.204:9618?addrs=188.185.207.204-9618+[2001-1458-303-e--100-49]-9618&alias=b9p08p5225.cern.ch&noUDP&sock=slot1_33_4471_f94f_28147>
...
040 (15556765.307.000) 10/21 06:01:34 Finished transferring input files
...
001 (15556765.307.000) 10/21 06:01:35 Job executing on host: <188.185.207.204:9618?addrs=188.185.207.204-9618+[2001-1458-303-e--100-49]-9618&alias=b9p08p5225.cern.ch&noUDP&sock=startd_3789_846f>
	SlotName: slot1_33@b9p08p5225.cern.ch
	CondorScratchDir = "/pool/condor/dir_3420471"
	Cpus = 1
	Disk = 2733979
	Memory = 2000
...
006 (15556765.307.000) 10/21 06:01:44 Image size of job updated: 179552
	176  -  MemoryUsage of job (MB)
	179456  -  ResidentSetSize of job (KB)
...
006 (15556765.307.000) 10/21 06:06:45 Image size of job updated: 754532
	734  -  MemoryUsage of job (MB)
	750824  -  ResidentSetSize of job (KB)
...
040 (15556765.307.000) 10/21 06:08:04 Started transferring output files
...
040 (15556765.307.000) 10/21 06:08:04 Finished transferring output files
...
005 (15556765.307.000) 10/21 06:08:04 Job terminated.
	(1) Normal termination (return value 0)
		Usr 0 00:03:19, Sys 0 00:00:06  -  Run Remote Usage
		Usr 0 00:00:00, Sys 0 00:00:00  -  Run Local Usage
		Usr 0 00:03:19, Sys 0 00:00:06  -  Total Remote Usage
		Usr 0 00:00:00, Sys 0 00:00:00  -  Total Local Usage
	9092  -  Run Bytes Sent By Job
	229  -  Run Bytes Received By Job
	9092  -  Total Bytes Sent By Job
	229  -  Total Bytes Received By Job
	Partitionable Resources :    Usage  Request Allocated 
	   Cpus                 :     0.95        1         1 
	   Disk (KB)            :   524           1   2733979 
	   Memory (MB)          :   734        2000      2000 

	Job terminated of its own accord at 2024-10-21T04:08:04Z with exit-code 0.
...
