000 (15556765.178.000) 10/21 05:59:05 Job submitted from host: <188.184.90.241:9618?addrs=188.184.90.241-9618+[2001-1458-201-e4--100-2eb]-9618&alias=bigbird15.cern.ch&noUDP&sock=schedd_25064_65d2>
...
040 (15556765.178.000) 10/21 06:00:46 Started transferring input files
	Transferring to host: <188.185.207.188:9618?addrs=188.185.207.188-9618+[2001-1458-303-e--100-39]-9618&alias=b9p08p1116.cern.ch&noUDP&sock=slot1_32_8376_664e_247271>
...
040 (15556765.178.000) 10/21 06:00:46 Finished transferring input files
...
001 (15556765.178.000) 10/21 06:00:47 Job executing on host: <188.185.207.188:9618?addrs=188.185.207.188-9618+[2001-1458-303-e--100-39]-9618&alias=b9p08p1116.cern.ch&noUDP&sock=startd_6930_fb68>
	SlotName: slot1_32@b9p08p1116.cern.ch
	CondorScratchDir = "/pool/condor/dir_2835229"
	Cpus = 1
	Disk = 2699171
	Memory = 2000
...
006 (15556765.178.000) 10/21 06:00:56 Image size of job updated: 174808
	171  -  MemoryUsage of job (MB)
	174668  -  ResidentSetSize of job (KB)
...
006 (15556765.178.000) 10/21 06:05:57 Image size of job updated: 1001348
	976  -  MemoryUsage of job (MB)
	998452  -  ResidentSetSize of job (KB)
...
006 (15556765.178.000) 10/21 06:08:30 Image size of job updated: 1002876
	976  -  MemoryUsage of job (MB)
	998452  -  ResidentSetSize of job (KB)
...
040 (15556765.178.000) 10/21 06:08:30 Started transferring output files
...
040 (15556765.178.000) 10/21 06:08:30 Finished transferring output files
...
005 (15556765.178.000) 10/21 06:08:30 Job terminated.
	(1) Normal termination (return value 0)
		Usr 0 00:04:55, Sys 0 00:00:05  -  Run Remote Usage
		Usr 0 00:00:00, Sys 0 00:00:00  -  Run Local Usage
		Usr 0 00:04:55, Sys 0 00:00:05  -  Total Remote Usage
		Usr 0 00:00:00, Sys 0 00:00:00  -  Total Local Usage
	8094  -  Run Bytes Sent By Job
	229  -  Run Bytes Received By Job
	8094  -  Total Bytes Sent By Job
	229  -  Total Bytes Received By Job
	Partitionable Resources :    Usage  Request Allocated 
	   Cpus                 :     0.95        1         1 
	   Disk (KB)            :    54           1   2699171 
	   Memory (MB)          :   976        2000      2000 

	Job terminated of its own accord at 2024-10-21T04:08:30Z with exit-code 0.
...
