000 (15556765.067.000) 10/21 05:59:05 Job submitted from host: <188.184.90.241:9618?addrs=188.184.90.241-9618+[2001-1458-201-e4--100-2eb]-9618&alias=bigbird15.cern.ch&noUDP&sock=schedd_25064_65d2>
...
040 (15556765.067.000) 10/21 06:00:09 Started transferring input files
	Transferring to host: <128.142.240.13:9618?addrs=128.142.240.13-9618+[2001-1458-301-11--100-d]-9618&alias=b9g29p4811.cern.ch&noUDP&sock=slot1_24_9751_3626_3865>
...
040 (15556765.067.000) 10/21 06:00:09 Finished transferring input files
...
001 (15556765.067.000) 10/21 06:00:10 Job executing on host: <128.142.240.13:9618?addrs=128.142.240.13-9618+[2001-1458-301-11--100-d]-9618&alias=b9g29p4811.cern.ch&noUDP&sock=startd_8534_3151>
	SlotName: slot1_24@b9g29p4811.cern.ch
	CondorScratchDir = "/pool/condor/dir_1343349"
	Cpus = 1
	Disk = 3778
	GPUs = 0
	Memory = 2000
...
006 (15556765.067.000) 10/21 06:00:19 Image size of job updated: 586988
	574  -  MemoryUsage of job (MB)
	586988  -  ResidentSetSize of job (KB)
...
006 (15556765.067.000) 10/21 06:05:20 Image size of job updated: 2500868
	2443  -  MemoryUsage of job (MB)
	2500868  -  ResidentSetSize of job (KB)
...
006 (15556765.067.000) 10/21 06:10:20 Image size of job updated: 2501084
	2443  -  MemoryUsage of job (MB)
	2501084  -  ResidentSetSize of job (KB)
...
040 (15556765.067.000) 10/21 06:14:26 Started transferring output files
...
040 (15556765.067.000) 10/21 06:14:26 Finished transferring output files
...
005 (15556765.067.000) 10/21 06:14:26 Job terminated.
	(1) Normal termination (return value 0)
		Usr 0 00:12:01, Sys 0 00:00:18  -  Run Remote Usage
		Usr 0 00:00:00, Sys 0 00:00:00  -  Run Local Usage
		Usr 0 00:12:01, Sys 0 00:00:18  -  Total Remote Usage
		Usr 0 00:00:00, Sys 0 00:00:00  -  Total Local Usage
	15243  -  Run Bytes Sent By Job
	229  -  Run Bytes Received By Job
	15243  -  Total Bytes Sent By Job
	229  -  Total Bytes Received By Job
	Partitionable Resources :    Usage  Request Allocated 
	   Cpus                 :     0.85        1         1 
	   Disk (KB)            :    57           1      3778 
	   GPUs                 :                           0 
	   Memory (MB)          :  2443        2000      2000 

	Job terminated of its own accord at 2024-10-21T04:14:26Z with exit-code 0.
...
000 (15556766.067.000) 10/21 07:29:10 Job submitted from host: <188.184.90.241:9618?addrs=188.184.90.241-9618+[2001-1458-201-e4--100-2eb]-9618&alias=bigbird15.cern.ch&noUDP&sock=schedd_25064_65d2>
...
040 (15556766.067.000) 10/21 07:30:18 Started transferring input files
	Transferring to host: <128.142.196.64:9618?addrs=128.142.196.64-9618+[2001-1458-301-3c--100-3e]-9618&alias=b9g32p2268.cern.ch&noUDP&sock=slot1_26_6557_bfe4_28371>
...
040 (15556766.067.000) 10/21 07:30:18 Finished transferring input files
...
001 (15556766.067.000) 10/21 07:30:19 Job executing on host: <128.142.196.64:9618?addrs=128.142.196.64-9618+[2001-1458-301-3c--100-3e]-9618&alias=b9g32p2268.cern.ch&noUDP&sock=startd_5145_9edb>
	SlotName: slot1_26@b9g32p2268.cern.ch
	CondorScratchDir = "/pool/condor/dir_1944163"
	Cpus = 1
	Disk = 2662283
	Memory = 2000
...
006 (15556766.067.000) 10/21 07:30:28 Image size of job updated: 175360
	171  -  MemoryUsage of job (MB)
	175080  -  ResidentSetSize of job (KB)
...
006 (15556766.067.000) 10/21 07:35:29 Image size of job updated: 979616
	955  -  MemoryUsage of job (MB)
	977360  -  ResidentSetSize of job (KB)
...
006 (15556766.067.000) 10/21 07:40:30 Image size of job updated: 979772
	955  -  MemoryUsage of job (MB)
	977360  -  ResidentSetSize of job (KB)
...
040 (15556766.067.000) 10/21 07:44:46 Started transferring output files
...
040 (15556766.067.000) 10/21 07:44:46 Finished transferring output files
...
005 (15556766.067.000) 10/21 07:44:46 Job terminated.
	(1) Normal termination (return value 0)
		Usr 0 00:11:56, Sys 0 00:00:09  -  Run Remote Usage
		Usr 0 00:00:00, Sys 0 00:00:00  -  Run Local Usage
		Usr 0 00:11:56, Sys 0 00:00:09  -  Total Remote Usage
		Usr 0 00:00:00, Sys 0 00:00:00  -  Total Local Usage
	20037  -  Run Bytes Sent By Job
	229  -  Run Bytes Received By Job
	20037  -  Total Bytes Sent By Job
	229  -  Total Bytes Received By Job
	Partitionable Resources :    Usage  Request Allocated 
	   Cpus                 :     0.69        1         1 
	   Disk (KB)            :    60           1   2662283 
	   Memory (MB)          :   955        2000      2000 

	Job terminated of its own accord at 2024-10-21T05:44:46Z with exit-code 0.
...
