000 (15556765.666.000) 10/21 05:59:06 Job submitted from host: <188.184.90.241:9618?addrs=188.184.90.241-9618+[2001-1458-201-e4--100-2eb]-9618&alias=bigbird15.cern.ch&noUDP&sock=schedd_25064_65d2>
...
040 (15556765.666.000) 10/21 06:06:38 Started transferring input files
	Transferring to host: <128.142.137.56:9618?addrs=128.142.137.56-9618+[2001-1458-301-5e--100-2c]-9618&alias=b9g19p8168.cern.ch&noUDP&sock=slot1_31_2668_98e6_123666>
...
040 (15556765.666.000) 10/21 06:06:38 Finished transferring input files
...
001 (15556765.666.000) 10/21 06:06:39 Job executing on host: <128.142.137.56:9618?addrs=128.142.137.56-9618+[2001-1458-301-5e--100-2c]-9618&alias=b9g19p8168.cern.ch&noUDP&sock=startd_2356_9938>
	SlotName: slot1_31@b9g19p8168.cern.ch
	CondorScratchDir = "/pool/condor/dir_2108407"
	Cpus = 1
	Disk = 1732442
	Memory = 2000
...
006 (15556765.666.000) 10/21 06:06:48 Image size of job updated: 146944
	144  -  MemoryUsage of job (MB)
	146944  -  ResidentSetSize of job (KB)
...
006 (15556765.666.000) 10/21 06:11:49 Image size of job updated: 765380
	748  -  MemoryUsage of job (MB)
	765380  -  ResidentSetSize of job (KB)
...
040 (15556765.666.000) 10/21 06:16:07 Started transferring output files
...
040 (15556765.666.000) 10/21 06:16:07 Finished transferring output files
...
005 (15556765.666.000) 10/21 06:16:07 Job terminated.
	(1) Normal termination (return value 0)
		Usr 0 00:08:34, Sys 0 00:00:09  -  Run Remote Usage
		Usr 0 00:00:00, Sys 0 00:00:00  -  Run Local Usage
		Usr 0 00:08:34, Sys 0 00:00:09  -  Total Remote Usage
		Usr 0 00:00:00, Sys 0 00:00:00  -  Total Local Usage
	13838  -  Run Bytes Sent By Job
	229  -  Run Bytes Received By Job
	13838  -  Total Bytes Sent By Job
	229  -  Total Bytes Received By Job
	Partitionable Resources :    Usage  Request Allocated 
	   Cpus                 :     0.94        1         1 
	   Disk (KB)            :    55           1   1732442 
	   Memory (MB)          :   748        2000      2000 

	Job terminated of its own accord at 2024-10-21T04:16:06Z with exit-code 0.
...
