000 (15556765.649.000) 10/21 05:59:06 Job submitted from host: <188.184.90.241:9618?addrs=188.184.90.241-9618+[2001-1458-201-e4--100-2eb]-9618&alias=bigbird15.cern.ch&noUDP&sock=schedd_25064_65d2>
...
040 (15556765.649.000) 10/21 06:06:31 Started transferring input files
	Transferring to host: <128.142.131.28:9618?addrs=128.142.131.28-9618+[2001-1458-301-59--100-10]-9618&alias=b9g11p6342.cern.ch&noUDP&sock=slot1_23_2959_a211_193078>
...
040 (15556765.649.000) 10/21 06:06:31 Finished transferring input files
...
001 (15556765.649.000) 10/21 06:06:33 Job executing on host: <128.142.131.28:9618?addrs=128.142.131.28-9618+[2001-1458-301-59--100-10]-9618&alias=b9g11p6342.cern.ch&noUDP&sock=startd_2601_a5ec>
	SlotName: slot1_23@b9g11p6342.cern.ch
	CondorScratchDir = "/pool/condor/dir_171057"
	Cpus = 1
	Disk = 1660441
	Memory = 2000
...
006 (15556765.649.000) 10/21 06:06:41 Image size of job updated: 146500
	144  -  MemoryUsage of job (MB)
	146500  -  ResidentSetSize of job (KB)
...
006 (15556765.649.000) 10/21 06:11:41 Image size of job updated: 766448
	749  -  MemoryUsage of job (MB)
	766448  -  ResidentSetSize of job (KB)
...
040 (15556765.649.000) 10/21 06:15:33 Started transferring output files
...
040 (15556765.649.000) 10/21 06:15:33 Finished transferring output files
...
005 (15556765.649.000) 10/21 06:15:33 Job terminated.
	(1) Normal termination (return value 0)
		Usr 0 00:07:43, Sys 0 00:00:09  -  Run Remote Usage
		Usr 0 00:00:00, Sys 0 00:00:00  -  Run Local Usage
		Usr 0 00:07:43, Sys 0 00:00:09  -  Total Remote Usage
		Usr 0 00:00:00, Sys 0 00:00:00  -  Total Local Usage
	12679  -  Run Bytes Sent By Job
	229  -  Run Bytes Received By Job
	12679  -  Total Bytes Sent By Job
	229  -  Total Bytes Received By Job
	Partitionable Resources :    Usage  Request Allocated 
	   Cpus                 :     0.89        1         1 
	   Disk (KB)            :    54           1   1660441 
	   Memory (MB)          :   749        2000      2000 

	Job terminated of its own accord at 2024-10-21T04:15:33Z with exit-code 0.
...
