000 (15556765.621.000) 10/21 05:59:06 Job submitted from host: <188.184.90.241:9618?addrs=188.184.90.241-9618+[2001-1458-201-e4--100-2eb]-9618&alias=bigbird15.cern.ch&noUDP&sock=schedd_25064_65d2>
...
040 (15556765.621.000) 10/21 06:06:21 Started transferring input files
	Transferring to host: <128.142.33.203:9618?addrs=128.142.33.203-9618+[2001-1458-301-39--100-8]-9618&alias=b9g24p0512.cern.ch&noUDP&sock=slot1_16_4169_3003_3715>
...
040 (15556765.621.000) 10/21 06:06:21 Finished transferring input files
...
001 (15556765.621.000) 10/21 06:06:22 Job executing on host: <128.142.33.203:9618?addrs=128.142.33.203-9618+[2001-1458-301-39--100-8]-9618&alias=b9g24p0512.cern.ch&noUDP&sock=startd_3428_e6be>
	SlotName: slot1_16@b9g24p0512.cern.ch
	CondorScratchDir = "/pool/condor/dir_4087618"
	Cpus = 1
	Disk = 3903
	GPUs = 0
	Memory = 2000
...
006 (15556765.621.000) 10/21 06:06:31 Image size of job updated: 165608
	162  -  MemoryUsage of job (MB)
	165608  -  ResidentSetSize of job (KB)
...
040 (15556765.621.000) 10/21 06:08:18 Started transferring output files
...
040 (15556765.621.000) 10/21 06:08:18 Finished transferring output files
...
005 (15556765.621.000) 10/21 06:08:18 Job terminated.
	(1) Normal termination (return value 0)
		Usr 0 00:01:30, Sys 0 00:00:05  -  Run Remote Usage
		Usr 0 00:00:00, Sys 0 00:00:00  -  Run Local Usage
		Usr 0 00:01:30, Sys 0 00:00:05  -  Total Remote Usage
		Usr 0 00:00:00, Sys 0 00:00:00  -  Total Local Usage
	4974  -  Run Bytes Sent By Job
	229  -  Run Bytes Received By Job
	4974  -  Total Bytes Sent By Job
	229  -  Total Bytes Received By Job
	Partitionable Resources :    Usage  Request Allocated 
	   Cpus                 :        0        1         1 
	   Disk (KB)            :       46        1      3903 
	   GPUs                 :                           0 
	   Memory (MB)          :      162     2000      2000 

	Job terminated of its own accord at 2024-10-21T04:08:18Z with exit-code 0.
...
