000 (15556765.005.000) 10/21 05:59:05 Job submitted from host: <188.184.90.241:9618?addrs=188.184.90.241-9618+[2001-1458-201-e4--100-2eb]-9618&alias=bigbird15.cern.ch&noUDP&sock=schedd_25064_65d2>
...
040 (15556765.005.000) 10/21 05:59:48 Started transferring input files
	Transferring to host: <188.185.192.76:9618?addrs=188.185.192.76-9618+[2001-1458-303-1f--100-48]-9618&alias=b9p13p8750.cern.ch&noUDP&sock=slot1_23_303488_802e_75088>
...
040 (15556765.005.000) 10/21 05:59:48 Finished transferring input files
...
001 (15556765.005.000) 10/21 05:59:49 Job executing on host: <188.185.192.76:9618?addrs=188.185.192.76-9618+[2001-1458-303-1f--100-48]-9618&alias=b9p13p8750.cern.ch&noUDP&sock=startd_127986_543d>
	SlotName: slot1_23@b9p13p8750.cern.ch
	CondorScratchDir = "/pool/condor/dir_2661313"
	Cpus = 1
	Disk = 2954273
	Memory = 2000
...
006 (15556765.005.000) 10/21 05:59:58 Image size of job updated: 684720
	669  -  MemoryUsage of job (MB)
	684460  -  ResidentSetSize of job (KB)
...
006 (15556765.005.000) 10/21 06:03:01 Image size of job updated: 2002096
	1018  -  MemoryUsage of job (MB)
	1041664  -  ResidentSetSize of job (KB)
...
040 (15556765.005.000) 10/21 06:03:01 Started transferring output files
...
040 (15556765.005.000) 10/21 06:03:01 Finished transferring output files
...
005 (15556765.005.000) 10/21 06:03:01 Job terminated.
	(1) Normal termination (return value 0)
		Usr 0 00:02:50, Sys 0 00:00:05  -  Run Remote Usage
		Usr 0 00:00:00, Sys 0 00:00:00  -  Run Local Usage
		Usr 0 00:02:50, Sys 0 00:00:05  -  Total Remote Usage
		Usr 0 00:00:00, Sys 0 00:00:00  -  Total Local Usage
	2892  -  Run Bytes Sent By Job
	229  -  Run Bytes Received By Job
	2892  -  Total Bytes Sent By Job
	229  -  Total Bytes Received By Job
	Partitionable Resources :    Usage  Request Allocated 
	   Cpus                 :     0.96        1         1 
	   Disk (KB)            :    44           1   2954273 
	   Memory (MB)          :  1018        2000      2000 

	Job terminated of its own accord at 2024-10-21T04:03:01Z with exit-code 0.
...
000 (15556766.005.000) 10/21 07:29:07 Job submitted from host: <188.184.90.241:9618?addrs=188.184.90.241-9618+[2001-1458-201-e4--100-2eb]-9618&alias=bigbird15.cern.ch&noUDP&sock=schedd_25064_65d2>
...
040 (15556766.005.000) 10/21 07:29:57 Started transferring input files
	Transferring to host: <188.185.213.228:9618?addrs=188.185.213.228-9618+[2001-1458-303-1b--100-60]-9618&alias=b9p28p4003.cern.ch&noUDP&sock=slot1_5_904447_7b44_2825>
...
040 (15556766.005.000) 10/21 07:29:57 Finished transferring input files
...
001 (15556766.005.000) 10/21 07:29:58 Job executing on host: <188.185.213.228:9618?addrs=188.185.213.228-9618+[2001-1458-303-1b--100-60]-9618&alias=b9p28p4003.cern.ch&noUDP&sock=startd_7313_b02e>
	SlotName: slot1_5@b9p28p4003.cern.ch
	CondorScratchDir = "/pool/condor/dir_225488"
	Cpus = 1
	Disk = 3769
	GPUs = 0
	Memory = 2000
...
006 (15556766.005.000) 10/21 07:30:07 Image size of job updated: 145876
	143  -  MemoryUsage of job (MB)
	145876  -  ResidentSetSize of job (KB)
...
006 (15556766.005.000) 10/21 07:35:08 Image size of job updated: 774936
	757  -  MemoryUsage of job (MB)
	774936  -  ResidentSetSize of job (KB)
...
006 (15556766.005.000) 10/21 07:40:08 Image size of job updated: 790364
	772  -  MemoryUsage of job (MB)
	790364  -  ResidentSetSize of job (KB)
...
040 (15556766.005.000) 10/21 07:50:08 Started transferring output files
...
040 (15556766.005.000) 10/21 07:50:08 Finished transferring output files
...
009 (15556766.005.000) 10/21 07:50:08 Job was aborted.
	Job removed by SYSTEM_PERIODIC_REMOVE due to wall time exceeded allowed max.
...
