000 (15556765.087.000) 10/21 05:59:05 Job submitted from host: <188.184.90.241:9618?addrs=188.184.90.241-9618+[2001-1458-201-e4--100-2eb]-9618&alias=bigbird15.cern.ch&noUDP&sock=schedd_25064_65d2>
...
040 (15556765.087.000) 10/21 06:00:16 Started transferring input files
	Transferring to host: <128.142.131.86:9618?addrs=128.142.131.86-9618+[2001-1458-301-59--100-4a]-9618&alias=b9g11p6145.cern.ch&noUDP&sock=slot1_25_1170795_be13_28000>
...
040 (15556765.087.000) 10/21 06:00:16 Finished transferring input files
...
001 (15556765.087.000) 10/21 06:00:17 Job executing on host: <128.142.131.86:9618?addrs=128.142.131.86-9618+[2001-1458-301-59--100-4a]-9618&alias=b9g11p6145.cern.ch&noUDP&sock=startd_2596_37f2>
	SlotName: slot1_25@b9g11p6145.cern.ch
	CondorScratchDir = "/pool/condor/dir_3698962"
	Cpus = 1
	Disk = 1655059
	Memory = 2000
...
006 (15556765.087.000) 10/21 06:00:26 Image size of job updated: 713528
	697  -  MemoryUsage of job (MB)
	713528  -  ResidentSetSize of job (KB)
...
006 (15556765.087.000) 10/21 06:05:27 Image size of job updated: 1959584
	1914  -  MemoryUsage of job (MB)
	1959584  -  ResidentSetSize of job (KB)
...
040 (15556765.087.000) 10/21 06:16:57 Started transferring output files
...
040 (15556765.087.000) 10/21 06:16:58 Finished transferring output files
...
005 (15556765.087.000) 10/21 06:16:58 Job terminated.
	(1) Normal termination (return value 0)
		Usr 0 00:15:25, Sys 0 00:00:11  -  Run Remote Usage
		Usr 0 00:00:00, Sys 0 00:00:00  -  Run Local Usage
		Usr 0 00:15:25, Sys 0 00:00:11  -  Total Remote Usage
		Usr 0 00:00:00, Sys 0 00:00:00  -  Total Local Usage
	12370  -  Run Bytes Sent By Job
	229  -  Run Bytes Received By Job
	12370  -  Total Bytes Sent By Job
	229  -  Total Bytes Received By Job
	Partitionable Resources :    Usage  Request Allocated 
	   Cpus                 :     1.00        1         1 
	   Disk (KB)            :    53           1   1655059 
	   Memory (MB)          :  1914        2000      2000 

	Job terminated of its own accord at 2024-10-21T04:16:57Z with exit-code 0.
...
000 (15556766.087.000) 10/21 07:29:11 Job submitted from host: <188.184.90.241:9618?addrs=188.184.90.241-9618+[2001-1458-201-e4--100-2eb]-9618&alias=bigbird15.cern.ch&noUDP&sock=schedd_25064_65d2>
...
040 (15556766.087.000) 10/21 07:30:25 Started transferring input files
	Transferring to host: <188.185.194.89:9618?addrs=188.185.194.89-9618+[2001-1458-303-21--100-55]-9618&alias=b9p20p5563.cern.ch&noUDP&sock=slot1_9_7494_f36a_4492>
...
040 (15556766.087.000) 10/21 07:30:25 Finished transferring input files
...
001 (15556766.087.000) 10/21 07:30:26 Job executing on host: <188.185.194.89:9618?addrs=188.185.194.89-9618+[2001-1458-303-21--100-55]-9618&alias=b9p20p5563.cern.ch&noUDP&sock=startd_6607_6e51>
	SlotName: slot1_9@b9p20p5563.cern.ch
	CondorScratchDir = "/pool/condor/dir_3567273"
	Cpus = 1
	Disk = 3801
	GPUs = 0
	Memory = 2000
...
006 (15556766.087.000) 10/21 07:30:35 Image size of job updated: 372764
	365  -  MemoryUsage of job (MB)
	372764  -  ResidentSetSize of job (KB)
...
006 (15556766.087.000) 10/21 07:35:36 Image size of job updated: 2463300
	2406  -  MemoryUsage of job (MB)
	2463300  -  ResidentSetSize of job (KB)
...
006 (15556766.087.000) 10/21 07:40:37 Image size of job updated: 2533580
	2475  -  MemoryUsage of job (MB)
	2533580  -  ResidentSetSize of job (KB)
...
040 (15556766.087.000) 10/21 07:50:37 Started transferring output files
...
040 (15556766.087.000) 10/21 07:50:37 Finished transferring output files
...
009 (15556766.087.000) 10/21 07:50:37 Job was aborted.
	Job removed by SYSTEM_PERIODIC_REMOVE due to wall time exceeded allowed max.
...
