000 (15556765.499.000) 10/21 05:59:06 Job submitted from host: <188.184.90.241:9618?addrs=188.184.90.241-9618+[2001-1458-201-e4--100-2eb]-9618&alias=bigbird15.cern.ch&noUDP&sock=schedd_25064_65d2>
...
040 (15556765.499.000) 10/21 06:05:38 Started transferring input files
	Transferring to host: <188.185.193.35:9618?addrs=188.185.193.35-9618+[2001-1458-303-20--100-1f]-9618&alias=b9p19p3119.cern.ch&noUDP&sock=slot1_26_5844_6067_10103>
...
040 (15556765.499.000) 10/21 06:05:38 Finished transferring input files
...
001 (15556765.499.000) 10/21 06:05:39 Job executing on host: <188.185.193.35:9618?addrs=188.185.193.35-9618+[2001-1458-303-20--100-1f]-9618&alias=b9p19p3119.cern.ch&noUDP&sock=startd_4982_d0eb>
	SlotName: slot1_26@b9p19p3119.cern.ch
	CondorScratchDir = "/pool/condor/dir_2682000"
	Cpus = 1
	Disk = 2924393
	Memory = 2000
...
006 (15556765.499.000) 10/21 06:05:47 Image size of job updated: 153696
	150  -  MemoryUsage of job (MB)
	153232  -  ResidentSetSize of job (KB)
...
006 (15556765.499.000) 10/21 06:10:48 Image size of job updated: 767436
	746  -  MemoryUsage of job (MB)
	763428  -  ResidentSetSize of job (KB)
...
040 (15556765.499.000) 10/21 06:16:00 Started transferring output files
...
040 (15556765.499.000) 10/21 06:16:00 Finished transferring output files
...
005 (15556765.499.000) 10/21 06:16:00 Job terminated.
	(1) Normal termination (return value 0)
		Usr 0 00:07:10, Sys 0 00:00:05  -  Run Remote Usage
		Usr 0 00:00:00, Sys 0 00:00:00  -  Run Local Usage
		Usr 0 00:07:10, Sys 0 00:00:05  -  Total Remote Usage
		Usr 0 00:00:00, Sys 0 00:00:00  -  Total Local Usage
	13466  -  Run Bytes Sent By Job
	229  -  Run Bytes Received By Job
	13466  -  Total Bytes Sent By Job
	229  -  Total Bytes Received By Job
	Partitionable Resources :    Usage  Request Allocated 
	   Cpus                 :     0.88        1         1 
	   Disk (KB)            :    54           1   2924393 
	   Memory (MB)          :   746        2000      2000 

	Job terminated of its own accord at 2024-10-21T04:16:00Z with exit-code 0.
...
