000 (15556765.001.000) 10/21 05:59:05 Job submitted from host: <188.184.90.241:9618?addrs=188.184.90.241-9618+[2001-1458-201-e4--100-2eb]-9618&alias=bigbird15.cern.ch&noUDP&sock=schedd_25064_65d2>
...
040 (15556765.001.000) 10/21 05:59:47 Started transferring input files
	Transferring to host: <128.142.51.203:9618?addrs=128.142.51.203-9618+[2001-1458-301-3--100-8]-9618&alias=b9g02p3210.cern.ch&noUDP&sock=slot1_24_8689_efba_26744>
...
040 (15556765.001.000) 10/21 05:59:47 Finished transferring input files
...
001 (15556765.001.000) 10/21 05:59:48 Job executing on host: <128.142.51.203:9618?addrs=128.142.51.203-9618+[2001-1458-301-3--100-8]-9618&alias=b9g02p3210.cern.ch&noUDP&sock=startd_8192_9bed>
	SlotName: slot1_24@b9g02p3210.cern.ch
	CondorScratchDir = "/pool/condor/dir_1876181"
	Cpus = 1
	Disk = 3001190
	Memory = 2000
...
006 (15556765.001.000) 10/21 05:59:57 Image size of job updated: 202888
	199  -  MemoryUsage of job (MB)
	202760  -  ResidentSetSize of job (KB)
...
006 (15556765.001.000) 10/21 06:01:49 Image size of job updated: 1050356
	199  -  MemoryUsage of job (MB)
	202760  -  ResidentSetSize of job (KB)
...
040 (15556765.001.000) 10/21 06:01:49 Started transferring output files
...
040 (15556765.001.000) 10/21 06:01:49 Finished transferring output files
...
005 (15556765.001.000) 10/21 06:01:49 Job terminated.
	(1) Normal termination (return value 0)
		Usr 0 00:01:42, Sys 0 00:00:05  -  Run Remote Usage
		Usr 0 00:00:00, Sys 0 00:00:00  -  Run Local Usage
		Usr 0 00:01:42, Sys 0 00:00:05  -  Total Remote Usage
		Usr 0 00:00:00, Sys 0 00:00:00  -  Total Local Usage
	1905  -  Run Bytes Sent By Job
	229  -  Run Bytes Received By Job
	1905  -  Total Bytes Sent By Job
	229  -  Total Bytes Received By Job
	Partitionable Resources :    Usage  Request Allocated 
	   Cpus                 :        0        1         1 
	   Disk (KB)            :       43        1   3001190 
	   Memory (MB)          :      199     2000      2000 

	Job terminated of its own accord at 2024-10-21T04:01:49Z with exit-code 0.
...
000 (15556766.001.000) 10/21 07:29:06 Job submitted from host: <188.184.90.241:9618?addrs=188.184.90.241-9618+[2001-1458-201-e4--100-2eb]-9618&alias=bigbird15.cern.ch&noUDP&sock=schedd_25064_65d2>
...
040 (15556766.001.000) 10/21 07:29:56 Started transferring input files
	Transferring to host: <188.185.198.132:9618?addrs=188.185.198.132-9618+[2001-1458-303-25--100-80]-9618&alias=b9p15p3661.cern.ch&noUDP&sock=slot1_3_11533_caae_5425>
...
040 (15556766.001.000) 10/21 07:29:56 Finished transferring input files
...
001 (15556766.001.000) 10/21 07:29:57 Job executing on host: <188.185.198.132:9618?addrs=188.185.198.132-9618+[2001-1458-303-25--100-80]-9618&alias=b9p15p3661.cern.ch&noUDP&sock=startd_11492_2275>
	SlotName: slot1_3@b9p15p3661.cern.ch
	CondorScratchDir = "/pool/condor/dir_3383239"
	Cpus = 1
	Disk = 3836
	GPUs = 0
	Memory = 2000
...
006 (15556766.001.000) 10/21 07:30:06 Image size of job updated: 248140
	243  -  MemoryUsage of job (MB)
	248140  -  ResidentSetSize of job (KB)
...
006 (15556766.001.000) 10/21 07:35:07 Image size of job updated: 2341048
	2287  -  MemoryUsage of job (MB)
	2341048  -  ResidentSetSize of job (KB)
...
006 (15556766.001.000) 10/21 07:50:08 Image size of job updated: 2345080
	2291  -  MemoryUsage of job (MB)
	2345080  -  ResidentSetSize of job (KB)
...
040 (15556766.001.000) 10/21 07:50:08 Started transferring output files
...
040 (15556766.001.000) 10/21 07:50:08 Finished transferring output files
...
009 (15556766.001.000) 10/21 07:50:08 Job was aborted.
	Job removed by SYSTEM_PERIODIC_REMOVE due to wall time exceeded allowed max.
...
