000 (15556765.358.000) 10/21 05:59:06 Job submitted from host: <188.184.90.241:9618?addrs=188.184.90.241-9618+[2001-1458-201-e4--100-2eb]-9618&alias=bigbird15.cern.ch&noUDP&sock=schedd_25064_65d2>
...
040 (15556765.358.000) 10/21 06:01:52 Started transferring input files
	Transferring to host: <188.185.195.57:9618?addrs=188.185.195.57-9618+[2001-1458-303-22--100-35]-9618&alias=b9p17p7907.cern.ch&noUDP&sock=slot1_5_802760_ca7d_76115>
...
040 (15556765.358.000) 10/21 06:01:52 Finished transferring input files
...
001 (15556765.358.000) 10/21 06:01:53 Job executing on host: <188.185.195.57:9618?addrs=188.185.195.57-9618+[2001-1458-303-22--100-35]-9618&alias=b9p17p7907.cern.ch&noUDP&sock=startd_174933_10f0>
	SlotName: slot1_5@b9p17p7907.cern.ch
	CondorScratchDir = "/pool/condor/dir_202223"
	Cpus = 1
	Disk = 3003709
	Memory = 2000
...
006 (15556765.358.000) 10/21 06:02:02 Image size of job updated: 620552
	607  -  MemoryUsage of job (MB)
	620552  -  ResidentSetSize of job (KB)
...
006 (15556765.358.000) 10/21 06:07:03 Image size of job updated: 1639340
	1598  -  MemoryUsage of job (MB)
	1635784  -  ResidentSetSize of job (KB)
...
040 (15556765.358.000) 10/21 06:09:17 Started transferring output files
...
040 (15556765.358.000) 10/21 06:09:17 Finished transferring output files
...
005 (15556765.358.000) 10/21 06:09:17 Job terminated.
	(1) Normal termination (return value 0)
		Usr 0 00:06:08, Sys 0 00:00:05  -  Run Remote Usage
		Usr 0 00:00:00, Sys 0 00:00:00  -  Run Local Usage
		Usr 0 00:06:08, Sys 0 00:00:05  -  Total Remote Usage
		Usr 0 00:00:00, Sys 0 00:00:00  -  Total Local Usage
	13105  -  Run Bytes Sent By Job
	229  -  Run Bytes Received By Job
	13105  -  Total Bytes Sent By Job
	229  -  Total Bytes Received By Job
	Partitionable Resources :    Usage  Request Allocated 
	   Cpus                 :        0        1         1 
	   Disk (KB)            :       54        1   3003709 
	   Memory (MB)          :     1598     2000      2000 

	Job terminated of its own accord at 2024-10-21T04:09:17Z with exit-code 0.
...
