000 (15556765.367.000) 10/21 05:59:06 Job submitted from host: <188.184.90.241:9618?addrs=188.184.90.241-9618+[2001-1458-201-e4--100-2eb]-9618&alias=bigbird15.cern.ch&noUDP&sock=schedd_25064_65d2>
...
040 (15556765.367.000) 10/21 06:01:56 Started transferring input files
	Transferring to host: <128.142.137.161:9618?addrs=128.142.137.161-9618+[2001-1458-301-5e--100-95]-9618&alias=b9g19p5148.cern.ch&noUDP&sock=slot1_18_1996861_f80b_55193>
...
040 (15556765.367.000) 10/21 06:01:56 Finished transferring input files
...
001 (15556765.367.000) 10/21 06:01:57 Job executing on host: <128.142.137.161:9618?addrs=128.142.137.161-9618+[2001-1458-301-5e--100-95]-9618&alias=b9g19p5148.cern.ch&noUDP&sock=startd_2385_7d77>
	SlotName: slot1_18@b9g19p5148.cern.ch
	CondorScratchDir = "/pool/condor/dir_3469140"
	Cpus = 1
	Disk = 1756382
	Memory = 2000
...
006 (15556765.367.000) 10/21 06:02:05 Image size of job updated: 591596
	578  -  MemoryUsage of job (MB)
	591596  -  ResidentSetSize of job (KB)
...
006 (15556765.367.000) 10/21 06:07:05 Image size of job updated: 1722244
	1682  -  MemoryUsage of job (MB)
	1722244  -  ResidentSetSize of job (KB)
...
006 (15556765.367.000) 10/21 06:12:07 Image size of job updated: 1722316
	1682  -  MemoryUsage of job (MB)
	1722316  -  ResidentSetSize of job (KB)
...
040 (15556765.367.000) 10/21 06:17:04 Started transferring output files
...
040 (15556765.367.000) 10/21 06:17:04 Finished transferring output files
...
005 (15556765.367.000) 10/21 06:17:04 Job terminated.
	(1) Normal termination (return value 0)
		Usr 0 00:07:23, Sys 0 00:00:09  -  Run Remote Usage
		Usr 0 00:00:00, Sys 0 00:00:00  -  Run Local Usage
		Usr 0 00:07:23, Sys 0 00:00:09  -  Total Remote Usage
		Usr 0 00:00:00, Sys 0 00:00:00  -  Total Local Usage
	12040  -  Run Bytes Sent By Job
	229  -  Run Bytes Received By Job
	12040  -  Total Bytes Sent By Job
	229  -  Total Bytes Received By Job
	Partitionable Resources :    Usage  Request Allocated 
	   Cpus                 :     0.77        1         1 
	   Disk (KB)            :    53           1   1756382 
	   Memory (MB)          :  1682        2000      2000 

	Job terminated of its own accord at 2024-10-21T04:17:04Z with exit-code 0.
...
