000 (15556765.312.000) 10/21 05:59:05 Job submitted from host: <188.184.90.241:9618?addrs=188.184.90.241-9618+[2001-1458-201-e4--100-2eb]-9618&alias=bigbird15.cern.ch&noUDP&sock=schedd_25064_65d2>
...
040 (15556765.312.000) 10/21 06:01:36 Started transferring input files
	Transferring to host: <188.185.198.45:9618?addrs=188.185.198.45-9618+[2001-1458-303-25--100-29]-9618&alias=b9p15p6291.cern.ch&noUDP&sock=slot1_18_7632_2f2f_4074>
...
040 (15556765.312.000) 10/21 06:01:36 Finished transferring input files
...
001 (15556765.312.000) 10/21 06:01:38 Job executing on host: <188.185.198.45:9618?addrs=188.185.198.45-9618+[2001-1458-303-25--100-29]-9618&alias=b9p15p6291.cern.ch&noUDP&sock=startd_6558_d22d>
	SlotName: slot1_18@b9p15p6291.cern.ch
	CondorScratchDir = "/pool/condor/dir_2320038"
	Cpus = 1
	Disk = 3797
	GPUs = 0
	Memory = 2000
...
006 (15556765.312.000) 10/21 06:01:46 Image size of job updated: 567484
	555  -  MemoryUsage of job (MB)
	567484  -  ResidentSetSize of job (KB)
...
006 (15556765.312.000) 10/21 06:06:46 Image size of job updated: 1720252
	1680  -  MemoryUsage of job (MB)
	1720252  -  ResidentSetSize of job (KB)
...
040 (15556765.312.000) 10/21 06:10:12 Started transferring output files
...
040 (15556765.312.000) 10/21 06:10:12 Finished transferring output files
...
005 (15556765.312.000) 10/21 06:10:12 Job terminated.
	(1) Normal termination (return value 0)
		Usr 0 00:07:08, Sys 0 00:00:08  -  Run Remote Usage
		Usr 0 00:00:00, Sys 0 00:00:00  -  Run Local Usage
		Usr 0 00:07:08, Sys 0 00:00:08  -  Total Remote Usage
		Usr 0 00:00:00, Sys 0 00:00:00  -  Total Local Usage
	14340  -  Run Bytes Sent By Job
	229  -  Run Bytes Received By Job
	14340  -  Total Bytes Sent By Job
	229  -  Total Bytes Received By Job
	Partitionable Resources :    Usage  Request Allocated 
	   Cpus                 :     0.88        1         1 
	   Disk (KB)            :    56           1      3797 
	   GPUs                 :                           0 
	   Memory (MB)          :  1680        2000      2000 

	Job terminated of its own accord at 2024-10-21T04:10:12Z with exit-code 0.
...
