000 (15556765.044.000) 10/21 05:59:05 Job submitted from host: <188.184.90.241:9618?addrs=188.184.90.241-9618+[2001-1458-201-e4--100-2eb]-9618&alias=bigbird15.cern.ch&noUDP&sock=schedd_25064_65d2>
...
040 (15556765.044.000) 10/21 06:00:02 Started transferring input files
	Transferring to host: <188.185.210.206:9618?addrs=188.185.210.206-9618+[2001-1458-303-15--100-4a]-9618&alias=b9p22p3505.cern.ch&noUDP&sock=slot1_9_6296_d9f9_4982>
...
040 (15556765.044.000) 10/21 06:00:02 Finished transferring input files
...
001 (15556765.044.000) 10/21 06:00:03 Job executing on host: <188.185.210.206:9618?addrs=188.185.210.206-9618+[2001-1458-303-15--100-4a]-9618&alias=b9p22p3505.cern.ch&noUDP&sock=startd_4785_b0c3>
	SlotName: slot1_9@b9p22p3505.cern.ch
	CondorScratchDir = "/pool/condor/dir_4162428"
	Cpus = 1
	Disk = 3757
	GPUs = 0
	Memory = 2000
...
006 (15556765.044.000) 10/21 06:00:12 Image size of job updated: 94360
	93  -  MemoryUsage of job (MB)
	94360  -  ResidentSetSize of job (KB)
...
006 (15556765.044.000) 10/21 06:03:12 Image size of job updated: 1059012
	1035  -  MemoryUsage of job (MB)
	1059012  -  ResidentSetSize of job (KB)
...
040 (15556765.044.000) 10/21 06:03:12 Started transferring output files
...
040 (15556765.044.000) 10/21 06:03:12 Finished transferring output files
...
005 (15556765.044.000) 10/21 06:03:12 Job terminated.
	(1) Normal termination (return value 0)
		Usr 0 00:02:11, Sys 0 00:00:08  -  Run Remote Usage
		Usr 0 00:00:00, Sys 0 00:00:00  -  Run Local Usage
		Usr 0 00:02:11, Sys 0 00:00:08  -  Total Remote Usage
		Usr 0 00:00:00, Sys 0 00:00:00  -  Total Local Usage
	2607  -  Run Bytes Sent By Job
	229  -  Run Bytes Received By Job
	2607  -  Total Bytes Sent By Job
	229  -  Total Bytes Received By Job
	Partitionable Resources :    Usage  Request Allocated 
	   Cpus                 :        0        1         1 
	   Disk (KB)            :       44        1      3757 
	   GPUs                 :                           0 
	   Memory (MB)          :     1035     2000      2000 

	Job terminated of its own accord at 2024-10-21T04:03:12Z with exit-code 0.
...
000 (15556766.044.000) 10/21 07:29:08 Job submitted from host: <188.184.90.241:9618?addrs=188.184.90.241-9618+[2001-1458-201-e4--100-2eb]-9618&alias=bigbird15.cern.ch&noUDP&sock=schedd_25064_65d2>
...
040 (15556766.044.000) 10/21 07:30:10 Started transferring input files
	Transferring to host: <128.142.33.225:9618?addrs=128.142.33.225-9618+[2001-1458-301-39--100-1e]-9618&alias=b9g24p1582.cern.ch&noUDP&sock=slot1_7_8712_245b_194733>
...
040 (15556766.044.000) 10/21 07:30:10 Finished transferring input files
...
001 (15556766.044.000) 10/21 07:30:11 Job executing on host: <128.142.33.225:9618?addrs=128.142.33.225-9618+[2001-1458-301-39--100-1e]-9618&alias=b9g24p1582.cern.ch&noUDP&sock=startd_7483_4b47>
	SlotName: slot1_7@b9g24p1582.cern.ch
	CondorScratchDir = "/pool/condor/dir_2403129"
	Cpus = 1
	Disk = 2903639
	Memory = 2000
...
006 (15556766.044.000) 10/21 07:30:19 Image size of job updated: 151624
	149  -  MemoryUsage of job (MB)
	151584  -  ResidentSetSize of job (KB)
...
006 (15556766.044.000) 10/21 07:35:19 Image size of job updated: 1007396
	982  -  MemoryUsage of job (MB)
	1005344  -  ResidentSetSize of job (KB)
...
006 (15556766.044.000) 10/21 07:40:20 Image size of job updated: 1010584
	983  -  MemoryUsage of job (MB)
	1005860  -  ResidentSetSize of job (KB)
...
040 (15556766.044.000) 10/21 07:49:28 Started transferring output files
...
040 (15556766.044.000) 10/21 07:49:28 Finished transferring output files
...
005 (15556766.044.000) 10/21 07:49:28 Job terminated.
	(1) Normal termination (return value 0)
		Usr 0 00:16:42, Sys 0 00:00:12  -  Run Remote Usage
		Usr 0 00:00:00, Sys 0 00:00:00  -  Run Local Usage
		Usr 0 00:16:42, Sys 0 00:00:12  -  Total Remote Usage
		Usr 0 00:00:00, Sys 0 00:00:00  -  Total Local Usage
	29945  -  Run Bytes Sent By Job
	229  -  Run Bytes Received By Job
	29945  -  Total Bytes Sent By Job
	229  -  Total Bytes Received By Job
	Partitionable Resources :    Usage  Request Allocated 
	   Cpus                 :     0.83        1         1 
	   Disk (KB)            :    71           1   2903639 
	   Memory (MB)          :   983        2000      2000 

	Job terminated of its own accord at 2024-10-21T05:49:28Z with exit-code 0.
...
