000 (15556765.626.000) 10/21 05:59:06 Job submitted from host: <188.184.90.241:9618?addrs=188.184.90.241-9618+[2001-1458-201-e4--100-2eb]-9618&alias=bigbird15.cern.ch&noUDP&sock=schedd_25064_65d2>
...
040 (15556765.626.000) 10/21 06:06:23 Started transferring input files
	Transferring to host: <128.142.192.167:9618?addrs=128.142.192.167-9618+[2001-1458-301-56--100-23]-9618&alias=b9g18p9302.cern.ch&noUDP&sock=slot1_37_4447_104e_208349>
...
040 (15556765.626.000) 10/21 06:06:24 Finished transferring input files
...
001 (15556765.626.000) 10/21 06:06:25 Job executing on host: <128.142.192.167:9618?addrs=128.142.192.167-9618+[2001-1458-301-56--100-23]-9618&alias=b9g18p9302.cern.ch&noUDP&sock=startd_4132_c96b>
	SlotName: slot1_37@b9g18p9302.cern.ch
	CondorScratchDir = "/pool/condor/dir_3372223"
	Cpus = 1
	Disk = 2933687
	Memory = 2000
...
006 (15556765.626.000) 10/21 06:06:33 Image size of job updated: 148936
	146  -  MemoryUsage of job (MB)
	148596  -  ResidentSetSize of job (KB)
...
006 (15556765.626.000) 10/21 06:09:36 Image size of job updated: 758984
	146  -  MemoryUsage of job (MB)
	148600  -  ResidentSetSize of job (KB)
...
040 (15556765.626.000) 10/21 06:09:36 Started transferring output files
...
040 (15556765.626.000) 10/21 06:09:36 Finished transferring output files
...
005 (15556765.626.000) 10/21 06:09:36 Job terminated.
	(1) Normal termination (return value 0)
		Usr 0 00:02:46, Sys 0 00:00:06  -  Run Remote Usage
		Usr 0 00:00:00, Sys 0 00:00:00  -  Run Local Usage
		Usr 0 00:02:46, Sys 0 00:00:06  -  Total Remote Usage
		Usr 0 00:00:00, Sys 0 00:00:00  -  Total Local Usage
	5397  -  Run Bytes Sent By Job
	229  -  Run Bytes Received By Job
	5397  -  Total Bytes Sent By Job
	229  -  Total Bytes Received By Job
	Partitionable Resources :    Usage  Request Allocated 
	   Cpus                 :        0        1         1 
	   Disk (KB)            :       47        1   2933687 
	   Memory (MB)          :      146     2000      2000 

	Job terminated of its own accord at 2024-10-21T04:09:36Z with exit-code 0.
...
