000 (15556765.030.000) 10/21 05:59:05 Job submitted from host: <188.184.90.241:9618?addrs=188.184.90.241-9618+[2001-1458-201-e4--100-2eb]-9618&alias=bigbird15.cern.ch&noUDP&sock=schedd_25064_65d2>
...
040 (15556765.030.000) 10/21 05:59:58 Started transferring input files
	Transferring to host: <188.185.194.150:9618?addrs=188.185.194.150-9618+[2001-1458-303-21--100-92]-9618&alias=b9p20p9974.cern.ch&noUDP&sock=slot1_38_1620933_af54_79583>
...
040 (15556765.030.000) 10/21 05:59:58 Finished transferring input files
...
001 (15556765.030.000) 10/21 05:59:59 Job executing on host: <188.185.194.150:9618?addrs=188.185.194.150-9618+[2001-1458-303-21--100-92]-9618&alias=b9p20p9974.cern.ch&noUDP&sock=startd_6870_d3b9>
	SlotName: slot1_38@b9p20p9974.cern.ch
	CondorScratchDir = "/pool/condor/dir_542943"
	Cpus = 1
	Disk = 2982082
	Memory = 2000
...
006 (15556765.030.000) 10/21 06:00:07 Image size of job updated: 405116
	396  -  MemoryUsage of job (MB)
	405116  -  ResidentSetSize of job (KB)
...
006 (15556765.030.000) 10/21 06:05:07 Image size of job updated: 2544820
	2482  -  MemoryUsage of job (MB)
	2541448  -  ResidentSetSize of job (KB)
...
006 (15556765.030.000) 10/21 06:06:34 Image size of job updated: 2546216
	2482  -  MemoryUsage of job (MB)
	2541448  -  ResidentSetSize of job (KB)
...
040 (15556765.030.000) 10/21 06:06:34 Started transferring output files
...
040 (15556765.030.000) 10/21 06:06:34 Finished transferring output files
...
005 (15556765.030.000) 10/21 06:06:34 Job terminated.
	(1) Normal termination (return value 0)
		Usr 0 00:03:50, Sys 0 00:00:07  -  Run Remote Usage
		Usr 0 00:00:00, Sys 0 00:00:00  -  Run Local Usage
		Usr 0 00:03:50, Sys 0 00:00:07  -  Total Remote Usage
		Usr 0 00:00:00, Sys 0 00:00:00  -  Total Local Usage
	2821  -  Run Bytes Sent By Job
	229  -  Run Bytes Received By Job
	2821  -  Total Bytes Sent By Job
	229  -  Total Bytes Received By Job
	Partitionable Resources :    Usage  Request Allocated 
	   Cpus                 :        0        1         1 
	   Disk (KB)            :       44        1   2982082 
	   Memory (MB)          :     2482     2000      2000 

	Job terminated of its own accord at 2024-10-21T04:06:34Z with exit-code 0.
...
000 (15556766.030.000) 10/21 07:29:08 Job submitted from host: <188.184.90.241:9618?addrs=188.184.90.241-9618+[2001-1458-201-e4--100-2eb]-9618&alias=bigbird15.cern.ch&noUDP&sock=schedd_25064_65d2>
...
040 (15556766.030.000) 10/21 07:30:06 Started transferring input files
	Transferring to host: <188.185.196.161:9618?addrs=188.185.196.161-9618+[2001-1458-303-23--100-9d]-9618&alias=b9p16p2782.cern.ch&noUDP&sock=slot1_5_8380_37ce_4172>
...
040 (15556766.030.000) 10/21 07:30:06 Finished transferring input files
...
001 (15556766.030.000) 10/21 07:30:07 Job executing on host: <188.185.196.161:9618?addrs=188.185.196.161-9618+[2001-1458-303-23--100-9d]-9618&alias=b9p16p2782.cern.ch&noUDP&sock=startd_7414_f73f>
	SlotName: slot1_5@b9p16p2782.cern.ch
	CondorScratchDir = "/pool/condor/dir_2986141"
	Cpus = 1
	Disk = 3821
	GPUs = 0
	Memory = 2000
...
006 (15556766.030.000) 10/21 07:30:16 Image size of job updated: 499476
	488  -  MemoryUsage of job (MB)
	499476  -  ResidentSetSize of job (KB)
...
006 (15556766.030.000) 10/21 07:35:17 Image size of job updated: 2251252
	2199  -  MemoryUsage of job (MB)
	2251252  -  ResidentSetSize of job (KB)
...
006 (15556766.030.000) 10/21 07:40:17 Image size of job updated: 2251516
	2199  -  MemoryUsage of job (MB)
	2251516  -  ResidentSetSize of job (KB)
...
006 (15556766.030.000) 10/21 07:45:18 Image size of job updated: 2258012
	2206  -  MemoryUsage of job (MB)
	2258012  -  ResidentSetSize of job (KB)
...
040 (15556766.030.000) 10/21 07:50:18 Started transferring output files
...
040 (15556766.030.000) 10/21 07:50:18 Finished transferring output files
...
009 (15556766.030.000) 10/21 07:50:18 Job was aborted.
	Job removed by SYSTEM_PERIODIC_REMOVE due to wall time exceeded allowed max.
...
