000 (15556765.477.000) 10/21 05:59:06 Job submitted from host: <188.184.90.241:9618?addrs=188.184.90.241-9618+[2001-1458-201-e4--100-2eb]-9618&alias=bigbird15.cern.ch&noUDP&sock=schedd_25064_65d2>
...
040 (15556765.477.000) 10/21 06:05:30 Started transferring input files
	Transferring to host: <188.185.192.88:9618?addrs=188.185.192.88-9618+[2001-1458-303-1f--100-54]-9618&alias=b9p13p5626.cern.ch&noUDP&sock=slot1_8_11321_6b25_3163>
...
040 (15556765.477.000) 10/21 06:05:30 Finished transferring input files
...
001 (15556765.477.000) 10/21 06:05:31 Job executing on host: <188.185.192.88:9618?addrs=188.185.192.88-9618+[2001-1458-303-1f--100-54]-9618&alias=b9p13p5626.cern.ch&noUDP&sock=startd_11075_1b77>
	SlotName: slot1_8@b9p13p5626.cern.ch
	CondorScratchDir = "/pool/condor/dir_814277"
	Cpus = 1
	Disk = 3813
	GPUs = 0
	Memory = 2000
...
006 (15556765.477.000) 10/21 06:05:39 Image size of job updated: 657496
	643  -  MemoryUsage of job (MB)
	657496  -  ResidentSetSize of job (KB)
...
006 (15556765.477.000) 10/21 06:10:39 Image size of job updated: 1673332
	1635  -  MemoryUsage of job (MB)
	1673332  -  ResidentSetSize of job (KB)
...
006 (15556765.477.000) 10/21 06:13:15 Image size of job updated: 1673332
	1635  -  MemoryUsage of job (MB)
	1673496  -  ResidentSetSize of job (KB)
...
040 (15556765.477.000) 10/21 06:13:15 Started transferring output files
...
040 (15556765.477.000) 10/21 06:13:15 Finished transferring output files
...
005 (15556765.477.000) 10/21 06:13:15 Job terminated.
	(1) Normal termination (return value 0)
		Usr 0 00:06:26, Sys 0 00:00:04  -  Run Remote Usage
		Usr 0 00:00:00, Sys 0 00:00:00  -  Run Local Usage
		Usr 0 00:06:26, Sys 0 00:00:04  -  Total Remote Usage
		Usr 0 00:00:00, Sys 0 00:00:00  -  Total Local Usage
	14336  -  Run Bytes Sent By Job
	229  -  Run Bytes Received By Job
	14336  -  Total Bytes Sent By Job
	229  -  Total Bytes Received By Job
	Partitionable Resources :    Usage  Request Allocated 
	   Cpus                 :     0.58        1         1 
	   Disk (KB)            :    56           1      3813 
	   GPUs                 :                           0 
	   Memory (MB)          :  1635        2000      2000 

	Job terminated of its own accord at 2024-10-21T04:13:15Z with exit-code 0.
...
