000 (15556765.108.000) 10/21 05:59:05 Job submitted from host: <188.184.90.241:9618?addrs=188.184.90.241-9618+[2001-1458-201-e4--100-2eb]-9618&alias=bigbird15.cern.ch&noUDP&sock=schedd_25064_65d2>
...
040 (15556765.108.000) 10/21 06:00:24 Started transferring input files
	Transferring to host: <128.142.131.55:9618?addrs=128.142.131.55-9618+[2001-1458-301-59--100-2b]-9618&alias=b9g11p5920.cern.ch&noUDP&sock=slot1_6_2925_ad50_130465>
...
040 (15556765.108.000) 10/21 06:00:24 Finished transferring input files
...
001 (15556765.108.000) 10/21 06:00:25 Job executing on host: <128.142.131.55:9618?addrs=128.142.131.55-9618+[2001-1458-301-59--100-2b]-9618&alias=b9g11p5920.cern.ch&noUDP&sock=startd_2612_3176>
	SlotName: slot1_6@b9g11p5920.cern.ch
	CondorScratchDir = "/pool/condor/dir_3964869"
	Cpus = 1
	Disk = 1644318
	Memory = 2000
...
006 (15556765.108.000) 10/21 06:00:33 Image size of job updated: 148016
	145  -  MemoryUsage of job (MB)
	148016  -  ResidentSetSize of job (KB)
...
006 (15556765.108.000) 10/21 06:05:33 Image size of job updated: 989484
	967  -  MemoryUsage of job (MB)
	989484  -  ResidentSetSize of job (KB)
...
006 (15556765.108.000) 10/21 06:10:34 Image size of job updated: 989592
	967  -  MemoryUsage of job (MB)
	989592  -  ResidentSetSize of job (KB)
...
040 (15556765.108.000) 10/21 06:11:01 Started transferring output files
...
040 (15556765.108.000) 10/21 06:11:01 Finished transferring output files
...
005 (15556765.108.000) 10/21 06:11:01 Job terminated.
	(1) Normal termination (return value 0)
		Usr 0 00:09:16, Sys 0 00:00:10  -  Run Remote Usage
		Usr 0 00:00:00, Sys 0 00:00:00  -  Run Local Usage
		Usr 0 00:09:16, Sys 0 00:00:10  -  Total Remote Usage
		Usr 0 00:00:00, Sys 0 00:00:00  -  Total Local Usage
	8087  -  Run Bytes Sent By Job
	229  -  Run Bytes Received By Job
	8087  -  Total Bytes Sent By Job
	229  -  Total Bytes Received By Job
	Partitionable Resources :    Usage  Request Allocated 
	   Cpus                 :     0.89        1         1 
	   Disk (KB)            :    49           1   1644318 
	   Memory (MB)          :   967        2000      2000 

	Job terminated of its own accord at 2024-10-21T04:11:01Z with exit-code 0.
...
000 (15556766.108.000) 10/21 07:29:12 Job submitted from host: <188.184.90.241:9618?addrs=188.184.90.241-9618+[2001-1458-201-e4--100-2eb]-9618&alias=bigbird15.cern.ch&noUDP&sock=schedd_25064_65d2>
...
040 (15556766.108.000) 10/21 07:30:31 Started transferring input files
	Transferring to host: <128.142.131.183:9618?addrs=128.142.131.183-9618+[2001-1458-301-59--100-ab]-9618&alias=b9g11p2926.cern.ch&noUDP&sock=slot1_4_2851_898d_48196>
...
040 (15556766.108.000) 10/21 07:30:31 Finished transferring input files
...
001 (15556766.108.000) 10/21 07:30:32 Job executing on host: <128.142.131.183:9618?addrs=128.142.131.183-9618+[2001-1458-301-59--100-ab]-9618&alias=b9g11p2926.cern.ch&noUDP&sock=startd_2505_ccd4>
	SlotName: slot1_4@b9g11p2926.cern.ch
	CondorScratchDir = "/pool/condor/dir_3088866"
	Cpus = 1
	Disk = 1620565
	Memory = 2000
...
006 (15556766.108.000) 10/21 07:30:41 Image size of job updated: 149428
	146  -  MemoryUsage of job (MB)
	149428  -  ResidentSetSize of job (KB)
...
006 (15556766.108.000) 10/21 07:35:42 Image size of job updated: 1012820
	990  -  MemoryUsage of job (MB)
	1012820  -  ResidentSetSize of job (KB)
...
006 (15556766.108.000) 10/21 07:40:43 Image size of job updated: 1012832
	990  -  MemoryUsage of job (MB)
	1012832  -  ResidentSetSize of job (KB)
...
040 (15556766.108.000) 10/21 07:50:44 Started transferring output files
...
040 (15556766.108.000) 10/21 07:50:44 Finished transferring output files
...
009 (15556766.108.000) 10/21 07:50:44 Job was aborted.
	Job removed by SYSTEM_PERIODIC_REMOVE due to wall time exceeded allowed max.
...
