000 (15556765.590.000) 10/21 05:59:06 Job submitted from host: <188.184.90.241:9618?addrs=188.184.90.241-9618+[2001-1458-201-e4--100-2eb]-9618&alias=bigbird15.cern.ch&noUDP&sock=schedd_25064_65d2>
...
040 (15556765.590.000) 10/21 06:06:10 Started transferring input files
	Transferring to host: <188.185.205.39:9618?addrs=188.185.205.39-9618+[2001-1458-303-9--100-9b]-9618&alias=b9p03p7515.cern.ch&noUDP&sock=slot1_14_3736_1991_82369>
...
040 (15556765.590.000) 10/21 06:06:10 Finished transferring input files
...
001 (15556765.590.000) 10/21 06:06:11 Job executing on host: <188.185.205.39:9618?addrs=188.185.205.39-9618+[2001-1458-303-9--100-9b]-9618&alias=b9p03p7515.cern.ch&noUDP&sock=startd_3691_4c27>
	SlotName: slot1_14@b9p03p7515.cern.ch
	CondorScratchDir = "/pool/condor/dir_114519"
	Cpus = 1
	Disk = 2704460
	Memory = 2000
...
006 (15556765.590.000) 10/21 06:06:20 Image size of job updated: 709284
	693  -  MemoryUsage of job (MB)
	709280  -  ResidentSetSize of job (KB)
...
006 (15556765.590.000) 10/21 06:11:21 Image size of job updated: 1739348
	1696  -  MemoryUsage of job (MB)
	1736536  -  ResidentSetSize of job (KB)
...
006 (15556765.590.000) 10/21 06:16:22 Image size of job updated: 1739348
	1697  -  MemoryUsage of job (MB)
	1737188  -  ResidentSetSize of job (KB)
...
006 (15556765.590.000) 10/21 06:18:08 Image size of job updated: 1740216
	1697  -  MemoryUsage of job (MB)
	1737188  -  ResidentSetSize of job (KB)
...
040 (15556765.590.000) 10/21 06:18:08 Started transferring output files
...
040 (15556765.590.000) 10/21 06:18:08 Finished transferring output files
...
005 (15556765.590.000) 10/21 06:18:08 Job terminated.
	(1) Normal termination (return value 0)
		Usr 0 00:09:32, Sys 0 00:00:08  -  Run Remote Usage
		Usr 0 00:00:00, Sys 0 00:00:00  -  Run Local Usage
		Usr 0 00:09:32, Sys 0 00:00:08  -  Total Remote Usage
		Usr 0 00:00:00, Sys 0 00:00:00  -  Total Local Usage
	27603  -  Run Bytes Sent By Job
	229  -  Run Bytes Received By Job
	27603  -  Total Bytes Sent By Job
	229  -  Total Bytes Received By Job
	Partitionable Resources :    Usage  Request Allocated 
	   Cpus                 :     0.93        1         1 
	   Disk (KB)            :    71           1   2704460 
	   Memory (MB)          :  1697        2000      2000 

	Job terminated of its own accord at 2024-10-21T04:18:08Z with exit-code 0.
...
