000 (15556765.392.000) 10/21 05:59:06 Job submitted from host: <188.184.90.241:9618?addrs=188.184.90.241-9618+[2001-1458-201-e4--100-2eb]-9618&alias=bigbird15.cern.ch&noUDP&sock=schedd_25064_65d2>
...
040 (15556765.392.000) 10/21 06:02:47 Started transferring input files
	Transferring to host: <188.185.214.103:9618?addrs=188.185.214.103-9618+[2001-1458-303-1c--100-63]-9618&alias=b9p29p0062.cern.ch&noUDP&sock=slot1_6_6117_bad2_5610>
...
040 (15556765.392.000) 10/21 06:02:47 Finished transferring input files
...
001 (15556765.392.000) 10/21 06:02:48 Job executing on host: <188.185.214.103:9618?addrs=188.185.214.103-9618+[2001-1458-303-1c--100-63]-9618&alias=b9p29p0062.cern.ch&noUDP&sock=startd_4805_68a7>
	SlotName: slot1_6@b9p29p0062.cern.ch
	CondorScratchDir = "/pool/condor/dir_2097884"
	Cpus = 1
	Disk = 3798
	GPUs = 0
	Memory = 2000
...
006 (15556765.392.000) 10/21 06:02:57 Image size of job updated: 146152
	143  -  MemoryUsage of job (MB)
	146152  -  ResidentSetSize of job (KB)
...
040 (15556765.392.000) 10/21 06:07:38 Started transferring output files
...
040 (15556765.392.000) 10/21 06:07:39 Finished transferring output files
...
005 (15556765.392.000) 10/21 06:07:39 Job terminated.
	(1) Normal termination (return value 0)
		Usr 0 00:04:08, Sys 0 00:00:07  -  Run Remote Usage
		Usr 0 00:00:00, Sys 0 00:00:00  -  Run Local Usage
		Usr 0 00:04:08, Sys 0 00:00:07  -  Total Remote Usage
		Usr 0 00:00:00, Sys 0 00:00:00  -  Total Local Usage
	10743  -  Run Bytes Sent By Job
	229  -  Run Bytes Received By Job
	10743  -  Total Bytes Sent By Job
	229  -  Total Bytes Received By Job
	Partitionable Resources :    Usage  Request Allocated 
	   Cpus                 :     0.89        1         1 
	   Disk (KB)            :    53           1      3798 
	   GPUs                 :                           0 
	   Memory (MB)          :   143        2000      2000 

	Job terminated of its own accord at 2024-10-21T04:07:38Z with exit-code 0.
...
