000 (15556765.326.000) 10/21 05:59:05 Job submitted from host: <188.184.90.241:9618?addrs=188.184.90.241-9618+[2001-1458-201-e4--100-2eb]-9618&alias=bigbird15.cern.ch&noUDP&sock=schedd_25064_65d2>
...
040 (15556765.326.000) 10/21 06:01:42 Started transferring input files
	Transferring to host: <188.185.196.108:9618?addrs=188.185.196.108-9618+[2001-1458-303-23--100-68]-9618&alias=b9p16p4013.cern.ch&noUDP&sock=slot1_13_929007_392b_15429>
...
040 (15556765.326.000) 10/21 06:01:42 Finished transferring input files
...
001 (15556765.326.000) 10/21 06:01:43 Job executing on host: <188.185.196.108:9618?addrs=188.185.196.108-9618+[2001-1458-303-23--100-68]-9618&alias=b9p16p4013.cern.ch&noUDP&sock=startd_166971_cbe2>
	SlotName: slot1_13@b9p16p4013.cern.ch
	CondorScratchDir = "/pool/condor/dir_2619856"
	Cpus = 1
	Disk = 2993054
	Memory = 2000
...
006 (15556765.326.000) 10/21 06:01:52 Image size of job updated: 152260
	149  -  MemoryUsage of job (MB)
	151668  -  ResidentSetSize of job (KB)
...
006 (15556765.326.000) 10/21 06:06:53 Image size of job updated: 778400
	756  -  MemoryUsage of job (MB)
	773580  -  ResidentSetSize of job (KB)
...
040 (15556765.326.000) 10/21 06:09:19 Started transferring output files
...
040 (15556765.326.000) 10/21 06:09:19 Finished transferring output files
...
005 (15556765.326.000) 10/21 06:09:19 Job terminated.
	(1) Normal termination (return value 0)
		Usr 0 00:04:32, Sys 0 00:00:07  -  Run Remote Usage
		Usr 0 00:00:00, Sys 0 00:00:00  -  Run Local Usage
		Usr 0 00:04:32, Sys 0 00:00:07  -  Total Remote Usage
		Usr 0 00:00:00, Sys 0 00:00:00  -  Total Local Usage
	8239  -  Run Bytes Sent By Job
	229  -  Run Bytes Received By Job
	8239  -  Total Bytes Sent By Job
	229  -  Total Bytes Received By Job
	Partitionable Resources :    Usage  Request Allocated 
	   Cpus                 :        0        1         1 
	   Disk (KB)            :       49        1   2993054 
	   Memory (MB)          :      756     2000      2000 

	Job terminated of its own accord at 2024-10-21T04:09:19Z with exit-code 0.
...
