000 (15556765.105.000) 10/21 05:59:05 Job submitted from host: <188.184.90.241:9618?addrs=188.184.90.241-9618+[2001-1458-201-e4--100-2eb]-9618&alias=bigbird15.cern.ch&noUDP&sock=schedd_25064_65d2>
...
040 (15556765.105.000) 10/21 06:00:23 Started transferring input files
	Transferring to host: <128.142.131.141:9618?addrs=128.142.131.141-9618+[2001-1458-301-59--100-81]-9618&alias=b9g11p9163.cern.ch&noUDP&sock=slot1_28_2742_bca9_185859>
...
040 (15556765.105.000) 10/21 06:00:23 Finished transferring input files
...
001 (15556765.105.000) 10/21 06:00:24 Job executing on host: <128.142.131.141:9618?addrs=128.142.131.141-9618+[2001-1458-301-59--100-81]-9618&alias=b9g11p9163.cern.ch&noUDP&sock=startd_2378_b04d>
	SlotName: slot1_28@b9g11p9163.cern.ch
	CondorScratchDir = "/pool/condor/dir_3165234"
	Cpus = 1
	Disk = 1748674
	Memory = 2000
...
006 (15556765.105.000) 10/21 06:00:32 Image size of job updated: 156564
	153  -  MemoryUsage of job (MB)
	156564  -  ResidentSetSize of job (KB)
...
006 (15556765.105.000) 10/21 06:05:32 Image size of job updated: 1034016
	1010  -  MemoryUsage of job (MB)
	1034016  -  ResidentSetSize of job (KB)
...
040 (15556765.105.000) 10/21 06:09:36 Started transferring output files
...
040 (15556765.105.000) 10/21 06:09:36 Finished transferring output files
...
005 (15556765.105.000) 10/21 06:09:36 Job terminated.
	(1) Normal termination (return value 0)
		Usr 0 00:08:01, Sys 0 00:00:08  -  Run Remote Usage
		Usr 0 00:00:00, Sys 0 00:00:00  -  Run Local Usage
		Usr 0 00:08:01, Sys 0 00:00:08  -  Total Remote Usage
		Usr 0 00:00:00, Sys 0 00:00:00  -  Total Local Usage
	6881  -  Run Bytes Sent By Job
	229  -  Run Bytes Received By Job
	6881  -  Total Bytes Sent By Job
	229  -  Total Bytes Received By Job
	Partitionable Resources :    Usage  Request Allocated 
	   Cpus                 :     0.99        1         1 
	   Disk (KB)            :    48           1   1748674 
	   Memory (MB)          :  1010        2000      2000 

	Job terminated of its own accord at 2024-10-21T04:09:36Z with exit-code 0.
...
000 (15556766.105.000) 10/21 07:29:12 Job submitted from host: <188.184.90.241:9618?addrs=188.184.90.241-9618+[2001-1458-201-e4--100-2eb]-9618&alias=bigbird15.cern.ch&noUDP&sock=schedd_25064_65d2>
...
040 (15556766.105.000) 10/21 07:30:31 Started transferring input files
	Transferring to host: <128.142.137.29:9618?addrs=128.142.137.29-9618+[2001-1458-301-5e--100-11]-9618&alias=b9g19p9810.cern.ch&noUDP&sock=slot1_15_3156_6ff9_727>
...
040 (15556766.105.000) 10/21 07:30:31 Finished transferring input files
...
001 (15556766.105.000) 10/21 07:30:32 Job executing on host: <128.142.137.29:9618?addrs=128.142.137.29-9618+[2001-1458-301-5e--100-11]-9618&alias=b9g19p9810.cern.ch&noUDP&sock=startd_2572_c1ad>
	SlotName: slot1_15@b9g19p9810.cern.ch
	CondorScratchDir = "/pool/condor/dir_2779199"
	Cpus = 1
	Disk = 1762138
	Memory = 2000
...
006 (15556766.105.000) 10/21 07:30:41 Image size of job updated: 450960
	441  -  MemoryUsage of job (MB)
	450960  -  ResidentSetSize of job (KB)
...
006 (15556766.105.000) 10/21 07:35:42 Image size of job updated: 1916696
	1872  -  MemoryUsage of job (MB)
	1916696  -  ResidentSetSize of job (KB)
...
006 (15556766.105.000) 10/21 07:40:43 Image size of job updated: 1916756
	1872  -  MemoryUsage of job (MB)
	1916756  -  ResidentSetSize of job (KB)
...
040 (15556766.105.000) 10/21 07:50:44 Started transferring output files
...
040 (15556766.105.000) 10/21 07:50:44 Finished transferring output files
...
009 (15556766.105.000) 10/21 07:50:44 Job was aborted.
	Job removed by SYSTEM_PERIODIC_REMOVE due to wall time exceeded allowed max.
...
