000 (15556765.014.000) 10/21 05:59:05 Job submitted from host: <188.184.90.241:9618?addrs=188.184.90.241-9618+[2001-1458-201-e4--100-2eb]-9618&alias=bigbird15.cern.ch&noUDP&sock=schedd_25064_65d2>
...
040 (15556765.014.000) 10/21 05:59:52 Started transferring input files
	Transferring to host: <188.185.193.65:9618?addrs=188.185.193.65-9618+[2001-1458-303-20--100-3d]-9618&alias=b9p19p9149.cern.ch&noUDP&sock=slot1_33_9121_51cc_4718>
...
040 (15556765.014.000) 10/21 05:59:52 Finished transferring input files
...
001 (15556765.014.000) 10/21 05:59:53 Job executing on host: <188.185.193.65:9618?addrs=188.185.193.65-9618+[2001-1458-303-20--100-3d]-9618&alias=b9p19p9149.cern.ch&noUDP&sock=startd_7489_68d9>
	SlotName: slot1_33@b9p19p9149.cern.ch
	CondorScratchDir = "/pool/condor/dir_2476826"
	Cpus = 1
	Disk = 3765
	GPUs = 0
	Memory = 2000
...
006 (15556765.014.000) 10/21 06:00:01 Image size of job updated: 366604
	359  -  MemoryUsage of job (MB)
	366604  -  ResidentSetSize of job (KB)
...
006 (15556765.014.000) 10/21 06:05:01 Image size of job updated: 2487724
	2430  -  MemoryUsage of job (MB)
	2487724  -  ResidentSetSize of job (KB)
...
040 (15556765.014.000) 10/21 06:07:00 Started transferring output files
...
040 (15556765.014.000) 10/21 06:07:00 Finished transferring output files
...
005 (15556765.014.000) 10/21 06:07:00 Job terminated.
	(1) Normal termination (return value 0)
		Usr 0 00:04:23, Sys 0 00:00:09  -  Run Remote Usage
		Usr 0 00:00:00, Sys 0 00:00:00  -  Run Local Usage
		Usr 0 00:04:23, Sys 0 00:00:09  -  Total Remote Usage
		Usr 0 00:00:00, Sys 0 00:00:00  -  Total Local Usage
	3240  -  Run Bytes Sent By Job
	229  -  Run Bytes Received By Job
	3240  -  Total Bytes Sent By Job
	229  -  Total Bytes Received By Job
	Partitionable Resources :    Usage  Request Allocated 
	   Cpus                 :        0        1         1 
	   Disk (KB)            :      632        1      3765 
	   GPUs                 :                           0 
	   Memory (MB)          :     2430     2000      2000 

	Job terminated of its own accord at 2024-10-21T04:07:00Z with exit-code 0.
...
000 (15556766.014.000) 10/21 07:29:07 Job submitted from host: <188.184.90.241:9618?addrs=188.184.90.241-9618+[2001-1458-201-e4--100-2eb]-9618&alias=bigbird15.cern.ch&noUDP&sock=schedd_25064_65d2>
...
040 (15556766.014.000) 10/21 07:30:01 Started transferring input files
	Transferring to host: <128.142.161.121:9618?addrs=128.142.161.121-9618+[2001-1458-301-b8--100-37]-9618&alias=b9g03p1371.cern.ch&noUDP&sock=slot1_10_6016_90ee_4148>
...
040 (15556766.014.000) 10/21 07:30:01 Finished transferring input files
...
001 (15556766.014.000) 10/21 07:30:02 Job executing on host: <128.142.161.121:9618?addrs=128.142.161.121-9618+[2001-1458-301-b8--100-37]-9618&alias=b9g03p1371.cern.ch&noUDP&sock=startd_5118_19cc>
	SlotName: slot1_10@b9g03p1371.cern.ch
	CondorScratchDir = "/pool/condor/dir_174860"
	Cpus = 1
	Disk = 3940
	GPUs = 0
	Memory = 2000
...
006 (15556766.014.000) 10/21 07:30:10 Image size of job updated: 422560
	413  -  MemoryUsage of job (MB)
	422560  -  ResidentSetSize of job (KB)
...
006 (15556766.014.000) 10/21 07:35:10 Image size of job updated: 1935948
	1891  -  MemoryUsage of job (MB)
	1935948  -  ResidentSetSize of job (KB)
...
006 (15556766.014.000) 10/21 07:40:11 Image size of job updated: 1950396
	1905  -  MemoryUsage of job (MB)
	1950396  -  ResidentSetSize of job (KB)
...
040 (15556766.014.000) 10/21 07:50:12 Started transferring output files
...
040 (15556766.014.000) 10/21 07:50:12 Finished transferring output files
...
009 (15556766.014.000) 10/21 07:50:12 Job was aborted.
	Job removed by SYSTEM_PERIODIC_REMOVE due to wall time exceeded allowed max.
...
