000 (15556765.109.000) 10/21 05:59:05 Job submitted from host: <188.184.90.241:9618?addrs=188.184.90.241-9618+[2001-1458-201-e4--100-2eb]-9618&alias=bigbird15.cern.ch&noUDP&sock=schedd_25064_65d2>
...
040 (15556765.109.000) 10/21 06:00:24 Started transferring input files
	Transferring to host: <128.142.131.137:9618?addrs=128.142.131.137-9618+[2001-1458-301-59--100-7d]-9618&alias=b9g11p0028.cern.ch&noUDP&sock=slot1_9_3026_d734_3173>
...
040 (15556765.109.000) 10/21 06:00:24 Finished transferring input files
...
001 (15556765.109.000) 10/21 06:00:25 Job executing on host: <128.142.131.137:9618?addrs=128.142.131.137-9618+[2001-1458-301-59--100-7d]-9618&alias=b9g11p0028.cern.ch&noUDP&sock=startd_2661_cd9a>
	SlotName: slot1_9@b9g11p0028.cern.ch
	CondorScratchDir = "/pool/condor/dir_3058705"
	Cpus = 1
	Disk = 2685
	GPUs = 0
	Memory = 2000
...
006 (15556765.109.000) 10/21 06:00:33 Image size of job updated: 589888
	577  -  MemoryUsage of job (MB)
	589888  -  ResidentSetSize of job (KB)
...
006 (15556765.109.000) 10/21 06:05:33 Image size of job updated: 1890936
	1847  -  MemoryUsage of job (MB)
	1890936  -  ResidentSetSize of job (KB)
...
006 (15556765.109.000) 10/21 06:10:34 Image size of job updated: 1891336
	1848  -  MemoryUsage of job (MB)
	1891336  -  ResidentSetSize of job (KB)
...
040 (15556765.109.000) 10/21 06:11:35 Started transferring output files
...
040 (15556765.109.000) 10/21 06:11:35 Finished transferring output files
...
005 (15556765.109.000) 10/21 06:11:35 Job terminated.
	(1) Normal termination (return value 0)
		Usr 0 00:09:51, Sys 0 00:00:10  -  Run Remote Usage
		Usr 0 00:00:00, Sys 0 00:00:00  -  Run Local Usage
		Usr 0 00:09:51, Sys 0 00:00:10  -  Total Remote Usage
		Usr 0 00:00:00, Sys 0 00:00:00  -  Total Local Usage
	8164  -  Run Bytes Sent By Job
	229  -  Run Bytes Received By Job
	8164  -  Total Bytes Sent By Job
	229  -  Total Bytes Received By Job
	Partitionable Resources :    Usage  Request Allocated 
	   Cpus                 :     0.87        1         1 
	   Disk (KB)            :    50           1      2685 
	   GPUs                 :                           0 
	   Memory (MB)          :  1848        2000      2000 

	Job terminated of its own accord at 2024-10-21T04:11:35Z with exit-code 0.
...
000 (15556766.109.000) 10/21 07:29:12 Job submitted from host: <188.184.90.241:9618?addrs=188.184.90.241-9618+[2001-1458-201-e4--100-2eb]-9618&alias=bigbird15.cern.ch&noUDP&sock=schedd_25064_65d2>
...
040 (15556766.109.000) 10/21 07:30:32 Started transferring input files
	Transferring to host: <128.142.132.36:9618?addrs=128.142.132.36-9618+[2001-1458-301-5a--100-18]-9618&alias=b9g12p5638.cern.ch&noUDP&sock=slot1_22_2791_430b_2713>
...
040 (15556766.109.000) 10/21 07:30:32 Finished transferring input files
...
001 (15556766.109.000) 10/21 07:30:33 Job executing on host: <128.142.132.36:9618?addrs=128.142.132.36-9618+[2001-1458-301-5a--100-18]-9618&alias=b9g12p5638.cern.ch&noUDP&sock=startd_2396_0901>
	SlotName: slot1_22@b9g12p5638.cern.ch
	CondorScratchDir = "/pool/condor/dir_3546853"
	Cpus = 1
	Disk = 2691
	GPUs = 0
	Memory = 2000
...
006 (15556766.109.000) 10/21 07:30:42 Image size of job updated: 148892
	146  -  MemoryUsage of job (MB)
	148892  -  ResidentSetSize of job (KB)
...
006 (15556766.109.000) 10/21 07:35:43 Image size of job updated: 983292
	961  -  MemoryUsage of job (MB)
	983292  -  ResidentSetSize of job (KB)
...
006 (15556766.109.000) 10/21 07:40:43 Image size of job updated: 983864
	961  -  MemoryUsage of job (MB)
	983864  -  ResidentSetSize of job (KB)
...
040 (15556766.109.000) 10/21 07:50:44 Started transferring output files
...
040 (15556766.109.000) 10/21 07:50:44 Finished transferring output files
...
009 (15556766.109.000) 10/21 07:50:44 Job was aborted.
	Job removed by SYSTEM_PERIODIC_REMOVE due to wall time exceeded allowed max.
...
