000 (15556765.282.000) 10/21 05:59:05 Job submitted from host: <188.184.90.241:9618?addrs=188.184.90.241-9618+[2001-1458-201-e4--100-2eb]-9618&alias=bigbird15.cern.ch&noUDP&sock=schedd_25064_65d2>
...
040 (15556765.282.000) 10/21 06:01:25 Started transferring input files
	Transferring to host: <128.142.161.83:9618?addrs=128.142.161.83-9618+[2001-1458-301-b8--100-11]-9618&alias=b9g03p4706.cern.ch&noUDP&sock=slot1_15_6845_abef_3204>
...
040 (15556765.282.000) 10/21 06:01:25 Finished transferring input files
...
001 (15556765.282.000) 10/21 06:01:26 Job executing on host: <128.142.161.83:9618?addrs=128.142.161.83-9618+[2001-1458-301-b8--100-11]-9618&alias=b9g03p4706.cern.ch&noUDP&sock=startd_6321_423b>
	SlotName: slot1_15@b9g03p4706.cern.ch
	CondorScratchDir = "/pool/condor/dir_1885271"
	Cpus = 1
	Disk = 4016
	GPUs = 0
	Memory = 2000
...
006 (15556765.282.000) 10/21 06:01:34 Image size of job updated: 142868
	140  -  MemoryUsage of job (MB)
	142868  -  ResidentSetSize of job (KB)
...
006 (15556765.282.000) 10/21 06:06:34 Image size of job updated: 959504
	938  -  MemoryUsage of job (MB)
	959504  -  ResidentSetSize of job (KB)
...
006 (15556765.282.000) 10/21 06:11:35 Image size of job updated: 959800
	938  -  MemoryUsage of job (MB)
	959800  -  ResidentSetSize of job (KB)
...
006 (15556765.282.000) 10/21 06:16:35 Image size of job updated: 959900
	938  -  MemoryUsage of job (MB)
	959900  -  ResidentSetSize of job (KB)
...
040 (15556765.282.000) 10/21 06:21:35 Started transferring output files
...
040 (15556765.282.000) 10/21 06:21:35 Finished transferring output files
...
009 (15556765.282.000) 10/21 06:21:35 Job was aborted.
	Job removed by SYSTEM_PERIODIC_REMOVE due to wall time exceeded allowed max.
...
