000 (15556765.158.000) 10/21 05:59:05 Job submitted from host: <188.184.90.241:9618?addrs=188.184.90.241-9618+[2001-1458-201-e4--100-2eb]-9618&alias=bigbird15.cern.ch&noUDP&sock=schedd_25064_65d2>
...
040 (15556765.158.000) 10/21 06:00:39 Started transferring input files
	Transferring to host: <188.185.213.145:9618?addrs=188.185.213.145-9618+[2001-1458-303-1b--100-d]-9618&alias=b9p28p6428.cern.ch&noUDP&sock=slot1_11_3682_0d4f_6000>
...
040 (15556765.158.000) 10/21 06:00:39 Finished transferring input files
...
001 (15556765.158.000) 10/21 06:00:40 Job executing on host: <188.185.213.145:9618?addrs=188.185.213.145-9618+[2001-1458-303-1b--100-d]-9618&alias=b9p28p6428.cern.ch&noUDP&sock=startd_2909_e917>
	SlotName: slot1_11@b9p28p6428.cern.ch
	CondorScratchDir = "/pool/condor/dir_149433"
	Cpus = 1
	Disk = 3742
	GPUs = 0
	Memory = 2000
...
006 (15556765.158.000) 10/21 06:00:49 Image size of job updated: 612228
	598  -  MemoryUsage of job (MB)
	612228  -  ResidentSetSize of job (KB)
...
006 (15556765.158.000) 10/21 06:05:50 Image size of job updated: 2418268
	2362  -  MemoryUsage of job (MB)
	2418268  -  ResidentSetSize of job (KB)
...
040 (15556765.158.000) 10/21 06:06:14 Started transferring output files
...
040 (15556765.158.000) 10/21 06:06:14 Finished transferring output files
...
005 (15556765.158.000) 10/21 06:06:14 Job terminated.
	(1) Normal termination (return value 0)
		Usr 0 00:04:21, Sys 0 00:00:09  -  Run Remote Usage
		Usr 0 00:00:00, Sys 0 00:00:00  -  Run Local Usage
		Usr 0 00:04:21, Sys 0 00:00:09  -  Total Remote Usage
		Usr 0 00:00:00, Sys 0 00:00:00  -  Total Local Usage
	6237  -  Run Bytes Sent By Job
	229  -  Run Bytes Received By Job
	6237  -  Total Bytes Sent By Job
	229  -  Total Bytes Received By Job
	Partitionable Resources :    Usage  Request Allocated 
	   Cpus                 :        0        1         1 
	   Disk (KB)            :       48        1      3742 
	   GPUs                 :                           0 
	   Memory (MB)          :     2362     2000      2000 

	Job terminated of its own accord at 2024-10-21T04:06:14Z with exit-code 0.
...
