000 (15556765.659.000) 10/21 05:59:06 Job submitted from host: <188.184.90.241:9618?addrs=188.184.90.241-9618+[2001-1458-201-e4--100-2eb]-9618&alias=bigbird15.cern.ch&noUDP&sock=schedd_25064_65d2>
...
040 (15556765.659.000) 10/21 06:06:36 Started transferring input files
	Transferring to host: <128.142.131.38:9618?addrs=128.142.131.38-9618+[2001-1458-301-59--100-1a]-9618&alias=b9g11p5955.cern.ch&noUDP&sock=slot1_24_2954_1c31_198540>
...
040 (15556765.659.000) 10/21 06:06:36 Finished transferring input files
...
001 (15556765.659.000) 10/21 06:06:37 Job executing on host: <128.142.131.38:9618?addrs=128.142.131.38-9618+[2001-1458-301-59--100-1a]-9618&alias=b9g11p5955.cern.ch&noUDP&sock=startd_2629_da92>
	SlotName: slot1_24@b9g11p5955.cern.ch
	CondorScratchDir = "/pool/condor/dir_3151622"
	Cpus = 1
	Disk = 1688230
	Memory = 2000
...
006 (15556765.659.000) 10/21 06:06:46 Image size of job updated: 150456
	147  -  MemoryUsage of job (MB)
	150456  -  ResidentSetSize of job (KB)
...
006 (15556765.659.000) 10/21 06:11:47 Image size of job updated: 768600
	751  -  MemoryUsage of job (MB)
	768600  -  ResidentSetSize of job (KB)
...
040 (15556765.659.000) 10/21 06:16:32 Started transferring output files
...
040 (15556765.659.000) 10/21 06:16:32 Finished transferring output files
...
005 (15556765.659.000) 10/21 06:16:32 Job terminated.
	(1) Normal termination (return value 0)
		Usr 0 00:08:59, Sys 0 00:00:06  -  Run Remote Usage
		Usr 0 00:00:00, Sys 0 00:00:00  -  Run Local Usage
		Usr 0 00:08:59, Sys 0 00:00:06  -  Total Remote Usage
		Usr 0 00:00:00, Sys 0 00:00:00  -  Total Local Usage
	14114  -  Run Bytes Sent By Job
	229  -  Run Bytes Received By Job
	14114  -  Total Bytes Sent By Job
	229  -  Total Bytes Received By Job
	Partitionable Resources :    Usage  Request Allocated 
	   Cpus                 :     0.93        1         1 
	   Disk (KB)            :    55           1   1688230 
	   Memory (MB)          :   751        2000      2000 

	Job terminated of its own accord at 2024-10-21T04:16:32Z with exit-code 0.
...
