000 (15556765.669.000) 10/21 05:59:06 Job submitted from host: <188.184.90.241:9618?addrs=188.184.90.241-9618+[2001-1458-201-e4--100-2eb]-9618&alias=bigbird15.cern.ch&noUDP&sock=schedd_25064_65d2>
...
040 (15556765.669.000) 10/21 06:06:39 Started transferring input files
	Transferring to host: <128.142.131.18:9618?addrs=128.142.131.18-9618+[2001-1458-301-59--100-6]-9618&alias=b9g11p9491.cern.ch&noUDP&sock=slot1_23_2627222_518c_20061>
...
040 (15556765.669.000) 10/21 06:06:39 Finished transferring input files
...
001 (15556765.669.000) 10/21 06:06:40 Job executing on host: <128.142.131.18:9618?addrs=128.142.131.18-9618+[2001-1458-301-59--100-6]-9618&alias=b9g11p9491.cern.ch&noUDP&sock=startd_2606_13e5>
	SlotName: slot1_23@b9g11p9491.cern.ch
	CondorScratchDir = "/pool/condor/dir_2276307"
	Cpus = 1
	Disk = 1686786
	Memory = 2000
...
006 (15556765.669.000) 10/21 06:06:49 Image size of job updated: 150296
	147  -  MemoryUsage of job (MB)
	150296  -  ResidentSetSize of job (KB)
...
040 (15556765.669.000) 10/21 06:11:45 Started transferring output files
...
040 (15556765.669.000) 10/21 06:11:45 Finished transferring output files
...
005 (15556765.669.000) 10/21 06:11:45 Job terminated.
	(1) Normal termination (return value 0)
		Usr 0 00:04:35, Sys 0 00:00:05  -  Run Remote Usage
		Usr 0 00:00:00, Sys 0 00:00:00  -  Run Local Usage
		Usr 0 00:04:35, Sys 0 00:00:05  -  Total Remote Usage
		Usr 0 00:00:00, Sys 0 00:00:00  -  Total Local Usage
	7800  -  Run Bytes Sent By Job
	229  -  Run Bytes Received By Job
	7800  -  Total Bytes Sent By Job
	229  -  Total Bytes Received By Job
	Partitionable Resources :    Usage  Request Allocated 
	   Cpus                 :        0        1         1 
	   Disk (KB)            :       48        1   1686786 
	   Memory (MB)          :      147     2000      2000 

	Job terminated of its own accord at 2024-10-21T04:11:45Z with exit-code 0.
...
