000 (15556765.374.000) 10/21 05:59:06 Job submitted from host: <188.184.90.241:9618?addrs=188.184.90.241-9618+[2001-1458-201-e4--100-2eb]-9618&alias=bigbird15.cern.ch&noUDP&sock=schedd_25064_65d2>
...
040 (15556765.374.000) 10/21 06:01:58 Started transferring input files
	Transferring to host: <188.185.208.85:9618?addrs=188.185.208.85-9618+[2001-1458-303-f--100-52]-9618&alias=b9p09p1103.cern.ch&noUDP&sock=slot1_19_6020_626e_254519>
...
040 (15556765.374.000) 10/21 06:01:58 Finished transferring input files
...
001 (15556765.374.000) 10/21 06:01:59 Job executing on host: <188.185.208.85:9618?addrs=188.185.208.85-9618+[2001-1458-303-f--100-52]-9618&alias=b9p09p1103.cern.ch&noUDP&sock=startd_4948_7eb3>
	SlotName: slot1_19@b9p09p1103.cern.ch
	CondorScratchDir = "/pool/condor/dir_326917"
	Cpus = 1
	Disk = 2849573
	Memory = 2000
...
006 (15556765.374.000) 10/21 06:02:08 Image size of job updated: 766508
	749  -  MemoryUsage of job (MB)
	766500  -  ResidentSetSize of job (KB)
...
006 (15556765.374.000) 10/21 06:07:09 Image size of job updated: 1811784
	1768  -  MemoryUsage of job (MB)
	1809620  -  ResidentSetSize of job (KB)
...
006 (15556765.374.000) 10/21 06:08:05 Image size of job updated: 1812176
	1768  -  MemoryUsage of job (MB)
	1809620  -  ResidentSetSize of job (KB)
...
040 (15556765.374.000) 10/21 06:08:05 Started transferring output files
...
040 (15556765.374.000) 10/21 06:08:05 Finished transferring output files
...
005 (15556765.374.000) 10/21 06:08:05 Job terminated.
	(1) Normal termination (return value 0)
		Usr 0 00:04:45, Sys 0 00:00:07  -  Run Remote Usage
		Usr 0 00:00:00, Sys 0 00:00:00  -  Run Local Usage
		Usr 0 00:04:45, Sys 0 00:00:07  -  Total Remote Usage
		Usr 0 00:00:00, Sys 0 00:00:00  -  Total Local Usage
	12974  -  Run Bytes Sent By Job
	229  -  Run Bytes Received By Job
	12974  -  Total Bytes Sent By Job
	229  -  Total Bytes Received By Job
	Partitionable Resources :    Usage  Request Allocated 
	   Cpus                 :     0.90        1         1 
	   Disk (KB)            :    58           1   2849573 
	   Memory (MB)          :  1768        2000      2000 

	Job terminated of its own accord at 2024-10-21T04:08:05Z with exit-code 0.
...
