000 (15556765.025.000) 10/21 05:59:05 Job submitted from host: <188.184.90.241:9618?addrs=188.184.90.241-9618+[2001-1458-201-e4--100-2eb]-9618&alias=bigbird15.cern.ch&noUDP&sock=schedd_25064_65d2>
...
040 (15556765.025.000) 10/21 05:59:56 Started transferring input files
	Transferring to host: <188.185.195.106:9618?addrs=188.185.195.106-9618+[2001-1458-303-22--100-66]-9618&alias=b9p17p8074.cern.ch&noUDP&sock=slot1_33_288521_e52e_25094>
...
040 (15556765.025.000) 10/21 05:59:56 Finished transferring input files
...
001 (15556765.025.000) 10/21 05:59:57 Job executing on host: <188.185.195.106:9618?addrs=188.185.195.106-9618+[2001-1458-303-22--100-66]-9618&alias=b9p17p8074.cern.ch&noUDP&sock=startd_288321_cd8f>
	SlotName: slot1_33@b9p17p8074.cern.ch
	CondorScratchDir = "/pool/condor/dir_214706"
	Cpus = 1
	Disk = 2868184
	Memory = 2000
...
006 (15556765.025.000) 10/21 06:00:07 Image size of job updated: 2392
	2  -  MemoryUsage of job (MB)
	1952  -  ResidentSetSize of job (KB)
...
006 (15556765.025.000) 10/21 06:05:07 Image size of job updated: 1960408
	1911  -  MemoryUsage of job (MB)
	1956456  -  ResidentSetSize of job (KB)
...
040 (15556765.025.000) 10/21 06:05:11 Started transferring output files
...
040 (15556765.025.000) 10/21 06:05:11 Finished transferring output files
...
005 (15556765.025.000) 10/21 06:05:11 Job terminated.
	(1) Normal termination (return value 0)
		Usr 0 00:04:00, Sys 0 00:00:06  -  Run Remote Usage
		Usr 0 00:00:00, Sys 0 00:00:00  -  Run Local Usage
		Usr 0 00:04:00, Sys 0 00:00:06  -  Total Remote Usage
		Usr 0 00:00:00, Sys 0 00:00:00  -  Total Local Usage
	3248  -  Run Bytes Sent By Job
	229  -  Run Bytes Received By Job
	3248  -  Total Bytes Sent By Job
	229  -  Total Bytes Received By Job
	Partitionable Resources :    Usage  Request Allocated 
	   Cpus                 :     0.96        1         1 
	   Disk (KB)            :    44           1   2868184 
	   Memory (MB)          :  1911        2000      2000 

	Job terminated of its own accord at 2024-10-21T04:05:10Z with exit-code 0.
...
000 (15556766.025.000) 10/21 07:29:07 Job submitted from host: <188.184.90.241:9618?addrs=188.184.90.241-9618+[2001-1458-201-e4--100-2eb]-9618&alias=bigbird15.cern.ch&noUDP&sock=schedd_25064_65d2>
...
040 (15556766.025.000) 10/21 07:30:04 Started transferring input files
	Transferring to host: <188.185.195.122:9618?addrs=188.185.195.122-9618+[2001-1458-303-22--100-76]-9618&alias=b9p17p5468.cern.ch&noUDP&sock=slot1_23_1335976_b330_74394>
...
040 (15556766.025.000) 10/21 07:30:04 Finished transferring input files
...
001 (15556766.025.000) 10/21 07:30:05 Job executing on host: <188.185.195.122:9618?addrs=188.185.195.122-9618+[2001-1458-303-22--100-76]-9618&alias=b9p17p5468.cern.ch&noUDP&sock=startd_127959_cf2e>
	SlotName: slot1_23@b9p17p5468.cern.ch
	CondorScratchDir = "/pool/condor/dir_1633068"
	Cpus = 1
	Disk = 2880176
	Memory = 2000
...
006 (15556766.025.000) 10/21 07:30:14 Image size of job updated: 2152
	2  -  MemoryUsage of job (MB)
	1968  -  ResidentSetSize of job (KB)
...
006 (15556766.025.000) 10/21 07:35:15 Image size of job updated: 891548
	823  -  MemoryUsage of job (MB)
	842688  -  ResidentSetSize of job (KB)
...
006 (15556766.025.000) 10/21 07:40:16 Image size of job updated: 891548
	832  -  MemoryUsage of job (MB)
	851272  -  ResidentSetSize of job (KB)
...
040 (15556766.025.000) 10/21 07:50:16 Started transferring output files
...
040 (15556766.025.000) 10/21 07:50:16 Finished transferring output files
...
009 (15556766.025.000) 10/21 07:50:16 Job was aborted.
	Job removed by SYSTEM_PERIODIC_REMOVE due to wall time exceeded allowed max.
...
