000 (15556765.125.000) 10/21 05:59:05 Job submitted from host: <188.184.90.241:9618?addrs=188.184.90.241-9618+[2001-1458-201-e4--100-2eb]-9618&alias=bigbird15.cern.ch&noUDP&sock=schedd_25064_65d2>
...
040 (15556765.125.000) 10/21 06:00:28 Started transferring input files
	Transferring to host: <188.185.209.173:9618?addrs=188.185.209.173-9618+[2001-1458-303-12--100-2a]-9618&alias=b9p12p4159.cern.ch&noUDP&sock=slot1_25_10421_4981_122890>
...
040 (15556765.125.000) 10/21 06:00:28 Finished transferring input files
...
001 (15556765.125.000) 10/21 06:00:30 Job executing on host: <188.185.209.173:9618?addrs=188.185.209.173-9618+[2001-1458-303-12--100-2a]-9618&alias=b9p12p4159.cern.ch&noUDP&sock=startd_9127_f0fa>
	SlotName: slot1_25@b9p12p4159.cern.ch
	CondorScratchDir = "/pool/condor/dir_3144046"
	Cpus = 1
	Disk = 2889659
	Memory = 2000
...
006 (15556765.125.000) 10/21 06:00:38 Image size of job updated: 742464
	726  -  MemoryUsage of job (MB)
	742460  -  ResidentSetSize of job (KB)
...
006 (15556765.125.000) 10/21 06:05:38 Image size of job updated: 1911676
	1862  -  MemoryUsage of job (MB)
	1906348  -  ResidentSetSize of job (KB)
...
040 (15556765.125.000) 10/21 06:06:30 Started transferring output files
...
040 (15556765.125.000) 10/21 06:06:30 Finished transferring output files
...
005 (15556765.125.000) 10/21 06:06:30 Job terminated.
	(1) Normal termination (return value 0)
		Usr 0 00:03:00, Sys 0 00:00:08  -  Run Remote Usage
		Usr 0 00:00:00, Sys 0 00:00:00  -  Run Local Usage
		Usr 0 00:03:00, Sys 0 00:00:08  -  Total Remote Usage
		Usr 0 00:00:00, Sys 0 00:00:00  -  Total Local Usage
	4824  -  Run Bytes Sent By Job
	229  -  Run Bytes Received By Job
	4824  -  Total Bytes Sent By Job
	229  -  Total Bytes Received By Job
	Partitionable Resources :    Usage  Request Allocated 
	   Cpus                 :        0        1         1 
	   Disk (KB)            :       49        1   2889659 
	   Memory (MB)          :     1862     2000      2000 

	Job terminated of its own accord at 2024-10-21T04:06:30Z with exit-code 0.
...
