000 (15556765.298.000) 10/21 05:59:05 Job submitted from host: <188.184.90.241:9618?addrs=188.184.90.241-9618+[2001-1458-201-e4--100-2eb]-9618&alias=bigbird15.cern.ch&noUDP&sock=schedd_25064_65d2>
...
040 (15556765.298.000) 10/21 06:01:31 Started transferring input files
	Transferring to host: <128.142.192.201:9618?addrs=128.142.192.201-9618+[2001-1458-301-56--100-45]-9618&alias=b9g18p2334.cern.ch&noUDP&sock=slot1_18_3398558_4f12_143077>
...
040 (15556765.298.000) 10/21 06:01:31 Finished transferring input files
...
001 (15556765.298.000) 10/21 06:01:32 Job executing on host: <128.142.192.201:9618?addrs=128.142.192.201-9618+[2001-1458-301-56--100-45]-9618&alias=b9g18p2334.cern.ch&noUDP&sock=startd_3355_d454>
	SlotName: slot1_18@b9g18p2334.cern.ch
	CondorScratchDir = "/pool/condor/dir_2496353"
	Cpus = 1
	Disk = 2840544
	Memory = 2000
...
006 (15556765.298.000) 10/21 06:01:41 Image size of job updated: 175660
	172  -  MemoryUsage of job (MB)
	175612  -  ResidentSetSize of job (KB)
...
006 (15556765.298.000) 10/21 06:06:42 Image size of job updated: 758812
	738  -  MemoryUsage of job (MB)
	755416  -  ResidentSetSize of job (KB)
...
040 (15556765.298.000) 10/21 06:06:47 Started transferring output files
...
040 (15556765.298.000) 10/21 06:06:47 Finished transferring output files
...
005 (15556765.298.000) 10/21 06:06:47 Job terminated.
	(1) Normal termination (return value 0)
		Usr 0 00:04:16, Sys 0 00:00:05  -  Run Remote Usage
		Usr 0 00:00:00, Sys 0 00:00:00  -  Run Local Usage
		Usr 0 00:04:16, Sys 0 00:00:05  -  Total Remote Usage
		Usr 0 00:00:00, Sys 0 00:00:00  -  Total Local Usage
	8453  -  Run Bytes Sent By Job
	229  -  Run Bytes Received By Job
	8453  -  Total Bytes Sent By Job
	229  -  Total Bytes Received By Job
	Partitionable Resources :    Usage  Request Allocated 
	   Cpus                 :     0.64        1         1 
	   Disk (KB)            :   513           1   2840544 
	   Memory (MB)          :   738        2000      2000 

	Job terminated of its own accord at 2024-10-21T04:06:46Z with exit-code 0.
...
