000 (15556765.315.000) 10/21 05:59:05 Job submitted from host: <188.184.90.241:9618?addrs=188.184.90.241-9618+[2001-1458-201-e4--100-2eb]-9618&alias=bigbird15.cern.ch&noUDP&sock=schedd_25064_65d2>
...
040 (15556765.315.000) 10/21 06:01:38 Started transferring input files
	Transferring to host: <188.185.195.19:9618?addrs=188.185.195.19-9618+[2001-1458-303-22--100-f]-9618&alias=b9p17p5825.cern.ch&noUDP&sock=slot1_11_7332_cea3_3330>
...
040 (15556765.315.000) 10/21 06:01:38 Finished transferring input files
...
001 (15556765.315.000) 10/21 06:01:39 Job executing on host: <188.185.195.19:9618?addrs=188.185.195.19-9618+[2001-1458-303-22--100-f]-9618&alias=b9p17p5825.cern.ch&noUDP&sock=startd_6265_d8ed>
	SlotName: slot1_11@b9p17p5825.cern.ch
	CondorScratchDir = "/pool/condor/dir_1414371"
	Cpus = 1
	Disk = 3830
	GPUs = 0
	Memory = 2000
...
006 (15556765.315.000) 10/21 06:01:47 Image size of job updated: 534372
	522  -  MemoryUsage of job (MB)
	534372  -  ResidentSetSize of job (KB)
...
006 (15556765.315.000) 10/21 06:06:47 Image size of job updated: 2276388
	2224  -  MemoryUsage of job (MB)
	2276388  -  ResidentSetSize of job (KB)
...
040 (15556765.315.000) 10/21 06:07:09 Started transferring output files
...
040 (15556765.315.000) 10/21 06:07:09 Finished transferring output files
...
005 (15556765.315.000) 10/21 06:07:09 Job terminated.
	(1) Normal termination (return value 0)
		Usr 0 00:03:19, Sys 0 00:00:06  -  Run Remote Usage
		Usr 0 00:00:00, Sys 0 00:00:00  -  Run Local Usage
		Usr 0 00:03:19, Sys 0 00:00:06  -  Total Remote Usage
		Usr 0 00:00:00, Sys 0 00:00:00  -  Total Local Usage
	6460  -  Run Bytes Sent By Job
	229  -  Run Bytes Received By Job
	6460  -  Total Bytes Sent By Job
	229  -  Total Bytes Received By Job
	Partitionable Resources :    Usage  Request Allocated 
	   Cpus                 :        0        1         1 
	   Disk (KB)            :       48        1      3830 
	   GPUs                 :                           0 
	   Memory (MB)          :     2224     2000      2000 

	Job terminated of its own accord at 2024-10-21T04:07:09Z with exit-code 0.
...
