000 (15556765.194.000) 10/21 05:59:05 Job submitted from host: <188.184.90.241:9618?addrs=188.184.90.241-9618+[2001-1458-201-e4--100-2eb]-9618&alias=bigbird15.cern.ch&noUDP&sock=schedd_25064_65d2>
...
040 (15556765.194.000) 10/21 06:00:52 Started transferring input files
	Transferring to host: <188.185.205.177:9618?addrs=188.185.205.177-9618+[2001-1458-303-a--100-2e]-9618&alias=b9p04p7919.cern.ch&noUDP&sock=slot1_32_3899_f2b8_71867>
...
040 (15556765.194.000) 10/21 06:00:52 Finished transferring input files
...
001 (15556765.194.000) 10/21 06:00:53 Job executing on host: <188.185.205.177:9618?addrs=188.185.205.177-9618+[2001-1458-303-a--100-2e]-9618&alias=b9p04p7919.cern.ch&noUDP&sock=startd_3418_0acc>
	SlotName: slot1_32@b9p04p7919.cern.ch
	CondorScratchDir = "/pool/condor/dir_507070"
	Cpus = 1
	Disk = 2446591
	Memory = 2000
...
006 (15556765.194.000) 10/21 06:01:03 Image size of job updated: 187976
	184  -  MemoryUsage of job (MB)
	187968  -  ResidentSetSize of job (KB)
...
006 (15556765.194.000) 10/21 06:06:03 Image size of job updated: 1042588
	1018  -  MemoryUsage of job (MB)
	1041852  -  ResidentSetSize of job (KB)
...
006 (15556765.194.000) 10/21 06:11:03 Image size of job updated: 1045100
	1018  -  MemoryUsage of job (MB)
	1042040  -  ResidentSetSize of job (KB)
...
006 (15556765.194.000) 10/21 06:16:04 Image size of job updated: 1045676
	1018  -  MemoryUsage of job (MB)
	1042052  -  ResidentSetSize of job (KB)
...
006 (15556765.194.000) 10/21 06:19:45 Image size of job updated: 1046728
	1018  -  MemoryUsage of job (MB)
	1042052  -  ResidentSetSize of job (KB)
...
040 (15556765.194.000) 10/21 06:19:45 Started transferring output files
...
040 (15556765.194.000) 10/21 06:19:45 Finished transferring output files
...
005 (15556765.194.000) 10/21 06:19:45 Job terminated.
	(1) Normal termination (return value 0)
		Usr 0 00:14:34, Sys 0 00:00:08  -  Run Remote Usage
		Usr 0 00:00:00, Sys 0 00:00:00  -  Run Local Usage
		Usr 0 00:14:34, Sys 0 00:00:08  -  Total Remote Usage
		Usr 0 00:00:00, Sys 0 00:00:00  -  Total Local Usage
	24139  -  Run Bytes Sent By Job
	229  -  Run Bytes Received By Job
	24139  -  Total Bytes Sent By Job
	229  -  Total Bytes Received By Job
	Partitionable Resources :    Usage  Request Allocated 
	   Cpus                 :     0.96        1         1 
	   Disk (KB)            :    65           1   2446591 
	   Memory (MB)          :  1018        2000      2000 

	Job terminated of its own accord at 2024-10-21T04:19:45Z with exit-code 0.
...
