000 (15556765.077.000) 10/21 05:59:05 Job submitted from host: <188.184.90.241:9618?addrs=188.184.90.241-9618+[2001-1458-201-e4--100-2eb]-9618&alias=bigbird15.cern.ch&noUDP&sock=schedd_25064_65d2>
...
040 (15556765.077.000) 10/21 06:00:12 Started transferring input files
	Transferring to host: <128.142.192.173:9618?addrs=128.142.192.173-9618+[2001-1458-301-56--100-29]-9618&alias=b9g18p5800.cern.ch&noUDP&sock=slot1_31_4340_ac2a_1611>
...
040 (15556765.077.000) 10/21 06:00:12 Finished transferring input files
...
001 (15556765.077.000) 10/21 06:00:13 Job executing on host: <128.142.192.173:9618?addrs=128.142.192.173-9618+[2001-1458-301-56--100-29]-9618&alias=b9g18p5800.cern.ch&noUDP&sock=startd_3270_86c8>
	SlotName: slot1_31@b9g18p5800.cern.ch
	CondorScratchDir = "/pool/condor/dir_387994"
	Cpus = 1
	Disk = 2880757
	Memory = 2000
...
006 (15556765.077.000) 10/21 06:00:22 Image size of job updated: 174876
	171  -  MemoryUsage of job (MB)
	174784  -  ResidentSetSize of job (KB)
...
006 (15556765.077.000) 10/21 06:05:23 Image size of job updated: 994700
	967  -  MemoryUsage of job (MB)
	990032  -  ResidentSetSize of job (KB)
...
006 (15556765.077.000) 10/21 06:10:23 Image size of job updated: 994700
	967  -  MemoryUsage of job (MB)
	990140  -  ResidentSetSize of job (KB)
...
006 (15556765.077.000) 10/21 06:15:23 Image size of job updated: 994700
	968  -  MemoryUsage of job (MB)
	990880  -  ResidentSetSize of job (KB)
...
006 (15556765.077.000) 10/21 06:19:29 Image size of job updated: 995248
	968  -  MemoryUsage of job (MB)
	991156  -  ResidentSetSize of job (KB)
...
040 (15556765.077.000) 10/21 06:19:29 Started transferring output files
...
040 (15556765.077.000) 10/21 06:19:29 Finished transferring output files
...
005 (15556765.077.000) 10/21 06:19:29 Job terminated.
	(1) Normal termination (return value 0)
		Usr 0 00:17:02, Sys 0 00:00:11  -  Run Remote Usage
		Usr 0 00:00:00, Sys 0 00:00:00  -  Run Local Usage
		Usr 0 00:17:02, Sys 0 00:00:11  -  Total Remote Usage
		Usr 0 00:00:00, Sys 0 00:00:00  -  Total Local Usage
	16107  -  Run Bytes Sent By Job
	229  -  Run Bytes Received By Job
	16107  -  Total Bytes Sent By Job
	229  -  Total Bytes Received By Job
	Partitionable Resources :    Usage  Request Allocated 
	   Cpus                 :     0.71        1         1 
	   Disk (KB)            :    57           1   2880757 
	   Memory (MB)          :   968        2000      2000 

	Job terminated of its own accord at 2024-10-21T04:19:29Z with exit-code 0.
...
000 (15556766.077.000) 10/21 07:29:10 Job submitted from host: <188.184.90.241:9618?addrs=188.184.90.241-9618+[2001-1458-201-e4--100-2eb]-9618&alias=bigbird15.cern.ch&noUDP&sock=schedd_25064_65d2>
...
040 (15556766.077.000) 10/21 07:30:21 Started transferring input files
	Transferring to host: <128.142.192.179:9618?addrs=128.142.192.179-9618+[2001-1458-301-56--100-2f]-9618&alias=b9g18p1392.cern.ch&noUDP&sock=slot1_4_5197_81ac_77619>
...
040 (15556766.077.000) 10/21 07:30:21 Finished transferring input files
...
001 (15556766.077.000) 10/21 07:30:22 Job executing on host: <128.142.192.179:9618?addrs=128.142.192.179-9618+[2001-1458-301-56--100-2f]-9618&alias=b9g18p1392.cern.ch&noUDP&sock=startd_4170_da04>
	SlotName: slot1_4@b9g18p1392.cern.ch
	CondorScratchDir = "/pool/condor/dir_1691734"
	Cpus = 1
	Disk = 2830478
	Memory = 2000
...
006 (15556766.077.000) 10/21 07:30:31 Image size of job updated: 150408
	147  -  MemoryUsage of job (MB)
	149676  -  ResidentSetSize of job (KB)
...
006 (15556766.077.000) 10/21 07:35:32 Image size of job updated: 979724
	954  -  MemoryUsage of job (MB)
	976608  -  ResidentSetSize of job (KB)
...
006 (15556766.077.000) 10/21 07:40:32 Image size of job updated: 979724
	954  -  MemoryUsage of job (MB)
	976756  -  ResidentSetSize of job (KB)
...
040 (15556766.077.000) 10/21 07:50:33 Started transferring output files
...
040 (15556766.077.000) 10/21 07:50:33 Finished transferring output files
...
009 (15556766.077.000) 10/21 07:50:33 Job was aborted.
	Job removed by SYSTEM_PERIODIC_REMOVE due to wall time exceeded allowed max.
...
