000 (15556765.238.000) 10/21 05:59:05 Job submitted from host: <188.184.90.241:9618?addrs=188.184.90.241-9618+[2001-1458-201-e4--100-2eb]-9618&alias=bigbird15.cern.ch&noUDP&sock=schedd_25064_65d2>
...
040 (15556765.238.000) 10/21 06:01:08 Started transferring input files
	Transferring to host: <128.142.161.87:9618?addrs=128.142.161.87-9618+[2001-1458-301-b8--100-15]-9618&alias=b9g03p9590.cern.ch&noUDP&sock=slot1_17_6562_45c4_3372>
...
040 (15556765.238.000) 10/21 06:01:08 Finished transferring input files
...
001 (15556765.238.000) 10/21 06:01:10 Job executing on host: <128.142.161.87:9618?addrs=128.142.161.87-9618+[2001-1458-301-b8--100-15]-9618&alias=b9g03p9590.cern.ch&noUDP&sock=startd_5849_8187>
	SlotName: slot1_17@b9g03p9590.cern.ch
	CondorScratchDir = "/pool/condor/dir_519896"
	Cpus = 1
	Disk = 3943
	GPUs = 0
	Memory = 2000
...
006 (15556765.238.000) 10/21 06:01:19 Image size of job updated: 145752
	143  -  MemoryUsage of job (MB)
	145752  -  ResidentSetSize of job (KB)
...
006 (15556765.238.000) 10/21 06:06:20 Image size of job updated: 273540
	268  -  MemoryUsage of job (MB)
	273540  -  ResidentSetSize of job (KB)
...
006 (15556765.238.000) 10/21 06:11:21 Image size of job updated: 1101556
	1076  -  MemoryUsage of job (MB)
	1101556  -  ResidentSetSize of job (KB)
...
040 (15556765.238.000) 10/21 06:21:21 Started transferring output files
...
040 (15556765.238.000) 10/21 06:21:21 Finished transferring output files
...
009 (15556765.238.000) 10/21 06:21:21 Job was aborted.
	Job removed by SYSTEM_PERIODIC_REMOVE due to wall time exceeded allowed max.
...
