000 (15556765.249.000) 10/21 05:59:05 Job submitted from host: <188.184.90.241:9618?addrs=188.184.90.241-9618+[2001-1458-201-e4--100-2eb]-9618&alias=bigbird15.cern.ch&noUDP&sock=schedd_25064_65d2>
...
040 (15556765.249.000) 10/21 06:01:13 Started transferring input files
	Transferring to host: <128.142.192.161:9618?addrs=128.142.192.161-9618+[2001-1458-301-56--100-1d]-9618&alias=b9g18p0292.cern.ch&noUDP&sock=slot1_11_5594_3a9d_3809>
...
040 (15556765.249.000) 10/21 06:01:13 Finished transferring input files
...
001 (15556765.249.000) 10/21 06:01:15 Job executing on host: <128.142.192.161:9618?addrs=128.142.192.161-9618+[2001-1458-301-56--100-1d]-9618&alias=b9g18p0292.cern.ch&noUDP&sock=startd_4324_7b9a>
	SlotName: slot1_11@b9g18p0292.cern.ch
	CondorScratchDir = "/pool/condor/dir_2055000"
	Cpus = 1
	Disk = 3806
	GPUs = 0
	Memory = 2000
...
006 (15556765.249.000) 10/21 06:01:23 Image size of job updated: 170472
	167  -  MemoryUsage of job (MB)
	170472  -  ResidentSetSize of job (KB)
...
006 (15556765.249.000) 10/21 06:06:23 Image size of job updated: 276952
	271  -  MemoryUsage of job (MB)
	276952  -  ResidentSetSize of job (KB)
...
006 (15556765.249.000) 10/21 06:11:24 Image size of job updated: 961616
	940  -  MemoryUsage of job (MB)
	961616  -  ResidentSetSize of job (KB)
...
006 (15556765.249.000) 10/21 06:16:25 Image size of job updated: 961788
	940  -  MemoryUsage of job (MB)
	961788  -  ResidentSetSize of job (KB)
...
006 (15556765.249.000) 10/21 06:21:25 Image size of job updated: 961944
	940  -  MemoryUsage of job (MB)
	961944  -  ResidentSetSize of job (KB)
...
040 (15556765.249.000) 10/21 06:21:25 Started transferring output files
...
040 (15556765.249.000) 10/21 06:21:25 Finished transferring output files
...
009 (15556765.249.000) 10/21 06:21:25 Job was aborted.
	Job removed by SYSTEM_PERIODIC_REMOVE due to wall time exceeded allowed max.
...
