000 (15556765.197.000) 10/21 05:59:05 Job submitted from host: <188.184.90.241:9618?addrs=188.184.90.241-9618+[2001-1458-201-e4--100-2eb]-9618&alias=bigbird15.cern.ch&noUDP&sock=schedd_25064_65d2>
...
040 (15556765.197.000) 10/21 06:00:53 Started transferring input files
	Transferring to host: <188.185.207.204:9618?addrs=188.185.207.204-9618+[2001-1458-303-e--100-49]-9618&alias=b9p08p5225.cern.ch&noUDP&sock=slot1_19_4471_f94f_28144>
...
040 (15556765.197.000) 10/21 06:00:53 Finished transferring input files
...
001 (15556765.197.000) 10/21 06:00:55 Job executing on host: <188.185.207.204:9618?addrs=188.185.207.204-9618+[2001-1458-303-e--100-49]-9618&alias=b9p08p5225.cern.ch&noUDP&sock=startd_3789_846f>
	SlotName: slot1_19@b9p08p5225.cern.ch
	CondorScratchDir = "/pool/condor/dir_3418194"
	Cpus = 1
	Disk = 2732976
	Memory = 2000
...
006 (15556765.197.000) 10/21 06:01:03 Image size of job updated: 149156
	145  -  MemoryUsage of job (MB)
	148352  -  ResidentSetSize of job (KB)
...
006 (15556765.197.000) 10/21 06:06:03 Image size of job updated: 989300
	963  -  MemoryUsage of job (MB)
	985328  -  ResidentSetSize of job (KB)
...
006 (15556765.197.000) 10/21 06:16:04 Image size of job updated: 989300
	963  -  MemoryUsage of job (MB)
	985588  -  ResidentSetSize of job (KB)
...
040 (15556765.197.000) 10/21 06:21:04 Started transferring output files
...
040 (15556765.197.000) 10/21 06:21:04 Finished transferring output files
...
009 (15556765.197.000) 10/21 06:21:04 Job was aborted.
	Job removed by SYSTEM_PERIODIC_REMOVE due to wall time exceeded allowed max.
...
