000 (15556765.292.000) 10/21 05:59:05 Job submitted from host: <188.184.90.241:9618?addrs=188.184.90.241-9618+[2001-1458-201-e4--100-2eb]-9618&alias=bigbird15.cern.ch&noUDP&sock=schedd_25064_65d2>
...
040 (15556765.292.000) 10/21 06:01:29 Started transferring input files
	Transferring to host: <188.185.213.231:9618?addrs=188.185.213.231-9618+[2001-1458-303-1b--100-63]-9618&alias=b9p28p9038.cern.ch&noUDP&sock=slot1_10_4936_9bc2_6541>
...
040 (15556765.292.000) 10/21 06:01:29 Finished transferring input files
...
001 (15556765.292.000) 10/21 06:01:30 Job executing on host: <188.185.213.231:9618?addrs=188.185.213.231-9618+[2001-1458-303-1b--100-63]-9618&alias=b9p28p9038.cern.ch&noUDP&sock=startd_4033_e18a>
	SlotName: slot1_10@b9p28p9038.cern.ch
	CondorScratchDir = "/pool/condor/dir_2944416"
	Cpus = 1
	Disk = 3678
	GPUs = 0
	Memory = 2000
...
006 (15556765.292.000) 10/21 06:01:38 Image size of job updated: 145020
	142  -  MemoryUsage of job (MB)
	145020  -  ResidentSetSize of job (KB)
...
040 (15556765.292.000) 10/21 06:05:23 Started transferring output files
...
040 (15556765.292.000) 10/21 06:05:23 Finished transferring output files
...
005 (15556765.292.000) 10/21 06:05:23 Job terminated.
	(1) Normal termination (return value 0)
		Usr 0 00:03:10, Sys 0 00:00:06  -  Run Remote Usage
		Usr 0 00:00:00, Sys 0 00:00:00  -  Run Local Usage
		Usr 0 00:03:10, Sys 0 00:00:06  -  Total Remote Usage
		Usr 0 00:00:00, Sys 0 00:00:00  -  Total Local Usage
	8023  -  Run Bytes Sent By Job
	229  -  Run Bytes Received By Job
	8023  -  Total Bytes Sent By Job
	229  -  Total Bytes Received By Job
	Partitionable Resources :    Usage  Request Allocated 
	   Cpus                 :        0        1         1 
	   Disk (KB)            :       49        1      3678 
	   GPUs                 :                           0 
	   Memory (MB)          :      142     2000      2000 

	Job terminated of its own accord at 2024-10-21T04:05:23Z with exit-code 0.
...
