000 (15556765.270.000) 10/21 05:59:05 Job submitted from host: <188.184.90.241:9618?addrs=188.184.90.241-9618+[2001-1458-201-e4--100-2eb]-9618&alias=bigbird15.cern.ch&noUDP&sock=schedd_25064_65d2>
...
040 (15556765.270.000) 10/21 06:01:21 Started transferring input files
	Transferring to host: <188.185.209.170:9618?addrs=188.185.209.170-9618+[2001-1458-303-12--100-27]-9618&alias=b9p12p6566.cern.ch&noUDP&sock=slot1_40_16928_0ea9_132265>
...
040 (15556765.270.000) 10/21 06:01:21 Finished transferring input files
...
001 (15556765.270.000) 10/21 06:01:22 Job executing on host: <188.185.209.170:9618?addrs=188.185.209.170-9618+[2001-1458-303-12--100-27]-9618&alias=b9p12p6566.cern.ch&noUDP&sock=startd_15820_c85a>
	SlotName: slot1_40@b9p12p6566.cern.ch
	CondorScratchDir = "/pool/condor/dir_1824469"
	Cpus = 1
	Disk = 2760278
	Memory = 2000
...
006 (15556765.270.000) 10/21 06:01:31 Image size of job updated: 226424
	222  -  MemoryUsage of job (MB)
	226308  -  ResidentSetSize of job (KB)
...
006 (15556765.270.000) 10/21 06:06:32 Image size of job updated: 968516
	944  -  MemoryUsage of job (MB)
	965872  -  ResidentSetSize of job (KB)
...
006 (15556765.270.000) 10/21 06:11:32 Image size of job updated: 970472
	945  -  MemoryUsage of job (MB)
	967308  -  ResidentSetSize of job (KB)
...
006 (15556765.270.000) 10/21 06:16:32 Image size of job updated: 970472
	945  -  MemoryUsage of job (MB)
	967536  -  ResidentSetSize of job (KB)
...
006 (15556765.270.000) 10/21 06:21:32 Image size of job updated: 971044
	945  -  MemoryUsage of job (MB)
	967536  -  ResidentSetSize of job (KB)
...
040 (15556765.270.000) 10/21 06:21:32 Started transferring output files
...
040 (15556765.270.000) 10/21 06:21:32 Finished transferring output files
...
009 (15556765.270.000) 10/21 06:21:32 Job was aborted.
	Job removed by SYSTEM_PERIODIC_REMOVE due to wall time exceeded allowed max.
...
