000 (15556765.603.000) 10/21 05:59:06 Job submitted from host: <188.184.90.241:9618?addrs=188.184.90.241-9618+[2001-1458-201-e4--100-2eb]-9618&alias=bigbird15.cern.ch&noUDP&sock=schedd_25064_65d2>
...
040 (15556765.603.000) 10/21 06:06:16 Started transferring input files
	Transferring to host: <188.185.205.168:9618?addrs=188.185.205.168-9618+[2001-1458-303-a--100-25]-9618&alias=b9p04p2155.cern.ch&noUDP&sock=slot1_28_5384_43d4_71378>
...
040 (15556765.603.000) 10/21 06:06:16 Finished transferring input files
...
001 (15556765.603.000) 10/21 06:06:17 Job executing on host: <188.185.205.168:9618?addrs=188.185.205.168-9618+[2001-1458-303-a--100-25]-9618&alias=b9p04p2155.cern.ch&noUDP&sock=startd_4412_d7ef>
	SlotName: slot1_28@b9p04p2155.cern.ch
	CondorScratchDir = "/pool/condor/dir_1733737"
	Cpus = 1
	Disk = 2645838
	Memory = 2000
...
006 (15556765.603.000) 10/21 06:06:25 Image size of job updated: 154476
	151  -  MemoryUsage of job (MB)
	154064  -  ResidentSetSize of job (KB)
...
006 (15556765.603.000) 10/21 06:11:25 Image size of job updated: 776564
	754  -  MemoryUsage of job (MB)
	771952  -  ResidentSetSize of job (KB)
...
006 (15556765.603.000) 10/21 06:16:26 Image size of job updated: 789808
	768  -  MemoryUsage of job (MB)
	785468  -  ResidentSetSize of job (KB)
...
006 (15556765.603.000) 10/21 06:21:27 Image size of job updated: 790852
	769  -  MemoryUsage of job (MB)
	786496  -  ResidentSetSize of job (KB)
...
040 (15556765.603.000) 10/21 06:23:44 Started transferring output files
...
040 (15556765.603.000) 10/21 06:23:44 Finished transferring output files
...
005 (15556765.603.000) 10/21 06:23:44 Job terminated.
	(1) Normal termination (return value 0)
		Usr 0 00:14:01, Sys 0 00:00:07  -  Run Remote Usage
		Usr 0 00:00:00, Sys 0 00:00:00  -  Run Local Usage
		Usr 0 00:14:01, Sys 0 00:00:07  -  Total Remote Usage
		Usr 0 00:00:00, Sys 0 00:00:00  -  Total Local Usage
	38149  -  Run Bytes Sent By Job
	229  -  Run Bytes Received By Job
	38149  -  Total Bytes Sent By Job
	229  -  Total Bytes Received By Job
	Partitionable Resources :    Usage  Request Allocated 
	   Cpus                 :     0.94        1         1 
	   Disk (KB)            :    82           1   2645838 
	   Memory (MB)          :   769        2000      2000 

	Job terminated of its own accord at 2024-10-21T04:23:44Z with exit-code 0.
...
