000 (15556765.631.000) 10/21 05:59:06 Job submitted from host: <188.184.90.241:9618?addrs=188.184.90.241-9618+[2001-1458-201-e4--100-2eb]-9618&alias=bigbird15.cern.ch&noUDP&sock=schedd_25064_65d2>
...
040 (15556765.631.000) 10/21 06:06:24 Started transferring input files
	Transferring to host: <128.142.137.119:9618?addrs=128.142.137.119-9618+[2001-1458-301-5e--100-6b]-9618&alias=b9g19p6148.cern.ch&noUDP&sock=slot1_8_2825_37cc_47837>
...
040 (15556765.631.000) 10/21 06:06:24 Finished transferring input files
...
001 (15556765.631.000) 10/21 06:06:25 Job executing on host: <128.142.137.119:9618?addrs=128.142.137.119-9618+[2001-1458-301-5e--100-6b]-9618&alias=b9g19p6148.cern.ch&noUDP&sock=startd_2498_ffaa>
	SlotName: slot1_8@b9g19p6148.cern.ch
	CondorScratchDir = "/pool/condor/dir_1721807"
	Cpus = 1
	Disk = 1747706
	Memory = 2000
...
006 (15556765.631.000) 10/21 06:06:33 Image size of job updated: 148912
	146  -  MemoryUsage of job (MB)
	148912  -  ResidentSetSize of job (KB)
...
006 (15556765.631.000) 10/21 06:11:33 Image size of job updated: 750172
	733  -  MemoryUsage of job (MB)
	750172  -  ResidentSetSize of job (KB)
...
040 (15556765.631.000) 10/21 06:12:05 Started transferring output files
...
040 (15556765.631.000) 10/21 06:12:05 Finished transferring output files
...
005 (15556765.631.000) 10/21 06:12:05 Job terminated.
	(1) Normal termination (return value 0)
		Usr 0 00:04:48, Sys 0 00:00:07  -  Run Remote Usage
		Usr 0 00:00:00, Sys 0 00:00:00  -  Run Local Usage
		Usr 0 00:04:48, Sys 0 00:00:07  -  Total Remote Usage
		Usr 0 00:00:00, Sys 0 00:00:00  -  Total Local Usage
	8236  -  Run Bytes Sent By Job
	229  -  Run Bytes Received By Job
	8236  -  Total Bytes Sent By Job
	229  -  Total Bytes Received By Job
	Partitionable Resources :    Usage  Request Allocated 
	   Cpus                 :        0        1         1 
	   Disk (KB)            :       49        1   1747706 
	   Memory (MB)          :      733     2000      2000 

	Job terminated of its own accord at 2024-10-21T04:12:05Z with exit-code 0.
...
