000 (15556765.506.000) 10/21 05:59:06 Job submitted from host: <188.184.90.241:9618?addrs=188.184.90.241-9618+[2001-1458-201-e4--100-2eb]-9618&alias=bigbird15.cern.ch&noUDP&sock=schedd_25064_65d2>
...
040 (15556765.506.000) 10/21 06:05:40 Started transferring input files
	Transferring to host: <188.185.196.35:9618?addrs=188.185.196.35-9618+[2001-1458-303-23--100-1f]-9618&alias=b9p16p8087.cern.ch&noUDP&sock=slot1_33_7382_0965_3015>
...
040 (15556765.506.000) 10/21 06:05:40 Finished transferring input files
...
001 (15556765.506.000) 10/21 06:05:41 Job executing on host: <188.185.196.35:9618?addrs=188.185.196.35-9618+[2001-1458-303-23--100-1f]-9618&alias=b9p16p8087.cern.ch&noUDP&sock=startd_6280_22d9>
	SlotName: slot1_33@b9p16p8087.cern.ch
	CondorScratchDir = "/pool/condor/dir_2161052"
	Cpus = 1
	Disk = 3805
	GPUs = 0
	Memory = 2000
...
006 (15556765.506.000) 10/21 06:05:50 Image size of job updated: 236192
	231  -  MemoryUsage of job (MB)
	236192  -  ResidentSetSize of job (KB)
...
006 (15556765.506.000) 10/21 06:10:51 Image size of job updated: 865004
	845  -  MemoryUsage of job (MB)
	865004  -  ResidentSetSize of job (KB)
...
040 (15556765.506.000) 10/21 06:17:42 Started transferring output files
...
040 (15556765.506.000) 10/21 06:17:42 Finished transferring output files
...
005 (15556765.506.000) 10/21 06:17:42 Job terminated.
	(1) Normal termination (return value 0)
		Usr 0 00:07:36, Sys 0 00:00:11  -  Run Remote Usage
		Usr 0 00:00:00, Sys 0 00:00:00  -  Run Local Usage
		Usr 0 00:07:36, Sys 0 00:00:11  -  Total Remote Usage
		Usr 0 00:00:00, Sys 0 00:00:00  -  Total Local Usage
	12543  -  Run Bytes Sent By Job
	229  -  Run Bytes Received By Job
	12543  -  Total Bytes Sent By Job
	229  -  Total Bytes Received By Job
	Partitionable Resources :    Usage  Request Allocated 
	   Cpus                 :     0.78        1         1 
	   Disk (KB)            :    54           1      3805 
	   GPUs                 :                           0 
	   Memory (MB)          :   845        2000      2000 

	Job terminated of its own accord at 2024-10-21T04:17:42Z with exit-code 0.
...
