000 (15556765.518.000) 10/21 05:59:06 Job submitted from host: <188.184.90.241:9618?addrs=188.184.90.241-9618+[2001-1458-201-e4--100-2eb]-9618&alias=bigbird15.cern.ch&noUDP&sock=schedd_25064_65d2>
...
040 (15556765.518.000) 10/21 06:05:45 Started transferring input files
	Transferring to host: <188.185.192.111:9618?addrs=188.185.192.111-9618+[2001-1458-303-1f--100-6b]-9618&alias=b9p13p6936.cern.ch&noUDP&sock=slot1_24_2785163_0a83_85355>
...
040 (15556765.518.000) 10/21 06:05:45 Finished transferring input files
...
001 (15556765.518.000) 10/21 06:05:46 Job executing on host: <188.185.192.111:9618?addrs=188.185.192.111-9618+[2001-1458-303-1f--100-6b]-9618&alias=b9p13p6936.cern.ch&noUDP&sock=startd_128758_db5a>
	SlotName: slot1_24@b9p13p6936.cern.ch
	CondorScratchDir = "/pool/condor/dir_3832296"
	Cpus = 1
	Disk = 2852130
	Memory = 2000
...
006 (15556765.518.000) 10/21 06:05:54 Image size of job updated: 2432
	3  -  MemoryUsage of job (MB)
	2092  -  ResidentSetSize of job (KB)
...
006 (15556765.518.000) 10/21 06:07:41 Image size of job updated: 759384
	22  -  MemoryUsage of job (MB)
	22004  -  ResidentSetSize of job (KB)
...
040 (15556765.518.000) 10/21 06:07:41 Started transferring output files
...
040 (15556765.518.000) 10/21 06:07:41 Finished transferring output files
...
005 (15556765.518.000) 10/21 06:07:41 Job terminated.
	(1) Normal termination (return value 0)
		Usr 0 00:01:05, Sys 0 00:00:04  -  Run Remote Usage
		Usr 0 00:00:00, Sys 0 00:00:00  -  Run Local Usage
		Usr 0 00:01:05, Sys 0 00:00:04  -  Total Remote Usage
		Usr 0 00:00:00, Sys 0 00:00:00  -  Total Local Usage
	2500  -  Run Bytes Sent By Job
	229  -  Run Bytes Received By Job
	2500  -  Total Bytes Sent By Job
	229  -  Total Bytes Received By Job
	Partitionable Resources :    Usage  Request Allocated 
	   Cpus                 :        0        1         1 
	   Disk (KB)            :       43        1   2852130 
	   Memory (MB)          :       22     2000      2000 

	Job terminated of its own accord at 2024-10-21T04:07:41Z with exit-code 0.
...
