000 (15556765.533.000) 10/21 05:59:06 Job submitted from host: <188.184.90.241:9618?addrs=188.184.90.241-9618+[2001-1458-201-e4--100-2eb]-9618&alias=bigbird15.cern.ch&noUDP&sock=schedd_25064_65d2>
...
040 (15556765.533.000) 10/21 06:05:49 Started transferring input files
	Transferring to host: <188.185.193.53:9618?addrs=188.185.193.53-9618+[2001-1458-303-20--100-31]-9618&alias=b9p19p9278.cern.ch&noUDP&sock=slot1_5_6848_c910_3598>
...
040 (15556765.533.000) 10/21 06:05:49 Finished transferring input files
...
001 (15556765.533.000) 10/21 06:05:50 Job executing on host: <188.185.193.53:9618?addrs=188.185.193.53-9618+[2001-1458-303-20--100-31]-9618&alias=b9p19p9278.cern.ch&noUDP&sock=startd_5822_fc79>
	SlotName: slot1_5@b9p19p9278.cern.ch
	CondorScratchDir = "/pool/condor/dir_3773704"
	Cpus = 1
	Disk = 3828
	GPUs = 0
	Memory = 2000
...
006 (15556765.533.000) 10/21 06:05:59 Image size of job updated: 198680
	195  -  MemoryUsage of job (MB)
	198680  -  ResidentSetSize of job (KB)
...
006 (15556765.533.000) 10/21 06:11:00 Image size of job updated: 747872
	731  -  MemoryUsage of job (MB)
	747872  -  ResidentSetSize of job (KB)
...
006 (15556765.533.000) 10/21 06:16:00 Image size of job updated: 757496
	740  -  MemoryUsage of job (MB)
	757496  -  ResidentSetSize of job (KB)
...
006 (15556765.533.000) 10/21 06:21:00 Image size of job updated: 762516
	745  -  MemoryUsage of job (MB)
	762516  -  ResidentSetSize of job (KB)
...
040 (15556765.533.000) 10/21 06:23:29 Started transferring output files
...
040 (15556765.533.000) 10/21 06:23:29 Finished transferring output files
...
005 (15556765.533.000) 10/21 06:23:29 Job terminated.
	(1) Normal termination (return value 0)
		Usr 0 00:16:23, Sys 0 00:00:10  -  Run Remote Usage
		Usr 0 00:00:00, Sys 0 00:00:00  -  Run Local Usage
		Usr 0 00:16:23, Sys 0 00:00:10  -  Total Remote Usage
		Usr 0 00:00:00, Sys 0 00:00:00  -  Total Local Usage
	31453  -  Run Bytes Sent By Job
	229  -  Run Bytes Received By Job
	31453  -  Total Bytes Sent By Job
	229  -  Total Bytes Received By Job
	Partitionable Resources :    Usage  Request Allocated 
	   Cpus                 :     0.96        1         1 
	   Disk (KB)            :    73           1      3828 
	   GPUs                 :                           0 
	   Memory (MB)          :   745        2000      2000 

	Job terminated of its own accord at 2024-10-21T04:23:29Z with exit-code 0.
...
