000 (15556765.342.000) 10/21 05:59:06 Job submitted from host: <188.184.90.241:9618?addrs=188.184.90.241-9618+[2001-1458-201-e4--100-2eb]-9618&alias=bigbird15.cern.ch&noUDP&sock=schedd_25064_65d2>
...
040 (15556765.342.000) 10/21 06:01:47 Started transferring input files
	Transferring to host: <188.185.192.35:9618?addrs=188.185.192.35-9618+[2001-1458-303-1f--100-1f]-9618&alias=b9p13p2801.cern.ch&noUDP&sock=slot1_22_1851316_598c_2198>
...
040 (15556765.342.000) 10/21 06:01:47 Finished transferring input files
...
001 (15556765.342.000) 10/21 06:01:48 Job executing on host: <188.185.192.35:9618?addrs=188.185.192.35-9618+[2001-1458-303-1f--100-1f]-9618&alias=b9p13p2801.cern.ch&noUDP&sock=startd_5315_39f4>
	SlotName: slot1_22@b9p13p2801.cern.ch
	CondorScratchDir = "/pool/condor/dir_2149566"
	Cpus = 1
	Disk = 2885452
	Memory = 2000
...
006 (15556765.342.000) 10/21 06:01:57 Image size of job updated: 531368
	519  -  MemoryUsage of job (MB)
	531364  -  ResidentSetSize of job (KB)
...
006 (15556765.342.000) 10/21 06:06:58 Image size of job updated: 2389964
	2333  -  MemoryUsage of job (MB)
	2388096  -  ResidentSetSize of job (KB)
...
006 (15556765.342.000) 10/21 06:11:58 Image size of job updated: 2392740
	2333  -  MemoryUsage of job (MB)
	2388096  -  ResidentSetSize of job (KB)
...
040 (15556765.342.000) 10/21 06:17:27 Started transferring output files
...
040 (15556765.342.000) 10/21 06:17:27 Finished transferring output files
...
005 (15556765.342.000) 10/21 06:17:27 Job terminated.
	(1) Normal termination (return value 0)
		Usr 0 00:05:21, Sys 0 00:00:07  -  Run Remote Usage
		Usr 0 00:00:00, Sys 0 00:00:00  -  Run Local Usage
		Usr 0 00:05:21, Sys 0 00:00:07  -  Total Remote Usage
		Usr 0 00:00:00, Sys 0 00:00:00  -  Total Local Usage
	12324  -  Run Bytes Sent By Job
	229  -  Run Bytes Received By Job
	12324  -  Total Bytes Sent By Job
	229  -  Total Bytes Received By Job
	Partitionable Resources :    Usage  Request Allocated 
	   Cpus                 :     0.00        1         1 
	   Disk (KB)            :    53           1   2885452 
	   Memory (MB)          :  2333        2000      2000 

	Job terminated of its own accord at 2024-10-21T04:17:27Z with exit-code 0.
...
