000 (15556765.611.000) 10/21 05:59:06 Job submitted from host: <188.184.90.241:9618?addrs=188.184.90.241-9618+[2001-1458-201-e4--100-2eb]-9618&alias=bigbird15.cern.ch&noUDP&sock=schedd_25064_65d2>
...
040 (15556765.611.000) 10/21 06:06:18 Started transferring input files
	Transferring to host: <188.185.205.23:9618?addrs=188.185.205.23-9618+[2001-1458-303-9--100-8b]-9618&alias=b9p03p3696.cern.ch&noUDP&sock=slot1_35_6489_d661_81390>
...
040 (15556765.611.000) 10/21 06:06:18 Finished transferring input files
...
001 (15556765.611.000) 10/21 06:06:19 Job executing on host: <188.185.205.23:9618?addrs=188.185.205.23-9618+[2001-1458-303-9--100-8b]-9618&alias=b9p03p3696.cern.ch&noUDP&sock=startd_5275_ca2b>
	SlotName: slot1_35@b9p03p3696.cern.ch
	CondorScratchDir = "/pool/condor/dir_437727"
	Cpus = 1
	Disk = 2611265
	Memory = 2000
...
006 (15556765.611.000) 10/21 06:06:28 Image size of job updated: 155356
	152  -  MemoryUsage of job (MB)
	155192  -  ResidentSetSize of job (KB)
...
006 (15556765.611.000) 10/21 06:11:29 Image size of job updated: 777012
	757  -  MemoryUsage of job (MB)
	774884  -  ResidentSetSize of job (KB)
...
006 (15556765.611.000) 10/21 06:16:29 Image size of job updated: 778868
	757  -  MemoryUsage of job (MB)
	774896  -  ResidentSetSize of job (KB)
...
040 (15556765.611.000) 10/21 06:19:03 Started transferring output files
...
040 (15556765.611.000) 10/21 06:19:03 Finished transferring output files
...
005 (15556765.611.000) 10/21 06:19:03 Job terminated.
	(1) Normal termination (return value 0)
		Usr 0 00:11:22, Sys 0 00:00:09  -  Run Remote Usage
		Usr 0 00:00:00, Sys 0 00:00:00  -  Run Local Usage
		Usr 0 00:11:22, Sys 0 00:00:09  -  Total Remote Usage
		Usr 0 00:00:00, Sys 0 00:00:00  -  Total Local Usage
	30397  -  Run Bytes Sent By Job
	229  -  Run Bytes Received By Job
	30397  -  Total Bytes Sent By Job
	229  -  Total Bytes Received By Job
	Partitionable Resources :    Usage  Request Allocated 
	   Cpus                 :     0.74        1         1 
	   Disk (KB)            :    74           1   2611265 
	   Memory (MB)          :   757        2000      2000 

	Job terminated of its own accord at 2024-10-21T04:19:03Z with exit-code 0.
...
