000 (15556765.523.000) 10/21 05:59:06 Job submitted from host: <188.184.90.241:9618?addrs=188.184.90.241-9618+[2001-1458-201-e4--100-2eb]-9618&alias=bigbird15.cern.ch&noUDP&sock=schedd_25064_65d2>
...
040 (15556765.523.000) 10/21 06:05:46 Started transferring input files
	Transferring to host: <188.185.192.84:9618?addrs=188.185.192.84-9618+[2001-1458-303-1f--100-50]-9618&alias=b9p13p2781.cern.ch&noUDP&sock=slot1_12_443038_1999_22750>
...
040 (15556765.523.000) 10/21 06:05:46 Finished transferring input files
...
001 (15556765.523.000) 10/21 06:05:47 Job executing on host: <188.185.192.84:9618?addrs=188.185.192.84-9618+[2001-1458-303-1f--100-50]-9618&alias=b9p13p2781.cern.ch&noUDP&sock=startd_11664_1cc0>
	SlotName: slot1_12@b9p13p2781.cern.ch
	CondorScratchDir = "/pool/condor/dir_3401325"
	Cpus = 1
	Disk = 2917886
	Memory = 2000
...
006 (15556765.523.000) 10/21 06:05:56 Image size of job updated: 722872
	706  -  MemoryUsage of job (MB)
	722164  -  ResidentSetSize of job (KB)
...
006 (15556765.523.000) 10/21 06:08:43 Image size of job updated: 1560320
	801  -  MemoryUsage of job (MB)
	820212  -  ResidentSetSize of job (KB)
...
040 (15556765.523.000) 10/21 06:08:43 Started transferring output files
...
040 (15556765.523.000) 10/21 06:08:43 Finished transferring output files
...
005 (15556765.523.000) 10/21 06:08:43 Job terminated.
	(1) Normal termination (return value 0)
		Usr 0 00:02:24, Sys 0 00:00:05  -  Run Remote Usage
		Usr 0 00:00:00, Sys 0 00:00:00  -  Run Local Usage
		Usr 0 00:02:24, Sys 0 00:00:05  -  Total Remote Usage
		Usr 0 00:00:00, Sys 0 00:00:00  -  Total Local Usage
	4900  -  Run Bytes Sent By Job
	229  -  Run Bytes Received By Job
	4900  -  Total Bytes Sent By Job
	229  -  Total Bytes Received By Job
	Partitionable Resources :    Usage  Request Allocated 
	   Cpus                 :        0        1         1 
	   Disk (KB)            :       46        1   2917886 
	   Memory (MB)          :      801     2000      2000 

	Job terminated of its own accord at 2024-10-21T04:08:43Z with exit-code 0.
...
