000 (15556765.592.000) 10/21 05:59:06 Job submitted from host: <188.184.90.241:9618?addrs=188.184.90.241-9618+[2001-1458-201-e4--100-2eb]-9618&alias=bigbird15.cern.ch&noUDP&sock=schedd_25064_65d2>
...
040 (15556765.592.000) 10/21 06:06:10 Started transferring input files
	Transferring to host: <188.185.194.58:9618?addrs=188.185.194.58-9618+[2001-1458-303-21--100-36]-9618&alias=b9p20p2508.cern.ch&noUDP&sock=slot1_2_2961159_24f8_7942>
...
040 (15556765.592.000) 10/21 06:06:10 Finished transferring input files
...
001 (15556765.592.000) 10/21 06:06:11 Job executing on host: <188.185.194.58:9618?addrs=188.185.194.58-9618+[2001-1458-303-21--100-36]-9618&alias=b9p20p2508.cern.ch&noUDP&sock=startd_174974_3052>
	SlotName: slot1_2@b9p20p2508.cern.ch
	CondorScratchDir = "/pool/condor/dir_2139888"
	Cpus = 1
	Disk = 2939670
	Memory = 2000
...
006 (15556765.592.000) 10/21 06:06:20 Image size of job updated: 810988
	792  -  MemoryUsage of job (MB)
	810980  -  ResidentSetSize of job (KB)
...
006 (15556765.592.000) 10/21 06:11:21 Image size of job updated: 1699116
	1657  -  MemoryUsage of job (MB)
	1695780  -  ResidentSetSize of job (KB)
...
006 (15556765.592.000) 10/21 06:16:22 Image size of job updated: 1710108
	1668  -  MemoryUsage of job (MB)
	1707412  -  ResidentSetSize of job (KB)
...
006 (15556765.592.000) 10/21 06:20:51 Image size of job updated: 1711840
	1668  -  MemoryUsage of job (MB)
	1707412  -  ResidentSetSize of job (KB)
...
040 (15556765.592.000) 10/21 06:20:51 Started transferring output files
...
040 (15556765.592.000) 10/21 06:20:51 Finished transferring output files
...
005 (15556765.592.000) 10/21 06:20:51 Job terminated.
	(1) Normal termination (return value 0)
		Usr 0 00:12:40, Sys 0 00:00:06  -  Run Remote Usage
		Usr 0 00:00:00, Sys 0 00:00:00  -  Run Local Usage
		Usr 0 00:12:40, Sys 0 00:00:06  -  Total Remote Usage
		Usr 0 00:00:00, Sys 0 00:00:00  -  Total Local Usage
	23572  -  Run Bytes Sent By Job
	229  -  Run Bytes Received By Job
	23572  -  Total Bytes Sent By Job
	229  -  Total Bytes Received By Job
	Partitionable Resources :    Usage  Request Allocated 
	   Cpus                 :     0.82        1         1 
	   Disk (KB)            :    64           1   2939670 
	   Memory (MB)          :  1668        2000      2000 

	Job terminated of its own accord at 2024-10-21T04:20:51Z with exit-code 0.
...
