000 (15556765.345.000) 10/21 05:59:06 Job submitted from host: <188.184.90.241:9618?addrs=188.184.90.241-9618+[2001-1458-201-e4--100-2eb]-9618&alias=bigbird15.cern.ch&noUDP&sock=schedd_25064_65d2>
...
040 (15556765.345.000) 10/21 06:01:48 Started transferring input files
	Transferring to host: <188.185.193.51:9618?addrs=188.185.193.51-9618+[2001-1458-303-20--100-2f]-9618&alias=b9p19p4434.cern.ch&noUDP&sock=slot1_26_8901_4f43_4051>
...
040 (15556765.345.000) 10/21 06:01:48 Finished transferring input files
...
001 (15556765.345.000) 10/21 06:01:49 Job executing on host: <188.185.193.51:9618?addrs=188.185.193.51-9618+[2001-1458-303-20--100-2f]-9618&alias=b9p19p4434.cern.ch&noUDP&sock=startd_7495_866a>
	SlotName: slot1_26@b9p19p4434.cern.ch
	CondorScratchDir = "/pool/condor/dir_2928056"
	Cpus = 1
	Disk = 3868
	GPUs = 0
	Memory = 2000
...
006 (15556765.345.000) 10/21 06:01:58 Image size of job updated: 149092
	146  -  MemoryUsage of job (MB)
	149092  -  ResidentSetSize of job (KB)
...
006 (15556765.345.000) 10/21 06:06:59 Image size of job updated: 765104
	748  -  MemoryUsage of job (MB)
	765104  -  ResidentSetSize of job (KB)
...
040 (15556765.345.000) 10/21 06:08:12 Started transferring output files
...
040 (15556765.345.000) 10/21 06:08:12 Finished transferring output files
...
005 (15556765.345.000) 10/21 06:08:12 Job terminated.
	(1) Normal termination (return value 0)
		Usr 0 00:05:19, Sys 0 00:00:07  -  Run Remote Usage
		Usr 0 00:00:00, Sys 0 00:00:00  -  Run Local Usage
		Usr 0 00:05:19, Sys 0 00:00:07  -  Total Remote Usage
		Usr 0 00:00:00, Sys 0 00:00:00  -  Total Local Usage
	10231  -  Run Bytes Sent By Job
	229  -  Run Bytes Received By Job
	10231  -  Total Bytes Sent By Job
	229  -  Total Bytes Received By Job
	Partitionable Resources :    Usage  Request Allocated 
	   Cpus                 :        0        1         1 
	   Disk (KB)            :       52        1      3868 
	   GPUs                 :                           0 
	   Memory (MB)          :      748     2000      2000 

	Job terminated of its own accord at 2024-10-21T04:08:12Z with exit-code 0.
...
