000 (15556765.180.000) 10/21 05:59:05 Job submitted from host: <188.184.90.241:9618?addrs=188.184.90.241-9618+[2001-1458-201-e4--100-2eb]-9618&alias=bigbird15.cern.ch&noUDP&sock=schedd_25064_65d2>
...
040 (15556765.180.000) 10/21 06:00:47 Started transferring input files
	Transferring to host: <188.185.205.104:9618?addrs=188.185.205.104-9618+[2001-1458-303-9--100-65]-9618&alias=b9p03p6833.cern.ch&noUDP&sock=slot1_20_14908_c8d7_137611>
...
040 (15556765.180.000) 10/21 06:00:47 Finished transferring input files
...
001 (15556765.180.000) 10/21 06:00:49 Job executing on host: <188.185.205.104:9618?addrs=188.185.205.104-9618+[2001-1458-303-9--100-65]-9618&alias=b9p03p6833.cern.ch&noUDP&sock=startd_14021_d179>
	SlotName: slot1_20@b9p03p6833.cern.ch
	CondorScratchDir = "/pool/condor/dir_4059628"
	Cpus = 1
	Disk = 2554023
	Memory = 2000
...
006 (15556765.180.000) 10/21 06:00:57 Image size of job updated: 551412
	539  -  MemoryUsage of job (MB)
	551156  -  ResidentSetSize of job (KB)
...
006 (15556765.180.000) 10/21 06:03:27 Image size of job updated: 1521608
	547  -  MemoryUsage of job (MB)
	559192  -  ResidentSetSize of job (KB)
...
040 (15556765.180.000) 10/21 06:03:27 Started transferring output files
...
040 (15556765.180.000) 10/21 06:03:27 Finished transferring output files
...
005 (15556765.180.000) 10/21 06:03:27 Job terminated.
	(1) Normal termination (return value 0)
		Usr 0 00:01:59, Sys 0 00:00:07  -  Run Remote Usage
		Usr 0 00:00:00, Sys 0 00:00:00  -  Run Local Usage
		Usr 0 00:01:59, Sys 0 00:00:07  -  Total Remote Usage
		Usr 0 00:00:00, Sys 0 00:00:00  -  Total Local Usage
	2849  -  Run Bytes Sent By Job
	229  -  Run Bytes Received By Job
	2849  -  Total Bytes Sent By Job
	229  -  Total Bytes Received By Job
	Partitionable Resources :    Usage  Request Allocated 
	   Cpus                 :        0        1         1 
	   Disk (KB)            :       44        1   2554023 
	   Memory (MB)          :      547     2000      2000 

	Job terminated of its own accord at 2024-10-21T04:03:27Z with exit-code 0.
...
