000 (15556765.547.000) 10/21 05:59:06 Job submitted from host: <188.184.90.241:9618?addrs=188.184.90.241-9618+[2001-1458-201-e4--100-2eb]-9618&alias=bigbird15.cern.ch&noUDP&sock=schedd_25064_65d2>
...
040 (15556765.547.000) 10/21 06:05:55 Started transferring input files
	Transferring to host: <188.185.198.24:9618?addrs=188.185.198.24-9618+[2001-1458-303-25--100-14]-9618&alias=b9p15p4333.cern.ch&noUDP&sock=slot1_14_2793179_09c9_68788>
...
040 (15556765.547.000) 10/21 06:05:55 Finished transferring input files
...
001 (15556765.547.000) 10/21 06:05:56 Job executing on host: <188.185.198.24:9618?addrs=188.185.198.24-9618+[2001-1458-303-25--100-14]-9618&alias=b9p15p4333.cern.ch&noUDP&sock=startd_11864_4bb1>
	SlotName: slot1_14@b9p15p4333.cern.ch
	CondorScratchDir = "/pool/condor/dir_1138662"
	Cpus = 1
	Disk = 2923418
	Memory = 2000
...
006 (15556765.547.000) 10/21 06:06:05 Image size of job updated: 198856
	195  -  MemoryUsage of job (MB)
	198856  -  ResidentSetSize of job (KB)
...
006 (15556765.547.000) 10/21 06:11:06 Image size of job updated: 789108
	769  -  MemoryUsage of job (MB)
	787216  -  ResidentSetSize of job (KB)
...
006 (15556765.547.000) 10/21 06:16:06 Image size of job updated: 801264
	782  -  MemoryUsage of job (MB)
	799908  -  ResidentSetSize of job (KB)
...
006 (15556765.547.000) 10/21 06:21:07 Image size of job updated: 802944
	782  -  MemoryUsage of job (MB)
	799908  -  ResidentSetSize of job (KB)
...
006 (15556765.547.000) 10/21 06:26:07 Image size of job updated: 804848
	782  -  MemoryUsage of job (MB)
	799908  -  ResidentSetSize of job (KB)
...
040 (15556765.547.000) 10/21 06:26:07 Started transferring output files
...
040 (15556765.547.000) 10/21 06:26:07 Finished transferring output files
...
009 (15556765.547.000) 10/21 06:26:07 Job was aborted.
	Job removed by SYSTEM_PERIODIC_REMOVE due to wall time exceeded allowed max.
...
