000 (15556765.544.000) 10/21 05:59:06 Job submitted from host: <188.184.90.241:9618?addrs=188.184.90.241-9618+[2001-1458-201-e4--100-2eb]-9618&alias=bigbird15.cern.ch&noUDP&sock=schedd_25064_65d2>
...
040 (15556765.544.000) 10/21 06:05:54 Started transferring input files
	Transferring to host: <128.142.248.80:9618?addrs=128.142.248.80-9618+[2001-1458-301-73--100-140]-9618&alias=b9g23p6060.cern.ch&noUDP&sock=slot1_2_1064751_26bb_88617>
...
040 (15556765.544.000) 10/21 06:05:54 Finished transferring input files
...
001 (15556765.544.000) 10/21 06:05:55 Job executing on host: <128.142.248.80:9618?addrs=128.142.248.80-9618+[2001-1458-301-73--100-140]-9618&alias=b9g23p6060.cern.ch&noUDP&sock=startd_118470_2502>
	SlotName: slot1_2@b9g23p6060.cern.ch
	CondorScratchDir = "/pool/condor/dir_3820922"
	Cpus = 1
	Disk = 2974468
	Memory = 2000
...
006 (15556765.544.000) 10/21 06:06:04 Image size of job updated: 2560
	3  -  MemoryUsage of job (MB)
	2052  -  ResidentSetSize of job (KB)
...
006 (15556765.544.000) 10/21 06:11:05 Image size of job updated: 774928
	754  -  MemoryUsage of job (MB)
	771372  -  ResidentSetSize of job (KB)
...
006 (15556765.544.000) 10/21 06:16:05 Image size of job updated: 788784
	767  -  MemoryUsage of job (MB)
	785148  -  ResidentSetSize of job (KB)
...
040 (15556765.544.000) 10/21 06:25:08 Started transferring output files
...
040 (15556765.544.000) 10/21 06:25:08 Finished transferring output files
...
005 (15556765.544.000) 10/21 06:25:08 Job terminated.
	(1) Normal termination (return value 0)
		Usr 0 00:17:02, Sys 0 00:00:09  -  Run Remote Usage
		Usr 0 00:00:00, Sys 0 00:00:00  -  Run Local Usage
		Usr 0 00:17:02, Sys 0 00:00:09  -  Total Remote Usage
		Usr 0 00:00:00, Sys 0 00:00:00  -  Total Local Usage
	33380  -  Run Bytes Sent By Job
	229  -  Run Bytes Received By Job
	33380  -  Total Bytes Sent By Job
	229  -  Total Bytes Received By Job
	Partitionable Resources :    Usage  Request Allocated 
	   Cpus                 :     0.97        1         1 
	   Disk (KB)            :    74           1   2974468 
	   Memory (MB)          :   767        2000      2000 

	Job terminated of its own accord at 2024-10-21T04:25:07Z with exit-code 0.
...
