000 (15556765.332.000) 10/21 05:59:06 Job submitted from host: <188.184.90.241:9618?addrs=188.184.90.241-9618+[2001-1458-201-e4--100-2eb]-9618&alias=bigbird15.cern.ch&noUDP&sock=schedd_25064_65d2>
...
040 (15556765.332.000) 10/21 06:01:45 Started transferring input files
	Transferring to host: <128.142.51.205:9618?addrs=128.142.51.205-9618+[2001-1458-301-3--100-a]-9618&alias=b9g02p9532.cern.ch&noUDP&sock=slot1_19_3659245_e21b_46079>
...
040 (15556765.332.000) 10/21 06:01:45 Finished transferring input files
...
001 (15556765.332.000) 10/21 06:01:46 Job executing on host: <128.142.51.205:9618?addrs=128.142.51.205-9618+[2001-1458-301-3--100-a]-9618&alias=b9g02p9532.cern.ch&noUDP&sock=startd_4710_3f28>
	SlotName: slot1_19@b9g02p9532.cern.ch
	CondorScratchDir = "/pool/condor/dir_3938907"
	Cpus = 1
	Disk = 2933006
	Memory = 2000
...
006 (15556765.332.000) 10/21 06:01:54 Image size of job updated: 154420
	151  -  MemoryUsage of job (MB)
	154260  -  ResidentSetSize of job (KB)
...
006 (15556765.332.000) 10/21 06:06:54 Image size of job updated: 775028
	756  -  MemoryUsage of job (MB)
	773448  -  ResidentSetSize of job (KB)
...
006 (15556765.332.000) 10/21 06:09:28 Image size of job updated: 775776
	756  -  MemoryUsage of job (MB)
	773448  -  ResidentSetSize of job (KB)
...
040 (15556765.332.000) 10/21 06:09:28 Started transferring output files
...
040 (15556765.332.000) 10/21 06:09:28 Finished transferring output files
...
005 (15556765.332.000) 10/21 06:09:28 Job terminated.
	(1) Normal termination (return value 0)
		Usr 0 00:06:24, Sys 0 00:00:07  -  Run Remote Usage
		Usr 0 00:00:00, Sys 0 00:00:00  -  Run Local Usage
		Usr 0 00:06:24, Sys 0 00:00:07  -  Total Remote Usage
		Usr 0 00:00:00, Sys 0 00:00:00  -  Total Local Usage
	12983  -  Run Bytes Sent By Job
	229  -  Run Bytes Received By Job
	12983  -  Total Bytes Sent By Job
	229  -  Total Bytes Received By Job
	Partitionable Resources :    Usage  Request Allocated 
	   Cpus                 :     0.87        1         1 
	   Disk (KB)            :    54           1   2933006 
	   Memory (MB)          :   756        2000      2000 

	Job terminated of its own accord at 2024-10-21T04:09:28Z with exit-code 0.
...
