000 (15556765.394.000) 10/21 05:59:06 Job submitted from host: <188.184.90.241:9618?addrs=188.184.90.241-9618+[2001-1458-201-e4--100-2eb]-9618&alias=bigbird15.cern.ch&noUDP&sock=schedd_25064_65d2>
...
040 (15556765.394.000) 10/21 06:02:55 Started transferring input files
	Transferring to host: <188.185.193.53:9618?addrs=188.185.193.53-9618+[2001-1458-303-20--100-31]-9618&alias=b9p19p9278.cern.ch&noUDP&sock=slot1_17_6848_c910_3594>
...
040 (15556765.394.000) 10/21 06:02:55 Finished transferring input files
...
001 (15556765.394.000) 10/21 06:02:57 Job executing on host: <188.185.193.53:9618?addrs=188.185.193.53-9618+[2001-1458-303-20--100-31]-9618&alias=b9p19p9278.cern.ch&noUDP&sock=startd_5822_fc79>
	SlotName: slot1_17@b9p19p9278.cern.ch
	CondorScratchDir = "/pool/condor/dir_3766890"
	Cpus = 1
	Disk = 3833
	GPUs = 0
	Memory = 2000
...
006 (15556765.394.000) 10/21 06:03:05 Image size of job updated: 174576
	171  -  MemoryUsage of job (MB)
	174576  -  ResidentSetSize of job (KB)
...
006 (15556765.394.000) 10/21 06:08:05 Image size of job updated: 743676
	727  -  MemoryUsage of job (MB)
	743676  -  ResidentSetSize of job (KB)
...
040 (15556765.394.000) 10/21 06:10:08 Started transferring output files
...
040 (15556765.394.000) 10/21 06:10:08 Finished transferring output files
...
005 (15556765.394.000) 10/21 06:10:09 Job terminated.
	(1) Normal termination (return value 0)
		Usr 0 00:04:30, Sys 0 00:00:05  -  Run Remote Usage
		Usr 0 00:00:00, Sys 0 00:00:00  -  Run Local Usage
		Usr 0 00:04:30, Sys 0 00:00:05  -  Total Remote Usage
		Usr 0 00:00:00, Sys 0 00:00:00  -  Total Local Usage
	8368  -  Run Bytes Sent By Job
	229  -  Run Bytes Received By Job
	8368  -  Total Bytes Sent By Job
	229  -  Total Bytes Received By Job
	Partitionable Resources :    Usage  Request Allocated 
	   Cpus                 :     0.95        1         1 
	   Disk (KB)            :   525           1      3833 
	   GPUs                 :                           0 
	   Memory (MB)          :   727        2000      2000 

	Job terminated of its own accord at 2024-10-21T04:10:08Z with exit-code 0.
...
