000 (15556765.302.000) 10/21 05:59:05 Job submitted from host: <188.184.90.241:9618?addrs=188.184.90.241-9618+[2001-1458-201-e4--100-2eb]-9618&alias=bigbird15.cern.ch&noUDP&sock=schedd_25064_65d2>
...
040 (15556765.302.000) 10/21 06:01:29 Started transferring input files
	Transferring to host: <188.185.205.135:9618?addrs=188.185.205.135-9618+[2001-1458-303-a--100-4]-9618&alias=b9p04p1020.cern.ch&noUDP&sock=slot1_32_3740_eb11_81473>
...
040 (15556765.302.000) 10/21 06:01:29 Finished transferring input files
...
001 (15556765.302.000) 10/21 06:01:30 Job executing on host: <188.185.205.135:9618?addrs=188.185.205.135-9618+[2001-1458-303-a--100-4]-9618&alias=b9p04p1020.cern.ch&noUDP&sock=startd_3627_6617>
	SlotName: slot1_32@b9p04p1020.cern.ch
	CondorScratchDir = "/pool/condor/dir_1644202"
	Cpus = 1
	Disk = 2687381
	Memory = 2000
...
006 (15556765.302.000) 10/21 06:01:39 Image size of job updated: 168076
	165  -  MemoryUsage of job (MB)
	168076  -  ResidentSetSize of job (KB)
...
006 (15556765.302.000) 10/21 06:06:40 Image size of job updated: 914260
	891  -  MemoryUsage of job (MB)
	911876  -  ResidentSetSize of job (KB)
...
006 (15556765.302.000) 10/21 06:08:07 Image size of job updated: 914788
	891  -  MemoryUsage of job (MB)
	911876  -  ResidentSetSize of job (KB)
...
040 (15556765.302.000) 10/21 06:08:07 Started transferring output files
...
040 (15556765.302.000) 10/21 06:08:07 Finished transferring output files
...
005 (15556765.302.000) 10/21 06:08:07 Job terminated.
	(1) Normal termination (return value 0)
		Usr 0 00:05:13, Sys 0 00:00:07  -  Run Remote Usage
		Usr 0 00:00:00, Sys 0 00:00:00  -  Run Local Usage
		Usr 0 00:05:13, Sys 0 00:00:07  -  Total Remote Usage
		Usr 0 00:00:00, Sys 0 00:00:00  -  Total Local Usage
	13686  -  Run Bytes Sent By Job
	229  -  Run Bytes Received By Job
	13686  -  Total Bytes Sent By Job
	229  -  Total Bytes Received By Job
	Partitionable Resources :    Usage  Request Allocated 
	   Cpus                 :     0.87        1         1 
	   Disk (KB)            :    58           1   2687381 
	   Memory (MB)          :   891        2000      2000 

	Job terminated of its own accord at 2024-10-21T04:08:07Z with exit-code 0.
...
