000 (15556765.441.000) 10/21 05:59:06 Job submitted from host: <188.184.90.241:9618?addrs=188.184.90.241-9618+[2001-1458-201-e4--100-2eb]-9618&alias=bigbird15.cern.ch&noUDP&sock=schedd_25064_65d2>
...
040 (15556765.441.000) 10/21 06:04:47 Started transferring input files
	Transferring to host: <188.185.208.29:9618?addrs=188.185.208.29-9618+[2001-1458-303-f--100-1a]-9618&alias=b9p09p1329.cern.ch&noUDP&sock=slot1_2_10967_fe57_252452>
...
040 (15556765.441.000) 10/21 06:04:47 Finished transferring input files
...
001 (15556765.441.000) 10/21 06:04:48 Job executing on host: <188.185.208.29:9618?addrs=188.185.208.29-9618+[2001-1458-303-f--100-1a]-9618&alias=b9p09p1329.cern.ch&noUDP&sock=startd_9485_7fe2>
	SlotName: slot1_2@b9p09p1329.cern.ch
	CondorScratchDir = "/pool/condor/dir_1879539"
	Cpus = 1
	Disk = 2699065
	Memory = 2000
...
006 (15556765.441.000) 10/21 06:04:56 Image size of job updated: 150300
	146  -  MemoryUsage of job (MB)
	149500  -  ResidentSetSize of job (KB)
...
006 (15556765.441.000) 10/21 06:09:04 Image size of job updated: 755460
	146  -  MemoryUsage of job (MB)
	149500  -  ResidentSetSize of job (KB)
...
040 (15556765.441.000) 10/21 06:09:04 Started transferring output files
...
040 (15556765.441.000) 10/21 06:09:04 Finished transferring output files
...
005 (15556765.441.000) 10/21 06:09:04 Job terminated.
	(1) Normal termination (return value 0)
		Usr 0 00:03:27, Sys 0 00:00:05  -  Run Remote Usage
		Usr 0 00:00:00, Sys 0 00:00:00  -  Run Local Usage
		Usr 0 00:03:27, Sys 0 00:00:05  -  Total Remote Usage
		Usr 0 00:00:00, Sys 0 00:00:00  -  Total Local Usage
	9671  -  Run Bytes Sent By Job
	229  -  Run Bytes Received By Job
	9671  -  Total Bytes Sent By Job
	229  -  Total Bytes Received By Job
	Partitionable Resources :    Usage  Request Allocated 
	   Cpus                 :        0        1         1 
	   Disk (KB)            :       56        1   2699065 
	   Memory (MB)          :      146     2000      2000 

	Job terminated of its own accord at 2024-10-21T04:09:04Z with exit-code 0.
...
