000 (15556765.207.000) 10/21 05:59:05 Job submitted from host: <188.184.90.241:9618?addrs=188.184.90.241-9618+[2001-1458-201-e4--100-2eb]-9618&alias=bigbird15.cern.ch&noUDP&sock=schedd_25064_65d2>
...
040 (15556765.207.000) 10/21 06:00:56 Started transferring input files
	Transferring to host: <188.185.195.73:9618?addrs=188.185.195.73-9618+[2001-1458-303-22--100-45]-9618&alias=b9p17p1998.cern.ch&noUDP&sock=slot1_25_8620_51d8_3175>
...
040 (15556765.207.000) 10/21 06:00:57 Finished transferring input files
...
001 (15556765.207.000) 10/21 06:00:58 Job executing on host: <188.185.195.73:9618?addrs=188.185.195.73-9618+[2001-1458-303-22--100-45]-9618&alias=b9p17p1998.cern.ch&noUDP&sock=startd_7242_fcf4>
	SlotName: slot1_25@b9p17p1998.cern.ch
	CondorScratchDir = "/pool/condor/dir_3979478"
	Cpus = 1
	Disk = 3757
	GPUs = 0
	Memory = 2000
...
006 (15556765.207.000) 10/21 06:01:06 Image size of job updated: 145348
	142  -  MemoryUsage of job (MB)
	145348  -  ResidentSetSize of job (KB)
...
006 (15556765.207.000) 10/21 06:06:06 Image size of job updated: 1110112
	1085  -  MemoryUsage of job (MB)
	1110112  -  ResidentSetSize of job (KB)
...
006 (15556765.207.000) 10/21 06:11:06 Image size of job updated: 1110204
	1085  -  MemoryUsage of job (MB)
	1110204  -  ResidentSetSize of job (KB)
...
006 (15556765.207.000) 10/21 06:16:08 Image size of job updated: 1110304
	1085  -  MemoryUsage of job (MB)
	1110304  -  ResidentSetSize of job (KB)
...
006 (15556765.207.000) 10/21 06:21:08 Image size of job updated: 1110416
	1085  -  MemoryUsage of job (MB)
	1110416  -  ResidentSetSize of job (KB)
...
040 (15556765.207.000) 10/21 06:21:08 Started transferring output files
...
040 (15556765.207.000) 10/21 06:21:08 Finished transferring output files
...
009 (15556765.207.000) 10/21 06:21:08 Job was aborted.
	Job removed by SYSTEM_PERIODIC_REMOVE due to wall time exceeded allowed max.
...
