000 (15556765.570.000) 10/21 05:59:06 Job submitted from host: <188.184.90.241:9618?addrs=188.184.90.241-9618+[2001-1458-201-e4--100-2eb]-9618&alias=bigbird15.cern.ch&noUDP&sock=schedd_25064_65d2>
...
040 (15556765.570.000) 10/21 06:06:03 Started transferring input files
	Transferring to host: <188.185.194.163:9618?addrs=188.185.194.163-9618+[2001-1458-303-21--100-9f]-9618&alias=b9p20p4256.cern.ch&noUDP&sock=slot1_40_6983_e7b5_4193>
...
040 (15556765.570.000) 10/21 06:06:03 Finished transferring input files
...
001 (15556765.570.000) 10/21 06:06:04 Job executing on host: <188.185.194.163:9618?addrs=188.185.194.163-9618+[2001-1458-303-21--100-9f]-9618&alias=b9p20p4256.cern.ch&noUDP&sock=startd_5755_07a0>
	SlotName: slot1_40@b9p20p4256.cern.ch
	CondorScratchDir = "/pool/condor/dir_547854"
	Cpus = 1
	Disk = 3868
	GPUs = 0
	Memory = 2000
...
006 (15556765.570.000) 10/21 06:06:13 Image size of job updated: 520040
	508  -  MemoryUsage of job (MB)
	520040  -  ResidentSetSize of job (KB)
...
006 (15556765.570.000) 10/21 06:11:14 Image size of job updated: 1703272
	1664  -  MemoryUsage of job (MB)
	1703272  -  ResidentSetSize of job (KB)
...
006 (15556765.570.000) 10/21 06:21:15 Image size of job updated: 1704644
	1665  -  MemoryUsage of job (MB)
	1704644  -  ResidentSetSize of job (KB)
...
040 (15556765.570.000) 10/21 06:26:15 Started transferring output files
...
040 (15556765.570.000) 10/21 06:26:15 Finished transferring output files
...
009 (15556765.570.000) 10/21 06:26:15 Job was aborted.
	Job removed by SYSTEM_PERIODIC_REMOVE due to wall time exceeded allowed max.
...
