000 (15556765.223.000) 10/21 05:59:05 Job submitted from host: <188.184.90.241:9618?addrs=188.184.90.241-9618+[2001-1458-201-e4--100-2eb]-9618&alias=bigbird15.cern.ch&noUDP&sock=schedd_25064_65d2>
...
040 (15556765.223.000) 10/21 06:01:03 Started transferring input files
	Transferring to host: <188.185.213.185:9618?addrs=188.185.213.185-9618+[2001-1458-303-1b--100-35]-9618&alias=b9p28p5486.cern.ch&noUDP&sock=slot1_16_3723_f0b0_5641>
...
040 (15556765.223.000) 10/21 06:01:03 Finished transferring input files
...
001 (15556765.223.000) 10/21 06:01:04 Job executing on host: <188.185.213.185:9618?addrs=188.185.213.185-9618+[2001-1458-303-1b--100-35]-9618&alias=b9p28p5486.cern.ch&noUDP&sock=startd_2942_8bb7>
	SlotName: slot1_16@b9p28p5486.cern.ch
	CondorScratchDir = "/pool/condor/dir_1747817"
	Cpus = 1
	Disk = 3759
	GPUs = 0
	Memory = 2000
...
006 (15556765.223.000) 10/21 06:01:13 Image size of job updated: 145160
	142  -  MemoryUsage of job (MB)
	145160  -  ResidentSetSize of job (KB)
...
006 (15556765.223.000) 10/21 06:06:13 Image size of job updated: 960432
	938  -  MemoryUsage of job (MB)
	960432  -  ResidentSetSize of job (KB)
...
006 (15556765.223.000) 10/21 06:11:13 Image size of job updated: 960844
	939  -  MemoryUsage of job (MB)
	960844  -  ResidentSetSize of job (KB)
...
006 (15556765.223.000) 10/21 06:16:14 Image size of job updated: 960956
	939  -  MemoryUsage of job (MB)
	960956  -  ResidentSetSize of job (KB)
...
040 (15556765.223.000) 10/21 06:21:14 Started transferring output files
...
040 (15556765.223.000) 10/21 06:21:14 Finished transferring output files
...
009 (15556765.223.000) 10/21 06:21:14 Job was aborted.
	Job removed by SYSTEM_PERIODIC_REMOVE due to wall time exceeded allowed max.
...
