000 (15556765.039.000) 10/21 05:59:05 Job submitted from host: <188.184.90.241:9618?addrs=188.184.90.241-9618+[2001-1458-201-e4--100-2eb]-9618&alias=bigbird15.cern.ch&noUDP&sock=schedd_25064_65d2>
...
040 (15556765.039.000) 10/21 06:00:00 Started transferring input files
	Transferring to host: <188.185.206.66:9618?addrs=188.185.206.66-9618+[2001-1458-303-b--100-3f]-9618&alias=b9p05p0448.cern.ch&noUDP&sock=slot1_21_1238676_0c3b_188957>
...
040 (15556765.039.000) 10/21 06:00:00 Finished transferring input files
...
001 (15556765.039.000) 10/21 06:00:01 Job executing on host: <188.185.206.66:9618?addrs=188.185.206.66-9618+[2001-1458-303-b--100-3f]-9618&alias=b9p05p0448.cern.ch&noUDP&sock=startd_3336_cc08>
	SlotName: slot1_21@b9p05p0448.cern.ch
	CondorScratchDir = "/pool/condor/dir_261854"
	Cpus = 1
	Disk = 2467593
	Memory = 2000
...
006 (15556765.039.000) 10/21 06:00:10 Image size of job updated: 470164
	460  -  MemoryUsage of job (MB)
	470164  -  ResidentSetSize of job (KB)
...
006 (15556765.039.000) 10/21 06:03:15 Image size of job updated: 1722340
	741  -  MemoryUsage of job (MB)
	758756  -  ResidentSetSize of job (KB)
...
040 (15556765.039.000) 10/21 06:03:15 Started transferring output files
...
040 (15556765.039.000) 10/21 06:03:15 Finished transferring output files
...
005 (15556765.039.000) 10/21 06:03:15 Job terminated.
	(1) Normal termination (return value 0)
		Usr 0 00:02:36, Sys 0 00:00:08  -  Run Remote Usage
		Usr 0 00:00:00, Sys 0 00:00:00  -  Run Local Usage
		Usr 0 00:02:36, Sys 0 00:00:08  -  Total Remote Usage
		Usr 0 00:00:00, Sys 0 00:00:00  -  Total Local Usage
	3173  -  Run Bytes Sent By Job
	229  -  Run Bytes Received By Job
	3173  -  Total Bytes Sent By Job
	229  -  Total Bytes Received By Job
	Partitionable Resources :    Usage  Request Allocated 
	   Cpus                 :        0        1         1 
	   Disk (KB)            :       47        1   2467593 
	   Memory (MB)          :      741     2000      2000 

	Job terminated of its own accord at 2024-10-21T04:03:15Z with exit-code 0.
...
000 (15556766.039.000) 10/21 07:29:08 Job submitted from host: <188.184.90.241:9618?addrs=188.184.90.241-9618+[2001-1458-201-e4--100-2eb]-9618&alias=bigbird15.cern.ch&noUDP&sock=schedd_25064_65d2>
...
040 (15556766.039.000) 10/21 07:30:09 Started transferring input files
	Transferring to host: <188.185.205.226:9618?addrs=188.185.205.226-9618+[2001-1458-303-a--100-5f]-9618&alias=b9p04p3185.cern.ch&noUDP&sock=slot1_28_3682_0d4f_82766>
...
040 (15556766.039.000) 10/21 07:30:09 Finished transferring input files
...
001 (15556766.039.000) 10/21 07:30:10 Job executing on host: <188.185.205.226:9618?addrs=188.185.205.226-9618+[2001-1458-303-a--100-5f]-9618&alias=b9p04p3185.cern.ch&noUDP&sock=startd_3348_072b>
	SlotName: slot1_28@b9p04p3185.cern.ch
	CondorScratchDir = "/pool/condor/dir_2445068"
	Cpus = 1
	Disk = 2781123
	Memory = 2000
...
006 (15556766.039.000) 10/21 07:30:18 Image size of job updated: 663824
	649  -  MemoryUsage of job (MB)
	663820  -  ResidentSetSize of job (KB)
...
006 (15556766.039.000) 10/21 07:35:18 Image size of job updated: 1993992
	1947  -  MemoryUsage of job (MB)
	1993260  -  ResidentSetSize of job (KB)
...
006 (15556766.039.000) 10/21 07:40:19 Image size of job updated: 1995644
	1947  -  MemoryUsage of job (MB)
	1993356  -  ResidentSetSize of job (KB)
...
040 (15556766.039.000) 10/21 07:50:19 Started transferring output files
...
040 (15556766.039.000) 10/21 07:50:19 Finished transferring output files
...
009 (15556766.039.000) 10/21 07:50:19 Job was aborted.
	Job removed by SYSTEM_PERIODIC_REMOVE due to wall time exceeded allowed max.
...
