000 (15556765.277.000) 10/21 05:59:05 Job submitted from host: <188.184.90.241:9618?addrs=188.184.90.241-9618+[2001-1458-201-e4--100-2eb]-9618&alias=bigbird15.cern.ch&noUDP&sock=schedd_25064_65d2>
...
040 (15556765.277.000) 10/21 06:01:23 Started transferring input files
	Transferring to host: <188.185.198.183:9618?addrs=188.185.198.183-9618+[2001-1458-303-25--100-b3]-9618&alias=b9p15p4930.cern.ch&noUDP&sock=slot1_7_8979_4486_4895>
...
040 (15556765.277.000) 10/21 06:01:23 Finished transferring input files
...
001 (15556765.277.000) 10/21 06:01:25 Job executing on host: <188.185.198.183:9618?addrs=188.185.198.183-9618+[2001-1458-303-25--100-b3]-9618&alias=b9p15p4930.cern.ch&noUDP&sock=startd_8857_be68>
	SlotName: slot1_7@b9p15p4930.cern.ch
	CondorScratchDir = "/pool/condor/dir_1106936"
	Cpus = 1
	Disk = 3821
	GPUs = 0
	Memory = 2000
...
006 (15556765.277.000) 10/21 06:01:33 Image size of job updated: 202928
	199  -  MemoryUsage of job (MB)
	202928  -  ResidentSetSize of job (KB)
...
006 (15556765.277.000) 10/21 06:06:33 Image size of job updated: 961800
	940  -  MemoryUsage of job (MB)
	961800  -  ResidentSetSize of job (KB)
...
006 (15556765.277.000) 10/21 06:11:33 Image size of job updated: 961960
	940  -  MemoryUsage of job (MB)
	961960  -  ResidentSetSize of job (KB)
...
006 (15556765.277.000) 10/21 06:16:34 Image size of job updated: 962140
	940  -  MemoryUsage of job (MB)
	962140  -  ResidentSetSize of job (KB)
...
040 (15556765.277.000) 10/21 06:21:34 Started transferring output files
...
040 (15556765.277.000) 10/21 06:21:34 Finished transferring output files
...
009 (15556765.277.000) 10/21 06:21:34 Job was aborted.
	Job removed by SYSTEM_PERIODIC_REMOVE due to wall time exceeded allowed max.
...
