000 (15556765.334.000) 10/21 05:59:06 Job submitted from host: <188.184.90.241:9618?addrs=188.184.90.241-9618+[2001-1458-201-e4--100-2eb]-9618&alias=bigbird15.cern.ch&noUDP&sock=schedd_25064_65d2>
...
040 (15556765.334.000) 10/21 06:01:45 Started transferring input files
	Transferring to host: <188.185.198.154:9618?addrs=188.185.198.154-9618+[2001-1458-303-25--100-96]-9618&alias=b9p15p3887.cern.ch&noUDP&sock=slot1_21_3968743_3905_7683>
...
040 (15556765.334.000) 10/21 06:01:45 Finished transferring input files
...
001 (15556765.334.000) 10/21 06:01:46 Job executing on host: <188.185.198.154:9618?addrs=188.185.198.154-9618+[2001-1458-303-25--100-96]-9618&alias=b9p15p3887.cern.ch&noUDP&sock=startd_7471_1025>
	SlotName: slot1_21@b9p15p3887.cern.ch
	CondorScratchDir = "/pool/condor/dir_1046380"
	Cpus = 1
	Disk = 3037199
	Memory = 2000
...
006 (15556765.334.000) 10/21 06:01:54 Image size of job updated: 546628
	534  -  MemoryUsage of job (MB)
	546616  -  ResidentSetSize of job (KB)
...
006 (15556765.334.000) 10/21 06:06:54 Image size of job updated: 2383640
	2327  -  MemoryUsage of job (MB)
	2382076  -  ResidentSetSize of job (KB)
...
006 (15556765.334.000) 10/21 06:11:33 Image size of job updated: 2384532
	2327  -  MemoryUsage of job (MB)
	2382076  -  ResidentSetSize of job (KB)
...
040 (15556765.334.000) 10/21 06:11:33 Started transferring output files
...
040 (15556765.334.000) 10/21 06:11:33 Finished transferring output files
...
005 (15556765.334.000) 10/21 06:11:33 Job terminated.
	(1) Normal termination (return value 0)
		Usr 0 00:06:00, Sys 0 00:00:07  -  Run Remote Usage
		Usr 0 00:00:00, Sys 0 00:00:00  -  Run Local Usage
		Usr 0 00:06:00, Sys 0 00:00:07  -  Total Remote Usage
		Usr 0 00:00:00, Sys 0 00:00:00  -  Total Local Usage
	10956  -  Run Bytes Sent By Job
	229  -  Run Bytes Received By Job
	10956  -  Total Bytes Sent By Job
	229  -  Total Bytes Received By Job
	Partitionable Resources :    Usage  Request Allocated 
	   Cpus                 :     0.52        1         1 
	   Disk (KB)            :    52           1   3037199 
	   Memory (MB)          :  2327        2000      2000 

	Job terminated of its own accord at 2024-10-21T04:11:33Z with exit-code 0.
...
