000 (15556765.606.000) 10/21 05:59:06 Job submitted from host: <188.184.90.241:9618?addrs=188.184.90.241-9618+[2001-1458-201-e4--100-2eb]-9618&alias=bigbird15.cern.ch&noUDP&sock=schedd_25064_65d2>
...
040 (15556765.606.000) 10/21 06:06:14 Started transferring input files
	Transferring to host: <188.185.196.108:9618?addrs=188.185.196.108-9618+[2001-1458-303-23--100-68]-9618&alias=b9p16p4013.cern.ch&noUDP&sock=slot1_8_929007_392b_15434>
...
040 (15556765.606.000) 10/21 06:06:14 Finished transferring input files
...
001 (15556765.606.000) 10/21 06:06:16 Job executing on host: <188.185.196.108:9618?addrs=188.185.196.108-9618+[2001-1458-303-23--100-68]-9618&alias=b9p16p4013.cern.ch&noUDP&sock=startd_166971_cbe2>
	SlotName: slot1_8@b9p16p4013.cern.ch
	CondorScratchDir = "/pool/condor/dir_2641064"
	Cpus = 1
	Disk = 2996340
	Memory = 2000
...
006 (15556765.606.000) 10/21 06:06:24 Image size of job updated: 148072
	145  -  MemoryUsage of job (MB)
	147556  -  ResidentSetSize of job (KB)
...
006 (15556765.606.000) 10/21 06:11:24 Image size of job updated: 759748
	740  -  MemoryUsage of job (MB)
	757212  -  ResidentSetSize of job (KB)
...
006 (15556765.606.000) 10/21 06:21:26 Image size of job updated: 772872
	753  -  MemoryUsage of job (MB)
	770104  -  ResidentSetSize of job (KB)
...
006 (15556765.606.000) 10/21 06:26:26 Image size of job updated: 790652
	769  -  MemoryUsage of job (MB)
	786960  -  ResidentSetSize of job (KB)
...
040 (15556765.606.000) 10/21 06:26:26 Started transferring output files
...
040 (15556765.606.000) 10/21 06:26:26 Finished transferring output files
...
009 (15556765.606.000) 10/21 06:26:26 Job was aborted.
	Job removed by SYSTEM_PERIODIC_REMOVE due to wall time exceeded allowed max.
...
