000 (15556765.433.000) 10/21 05:59:06 Job submitted from host: <188.184.90.241:9618?addrs=188.184.90.241-9618+[2001-1458-201-e4--100-2eb]-9618&alias=bigbird15.cern.ch&noUDP&sock=schedd_25064_65d2>
...
040 (15556765.433.000) 10/21 06:04:32 Started transferring input files
	Transferring to host: <188.185.208.208:9618?addrs=188.185.208.208-9618+[2001-1458-303-10--100-4d]-9618&alias=b9p10p8955.cern.ch&noUDP&sock=slot1_4_4242_9f66_250937>
...
040 (15556765.433.000) 10/21 06:04:32 Finished transferring input files
...
001 (15556765.433.000) 10/21 06:04:33 Job executing on host: <188.185.208.208:9618?addrs=188.185.208.208-9618+[2001-1458-303-10--100-4d]-9618&alias=b9p10p8955.cern.ch&noUDP&sock=startd_3618_39bd>
	SlotName: slot1_4@b9p10p8955.cern.ch
	CondorScratchDir = "/pool/condor/dir_716658"
	Cpus = 1
	Disk = 2626592
	Memory = 2000
...
006 (15556765.433.000) 10/21 06:04:42 Image size of job updated: 169352
	166  -  MemoryUsage of job (MB)
	169016  -  ResidentSetSize of job (KB)
...
006 (15556765.433.000) 10/21 06:09:43 Image size of job updated: 764200
	743  -  MemoryUsage of job (MB)
	759876  -  ResidentSetSize of job (KB)
...
040 (15556765.433.000) 10/21 06:11:24 Started transferring output files
...
040 (15556765.433.000) 10/21 06:11:24 Finished transferring output files
...
005 (15556765.433.000) 10/21 06:11:24 Job terminated.
	(1) Normal termination (return value 0)
		Usr 0 00:05:32, Sys 0 00:00:07  -  Run Remote Usage
		Usr 0 00:00:00, Sys 0 00:00:00  -  Run Local Usage
		Usr 0 00:05:32, Sys 0 00:00:07  -  Total Remote Usage
		Usr 0 00:00:00, Sys 0 00:00:00  -  Total Local Usage
	14479  -  Run Bytes Sent By Job
	229  -  Run Bytes Received By Job
	14479  -  Total Bytes Sent By Job
	229  -  Total Bytes Received By Job
	Partitionable Resources :    Usage  Request Allocated 
	   Cpus                 :     0.92        1         1 
	   Disk (KB)            :    61           1   2626592 
	   Memory (MB)          :   743        2000      2000 

	Job terminated of its own accord at 2024-10-21T04:11:24Z with exit-code 0.
...
