000 (15556765.664.000) 10/21 05:59:06 Job submitted from host: <188.184.90.241:9618?addrs=188.184.90.241-9618+[2001-1458-201-e4--100-2eb]-9618&alias=bigbird15.cern.ch&noUDP&sock=schedd_25064_65d2>
...
040 (15556765.664.000) 10/21 06:06:38 Started transferring input files
	Transferring to host: <128.142.131.30:9618?addrs=128.142.131.30-9618+[2001-1458-301-59--100-12]-9618&alias=b9g11p1847.cern.ch&noUDP&sock=slot1_15_3012_f9f4_23510>
...
040 (15556765.664.000) 10/21 06:06:38 Finished transferring input files
...
001 (15556765.664.000) 10/21 06:06:39 Job executing on host: <128.142.131.30:9618?addrs=128.142.131.30-9618+[2001-1458-301-59--100-12]-9618&alias=b9g11p1847.cern.ch&noUDP&sock=startd_2675_67ee>
	SlotName: slot1_15@b9g11p1847.cern.ch
	CondorScratchDir = "/pool/condor/dir_3783748"
	Cpus = 1
	Disk = 1742034
	Memory = 2000
...
006 (15556765.664.000) 10/21 06:06:48 Image size of job updated: 148440
	145  -  MemoryUsage of job (MB)
	148440  -  ResidentSetSize of job (KB)
...
006 (15556765.664.000) 10/21 06:11:49 Image size of job updated: 766392
	749  -  MemoryUsage of job (MB)
	766392  -  ResidentSetSize of job (KB)
...
040 (15556765.664.000) 10/21 06:15:39 Started transferring output files
...
040 (15556765.664.000) 10/21 06:15:39 Finished transferring output files
...
005 (15556765.664.000) 10/21 06:15:39 Job terminated.
	(1) Normal termination (return value 0)
		Usr 0 00:08:18, Sys 0 00:00:07  -  Run Remote Usage
		Usr 0 00:00:00, Sys 0 00:00:00  -  Run Local Usage
		Usr 0 00:08:18, Sys 0 00:00:07  -  Total Remote Usage
		Usr 0 00:00:00, Sys 0 00:00:00  -  Total Local Usage
	14129  -  Run Bytes Sent By Job
	229  -  Run Bytes Received By Job
	14129  -  Total Bytes Sent By Job
	229  -  Total Bytes Received By Job
	Partitionable Resources :    Usage  Request Allocated 
	   Cpus                 :     0.96        1         1 
	   Disk (KB)            :    55           1   1742034 
	   Memory (MB)          :   749        2000      2000 

	Job terminated of its own accord at 2024-10-21T04:15:39Z with exit-code 0.
...
