000 (15556765.608.000) 10/21 05:59:06 Job submitted from host: <188.184.90.241:9618?addrs=188.184.90.241-9618+[2001-1458-201-e4--100-2eb]-9618&alias=bigbird15.cern.ch&noUDP&sock=schedd_25064_65d2>
...
040 (15556765.608.000) 10/21 06:06:17 Started transferring input files
	Transferring to host: <188.185.204.170:9618?addrs=188.185.204.170-9618+[2001-1458-303-8--100-9e]-9618&alias=b9p02p5024.cern.ch&noUDP&sock=slot1_17_3992_799b_81813>
...
040 (15556765.608.000) 10/21 06:06:17 Finished transferring input files
...
001 (15556765.608.000) 10/21 06:06:18 Job executing on host: <188.185.204.170:9618?addrs=188.185.204.170-9618+[2001-1458-303-8--100-9e]-9618&alias=b9p02p5024.cern.ch&noUDP&sock=startd_3431_f587>
	SlotName: slot1_17@b9p02p5024.cern.ch
	CondorScratchDir = "/pool/condor/dir_2265721"
	Cpus = 1
	Disk = 2804106
	Memory = 2000
...
006 (15556765.608.000) 10/21 06:06:26 Image size of job updated: 148004
	144  -  MemoryUsage of job (MB)
	147340  -  ResidentSetSize of job (KB)
...
006 (15556765.608.000) 10/21 06:11:26 Image size of job updated: 779564
	758  -  MemoryUsage of job (MB)
	775888  -  ResidentSetSize of job (KB)
...
006 (15556765.608.000) 10/21 06:16:27 Image size of job updated: 791616
	769  -  MemoryUsage of job (MB)
	787304  -  ResidentSetSize of job (KB)
...
006 (15556765.608.000) 10/21 06:21:27 Image size of job updated: 793516
	771  -  MemoryUsage of job (MB)
	788788  -  ResidentSetSize of job (KB)
...
040 (15556765.608.000) 10/21 06:22:32 Started transferring output files
...
040 (15556765.608.000) 10/21 06:22:32 Finished transferring output files
...
005 (15556765.608.000) 10/21 06:22:32 Job terminated.
	(1) Normal termination (return value 0)
		Usr 0 00:14:38, Sys 0 00:00:09  -  Run Remote Usage
		Usr 0 00:00:00, Sys 0 00:00:00  -  Run Local Usage
		Usr 0 00:14:38, Sys 0 00:00:09  -  Total Remote Usage
		Usr 0 00:00:00, Sys 0 00:00:00  -  Total Local Usage
	35914  -  Run Bytes Sent By Job
	229  -  Run Bytes Received By Job
	35914  -  Total Bytes Sent By Job
	229  -  Total Bytes Received By Job
	Partitionable Resources :    Usage  Request Allocated 
	   Cpus                 :     0.89        1         1 
	   Disk (KB)            :    80           1   2804106 
	   Memory (MB)          :   771        2000      2000 

	Job terminated of its own accord at 2024-10-21T04:22:32Z with exit-code 0.
...
