000 (15556765.653.000) 10/21 05:59:06 Job submitted from host: <188.184.90.241:9618?addrs=188.184.90.241-9618+[2001-1458-201-e4--100-2eb]-9618&alias=bigbird15.cern.ch&noUDP&sock=schedd_25064_65d2>
...
040 (15556765.653.000) 10/21 06:06:34 Started transferring input files
	Transferring to host: <128.142.131.136:9618?addrs=128.142.131.136-9618+[2001-1458-301-59--100-7c]-9618&alias=b9g11p3980.cern.ch&noUDP&sock=slot1_12_2921_dbd0_193464>
...
040 (15556765.653.000) 10/21 06:06:34 Finished transferring input files
...
001 (15556765.653.000) 10/21 06:06:35 Job executing on host: <128.142.131.136:9618?addrs=128.142.131.136-9618+[2001-1458-301-59--100-7c]-9618&alias=b9g11p3980.cern.ch&noUDP&sock=startd_2588_bb30>
	SlotName: slot1_12@b9g11p3980.cern.ch
	CondorScratchDir = "/pool/condor/dir_1825051"
	Cpus = 1
	Disk = 1600216
	Memory = 2000
...
006 (15556765.653.000) 10/21 06:06:44 Image size of job updated: 146040
	143  -  MemoryUsage of job (MB)
	146040  -  ResidentSetSize of job (KB)
...
006 (15556765.653.000) 10/21 06:11:45 Image size of job updated: 820956
	802  -  MemoryUsage of job (MB)
	820956  -  ResidentSetSize of job (KB)
...
040 (15556765.653.000) 10/21 06:12:23 Started transferring output files
...
040 (15556765.653.000) 10/21 06:12:23 Finished transferring output files
...
005 (15556765.653.000) 10/21 06:12:23 Job terminated.
	(1) Normal termination (return value 0)
		Usr 0 00:05:17, Sys 0 00:00:06  -  Run Remote Usage
		Usr 0 00:00:00, Sys 0 00:00:00  -  Run Local Usage
		Usr 0 00:05:17, Sys 0 00:00:06  -  Total Remote Usage
		Usr 0 00:00:00, Sys 0 00:00:00  -  Total Local Usage
	8662  -  Run Bytes Sent By Job
	229  -  Run Bytes Received By Job
	8662  -  Total Bytes Sent By Job
	229  -  Total Bytes Received By Job
	Partitionable Resources :    Usage  Request Allocated 
	   Cpus                 :     0.11        1         1 
	   Disk (KB)            :    50           1   1600216 
	   Memory (MB)          :   802        2000      2000 

	Job terminated of its own accord at 2024-10-21T04:12:23Z with exit-code 0.
...
