000 (15556765.468.000) 10/21 05:59:06 Job submitted from host: <188.184.90.241:9618?addrs=188.184.90.241-9618+[2001-1458-201-e4--100-2eb]-9618&alias=bigbird15.cern.ch&noUDP&sock=schedd_25064_65d2>
...
040 (15556765.468.000) 10/21 06:05:28 Started transferring input files
	Transferring to host: <188.185.193.16:9618?addrs=188.185.193.16-9618+[2001-1458-303-20--100-c]-9618&alias=b9p19p4171.cern.ch&noUDP&sock=slot1_3_603290_218e_55985>
...
040 (15556765.468.000) 10/21 06:05:28 Finished transferring input files
...
001 (15556765.468.000) 10/21 06:05:29 Job executing on host: <188.185.193.16:9618?addrs=188.185.193.16-9618+[2001-1458-303-20--100-c]-9618&alias=b9p19p4171.cern.ch&noUDP&sock=startd_128615_c54f>
	SlotName: slot1_3@b9p19p4171.cern.ch
	CondorScratchDir = "/pool/condor/dir_1204137"
	Cpus = 1
	Disk = 2931818
	Memory = 2000
...
006 (15556765.468.000) 10/21 06:05:37 Image size of job updated: 402932
	394  -  MemoryUsage of job (MB)
	402932  -  ResidentSetSize of job (KB)
...
006 (15556765.468.000) 10/21 06:10:37 Image size of job updated: 2383120
	2326  -  MemoryUsage of job (MB)
	2381740  -  ResidentSetSize of job (KB)
...
006 (15556765.468.000) 10/21 06:15:37 Image size of job updated: 2384040
	2326  -  MemoryUsage of job (MB)
	2381740  -  ResidentSetSize of job (KB)
...
040 (15556765.468.000) 10/21 06:15:38 Started transferring output files
...
040 (15556765.468.000) 10/21 06:15:38 Finished transferring output files
...
005 (15556765.468.000) 10/21 06:15:38 Job terminated.
	(1) Normal termination (return value 0)
		Usr 0 00:08:35, Sys 0 00:00:07  -  Run Remote Usage
		Usr 0 00:00:00, Sys 0 00:00:00  -  Run Local Usage
		Usr 0 00:08:35, Sys 0 00:00:07  -  Total Remote Usage
		Usr 0 00:00:00, Sys 0 00:00:00  -  Total Local Usage
	13104  -  Run Bytes Sent By Job
	229  -  Run Bytes Received By Job
	13104  -  Total Bytes Sent By Job
	229  -  Total Bytes Received By Job
	Partitionable Resources :    Usage  Request Allocated 
	   Cpus                 :     0.92        1         1 
	   Disk (KB)            :   605           1   2931818 
	   Memory (MB)          :  2326        2000      2000 

	Job terminated of its own accord at 2024-10-21T04:15:38Z with exit-code 0.
...
