000 (15556765.304.000) 10/21 05:59:05 Job submitted from host: <188.184.90.241:9618?addrs=188.184.90.241-9618+[2001-1458-201-e4--100-2eb]-9618&alias=bigbird15.cern.ch&noUDP&sock=schedd_25064_65d2>
...
040 (15556765.304.000) 10/21 06:01:33 Started transferring input files
	Transferring to host: <188.185.207.9:9618?addrs=188.185.207.9-9618+[2001-1458-303-d--100-6]-9618&alias=b9p07p6005.cern.ch&noUDP&sock=slot1_43_4138_5861_249042>
...
040 (15556765.304.000) 10/21 06:01:33 Finished transferring input files
...
001 (15556765.304.000) 10/21 06:01:34 Job executing on host: <188.185.207.9:9618?addrs=188.185.207.9-9618+[2001-1458-303-d--100-6]-9618&alias=b9p07p6005.cern.ch&noUDP&sock=startd_3645_becb>
	SlotName: slot1_43@b9p07p6005.cern.ch
	CondorScratchDir = "/pool/condor/dir_2309922"
	Cpus = 1
	Disk = 2857050
	Memory = 2000
...
006 (15556765.304.000) 10/21 06:01:43 Image size of job updated: 166504
	163  -  MemoryUsage of job (MB)
	166124  -  ResidentSetSize of job (KB)
...
006 (15556765.304.000) 10/21 06:06:44 Image size of job updated: 897520
	875  -  MemoryUsage of job (MB)
	895628  -  ResidentSetSize of job (KB)
...
040 (15556765.304.000) 10/21 06:08:04 Started transferring output files
...
040 (15556765.304.000) 10/21 06:08:04 Finished transferring output files
...
005 (15556765.304.000) 10/21 06:08:04 Job terminated.
	(1) Normal termination (return value 0)
		Usr 0 00:05:10, Sys 0 00:00:08  -  Run Remote Usage
		Usr 0 00:00:00, Sys 0 00:00:00  -  Run Local Usage
		Usr 0 00:05:10, Sys 0 00:00:08  -  Total Remote Usage
		Usr 0 00:00:00, Sys 0 00:00:00  -  Total Local Usage
	13184  -  Run Bytes Sent By Job
	229  -  Run Bytes Received By Job
	13184  -  Total Bytes Sent By Job
	229  -  Total Bytes Received By Job
	Partitionable Resources :    Usage  Request Allocated 
	   Cpus                 :        0        1         1 
	   Disk (KB)            :       57        1   2857050 
	   Memory (MB)          :      875     2000      2000 

	Job terminated of its own accord at 2024-10-21T04:08:04Z with exit-code 0.
...
