000 (15556765.573.000) 10/21 05:59:06 Job submitted from host: <188.184.90.241:9618?addrs=188.184.90.241-9618+[2001-1458-201-e4--100-2eb]-9618&alias=bigbird15.cern.ch&noUDP&sock=schedd_25064_65d2>
...
040 (15556765.573.000) 10/21 06:06:05 Started transferring input files
	Transferring to host: <188.185.204.199:9618?addrs=188.185.204.199-9618+[2001-1458-303-8--100-bb]-9618&alias=b9p02p4377.cern.ch&noUDP&sock=slot1_30_7519_90cb_82402>
...
040 (15556765.573.000) 10/21 06:06:05 Finished transferring input files
...
001 (15556765.573.000) 10/21 06:06:06 Job executing on host: <188.185.204.199:9618?addrs=188.185.204.199-9618+[2001-1458-303-8--100-bb]-9618&alias=b9p02p4377.cern.ch&noUDP&sock=startd_6158_744b>
	SlotName: slot1_30@b9p02p4377.cern.ch
	CondorScratchDir = "/pool/condor/dir_2363714"
	Cpus = 1
	Disk = 2613395
	Memory = 2000
...
006 (15556765.573.000) 10/21 06:06:15 Image size of job updated: 631424
	617  -  MemoryUsage of job (MB)
	631168  -  ResidentSetSize of job (KB)
...
006 (15556765.573.000) 10/21 06:11:16 Image size of job updated: 1790132
	1745  -  MemoryUsage of job (MB)
	1786228  -  ResidentSetSize of job (KB)
...
006 (15556765.573.000) 10/21 06:16:17 Image size of job updated: 1804356
	1759  -  MemoryUsage of job (MB)
	1800776  -  ResidentSetSize of job (KB)
...
006 (15556765.573.000) 10/21 06:21:17 Image size of job updated: 1805176
	1759  -  MemoryUsage of job (MB)
	1801000  -  ResidentSetSize of job (KB)
...
040 (15556765.573.000) 10/21 06:21:31 Started transferring output files
...
040 (15556765.573.000) 10/21 06:21:31 Finished transferring output files
...
005 (15556765.573.000) 10/21 06:21:31 Job terminated.
	(1) Normal termination (return value 0)
		Usr 0 00:13:15, Sys 0 00:00:11  -  Run Remote Usage
		Usr 0 00:00:00, Sys 0 00:00:00  -  Run Local Usage
		Usr 0 00:13:15, Sys 0 00:00:11  -  Total Remote Usage
		Usr 0 00:00:00, Sys 0 00:00:00  -  Total Local Usage
	33604  -  Run Bytes Sent By Job
	229  -  Run Bytes Received By Job
	33604  -  Total Bytes Sent By Job
	229  -  Total Bytes Received By Job
	Partitionable Resources :    Usage  Request Allocated 
	   Cpus                 :     0.92        1         1 
	   Disk (KB)            :    77           1   2613395 
	   Memory (MB)          :  1759        2000      2000 

	Job terminated of its own accord at 2024-10-21T04:21:31Z with exit-code 0.
...
