000 (15556765.344.000) 10/21 05:59:06 Job submitted from host: <188.184.90.241:9618?addrs=188.184.90.241-9618+[2001-1458-201-e4--100-2eb]-9618&alias=bigbird15.cern.ch&noUDP&sock=schedd_25064_65d2>
...
040 (15556765.344.000) 10/21 06:01:48 Started transferring input files
	Transferring to host: <188.185.194.57:9618?addrs=188.185.194.57-9618+[2001-1458-303-21--100-35]-9618&alias=b9p20p9132.cern.ch&noUDP&sock=slot1_10_9217_f5d0_3874>
...
040 (15556765.344.000) 10/21 06:01:48 Finished transferring input files
...
001 (15556765.344.000) 10/21 06:01:49 Job executing on host: <188.185.194.57:9618?addrs=188.185.194.57-9618+[2001-1458-303-21--100-35]-9618&alias=b9p20p9132.cern.ch&noUDP&sock=startd_8605_e48a>
	SlotName: slot1_10@b9p20p9132.cern.ch
	CondorScratchDir = "/pool/condor/dir_2128831"
	Cpus = 1
	Disk = 3878
	GPUs = 0
	Memory = 2000
...
006 (15556765.344.000) 10/21 06:01:58 Image size of job updated: 151632
	149  -  MemoryUsage of job (MB)
	151632  -  ResidentSetSize of job (KB)
...
006 (15556765.344.000) 10/21 06:06:59 Image size of job updated: 761152
	744  -  MemoryUsage of job (MB)
	761152  -  ResidentSetSize of job (KB)
...
040 (15556765.344.000) 10/21 06:13:43 Started transferring output files
...
040 (15556765.344.000) 10/21 06:13:43 Finished transferring output files
...
005 (15556765.344.000) 10/21 06:13:43 Job terminated.
	(1) Normal termination (return value 0)
		Usr 0 00:08:13, Sys 0 00:00:09  -  Run Remote Usage
		Usr 0 00:00:00, Sys 0 00:00:00  -  Run Local Usage
		Usr 0 00:08:13, Sys 0 00:00:09  -  Total Remote Usage
		Usr 0 00:00:00, Sys 0 00:00:00  -  Total Local Usage
	14051  -  Run Bytes Sent By Job
	229  -  Run Bytes Received By Job
	14051  -  Total Bytes Sent By Job
	229  -  Total Bytes Received By Job
	Partitionable Resources :    Usage  Request Allocated 
	   Cpus                 :     0.81        1         1 
	   Disk (KB)            :   554           1      3878 
	   GPUs                 :                           0 
	   Memory (MB)          :   744        2000      2000 

	Job terminated of its own accord at 2024-10-21T04:13:43Z with exit-code 0.
...
