000 (15556765.409.000) 10/21 05:59:06 Job submitted from host: <188.184.90.241:9618?addrs=188.184.90.241-9618+[2001-1458-201-e4--100-2eb]-9618&alias=bigbird15.cern.ch&noUDP&sock=schedd_25064_65d2>
...
040 (15556765.409.000) 10/21 06:03:16 Started transferring input files
	Transferring to host: <128.142.248.75:9618?addrs=128.142.248.75-9618+[2001-1458-301-73--100-13b]-9618&alias=b9g23p9989.cern.ch&noUDP&sock=slot1_26_3590_3acb_31931>
...
040 (15556765.409.000) 10/21 06:03:16 Finished transferring input files
...
001 (15556765.409.000) 10/21 06:03:17 Job executing on host: <128.142.248.75:9618?addrs=128.142.248.75-9618+[2001-1458-301-73--100-13b]-9618&alias=b9g23p9989.cern.ch&noUDP&sock=startd_2774_4fce>
	SlotName: slot1_26@b9g23p9989.cern.ch
	CondorScratchDir = "/pool/condor/dir_1328298"
	Cpus = 1
	Disk = 2912614
	Memory = 2000
...
006 (15556765.409.000) 10/21 06:03:26 Image size of job updated: 183788
	180  -  MemoryUsage of job (MB)
	183788  -  ResidentSetSize of job (KB)
...
006 (15556765.409.000) 10/21 06:08:27 Image size of job updated: 759552
	740  -  MemoryUsage of job (MB)
	757364  -  ResidentSetSize of job (KB)
...
006 (15556765.409.000) 10/21 06:12:07 Image size of job updated: 760176
	740  -  MemoryUsage of job (MB)
	757364  -  ResidentSetSize of job (KB)
...
040 (15556765.409.000) 10/21 06:12:07 Started transferring output files
...
040 (15556765.409.000) 10/21 06:12:07 Finished transferring output files
...
005 (15556765.409.000) 10/21 06:12:07 Job terminated.
	(1) Normal termination (return value 0)
		Usr 0 00:07:37, Sys 0 00:00:06  -  Run Remote Usage
		Usr 0 00:00:00, Sys 0 00:00:00  -  Run Local Usage
		Usr 0 00:07:37, Sys 0 00:00:06  -  Total Remote Usage
		Usr 0 00:00:00, Sys 0 00:00:00  -  Total Local Usage
	13687  -  Run Bytes Sent By Job
	229  -  Run Bytes Received By Job
	13687  -  Total Bytes Sent By Job
	229  -  Total Bytes Received By Job
	Partitionable Resources :    Usage  Request Allocated 
	   Cpus                 :        0        1         1 
	   Disk (KB)            :       56        1   2912614 
	   Memory (MB)          :      740     2000      2000 

	Job terminated of its own accord at 2024-10-21T04:12:07Z with exit-code 0.
...
