000 (15556765.201.000) 10/21 05:59:05 Job submitted from host: <188.184.90.241:9618?addrs=188.184.90.241-9618+[2001-1458-201-e4--100-2eb]-9618&alias=bigbird15.cern.ch&noUDP&sock=schedd_25064_65d2>
...
040 (15556765.201.000) 10/21 06:00:55 Started transferring input files
	Transferring to host: <188.185.209.170:9618?addrs=188.185.209.170-9618+[2001-1458-303-12--100-27]-9618&alias=b9p12p6566.cern.ch&noUDP&sock=slot1_17_16928_0ea9_132263>
...
040 (15556765.201.000) 10/21 06:00:55 Finished transferring input files
...
001 (15556765.201.000) 10/21 06:00:56 Job executing on host: <188.185.209.170:9618?addrs=188.185.209.170-9618+[2001-1458-303-12--100-27]-9618&alias=b9p12p6566.cern.ch&noUDP&sock=startd_15820_c85a>
	SlotName: slot1_17@b9p12p6566.cern.ch
	CondorScratchDir = "/pool/condor/dir_1820474"
	Cpus = 1
	Disk = 2761101
	Memory = 2000
...
006 (15556765.201.000) 10/21 06:01:05 Image size of job updated: 656964
	642  -  MemoryUsage of job (MB)
	656904  -  ResidentSetSize of job (KB)
...
006 (15556765.201.000) 10/21 06:06:05 Image size of job updated: 1974032
	1925  -  MemoryUsage of job (MB)
	1970864  -  ResidentSetSize of job (KB)
...
006 (15556765.201.000) 10/21 06:11:05 Image size of job updated: 1976112
	1926  -  MemoryUsage of job (MB)
	1971260  -  ResidentSetSize of job (KB)
...
006 (15556765.201.000) 10/21 06:16:06 Image size of job updated: 1976112
	1926  -  MemoryUsage of job (MB)
	1971548  -  ResidentSetSize of job (KB)
...
040 (15556765.201.000) 10/21 06:21:06 Started transferring output files
...
040 (15556765.201.000) 10/21 06:21:06 Finished transferring output files
...
009 (15556765.201.000) 10/21 06:21:06 Job was aborted.
	Job removed by SYSTEM_PERIODIC_REMOVE due to wall time exceeded allowed max.
...
