000 (15556765.630.000) 10/21 05:59:06 Job submitted from host: <188.184.90.241:9618?addrs=188.184.90.241-9618+[2001-1458-201-e4--100-2eb]-9618&alias=bigbird15.cern.ch&noUDP&sock=schedd_25064_65d2>
...
040 (15556765.630.000) 10/21 06:06:25 Started transferring input files
	Transferring to host: <128.142.137.42:9618?addrs=128.142.137.42-9618+[2001-1458-301-5e--100-1e]-9618&alias=b9g19p6058.cern.ch&noUDP&sock=slot1_20_2761_1fc9_246213>
...
040 (15556765.630.000) 10/21 06:06:25 Finished transferring input files
...
001 (15556765.630.000) 10/21 06:06:26 Job executing on host: <128.142.137.42:9618?addrs=128.142.137.42-9618+[2001-1458-301-5e--100-1e]-9618&alias=b9g19p6058.cern.ch&noUDP&sock=startd_2433_6a02>
	SlotName: slot1_20@b9g19p6058.cern.ch
	CondorScratchDir = "/pool/condor/dir_178957"
	Cpus = 1
	Disk = 1756104
	Memory = 2000
...
006 (15556765.630.000) 10/21 06:06:34 Image size of job updated: 146728
	144  -  MemoryUsage of job (MB)
	146728  -  ResidentSetSize of job (KB)
...
006 (15556765.630.000) 10/21 06:11:34 Image size of job updated: 762004
	745  -  MemoryUsage of job (MB)
	762004  -  ResidentSetSize of job (KB)
...
040 (15556765.630.000) 10/21 06:12:02 Started transferring output files
...
040 (15556765.630.000) 10/21 06:12:02 Finished transferring output files
...
005 (15556765.630.000) 10/21 06:12:02 Job terminated.
	(1) Normal termination (return value 0)
		Usr 0 00:05:03, Sys 0 00:00:06  -  Run Remote Usage
		Usr 0 00:00:00, Sys 0 00:00:00  -  Run Local Usage
		Usr 0 00:05:03, Sys 0 00:00:06  -  Total Remote Usage
		Usr 0 00:00:00, Sys 0 00:00:00  -  Total Local Usage
	8667  -  Run Bytes Sent By Job
	229  -  Run Bytes Received By Job
	8667  -  Total Bytes Sent By Job
	229  -  Total Bytes Received By Job
	Partitionable Resources :    Usage  Request Allocated 
	   Cpus                 :     0.94        1         1 
	   Disk (KB)            :    50           1   1756104 
	   Memory (MB)          :   745        2000      2000 

	Job terminated of its own accord at 2024-10-21T04:12:02Z with exit-code 0.
...
