000 (15556765.472.000) 10/21 05:59:06 Job submitted from host: <188.184.90.241:9618?addrs=188.184.90.241-9618+[2001-1458-201-e4--100-2eb]-9618&alias=bigbird15.cern.ch&noUDP&sock=schedd_25064_65d2>
...
040 (15556765.472.000) 10/21 06:05:29 Started transferring input files
	Transferring to host: <188.185.194.160:9618?addrs=188.185.194.160-9618+[2001-1458-303-21--100-9c]-9618&alias=b9p20p2494.cern.ch&noUDP&sock=slot1_21_9521_27dc_3209>
...
040 (15556765.472.000) 10/21 06:05:29 Finished transferring input files
...
001 (15556765.472.000) 10/21 06:05:30 Job executing on host: <188.185.194.160:9618?addrs=188.185.194.160-9618+[2001-1458-303-21--100-9c]-9618&alias=b9p20p2494.cern.ch&noUDP&sock=startd_9004_92d4>
	SlotName: slot1_21@b9p20p2494.cern.ch
	CondorScratchDir = "/pool/condor/dir_1818372"
	Cpus = 1
	Disk = 3689
	GPUs = 0
	Memory = 2000
...
006 (15556765.472.000) 10/21 06:05:38 Image size of job updated: 600396
	587  -  MemoryUsage of job (MB)
	600396  -  ResidentSetSize of job (KB)
...
006 (15556765.472.000) 10/21 06:10:38 Image size of job updated: 1644292
	1606  -  MemoryUsage of job (MB)
	1644292  -  ResidentSetSize of job (KB)
...
040 (15556765.472.000) 10/21 06:13:42 Started transferring output files
...
040 (15556765.472.000) 10/21 06:13:42 Finished transferring output files
...
005 (15556765.472.000) 10/21 06:13:42 Job terminated.
	(1) Normal termination (return value 0)
		Usr 0 00:06:35, Sys 0 00:00:05  -  Run Remote Usage
		Usr 0 00:00:00, Sys 0 00:00:00  -  Run Local Usage
		Usr 0 00:06:35, Sys 0 00:00:05  -  Total Remote Usage
		Usr 0 00:00:00, Sys 0 00:00:00  -  Total Local Usage
	14202  -  Run Bytes Sent By Job
	229  -  Run Bytes Received By Job
	14202  -  Total Bytes Sent By Job
	229  -  Total Bytes Received By Job
	Partitionable Resources :    Usage  Request Allocated 
	   Cpus                 :     0.47        1         1 
	   Disk (KB)            :    56           1      3689 
	   GPUs                 :                           0 
	   Memory (MB)          :  1606        2000      2000 

	Job terminated of its own accord at 2024-10-21T04:13:42Z with exit-code 0.
...
