000 (15556765.023.000) 10/21 05:59:05 Job submitted from host: <188.184.90.241:9618?addrs=188.184.90.241-9618+[2001-1458-201-e4--100-2eb]-9618&alias=bigbird15.cern.ch&noUDP&sock=schedd_25064_65d2>
...
040 (15556765.023.000) 10/21 05:59:55 Started transferring input files
	Transferring to host: <188.185.196.118:9618?addrs=188.185.196.118-9618+[2001-1458-303-23--100-72]-9618&alias=b9p16p4498.cern.ch&noUDP&sock=slot1_30_1594790_938d_75528>
...
040 (15556765.023.000) 10/21 05:59:55 Finished transferring input files
...
001 (15556765.023.000) 10/21 05:59:56 Job executing on host: <188.185.196.118:9618?addrs=188.185.196.118-9618+[2001-1458-303-23--100-72]-9618&alias=b9p16p4498.cern.ch&noUDP&sock=startd_7456_c639>
	SlotName: slot1_30@b9p16p4498.cern.ch
	CondorScratchDir = "/pool/condor/dir_2340767"
	Cpus = 1
	Disk = 2764638
	Memory = 2000
...
006 (15556765.023.000) 10/21 06:00:05 Image size of job updated: 577756
	565  -  MemoryUsage of job (MB)
	577756  -  ResidentSetSize of job (KB)
...
006 (15556765.023.000) 10/21 06:03:21 Image size of job updated: 2572436
	1576  -  MemoryUsage of job (MB)
	1613020  -  ResidentSetSize of job (KB)
...
040 (15556765.023.000) 10/21 06:03:21 Started transferring output files
...
040 (15556765.023.000) 10/21 06:03:21 Finished transferring output files
...
005 (15556765.023.000) 10/21 06:03:21 Job terminated.
	(1) Normal termination (return value 0)
		Usr 0 00:02:55, Sys 0 00:00:06  -  Run Remote Usage
		Usr 0 00:00:00, Sys 0 00:00:00  -  Run Local Usage
		Usr 0 00:02:55, Sys 0 00:00:06  -  Total Remote Usage
		Usr 0 00:00:00, Sys 0 00:00:00  -  Total Local Usage
	2607  -  Run Bytes Sent By Job
	229  -  Run Bytes Received By Job
	2607  -  Total Bytes Sent By Job
	229  -  Total Bytes Received By Job
	Partitionable Resources :    Usage  Request Allocated 
	   Cpus                 :        0        1         1 
	   Disk (KB)            :       43        1   2764638 
	   Memory (MB)          :     1576     2000      2000 

	Job terminated of its own accord at 2024-10-21T04:03:21Z with exit-code 0.
...
000 (15556766.023.000) 10/21 07:29:07 Job submitted from host: <188.184.90.241:9618?addrs=188.184.90.241-9618+[2001-1458-201-e4--100-2eb]-9618&alias=bigbird15.cern.ch&noUDP&sock=schedd_25064_65d2>
...
040 (15556766.023.000) 10/21 07:30:03 Started transferring input files
	Transferring to host: <188.185.205.108:9618?addrs=188.185.205.108-9618+[2001-1458-303-9--100-69]-9618&alias=b9p03p9667.cern.ch&noUDP&sock=slot1_24_4058_fa5e_82547>
...
040 (15556766.023.000) 10/21 07:30:03 Finished transferring input files
...
001 (15556766.023.000) 10/21 07:30:04 Job executing on host: <188.185.205.108:9618?addrs=188.185.205.108-9618+[2001-1458-303-9--100-69]-9618&alias=b9p03p9667.cern.ch&noUDP&sock=startd_3450_fdd4>
	SlotName: slot1_24@b9p03p9667.cern.ch
	CondorScratchDir = "/pool/condor/dir_388349"
	Cpus = 1
	Disk = 2502071
	Memory = 2000
...
006 (15556766.023.000) 10/21 07:30:13 Image size of job updated: 746300
	729  -  MemoryUsage of job (MB)
	746092  -  ResidentSetSize of job (KB)
...
006 (15556766.023.000) 10/21 07:35:14 Image size of job updated: 1720588
	1677  -  MemoryUsage of job (MB)
	1716972  -  ResidentSetSize of job (KB)
...
006 (15556766.023.000) 10/21 07:40:14 Image size of job updated: 1732116
	1690  -  MemoryUsage of job (MB)
	1730132  -  ResidentSetSize of job (KB)
...
006 (15556766.023.000) 10/21 07:45:14 Image size of job updated: 1733364
	1690  -  MemoryUsage of job (MB)
	1730132  -  ResidentSetSize of job (KB)
...
040 (15556766.023.000) 10/21 07:49:10 Started transferring output files
...
040 (15556766.023.000) 10/21 07:49:10 Finished transferring output files
...
005 (15556766.023.000) 10/21 07:49:10 Job terminated.
	(1) Normal termination (return value 0)
		Usr 0 00:14:31, Sys 0 00:00:12  -  Run Remote Usage
		Usr 0 00:00:00, Sys 0 00:00:00  -  Run Local Usage
		Usr 0 00:14:31, Sys 0 00:00:12  -  Total Remote Usage
		Usr 0 00:00:00, Sys 0 00:00:00  -  Total Local Usage
	37907  -  Run Bytes Sent By Job
	229  -  Run Bytes Received By Job
	37907  -  Total Bytes Sent By Job
	229  -  Total Bytes Received By Job
	Partitionable Resources :    Usage  Request Allocated 
	   Cpus                 :     0.89        1         1 
	   Disk (KB)            :    81           1   2502071 
	   Memory (MB)          :  1690        2000      2000 

	Job terminated of its own accord at 2024-10-21T05:49:10Z with exit-code 0.
...
