000 (15556765.163.000) 10/21 05:59:05 Job submitted from host: <188.184.90.241:9618?addrs=188.184.90.241-9618+[2001-1458-201-e4--100-2eb]-9618&alias=bigbird15.cern.ch&noUDP&sock=schedd_25064_65d2>
...
040 (15556765.163.000) 10/21 06:00:41 Started transferring input files
	Transferring to host: <188.185.208.78:9618?addrs=188.185.208.78-9618+[2001-1458-303-f--100-4b]-9618&alias=b9p09p2568.cern.ch&noUDP&sock=slot1_1_8300_d9cb_253785>
...
040 (15556765.163.000) 10/21 06:00:41 Finished transferring input files
...
001 (15556765.163.000) 10/21 06:00:42 Job executing on host: <188.185.208.78:9618?addrs=188.185.208.78-9618+[2001-1458-303-f--100-4b]-9618&alias=b9p09p2568.cern.ch&noUDP&sock=startd_6881_5f44>
	SlotName: slot1_1@b9p09p2568.cern.ch
	CondorScratchDir = "/pool/condor/dir_1636682"
	Cpus = 1
	Disk = 2647862
	Memory = 2000
...
006 (15556765.163.000) 10/21 06:00:51 Image size of job updated: 809064
	791  -  MemoryUsage of job (MB)
	809064  -  ResidentSetSize of job (KB)
...
006 (15556765.163.000) 10/21 06:05:52 Image size of job updated: 1957408
	1908  -  MemoryUsage of job (MB)
	1953756  -  ResidentSetSize of job (KB)
...
040 (15556765.163.000) 10/21 06:07:55 Started transferring output files
...
040 (15556765.163.000) 10/21 06:07:55 Finished transferring output files
...
005 (15556765.163.000) 10/21 06:07:55 Job terminated.
	(1) Normal termination (return value 0)
		Usr 0 00:03:47, Sys 0 00:00:07  -  Run Remote Usage
		Usr 0 00:00:00, Sys 0 00:00:00  -  Run Local Usage
		Usr 0 00:03:47, Sys 0 00:00:07  -  Total Remote Usage
		Usr 0 00:00:00, Sys 0 00:00:00  -  Total Local Usage
	6449  -  Run Bytes Sent By Job
	229  -  Run Bytes Received By Job
	6449  -  Total Bytes Sent By Job
	229  -  Total Bytes Received By Job
	Partitionable Resources :    Usage  Request Allocated 
	   Cpus                 :     0.82        1         1 
	   Disk (KB)            :   569           1   2647862 
	   Memory (MB)          :  1908        2000      2000 

	Job terminated of its own accord at 2024-10-21T04:07:55Z with exit-code 0.
...
