000 (15556765.615.000) 10/21 05:59:06 Job submitted from host: <188.184.90.241:9618?addrs=188.184.90.241-9618+[2001-1458-201-e4--100-2eb]-9618&alias=bigbird15.cern.ch&noUDP&sock=schedd_25064_65d2>
...
040 (15556765.615.000) 10/21 06:06:19 Started transferring input files
	Transferring to host: <188.185.206.217:9618?addrs=188.185.206.217-9618+[2001-1458-303-c--100-56]-9618&alias=b9p06p2502.cern.ch&noUDP&sock=slot1_16_3760_0292_68912>
...
040 (15556765.615.000) 10/21 06:06:19 Finished transferring input files
...
001 (15556765.615.000) 10/21 06:06:20 Job executing on host: <188.185.206.217:9618?addrs=188.185.206.217-9618+[2001-1458-303-c--100-56]-9618&alias=b9p06p2502.cern.ch&noUDP&sock=startd_3390_d625>
	SlotName: slot1_16@b9p06p2502.cern.ch
	CondorScratchDir = "/pool/condor/dir_223000"
	Cpus = 1
	Disk = 2366269
	Memory = 2000
...
006 (15556765.615.000) 10/21 06:06:29 Image size of job updated: 821868
	803  -  MemoryUsage of job (MB)
	821868  -  ResidentSetSize of job (KB)
...
006 (15556765.615.000) 10/21 06:11:30 Image size of job updated: 2406084
	2349  -  MemoryUsage of job (MB)
	2404576  -  ResidentSetSize of job (KB)
...
006 (15556765.615.000) 10/21 06:13:13 Image size of job updated: 2407528
	2349  -  MemoryUsage of job (MB)
	2404576  -  ResidentSetSize of job (KB)
...
040 (15556765.615.000) 10/21 06:13:13 Started transferring output files
...
040 (15556765.615.000) 10/21 06:13:13 Finished transferring output files
...
005 (15556765.615.000) 10/21 06:13:13 Job terminated.
	(1) Normal termination (return value 0)
		Usr 0 00:03:46, Sys 0 00:00:05  -  Run Remote Usage
		Usr 0 00:00:00, Sys 0 00:00:00  -  Run Local Usage
		Usr 0 00:03:46, Sys 0 00:00:05  -  Total Remote Usage
		Usr 0 00:00:00, Sys 0 00:00:00  -  Total Local Usage
	13383  -  Run Bytes Sent By Job
	229  -  Run Bytes Received By Job
	13383  -  Total Bytes Sent By Job
	229  -  Total Bytes Received By Job
	Partitionable Resources :    Usage  Request Allocated 
	   Cpus                 :     0.77        1         1 
	   Disk (KB)            :    57           1   2366269 
	   Memory (MB)          :  2349        2000      2000 

	Job terminated of its own accord at 2024-10-21T04:13:13Z with exit-code 0.
...
