000 (15556765.058.000) 10/21 05:59:05 Job submitted from host: <188.184.90.241:9618?addrs=188.184.90.241-9618+[2001-1458-201-e4--100-2eb]-9618&alias=bigbird15.cern.ch&noUDP&sock=schedd_25064_65d2>
...
040 (15556765.058.000) 10/21 06:00:07 Started transferring input files
	Transferring to host: <188.185.193.74:9618?addrs=188.185.193.74-9618+[2001-1458-303-20--100-46]-9618&alias=b9p19p8480.cern.ch&noUDP&sock=slot1_22_9052_b3e9_5170>
...
040 (15556765.058.000) 10/21 06:00:07 Finished transferring input files
...
001 (15556765.058.000) 10/21 06:00:08 Job executing on host: <188.185.193.74:9618?addrs=188.185.193.74-9618+[2001-1458-303-20--100-46]-9618&alias=b9p19p8480.cern.ch&noUDP&sock=startd_8042_b8b8>
	SlotName: slot1_22@b9p19p8480.cern.ch
	CondorScratchDir = "/pool/condor/dir_4087126"
	Cpus = 1
	Disk = 3790
	GPUs = 0
	Memory = 2000
...
006 (15556765.058.000) 10/21 06:00:17 Image size of job updated: 693740
	678  -  MemoryUsage of job (MB)
	693740  -  ResidentSetSize of job (KB)
...
006 (15556765.058.000) 10/21 06:05:18 Image size of job updated: 1901984
	1858  -  MemoryUsage of job (MB)
	1901984  -  ResidentSetSize of job (KB)
...
040 (15556765.058.000) 10/21 06:06:24 Started transferring output files
...
040 (15556765.058.000) 10/21 06:06:24 Finished transferring output files
...
005 (15556765.058.000) 10/21 06:06:24 Job terminated.
	(1) Normal termination (return value 0)
		Usr 0 00:03:29, Sys 0 00:00:07  -  Run Remote Usage
		Usr 0 00:00:00, Sys 0 00:00:00  -  Run Local Usage
		Usr 0 00:03:29, Sys 0 00:00:07  -  Total Remote Usage
		Usr 0 00:00:00, Sys 0 00:00:00  -  Total Local Usage
	2887  -  Run Bytes Sent By Job
	229  -  Run Bytes Received By Job
	2887  -  Total Bytes Sent By Job
	229  -  Total Bytes Received By Job
	Partitionable Resources :    Usage  Request Allocated 
	   Cpus                 :     0.93        1         1 
	   Disk (KB)            :    45           1      3790 
	   GPUs                 :                           0 
	   Memory (MB)          :  1858        2000      2000 

	Job terminated of its own accord at 2024-10-21T04:06:24Z with exit-code 0.
...
000 (15556766.058.000) 10/21 07:29:09 Job submitted from host: <188.184.90.241:9618?addrs=188.184.90.241-9618+[2001-1458-201-e4--100-2eb]-9618&alias=bigbird15.cern.ch&noUDP&sock=schedd_25064_65d2>
...
040 (15556766.058.000) 10/21 07:30:16 Started transferring input files
	Transferring to host: <188.185.193.156:9618?addrs=188.185.193.156-9618+[2001-1458-303-20--100-98]-9618&alias=b9p19p4128.cern.ch&noUDP&sock=slot1_27_1985506_581d_38963>
...
040 (15556766.058.000) 10/21 07:30:16 Finished transferring input files
...
001 (15556766.058.000) 10/21 07:30:17 Job executing on host: <188.185.193.156:9618?addrs=188.185.193.156-9618+[2001-1458-303-20--100-98]-9618&alias=b9p19p4128.cern.ch&noUDP&sock=startd_127711_b3b1>
	SlotName: slot1_27@b9p19p4128.cern.ch
	CondorScratchDir = "/pool/condor/dir_151045"
	Cpus = 1
	Disk = 2997588
	Memory = 2000
...
006 (15556766.058.000) 10/21 07:30:25 Image size of job updated: 207528
	203  -  MemoryUsage of job (MB)
	207004  -  ResidentSetSize of job (KB)
...
006 (15556766.058.000) 10/21 07:35:25 Image size of job updated: 1223616
	1195  -  MemoryUsage of job (MB)
	1223136  -  ResidentSetSize of job (KB)
...
006 (15556766.058.000) 10/21 07:40:25 Image size of job updated: 1226608
	1195  -  MemoryUsage of job (MB)
	1223168  -  ResidentSetSize of job (KB)
...
040 (15556766.058.000) 10/21 07:50:26 Started transferring output files
...
040 (15556766.058.000) 10/21 07:50:26 Finished transferring output files
...
009 (15556766.058.000) 10/21 07:50:26 Job was aborted.
	Job removed by SYSTEM_PERIODIC_REMOVE due to wall time exceeded allowed max.
...
