000 (15556765.635.000) 10/21 05:59:06 Job submitted from host: <188.184.90.241:9618?addrs=188.184.90.241-9618+[2001-1458-201-e4--100-2eb]-9618&alias=bigbird15.cern.ch&noUDP&sock=schedd_25064_65d2>
...
040 (15556765.635.000) 10/21 06:06:26 Started transferring input files
	Transferring to host: <128.142.130.195:9618?addrs=128.142.130.195-9618+[2001-1458-301-58--100-b7]-9618&alias=b9g20p7897.cern.ch&noUDP&sock=slot1_11_2806_d4ab_23551>
...
040 (15556765.635.000) 10/21 06:06:26 Finished transferring input files
...
001 (15556765.635.000) 10/21 06:06:27 Job executing on host: <128.142.130.195:9618?addrs=128.142.130.195-9618+[2001-1458-301-58--100-b7]-9618&alias=b9g20p7897.cern.ch&noUDP&sock=startd_2475_38fd>
	SlotName: slot1_11@b9g20p7897.cern.ch
	CondorScratchDir = "/pool/condor/dir_2833835"
	Cpus = 1
	Disk = 1756400
	Memory = 2000
...
006 (15556765.635.000) 10/21 06:06:36 Image size of job updated: 151912
	149  -  MemoryUsage of job (MB)
	151912  -  ResidentSetSize of job (KB)
...
040 (15556765.635.000) 10/21 06:09:56 Started transferring output files
...
040 (15556765.635.000) 10/21 06:09:56 Finished transferring output files
...
005 (15556765.635.000) 10/21 06:09:56 Job terminated.
	(1) Normal termination (return value 0)
		Usr 0 00:02:54, Sys 0 00:00:05  -  Run Remote Usage
		Usr 0 00:00:00, Sys 0 00:00:00  -  Run Local Usage
		Usr 0 00:02:54, Sys 0 00:00:05  -  Total Remote Usage
		Usr 0 00:00:00, Sys 0 00:00:00  -  Total Local Usage
	4968  -  Run Bytes Sent By Job
	229  -  Run Bytes Received By Job
	4968  -  Total Bytes Sent By Job
	229  -  Total Bytes Received By Job
	Partitionable Resources :    Usage  Request Allocated 
	   Cpus                 :        0        1         1 
	   Disk (KB)            :       46        1   1756400 
	   Memory (MB)          :      149     2000      2000 

	Job terminated of its own accord at 2024-10-21T04:09:56Z with exit-code 0.
...
