000 (15556765.279.000) 10/21 05:59:05 Job submitted from host: <188.184.90.241:9618?addrs=188.184.90.241-9618+[2001-1458-201-e4--100-2eb]-9618&alias=bigbird15.cern.ch&noUDP&sock=schedd_25064_65d2>
...
040 (15556765.279.000) 10/21 06:01:25 Started transferring input files
	Transferring to host: <128.142.248.33:9618?addrs=128.142.248.33-9618+[2001-1458-301-73--100-111]-9618&alias=b9g23p1094.cern.ch&noUDP&sock=slot1_9_2557074_b4e8_26553>
...
040 (15556765.279.000) 10/21 06:01:25 Finished transferring input files
...
001 (15556765.279.000) 10/21 06:01:26 Job executing on host: <128.142.248.33:9618?addrs=128.142.248.33-9618+[2001-1458-301-73--100-111]-9618&alias=b9g23p1094.cern.ch&noUDP&sock=startd_6722_4fb5>
	SlotName: slot1_9@b9g23p1094.cern.ch
	CondorScratchDir = "/pool/condor/dir_1517930"
	Cpus = 1
	Disk = 2848675
	Memory = 2000
...
006 (15556765.279.000) 10/21 06:01:34 Image size of job updated: 204892
	201  -  MemoryUsage of job (MB)
	204892  -  ResidentSetSize of job (KB)
...
006 (15556765.279.000) 10/21 06:06:34 Image size of job updated: 1009856
	985  -  MemoryUsage of job (MB)
	1008260  -  ResidentSetSize of job (KB)
...
006 (15556765.279.000) 10/21 06:11:35 Image size of job updated: 1011644
	985  -  MemoryUsage of job (MB)
	1008260  -  ResidentSetSize of job (KB)
...
006 (15556765.279.000) 10/21 06:21:35 Image size of job updated: 1011644
	985  -  MemoryUsage of job (MB)
	1008460  -  ResidentSetSize of job (KB)
...
040 (15556765.279.000) 10/21 06:21:35 Started transferring output files
...
040 (15556765.279.000) 10/21 06:21:35 Finished transferring output files
...
009 (15556765.279.000) 10/21 06:21:35 Job was aborted.
	Job removed by SYSTEM_PERIODIC_REMOVE due to wall time exceeded allowed max.
...
