000 (15556765.208.000) 10/21 05:59:05 Job submitted from host: <188.184.90.241:9618?addrs=188.184.90.241-9618+[2001-1458-201-e4--100-2eb]-9618&alias=bigbird15.cern.ch&noUDP&sock=schedd_25064_65d2>
...
040 (15556765.208.000) 10/21 06:00:57 Started transferring input files
	Transferring to host: <128.142.248.192:9618?addrs=128.142.248.192-9618+[2001-1458-301-73--100-bf]-9618&alias=b9g23p1177.cern.ch&noUDP&sock=slot1_15_1073282_0336_22100>
...
040 (15556765.208.000) 10/21 06:00:57 Finished transferring input files
...
001 (15556765.208.000) 10/21 06:00:58 Job executing on host: <128.142.248.192:9618?addrs=128.142.248.192-9618+[2001-1458-301-73--100-bf]-9618&alias=b9g23p1177.cern.ch&noUDP&sock=startd_7287_dab7>
	SlotName: slot1_15@b9g23p1177.cern.ch
	CondorScratchDir = "/pool/condor/dir_1624854"
	Cpus = 1
	Disk = 2989489
	Memory = 2000
...
006 (15556765.208.000) 10/21 06:01:06 Image size of job updated: 182312
	178  -  MemoryUsage of job (MB)
	182220  -  ResidentSetSize of job (KB)
...
006 (15556765.208.000) 10/21 06:06:06 Image size of job updated: 962060
	937  -  MemoryUsage of job (MB)
	959296  -  ResidentSetSize of job (KB)
...
006 (15556765.208.000) 10/21 06:11:07 Image size of job updated: 963356
	938  -  MemoryUsage of job (MB)
	959644  -  ResidentSetSize of job (KB)
...
040 (15556765.208.000) 10/21 06:12:53 Started transferring output files
...
040 (15556765.208.000) 10/21 06:12:53 Finished transferring output files
...
005 (15556765.208.000) 10/21 06:12:53 Job terminated.
	(1) Normal termination (return value 0)
		Usr 0 00:10:07, Sys 0 00:00:07  -  Run Remote Usage
		Usr 0 00:00:00, Sys 0 00:00:00  -  Run Local Usage
		Usr 0 00:10:07, Sys 0 00:00:07  -  Total Remote Usage
		Usr 0 00:00:00, Sys 0 00:00:00  -  Total Local Usage
	13574  -  Run Bytes Sent By Job
	229  -  Run Bytes Received By Job
	13574  -  Total Bytes Sent By Job
	229  -  Total Bytes Received By Job
	Partitionable Resources :    Usage  Request Allocated 
	   Cpus                 :     0.96        1         1 
	   Disk (KB)            :    54           1   2989489 
	   Memory (MB)          :   938        2000      2000 

	Job terminated of its own accord at 2024-10-21T04:12:53Z with exit-code 0.
...
