000 (15556765.593.000) 10/21 05:59:06 Job submitted from host: <188.184.90.241:9618?addrs=188.184.90.241-9618+[2001-1458-201-e4--100-2eb]-9618&alias=bigbird15.cern.ch&noUDP&sock=schedd_25064_65d2>
...
040 (15556765.593.000) 10/21 06:06:11 Started transferring input files
	Transferring to host: <128.142.33.208:9618?addrs=128.142.33.208-9618+[2001-1458-301-39--100-d]-9618&alias=b9g24p0198.cern.ch&noUDP&sock=slot1_19_5992_a7ed_3193>
...
040 (15556765.593.000) 10/21 06:06:11 Finished transferring input files
...
001 (15556765.593.000) 10/21 06:06:12 Job executing on host: <128.142.33.208:9618?addrs=128.142.33.208-9618+[2001-1458-301-39--100-d]-9618&alias=b9g24p0198.cern.ch&noUDP&sock=startd_4873_0d18>
	SlotName: slot1_19@b9g24p0198.cern.ch
	CondorScratchDir = "/pool/condor/dir_166032"
	Cpus = 1
	Disk = 3715
	GPUs = 0
	Memory = 2000
...
006 (15556765.593.000) 10/21 06:06:21 Image size of job updated: 629256
	615  -  MemoryUsage of job (MB)
	629256  -  ResidentSetSize of job (KB)
...
006 (15556765.593.000) 10/21 06:11:22 Image size of job updated: 2174324
	2124  -  MemoryUsage of job (MB)
	2174324  -  ResidentSetSize of job (KB)
...
006 (15556765.593.000) 10/21 06:16:22 Image size of job updated: 2185064
	2134  -  MemoryUsage of job (MB)
	2185064  -  ResidentSetSize of job (KB)
...
040 (15556765.593.000) 10/21 06:17:02 Started transferring output files
...
040 (15556765.593.000) 10/21 06:17:02 Finished transferring output files
...
005 (15556765.593.000) 10/21 06:17:02 Job terminated.
	(1) Normal termination (return value 0)
		Usr 0 00:09:05, Sys 0 00:00:12  -  Run Remote Usage
		Usr 0 00:00:00, Sys 0 00:00:00  -  Run Local Usage
		Usr 0 00:09:05, Sys 0 00:00:12  -  Total Remote Usage
		Usr 0 00:00:00, Sys 0 00:00:00  -  Total Local Usage
	23569  -  Run Bytes Sent By Job
	229  -  Run Bytes Received By Job
	23569  -  Total Bytes Sent By Job
	229  -  Total Bytes Received By Job
	Partitionable Resources :    Usage  Request Allocated 
	   Cpus                 :     0.89        1         1 
	   Disk (KB)            :    65           1      3715 
	   GPUs                 :                           0 
	   Memory (MB)          :  2134        2000      2000 

	Job terminated of its own accord at 2024-10-21T04:17:02Z with exit-code 0.
...
