000 (15556765.563.000) 10/21 05:59:06 Job submitted from host: <188.184.90.241:9618?addrs=188.184.90.241-9618+[2001-1458-201-e4--100-2eb]-9618&alias=bigbird15.cern.ch&noUDP&sock=schedd_25064_65d2>
...
040 (15556765.563.000) 10/21 06:06:01 Started transferring input files
	Transferring to host: <188.185.204.204:9618?addrs=188.185.204.204-9618+[2001-1458-303-8--100-c0]-9618&alias=b9p02p9432.cern.ch&noUDP&sock=slot1_17_1175057_b500_30048>
...
040 (15556765.563.000) 10/21 06:06:01 Finished transferring input files
...
001 (15556765.563.000) 10/21 06:06:02 Job executing on host: <188.185.204.204:9618?addrs=188.185.204.204-9618+[2001-1458-303-8--100-c0]-9618&alias=b9p02p9432.cern.ch&noUDP&sock=startd_5034_7bd8>
	SlotName: slot1_17@b9p02p9432.cern.ch
	CondorScratchDir = "/pool/condor/dir_1685753"
	Cpus = 1
	Disk = 2725282
	Memory = 2000
...
006 (15556765.563.000) 10/21 06:06:11 Image size of job updated: 769060
	752  -  MemoryUsage of job (MB)
	769056  -  ResidentSetSize of job (KB)
...
006 (15556765.563.000) 10/21 06:11:12 Image size of job updated: 1741516
	1697  -  MemoryUsage of job (MB)
	1737288  -  ResidentSetSize of job (KB)
...
006 (15556765.563.000) 10/21 06:16:13 Image size of job updated: 1755948
	1711  -  MemoryUsage of job (MB)
	1751940  -  ResidentSetSize of job (KB)
...
006 (15556765.563.000) 10/21 06:21:13 Image size of job updated: 1755948
	1712  -  MemoryUsage of job (MB)
	1752204  -  ResidentSetSize of job (KB)
...
040 (15556765.563.000) 10/21 06:23:27 Started transferring output files
...
040 (15556765.563.000) 10/21 06:23:27 Finished transferring output files
...
005 (15556765.563.000) 10/21 06:23:27 Job terminated.
	(1) Normal termination (return value 0)
		Usr 0 00:15:32, Sys 0 00:00:09  -  Run Remote Usage
		Usr 0 00:00:00, Sys 0 00:00:00  -  Run Local Usage
		Usr 0 00:15:32, Sys 0 00:00:09  -  Total Remote Usage
		Usr 0 00:00:00, Sys 0 00:00:00  -  Total Local Usage
	40571  -  Run Bytes Sent By Job
	229  -  Run Bytes Received By Job
	40571  -  Total Bytes Sent By Job
	229  -  Total Bytes Received By Job
	Partitionable Resources :    Usage  Request Allocated 
	   Cpus                 :     0.96        1         1 
	   Disk (KB)            :    83           1   2725282 
	   Memory (MB)          :  1712        2000      2000 

	Job terminated of its own accord at 2024-10-21T04:23:27Z with exit-code 0.
...
