000 (15556765.580.000) 10/21 05:59:06 Job submitted from host: <188.184.90.241:9618?addrs=188.184.90.241-9618+[2001-1458-201-e4--100-2eb]-9618&alias=bigbird15.cern.ch&noUDP&sock=schedd_25064_65d2>
...
040 (15556765.580.000) 10/21 06:06:07 Started transferring input files
	Transferring to host: <188.185.205.183:9618?addrs=188.185.205.183-9618+[2001-1458-303-a--100-34]-9618&alias=b9p04p6589.cern.ch&noUDP&sock=slot1_26_3744_bc91_83383>
...
040 (15556765.580.000) 10/21 06:06:07 Finished transferring input files
...
001 (15556765.580.000) 10/21 06:06:08 Job executing on host: <188.185.205.183:9618?addrs=188.185.205.183-9618+[2001-1458-303-a--100-34]-9618&alias=b9p04p6589.cern.ch&noUDP&sock=startd_3701_2819>
	SlotName: slot1_26@b9p04p6589.cern.ch
	CondorScratchDir = "/pool/condor/dir_3778551"
	Cpus = 1
	Disk = 2676875
	Memory = 2000
...
006 (15556765.580.000) 10/21 06:06:17 Image size of job updated: 761120
	744  -  MemoryUsage of job (MB)
	761112  -  ResidentSetSize of job (KB)
...
006 (15556765.580.000) 10/21 06:11:18 Image size of job updated: 1693384
	1652  -  MemoryUsage of job (MB)
	1691040  -  ResidentSetSize of job (KB)
...
006 (15556765.580.000) 10/21 06:14:54 Image size of job updated: 1694144
	1652  -  MemoryUsage of job (MB)
	1691040  -  ResidentSetSize of job (KB)
...
040 (15556765.580.000) 10/21 06:14:54 Started transferring output files
...
040 (15556765.580.000) 10/21 06:14:54 Finished transferring output files
...
005 (15556765.580.000) 10/21 06:14:54 Job terminated.
	(1) Normal termination (return value 0)
		Usr 0 00:07:18, Sys 0 00:00:08  -  Run Remote Usage
		Usr 0 00:00:00, Sys 0 00:00:00  -  Run Local Usage
		Usr 0 00:07:18, Sys 0 00:00:08  -  Total Remote Usage
		Usr 0 00:00:00, Sys 0 00:00:00  -  Total Local Usage
	20339  -  Run Bytes Sent By Job
	229  -  Run Bytes Received By Job
	20339  -  Total Bytes Sent By Job
	229  -  Total Bytes Received By Job
	Partitionable Resources :    Usage  Request Allocated 
	   Cpus                 :     0.77        1         1 
	   Disk (KB)            :    65           1   2676875 
	   Memory (MB)          :  1652        2000      2000 

	Job terminated of its own accord at 2024-10-21T04:14:54Z with exit-code 0.
...
