000 (15556765.020.000) 10/21 05:59:05 Job submitted from host: <188.184.90.241:9618?addrs=188.184.90.241-9618+[2001-1458-201-e4--100-2eb]-9618&alias=bigbird15.cern.ch&noUDP&sock=schedd_25064_65d2>
...
040 (15556765.020.000) 10/21 05:59:54 Started transferring input files
	Transferring to host: <188.185.193.56:9618?addrs=188.185.193.56-9618+[2001-1458-303-20--100-34]-9618&alias=b9p19p7015.cern.ch&noUDP&sock=slot1_4_7707_0752_4318>
...
040 (15556765.020.000) 10/21 05:59:54 Finished transferring input files
...
001 (15556765.020.000) 10/21 05:59:55 Job executing on host: <188.185.193.56:9618?addrs=188.185.193.56-9618+[2001-1458-303-20--100-34]-9618&alias=b9p19p7015.cern.ch&noUDP&sock=startd_7047_3bfd>
	SlotName: slot1_4@b9p19p7015.cern.ch
	CondorScratchDir = "/pool/condor/dir_534593"
	Cpus = 1
	Disk = 3885
	GPUs = 0
	Memory = 2000
...
006 (15556765.020.000) 10/21 06:00:04 Image size of job updated: 621788
	608  -  MemoryUsage of job (MB)
	621788  -  ResidentSetSize of job (KB)
...
006 (15556765.020.000) 10/21 06:03:02 Image size of job updated: 946224
	925  -  MemoryUsage of job (MB)
	946224  -  ResidentSetSize of job (KB)
...
040 (15556765.020.000) 10/21 06:03:02 Started transferring output files
...
040 (15556765.020.000) 10/21 06:03:02 Finished transferring output files
...
005 (15556765.020.000) 10/21 06:03:02 Job terminated.
	(1) Normal termination (return value 0)
		Usr 0 00:02:44, Sys 0 00:00:07  -  Run Remote Usage
		Usr 0 00:00:00, Sys 0 00:00:00  -  Run Local Usage
		Usr 0 00:02:44, Sys 0 00:00:07  -  Total Remote Usage
		Usr 0 00:00:00, Sys 0 00:00:00  -  Total Local Usage
	2540  -  Run Bytes Sent By Job
	229  -  Run Bytes Received By Job
	2540  -  Total Bytes Sent By Job
	229  -  Total Bytes Received By Job
	Partitionable Resources :    Usage  Request Allocated 
	   Cpus                 :        0        1         1 
	   Disk (KB)            :       44        1      3885 
	   GPUs                 :                           0 
	   Memory (MB)          :      925     2000      2000 

	Job terminated of its own accord at 2024-10-21T04:03:02Z with exit-code 0.
...
000 (15556766.020.000) 10/21 07:29:07 Job submitted from host: <188.184.90.241:9618?addrs=188.184.90.241-9618+[2001-1458-201-e4--100-2eb]-9618&alias=bigbird15.cern.ch&noUDP&sock=schedd_25064_65d2>
...
040 (15556766.020.000) 10/21 07:30:02 Started transferring input files
	Transferring to host: <188.185.196.163:9618?addrs=188.185.196.163-9618+[2001-1458-303-23--100-9f]-9618&alias=b9p16p9935.cern.ch&noUDP&sock=slot1_2_7793_9f96_12107>
...
040 (15556766.020.000) 10/21 07:30:02 Finished transferring input files
...
001 (15556766.020.000) 10/21 07:30:03 Job executing on host: <188.185.196.163:9618?addrs=188.185.196.163-9618+[2001-1458-303-23--100-9f]-9618&alias=b9p16p9935.cern.ch&noUDP&sock=startd_6592_2465>
	SlotName: slot1_2@b9p16p9935.cern.ch
	CondorScratchDir = "/pool/condor/dir_1988881"
	Cpus = 1
	Disk = 2963891
	Memory = 2000
...
006 (15556766.020.000) 10/21 07:30:11 Image size of job updated: 186640
	182  -  MemoryUsage of job (MB)
	185876  -  ResidentSetSize of job (KB)
...
006 (15556766.020.000) 10/21 07:35:11 Image size of job updated: 1069392
	1011  -  MemoryUsage of job (MB)
	1034256  -  ResidentSetSize of job (KB)
...
040 (15556766.020.000) 10/21 07:50:12 Started transferring output files
...
040 (15556766.020.000) 10/21 07:50:12 Finished transferring output files
...
009 (15556766.020.000) 10/21 07:50:12 Job was aborted.
	Job removed by SYSTEM_PERIODIC_REMOVE due to wall time exceeded allowed max.
...
