000 (15556765.322.000) 10/21 05:59:05 Job submitted from host: <188.184.90.241:9618?addrs=188.184.90.241-9618+[2001-1458-201-e4--100-2eb]-9618&alias=bigbird15.cern.ch&noUDP&sock=schedd_25064_65d2>
...
040 (15556765.322.000) 10/21 06:01:41 Started transferring input files
	Transferring to host: <188.185.193.165:9618?addrs=188.185.193.165-9618&alias=b9p19p8780.cern.ch&noUDP&sock=slot1_20_2628428_0dfd_53259>
...
040 (15556765.322.000) 10/21 06:01:41 Finished transferring input files
...
001 (15556765.322.000) 10/21 06:01:42 Job executing on host: <188.185.193.165:9618?addrs=188.185.193.165-9618&alias=b9p19p8780.cern.ch&noUDP&sock=startd_2969322_7e2c>
	SlotName: slot1_20@b9p19p8780.cern.ch
	CondorScratchDir = "/pool/condor/dir_2783640"
	Cpus = 1
	Disk = 2860136
	Memory = 2000
...
006 (15556765.322.000) 10/21 06:01:51 Image size of job updated: 223680
	219  -  MemoryUsage of job (MB)
	223304  -  ResidentSetSize of job (KB)
...
006 (15556765.322.000) 10/21 06:06:52 Image size of job updated: 891204
	865  -  MemoryUsage of job (MB)
	884876  -  ResidentSetSize of job (KB)
...
040 (15556765.322.000) 10/21 06:10:47 Started transferring output files
...
040 (15556765.322.000) 10/21 06:10:47 Finished transferring output files
...
005 (15556765.322.000) 10/21 06:10:47 Job terminated.
	(1) Normal termination (return value 0)
		Usr 0 00:07:41, Sys 0 00:00:06  -  Run Remote Usage
		Usr 0 00:00:00, Sys 0 00:00:00  -  Run Local Usage
		Usr 0 00:07:41, Sys 0 00:00:06  -  Total Remote Usage
		Usr 0 00:00:00, Sys 0 00:00:00  -  Total Local Usage
	13616  -  Run Bytes Sent By Job
	229  -  Run Bytes Received By Job
	13616  -  Total Bytes Sent By Job
	229  -  Total Bytes Received By Job
	Partitionable Resources :    Usage  Request Allocated 
	   Cpus                 :     0.94        1         1 
	   Disk (KB)            :    54           1   2860136 
	   Memory (MB)          :   865        2000      2000 

	Job terminated of its own accord at 2024-10-21T04:10:46Z with exit-code 0.
...
