000 (15556765.370.000) 10/21 05:59:06 Job submitted from host: <188.184.90.241:9618?addrs=188.184.90.241-9618+[2001-1458-201-e4--100-2eb]-9618&alias=bigbird15.cern.ch&noUDP&sock=schedd_25064_65d2>
...
040 (15556765.370.000) 10/21 06:01:56 Started transferring input files
	Transferring to host: <188.185.207.139:9618?addrs=188.185.207.139-9618+[2001-1458-303-e--100-8]-9618&alias=b9p08p1203.cern.ch&noUDP&sock=slot1_21_64850_7106_192255>
...
040 (15556765.370.000) 10/21 06:01:56 Finished transferring input files
...
001 (15556765.370.000) 10/21 06:01:57 Job executing on host: <188.185.207.139:9618?addrs=188.185.207.139-9618+[2001-1458-303-e--100-8]-9618&alias=b9p08p1203.cern.ch&noUDP&sock=startd_3519_51dc>
	SlotName: slot1_21@b9p08p1203.cern.ch
	CondorScratchDir = "/pool/condor/dir_2378410"
	Cpus = 1
	Disk = 2601254
	Memory = 2000
...
006 (15556765.370.000) 10/21 06:02:05 Image size of job updated: 148524
	144  -  MemoryUsage of job (MB)
	146604  -  ResidentSetSize of job (KB)
...
006 (15556765.370.000) 10/21 06:06:19 Image size of job updated: 756412
	144  -  MemoryUsage of job (MB)
	146604  -  ResidentSetSize of job (KB)
...
040 (15556765.370.000) 10/21 06:06:19 Started transferring output files
...
040 (15556765.370.000) 10/21 06:06:19 Finished transferring output files
...
005 (15556765.370.000) 10/21 06:06:19 Job terminated.
	(1) Normal termination (return value 0)
		Usr 0 00:03:18, Sys 0 00:00:07  -  Run Remote Usage
		Usr 0 00:00:00, Sys 0 00:00:00  -  Run Local Usage
		Usr 0 00:03:18, Sys 0 00:00:07  -  Total Remote Usage
		Usr 0 00:00:00, Sys 0 00:00:00  -  Total Local Usage
	10824  -  Run Bytes Sent By Job
	229  -  Run Bytes Received By Job
	10824  -  Total Bytes Sent By Job
	229  -  Total Bytes Received By Job
	Partitionable Resources :    Usage  Request Allocated 
	   Cpus                 :        0        1         1 
	   Disk (KB)            :       55        1   2601254 
	   Memory (MB)          :      144     2000      2000 

	Job terminated of its own accord at 2024-10-21T04:06:19Z with exit-code 0.
...
