000 (15556765.579.000) 10/21 05:59:06 Job submitted from host: <188.184.90.241:9618?addrs=188.184.90.241-9618+[2001-1458-201-e4--100-2eb]-9618&alias=bigbird15.cern.ch&noUDP&sock=schedd_25064_65d2>
...
040 (15556765.579.000) 10/21 06:06:06 Started transferring input files
	Transferring to host: <128.142.161.147:9618?addrs=128.142.161.147-9618+[2001-1458-301-b9--100-10]-9618&alias=b9g03p5707.cern.ch&noUDP&sock=slot1_4_6326_fd3a_3663>
...
040 (15556765.579.000) 10/21 06:06:06 Finished transferring input files
...
001 (15556765.579.000) 10/21 06:06:07 Job executing on host: <128.142.161.147:9618?addrs=128.142.161.147-9618+[2001-1458-301-b9--100-10]-9618&alias=b9g03p5707.cern.ch&noUDP&sock=startd_5521_8677>
	SlotName: slot1_4@b9g03p5707.cern.ch
	CondorScratchDir = "/pool/condor/dir_1124563"
	Cpus = 1
	Disk = 3944
	GPUs = 0
	Memory = 2000
...
006 (15556765.579.000) 10/21 06:06:16 Image size of job updated: 422612
	413  -  MemoryUsage of job (MB)
	422612  -  ResidentSetSize of job (KB)
...
006 (15556765.579.000) 10/21 06:11:17 Image size of job updated: 2340620
	2286  -  MemoryUsage of job (MB)
	2340620  -  ResidentSetSize of job (KB)
...
006 (15556765.579.000) 10/21 06:16:17 Image size of job updated: 2350196
	2296  -  MemoryUsage of job (MB)
	2350196  -  ResidentSetSize of job (KB)
...
040 (15556765.579.000) 10/21 06:22:48 Started transferring output files
...
040 (15556765.579.000) 10/21 06:22:48 Finished transferring output files
...
005 (15556765.579.000) 10/21 06:22:48 Job terminated.
	(1) Normal termination (return value 0)
		Usr 0 00:14:44, Sys 0 00:00:08  -  Run Remote Usage
		Usr 0 00:00:00, Sys 0 00:00:00  -  Run Local Usage
		Usr 0 00:14:44, Sys 0 00:00:08  -  Total Remote Usage
		Usr 0 00:00:00, Sys 0 00:00:00  -  Total Local Usage
	26074  -  Run Bytes Sent By Job
	229  -  Run Bytes Received By Job
	26074  -  Total Bytes Sent By Job
	229  -  Total Bytes Received By Job
	Partitionable Resources :    Usage  Request Allocated 
	   Cpus                 :     0.92        1         1 
	   Disk (KB)            :    67           1      3944 
	   GPUs                 :                           0 
	   Memory (MB)          :  2296        2000      2000 

	Job terminated of its own accord at 2024-10-21T04:22:47Z with exit-code 0.
...
