000 (15556765.213.000) 10/21 05:59:05 Job submitted from host: <188.184.90.241:9618?addrs=188.184.90.241-9618+[2001-1458-201-e4--100-2eb]-9618&alias=bigbird15.cern.ch&noUDP&sock=schedd_25064_65d2>
...
040 (15556765.213.000) 10/21 06:01:14 Started transferring input files
	Transferring to host: <188.185.194.49:9618?addrs=188.185.194.49-9618+[2001-1458-303-21--100-2d]-9618&alias=b9p20p4971.cern.ch&noUDP&sock=slot1_24_1853588_2de9_23765>
...
040 (15556765.213.000) 10/21 06:01:14 Finished transferring input files
...
001 (15556765.213.000) 10/21 06:01:16 Job executing on host: <188.185.194.49:9618?addrs=188.185.194.49-9618+[2001-1458-303-21--100-2d]-9618&alias=b9p20p4971.cern.ch&noUDP&sock=startd_5253_b315>
	SlotName: slot1_24@b9p20p4971.cern.ch
	CondorScratchDir = "/pool/condor/dir_2037810"
	Cpus = 1
	Disk = 2874490
	Memory = 2000
...
006 (15556765.213.000) 10/21 06:01:24 Image size of job updated: 175860
	170  -  MemoryUsage of job (MB)
	173720  -  ResidentSetSize of job (KB)
...
006 (15556765.213.000) 10/21 06:06:24 Image size of job updated: 965384
	940  -  MemoryUsage of job (MB)
	961916  -  ResidentSetSize of job (KB)
...
006 (15556765.213.000) 10/21 06:11:24 Image size of job updated: 967828
	940  -  MemoryUsage of job (MB)
	961988  -  ResidentSetSize of job (KB)
...
006 (15556765.213.000) 10/21 06:16:25 Image size of job updated: 967828
	940  -  MemoryUsage of job (MB)
	962300  -  ResidentSetSize of job (KB)
...
040 (15556765.213.000) 10/21 06:21:25 Started transferring output files
...
040 (15556765.213.000) 10/21 06:21:25 Finished transferring output files
...
009 (15556765.213.000) 10/21 06:21:25 Job was aborted.
	Job removed by SYSTEM_PERIODIC_REMOVE due to wall time exceeded allowed max.
...
