000 (15556765.124.000) 10/21 05:59:05 Job submitted from host: <188.184.90.241:9618?addrs=188.184.90.241-9618+[2001-1458-201-e4--100-2eb]-9618&alias=bigbird15.cern.ch&noUDP&sock=schedd_25064_65d2>
...
040 (15556765.124.000) 10/21 06:00:28 Started transferring input files
	Transferring to host: <188.185.194.13:9618?addrs=188.185.194.13-9618+[2001-1458-303-21--100-9]-9618&alias=b9p20p8620.cern.ch&noUDP&sock=slot1_6_7439_32c8_3384>
...
040 (15556765.124.000) 10/21 06:00:28 Finished transferring input files
...
001 (15556765.124.000) 10/21 06:00:30 Job executing on host: <188.185.194.13:9618?addrs=188.185.194.13-9618+[2001-1458-303-21--100-9]-9618&alias=b9p20p8620.cern.ch&noUDP&sock=startd_6536_bb18>
	SlotName: slot1_6@b9p20p8620.cern.ch
	CondorScratchDir = "/pool/condor/dir_3499368"
	Cpus = 1
	Disk = 3765
	GPUs = 0
	Memory = 2000
...
006 (15556765.124.000) 10/21 06:00:38 Image size of job updated: 146640
	144  -  MemoryUsage of job (MB)
	146640  -  ResidentSetSize of job (KB)
...
006 (15556765.124.000) 10/21 06:05:38 Image size of job updated: 1792960
	1751  -  MemoryUsage of job (MB)
	1792960  -  ResidentSetSize of job (KB)
...
006 (15556765.124.000) 10/21 06:10:38 Image size of job updated: 1793204
	1752  -  MemoryUsage of job (MB)
	1793204  -  ResidentSetSize of job (KB)
...
006 (15556765.124.000) 10/21 06:15:39 Image size of job updated: 1793252
	1752  -  MemoryUsage of job (MB)
	1793252  -  ResidentSetSize of job (KB)
...
040 (15556765.124.000) 10/21 06:20:39 Started transferring output files
...
040 (15556765.124.000) 10/21 06:20:39 Finished transferring output files
...
009 (15556765.124.000) 10/21 06:20:39 Job was aborted.
	Job removed by SYSTEM_PERIODIC_REMOVE due to wall time exceeded allowed max.
...
