000 (15556765.539.000) 10/21 05:59:06 Job submitted from host: <188.184.90.241:9618?addrs=188.184.90.241-9618+[2001-1458-201-e4--100-2eb]-9618&alias=bigbird15.cern.ch&noUDP&sock=schedd_25064_65d2>
...
040 (15556765.539.000) 10/21 06:05:52 Started transferring input files
	Transferring to host: <128.142.161.92:9618?addrs=128.142.161.92-9618+[2001-1458-301-b8--100-1a]-9618&alias=b9g03p4168.cern.ch&noUDP&sock=slot1_19_3303_031f_2960>
...
040 (15556765.539.000) 10/21 06:05:52 Finished transferring input files
...
001 (15556765.539.000) 10/21 06:05:53 Job executing on host: <128.142.161.92:9618?addrs=128.142.161.92-9618+[2001-1458-301-b8--100-1a]-9618&alias=b9g03p4168.cern.ch&noUDP&sock=startd_3259_fb3d>
	SlotName: slot1_19@b9g03p4168.cern.ch
	CondorScratchDir = "/pool/condor/dir_1095827"
	Cpus = 1
	Disk = 3996
	GPUs = 0
	Memory = 2000
...
006 (15556765.539.000) 10/21 06:06:02 Image size of job updated: 596640
	583  -  MemoryUsage of job (MB)
	596640  -  ResidentSetSize of job (KB)
...
006 (15556765.539.000) 10/21 06:11:03 Image size of job updated: 2041828
	1994  -  MemoryUsage of job (MB)
	2041828  -  ResidentSetSize of job (KB)
...
006 (15556765.539.000) 10/21 06:16:03 Image size of job updated: 2050568
	2003  -  MemoryUsage of job (MB)
	2050568  -  ResidentSetSize of job (KB)
...
040 (15556765.539.000) 10/21 06:19:41 Started transferring output files
...
040 (15556765.539.000) 10/21 06:19:41 Finished transferring output files
...
005 (15556765.539.000) 10/21 06:19:41 Job terminated.
	(1) Normal termination (return value 0)
		Usr 0 00:12:05, Sys 0 00:00:06  -  Run Remote Usage
		Usr 0 00:00:00, Sys 0 00:00:00  -  Run Local Usage
		Usr 0 00:12:05, Sys 0 00:00:06  -  Total Remote Usage
		Usr 0 00:00:00, Sys 0 00:00:00  -  Total Local Usage
	23911  -  Run Bytes Sent By Job
	229  -  Run Bytes Received By Job
	23911  -  Total Bytes Sent By Job
	229  -  Total Bytes Received By Job
	Partitionable Resources :    Usage  Request Allocated 
	   Cpus                 :     0.95        1         1 
	   Disk (KB)            :    65           1      3996 
	   GPUs                 :                           0 
	   Memory (MB)          :  2003        2000      2000 

	Job terminated of its own accord at 2024-10-21T04:19:41Z with exit-code 0.
...
