000 (15556765.594.000) 10/21 05:59:06 Job submitted from host: <188.184.90.241:9618?addrs=188.184.90.241-9618+[2001-1458-201-e4--100-2eb]-9618&alias=bigbird15.cern.ch&noUDP&sock=schedd_25064_65d2>
...
040 (15556765.594.000) 10/21 06:06:11 Started transferring input files
	Transferring to host: <188.185.193.89:9618?addrs=188.185.193.89-9618+[2001-1458-303-20--100-55]-9618&alias=b9p19p9121.cern.ch&noUDP&sock=slot1_21_1762994_82c5_77441>
...
040 (15556765.594.000) 10/21 06:06:11 Finished transferring input files
...
001 (15556765.594.000) 10/21 06:06:12 Job executing on host: <188.185.193.89:9618?addrs=188.185.193.89-9618+[2001-1458-303-20--100-55]-9618&alias=b9p19p9121.cern.ch&noUDP&sock=startd_128689_8751>
	SlotName: slot1_21@b9p19p9121.cern.ch
	CondorScratchDir = "/pool/condor/dir_3671773"
	Cpus = 1
	Disk = 2944927
	Memory = 2000
...
006 (15556765.594.000) 10/21 06:06:21 Image size of job updated: 2344
	2  -  MemoryUsage of job (MB)
	1944  -  ResidentSetSize of job (KB)
...
006 (15556765.594.000) 10/21 06:11:22 Image size of job updated: 1702628
	1660  -  MemoryUsage of job (MB)
	1699420  -  ResidentSetSize of job (KB)
...
006 (15556765.594.000) 10/21 06:16:23 Image size of job updated: 1715392
	1673  -  MemoryUsage of job (MB)
	1712772  -  ResidentSetSize of job (KB)
...
006 (15556765.594.000) 10/21 06:21:21 Image size of job updated: 1716852
	1673  -  MemoryUsage of job (MB)
	1712772  -  ResidentSetSize of job (KB)
...
040 (15556765.594.000) 10/21 06:21:21 Started transferring output files
...
040 (15556765.594.000) 10/21 06:21:21 Finished transferring output files
...
005 (15556765.594.000) 10/21 06:21:21 Job terminated.
	(1) Normal termination (return value 0)
		Usr 0 00:12:55, Sys 0 00:00:05  -  Run Remote Usage
		Usr 0 00:00:00, Sys 0 00:00:00  -  Run Local Usage
		Usr 0 00:12:55, Sys 0 00:00:05  -  Total Remote Usage
		Usr 0 00:00:00, Sys 0 00:00:00  -  Total Local Usage
	34625  -  Run Bytes Sent By Job
	229  -  Run Bytes Received By Job
	34625  -  Total Bytes Sent By Job
	229  -  Total Bytes Received By Job
	Partitionable Resources :    Usage  Request Allocated 
	   Cpus                 :     0.95        1         1 
	   Disk (KB)            :    75           1   2944927 
	   Memory (MB)          :  1673        2000      2000 

	Job terminated of its own accord at 2024-10-21T04:21:21Z with exit-code 0.
...
