000 (15556765.116.000) 10/21 05:59:05 Job submitted from host: <188.184.90.241:9618?addrs=188.184.90.241-9618+[2001-1458-201-e4--100-2eb]-9618&alias=bigbird15.cern.ch&noUDP&sock=schedd_25064_65d2>
...
040 (15556765.116.000) 10/21 06:00:25 Started transferring input files
	Transferring to host: <188.185.207.139:9618?addrs=188.185.207.139-9618+[2001-1458-303-e--100-8]-9618&alias=b9p08p1203.cern.ch&noUDP&sock=slot1_7_64850_7106_192253>
...
040 (15556765.116.000) 10/21 06:00:26 Finished transferring input files
...
001 (15556765.116.000) 10/21 06:00:26 Job executing on host: <188.185.207.139:9618?addrs=188.185.207.139-9618+[2001-1458-303-e--100-8]-9618&alias=b9p08p1203.cern.ch&noUDP&sock=startd_3519_51dc>
	SlotName: slot1_7@b9p08p1203.cern.ch
	CondorScratchDir = "/pool/condor/dir_2371398"
	Cpus = 1
	Disk = 2599697
	Memory = 2000
...
006 (15556765.116.000) 10/21 06:00:35 Image size of job updated: 149696
	146  -  MemoryUsage of job (MB)
	149124  -  ResidentSetSize of job (KB)
...
006 (15556765.116.000) 10/21 06:05:36 Image size of job updated: 1026048
	1002  -  MemoryUsage of job (MB)
	1025440  -  ResidentSetSize of job (KB)
...
006 (15556765.116.000) 10/21 06:06:00 Image size of job updated: 1028372
	1002  -  MemoryUsage of job (MB)
	1025440  -  ResidentSetSize of job (KB)
...
040 (15556765.116.000) 10/21 06:06:00 Started transferring output files
...
040 (15556765.116.000) 10/21 06:06:00 Finished transferring output files
...
005 (15556765.116.000) 10/21 06:06:00 Job terminated.
	(1) Normal termination (return value 0)
		Usr 0 00:02:33, Sys 0 00:00:07  -  Run Remote Usage
		Usr 0 00:00:00, Sys 0 00:00:00  -  Run Local Usage
		Usr 0 00:02:33, Sys 0 00:00:07  -  Total Remote Usage
		Usr 0 00:00:00, Sys 0 00:00:00  -  Total Local Usage
	4539  -  Run Bytes Sent By Job
	229  -  Run Bytes Received By Job
	4539  -  Total Bytes Sent By Job
	229  -  Total Bytes Received By Job
	Partitionable Resources :    Usage  Request Allocated 
	   Cpus                 :        0        1         1 
	   Disk (KB)            :       49        1   2599697 
	   Memory (MB)          :     1002     2000      2000 

	Job terminated of its own accord at 2024-10-21T04:06:00Z with exit-code 0.
...
000 (15556766.116.000) 10/21 07:29:12 Job submitted from host: <188.184.90.241:9618?addrs=188.184.90.241-9618+[2001-1458-201-e4--100-2eb]-9618&alias=bigbird15.cern.ch&noUDP&sock=schedd_25064_65d2>
...
040 (15556766.116.000) 10/21 07:30:34 Started transferring input files
	Transferring to host: <128.142.131.29:9618?addrs=128.142.131.29-9618+[2001-1458-301-59--100-11]-9618&alias=b9g11p2807.cern.ch&noUDP&sock=slot1_31_2377220_4b16_55316>
...
040 (15556766.116.000) 10/21 07:30:34 Finished transferring input files
...
001 (15556766.116.000) 10/21 07:30:35 Job executing on host: <128.142.131.29:9618?addrs=128.142.131.29-9618+[2001-1458-301-59--100-11]-9618&alias=b9g11p2807.cern.ch&noUDP&sock=startd_2629_da92>
	SlotName: slot1_31@b9g11p2807.cern.ch
	CondorScratchDir = "/pool/condor/dir_187892"
	Cpus = 1
	Disk = 1785425
	Memory = 2000
...
006 (15556766.116.000) 10/21 07:30:44 Image size of job updated: 150392
	147  -  MemoryUsage of job (MB)
	150392  -  ResidentSetSize of job (KB)
...
006 (15556766.116.000) 10/21 07:35:45 Image size of job updated: 999076
	976  -  MemoryUsage of job (MB)
	999076  -  ResidentSetSize of job (KB)
...
006 (15556766.116.000) 10/21 07:40:45 Image size of job updated: 1002688
	980  -  MemoryUsage of job (MB)
	1002688  -  ResidentSetSize of job (KB)
...
040 (15556766.116.000) 10/21 07:50:38 Started transferring output files
...
040 (15556766.116.000) 10/21 07:50:38 Finished transferring output files
...
009 (15556766.116.000) 10/21 07:50:38 Job was aborted.
	Job removed by SYSTEM_PERIODIC_REMOVE due to wall time exceeded allowed max.

	Job terminated by itself at 2024-10-21T05:50:38Z (using method 0: OF_ITS_OWN_ACCORD).
...
