000 (15556765.531.000) 10/21 05:59:06 Job submitted from host: <188.184.90.241:9618?addrs=188.184.90.241-9618+[2001-1458-201-e4--100-2eb]-9618&alias=bigbird15.cern.ch&noUDP&sock=schedd_25064_65d2>
...
040 (15556765.531.000) 10/21 06:05:48 Started transferring input files
	Transferring to host: <188.185.192.76:9618?addrs=188.185.192.76-9618+[2001-1458-303-1f--100-48]-9618&alias=b9p13p8750.cern.ch&noUDP&sock=slot1_14_303488_802e_75095>
...
040 (15556765.531.000) 10/21 06:05:48 Finished transferring input files
...
001 (15556765.531.000) 10/21 06:05:49 Job executing on host: <188.185.192.76:9618?addrs=188.185.192.76-9618+[2001-1458-303-1f--100-48]-9618&alias=b9p13p8750.cern.ch&noUDP&sock=startd_127986_543d>
	SlotName: slot1_14@b9p13p8750.cern.ch
	CondorScratchDir = "/pool/condor/dir_2685871"
	Cpus = 1
	Disk = 2964352
	Memory = 2000
...
006 (15556765.531.000) 10/21 06:05:57 Image size of job updated: 164916
	162  -  MemoryUsage of job (MB)
	164892  -  ResidentSetSize of job (KB)
...
006 (15556765.531.000) 10/21 06:10:57 Image size of job updated: 751876
	732  -  MemoryUsage of job (MB)
	748560  -  ResidentSetSize of job (KB)
...
006 (15556765.531.000) 10/21 06:15:58 Image size of job updated: 752204
	732  -  MemoryUsage of job (MB)
	749308  -  ResidentSetSize of job (KB)
...
006 (15556765.531.000) 10/21 06:20:59 Image size of job updated: 763872
	742  -  MemoryUsage of job (MB)
	759416  -  ResidentSetSize of job (KB)
...
040 (15556765.531.000) 10/21 06:22:12 Started transferring output files
...
040 (15556765.531.000) 10/21 06:22:12 Finished transferring output files
...
005 (15556765.531.000) 10/21 06:22:12 Job terminated.
	(1) Normal termination (return value 0)
		Usr 0 00:14:45, Sys 0 00:00:05  -  Run Remote Usage
		Usr 0 00:00:00, Sys 0 00:00:00  -  Run Local Usage
		Usr 0 00:14:45, Sys 0 00:00:05  -  Total Remote Usage
		Usr 0 00:00:00, Sys 0 00:00:00  -  Total Local Usage
	26950  -  Run Bytes Sent By Job
	229  -  Run Bytes Received By Job
	26950  -  Total Bytes Sent By Job
	229  -  Total Bytes Received By Job
	Partitionable Resources :    Usage  Request Allocated 
	   Cpus                 :     0.94        1         1 
	   Disk (KB)            :    68           1   2964352 
	   Memory (MB)          :   742        2000      2000 

	Job terminated of its own accord at 2024-10-21T04:22:12Z with exit-code 0.
...
