000 (15556765.540.000) 10/21 05:59:06 Job submitted from host: <188.184.90.241:9618?addrs=188.184.90.241-9618+[2001-1458-201-e4--100-2eb]-9618&alias=bigbird15.cern.ch&noUDP&sock=schedd_25064_65d2>
...
040 (15556765.540.000) 10/21 06:05:51 Started transferring input files
	Transferring to host: <188.185.195.97:9618?addrs=188.185.195.97-9618+[2001-1458-303-22--100-5d]-9618&alias=b9p17p6795.cern.ch&noUDP&sock=slot1_21_6439_9b9f_3110>
...
040 (15556765.540.000) 10/21 06:05:51 Finished transferring input files
...
001 (15556765.540.000) 10/21 06:05:52 Job executing on host: <188.185.195.97:9618?addrs=188.185.195.97-9618+[2001-1458-303-22--100-5d]-9618&alias=b9p17p6795.cern.ch&noUDP&sock=startd_5256_c1de>
	SlotName: slot1_21@b9p17p6795.cern.ch
	CondorScratchDir = "/pool/condor/dir_1718680"
	Cpus = 1
	Disk = 3812
	GPUs = 0
	Memory = 2000
...
006 (15556765.540.000) 10/21 06:06:01 Image size of job updated: 211336
	207  -  MemoryUsage of job (MB)
	211336  -  ResidentSetSize of job (KB)
...
006 (15556765.540.000) 10/21 06:11:02 Image size of job updated: 750300
	733  -  MemoryUsage of job (MB)
	750300  -  ResidentSetSize of job (KB)
...
006 (15556765.540.000) 10/21 06:16:02 Image size of job updated: 760840
	744  -  MemoryUsage of job (MB)
	760840  -  ResidentSetSize of job (KB)
...
040 (15556765.540.000) 10/21 06:19:45 Started transferring output files
...
040 (15556765.540.000) 10/21 06:19:45 Finished transferring output files
...
005 (15556765.540.000) 10/21 06:19:45 Job terminated.
	(1) Normal termination (return value 0)
		Usr 0 00:12:05, Sys 0 00:00:06  -  Run Remote Usage
		Usr 0 00:00:00, Sys 0 00:00:00  -  Run Local Usage
		Usr 0 00:12:05, Sys 0 00:00:06  -  Total Remote Usage
		Usr 0 00:00:00, Sys 0 00:00:00  -  Total Local Usage
	24556  -  Run Bytes Sent By Job
	229  -  Run Bytes Received By Job
	24556  -  Total Bytes Sent By Job
	229  -  Total Bytes Received By Job
	Partitionable Resources :    Usage  Request Allocated 
	   Cpus                 :     0.85        1         1 
	   Disk (KB)            :    66           1      3812 
	   GPUs                 :                           0 
	   Memory (MB)          :   744        2000      2000 

	Job terminated of its own accord at 2024-10-21T04:19:45Z with exit-code 0.
...
