000 (15556765.375.000) 10/21 05:59:06 Job submitted from host: <188.184.90.241:9618?addrs=188.184.90.241-9618+[2001-1458-201-e4--100-2eb]-9618&alias=bigbird15.cern.ch&noUDP&sock=schedd_25064_65d2>
...
040 (15556765.375.000) 10/21 06:01:58 Started transferring input files
	Transferring to host: <188.185.206.135:9618?addrs=188.185.206.135-9618+[2001-1458-303-c--100-4]-9618&alias=b9p06p6909.cern.ch&noUDP&sock=slot1_30_4501_1c90_140747>
...
040 (15556765.375.000) 10/21 06:01:58 Finished transferring input files
...
001 (15556765.375.000) 10/21 06:01:59 Job executing on host: <188.185.206.135:9618?addrs=188.185.206.135-9618+[2001-1458-303-c--100-4]-9618&alias=b9p06p6909.cern.ch&noUDP&sock=startd_3713_633c>
	SlotName: slot1_30@b9p06p6909.cern.ch
	CondorScratchDir = "/pool/condor/dir_4164786"
	Cpus = 1
	Disk = 2726122
	Memory = 2000
...
006 (15556765.375.000) 10/21 06:02:08 Image size of job updated: 192156
	188  -  MemoryUsage of job (MB)
	191928  -  ResidentSetSize of job (KB)
...
006 (15556765.375.000) 10/21 06:07:09 Image size of job updated: 752464
	735  -  MemoryUsage of job (MB)
	751660  -  ResidentSetSize of job (KB)
...
006 (15556765.375.000) 10/21 06:09:58 Image size of job updated: 754860
	735  -  MemoryUsage of job (MB)
	751660  -  ResidentSetSize of job (KB)
...
040 (15556765.375.000) 10/21 06:09:58 Started transferring output files
...
040 (15556765.375.000) 10/21 06:09:58 Finished transferring output files
...
005 (15556765.375.000) 10/21 06:09:58 Job terminated.
	(1) Normal termination (return value 0)
		Usr 0 00:04:42, Sys 0 00:00:06  -  Run Remote Usage
		Usr 0 00:00:00, Sys 0 00:00:00  -  Run Local Usage
		Usr 0 00:04:42, Sys 0 00:00:06  -  Total Remote Usage
		Usr 0 00:00:00, Sys 0 00:00:00  -  Total Local Usage
	12313  -  Run Bytes Sent By Job
	229  -  Run Bytes Received By Job
	12313  -  Total Bytes Sent By Job
	229  -  Total Bytes Received By Job
	Partitionable Resources :    Usage  Request Allocated 
	   Cpus                 :     0.99        1         1 
	   Disk (KB)            :    53           1   2726122 
	   Memory (MB)          :   735        2000      2000 

	Job terminated of its own accord at 2024-10-21T04:09:58Z with exit-code 0.
...
