000 (15556765.130.000) 10/21 05:59:05 Job submitted from host: <188.184.90.241:9618?addrs=188.184.90.241-9618+[2001-1458-201-e4--100-2eb]-9618&alias=bigbird15.cern.ch&noUDP&sock=schedd_25064_65d2>
...
040 (15556765.130.000) 10/21 06:00:31 Started transferring input files
	Transferring to host: <128.142.161.98:9618?addrs=128.142.161.98-9618+[2001-1458-301-b8--100-20]-9618&alias=b9g03p9785.cern.ch&noUDP&sock=slot1_10_6703_9eaa_3401>
...
040 (15556765.130.000) 10/21 06:00:31 Finished transferring input files
...
001 (15556765.130.000) 10/21 06:00:32 Job executing on host: <128.142.161.98:9618?addrs=128.142.161.98-9618+[2001-1458-301-b8--100-20]-9618&alias=b9g03p9785.cern.ch&noUDP&sock=startd_5894_5f4a>
	SlotName: slot1_10@b9g03p9785.cern.ch
	CondorScratchDir = "/pool/condor/dir_566686"
	Cpus = 1
	Disk = 3932
	GPUs = 0
	Memory = 2000
...
006 (15556765.130.000) 10/21 06:00:40 Image size of job updated: 31744
	31  -  MemoryUsage of job (MB)
	31744  -  ResidentSetSize of job (KB)
...
006 (15556765.130.000) 10/21 06:05:40 Image size of job updated: 2634840
	2574  -  MemoryUsage of job (MB)
	2634840  -  ResidentSetSize of job (KB)
...
040 (15556765.130.000) 10/21 06:06:21 Started transferring output files
...
040 (15556765.130.000) 10/21 06:06:21 Finished transferring output files
...
005 (15556765.130.000) 10/21 06:06:21 Job terminated.
	(1) Normal termination (return value 0)
		Usr 0 00:04:36, Sys 0 00:00:06  -  Run Remote Usage
		Usr 0 00:00:00, Sys 0 00:00:00  -  Run Local Usage
		Usr 0 00:04:36, Sys 0 00:00:06  -  Total Remote Usage
		Usr 0 00:00:00, Sys 0 00:00:00  -  Total Local Usage
	5247  -  Run Bytes Sent By Job
	229  -  Run Bytes Received By Job
	5247  -  Total Bytes Sent By Job
	229  -  Total Bytes Received By Job
	Partitionable Resources :    Usage  Request Allocated 
	   Cpus                 :     0.25        1         1 
	   Disk (KB)            :    47           1      3932 
	   GPUs                 :                           0 
	   Memory (MB)          :  2574        2000      2000 

	Job terminated of its own accord at 2024-10-21T04:06:21Z with exit-code 0.
...
