000 (15556765.323.000) 10/21 05:59:05 Job submitted from host: <188.184.90.241:9618?addrs=188.184.90.241-9618+[2001-1458-201-e4--100-2eb]-9618&alias=bigbird15.cern.ch&noUDP&sock=schedd_25064_65d2>
...
040 (15556765.323.000) 10/21 06:01:41 Started transferring input files
	Transferring to host: <188.185.194.81:9618?addrs=188.185.194.81-9618+[2001-1458-303-21--100-4d]-9618&alias=b9p20p1066.cern.ch&noUDP&sock=slot1_14_3406984_3029_75568>
...
040 (15556765.323.000) 10/21 06:01:41 Finished transferring input files
...
001 (15556765.323.000) 10/21 06:01:42 Job executing on host: <188.185.194.81:9618?addrs=188.185.194.81-9618+[2001-1458-303-21--100-4d]-9618&alias=b9p20p1066.cern.ch&noUDP&sock=startd_128486_4997>
	SlotName: slot1_14@b9p20p1066.cern.ch
	CondorScratchDir = "/pool/condor/dir_3213471"
	Cpus = 1
	Disk = 3001403
	Memory = 2000
...
006 (15556765.323.000) 10/21 06:01:51 Image size of job updated: 270312
	264  -  MemoryUsage of job (MB)
	270308  -  ResidentSetSize of job (KB)
...
006 (15556765.323.000) 10/21 06:06:52 Image size of job updated: 758144
	264  -  MemoryUsage of job (MB)
	270308  -  ResidentSetSize of job (KB)
...
040 (15556765.323.000) 10/21 06:06:52 Started transferring output files
...
040 (15556765.323.000) 10/21 06:06:52 Finished transferring output files
...
005 (15556765.323.000) 10/21 06:06:52 Job terminated.
	(1) Normal termination (return value 0)
		Usr 0 00:02:27, Sys 0 00:00:03  -  Run Remote Usage
		Usr 0 00:00:00, Sys 0 00:00:00  -  Run Local Usage
		Usr 0 00:02:27, Sys 0 00:00:03  -  Total Remote Usage
		Usr 0 00:00:00, Sys 0 00:00:00  -  Total Local Usage
	7516  -  Run Bytes Sent By Job
	229  -  Run Bytes Received By Job
	7516  -  Total Bytes Sent By Job
	229  -  Total Bytes Received By Job
	Partitionable Resources :    Usage  Request Allocated 
	   Cpus                 :     0.73        1         1 
	   Disk (KB)            :    48           1   3001403 
	   Memory (MB)          :   264        2000      2000 

	Job terminated of its own accord at 2024-10-21T04:06:52Z with exit-code 0.
...
