000 (15556765.136.000) 10/21 05:59:05 Job submitted from host: <188.184.90.241:9618?addrs=188.184.90.241-9618+[2001-1458-201-e4--100-2eb]-9618&alias=bigbird15.cern.ch&noUDP&sock=schedd_25064_65d2>
...
040 (15556765.136.000) 10/21 06:00:32 Started transferring input files
	Transferring to host: <128.142.161.87:9618?addrs=128.142.161.87-9618+[2001-1458-301-b8--100-15]-9618&alias=b9g03p9590.cern.ch&noUDP&sock=slot1_11_6562_45c4_3371>
...
040 (15556765.136.000) 10/21 06:00:32 Finished transferring input files
...
001 (15556765.136.000) 10/21 06:00:33 Job executing on host: <128.142.161.87:9618?addrs=128.142.161.87-9618+[2001-1458-301-b8--100-15]-9618&alias=b9g03p9590.cern.ch&noUDP&sock=startd_5849_8187>
	SlotName: slot1_11@b9g03p9590.cern.ch
	CondorScratchDir = "/pool/condor/dir_518103"
	Cpus = 1
	Disk = 3957
	GPUs = 0
	Memory = 2000
...
006 (15556765.136.000) 10/21 06:00:42 Image size of job updated: 42596
	42  -  MemoryUsage of job (MB)
	42596  -  ResidentSetSize of job (KB)
...
006 (15556765.136.000) 10/21 06:05:22 Image size of job updated: 1392020
	1360  -  MemoryUsage of job (MB)
	1392020  -  ResidentSetSize of job (KB)
...
040 (15556765.136.000) 10/21 06:05:22 Started transferring output files
...
040 (15556765.136.000) 10/21 06:05:22 Finished transferring output files
...
005 (15556765.136.000) 10/21 06:05:22 Job terminated.
	(1) Normal termination (return value 0)
		Usr 0 00:03:15, Sys 0 00:00:06  -  Run Remote Usage
		Usr 0 00:00:00, Sys 0 00:00:00  -  Run Local Usage
		Usr 0 00:03:15, Sys 0 00:00:06  -  Total Remote Usage
		Usr 0 00:00:00, Sys 0 00:00:00  -  Total Local Usage
	3765  -  Run Bytes Sent By Job
	229  -  Run Bytes Received By Job
	3765  -  Total Bytes Sent By Job
	229  -  Total Bytes Received By Job
	Partitionable Resources :    Usage  Request Allocated 
	   Cpus                 :        0        1         1 
	   Disk (KB)            :       45        1      3957 
	   GPUs                 :                           0 
	   Memory (MB)          :     1360     2000      2000 

	Job terminated of its own accord at 2024-10-21T04:05:22Z with exit-code 0.
...
