000 (15556765.246.000) 10/21 05:59:05 Job submitted from host: <188.184.90.241:9618?addrs=188.184.90.241-9618+[2001-1458-201-e4--100-2eb]-9618&alias=bigbird15.cern.ch&noUDP&sock=schedd_25064_65d2>
...
040 (15556765.246.000) 10/21 06:01:12 Started transferring input files
	Transferring to host: <128.142.192.136:9618?addrs=128.142.192.136-9618+[2001-1458-301-56--100-4]-9618&alias=b9g18p1082.cern.ch&noUDP&sock=slot1_13_4218_b665_3878>
...
040 (15556765.246.000) 10/21 06:01:12 Finished transferring input files
...
001 (15556765.246.000) 10/21 06:01:14 Job executing on host: <128.142.192.136:9618?addrs=128.142.192.136-9618+[2001-1458-301-56--100-4]-9618&alias=b9g18p1082.cern.ch&noUDP&sock=startd_3197_745e>
	SlotName: slot1_13@b9g18p1082.cern.ch
	CondorScratchDir = "/pool/condor/dir_3444217"
	Cpus = 1
	Disk = 3747
	GPUs = 0
	Memory = 2000
...
006 (15556765.246.000) 10/21 06:01:23 Image size of job updated: 196768
	193  -  MemoryUsage of job (MB)
	196768  -  ResidentSetSize of job (KB)
...
006 (15556765.246.000) 10/21 06:06:24 Image size of job updated: 960344
	938  -  MemoryUsage of job (MB)
	960344  -  ResidentSetSize of job (KB)
...
006 (15556765.246.000) 10/21 06:11:25 Image size of job updated: 960552
	939  -  MemoryUsage of job (MB)
	960552  -  ResidentSetSize of job (KB)
...
006 (15556765.246.000) 10/21 06:16:25 Image size of job updated: 960916
	939  -  MemoryUsage of job (MB)
	960916  -  ResidentSetSize of job (KB)
...
040 (15556765.246.000) 10/21 06:21:25 Started transferring output files
...
040 (15556765.246.000) 10/21 06:21:25 Finished transferring output files
...
009 (15556765.246.000) 10/21 06:21:25 Job was aborted.
	Job removed by SYSTEM_PERIODIC_REMOVE due to wall time exceeded allowed max.
...
