000 (15556765.632.000) 10/21 05:59:06 Job submitted from host: <188.184.90.241:9618?addrs=188.184.90.241-9618+[2001-1458-201-e4--100-2eb]-9618&alias=bigbird15.cern.ch&noUDP&sock=schedd_25064_65d2>
...
040 (15556765.632.000) 10/21 06:06:26 Started transferring input files
	Transferring to host: <128.142.137.187:9618?addrs=128.142.137.187-9618+[2001-1458-301-5e--100-af]-9618&alias=b9g19p9406.cern.ch&noUDP&sock=slot1_29_2833_dacc_2809>
...
040 (15556765.632.000) 10/21 06:06:26 Finished transferring input files
...
001 (15556765.632.000) 10/21 06:06:27 Job executing on host: <128.142.137.187:9618?addrs=128.142.137.187-9618+[2001-1458-301-5e--100-af]-9618&alias=b9g19p9406.cern.ch&noUDP&sock=startd_2450_131f>
	SlotName: slot1_29@b9g19p9406.cern.ch
	CondorScratchDir = "/pool/condor/dir_865457"
	Cpus = 1
	Disk = 2735
	GPUs = 0
	Memory = 2000
...
006 (15556765.632.000) 10/21 06:06:36 Image size of job updated: 146228
	143  -  MemoryUsage of job (MB)
	146228  -  ResidentSetSize of job (KB)
...
006 (15556765.632.000) 10/21 06:11:37 Image size of job updated: 761464
	744  -  MemoryUsage of job (MB)
	761464  -  ResidentSetSize of job (KB)
...
040 (15556765.632.000) 10/21 06:16:07 Started transferring output files
...
040 (15556765.632.000) 10/21 06:16:07 Finished transferring output files
...
005 (15556765.632.000) 10/21 06:16:07 Job terminated.
	(1) Normal termination (return value 0)
		Usr 0 00:08:19, Sys 0 00:00:08  -  Run Remote Usage
		Usr 0 00:00:00, Sys 0 00:00:00  -  Run Local Usage
		Usr 0 00:08:19, Sys 0 00:00:08  -  Total Remote Usage
		Usr 0 00:00:00, Sys 0 00:00:00  -  Total Local Usage
	14682  -  Run Bytes Sent By Job
	229  -  Run Bytes Received By Job
	14682  -  Total Bytes Sent By Job
	229  -  Total Bytes Received By Job
	Partitionable Resources :    Usage  Request Allocated 
	   Cpus                 :     0.89        1         1 
	   Disk (KB)            :    56           1      2735 
	   GPUs                 :                           0 
	   Memory (MB)          :   744        2000      2000 

	Job terminated of its own accord at 2024-10-21T04:16:07Z with exit-code 0.
...
