000 (15556765.265.000) 10/21 05:59:05 Job submitted from host: <188.184.90.241:9618?addrs=188.184.90.241-9618+[2001-1458-201-e4--100-2eb]-9618&alias=bigbird15.cern.ch&noUDP&sock=schedd_25064_65d2>
...
040 (15556765.265.000) 10/21 06:01:19 Started transferring input files
	Transferring to host: <188.185.213.212:9618?addrs=188.185.213.212-9618+[2001-1458-303-1b--100-50]-9618&alias=b9p28p2314.cern.ch&noUDP&sock=slot1_10_4283_82c7_6046>
...
040 (15556765.265.000) 10/21 06:01:19 Finished transferring input files
...
001 (15556765.265.000) 10/21 06:01:21 Job executing on host: <188.185.213.212:9618?addrs=188.185.213.212-9618+[2001-1458-303-1b--100-50]-9618&alias=b9p28p2314.cern.ch&noUDP&sock=startd_3618_39bd>
	SlotName: slot1_10@b9p28p2314.cern.ch
	CondorScratchDir = "/pool/condor/dir_3207959"
	Cpus = 1
	Disk = 3801
	GPUs = 0
	Memory = 2000
...
006 (15556765.265.000) 10/21 06:01:29 Image size of job updated: 150376
	147  -  MemoryUsage of job (MB)
	150376  -  ResidentSetSize of job (KB)
...
006 (15556765.265.000) 10/21 06:06:29 Image size of job updated: 1100444
	1075  -  MemoryUsage of job (MB)
	1100444  -  ResidentSetSize of job (KB)
...
040 (15556765.265.000) 10/21 06:20:12 Started transferring output files
...
040 (15556765.265.000) 10/21 06:20:12 Finished transferring output files
...
005 (15556765.265.000) 10/21 06:20:12 Job terminated.
	(1) Normal termination (return value 0)
		Usr 0 00:14:05, Sys 0 00:00:13  -  Run Remote Usage
		Usr 0 00:00:00, Sys 0 00:00:00  -  Run Local Usage
		Usr 0 00:14:05, Sys 0 00:00:13  -  Total Remote Usage
		Usr 0 00:00:00, Sys 0 00:00:00  -  Total Local Usage
	21840  -  Run Bytes Sent By Job
	229  -  Run Bytes Received By Job
	21840  -  Total Bytes Sent By Job
	229  -  Total Bytes Received By Job
	Partitionable Resources :    Usage  Request Allocated 
	   Cpus                 :        0        1         1 
	   Disk (KB)            :       63        1      3801 
	   GPUs                 :                           0 
	   Memory (MB)          :     1075     2000      2000 

	Job terminated of its own accord at 2024-10-21T04:20:12Z with exit-code 0.
...
