000 (15556765.217.000) 10/21 05:59:05 Job submitted from host: <188.184.90.241:9618?addrs=188.184.90.241-9618+[2001-1458-201-e4--100-2eb]-9618&alias=bigbird15.cern.ch&noUDP&sock=schedd_25064_65d2>
...
040 (15556765.217.000) 10/21 06:00:59 Started transferring input files
	Transferring to host: <128.142.192.154:9618?addrs=128.142.192.154-9618+[2001-1458-301-56--100-16]-9618&alias=b9g18p4171.cern.ch&noUDP&sock=slot1_14_8367_0eed_148154>
...
040 (15556765.217.000) 10/21 06:00:59 Finished transferring input files
...
001 (15556765.217.000) 10/21 06:01:01 Job executing on host: <128.142.192.154:9618?addrs=128.142.192.154-9618+[2001-1458-301-56--100-16]-9618&alias=b9g18p4171.cern.ch&noUDP&sock=startd_8304_6e89>
	SlotName: slot1_14@b9g18p4171.cern.ch
	CondorScratchDir = "/pool/condor/dir_2222207"
	Cpus = 1
	Disk = 2987418
	Memory = 2000
...
006 (15556765.217.000) 10/21 06:01:09 Image size of job updated: 172376
	169  -  MemoryUsage of job (MB)
	172072  -  ResidentSetSize of job (KB)
...
006 (15556765.217.000) 10/21 06:06:09 Image size of job updated: 967500
	942  -  MemoryUsage of job (MB)
	964604  -  ResidentSetSize of job (KB)
...
006 (15556765.217.000) 10/21 06:11:10 Image size of job updated: 967500
	943  -  MemoryUsage of job (MB)
	964816  -  ResidentSetSize of job (KB)
...
006 (15556765.217.000) 10/21 06:16:11 Image size of job updated: 968000
	943  -  MemoryUsage of job (MB)
	964908  -  ResidentSetSize of job (KB)
...
006 (15556765.217.000) 10/21 06:21:11 Image size of job updated: 968192
	943  -  MemoryUsage of job (MB)
	965200  -  ResidentSetSize of job (KB)
...
040 (15556765.217.000) 10/21 06:21:11 Started transferring output files
...
040 (15556765.217.000) 10/21 06:21:11 Finished transferring output files
...
009 (15556765.217.000) 10/21 06:21:11 Job was aborted.
	Job removed by SYSTEM_PERIODIC_REMOVE due to wall time exceeded allowed max.
...
