000 (15556765.502.000) 10/21 05:59:06 Job submitted from host: <188.184.90.241:9618?addrs=188.184.90.241-9618+[2001-1458-201-e4--100-2eb]-9618&alias=bigbird15.cern.ch&noUDP&sock=schedd_25064_65d2>
...
040 (15556765.502.000) 10/21 06:05:39 Started transferring input files
	Transferring to host: <128.142.248.24:9618?addrs=128.142.248.24-9618+[2001-1458-301-73--100-108]-9618&alias=b9g23p8366.cern.ch&noUDP&sock=slot1_16_6414_fe3e_27770>
...
040 (15556765.502.000) 10/21 06:05:39 Finished transferring input files
...
001 (15556765.502.000) 10/21 06:05:40 Job executing on host: <128.142.248.24:9618?addrs=128.142.248.24-9618+[2001-1458-301-73--100-108]-9618&alias=b9g23p8366.cern.ch&noUDP&sock=startd_5687_6330>
	SlotName: slot1_16@b9g23p8366.cern.ch
	CondorScratchDir = "/pool/condor/dir_4072063"
	Cpus = 1
	Disk = 2940600
	Memory = 2000
...
006 (15556765.502.000) 10/21 06:05:49 Image size of job updated: 104652
	89  -  MemoryUsage of job (MB)
	90276  -  ResidentSetSize of job (KB)
...
006 (15556765.502.000) 10/21 06:10:50 Image size of job updated: 840776
	819  -  MemoryUsage of job (MB)
	838364  -  ResidentSetSize of job (KB)
...
040 (15556765.502.000) 10/21 06:13:42 Started transferring output files
...
040 (15556765.502.000) 10/21 06:13:42 Finished transferring output files
...
005 (15556765.502.000) 10/21 06:13:42 Job terminated.
	(1) Normal termination (return value 0)
		Usr 0 00:06:42, Sys 0 00:00:07  -  Run Remote Usage
		Usr 0 00:00:00, Sys 0 00:00:00  -  Run Local Usage
		Usr 0 00:06:42, Sys 0 00:00:07  -  Total Remote Usage
		Usr 0 00:00:00, Sys 0 00:00:00  -  Total Local Usage
	11249  -  Run Bytes Sent By Job
	229  -  Run Bytes Received By Job
	11249  -  Total Bytes Sent By Job
	229  -  Total Bytes Received By Job
	Partitionable Resources :    Usage  Request Allocated 
	   Cpus                 :        0        1         1 
	   Disk (KB)            :       52        1   2940600 
	   Memory (MB)          :      819     2000      2000 

	Job terminated of its own accord at 2024-10-21T04:13:42Z with exit-code 0.
...
