000 (15556765.482.000) 10/21 05:59:06 Job submitted from host: <188.184.90.241:9618?addrs=188.184.90.241-9618+[2001-1458-201-e4--100-2eb]-9618&alias=bigbird15.cern.ch&noUDP&sock=schedd_25064_65d2>
...
040 (15556765.482.000) 10/21 06:05:32 Started transferring input files
	Transferring to host: <188.185.196.62:9618?addrs=188.185.196.62-9618+[2001-1458-303-23--100-3a]-9618&alias=b9p16p3286.cern.ch&noUDP&sock=slot1_30_3801474_1493_78296>
...
040 (15556765.482.000) 10/21 06:05:32 Finished transferring input files
...
001 (15556765.482.000) 10/21 06:05:33 Job executing on host: <188.185.196.62:9618?addrs=188.185.196.62-9618+[2001-1458-303-23--100-3a]-9618&alias=b9p16p3286.cern.ch&noUDP&sock=startd_174757_5845>
	SlotName: slot1_30@b9p16p3286.cern.ch
	CondorScratchDir = "/pool/condor/dir_1704263"
	Cpus = 1
	Disk = 2979696
	Memory = 2000
...
006 (15556765.482.000) 10/21 06:05:42 Image size of job updated: 590876
	578  -  MemoryUsage of job (MB)
	590876  -  ResidentSetSize of job (KB)
...
006 (15556765.482.000) 10/21 06:10:43 Image size of job updated: 1725988
	1684  -  MemoryUsage of job (MB)
	1724340  -  ResidentSetSize of job (KB)
...
006 (15556765.482.000) 10/21 06:14:55 Image size of job updated: 1726140
	1684  -  MemoryUsage of job (MB)
	1724340  -  ResidentSetSize of job (KB)
...
040 (15556765.482.000) 10/21 06:14:55 Started transferring output files
...
040 (15556765.482.000) 10/21 06:14:55 Finished transferring output files
...
005 (15556765.482.000) 10/21 06:14:55 Job terminated.
	(1) Normal termination (return value 0)
		Usr 0 00:07:58, Sys 0 00:00:07  -  Run Remote Usage
		Usr 0 00:00:00, Sys 0 00:00:00  -  Run Local Usage
		Usr 0 00:07:58, Sys 0 00:00:07  -  Total Remote Usage
		Usr 0 00:00:00, Sys 0 00:00:00  -  Total Local Usage
	13686  -  Run Bytes Sent By Job
	229  -  Run Bytes Received By Job
	13686  -  Total Bytes Sent By Job
	229  -  Total Bytes Received By Job
	Partitionable Resources :    Usage  Request Allocated 
	   Cpus                 :     0.92        1         1 
	   Disk (KB)            :    55           1   2979696 
	   Memory (MB)          :  1684        2000      2000 

	Job terminated of its own accord at 2024-10-21T04:14:55Z with exit-code 0.
...
