000 (15556765.206.000) 10/21 05:59:05 Job submitted from host: <188.184.90.241:9618?addrs=188.184.90.241-9618+[2001-1458-201-e4--100-2eb]-9618&alias=bigbird15.cern.ch&noUDP&sock=schedd_25064_65d2>
...
040 (15556765.206.000) 10/21 06:00:55 Started transferring input files
	Transferring to host: <188.185.205.216:9618?addrs=188.185.205.216-9618+[2001-1458-303-a--100-55]-9618&alias=b9p04p2069.cern.ch&noUDP&sock=slot1_22_5612_e95d_64831>
...
040 (15556765.206.000) 10/21 06:00:55 Finished transferring input files
...
001 (15556765.206.000) 10/21 06:00:57 Job executing on host: <188.185.205.216:9618?addrs=188.185.205.216-9618+[2001-1458-303-a--100-55]-9618&alias=b9p04p2069.cern.ch&noUDP&sock=startd_4598_6c8d>
	SlotName: slot1_22@b9p04p2069.cern.ch
	CondorScratchDir = "/pool/condor/dir_1690153"
	Cpus = 1
	Disk = 2572824
	Memory = 2000
...
006 (15556765.206.000) 10/21 06:01:05 Image size of job updated: 165460
	162  -  MemoryUsage of job (MB)
	165228  -  ResidentSetSize of job (KB)
...
006 (15556765.206.000) 10/21 06:06:05 Image size of job updated: 1107084
	1079  -  MemoryUsage of job (MB)
	1104084  -  ResidentSetSize of job (KB)
...
006 (15556765.206.000) 10/21 06:11:06 Image size of job updated: 1107084
	1079  -  MemoryUsage of job (MB)
	1104252  -  ResidentSetSize of job (KB)
...
006 (15556765.206.000) 10/21 06:21:07 Image size of job updated: 1107220
	1079  -  MemoryUsage of job (MB)
	1104416  -  ResidentSetSize of job (KB)
...
040 (15556765.206.000) 10/21 06:21:07 Started transferring output files
...
040 (15556765.206.000) 10/21 06:21:07 Finished transferring output files
...
009 (15556765.206.000) 10/21 06:21:07 Job was aborted.
	Job removed by SYSTEM_PERIODIC_REMOVE due to wall time exceeded allowed max.
...
