000 (15556765.015.000) 10/21 05:59:05 Job submitted from host: <188.184.90.241:9618?addrs=188.184.90.241-9618+[2001-1458-201-e4--100-2eb]-9618&alias=bigbird15.cern.ch&noUDP&sock=schedd_25064_65d2>
...
040 (15556765.015.000) 10/21 05:59:53 Started transferring input files
	Transferring to host: <188.185.193.168:9618?addrs=188.185.193.168-9618+[2001-1458-303-20--100-a4]-9618&alias=b9p19p1180.cern.ch&noUDP&sock=slot1_25_1833876_4ac7_83401>
...
040 (15556765.015.000) 10/21 05:59:53 Finished transferring input files
...
001 (15556765.015.000) 10/21 05:59:54 Job executing on host: <188.185.193.168:9618?addrs=188.185.193.168-9618+[2001-1458-303-20--100-a4]-9618&alias=b9p19p1180.cern.ch&noUDP&sock=startd_166693_1c8e>
	SlotName: slot1_25@b9p19p1180.cern.ch
	CondorScratchDir = "/pool/condor/dir_3674080"
	Cpus = 1
	Disk = 2928882
	Memory = 2000
...
006 (15556765.015.000) 10/21 06:00:02 Image size of job updated: 644520
	630  -  MemoryUsage of job (MB)
	644520  -  ResidentSetSize of job (KB)
...
006 (15556765.015.000) 10/21 06:03:02 Image size of job updated: 1916184
	936  -  MemoryUsage of job (MB)
	958148  -  ResidentSetSize of job (KB)
...
040 (15556765.015.000) 10/21 06:03:02 Started transferring output files
...
040 (15556765.015.000) 10/21 06:03:02 Finished transferring output files
...
005 (15556765.015.000) 10/21 06:03:02 Job terminated.
	(1) Normal termination (return value 0)
		Usr 0 00:02:49, Sys 0 00:00:05  -  Run Remote Usage
		Usr 0 00:00:00, Sys 0 00:00:00  -  Run Local Usage
		Usr 0 00:02:49, Sys 0 00:00:05  -  Total Remote Usage
		Usr 0 00:00:00, Sys 0 00:00:00  -  Total Local Usage
	2610  -  Run Bytes Sent By Job
	229  -  Run Bytes Received By Job
	2610  -  Total Bytes Sent By Job
	229  -  Total Bytes Received By Job
	Partitionable Resources :    Usage  Request Allocated 
	   Cpus                 :        0        1         1 
	   Disk (KB)            :       44        1   2928882 
	   Memory (MB)          :      936     2000      2000 

	Job terminated of its own accord at 2024-10-21T04:03:02Z with exit-code 0.
...
000 (15556766.015.000) 10/21 07:29:07 Job submitted from host: <188.184.90.241:9618?addrs=188.184.90.241-9618+[2001-1458-201-e4--100-2eb]-9618&alias=bigbird15.cern.ch&noUDP&sock=schedd_25064_65d2>
...
040 (15556766.015.000) 10/21 07:30:01 Started transferring input files
	Transferring to host: <128.142.161.111:9618?addrs=128.142.161.111-9618+[2001-1458-301-b8--100-2d]-9618&alias=b9g03p5711.cern.ch&noUDP&sock=slot1_5_6649_9267_3196>
...
040 (15556766.015.000) 10/21 07:30:01 Finished transferring input files
...
001 (15556766.015.000) 10/21 07:30:02 Job executing on host: <128.142.161.111:9618?addrs=128.142.161.111-9618+[2001-1458-301-b8--100-2d]-9618&alias=b9g03p5711.cern.ch&noUDP&sock=startd_5937_dddd>
	SlotName: slot1_5@b9g03p5711.cern.ch
	CondorScratchDir = "/pool/condor/dir_4024832"
	Cpus = 1
	Disk = 3919
	GPUs = 0
	Memory = 2000
...
006 (15556766.015.000) 10/21 07:30:10 Image size of job updated: 314752
	308  -  MemoryUsage of job (MB)
	314752  -  ResidentSetSize of job (KB)
...
006 (15556766.015.000) 10/21 07:35:10 Image size of job updated: 314752
	308  -  MemoryUsage of job (MB)
	315288  -  ResidentSetSize of job (KB)
...
040 (15556766.015.000) 10/21 07:50:11 Started transferring output files
...
040 (15556766.015.000) 10/21 07:50:11 Finished transferring output files
...
009 (15556766.015.000) 10/21 07:50:11 Job was aborted.
	Job removed by SYSTEM_PERIODIC_REMOVE due to wall time exceeded allowed max.
...
