000 (15556765.466.000) 10/21 05:59:06 Job submitted from host: <188.184.90.241:9618?addrs=188.184.90.241-9618+[2001-1458-201-e4--100-2eb]-9618&alias=bigbird15.cern.ch&noUDP&sock=schedd_25064_65d2>
...
040 (15556765.466.000) 10/21 06:05:27 Started transferring input files
	Transferring to host: <188.185.198.59:9618?addrs=188.185.198.59-9618+[2001-1458-303-25--100-37]-9618&alias=b9p15p3636.cern.ch&noUDP&sock=slot1_17_3217611_c734_66739>
...
040 (15556765.466.000) 10/21 06:05:28 Finished transferring input files
...
001 (15556765.466.000) 10/21 06:05:28 Job executing on host: <188.185.198.59:9618?addrs=188.185.198.59-9618+[2001-1458-303-25--100-37]-9618&alias=b9p15p3636.cern.ch&noUDP&sock=startd_3314_b4f2>
	SlotName: slot1_17@b9p15p3636.cern.ch
	CondorScratchDir = "/pool/condor/dir_2254749"
	Cpus = 1
	Disk = 2960009
	Memory = 2000
...
006 (15556765.466.000) 10/21 06:05:37 Image size of job updated: 580032
	567  -  MemoryUsage of job (MB)
	580032  -  ResidentSetSize of job (KB)
...
006 (15556765.466.000) 10/21 06:10:37 Image size of job updated: 1718012
	1675  -  MemoryUsage of job (MB)
	1714232  -  ResidentSetSize of job (KB)
...
040 (15556765.466.000) 10/21 06:13:19 Started transferring output files
...
040 (15556765.466.000) 10/21 06:13:19 Finished transferring output files
...
005 (15556765.466.000) 10/21 06:13:19 Job terminated.
	(1) Normal termination (return value 0)
		Usr 0 00:06:34, Sys 0 00:00:05  -  Run Remote Usage
		Usr 0 00:00:00, Sys 0 00:00:00  -  Run Local Usage
		Usr 0 00:06:34, Sys 0 00:00:05  -  Total Remote Usage
		Usr 0 00:00:00, Sys 0 00:00:00  -  Total Local Usage
	13191  -  Run Bytes Sent By Job
	229  -  Run Bytes Received By Job
	13191  -  Total Bytes Sent By Job
	229  -  Total Bytes Received By Job
	Partitionable Resources :    Usage  Request Allocated 
	   Cpus                 :     0.88        1         1 
	   Disk (KB)            :    54           1   2960009 
	   Memory (MB)          :  1675        2000      2000 

	Job terminated of its own accord at 2024-10-21T04:13:19Z with exit-code 0.
...
