000 (15556765.317.000) 10/21 05:59:05 Job submitted from host: <188.184.90.241:9618?addrs=188.184.90.241-9618+[2001-1458-201-e4--100-2eb]-9618&alias=bigbird15.cern.ch&noUDP&sock=schedd_25064_65d2>
...
040 (15556765.317.000) 10/21 06:01:39 Started transferring input files
	Transferring to host: <188.185.196.161:9618?addrs=188.185.196.161-9618+[2001-1458-303-23--100-9d]-9618&alias=b9p16p2782.cern.ch&noUDP&sock=slot1_18_8380_37ce_4129>
...
040 (15556765.317.000) 10/21 06:01:39 Finished transferring input files
...
001 (15556765.317.000) 10/21 06:01:40 Job executing on host: <188.185.196.161:9618?addrs=188.185.196.161-9618+[2001-1458-303-23--100-9d]-9618&alias=b9p16p2782.cern.ch&noUDP&sock=startd_7414_f73f>
	SlotName: slot1_18@b9p16p2782.cern.ch
	CondorScratchDir = "/pool/condor/dir_2621755"
	Cpus = 1
	Disk = 3834
	GPUs = 0
	Memory = 2000
...
006 (15556765.317.000) 10/21 06:01:48 Image size of job updated: 471488
	461  -  MemoryUsage of job (MB)
	471488  -  ResidentSetSize of job (KB)
...
006 (15556765.317.000) 10/21 06:06:48 Image size of job updated: 2302108
	2249  -  MemoryUsage of job (MB)
	2302108  -  ResidentSetSize of job (KB)
...
040 (15556765.317.000) 10/21 06:13:29 Started transferring output files
...
040 (15556765.317.000) 10/21 06:13:29 Finished transferring output files
...
005 (15556765.317.000) 10/21 06:13:29 Job terminated.
	(1) Normal termination (return value 0)
		Usr 0 00:07:57, Sys 0 00:00:09  -  Run Remote Usage
		Usr 0 00:00:00, Sys 0 00:00:00  -  Run Local Usage
		Usr 0 00:07:57, Sys 0 00:00:09  -  Total Remote Usage
		Usr 0 00:00:00, Sys 0 00:00:00  -  Total Local Usage
	14689  -  Run Bytes Sent By Job
	229  -  Run Bytes Received By Job
	14689  -  Total Bytes Sent By Job
	229  -  Total Bytes Received By Job
	Partitionable Resources :    Usage  Request Allocated 
	   Cpus                 :     0.55        1         1 
	   Disk (KB)            :    56           1      3834 
	   GPUs                 :                           0 
	   Memory (MB)          :  2249        2000      2000 

	Job terminated of its own accord at 2024-10-21T04:13:29Z with exit-code 0.
...
