000 (15556765.500.000) 10/21 05:59:06 Job submitted from host: <188.184.90.241:9618?addrs=188.184.90.241-9618+[2001-1458-201-e4--100-2eb]-9618&alias=bigbird15.cern.ch&noUDP&sock=schedd_25064_65d2>
...
040 (15556765.500.000) 10/21 06:05:38 Started transferring input files
	Transferring to host: <188.185.193.39:9618?addrs=188.185.193.39-9618+[2001-1458-303-20--100-23]-9618&alias=b9p19p5699.cern.ch&noUDP&sock=slot1_29_694097_e09a_72866>
...
040 (15556765.500.000) 10/21 06:05:38 Finished transferring input files
...
001 (15556765.500.000) 10/21 06:05:39 Job executing on host: <188.185.193.39:9618?addrs=188.185.193.39-9618+[2001-1458-303-20--100-23]-9618&alias=b9p19p5699.cern.ch&noUDP&sock=startd_128431_8fe2>
	SlotName: slot1_29@b9p19p5699.cern.ch
	CondorScratchDir = "/pool/condor/dir_3205205"
	Cpus = 1
	Disk = 3017685
	Memory = 2000
...
006 (15556765.500.000) 10/21 06:05:48 Image size of job updated: 201388
	197  -  MemoryUsage of job (MB)
	201388  -  ResidentSetSize of job (KB)
...
006 (15556765.500.000) 10/21 06:10:49 Image size of job updated: 791112
	770  -  MemoryUsage of job (MB)
	788080  -  ResidentSetSize of job (KB)
...
040 (15556765.500.000) 10/21 06:15:47 Started transferring output files
...
040 (15556765.500.000) 10/21 06:15:47 Finished transferring output files
...
005 (15556765.500.000) 10/21 06:15:47 Job terminated.
	(1) Normal termination (return value 0)
		Usr 0 00:06:58, Sys 0 00:00:06  -  Run Remote Usage
		Usr 0 00:00:00, Sys 0 00:00:00  -  Run Local Usage
		Usr 0 00:06:58, Sys 0 00:00:06  -  Total Remote Usage
		Usr 0 00:00:00, Sys 0 00:00:00  -  Total Local Usage
	13976  -  Run Bytes Sent By Job
	229  -  Run Bytes Received By Job
	13976  -  Total Bytes Sent By Job
	229  -  Total Bytes Received By Job
	Partitionable Resources :    Usage  Request Allocated 
	   Cpus                 :     0.95        1         1 
	   Disk (KB)            :    55           1   3017685 
	   Memory (MB)          :   770        2000      2000 

	Job terminated of its own accord at 2024-10-21T04:15:47Z with exit-code 0.
...
