000 (15556765.049.000) 10/21 05:59:05 Job submitted from host: <188.184.90.241:9618?addrs=188.184.90.241-9618+[2001-1458-201-e4--100-2eb]-9618&alias=bigbird15.cern.ch&noUDP&sock=schedd_25064_65d2>
...
040 (15556765.049.000) 10/21 06:00:05 Started transferring input files
	Transferring to host: <188.185.214.103:9618?addrs=188.185.214.103-9618+[2001-1458-303-1c--100-63]-9618&alias=b9p29p0062.cern.ch&noUDP&sock=slot1_6_6117_bad2_5609>
...
040 (15556765.049.000) 10/21 06:00:05 Finished transferring input files
...
001 (15556765.049.000) 10/21 06:00:06 Job executing on host: <188.185.214.103:9618?addrs=188.185.214.103-9618+[2001-1458-303-1c--100-63]-9618&alias=b9p29p0062.cern.ch&noUDP&sock=startd_4805_68a7>
	SlotName: slot1_6@b9p29p0062.cern.ch
	CondorScratchDir = "/pool/condor/dir_2091662"
	Cpus = 1
	Disk = 3801
	GPUs = 0
	Memory = 2000
...
006 (15556765.049.000) 10/21 06:00:14 Image size of job updated: 532740
	521  -  MemoryUsage of job (MB)
	532740  -  ResidentSetSize of job (KB)
...
006 (15556765.049.000) 10/21 06:02:47 Image size of job updated: 963300
	941  -  MemoryUsage of job (MB)
	963300  -  ResidentSetSize of job (KB)
...
040 (15556765.049.000) 10/21 06:02:47 Started transferring output files
...
040 (15556765.049.000) 10/21 06:02:47 Finished transferring output files
...
005 (15556765.049.000) 10/21 06:02:47 Job terminated.
	(1) Normal termination (return value 0)
		Usr 0 00:02:15, Sys 0 00:00:08  -  Run Remote Usage
		Usr 0 00:00:00, Sys 0 00:00:00  -  Run Local Usage
		Usr 0 00:02:15, Sys 0 00:00:08  -  Total Remote Usage
		Usr 0 00:00:00, Sys 0 00:00:00  -  Total Local Usage
	3032  -  Run Bytes Sent By Job
	229  -  Run Bytes Received By Job
	3032  -  Total Bytes Sent By Job
	229  -  Total Bytes Received By Job
	Partitionable Resources :    Usage  Request Allocated 
	   Cpus                 :        0        1         1 
	   Disk (KB)            :       45        1      3801 
	   GPUs                 :                           0 
	   Memory (MB)          :      941     2000      2000 

	Job terminated of its own accord at 2024-10-21T04:02:47Z with exit-code 0.
...
000 (15556766.049.000) 10/21 07:29:08 Job submitted from host: <188.184.90.241:9618?addrs=188.184.90.241-9618+[2001-1458-201-e4--100-2eb]-9618&alias=bigbird15.cern.ch&noUDP&sock=schedd_25064_65d2>
...
040 (15556766.049.000) 10/21 07:30:12 Started transferring input files
	Transferring to host: <188.185.196.26:9618?addrs=188.185.196.26-9618+[2001-1458-303-23--100-16]-9618&alias=b9p16p3793.cern.ch&noUDP&sock=slot1_2_66325_b662_62029>
...
040 (15556766.049.000) 10/21 07:30:12 Finished transferring input files
...
001 (15556766.049.000) 10/21 07:30:13 Job executing on host: <188.185.196.26:9618?addrs=188.185.196.26-9618+[2001-1458-303-23--100-16]-9618&alias=b9p16p3793.cern.ch&noUDP&sock=startd_127762_af06>
	SlotName: slot1_2@b9p16p3793.cern.ch
	CondorScratchDir = "/pool/condor/dir_4156681"
	Cpus = 1
	Disk = 2902772
	Memory = 2000
...
006 (15556766.049.000) 10/21 07:30:22 Image size of job updated: 216856
	212  -  MemoryUsage of job (MB)
	216856  -  ResidentSetSize of job (KB)
...
006 (15556766.049.000) 10/21 07:35:24 Image size of job updated: 1001312
	976  -  MemoryUsage of job (MB)
	998652  -  ResidentSetSize of job (KB)
...
006 (15556766.049.000) 10/21 07:40:24 Image size of job updated: 1001616
	976  -  MemoryUsage of job (MB)
	998916  -  ResidentSetSize of job (KB)
...
040 (15556766.049.000) 10/21 07:50:24 Started transferring output files
...
040 (15556766.049.000) 10/21 07:50:24 Finished transferring output files
...
009 (15556766.049.000) 10/21 07:50:24 Job was aborted.
	Job removed by SYSTEM_PERIODIC_REMOVE due to wall time exceeded allowed max.
...
