000 (15556765.099.000) 10/21 05:59:05 Job submitted from host: <188.184.90.241:9618?addrs=188.184.90.241-9618+[2001-1458-201-e4--100-2eb]-9618&alias=bigbird15.cern.ch&noUDP&sock=schedd_25064_65d2>
...
040 (15556765.099.000) 10/21 06:00:20 Started transferring input files
	Transferring to host: <128.142.131.162:9618?addrs=128.142.131.162-9618+[2001-1458-301-59--100-96]-9618&alias=b9g11p1207.cern.ch&noUDP&sock=slot1_4_3138_c139_33902>
...
040 (15556765.099.000) 10/21 06:00:20 Finished transferring input files
...
001 (15556765.099.000) 10/21 06:00:21 Job executing on host: <128.142.131.162:9618?addrs=128.142.131.162-9618+[2001-1458-301-59--100-96]-9618&alias=b9g11p1207.cern.ch&noUDP&sock=startd_2693_c0a2>
	SlotName: slot1_4@b9g11p1207.cern.ch
	CondorScratchDir = "/pool/condor/dir_2837713"
	Cpus = 1
	Disk = 1766593
	Memory = 2000
...
006 (15556765.099.000) 10/21 06:00:30 Image size of job updated: 148540
	146  -  MemoryUsage of job (MB)
	148540  -  ResidentSetSize of job (KB)
...
006 (15556765.099.000) 10/21 06:05:31 Image size of job updated: 993904
	971  -  MemoryUsage of job (MB)
	993904  -  ResidentSetSize of job (KB)
...
040 (15556765.099.000) 10/21 06:10:01 Started transferring output files
...
040 (15556765.099.000) 10/21 06:10:01 Finished transferring output files
...
005 (15556765.099.000) 10/21 06:10:01 Job terminated.
	(1) Normal termination (return value 0)
		Usr 0 00:08:33, Sys 0 00:00:09  -  Run Remote Usage
		Usr 0 00:00:00, Sys 0 00:00:00  -  Run Local Usage
		Usr 0 00:08:33, Sys 0 00:00:09  -  Total Remote Usage
		Usr 0 00:00:00, Sys 0 00:00:00  -  Total Local Usage
	7588  -  Run Bytes Sent By Job
	229  -  Run Bytes Received By Job
	7588  -  Total Bytes Sent By Job
	229  -  Total Bytes Received By Job
	Partitionable Resources :    Usage  Request Allocated 
	   Cpus                 :     0.80        1         1 
	   Disk (KB)            :    48           1   1766593 
	   Memory (MB)          :   971        2000      2000 

	Job terminated of its own accord at 2024-10-21T04:10:01Z with exit-code 0.
...
000 (15556766.099.000) 10/21 07:29:12 Job submitted from host: <188.184.90.241:9618?addrs=188.184.90.241-9618+[2001-1458-201-e4--100-2eb]-9618&alias=bigbird15.cern.ch&noUDP&sock=schedd_25064_65d2>
...
040 (15556766.099.000) 10/21 07:30:29 Started transferring input files
	Transferring to host: <128.142.192.146:9618?addrs=128.142.192.146-9618+[2001-1458-301-56--100-e]-9618&alias=b9g18p8549.cern.ch&noUDP&sock=slot1_10_2339164_660a_40689>
...
040 (15556766.099.000) 10/21 07:30:29 Finished transferring input files
...
001 (15556766.099.000) 10/21 07:30:30 Job executing on host: <128.142.192.146:9618?addrs=128.142.192.146-9618+[2001-1458-301-56--100-e]-9618&alias=b9g18p8549.cern.ch&noUDP&sock=startd_8239_d8e1>
	SlotName: slot1_10@b9g18p8549.cern.ch
	CondorScratchDir = "/pool/condor/dir_1888276"
	Cpus = 1
	Disk = 2909505
	Memory = 2000
...
006 (15556766.099.000) 10/21 07:30:39 Image size of job updated: 149120
	146  -  MemoryUsage of job (MB)
	148880  -  ResidentSetSize of job (KB)
...
006 (15556766.099.000) 10/21 07:35:40 Image size of job updated: 991940
	968  -  MemoryUsage of job (MB)
	990256  -  ResidentSetSize of job (KB)
...
006 (15556766.099.000) 10/21 07:40:40 Image size of job updated: 993296
	968  -  MemoryUsage of job (MB)
	990296  -  ResidentSetSize of job (KB)
...
040 (15556766.099.000) 10/21 07:50:42 Started transferring output files
...
040 (15556766.099.000) 10/21 07:50:42 Finished transferring output files
...
009 (15556766.099.000) 10/21 07:50:42 Job was aborted.
	Job removed by SYSTEM_PERIODIC_REMOVE due to wall time exceeded allowed max.
...
