000 (15556765.293.000) 10/21 05:59:05 Job submitted from host: <188.184.90.241:9618?addrs=188.184.90.241-9618+[2001-1458-201-e4--100-2eb]-9618&alias=bigbird15.cern.ch&noUDP&sock=schedd_25064_65d2>
...
040 (15556765.293.000) 10/21 06:01:27 Started transferring input files
	Transferring to host: <188.185.210.101:9618?addrs=188.185.210.101-9618+[2001-1458-303-1--100-61]-9618&alias=b9p21p0502.cern.ch&noUDP&sock=slot1_10_1860240_1d77_8293>
...
040 (15556765.293.000) 10/21 06:01:27 Finished transferring input files
...
001 (15556765.293.000) 10/21 06:01:28 Job executing on host: <188.185.210.101:9618?addrs=188.185.210.101-9618+[2001-1458-303-1--100-61]-9618&alias=b9p21p0502.cern.ch&noUDP&sock=startd_192079_cbc8>
	SlotName: slot1_10@b9p21p0502.cern.ch
	CondorScratchDir = "/pool/condor/dir_945212"
	Cpus = 1
	Disk = 2943445
	Memory = 2000
...
006 (15556765.293.000) 10/21 06:01:38 Image size of job updated: 163852
	161  -  MemoryUsage of job (MB)
	163844  -  ResidentSetSize of job (KB)
...
006 (15556765.293.000) 10/21 06:05:41 Image size of job updated: 873836
	161  -  MemoryUsage of job (MB)
	164092  -  ResidentSetSize of job (KB)
...
040 (15556765.293.000) 10/21 06:05:41 Started transferring output files
...
040 (15556765.293.000) 10/21 06:05:41 Finished transferring output files
...
005 (15556765.293.000) 10/21 06:05:41 Job terminated.
	(1) Normal termination (return value 0)
		Usr 0 00:03:12, Sys 0 00:00:06  -  Run Remote Usage
		Usr 0 00:00:00, Sys 0 00:00:00  -  Run Local Usage
		Usr 0 00:03:12, Sys 0 00:00:06  -  Total Remote Usage
		Usr 0 00:00:00, Sys 0 00:00:00  -  Total Local Usage
	8661  -  Run Bytes Sent By Job
	229  -  Run Bytes Received By Job
	8661  -  Total Bytes Sent By Job
	229  -  Total Bytes Received By Job
	Partitionable Resources :    Usage  Request Allocated 
	   Cpus                 :        0        1         1 
	   Disk (KB)            :       49        1   2943445 
	   Memory (MB)          :      161     2000      2000 

	Job terminated of its own accord at 2024-10-21T04:05:41Z with exit-code 0.
...
