000 (15556765.255.000) 10/21 05:59:05 Job submitted from host: <188.184.90.241:9618?addrs=188.184.90.241-9618+[2001-1458-201-e4--100-2eb]-9618&alias=bigbird15.cern.ch&noUDP&sock=schedd_25064_65d2>
...
040 (15556765.255.000) 10/21 06:01:16 Started transferring input files
	Transferring to host: <128.142.131.160:9618?addrs=128.142.131.160-9618+[2001-1458-301-59--100-94]-9618&alias=b9g11p2391.cern.ch&noUDP&sock=slot1_27_2030534_a4c4_93803>
...
040 (15556765.255.000) 10/21 06:01:16 Finished transferring input files
...
001 (15556765.255.000) 10/21 06:01:17 Job executing on host: <128.142.131.160:9618?addrs=128.142.131.160-9618+[2001-1458-301-59--100-94]-9618&alias=b9g11p2391.cern.ch&noUDP&sock=startd_2628_2afa>
	SlotName: slot1_27@b9g11p2391.cern.ch
	CondorScratchDir = "/pool/condor/dir_370707"
	Cpus = 1
	Disk = 1723915
	Memory = 2000
...
006 (15556765.255.000) 10/21 06:01:25 Image size of job updated: 153144
	150  -  MemoryUsage of job (MB)
	153144  -  ResidentSetSize of job (KB)
...
006 (15556765.255.000) 10/21 06:06:25 Image size of job updated: 963528
	941  -  MemoryUsage of job (MB)
	963528  -  ResidentSetSize of job (KB)
...
006 (15556765.255.000) 10/21 06:11:26 Image size of job updated: 963748
	942  -  MemoryUsage of job (MB)
	963748  -  ResidentSetSize of job (KB)
...
006 (15556765.255.000) 10/21 06:16:27 Image size of job updated: 963848
	942  -  MemoryUsage of job (MB)
	963848  -  ResidentSetSize of job (KB)
...
006 (15556765.255.000) 10/21 06:21:27 Image size of job updated: 964044
	942  -  MemoryUsage of job (MB)
	964044  -  ResidentSetSize of job (KB)
...
040 (15556765.255.000) 10/21 06:21:27 Started transferring output files
...
040 (15556765.255.000) 10/21 06:21:27 Finished transferring output files
...
009 (15556765.255.000) 10/21 06:21:27 Job was aborted.
	Job removed by SYSTEM_PERIODIC_REMOVE due to wall time exceeded allowed max.
...
