000 (15556765.101.000) 10/21 05:59:05 Job submitted from host: <188.184.90.241:9618?addrs=188.184.90.241-9618+[2001-1458-201-e4--100-2eb]-9618&alias=bigbird15.cern.ch&noUDP&sock=schedd_25064_65d2>
...
040 (15556765.101.000) 10/21 06:00:20 Started transferring input files
	Transferring to host: <128.142.137.110:9618?addrs=128.142.137.110-9618+[2001-1458-301-5e--100-62]-9618&alias=b9g19p6158.cern.ch&noUDP&sock=slot1_18_2778455_a5f2_54257>
...
040 (15556765.101.000) 10/21 06:00:20 Finished transferring input files
...
001 (15556765.101.000) 10/21 06:00:21 Job executing on host: <128.142.137.110:9618?addrs=128.142.137.110-9618+[2001-1458-301-5e--100-62]-9618&alias=b9g19p6158.cern.ch&noUDP&sock=startd_2346_bd45>
	SlotName: slot1_18@b9g19p6158.cern.ch
	CondorScratchDir = "/pool/condor/dir_565820"
	Cpus = 1
	Disk = 1699901
	Memory = 2000
...
006 (15556765.101.000) 10/21 06:00:30 Image size of job updated: 666824
	652  -  MemoryUsage of job (MB)
	666824  -  ResidentSetSize of job (KB)
...
006 (15556765.101.000) 10/21 06:05:31 Image size of job updated: 1975788
	1930  -  MemoryUsage of job (MB)
	1975788  -  ResidentSetSize of job (KB)
...
040 (15556765.101.000) 10/21 06:09:34 Started transferring output files
...
040 (15556765.101.000) 10/21 06:09:34 Finished transferring output files
...
005 (15556765.101.000) 10/21 06:09:35 Job terminated.
	(1) Normal termination (return value 0)
		Usr 0 00:07:58, Sys 0 00:00:11  -  Run Remote Usage
		Usr 0 00:00:00, Sys 0 00:00:00  -  Run Local Usage
		Usr 0 00:07:58, Sys 0 00:00:11  -  Total Remote Usage
		Usr 0 00:00:00, Sys 0 00:00:00  -  Total Local Usage
	7100  -  Run Bytes Sent By Job
	229  -  Run Bytes Received By Job
	7100  -  Total Bytes Sent By Job
	229  -  Total Bytes Received By Job
	Partitionable Resources :    Usage  Request Allocated 
	   Cpus                 :        0        1         1 
	   Disk (KB)            :       48        1   1699901 
	   Memory (MB)          :     1930     2000      2000 

	Job terminated of its own accord at 2024-10-21T04:09:34Z with exit-code 0.
...
000 (15556766.101.000) 10/21 07:29:12 Job submitted from host: <188.184.90.241:9618?addrs=188.184.90.241-9618+[2001-1458-201-e4--100-2eb]-9618&alias=bigbird15.cern.ch&noUDP&sock=schedd_25064_65d2>
...
040 (15556766.101.000) 10/21 07:30:29 Started transferring input files
	Transferring to host: <128.142.132.63:9618?addrs=128.142.132.63-9618+[2001-1458-301-5a--100-33]-9618&alias=b9g12p0821.cern.ch&noUDP&sock=slot1_5_2807_890b_3567>
...
040 (15556766.101.000) 10/21 07:30:29 Finished transferring input files
...
001 (15556766.101.000) 10/21 07:30:30 Job executing on host: <128.142.132.63:9618?addrs=128.142.132.63-9618+[2001-1458-301-5a--100-33]-9618&alias=b9g12p0821.cern.ch&noUDP&sock=startd_2439_8794>
	SlotName: slot1_5@b9g12p0821.cern.ch
	CondorScratchDir = "/pool/condor/dir_774640"
	Cpus = 1
	Disk = 2691
	GPUs = 0
	Memory = 2000
...
006 (15556766.101.000) 10/21 07:30:39 Image size of job updated: 146036
	143  -  MemoryUsage of job (MB)
	146036  -  ResidentSetSize of job (KB)
...
006 (15556766.101.000) 10/21 07:35:40 Image size of job updated: 972972
	951  -  MemoryUsage of job (MB)
	972972  -  ResidentSetSize of job (KB)
...
006 (15556766.101.000) 10/21 07:40:40 Image size of job updated: 973184
	951  -  MemoryUsage of job (MB)
	973184  -  ResidentSetSize of job (KB)
...
040 (15556766.101.000) 10/21 07:50:41 Started transferring output files
...
040 (15556766.101.000) 10/21 07:50:41 Finished transferring output files
...
009 (15556766.101.000) 10/21 07:50:41 Job was aborted.
	Job removed by SYSTEM_PERIODIC_REMOVE due to wall time exceeded allowed max.
...
