000 (15556765.205.000) 10/21 05:59:05 Job submitted from host: <188.184.90.241:9618?addrs=188.184.90.241-9618+[2001-1458-201-e4--100-2eb]-9618&alias=bigbird15.cern.ch&noUDP&sock=schedd_25064_65d2>
...
040 (15556765.205.000) 10/21 06:00:59 Started transferring input files
	Transferring to host: <188.185.207.9:9618?addrs=188.185.207.9-9618+[2001-1458-303-d--100-6]-9618&alias=b9p07p6005.cern.ch&noUDP&sock=slot1_13_4138_5861_249040>
...
040 (15556765.205.000) 10/21 06:00:59 Finished transferring input files
...
001 (15556765.205.000) 10/21 06:01:01 Job executing on host: <188.185.207.9:9618?addrs=188.185.207.9-9618+[2001-1458-303-d--100-6]-9618&alias=b9p07p6005.cern.ch&noUDP&sock=startd_3645_becb>
	SlotName: slot1_13@b9p07p6005.cern.ch
	CondorScratchDir = "/pool/condor/dir_2307289"
	Cpus = 1
	Disk = 2857543
	Memory = 2000
...
006 (15556765.205.000) 10/21 06:01:09 Image size of job updated: 592148
	579  -  MemoryUsage of job (MB)
	592144  -  ResidentSetSize of job (KB)
...
006 (15556765.205.000) 10/21 06:06:09 Image size of job updated: 1819888
	1775  -  MemoryUsage of job (MB)
	1817344  -  ResidentSetSize of job (KB)
...
006 (15556765.205.000) 10/21 06:11:10 Image size of job updated: 1820736
	1776  -  MemoryUsage of job (MB)
	1817932  -  ResidentSetSize of job (KB)
...
006 (15556765.205.000) 10/21 06:16:11 Image size of job updated: 1822068
	1776  -  MemoryUsage of job (MB)
	1817932  -  ResidentSetSize of job (KB)
...
006 (15556765.205.000) 10/21 06:21:11 Image size of job updated: 1822068
	1776  -  MemoryUsage of job (MB)
	1818060  -  ResidentSetSize of job (KB)
...
040 (15556765.205.000) 10/21 06:21:11 Started transferring output files
...
040 (15556765.205.000) 10/21 06:21:11 Finished transferring output files
...
009 (15556765.205.000) 10/21 06:21:11 Job was aborted.
	Job removed by SYSTEM_PERIODIC_REMOVE due to wall time exceeded allowed max.
...
