000 (15556765.225.000) 10/21 05:59:05 Job submitted from host: <188.184.90.241:9618?addrs=188.184.90.241-9618+[2001-1458-201-e4--100-2eb]-9618&alias=bigbird15.cern.ch&noUDP&sock=schedd_25064_65d2>
...
040 (15556765.225.000) 10/21 06:01:03 Started transferring input files
	Transferring to host: <188.185.214.47:9618?addrs=188.185.214.47-9618+[2001-1458-303-1c--100-2b]-9618&alias=b9p29p1922.cern.ch&noUDP&sock=slot1_4_5630_981e_5978>
...
040 (15556765.225.000) 10/21 06:01:03 Finished transferring input files
...
001 (15556765.225.000) 10/21 06:01:05 Job executing on host: <188.185.214.47:9618?addrs=188.185.214.47-9618+[2001-1458-303-1c--100-2b]-9618&alias=b9p29p1922.cern.ch&noUDP&sock=startd_4447_d9c0>
	SlotName: slot1_4@b9p29p1922.cern.ch
	CondorScratchDir = "/pool/condor/dir_1377045"
	Cpus = 1
	Disk = 3717
	GPUs = 0
	Memory = 2000
...
006 (15556765.225.000) 10/21 06:01:13 Image size of job updated: 141328
	139  -  MemoryUsage of job (MB)
	141328  -  ResidentSetSize of job (KB)
...
006 (15556765.225.000) 10/21 06:06:13 Image size of job updated: 961768
	940  -  MemoryUsage of job (MB)
	961768  -  ResidentSetSize of job (KB)
...
006 (15556765.225.000) 10/21 06:11:13 Image size of job updated: 962016
	940  -  MemoryUsage of job (MB)
	962016  -  ResidentSetSize of job (KB)
...
006 (15556765.225.000) 10/21 06:16:15 Image size of job updated: 962056
	940  -  MemoryUsage of job (MB)
	962056  -  ResidentSetSize of job (KB)
...
006 (15556765.225.000) 10/21 06:21:15 Image size of job updated: 962452
	940  -  MemoryUsage of job (MB)
	962452  -  ResidentSetSize of job (KB)
...
040 (15556765.225.000) 10/21 06:21:15 Started transferring output files
...
040 (15556765.225.000) 10/21 06:21:15 Finished transferring output files
...
009 (15556765.225.000) 10/21 06:21:15 Job was aborted.
	Job removed by SYSTEM_PERIODIC_REMOVE due to wall time exceeded allowed max.
...
