000 (15556765.542.000) 10/21 05:59:06 Job submitted from host: <188.184.90.241:9618?addrs=188.184.90.241-9618+[2001-1458-201-e4--100-2eb]-9618&alias=bigbird15.cern.ch&noUDP&sock=schedd_25064_65d2>
...
040 (15556765.542.000) 10/21 06:05:53 Started transferring input files
	Transferring to host: <188.185.196.24:9618?addrs=188.185.196.24-9618+[2001-1458-303-23--100-14]-9618&alias=b9p16p0894.cern.ch&noUDP&sock=slot1_29_3582175_189d_20646>
...
040 (15556765.542.000) 10/21 06:05:53 Finished transferring input files
...
001 (15556765.542.000) 10/21 06:05:54 Job executing on host: <188.185.196.24:9618?addrs=188.185.196.24-9618+[2001-1458-303-23--100-14]-9618&alias=b9p16p0894.cern.ch&noUDP&sock=startd_7327_4a81>
	SlotName: slot1_29@b9p16p0894.cern.ch
	CondorScratchDir = "/pool/condor/dir_2469651"
	Cpus = 1
	Disk = 2929309
	Memory = 2000
...
006 (15556765.542.000) 10/21 06:06:03 Image size of job updated: 711996
	696  -  MemoryUsage of job (MB)
	711992  -  ResidentSetSize of job (KB)
...
006 (15556765.542.000) 10/21 06:11:04 Image size of job updated: 1686596
	1646  -  MemoryUsage of job (MB)
	1685112  -  ResidentSetSize of job (KB)
...
006 (15556765.542.000) 10/21 06:16:04 Image size of job updated: 1697632
	1656  -  MemoryUsage of job (MB)
	1695696  -  ResidentSetSize of job (KB)
...
006 (15556765.542.000) 10/21 06:21:04 Image size of job updated: 1699636
	1659  -  MemoryUsage of job (MB)
	1698620  -  ResidentSetSize of job (KB)
...
006 (15556765.542.000) 10/21 06:26:04 Image size of job updated: 1700788
	1659  -  MemoryUsage of job (MB)
	1698620  -  ResidentSetSize of job (KB)
...
040 (15556765.542.000) 10/21 06:26:04 Started transferring output files
...
040 (15556765.542.000) 10/21 06:26:04 Finished transferring output files
...
009 (15556765.542.000) 10/21 06:26:04 Job was aborted.
	Job removed by SYSTEM_PERIODIC_REMOVE due to wall time exceeded allowed max.
...
