000 (15556765.619.000) 10/21 05:59:06 Job submitted from host: <188.184.90.241:9618?addrs=188.184.90.241-9618+[2001-1458-201-e4--100-2eb]-9618&alias=bigbird15.cern.ch&noUDP&sock=schedd_25064_65d2>
...
040 (15556765.619.000) 10/21 06:06:19 Started transferring input files
	Transferring to host: <128.142.192.142:9618?addrs=128.142.192.142-9618+[2001-1458-301-56--100-a]-9618&alias=b9g18p1267.cern.ch&noUDP&sock=slot1_14_7290_36e2_29334>
...
040 (15556765.619.000) 10/21 06:06:19 Finished transferring input files
...
001 (15556765.619.000) 10/21 06:06:20 Job executing on host: <128.142.192.142:9618?addrs=128.142.192.142-9618+[2001-1458-301-56--100-a]-9618&alias=b9g18p1267.cern.ch&noUDP&sock=startd_6306_f84f>
	SlotName: slot1_14@b9g18p1267.cern.ch
	CondorScratchDir = "/pool/condor/dir_89648"
	Cpus = 1
	Disk = 2977119
	Memory = 2000
...
006 (15556765.619.000) 10/21 06:06:29 Image size of job updated: 190048
	186  -  MemoryUsage of job (MB)
	190044  -  ResidentSetSize of job (KB)
...
006 (15556765.619.000) 10/21 06:09:47 Image size of job updated: 747688
	186  -  MemoryUsage of job (MB)
	190300  -  ResidentSetSize of job (KB)
...
040 (15556765.619.000) 10/21 06:09:48 Started transferring output files
...
040 (15556765.619.000) 10/21 06:09:48 Finished transferring output files
...
005 (15556765.619.000) 10/21 06:09:48 Job terminated.
	(1) Normal termination (return value 1)
		Usr 0 00:02:39, Sys 0 00:00:05  -  Run Remote Usage
		Usr 0 00:00:00, Sys 0 00:00:00  -  Run Local Usage
		Usr 0 00:02:39, Sys 0 00:00:05  -  Total Remote Usage
		Usr 0 00:00:00, Sys 0 00:00:00  -  Total Local Usage
	6521  -  Run Bytes Sent By Job
	229  -  Run Bytes Received By Job
	6521  -  Total Bytes Sent By Job
	229  -  Total Bytes Received By Job
	Partitionable Resources :    Usage  Request Allocated 
	   Cpus                 :     0.86        1         1 
	   Disk (KB)            :    47           1   2977119 
	   Memory (MB)          :   186        2000      2000 

	Job terminated of its own accord at 2024-10-21T04:09:47Z with exit-code 1.
...
