000 (15556765.231.000) 10/21 05:59:05 Job submitted from host: <188.184.90.241:9618?addrs=188.184.90.241-9618+[2001-1458-201-e4--100-2eb]-9618&alias=bigbird15.cern.ch&noUDP&sock=schedd_25064_65d2>
...
040 (15556765.231.000) 10/21 06:01:05 Started transferring input files
	Transferring to host: <128.142.248.33:9618?addrs=128.142.248.33-9618+[2001-1458-301-73--100-111]-9618&alias=b9g23p1094.cern.ch&noUDP&sock=slot1_6_2557074_b4e8_26551>
...
040 (15556765.231.000) 10/21 06:01:05 Finished transferring input files
...
001 (15556765.231.000) 10/21 06:01:07 Job executing on host: <128.142.248.33:9618?addrs=128.142.248.33-9618+[2001-1458-301-73--100-111]-9618&alias=b9g23p1094.cern.ch&noUDP&sock=startd_6722_4fb5>
	SlotName: slot1_6@b9g23p1094.cern.ch
	CondorScratchDir = "/pool/condor/dir_1517501"
	Cpus = 1
	Disk = 2849006
	Memory = 2000
...
006 (15556765.231.000) 10/21 06:01:16 Image size of job updated: 224364
	220  -  MemoryUsage of job (MB)
	224356  -  ResidentSetSize of job (KB)
...
006 (15556765.231.000) 10/21 06:06:17 Image size of job updated: 276376
	269  -  MemoryUsage of job (MB)
	275204  -  ResidentSetSize of job (KB)
...
006 (15556765.231.000) 10/21 06:11:18 Image size of job updated: 963884
	940  -  MemoryUsage of job (MB)
	961576  -  ResidentSetSize of job (KB)
...
006 (15556765.231.000) 10/21 06:16:18 Image size of job updated: 964988
	940  -  MemoryUsage of job (MB)
	961700  -  ResidentSetSize of job (KB)
...
006 (15556765.231.000) 10/21 06:21:18 Image size of job updated: 964988
	940  -  MemoryUsage of job (MB)
	961836  -  ResidentSetSize of job (KB)
...
040 (15556765.231.000) 10/21 06:21:18 Started transferring output files
...
040 (15556765.231.000) 10/21 06:21:18 Finished transferring output files
...
009 (15556765.231.000) 10/21 06:21:18 Job was aborted.
	Job removed by SYSTEM_PERIODIC_REMOVE due to wall time exceeded allowed max.
...
