000 (15556765.237.000) 10/21 05:59:05 Job submitted from host: <188.184.90.241:9618?addrs=188.184.90.241-9618+[2001-1458-201-e4--100-2eb]-9618&alias=bigbird15.cern.ch&noUDP&sock=schedd_25064_65d2>
...
040 (15556765.237.000) 10/21 06:01:08 Started transferring input files
	Transferring to host: <128.142.161.146:9618?addrs=128.142.161.146-9618+[2001-1458-301-b9--100-f]-9618&alias=b9g03p9555.cern.ch&noUDP&sock=slot1_15_345616_7cdf_4257>
...
040 (15556765.237.000) 10/21 06:01:08 Finished transferring input files
...
001 (15556765.237.000) 10/21 06:01:10 Job executing on host: <128.142.161.146:9618?addrs=128.142.161.146-9618+[2001-1458-301-b9--100-f]-9618&alias=b9g03p9555.cern.ch&noUDP&sock=startd_6265_d8ed>
	SlotName: slot1_15@b9g03p9555.cern.ch
	CondorScratchDir = "/pool/condor/dir_3402641"
	Cpus = 1
	Disk = 3131725
	Memory = 2000
...
006 (15556765.237.000) 10/21 06:01:18 Image size of job updated: 1916
	2  -  MemoryUsage of job (MB)
	1476  -  ResidentSetSize of job (KB)
...
006 (15556765.237.000) 10/21 06:06:18 Image size of job updated: 960760
	937  -  MemoryUsage of job (MB)
	958808  -  ResidentSetSize of job (KB)
...
006 (15556765.237.000) 10/21 06:11:19 Image size of job updated: 962560
	938  -  MemoryUsage of job (MB)
	960036  -  ResidentSetSize of job (KB)
...
006 (15556765.237.000) 10/21 06:16:20 Image size of job updated: 963468
	938  -  MemoryUsage of job (MB)
	960128  -  ResidentSetSize of job (KB)
...
006 (15556765.237.000) 10/21 06:21:20 Image size of job updated: 964736
	938  -  MemoryUsage of job (MB)
	960280  -  ResidentSetSize of job (KB)
...
040 (15556765.237.000) 10/21 06:21:20 Started transferring output files
...
040 (15556765.237.000) 10/21 06:21:20 Finished transferring output files
...
009 (15556765.237.000) 10/21 06:21:20 Job was aborted.
	Job removed by SYSTEM_PERIODIC_REMOVE due to wall time exceeded allowed max.
...
