000 (15556765.112.000) 10/21 05:59:05 Job submitted from host: <188.184.90.241:9618?addrs=188.184.90.241-9618+[2001-1458-201-e4--100-2eb]-9618&alias=bigbird15.cern.ch&noUDP&sock=schedd_25064_65d2>
...
040 (15556765.112.000) 10/21 06:00:24 Started transferring input files
	Transferring to host: <128.142.137.214:9618?addrs=128.142.137.214-9618+[2001-1458-301-5e--100-ca]-9618&alias=b9g19p8766.cern.ch&noUDP&sock=slot1_5_2839_150d_48745>
...
040 (15556765.112.000) 10/21 06:00:24 Finished transferring input files
...
001 (15556765.112.000) 10/21 06:00:25 Job executing on host: <128.142.137.214:9618?addrs=128.142.137.214-9618+[2001-1458-301-5e--100-ca]-9618&alias=b9g19p8766.cern.ch&noUDP&sock=startd_2436_78cb>
	SlotName: slot1_5@b9g19p8766.cern.ch
	CondorScratchDir = "/pool/condor/dir_1694780"
	Cpus = 1
	Disk = 1378054
	Memory = 2000
...
006 (15556765.112.000) 10/21 06:00:34 Image size of job updated: 145892
	143  -  MemoryUsage of job (MB)
	145892  -  ResidentSetSize of job (KB)
...
006 (15556765.112.000) 10/21 06:05:34 Image size of job updated: 996388
	974  -  MemoryUsage of job (MB)
	996388  -  ResidentSetSize of job (KB)
...
040 (15556765.112.000) 10/21 06:08:49 Started transferring output files
...
040 (15556765.112.000) 10/21 06:08:49 Finished transferring output files
...
005 (15556765.112.000) 10/21 06:08:49 Job terminated.
	(1) Normal termination (return value 0)
		Usr 0 00:07:03, Sys 0 00:00:09  -  Run Remote Usage
		Usr 0 00:00:00, Sys 0 00:00:00  -  Run Local Usage
		Usr 0 00:07:03, Sys 0 00:00:09  -  Total Remote Usage
		Usr 0 00:00:00, Sys 0 00:00:00  -  Total Local Usage
	6456  -  Run Bytes Sent By Job
	229  -  Run Bytes Received By Job
	6456  -  Total Bytes Sent By Job
	229  -  Total Bytes Received By Job
	Partitionable Resources :    Usage  Request Allocated 
	   Cpus                 :     0.71        1         1 
	   Disk (KB)            :    47           1   1378054 
	   Memory (MB)          :   974        2000      2000 

	Job terminated of its own accord at 2024-10-21T04:08:49Z with exit-code 0.
...
000 (15556766.112.000) 10/21 07:29:12 Job submitted from host: <188.184.90.241:9618?addrs=188.184.90.241-9618+[2001-1458-201-e4--100-2eb]-9618&alias=bigbird15.cern.ch&noUDP&sock=schedd_25064_65d2>
...
040 (15556766.112.000) 10/21 07:30:33 Started transferring input files
	Transferring to host: <128.142.131.26:9618?addrs=128.142.131.26-9618+[2001-1458-301-59--100-e]-9618&alias=b9g11p3307.cern.ch&noUDP&sock=slot1_29_2958_edb1_196111>
...
040 (15556766.112.000) 10/21 07:30:33 Finished transferring input files
...
001 (15556766.112.000) 10/21 07:30:34 Job executing on host: <128.142.131.26:9618?addrs=128.142.131.26-9618+[2001-1458-301-59--100-e]-9618&alias=b9g11p3307.cern.ch&noUDP&sock=startd_2633_98f3>
	SlotName: slot1_29@b9g11p3307.cern.ch
	CondorScratchDir = "/pool/condor/dir_559816"
	Cpus = 1
	Disk = 1698352
	Memory = 2000
...
006 (15556766.112.000) 10/21 07:30:42 Image size of job updated: 1888
	2  -  MemoryUsage of job (MB)
	1888  -  ResidentSetSize of job (KB)
...
006 (15556766.112.000) 10/21 07:35:43 Image size of job updated: 982880
	960  -  MemoryUsage of job (MB)
	982880  -  ResidentSetSize of job (KB)
...
040 (15556766.112.000) 10/21 07:50:44 Started transferring output files
...
040 (15556766.112.000) 10/21 07:50:44 Finished transferring output files
...
009 (15556766.112.000) 10/21 07:50:45 Job was aborted.
	Job removed by SYSTEM_PERIODIC_REMOVE due to wall time exceeded allowed max.
...
