000 (15556765.501.000) 10/21 05:59:06 Job submitted from host: <188.184.90.241:9618?addrs=188.184.90.241-9618+[2001-1458-201-e4--100-2eb]-9618&alias=bigbird15.cern.ch&noUDP&sock=schedd_25064_65d2>
...
040 (15556765.501.000) 10/21 06:05:38 Started transferring input files
	Transferring to host: <188.185.195.90:9618?addrs=188.185.195.90-9618+[2001-1458-303-22--100-56]-9618&alias=b9p17p1249.cern.ch&noUDP&sock=slot1_14_1628590_bbeb_15860>
...
040 (15556765.501.000) 10/21 06:05:38 Finished transferring input files
...
001 (15556765.501.000) 10/21 06:05:39 Job executing on host: <188.185.195.90:9618?addrs=188.185.195.90-9618+[2001-1458-303-22--100-56]-9618&alias=b9p17p1249.cern.ch&noUDP&sock=startd_888271_99ec>
	SlotName: slot1_14@b9p17p1249.cern.ch
	CondorScratchDir = "/pool/condor/dir_4053929"
	Cpus = 1
	Disk = 3036059
	Memory = 2000
...
006 (15556765.501.000) 10/21 06:05:48 Image size of job updated: 177376
	174  -  MemoryUsage of job (MB)
	177376  -  ResidentSetSize of job (KB)
...
006 (15556765.501.000) 10/21 06:10:49 Image size of job updated: 805748
	785  -  MemoryUsage of job (MB)
	803316  -  ResidentSetSize of job (KB)
...
040 (15556765.501.000) 10/21 06:16:55 Started transferring output files
...
040 (15556765.501.000) 10/21 06:16:55 Finished transferring output files
...
005 (15556765.501.000) 10/21 06:16:55 Job terminated.
	(1) Normal termination (return value 0)
		Usr 0 00:06:53, Sys 0 00:00:08  -  Run Remote Usage
		Usr 0 00:00:00, Sys 0 00:00:00  -  Run Local Usage
		Usr 0 00:06:53, Sys 0 00:00:08  -  Total Remote Usage
		Usr 0 00:00:00, Sys 0 00:00:00  -  Total Local Usage
	13550  -  Run Bytes Sent By Job
	229  -  Run Bytes Received By Job
	13550  -  Total Bytes Sent By Job
	229  -  Total Bytes Received By Job
	Partitionable Resources :    Usage  Request Allocated 
	   Cpus                 :     0.92        1         1 
	   Disk (KB)            :    55           1   3036059 
	   Memory (MB)          :   785        2000      2000 

	Job terminated of its own accord at 2024-10-21T04:16:55Z with exit-code 0.
...
