000 (15556765.269.000) 10/21 05:59:05 Job submitted from host: <188.184.90.241:9618?addrs=188.184.90.241-9618+[2001-1458-201-e4--100-2eb]-9618&alias=bigbird15.cern.ch&noUDP&sock=schedd_25064_65d2>
...
040 (15556765.269.000) 10/21 06:01:21 Started transferring input files
	Transferring to host: <188.185.208.77:9618?addrs=188.185.208.77-9618+[2001-1458-303-f--100-4a]-9618&alias=b9p09p0413.cern.ch&noUDP&sock=slot1_47_50441_ff5c_129455>
...
040 (15556765.269.000) 10/21 06:01:21 Finished transferring input files
...
001 (15556765.269.000) 10/21 06:01:22 Job executing on host: <188.185.208.77:9618?addrs=188.185.208.77-9618+[2001-1458-303-f--100-4a]-9618&alias=b9p09p0413.cern.ch&noUDP&sock=startd_49272_127c>
	SlotName: slot1_47@b9p09p0413.cern.ch
	CondorScratchDir = "/pool/condor/dir_3518295"
	Cpus = 1
	Disk = 2655425
	Memory = 2000
...
006 (15556765.269.000) 10/21 06:01:30 Image size of job updated: 151500
	148  -  MemoryUsage of job (MB)
	151020  -  ResidentSetSize of job (KB)
...
006 (15556765.269.000) 10/21 06:06:30 Image size of job updated: 969716
	945  -  MemoryUsage of job (MB)
	967056  -  ResidentSetSize of job (KB)
...
006 (15556765.269.000) 10/21 06:11:31 Image size of job updated: 970456
	945  -  MemoryUsage of job (MB)
	967236  -  ResidentSetSize of job (KB)
...
006 (15556765.269.000) 10/21 06:16:32 Image size of job updated: 971036
	945  -  MemoryUsage of job (MB)
	967368  -  ResidentSetSize of job (KB)
...
006 (15556765.269.000) 10/21 06:20:27 Image size of job updated: 972780
	945  -  MemoryUsage of job (MB)
	967368  -  ResidentSetSize of job (KB)
...
040 (15556765.269.000) 10/21 06:20:27 Started transferring output files
...
040 (15556765.269.000) 10/21 06:20:27 Finished transferring output files
...
005 (15556765.269.000) 10/21 06:20:27 Job terminated.
	(1) Normal termination (return value 0)
		Usr 0 00:14:21, Sys 0 00:00:08  -  Run Remote Usage
		Usr 0 00:00:00, Sys 0 00:00:00  -  Run Local Usage
		Usr 0 00:14:21, Sys 0 00:00:08  -  Total Remote Usage
		Usr 0 00:00:00, Sys 0 00:00:00  -  Total Local Usage
	27450  -  Run Bytes Sent By Job
	229  -  Run Bytes Received By Job
	27450  -  Total Bytes Sent By Job
	229  -  Total Bytes Received By Job
	Partitionable Resources :    Usage  Request Allocated 
	   Cpus                 :     0.99        1         1 
	   Disk (KB)            :    68           1   2655425 
	   Memory (MB)          :   945        2000      2000 

	Job terminated of its own accord at 2024-10-21T04:20:27Z with exit-code 0.
...
