000 (15556765.267.000) 10/21 05:59:05 Job submitted from host: <188.184.90.241:9618?addrs=188.184.90.241-9618+[2001-1458-201-e4--100-2eb]-9618&alias=bigbird15.cern.ch&noUDP&sock=schedd_25064_65d2>
...
040 (15556765.267.000) 10/21 06:01:20 Started transferring input files
	Transferring to host: <188.185.205.135:9618?addrs=188.185.205.135-9618+[2001-1458-303-a--100-4]-9618&alias=b9p04p1020.cern.ch&noUDP&sock=slot1_31_3740_eb11_81472>
...
040 (15556765.267.000) 10/21 06:01:20 Finished transferring input files
...
001 (15556765.267.000) 10/21 06:01:21 Job executing on host: <188.185.205.135:9618?addrs=188.185.205.135-9618+[2001-1458-303-a--100-4]-9618&alias=b9p04p1020.cern.ch&noUDP&sock=startd_3627_6617>
	SlotName: slot1_31@b9p04p1020.cern.ch
	CondorScratchDir = "/pool/condor/dir_1642081"
	Cpus = 1
	Disk = 2687417
	Memory = 2000
...
006 (15556765.267.000) 10/21 06:01:30 Image size of job updated: 160364
	157  -  MemoryUsage of job (MB)
	159884  -  ResidentSetSize of job (KB)
...
006 (15556765.267.000) 10/21 06:06:31 Image size of job updated: 962148
	939  -  MemoryUsage of job (MB)
	960632  -  ResidentSetSize of job (KB)
...
006 (15556765.267.000) 10/21 06:11:32 Image size of job updated: 966780
	943  -  MemoryUsage of job (MB)
	965272  -  ResidentSetSize of job (KB)
...
006 (15556765.267.000) 10/21 06:12:02 Image size of job updated: 967984
	943  -  MemoryUsage of job (MB)
	965272  -  ResidentSetSize of job (KB)
...
040 (15556765.267.000) 10/21 06:12:02 Started transferring output files
...
040 (15556765.267.000) 10/21 06:12:02 Finished transferring output files
...
005 (15556765.267.000) 10/21 06:12:02 Job terminated.
	(1) Normal termination (return value 0)
		Usr 0 00:06:38, Sys 0 00:00:08  -  Run Remote Usage
		Usr 0 00:00:00, Sys 0 00:00:00  -  Run Local Usage
		Usr 0 00:06:38, Sys 0 00:00:08  -  Total Remote Usage
		Usr 0 00:00:00, Sys 0 00:00:00  -  Total Local Usage
	12195  -  Run Bytes Sent By Job
	229  -  Run Bytes Received By Job
	12195  -  Total Bytes Sent By Job
	229  -  Total Bytes Received By Job
	Partitionable Resources :    Usage  Request Allocated 
	   Cpus                 :        0        1         1 
	   Disk (KB)            :      523        1   2687417 
	   Memory (MB)          :      943     2000      2000 

	Job terminated of its own accord at 2024-10-21T04:12:02Z with exit-code 0.
...
