000 (15556765.532.000) 10/21 05:59:06 Job submitted from host: <188.184.90.241:9618?addrs=188.184.90.241-9618+[2001-1458-201-e4--100-2eb]-9618&alias=bigbird15.cern.ch&noUDP&sock=schedd_25064_65d2>
...
040 (15556765.532.000) 10/21 06:05:50 Started transferring input files
	Transferring to host: <188.185.192.40:9618?addrs=188.185.192.40-9618+[2001-1458-303-1f--100-24]-9618&alias=b9p13p2679.cern.ch&noUDP&sock=slot1_35_2198458_4af1_27141>
...
040 (15556765.532.000) 10/21 06:05:50 Finished transferring input files
...
001 (15556765.532.000) 10/21 06:05:51 Job executing on host: <188.185.192.40:9618?addrs=188.185.192.40-9618+[2001-1458-303-1f--100-24]-9618&alias=b9p13p2679.cern.ch&noUDP&sock=startd_11057_c2c3>
	SlotName: slot1_35@b9p13p2679.cern.ch
	CondorScratchDir = "/pool/condor/dir_420433"
	Cpus = 1
	Disk = 3013646
	Memory = 2000
...
006 (15556765.532.000) 10/21 06:06:00 Image size of job updated: 18720
	18  -  MemoryUsage of job (MB)
	18240  -  ResidentSetSize of job (KB)
...
006 (15556765.532.000) 10/21 06:11:01 Image size of job updated: 2347848
	2291  -  MemoryUsage of job (MB)
	2345936  -  ResidentSetSize of job (KB)
...
006 (15556765.532.000) 10/21 06:21:01 Image size of job updated: 2355800
	2299  -  MemoryUsage of job (MB)
	2353236  -  ResidentSetSize of job (KB)
...
006 (15556765.532.000) 10/21 06:26:02 Image size of job updated: 2357636
	2299  -  MemoryUsage of job (MB)
	2354144  -  ResidentSetSize of job (KB)
...
040 (15556765.532.000) 10/21 06:26:02 Started transferring output files
...
040 (15556765.532.000) 10/21 06:26:02 Finished transferring output files
...
009 (15556765.532.000) 10/21 06:26:02 Job was aborted.
	Job removed by SYSTEM_PERIODIC_REMOVE due to wall time exceeded allowed max.
...
