000 (15556765.387.000) 10/21 05:59:06 Job submitted from host: <188.184.90.241:9618?addrs=188.184.90.241-9618+[2001-1458-201-e4--100-2eb]-9618&alias=bigbird15.cern.ch&noUDP&sock=schedd_25064_65d2>
...
040 (15556765.387.000) 10/21 06:02:04 Started transferring input files
	Transferring to host: <128.142.51.203:9618?addrs=128.142.51.203-9618+[2001-1458-301-3--100-8]-9618&alias=b9g02p3210.cern.ch&noUDP&sock=slot1_24_8689_efba_26745>
...
040 (15556765.387.000) 10/21 06:02:04 Finished transferring input files
...
001 (15556765.387.000) 10/21 06:02:05 Job executing on host: <128.142.51.203:9618?addrs=128.142.51.203-9618+[2001-1458-301-3--100-8]-9618&alias=b9g02p3210.cern.ch&noUDP&sock=startd_8192_9bed>
	SlotName: slot1_24@b9g02p3210.cern.ch
	CondorScratchDir = "/pool/condor/dir_1886815"
	Cpus = 1
	Disk = 3001083
	Memory = 2000
...
006 (15556765.387.000) 10/21 06:02:13 Image size of job updated: 167024
	163  -  MemoryUsage of job (MB)
	166636  -  ResidentSetSize of job (KB)
...
006 (15556765.387.000) 10/21 06:07:13 Image size of job updated: 756748
	739  -  MemoryUsage of job (MB)
	755760  -  ResidentSetSize of job (KB)
...
006 (15556765.387.000) 10/21 06:09:44 Image size of job updated: 758204
	739  -  MemoryUsage of job (MB)
	755760  -  ResidentSetSize of job (KB)
...
040 (15556765.387.000) 10/21 06:09:45 Started transferring output files
...
040 (15556765.387.000) 10/21 06:09:45 Finished transferring output files
...
005 (15556765.387.000) 10/21 06:09:45 Job terminated.
	(1) Normal termination (return value 0)
		Usr 0 00:06:37, Sys 0 00:00:07  -  Run Remote Usage
		Usr 0 00:00:00, Sys 0 00:00:00  -  Run Local Usage
		Usr 0 00:06:37, Sys 0 00:00:07  -  Total Remote Usage
		Usr 0 00:00:00, Sys 0 00:00:00  -  Total Local Usage
	12681  -  Run Bytes Sent By Job
	229  -  Run Bytes Received By Job
	12681  -  Total Bytes Sent By Job
	229  -  Total Bytes Received By Job
	Partitionable Resources :    Usage  Request Allocated 
	   Cpus                 :     0.88        1         1 
	   Disk (KB)            :    55           1   3001083 
	   Memory (MB)          :   739        2000      2000 

	Job terminated of its own accord at 2024-10-21T04:09:44Z with exit-code 0.
...
