000 (15556765.369.000) 10/21 05:59:06 Job submitted from host: <188.184.90.241:9618?addrs=188.184.90.241-9618+[2001-1458-201-e4--100-2eb]-9618&alias=bigbird15.cern.ch&noUDP&sock=schedd_25064_65d2>
...
040 (15556765.369.000) 10/21 06:01:57 Started transferring input files
	Transferring to host: <128.142.131.118:9618?addrs=128.142.131.118-9618+[2001-1458-301-59--100-6a]-9618&alias=b9g11p6962.cern.ch&noUDP&sock=slot1_26_2702687_3ce9_44782>
...
040 (15556765.369.000) 10/21 06:01:57 Finished transferring input files
...
001 (15556765.369.000) 10/21 06:01:58 Job executing on host: <128.142.131.118:9618?addrs=128.142.131.118-9618+[2001-1458-301-59--100-6a]-9618&alias=b9g11p6962.cern.ch&noUDP&sock=startd_2626_cbca>
	SlotName: slot1_26@b9g11p6962.cern.ch
	CondorScratchDir = "/pool/condor/dir_823689"
	Cpus = 1
	Disk = 1693374
	Memory = 2000
...
006 (15556765.369.000) 10/21 06:02:07 Image size of job updated: 151248
	148  -  MemoryUsage of job (MB)
	151248  -  ResidentSetSize of job (KB)
...
006 (15556765.369.000) 10/21 06:07:08 Image size of job updated: 773072
	755  -  MemoryUsage of job (MB)
	773072  -  ResidentSetSize of job (KB)
...
040 (15556765.369.000) 10/21 06:09:38 Started transferring output files
...
040 (15556765.369.000) 10/21 06:09:38 Finished transferring output files
...
005 (15556765.369.000) 10/21 06:09:38 Job terminated.
	(1) Normal termination (return value 0)
		Usr 0 00:06:18, Sys 0 00:00:07  -  Run Remote Usage
		Usr 0 00:00:00, Sys 0 00:00:00  -  Run Local Usage
		Usr 0 00:06:18, Sys 0 00:00:07  -  Total Remote Usage
		Usr 0 00:00:00, Sys 0 00:00:00  -  Total Local Usage
	12252  -  Run Bytes Sent By Job
	229  -  Run Bytes Received By Job
	12252  -  Total Bytes Sent By Job
	229  -  Total Bytes Received By Job
	Partitionable Resources :    Usage  Request Allocated 
	   Cpus                 :     0.87        1         1 
	   Disk (KB)            :    53           1   1693374 
	   Memory (MB)          :   755        2000      2000 

	Job terminated of its own accord at 2024-10-21T04:09:38Z with exit-code 0.
...
