000 (15556765.372.000) 10/21 05:59:06 Job submitted from host: <188.184.90.241:9618?addrs=188.184.90.241-9618+[2001-1458-201-e4--100-2eb]-9618&alias=bigbird15.cern.ch&noUDP&sock=schedd_25064_65d2>
...
040 (15556765.372.000) 10/21 06:01:58 Started transferring input files
	Transferring to host: <188.185.206.148:9618?addrs=188.185.206.148-9618&alias=b9p06p7528.cern.ch&noUDP&sock=slot1_20_5460_d057_261421>
...
040 (15556765.372.000) 10/21 06:01:58 Finished transferring input files
...
001 (15556765.372.000) 10/21 06:01:59 Job executing on host: <188.185.206.148:9618?addrs=188.185.206.148-9618&alias=b9p06p7528.cern.ch&noUDP&sock=startd_5003_3868>
	SlotName: slot1_20@b9p06p7528.cern.ch
	CondorScratchDir = "/pool/condor/dir_3294811"
	Cpus = 1
	Disk = 2506561
	Memory = 2000
...
006 (15556765.372.000) 10/21 06:02:08 Image size of job updated: 287968
	282  -  MemoryUsage of job (MB)
	287932  -  ResidentSetSize of job (KB)
...
006 (15556765.372.000) 10/21 06:07:09 Image size of job updated: 1282332
	1250  -  MemoryUsage of job (MB)
	1279900  -  ResidentSetSize of job (KB)
...
006 (15556765.372.000) 10/21 06:09:38 Image size of job updated: 1282376
	1250  -  MemoryUsage of job (MB)
	1279900  -  ResidentSetSize of job (KB)
...
040 (15556765.372.000) 10/21 06:09:38 Started transferring output files
...
040 (15556765.372.000) 10/21 06:09:38 Finished transferring output files
...
005 (15556765.372.000) 10/21 06:09:38 Job terminated.
	(1) Normal termination (return value 0)
		Usr 0 00:04:24, Sys 0 00:00:06  -  Run Remote Usage
		Usr 0 00:00:00, Sys 0 00:00:00  -  Run Local Usage
		Usr 0 00:04:24, Sys 0 00:00:06  -  Total Remote Usage
		Usr 0 00:00:00, Sys 0 00:00:00  -  Total Local Usage
	11399  -  Run Bytes Sent By Job
	229  -  Run Bytes Received By Job
	11399  -  Total Bytes Sent By Job
	229  -  Total Bytes Received By Job
	Partitionable Resources :    Usage  Request Allocated 
	   Cpus                 :     0.75        1         1 
	   Disk (KB)            :    55           1   2506561 
	   Memory (MB)          :  1250        2000      2000 

	Job terminated of its own accord at 2024-10-21T04:09:38Z with exit-code 0.
...
