000 (15556765.022.000) 10/21 05:59:05 Job submitted from host: <188.184.90.241:9618?addrs=188.184.90.241-9618+[2001-1458-201-e4--100-2eb]-9618&alias=bigbird15.cern.ch&noUDP&sock=schedd_25064_65d2>
...
040 (15556765.022.000) 10/21 05:59:55 Started transferring input files
	Transferring to host: <188.185.195.97:9618?addrs=188.185.195.97-9618+[2001-1458-303-22--100-5d]-9618&alias=b9p17p6795.cern.ch&noUDP&sock=slot1_27_6439_9b9f_3105>
...
040 (15556765.022.000) 10/21 05:59:55 Finished transferring input files
...
001 (15556765.022.000) 10/21 05:59:56 Job executing on host: <188.185.195.97:9618?addrs=188.185.195.97-9618+[2001-1458-303-22--100-5d]-9618&alias=b9p17p6795.cern.ch&noUDP&sock=startd_5256_c1de>
	SlotName: slot1_27@b9p17p6795.cern.ch
	CondorScratchDir = "/pool/condor/dir_1692513"
	Cpus = 1
	Disk = 3804
	GPUs = 0
	Memory = 2000
...
006 (15556765.022.000) 10/21 06:00:05 Image size of job updated: 611376
	598  -  MemoryUsage of job (MB)
	611376  -  ResidentSetSize of job (KB)
...
006 (15556765.022.000) 10/21 06:03:10 Image size of job updated: 1543392
	1508  -  MemoryUsage of job (MB)
	1543392  -  ResidentSetSize of job (KB)
...
040 (15556765.022.000) 10/21 06:03:10 Started transferring output files
...
040 (15556765.022.000) 10/21 06:03:10 Finished transferring output files
...
005 (15556765.022.000) 10/21 06:03:10 Job terminated.
	(1) Normal termination (return value 0)
		Usr 0 00:02:44, Sys 0 00:00:08  -  Run Remote Usage
		Usr 0 00:00:00, Sys 0 00:00:00  -  Run Local Usage
		Usr 0 00:02:44, Sys 0 00:00:08  -  Total Remote Usage
		Usr 0 00:00:00, Sys 0 00:00:00  -  Total Local Usage
	2538  -  Run Bytes Sent By Job
	229  -  Run Bytes Received By Job
	2538  -  Total Bytes Sent By Job
	229  -  Total Bytes Received By Job
	Partitionable Resources :    Usage  Request Allocated 
	   Cpus                 :        0        1         1 
	   Disk (KB)            :       44        1      3804 
	   GPUs                 :                           0 
	   Memory (MB)          :     1508     2000      2000 

	Job terminated of its own accord at 2024-10-21T04:03:10Z with exit-code 0.
...
000 (15556766.022.000) 10/21 07:29:07 Job submitted from host: <188.184.90.241:9618?addrs=188.184.90.241-9618+[2001-1458-201-e4--100-2eb]-9618&alias=bigbird15.cern.ch&noUDP&sock=schedd_25064_65d2>
...
040 (15556766.022.000) 10/21 07:30:03 Started transferring input files
	Transferring to host: <188.185.192.172:9618?addrs=188.185.192.172-9618+[2001-1458-303-1f--100-a8]-9618&alias=b9p13p7703.cern.ch&noUDP&sock=slot1_10_11311_5f65_3117>
...
040 (15556766.022.000) 10/21 07:30:03 Finished transferring input files
...
001 (15556766.022.000) 10/21 07:30:04 Job executing on host: <188.185.192.172:9618?addrs=188.185.192.172-9618+[2001-1458-303-1f--100-a8]-9618&alias=b9p13p7703.cern.ch&noUDP&sock=startd_10954_1c82>
	SlotName: slot1_10@b9p13p7703.cern.ch
	CondorScratchDir = "/pool/condor/dir_3880788"
	Cpus = 1
	Disk = 3890
	GPUs = 0
	Memory = 2000
...
006 (15556766.022.000) 10/21 07:30:13 Image size of job updated: 608448
	595  -  MemoryUsage of job (MB)
	608448  -  ResidentSetSize of job (KB)
...
006 (15556766.022.000) 10/21 07:35:14 Image size of job updated: 2323864
	2270  -  MemoryUsage of job (MB)
	2323864  -  ResidentSetSize of job (KB)
...
006 (15556766.022.000) 10/21 07:45:15 Image size of job updated: 2329352
	2275  -  MemoryUsage of job (MB)
	2329352  -  ResidentSetSize of job (KB)
...
006 (15556766.022.000) 10/21 07:50:15 Image size of job updated: 2330256
	2276  -  MemoryUsage of job (MB)
	2330256  -  ResidentSetSize of job (KB)
...
040 (15556766.022.000) 10/21 07:50:15 Started transferring output files
...
040 (15556766.022.000) 10/21 07:50:15 Finished transferring output files
...
009 (15556766.022.000) 10/21 07:50:15 Job was aborted.
	Job removed by SYSTEM_PERIODIC_REMOVE due to wall time exceeded allowed max.
...
