000 (15556765.114.000) 10/21 05:59:05 Job submitted from host: <188.184.90.241:9618?addrs=188.184.90.241-9618+[2001-1458-201-e4--100-2eb]-9618&alias=bigbird15.cern.ch&noUDP&sock=schedd_25064_65d2>
...
040 (15556765.114.000) 10/21 06:00:25 Started transferring input files
	Transferring to host: <128.142.131.98:9618?addrs=128.142.131.98-9618+[2001-1458-301-59--100-56]-9618&alias=b9g11p8838.cern.ch&noUDP&sock=slot1_34_2995_ff93_49809>
...
040 (15556765.114.000) 10/21 06:00:26 Finished transferring input files
...
001 (15556765.114.000) 10/21 06:00:26 Job executing on host: <128.142.131.98:9618?addrs=128.142.131.98-9618+[2001-1458-301-59--100-56]-9618&alias=b9g11p8838.cern.ch&noUDP&sock=startd_2672_5925>
	SlotName: slot1_34@b9g11p8838.cern.ch
	CondorScratchDir = "/pool/condor/dir_1490073"
	Cpus = 1
	Disk = 1764387
	Memory = 2000
...
006 (15556765.114.000) 10/21 06:00:35 Image size of job updated: 147476
	145  -  MemoryUsage of job (MB)
	147476  -  ResidentSetSize of job (KB)
...
006 (15556765.114.000) 10/21 06:05:36 Image size of job updated: 992076
	969  -  MemoryUsage of job (MB)
	992076  -  ResidentSetSize of job (KB)
...
040 (15556765.114.000) 10/21 06:10:30 Started transferring output files
...
040 (15556765.114.000) 10/21 06:10:30 Finished transferring output files
...
005 (15556765.114.000) 10/21 06:10:30 Job terminated.
	(1) Normal termination (return value 0)
		Usr 0 00:08:33, Sys 0 00:00:12  -  Run Remote Usage
		Usr 0 00:00:00, Sys 0 00:00:00  -  Run Local Usage
		Usr 0 00:08:33, Sys 0 00:00:12  -  Total Remote Usage
		Usr 0 00:00:00, Sys 0 00:00:00  -  Total Local Usage
	7234  -  Run Bytes Sent By Job
	229  -  Run Bytes Received By Job
	7234  -  Total Bytes Sent By Job
	229  -  Total Bytes Received By Job
	Partitionable Resources :    Usage  Request Allocated 
	   Cpus                 :     0.42        1         1 
	   Disk (KB)            :    48           1   1764387 
	   Memory (MB)          :   969        2000      2000 

	Job terminated of its own accord at 2024-10-21T04:10:30Z with exit-code 0.
...
000 (15556766.114.000) 10/21 07:29:12 Job submitted from host: <188.184.90.241:9618?addrs=188.184.90.241-9618+[2001-1458-201-e4--100-2eb]-9618&alias=bigbird15.cern.ch&noUDP&sock=schedd_25064_65d2>
...
040 (15556766.114.000) 10/21 07:30:33 Started transferring input files
	Transferring to host: <128.142.137.61:9618?addrs=128.142.137.61-9618+[2001-1458-301-5e--100-31]-9618&alias=b9g19p6692.cern.ch&noUDP&sock=slot1_18_3816408_6f32_93506>
...
040 (15556766.114.000) 10/21 07:30:33 Finished transferring input files
...
001 (15556766.114.000) 10/21 07:30:34 Job executing on host: <128.142.137.61:9618?addrs=128.142.137.61-9618+[2001-1458-301-5e--100-31]-9618&alias=b9g19p6692.cern.ch&noUDP&sock=startd_2408_4424>
	SlotName: slot1_18@b9g19p6692.cern.ch
	CondorScratchDir = "/pool/condor/dir_2237397"
	Cpus = 1
	Disk = 1772518
	Memory = 2000
...
006 (15556766.114.000) 10/21 07:30:43 Image size of job updated: 150148
	147  -  MemoryUsage of job (MB)
	150148  -  ResidentSetSize of job (KB)
...
006 (15556766.114.000) 10/21 07:35:44 Image size of job updated: 991244
	969  -  MemoryUsage of job (MB)
	991244  -  ResidentSetSize of job (KB)
...
006 (15556766.114.000) 10/21 07:40:45 Image size of job updated: 991420
	969  -  MemoryUsage of job (MB)
	991420  -  ResidentSetSize of job (KB)
...
040 (15556766.114.000) 10/21 07:50:46 Started transferring output files
...
040 (15556766.114.000) 10/21 07:50:46 Finished transferring output files
...
009 (15556766.114.000) 10/21 07:50:46 Job was aborted.
	Job removed by SYSTEM_PERIODIC_REMOVE due to wall time exceeded allowed max.
...
