000 (15556765.060.000) 10/21 05:59:05 Job submitted from host: <188.184.90.241:9618?addrs=188.184.90.241-9618+[2001-1458-201-e4--100-2eb]-9618&alias=bigbird15.cern.ch&noUDP&sock=schedd_25064_65d2>
...
040 (15556765.060.000) 10/21 06:00:57 Started transferring input files
	Transferring to host: <188.185.194.105:9618?addrs=188.185.194.105-9618+[2001-1458-303-21--100-65]-9618&alias=b9p20p0035.cern.ch&noUDP&sock=slot1_15_3786551_7a14_4741>
...
040 (15556765.060.000) 10/21 06:00:57 Finished transferring input files
...
001 (15556765.060.000) 10/21 06:00:58 Job executing on host: <188.185.194.105:9618?addrs=188.185.194.105-9618+[2001-1458-303-21--100-65]-9618&alias=b9p20p0035.cern.ch&noUDP&sock=startd_128359_2d10>
	SlotName: slot1_15@b9p20p0035.cern.ch
	CondorScratchDir = "/pool/condor/dir_270067"
	Cpus = 1
	Disk = 2908344
	Memory = 2000
...
006 (15556765.060.000) 10/21 06:01:07 Image size of job updated: 1980
	2  -  MemoryUsage of job (MB)
	1472  -  ResidentSetSize of job (KB)
...
006 (15556765.060.000) 10/21 06:06:08 Image size of job updated: 271752
	265  -  MemoryUsage of job (MB)
	271240  -  ResidentSetSize of job (KB)
...
006 (15556765.060.000) 10/21 06:11:08 Image size of job updated: 884728
	864  -  MemoryUsage of job (MB)
	884624  -  ResidentSetSize of job (KB)
...
006 (15556765.060.000) 10/21 06:11:38 Image size of job updated: 951216
	864  -  MemoryUsage of job (MB)
	884624  -  ResidentSetSize of job (KB)
...
040 (15556765.060.000) 10/21 06:11:38 Started transferring output files
...
040 (15556765.060.000) 10/21 06:11:38 Finished transferring output files
...
005 (15556765.060.000) 10/21 06:11:39 Job terminated.
	(1) Normal termination (return value 0)
		Usr 0 00:01:47, Sys 0 00:00:07  -  Run Remote Usage
		Usr 0 00:00:00, Sys 0 00:00:00  -  Run Local Usage
		Usr 0 00:01:47, Sys 0 00:00:07  -  Total Remote Usage
		Usr 0 00:00:00, Sys 0 00:00:00  -  Total Local Usage
	1764  -  Run Bytes Sent By Job
	229  -  Run Bytes Received By Job
	1764  -  Total Bytes Sent By Job
	229  -  Total Bytes Received By Job
	Partitionable Resources :    Usage  Request Allocated 
	   Cpus                 :     0.00        1         1 
	   Disk (KB)            :    43           1   2908344 
	   Memory (MB)          :   864        2000      2000 

	Job terminated of its own accord at 2024-10-21T04:11:38Z with exit-code 0.
...
000 (15556766.060.000) 10/21 07:29:09 Job submitted from host: <188.184.90.241:9618?addrs=188.184.90.241-9618+[2001-1458-201-e4--100-2eb]-9618&alias=bigbird15.cern.ch&noUDP&sock=schedd_25064_65d2>
...
040 (15556766.060.000) 10/21 07:30:17 Started transferring input files
	Transferring to host: <188.185.198.131:9618?addrs=188.185.198.131-9618+[2001-1458-303-25--100-7f]-9618&alias=b9p15p7969.cern.ch&noUDP&sock=slot1_9_1143400_7c99_68702>
...
040 (15556766.060.000) 10/21 07:30:17 Finished transferring input files
...
001 (15556766.060.000) 10/21 07:30:18 Job executing on host: <188.185.198.131:9618?addrs=188.185.198.131-9618+[2001-1458-303-25--100-7f]-9618&alias=b9p15p7969.cern.ch&noUDP&sock=startd_11855_1f56>
	SlotName: slot1_9@b9p15p7969.cern.ch
	CondorScratchDir = "/pool/condor/dir_1620568"
	Cpus = 1
	Disk = 2991083
	Memory = 2000
...
006 (15556766.060.000) 10/21 07:30:26 Image size of job updated: 152168
	149  -  MemoryUsage of job (MB)
	151868  -  ResidentSetSize of job (KB)
...
006 (15556766.060.000) 10/21 07:35:26 Image size of job updated: 989260
	965  -  MemoryUsage of job (MB)
	987600  -  ResidentSetSize of job (KB)
...
006 (15556766.060.000) 10/21 07:40:26 Image size of job updated: 990240
	965  -  MemoryUsage of job (MB)
	987908  -  ResidentSetSize of job (KB)
...
040 (15556766.060.000) 10/21 07:50:27 Started transferring output files
...
040 (15556766.060.000) 10/21 07:50:27 Finished transferring output files
...
009 (15556766.060.000) 10/21 07:50:27 Job was aborted.
	Job removed by SYSTEM_PERIODIC_REMOVE due to wall time exceeded allowed max.
...
