000 (15556765.595.000) 10/21 05:59:06 Job submitted from host: <188.184.90.241:9618?addrs=188.184.90.241-9618+[2001-1458-201-e4--100-2eb]-9618&alias=bigbird15.cern.ch&noUDP&sock=schedd_25064_65d2>
...
040 (15556765.595.000) 10/21 06:06:11 Started transferring input files
	Transferring to host: <188.185.205.218:9618?addrs=188.185.205.218-9618+[2001-1458-303-a--100-57]-9618&alias=b9p04p8395.cern.ch&noUDP&sock=slot1_25_3658_244e_85693>
...
040 (15556765.595.000) 10/21 06:06:11 Finished transferring input files
...
001 (15556765.595.000) 10/21 06:06:12 Job executing on host: <188.185.205.218:9618?addrs=188.185.205.218-9618+[2001-1458-303-a--100-57]-9618&alias=b9p04p8395.cern.ch&noUDP&sock=startd_3328_4f46>
	SlotName: slot1_25@b9p04p8395.cern.ch
	CondorScratchDir = "/pool/condor/dir_1698094"
	Cpus = 1
	Disk = 2583246
	Memory = 2000
...
006 (15556765.595.000) 10/21 06:06:21 Image size of job updated: 704332
	688  -  MemoryUsage of job (MB)
	704240  -  ResidentSetSize of job (KB)
...
006 (15556765.595.000) 10/21 06:11:22 Image size of job updated: 2075400
	2025  -  MemoryUsage of job (MB)
	2072928  -  ResidentSetSize of job (KB)
...
006 (15556765.595.000) 10/21 06:16:22 Image size of job updated: 2088608
	2038  -  MemoryUsage of job (MB)
	2086540  -  ResidentSetSize of job (KB)
...
006 (15556765.595.000) 10/21 06:20:33 Image size of job updated: 2091116
	2038  -  MemoryUsage of job (MB)
	2086540  -  ResidentSetSize of job (KB)
...
040 (15556765.595.000) 10/21 06:20:33 Started transferring output files
...
040 (15556765.595.000) 10/21 06:20:33 Finished transferring output files
...
005 (15556765.595.000) 10/21 06:20:33 Job terminated.
	(1) Normal termination (return value 0)
		Usr 0 00:11:50, Sys 0 00:00:08  -  Run Remote Usage
		Usr 0 00:00:00, Sys 0 00:00:00  -  Run Local Usage
		Usr 0 00:11:50, Sys 0 00:00:08  -  Total Remote Usage
		Usr 0 00:00:00, Sys 0 00:00:00  -  Total Local Usage
	32321  -  Run Bytes Sent By Job
	229  -  Run Bytes Received By Job
	32321  -  Total Bytes Sent By Job
	229  -  Total Bytes Received By Job
	Partitionable Resources :    Usage  Request Allocated 
	   Cpus                 :     0.94        1         1 
	   Disk (KB)            :    76           1   2583246 
	   Memory (MB)          :  2038        2000      2000 

	Job terminated of its own accord at 2024-10-21T04:20:33Z with exit-code 0.
...
