000 (15556765.274.000) 10/21 05:59:05 Job submitted from host: <188.184.90.241:9618?addrs=188.184.90.241-9618+[2001-1458-201-e4--100-2eb]-9618&alias=bigbird15.cern.ch&noUDP&sock=schedd_25064_65d2>
...
040 (15556765.274.000) 10/21 06:01:29 Started transferring input files
	Transferring to host: <188.185.207.9:9618?addrs=188.185.207.9-9618+[2001-1458-303-d--100-6]-9618&alias=b9p07p6005.cern.ch&noUDP&sock=slot1_42_4138_5861_249041>
...
040 (15556765.274.000) 10/21 06:01:29 Finished transferring input files
...
001 (15556765.274.000) 10/21 06:01:30 Job executing on host: <188.185.207.9:9618?addrs=188.185.207.9-9618+[2001-1458-303-d--100-6]-9618&alias=b9p07p6005.cern.ch&noUDP&sock=startd_3645_becb>
	SlotName: slot1_42@b9p07p6005.cern.ch
	CondorScratchDir = "/pool/condor/dir_2309580"
	Cpus = 1
	Disk = 2857348
	Memory = 2000
...
006 (15556765.274.000) 10/21 06:01:38 Image size of job updated: 147152
	143  -  MemoryUsage of job (MB)
	146356  -  ResidentSetSize of job (KB)
...
006 (15556765.274.000) 10/21 06:06:38 Image size of job updated: 964620
	940  -  MemoryUsage of job (MB)
	962320  -  ResidentSetSize of job (KB)
...
006 (15556765.274.000) 10/21 06:11:39 Image size of job updated: 965428
	941  -  MemoryUsage of job (MB)
	962624  -  ResidentSetSize of job (KB)
...
006 (15556765.274.000) 10/21 06:16:40 Image size of job updated: 966264
	941  -  MemoryUsage of job (MB)
	962892  -  ResidentSetSize of job (KB)
...
006 (15556765.274.000) 10/21 06:21:16 Image size of job updated: 966532
	941  -  MemoryUsage of job (MB)
	962892  -  ResidentSetSize of job (KB)
...
040 (15556765.274.000) 10/21 06:21:16 Started transferring output files
...
040 (15556765.274.000) 10/21 06:21:16 Finished transferring output files
...
005 (15556765.274.000) 10/21 06:21:16 Job terminated.
	(1) Normal termination (return value 0)
		Usr 0 00:15:09, Sys 0 00:00:11  -  Run Remote Usage
		Usr 0 00:00:00, Sys 0 00:00:00  -  Run Local Usage
		Usr 0 00:15:09, Sys 0 00:00:11  -  Total Remote Usage
		Usr 0 00:00:00, Sys 0 00:00:00  -  Total Local Usage
	23355  -  Run Bytes Sent By Job
	229  -  Run Bytes Received By Job
	23355  -  Total Bytes Sent By Job
	229  -  Total Bytes Received By Job
	Partitionable Resources :    Usage  Request Allocated 
	   Cpus                 :     0.73        1         1 
	   Disk (KB)            :    68           1   2857348 
	   Memory (MB)          :   941        2000      2000 

	Job terminated of its own accord at 2024-10-21T04:21:16Z with exit-code 0.
...
