000 (15556765.610.000) 10/21 05:59:06 Job submitted from host: <188.184.90.241:9618?addrs=188.184.90.241-9618+[2001-1458-201-e4--100-2eb]-9618&alias=bigbird15.cern.ch&noUDP&sock=schedd_25064_65d2>
...
040 (15556765.610.000) 10/21 06:06:17 Started transferring input files
	Transferring to host: <188.185.205.33:9618?addrs=188.185.205.33-9618+[2001-1458-303-9--100-95]-9618&alias=b9p03p9241.cern.ch&noUDP&sock=slot1_24_5462_3917_82631>
...
040 (15556765.610.000) 10/21 06:06:17 Finished transferring input files
...
001 (15556765.610.000) 10/21 06:06:18 Job executing on host: <188.185.205.33:9618?addrs=188.185.205.33-9618+[2001-1458-303-9--100-95]-9618&alias=b9p03p9241.cern.ch&noUDP&sock=startd_4613_b678>
	SlotName: slot1_24@b9p03p9241.cern.ch
	CondorScratchDir = "/pool/condor/dir_3008442"
	Cpus = 1
	Disk = 2685826
	Memory = 2000
...
006 (15556765.610.000) 10/21 06:06:27 Image size of job updated: 155216
	152  -  MemoryUsage of job (MB)
	155212  -  ResidentSetSize of job (KB)
...
006 (15556765.610.000) 10/21 06:11:28 Image size of job updated: 769664
	751  -  MemoryUsage of job (MB)
	768716  -  ResidentSetSize of job (KB)
...
006 (15556765.610.000) 10/21 06:16:28 Image size of job updated: 781248
	761  -  MemoryUsage of job (MB)
	778536  -  ResidentSetSize of job (KB)
...
040 (15556765.610.000) 10/21 06:18:55 Started transferring output files
...
040 (15556765.610.000) 10/21 06:18:55 Finished transferring output files
...
005 (15556765.610.000) 10/21 06:18:55 Job terminated.
	(1) Normal termination (return value 0)
		Usr 0 00:11:04, Sys 0 00:00:06  -  Run Remote Usage
		Usr 0 00:00:00, Sys 0 00:00:00  -  Run Local Usage
		Usr 0 00:11:04, Sys 0 00:00:06  -  Total Remote Usage
		Usr 0 00:00:00, Sys 0 00:00:00  -  Total Local Usage
	31250  -  Run Bytes Sent By Job
	229  -  Run Bytes Received By Job
	31250  -  Total Bytes Sent By Job
	229  -  Total Bytes Received By Job
	Partitionable Resources :    Usage  Request Allocated 
	   Cpus                 :     0.90        1         1 
	   Disk (KB)            :    76           1   2685826 
	   Memory (MB)          :   761        2000      2000 

	Job terminated of its own accord at 2024-10-21T04:18:54Z with exit-code 0.
...
