000 (15556765.186.000) 10/21 05:59:05 Job submitted from host: <188.184.90.241:9618?addrs=188.184.90.241-9618+[2001-1458-201-e4--100-2eb]-9618&alias=bigbird15.cern.ch&noUDP&sock=schedd_25064_65d2>
...
040 (15556765.186.000) 10/21 06:00:49 Started transferring input files
	Transferring to host: <188.185.208.208:9618?addrs=188.185.208.208-9618+[2001-1458-303-10--100-4d]-9618&alias=b9p10p8955.cern.ch&noUDP&sock=slot1_4_4242_9f66_250936>
...
040 (15556765.186.000) 10/21 06:00:49 Finished transferring input files
...
001 (15556765.186.000) 10/21 06:00:50 Job executing on host: <188.185.208.208:9618?addrs=188.185.208.208-9618+[2001-1458-303-10--100-4d]-9618&alias=b9p10p8955.cern.ch&noUDP&sock=startd_3618_39bd>
	SlotName: slot1_4@b9p10p8955.cern.ch
	CondorScratchDir = "/pool/condor/dir_698082"
	Cpus = 1
	Disk = 2625551
	Memory = 2000
...
006 (15556765.186.000) 10/21 06:00:59 Image size of job updated: 305784
	299  -  MemoryUsage of job (MB)
	305780  -  ResidentSetSize of job (KB)
...
006 (15556765.186.000) 10/21 06:04:31 Image size of job updated: 1151488
	299  -  MemoryUsage of job (MB)
	305780  -  ResidentSetSize of job (KB)
...
040 (15556765.186.000) 10/21 06:04:31 Started transferring output files
...
040 (15556765.186.000) 10/21 06:04:31 Finished transferring output files
...
005 (15556765.186.000) 10/21 06:04:31 Job terminated.
	(1) Normal termination (return value 0)
		Usr 0 00:01:11, Sys 0 00:00:06  -  Run Remote Usage
		Usr 0 00:00:00, Sys 0 00:00:00  -  Run Local Usage
		Usr 0 00:01:11, Sys 0 00:00:06  -  Total Remote Usage
		Usr 0 00:00:00, Sys 0 00:00:00  -  Total Local Usage
	2144  -  Run Bytes Sent By Job
	229  -  Run Bytes Received By Job
	2144  -  Total Bytes Sent By Job
	229  -  Total Bytes Received By Job
	Partitionable Resources :    Usage  Request Allocated 
	   Cpus                 :        0        1         1 
	   Disk (KB)            :       48        1   2625551 
	   Memory (MB)          :      299     2000      2000 

	Job terminated of its own accord at 2024-10-21T04:04:31Z with exit-code 0.
...
