000 (15556765.147.000) 10/21 05:59:05 Job submitted from host: <188.184.90.241:9618?addrs=188.184.90.241-9618+[2001-1458-201-e4--100-2eb]-9618&alias=bigbird15.cern.ch&noUDP&sock=schedd_25064_65d2>
...
040 (15556765.147.000) 10/21 06:00:36 Started transferring input files
	Transferring to host: <128.142.192.161:9618?addrs=128.142.192.161-9618+[2001-1458-301-56--100-1d]-9618&alias=b9g18p0292.cern.ch&noUDP&sock=slot1_7_5594_3a9d_3807>
...
040 (15556765.147.000) 10/21 06:00:36 Finished transferring input files
...
001 (15556765.147.000) 10/21 06:00:37 Job executing on host: <128.142.192.161:9618?addrs=128.142.192.161-9618+[2001-1458-301-56--100-1d]-9618&alias=b9g18p0292.cern.ch&noUDP&sock=startd_4324_7b9a>
	SlotName: slot1_7@b9g18p0292.cern.ch
	CondorScratchDir = "/pool/condor/dir_2054561"
	Cpus = 1
	Disk = 3806
	GPUs = 0
	Memory = 2000
...
006 (15556765.147.000) 10/21 06:00:46 Image size of job updated: 147508
	145  -  MemoryUsage of job (MB)
	147508  -  ResidentSetSize of job (KB)
...
006 (15556765.147.000) 10/21 06:04:49 Image size of job updated: 147508
	145  -  MemoryUsage of job (MB)
	147736  -  ResidentSetSize of job (KB)
...
040 (15556765.147.000) 10/21 06:04:49 Started transferring output files
...
040 (15556765.147.000) 10/21 06:04:49 Finished transferring output files
...
005 (15556765.147.000) 10/21 06:04:49 Job terminated.
	(1) Normal termination (return value 0)
		Usr 0 00:03:10, Sys 0 00:00:08  -  Run Remote Usage
		Usr 0 00:00:00, Sys 0 00:00:00  -  Run Local Usage
		Usr 0 00:03:10, Sys 0 00:00:08  -  Total Remote Usage
		Usr 0 00:00:00, Sys 0 00:00:00  -  Total Local Usage
	3842  -  Run Bytes Sent By Job
	229  -  Run Bytes Received By Job
	3842  -  Total Bytes Sent By Job
	229  -  Total Bytes Received By Job
	Partitionable Resources :    Usage  Request Allocated 
	   Cpus                 :     0.97        1         1 
	   Disk (KB)            :    45           1      3806 
	   GPUs                 :                           0 
	   Memory (MB)          :   145        2000      2000 

	Job terminated of its own accord at 2024-10-21T04:04:49Z with exit-code 0.
...
