000 (15556765.209.000) 10/21 05:59:05 Job submitted from host: <188.184.90.241:9618?addrs=188.184.90.241-9618+[2001-1458-201-e4--100-2eb]-9618&alias=bigbird15.cern.ch&noUDP&sock=schedd_25064_65d2>
...
040 (15556765.209.000) 10/21 06:00:57 Started transferring input files
	Transferring to host: <188.185.193.74:9618?addrs=188.185.193.74-9618+[2001-1458-303-20--100-46]-9618&alias=b9p19p8480.cern.ch&noUDP&sock=slot1_27_9052_b3e9_5171>
...
040 (15556765.209.000) 10/21 06:00:57 Finished transferring input files
...
001 (15556765.209.000) 10/21 06:00:58 Job executing on host: <188.185.193.74:9618?addrs=188.185.193.74-9618+[2001-1458-303-20--100-46]-9618&alias=b9p19p8480.cern.ch&noUDP&sock=startd_8042_b8b8>
	SlotName: slot1_27@b9p19p8480.cern.ch
	CondorScratchDir = "/pool/condor/dir_4089466"
	Cpus = 1
	Disk = 3790
	GPUs = 0
	Memory = 2000
...
006 (15556765.209.000) 10/21 06:01:07 Image size of job updated: 156864
	154  -  MemoryUsage of job (MB)
	156864  -  ResidentSetSize of job (KB)
...
006 (15556765.209.000) 10/21 06:06:08 Image size of job updated: 381400
	373  -  MemoryUsage of job (MB)
	381400  -  ResidentSetSize of job (KB)
...
006 (15556765.209.000) 10/21 06:11:08 Image size of job updated: 959392
	937  -  MemoryUsage of job (MB)
	959392  -  ResidentSetSize of job (KB)
...
006 (15556765.209.000) 10/21 06:16:08 Image size of job updated: 959404
	937  -  MemoryUsage of job (MB)
	959404  -  ResidentSetSize of job (KB)
...
006 (15556765.209.000) 10/21 06:21:09 Image size of job updated: 959920
	938  -  MemoryUsage of job (MB)
	959920  -  ResidentSetSize of job (KB)
...
040 (15556765.209.000) 10/21 06:21:09 Started transferring output files
...
040 (15556765.209.000) 10/21 06:21:09 Finished transferring output files
...
009 (15556765.209.000) 10/21 06:21:09 Job was aborted.
	Job removed by SYSTEM_PERIODIC_REMOVE due to wall time exceeded allowed max.
...
