000 (15556765.352.000) 10/21 05:59:06 Job submitted from host: <188.184.90.241:9618?addrs=188.184.90.241-9618+[2001-1458-201-e4--100-2eb]-9618&alias=bigbird15.cern.ch&noUDP&sock=schedd_25064_65d2>
...
040 (15556765.352.000) 10/21 06:01:50 Started transferring input files
	Transferring to host: <188.185.205.21:9618?addrs=188.185.205.21-9618+[2001-1458-303-9--100-89]-9618&alias=b9p03p9934.cern.ch&noUDP&sock=slot1_6_65045_d62e_194436>
...
040 (15556765.352.000) 10/21 06:01:50 Finished transferring input files
...
001 (15556765.352.000) 10/21 06:01:51 Job executing on host: <188.185.205.21:9618?addrs=188.185.205.21-9618+[2001-1458-303-9--100-89]-9618&alias=b9p03p9934.cern.ch&noUDP&sock=startd_3406_cfa9>
	SlotName: slot1_6@b9p03p9934.cern.ch
	CondorScratchDir = "/pool/condor/dir_1284386"
	Cpus = 1
	Disk = 2375704
	Memory = 2000
...
006 (15556765.352.000) 10/21 06:02:00 Image size of job updated: 690896
	675  -  MemoryUsage of job (MB)
	690896  -  ResidentSetSize of job (KB)
...
006 (15556765.352.000) 10/21 06:06:18 Image size of job updated: 1946584
	1166  -  MemoryUsage of job (MB)
	1193320  -  ResidentSetSize of job (KB)
...
040 (15556765.352.000) 10/21 06:06:18 Started transferring output files
...
040 (15556765.352.000) 10/21 06:06:18 Finished transferring output files
...
005 (15556765.352.000) 10/21 06:06:18 Job terminated.
	(1) Normal termination (return value 0)
		Usr 0 00:03:25, Sys 0 00:00:07  -  Run Remote Usage
		Usr 0 00:00:00, Sys 0 00:00:00  -  Run Local Usage
		Usr 0 00:03:25, Sys 0 00:00:07  -  Total Remote Usage
		Usr 0 00:00:00, Sys 0 00:00:00  -  Total Local Usage
	11678  -  Run Bytes Sent By Job
	229  -  Run Bytes Received By Job
	11678  -  Total Bytes Sent By Job
	229  -  Total Bytes Received By Job
	Partitionable Resources :    Usage  Request Allocated 
	   Cpus                 :     0.96        1         1 
	   Disk (KB)            :    56           1   2375704 
	   Memory (MB)          :  1166        2000      2000 

	Job terminated of its own accord at 2024-10-21T04:06:18Z with exit-code 0.
...
