000 (15556765.110.000) 10/21 05:59:05 Job submitted from host: <188.184.90.241:9618?addrs=188.184.90.241-9618+[2001-1458-201-e4--100-2eb]-9618&alias=bigbird15.cern.ch&noUDP&sock=schedd_25064_65d2>
...
040 (15556765.110.000) 10/21 06:00:24 Started transferring input files
	Transferring to host: <128.142.131.85:9618?addrs=128.142.131.85-9618+[2001-1458-301-59--100-49]-9618&alias=b9g11p5455.cern.ch&noUDP&sock=slot1_11_3132487_382f_94946>
...
040 (15556765.110.000) 10/21 06:00:24 Finished transferring input files
...
001 (15556765.110.000) 10/21 06:00:25 Job executing on host: <128.142.131.85:9618?addrs=128.142.131.85-9618+[2001-1458-301-59--100-49]-9618&alias=b9g11p5455.cern.ch&noUDP&sock=startd_141617_0fb0>
	SlotName: slot1_11@b9g11p5455.cern.ch
	CondorScratchDir = "/pool/condor/dir_1111779"
	Cpus = 1
	Disk = 1813128
	Memory = 2000
...
006 (15556765.110.000) 10/21 06:00:33 Image size of job updated: 147424
	144  -  MemoryUsage of job (MB)
	147424  -  ResidentSetSize of job (KB)
...
006 (15556765.110.000) 10/21 06:05:33 Image size of job updated: 986692
	964  -  MemoryUsage of job (MB)
	986692  -  ResidentSetSize of job (KB)
...
006 (15556765.110.000) 10/21 06:10:34 Image size of job updated: 987152
	965  -  MemoryUsage of job (MB)
	987152  -  ResidentSetSize of job (KB)
...
040 (15556765.110.000) 10/21 06:13:21 Started transferring output files
...
040 (15556765.110.000) 10/21 06:13:21 Finished transferring output files
...
005 (15556765.110.000) 10/21 06:13:21 Job terminated.
	(1) Normal termination (return value 0)
		Usr 0 00:11:13, Sys 0 00:00:13  -  Run Remote Usage
		Usr 0 00:00:00, Sys 0 00:00:00  -  Run Local Usage
		Usr 0 00:11:13, Sys 0 00:00:13  -  Total Remote Usage
		Usr 0 00:00:00, Sys 0 00:00:00  -  Total Local Usage
	9230  -  Run Bytes Sent By Job
	229  -  Run Bytes Received By Job
	9230  -  Total Bytes Sent By Job
	229  -  Total Bytes Received By Job
	Partitionable Resources :    Usage  Request Allocated 
	   Cpus                 :     0.88        1         1 
	   Disk (KB)            :    50           1   1813128 
	   Memory (MB)          :   965        2000      2000 

	Job terminated of its own accord at 2024-10-21T04:13:21Z with exit-code 0.
...
000 (15556766.110.000) 10/21 07:29:12 Job submitted from host: <188.184.90.241:9618?addrs=188.184.90.241-9618+[2001-1458-201-e4--100-2eb]-9618&alias=bigbird15.cern.ch&noUDP&sock=schedd_25064_65d2>
...
040 (15556766.110.000) 10/21 07:30:32 Started transferring input files
	Transferring to host: <128.142.131.155:9618?addrs=128.142.131.155-9618+[2001-1458-301-59--100-8f]-9618&alias=b9g11p3585.cern.ch&noUDP&sock=slot1_25_3016_cb74_58957>
...
040 (15556766.110.000) 10/21 07:30:32 Finished transferring input files
...
001 (15556766.110.000) 10/21 07:30:33 Job executing on host: <128.142.131.155:9618?addrs=128.142.131.155-9618+[2001-1458-301-59--100-8f]-9618&alias=b9g11p3585.cern.ch&noUDP&sock=startd_2681_857f>
	SlotName: slot1_25@b9g11p3585.cern.ch
	CondorScratchDir = "/pool/condor/dir_1308528"
	Cpus = 1
	Disk = 1669242
	Memory = 2000
...
006 (15556766.110.000) 10/21 07:30:42 Image size of job updated: 149516
	147  -  MemoryUsage of job (MB)
	149516  -  ResidentSetSize of job (KB)
...
006 (15556766.110.000) 10/21 07:35:43 Image size of job updated: 990616
	968  -  MemoryUsage of job (MB)
	990616  -  ResidentSetSize of job (KB)
...
006 (15556766.110.000) 10/21 07:40:44 Image size of job updated: 990936
	968  -  MemoryUsage of job (MB)
	990936  -  ResidentSetSize of job (KB)
...
040 (15556766.110.000) 10/21 07:50:44 Started transferring output files
...
040 (15556766.110.000) 10/21 07:50:44 Finished transferring output files
...
009 (15556766.110.000) 10/21 07:50:44 Job was aborted.
	Job removed by SYSTEM_PERIODIC_REMOVE due to wall time exceeded allowed max.
...
