000 (15556765.012.000) 10/21 05:59:05 Job submitted from host: <188.184.90.241:9618?addrs=188.184.90.241-9618+[2001-1458-201-e4--100-2eb]-9618&alias=bigbird15.cern.ch&noUDP&sock=schedd_25064_65d2>
...
040 (15556765.012.000) 10/21 05:59:52 Started transferring input files
	Transferring to host: <188.185.194.31:9618?addrs=188.185.194.31-9618+[2001-1458-303-21--100-1b]-9618&alias=b9p20p7018.cern.ch&noUDP&sock=slot1_35_538709_f96c_62466>
...
040 (15556765.012.000) 10/21 05:59:52 Finished transferring input files
...
001 (15556765.012.000) 10/21 05:59:53 Job executing on host: <188.185.194.31:9618?addrs=188.185.194.31-9618+[2001-1458-303-21--100-1b]-9618&alias=b9p20p7018.cern.ch&noUDP&sock=startd_128176_a73b>
	SlotName: slot1_35@b9p20p7018.cern.ch
	CondorScratchDir = "/pool/condor/dir_3107263"
	Cpus = 1
	Disk = 2895280
	Memory = 2000
...
006 (15556765.012.000) 10/21 06:00:01 Image size of job updated: 462240
	451  -  MemoryUsage of job (MB)
	461780  -  ResidentSetSize of job (KB)
...
006 (15556765.012.000) 10/21 06:03:58 Image size of job updated: 2010972
	1027  -  MemoryUsage of job (MB)
	1051212  -  ResidentSetSize of job (KB)
...
040 (15556765.012.000) 10/21 06:03:58 Started transferring output files
...
040 (15556765.012.000) 10/21 06:03:58 Finished transferring output files
...
005 (15556765.012.000) 10/21 06:03:58 Job terminated.
	(1) Normal termination (return value 0)
		Usr 0 00:03:31, Sys 0 00:00:08  -  Run Remote Usage
		Usr 0 00:00:00, Sys 0 00:00:00  -  Run Local Usage
		Usr 0 00:03:31, Sys 0 00:00:08  -  Total Remote Usage
		Usr 0 00:00:00, Sys 0 00:00:00  -  Total Local Usage
	2745  -  Run Bytes Sent By Job
	229  -  Run Bytes Received By Job
	2745  -  Total Bytes Sent By Job
	229  -  Total Bytes Received By Job
	Partitionable Resources :    Usage  Request Allocated 
	   Cpus                 :        0        1         1 
	   Disk (KB)            :       44        1   2895280 
	   Memory (MB)          :     1027     2000      2000 

	Job terminated of its own accord at 2024-10-21T04:03:58Z with exit-code 0.
...
000 (15556766.012.000) 10/21 07:29:07 Job submitted from host: <188.184.90.241:9618?addrs=188.184.90.241-9618+[2001-1458-201-e4--100-2eb]-9618&alias=bigbird15.cern.ch&noUDP&sock=schedd_25064_65d2>
...
040 (15556766.012.000) 10/21 07:30:01 Started transferring input files
	Transferring to host: <128.142.161.97:9618?addrs=128.142.161.97-9618+[2001-1458-301-b8--100-1f]-9618&alias=b9g03p7944.cern.ch&noUDP&sock=slot1_5_3219_d39c_2971>
...
040 (15556766.012.000) 10/21 07:30:01 Finished transferring input files
...
001 (15556766.012.000) 10/21 07:30:02 Job executing on host: <128.142.161.97:9618?addrs=128.142.161.97-9618+[2001-1458-301-b8--100-1f]-9618&alias=b9g03p7944.cern.ch&noUDP&sock=startd_3172_4e7f>
	SlotName: slot1_5@b9g03p7944.cern.ch
	CondorScratchDir = "/pool/condor/dir_464507"
	Cpus = 1
	Disk = 4014
	GPUs = 0
	Memory = 2000
...
006 (15556766.012.000) 10/21 07:30:10 Image size of job updated: 273572
	268  -  MemoryUsage of job (MB)
	273572  -  ResidentSetSize of job (KB)
...
006 (15556766.012.000) 10/21 07:35:10 Image size of job updated: 2355592
	2301  -  MemoryUsage of job (MB)
	2355592  -  ResidentSetSize of job (KB)
...
006 (15556766.012.000) 10/21 07:40:10 Image size of job updated: 2370684
	2316  -  MemoryUsage of job (MB)
	2370684  -  ResidentSetSize of job (KB)
...
040 (15556766.012.000) 10/21 07:50:11 Started transferring output files
...
040 (15556766.012.000) 10/21 07:50:11 Finished transferring output files
...
009 (15556766.012.000) 10/21 07:50:11 Job was aborted.
	Job removed by SYSTEM_PERIODIC_REMOVE due to wall time exceeded allowed max.
...
