000 (15556765.088.000) 10/21 05:59:05 Job submitted from host: <188.184.90.241:9618?addrs=188.184.90.241-9618+[2001-1458-201-e4--100-2eb]-9618&alias=bigbird15.cern.ch&noUDP&sock=schedd_25064_65d2>
...
040 (15556765.088.000) 10/21 06:00:16 Started transferring input files
	Transferring to host: <128.142.131.26:9618?addrs=128.142.131.26-9618+[2001-1458-301-59--100-e]-9618&alias=b9g11p3307.cern.ch&noUDP&sock=slot1_1_2958_edb1_196061>
...
040 (15556765.088.000) 10/21 06:00:16 Finished transferring input files
...
001 (15556765.088.000) 10/21 06:00:17 Job executing on host: <128.142.131.26:9618?addrs=128.142.131.26-9618+[2001-1458-301-59--100-e]-9618&alias=b9g11p3307.cern.ch&noUDP&sock=startd_2633_98f3>
	SlotName: slot1_1@b9g11p3307.cern.ch
	CondorScratchDir = "/pool/condor/dir_428291"
	Cpus = 1
	Disk = 1703336
	Memory = 2000
...
006 (15556765.088.000) 10/21 06:00:26 Image size of job updated: 2636
	3  -  MemoryUsage of job (MB)
	2636  -  ResidentSetSize of job (KB)
...
006 (15556765.088.000) 10/21 06:05:27 Image size of job updated: 1949436
	1904  -  MemoryUsage of job (MB)
	1949436  -  ResidentSetSize of job (KB)
...
006 (15556765.088.000) 10/21 06:10:28 Image size of job updated: 1949784
	1905  -  MemoryUsage of job (MB)
	1949784  -  ResidentSetSize of job (KB)
...
040 (15556765.088.000) 10/21 06:18:51 Started transferring output files
...
040 (15556765.088.000) 10/21 06:18:51 Finished transferring output files
...
005 (15556765.088.000) 10/21 06:18:51 Job terminated.
	(1) Normal termination (return value 0)
		Usr 0 00:16:10, Sys 0 00:00:12  -  Run Remote Usage
		Usr 0 00:00:00, Sys 0 00:00:00  -  Run Local Usage
		Usr 0 00:16:10, Sys 0 00:00:12  -  Total Remote Usage
		Usr 0 00:00:00, Sys 0 00:00:00  -  Total Local Usage
	13086  -  Run Bytes Sent By Job
	229  -  Run Bytes Received By Job
	13086  -  Total Bytes Sent By Job
	229  -  Total Bytes Received By Job
	Partitionable Resources :    Usage  Request Allocated 
	   Cpus                 :     0.90        1         1 
	   Disk (KB)            :    54           1   1703336 
	   Memory (MB)          :  1905        2000      2000 

	Job terminated of its own accord at 2024-10-21T04:18:51Z with exit-code 0.
...
000 (15556766.088.000) 10/21 07:29:11 Job submitted from host: <188.184.90.241:9618?addrs=188.184.90.241-9618+[2001-1458-201-e4--100-2eb]-9618&alias=bigbird15.cern.ch&noUDP&sock=schedd_25064_65d2>
...
040 (15556766.088.000) 10/21 07:30:25 Started transferring input files
	Transferring to host: <128.142.248.53:9618?addrs=128.142.248.53-9618+[2001-1458-301-73--100-125]-9618&alias=b9g23p6822.cern.ch&noUDP&sock=slot1_7_2196713_c84a_22549>
...
040 (15556766.088.000) 10/21 07:30:25 Finished transferring input files
...
001 (15556766.088.000) 10/21 07:30:26 Job executing on host: <128.142.248.53:9618?addrs=128.142.248.53-9618+[2001-1458-301-73--100-125]-9618&alias=b9g23p6822.cern.ch&noUDP&sock=startd_8349_4c4c>
	SlotName: slot1_7@b9g23p6822.cern.ch
	CondorScratchDir = "/pool/condor/dir_4055352"
	Cpus = 1
	Disk = 2904718
	Memory = 2000
...
006 (15556766.088.000) 10/21 07:30:35 Image size of job updated: 28596
	28  -  MemoryUsage of job (MB)
	27856  -  ResidentSetSize of job (KB)
...
006 (15556766.088.000) 10/21 07:35:36 Image size of job updated: 2417704
	2359  -  MemoryUsage of job (MB)
	2415004  -  ResidentSetSize of job (KB)
...
006 (15556766.088.000) 10/21 07:40:37 Image size of job updated: 2418460
	2359  -  MemoryUsage of job (MB)
	2415188  -  ResidentSetSize of job (KB)
...
040 (15556766.088.000) 10/21 07:50:37 Started transferring output files
...
040 (15556766.088.000) 10/21 07:50:37 Finished transferring output files
...
009 (15556766.088.000) 10/21 07:50:37 Job was aborted.
	Job removed by SYSTEM_PERIODIC_REMOVE due to wall time exceeded allowed max.
...
