000 (15556765.151.000) 10/21 05:59:05 Job submitted from host: <188.184.90.241:9618?addrs=188.184.90.241-9618+[2001-1458-201-e4--100-2eb]-9618&alias=bigbird15.cern.ch&noUDP&sock=schedd_25064_65d2>
...
040 (15556765.151.000) 10/21 06:00:37 Started transferring input files
	Transferring to host: <128.142.137.78:9618?addrs=128.142.137.78-9618+[2001-1458-301-5e--100-42]-9618&alias=b9g19p6043.cern.ch&noUDP&sock=slot1_7_1051525_3ce1_19978>
...
040 (15556765.151.000) 10/21 06:00:37 Finished transferring input files
...
001 (15556765.151.000) 10/21 06:00:39 Job executing on host: <128.142.137.78:9618?addrs=128.142.137.78-9618+[2001-1458-301-5e--100-42]-9618&alias=b9g19p6043.cern.ch&noUDP&sock=startd_2341_4f4c>
	SlotName: slot1_7@b9g19p6043.cern.ch
	CondorScratchDir = "/pool/condor/dir_3138302"
	Cpus = 1
	Disk = 1788526
	Memory = 2000
...
006 (15556765.151.000) 10/21 06:00:47 Image size of job updated: 646432
	632  -  MemoryUsage of job (MB)
	646432  -  ResidentSetSize of job (KB)
...
006 (15556765.151.000) 10/21 06:05:47 Image size of job updated: 1945068
	1900  -  MemoryUsage of job (MB)
	1945068  -  ResidentSetSize of job (KB)
...
040 (15556765.151.000) 10/21 06:07:28 Started transferring output files
...
040 (15556765.151.000) 10/21 06:07:28 Finished transferring output files
...
005 (15556765.151.000) 10/21 06:07:28 Job terminated.
	(1) Normal termination (return value 0)
		Usr 0 00:05:27, Sys 0 00:00:07  -  Run Remote Usage
		Usr 0 00:00:00, Sys 0 00:00:00  -  Run Local Usage
		Usr 0 00:05:27, Sys 0 00:00:07  -  Total Remote Usage
		Usr 0 00:00:00, Sys 0 00:00:00  -  Total Local Usage
	5246  -  Run Bytes Sent By Job
	229  -  Run Bytes Received By Job
	5246  -  Total Bytes Sent By Job
	229  -  Total Bytes Received By Job
	Partitionable Resources :    Usage  Request Allocated 
	   Cpus                 :     0.39        1         1 
	   Disk (KB)            :    46           1   1788526 
	   Memory (MB)          :  1900        2000      2000 

	Job terminated of its own accord at 2024-10-21T04:07:28Z with exit-code 0.
...
