000 (15556765.436.000) 10/21 05:59:06 Job submitted from host: <188.184.90.241:9618?addrs=188.184.90.241-9618+[2001-1458-201-e4--100-2eb]-9618&alias=bigbird15.cern.ch&noUDP&sock=schedd_25064_65d2>
...
040 (15556765.436.000) 10/21 06:04:39 Started transferring input files
	Transferring to host: <128.142.52.8:9618?addrs=128.142.52.8-9618+[2001-1458-301-1b--100-5]-9618&alias=b9g02p7484.cern.ch&noUDP&sock=slot1_29_4044410_782a_31787>
...
040 (15556765.436.000) 10/21 06:04:39 Finished transferring input files
...
001 (15556765.436.000) 10/21 06:04:40 Job executing on host: <128.142.52.8:9618?addrs=128.142.52.8-9618+[2001-1458-301-1b--100-5]-9618&alias=b9g02p7484.cern.ch&noUDP&sock=startd_7074_c10b>
	SlotName: slot1_29@b9g02p7484.cern.ch
	CondorScratchDir = "/pool/condor/dir_2382138"
	Cpus = 1
	Disk = 2925750
	Memory = 2000
...
006 (15556765.436.000) 10/21 06:04:48 Image size of job updated: 203820
	200  -  MemoryUsage of job (MB)
	203816  -  ResidentSetSize of job (KB)
...
006 (15556765.436.000) 10/21 06:09:48 Image size of job updated: 757580
	738  -  MemoryUsage of job (MB)
	755320  -  ResidentSetSize of job (KB)
...
040 (15556765.436.000) 10/21 06:11:56 Started transferring output files
...
040 (15556765.436.000) 10/21 06:11:56 Finished transferring output files
...
005 (15556765.436.000) 10/21 06:11:56 Job terminated.
	(1) Normal termination (return value 0)
		Usr 0 00:06:05, Sys 0 00:00:04  -  Run Remote Usage
		Usr 0 00:00:00, Sys 0 00:00:00  -  Run Local Usage
		Usr 0 00:06:05, Sys 0 00:00:04  -  Total Remote Usage
		Usr 0 00:00:00, Sys 0 00:00:00  -  Total Local Usage
	14188  -  Run Bytes Sent By Job
	229  -  Run Bytes Received By Job
	14188  -  Total Bytes Sent By Job
	229  -  Total Bytes Received By Job
	Partitionable Resources :    Usage  Request Allocated 
	   Cpus                 :     0.83        1         1 
	   Disk (KB)            :    56           1   2925750 
	   Memory (MB)          :   738        2000      2000 

	Job terminated of its own accord at 2024-10-21T04:11:56Z with exit-code 0.
...
