000 (15556765.537.000) 10/21 05:59:06 Job submitted from host: <188.184.90.241:9618?addrs=188.184.90.241-9618+[2001-1458-201-e4--100-2eb]-9618&alias=bigbird15.cern.ch&noUDP&sock=schedd_25064_65d2>
...
040 (15556765.537.000) 10/21 06:05:52 Started transferring input files
	Transferring to host: <128.142.248.110:9618?addrs=128.142.248.110-9618+[2001-1458-301-73--100-15e]-9618&alias=b9g23p2973.cern.ch&noUDP&sock=slot1_13_2440220_7e18_28018>
...
040 (15556765.537.000) 10/21 06:05:52 Finished transferring input files
...
001 (15556765.537.000) 10/21 06:05:53 Job executing on host: <128.142.248.110:9618?addrs=128.142.248.110-9618+[2001-1458-301-73--100-15e]-9618&alias=b9g23p2973.cern.ch&noUDP&sock=startd_7381_549e>
	SlotName: slot1_13@b9g23p2973.cern.ch
	CondorScratchDir = "/pool/condor/dir_3205299"
	Cpus = 1
	Disk = 2914366
	Memory = 2000
...
006 (15556765.537.000) 10/21 06:06:02 Image size of job updated: 187924
	184  -  MemoryUsage of job (MB)
	187548  -  ResidentSetSize of job (KB)
...
006 (15556765.537.000) 10/21 06:11:03 Image size of job updated: 852604
	832  -  MemoryUsage of job (MB)
	850968  -  ResidentSetSize of job (KB)
...
006 (15556765.537.000) 10/21 06:16:04 Image size of job updated: 868512
	844  -  MemoryUsage of job (MB)
	863940  -  ResidentSetSize of job (KB)
...
006 (15556765.537.000) 10/21 06:21:04 Image size of job updated: 868512
	844  -  MemoryUsage of job (MB)
	863952  -  ResidentSetSize of job (KB)
...
040 (15556765.537.000) 10/21 06:21:28 Started transferring output files
...
040 (15556765.537.000) 10/21 06:21:28 Finished transferring output files
...
005 (15556765.537.000) 10/21 06:21:28 Job terminated.
	(1) Normal termination (return value 0)
		Usr 0 00:14:06, Sys 0 00:00:11  -  Run Remote Usage
		Usr 0 00:00:00, Sys 0 00:00:00  -  Run Local Usage
		Usr 0 00:14:06, Sys 0 00:00:11  -  Total Remote Usage
		Usr 0 00:00:00, Sys 0 00:00:00  -  Total Local Usage
	26923  -  Run Bytes Sent By Job
	229  -  Run Bytes Received By Job
	26923  -  Total Bytes Sent By Job
	229  -  Total Bytes Received By Job
	Partitionable Resources :    Usage  Request Allocated 
	   Cpus                 :     0.95        1         1 
	   Disk (KB)            :    68           1   2914366 
	   Memory (MB)          :   844        2000      2000 

	Job terminated of its own accord at 2024-10-21T04:21:28Z with exit-code 0.
...
