000 (15556765.414.000) 10/21 05:59:06 Job submitted from host: <188.184.90.241:9618?addrs=188.184.90.241-9618+[2001-1458-201-e4--100-2eb]-9618&alias=bigbird15.cern.ch&noUDP&sock=schedd_25064_65d2>
...
040 (15556765.414.000) 10/21 06:03:27 Started transferring input files
	Transferring to host: <188.185.205.104:9618?addrs=188.185.205.104-9618+[2001-1458-303-9--100-65]-9618&alias=b9p03p6833.cern.ch&noUDP&sock=slot1_20_14908_c8d7_137615>
...
040 (15556765.414.000) 10/21 06:03:27 Finished transferring input files
...
001 (15556765.414.000) 10/21 06:03:29 Job executing on host: <188.185.205.104:9618?addrs=188.185.205.104-9618+[2001-1458-303-9--100-65]-9618&alias=b9p03p6833.cern.ch&noUDP&sock=startd_14021_d179>
	SlotName: slot1_20@b9p03p6833.cern.ch
	CondorScratchDir = "/pool/condor/dir_4067921"
	Cpus = 1
	Disk = 2549547
	Memory = 2000
...
006 (15556765.414.000) 10/21 06:03:37 Image size of job updated: 150156
	147  -  MemoryUsage of job (MB)
	150148  -  ResidentSetSize of job (KB)
...
006 (15556765.414.000) 10/21 06:08:37 Image size of job updated: 757936
	737  -  MemoryUsage of job (MB)
	754100  -  ResidentSetSize of job (KB)
...
040 (15556765.414.000) 10/21 06:09:53 Started transferring output files
...
040 (15556765.414.000) 10/21 06:09:53 Finished transferring output files
...
005 (15556765.414.000) 10/21 06:09:53 Job terminated.
	(1) Normal termination (return value 0)
		Usr 0 00:05:12, Sys 0 00:00:07  -  Run Remote Usage
		Usr 0 00:00:00, Sys 0 00:00:00  -  Run Local Usage
		Usr 0 00:05:12, Sys 0 00:00:07  -  Total Remote Usage
		Usr 0 00:00:00, Sys 0 00:00:00  -  Total Local Usage
	12539  -  Run Bytes Sent By Job
	229  -  Run Bytes Received By Job
	12539  -  Total Bytes Sent By Job
	229  -  Total Bytes Received By Job
	Partitionable Resources :    Usage  Request Allocated 
	   Cpus                 :     0.89        1         1 
	   Disk (KB)            :    55           1   2549547 
	   Memory (MB)          :   737        2000      2000 

	Job terminated of its own accord at 2024-10-21T04:09:53Z with exit-code 0.
...
