000 (15556765.517.000) 10/21 05:59:06 Job submitted from host: <188.184.90.241:9618?addrs=188.184.90.241-9618+[2001-1458-201-e4--100-2eb]-9618&alias=bigbird15.cern.ch&noUDP&sock=schedd_25064_65d2>
...
040 (15556765.517.000) 10/21 06:05:44 Started transferring input files
	Transferring to host: <188.185.196.26:9618?addrs=188.185.196.26-9618+[2001-1458-303-23--100-16]-9618&alias=b9p16p3793.cern.ch&noUDP&sock=slot1_28_66325_b662_61976>
...
040 (15556765.517.000) 10/21 06:05:45 Finished transferring input files
...
001 (15556765.517.000) 10/21 06:05:46 Job executing on host: <188.185.196.26:9618?addrs=188.185.196.26-9618+[2001-1458-303-23--100-16]-9618&alias=b9p16p3793.cern.ch&noUDP&sock=startd_127762_af06>
	SlotName: slot1_28@b9p16p3793.cern.ch
	CondorScratchDir = "/pool/condor/dir_3875833"
	Cpus = 1
	Disk = 2952184
	Memory = 2000
...
006 (15556765.517.000) 10/21 06:05:54 Image size of job updated: 732536
	716  -  MemoryUsage of job (MB)
	732532  -  ResidentSetSize of job (KB)
...
006 (15556765.517.000) 10/21 06:10:54 Image size of job updated: 1691456
	1649  -  MemoryUsage of job (MB)
	1687832  -  ResidentSetSize of job (KB)
...
040 (15556765.517.000) 10/21 06:12:31 Started transferring output files
...
040 (15556765.517.000) 10/21 06:12:31 Finished transferring output files
...
005 (15556765.517.000) 10/21 06:12:31 Job terminated.
	(1) Normal termination (return value 0)
		Usr 0 00:03:44, Sys 0 00:00:05  -  Run Remote Usage
		Usr 0 00:00:00, Sys 0 00:00:00  -  Run Local Usage
		Usr 0 00:03:44, Sys 0 00:00:05  -  Total Remote Usage
		Usr 0 00:00:00, Sys 0 00:00:00  -  Total Local Usage
	8371  -  Run Bytes Sent By Job
	229  -  Run Bytes Received By Job
	8371  -  Total Bytes Sent By Job
	229  -  Total Bytes Received By Job
	Partitionable Resources :    Usage  Request Allocated 
	   Cpus                 :        0        1         1 
	   Disk (KB)            :       50        1   2952184 
	   Memory (MB)          :     1649     2000      2000 

	Job terminated of its own accord at 2024-10-21T04:12:31Z with exit-code 0.
...
