000 (15556765.321.000) 10/21 05:59:05 Job submitted from host: <188.184.90.241:9618?addrs=188.184.90.241-9618+[2001-1458-201-e4--100-2eb]-9618&alias=bigbird15.cern.ch&noUDP&sock=schedd_25064_65d2>
...
040 (15556765.321.000) 10/21 06:01:40 Started transferring input files
	Transferring to host: <188.185.195.109:9618?addrs=188.185.195.109-9618+[2001-1458-303-22--100-69]-9618&alias=b9p17p6101.cern.ch&noUDP&sock=slot1_21_922404_cffe_63842>
...
040 (15556765.321.000) 10/21 06:01:40 Finished transferring input files
...
001 (15556765.321.000) 10/21 06:01:41 Job executing on host: <188.185.195.109:9618?addrs=188.185.195.109-9618+[2001-1458-303-22--100-69]-9618&alias=b9p17p6101.cern.ch&noUDP&sock=startd_128292_3838>
	SlotName: slot1_21@b9p17p6101.cern.ch
	CondorScratchDir = "/pool/condor/dir_4061146"
	Cpus = 1
	Disk = 3006968
	Memory = 2000
...
006 (15556765.321.000) 10/21 06:01:50 Image size of job updated: 180424
	177  -  MemoryUsage of job (MB)
	180424  -  ResidentSetSize of job (KB)
...
006 (15556765.321.000) 10/21 06:06:51 Image size of job updated: 859908
	838  -  MemoryUsage of job (MB)
	857704  -  ResidentSetSize of job (KB)
...
006 (15556765.321.000) 10/21 06:11:49 Image size of job updated: 859996
	838  -  MemoryUsage of job (MB)
	857704  -  ResidentSetSize of job (KB)
...
040 (15556765.321.000) 10/21 06:11:49 Started transferring output files
...
040 (15556765.321.000) 10/21 06:11:49 Finished transferring output files
...
005 (15556765.321.000) 10/21 06:11:49 Job terminated.
	(1) Normal termination (return value 0)
		Usr 0 00:06:21, Sys 0 00:00:07  -  Run Remote Usage
		Usr 0 00:00:00, Sys 0 00:00:00  -  Run Local Usage
		Usr 0 00:06:21, Sys 0 00:00:07  -  Total Remote Usage
		Usr 0 00:00:00, Sys 0 00:00:00  -  Total Local Usage
	13836  -  Run Bytes Sent By Job
	229  -  Run Bytes Received By Job
	13836  -  Total Bytes Sent By Job
	229  -  Total Bytes Received By Job
	Partitionable Resources :    Usage  Request Allocated 
	   Cpus                 :     0.84        1         1 
	   Disk (KB)            :    55           1   3006968 
	   Memory (MB)          :   838        2000      2000 

	Job terminated of its own accord at 2024-10-21T04:11:49Z with exit-code 0.
...
