000 (15556765.072.000) 10/21 05:59:05 Job submitted from host: <188.184.90.241:9618?addrs=188.184.90.241-9618+[2001-1458-201-e4--100-2eb]-9618&alias=bigbird15.cern.ch&noUDP&sock=schedd_25064_65d2>
...
040 (15556765.072.000) 10/21 06:00:11 Started transferring input files
	Transferring to host: <188.185.192.58:9618?addrs=188.185.192.58-9618+[2001-1458-303-1f--100-36]-9618&alias=b9p13p3997.cern.ch&noUDP&sock=slot1_27_11214_0701_3902>
...
040 (15556765.072.000) 10/21 06:00:11 Finished transferring input files
...
001 (15556765.072.000) 10/21 06:00:12 Job executing on host: <188.185.192.58:9618?addrs=188.185.192.58-9618+[2001-1458-303-1f--100-36]-9618&alias=b9p13p3997.cern.ch&noUDP&sock=startd_11165_d6fd>
	SlotName: slot1_27@b9p13p3997.cern.ch
	CondorScratchDir = "/pool/condor/dir_2486758"
	Cpus = 1
	Disk = 3790
	GPUs = 0
	Memory = 2000
...
006 (15556765.072.000) 10/21 06:00:21 Image size of job updated: 678504
	663  -  MemoryUsage of job (MB)
	678504  -  ResidentSetSize of job (KB)
...
006 (15556765.072.000) 10/21 06:05:22 Image size of job updated: 1940648
	1896  -  MemoryUsage of job (MB)
	1940648  -  ResidentSetSize of job (KB)
...
006 (15556765.072.000) 10/21 06:10:22 Image size of job updated: 1941432
	1896  -  MemoryUsage of job (MB)
	1941432  -  ResidentSetSize of job (KB)
...
040 (15556765.072.000) 10/21 06:12:02 Started transferring output files
...
040 (15556765.072.000) 10/21 06:12:02 Finished transferring output files
...
005 (15556765.072.000) 10/21 06:12:02 Job terminated.
	(1) Normal termination (return value 0)
		Usr 0 00:08:11, Sys 0 00:00:12  -  Run Remote Usage
		Usr 0 00:00:00, Sys 0 00:00:00  -  Run Local Usage
		Usr 0 00:08:11, Sys 0 00:00:12  -  Total Remote Usage
		Usr 0 00:00:00, Sys 0 00:00:00  -  Total Local Usage
	8501  -  Run Bytes Sent By Job
	229  -  Run Bytes Received By Job
	8501  -  Total Bytes Sent By Job
	229  -  Total Bytes Received By Job
	Partitionable Resources :    Usage  Request Allocated 
	   Cpus                 :     0.88        1         1 
	   Disk (KB)            :    50           1      3790 
	   GPUs                 :                           0 
	   Memory (MB)          :  1896        2000      2000 

	Job terminated of its own accord at 2024-10-21T04:12:02Z with exit-code 0.
...
000 (15556766.072.000) 10/21 07:29:10 Job submitted from host: <188.184.90.241:9618?addrs=188.184.90.241-9618+[2001-1458-201-e4--100-2eb]-9618&alias=bigbird15.cern.ch&noUDP&sock=schedd_25064_65d2>
...
040 (15556766.072.000) 10/21 07:30:20 Started transferring input files
	Transferring to host: <188.185.196.58:9618?addrs=188.185.196.58-9618+[2001-1458-303-23--100-36]-9618&alias=b9p16p5202.cern.ch&noUDP&sock=slot1_17_3065942_3f3d_16110>
...
040 (15556766.072.000) 10/21 07:30:20 Finished transferring input files
...
001 (15556766.072.000) 10/21 07:30:21 Job executing on host: <188.185.196.58:9618?addrs=188.185.196.58-9618+[2001-1458-303-23--100-36]-9618&alias=b9p16p5202.cern.ch&noUDP&sock=startd_5101_70b0>
	SlotName: slot1_17@b9p16p5202.cern.ch
	CondorScratchDir = "/pool/condor/dir_761476"
	Cpus = 1
	Disk = 3006485
	Memory = 2000
...
006 (15556766.072.000) 10/21 07:30:30 Image size of job updated: 203204
	199  -  MemoryUsage of job (MB)
	203132  -  ResidentSetSize of job (KB)
...
006 (15556766.072.000) 10/21 07:35:31 Image size of job updated: 1053868
	1026  -  MemoryUsage of job (MB)
	1050424  -  ResidentSetSize of job (KB)
...
006 (15556766.072.000) 10/21 07:40:31 Image size of job updated: 1053948
	1026  -  MemoryUsage of job (MB)
	1050424  -  ResidentSetSize of job (KB)
...
006 (15556766.072.000) 10/21 07:45:31 Image size of job updated: 1054768
	1026  -  MemoryUsage of job (MB)
	1050424  -  ResidentSetSize of job (KB)
...
040 (15556766.072.000) 10/21 07:50:31 Started transferring output files
...
040 (15556766.072.000) 10/21 07:50:31 Finished transferring output files
...
009 (15556766.072.000) 10/21 07:50:31 Job was aborted.
	Job removed by SYSTEM_PERIODIC_REMOVE due to wall time exceeded allowed max.
...
