000 (15556765.644.000) 10/21 05:59:06 Job submitted from host: <188.184.90.241:9618?addrs=188.184.90.241-9618+[2001-1458-201-e4--100-2eb]-9618&alias=bigbird15.cern.ch&noUDP&sock=schedd_25064_65d2>
...
040 (15556765.644.000) 10/21 06:06:30 Started transferring input files
	Transferring to host: <128.142.137.150:9618?addrs=128.142.137.150-9618+[2001-1458-301-5e--100-8a]-9618&alias=b9g19p8662.cern.ch&noUDP&sock=slot1_10_40482_fb27_54731>
...
040 (15556765.644.000) 10/21 06:06:30 Finished transferring input files
...
001 (15556765.644.000) 10/21 06:06:31 Job executing on host: <128.142.137.150:9618?addrs=128.142.137.150-9618+[2001-1458-301-5e--100-8a]-9618&alias=b9g19p8662.cern.ch&noUDP&sock=startd_116873_bc42>
	SlotName: slot1_10@b9g19p8662.cern.ch
	CondorScratchDir = "/pool/condor/dir_3403638"
	Cpus = 1
	Disk = 1403681
	Memory = 2000
...
006 (15556765.644.000) 10/21 06:06:40 Image size of job updated: 148688
	146  -  MemoryUsage of job (MB)
	148688  -  ResidentSetSize of job (KB)
...
006 (15556765.644.000) 10/21 06:11:41 Image size of job updated: 768084
	751  -  MemoryUsage of job (MB)
	768084  -  ResidentSetSize of job (KB)
...
040 (15556765.644.000) 10/21 06:14:39 Started transferring output files
...
040 (15556765.644.000) 10/21 06:14:39 Finished transferring output files
...
005 (15556765.644.000) 10/21 06:14:39 Job terminated.
	(1) Normal termination (return value 0)
		Usr 0 00:07:29, Sys 0 00:00:07  -  Run Remote Usage
		Usr 0 00:00:00, Sys 0 00:00:00  -  Run Local Usage
		Usr 0 00:07:29, Sys 0 00:00:07  -  Total Remote Usage
		Usr 0 00:00:00, Sys 0 00:00:00  -  Total Local Usage
	12893  -  Run Bytes Sent By Job
	229  -  Run Bytes Received By Job
	12893  -  Total Bytes Sent By Job
	229  -  Total Bytes Received By Job
	Partitionable Resources :    Usage  Request Allocated 
	   Cpus                 :     0.72        1         1 
	   Disk (KB)            :    53           1   1403681 
	   Memory (MB)          :   751        2000      2000 

	Job terminated of its own accord at 2024-10-21T04:14:39Z with exit-code 0.
...
