000 (15556765.625.000) 10/21 05:59:06 Job submitted from host: <188.184.90.241:9618?addrs=188.184.90.241-9618+[2001-1458-201-e4--100-2eb]-9618&alias=bigbird15.cern.ch&noUDP&sock=schedd_25064_65d2>
...
040 (15556765.625.000) 10/21 06:06:22 Started transferring input files
	Transferring to host: <128.142.192.198:9618?addrs=128.142.192.198-9618+[2001-1458-301-56--100-42]-9618&alias=b9g18p5254.cern.ch&noUDP&sock=slot1_16_4638_a3f6_65525>
...
040 (15556765.625.000) 10/21 06:06:22 Finished transferring input files
...
001 (15556765.625.000) 10/21 06:06:24 Job executing on host: <128.142.192.198:9618?addrs=128.142.192.198-9618+[2001-1458-301-56--100-42]-9618&alias=b9g18p5254.cern.ch&noUDP&sock=startd_3462_38f7>
	SlotName: slot1_16@b9g18p5254.cern.ch
	CondorScratchDir = "/pool/condor/dir_78956"
	Cpus = 1
	Disk = 2860687
	Memory = 2000
...
006 (15556765.625.000) 10/21 06:06:32 Image size of job updated: 18536
	18  -  MemoryUsage of job (MB)
	17788  -  ResidentSetSize of job (KB)
...
006 (15556765.625.000) 10/21 06:11:32 Image size of job updated: 768760
	749  -  MemoryUsage of job (MB)
	766188  -  ResidentSetSize of job (KB)
...
040 (15556765.625.000) 10/21 06:13:38 Started transferring output files
...
040 (15556765.625.000) 10/21 06:13:38 Finished transferring output files
...
005 (15556765.625.000) 10/21 06:13:38 Job terminated.
	(1) Normal termination (return value 0)
		Usr 0 00:06:09, Sys 0 00:00:06  -  Run Remote Usage
		Usr 0 00:00:00, Sys 0 00:00:00  -  Run Local Usage
		Usr 0 00:06:09, Sys 0 00:00:06  -  Total Remote Usage
		Usr 0 00:00:00, Sys 0 00:00:00  -  Total Local Usage
	10315  -  Run Bytes Sent By Job
	229  -  Run Bytes Received By Job
	10315  -  Total Bytes Sent By Job
	229  -  Total Bytes Received By Job
	Partitionable Resources :    Usage  Request Allocated 
	   Cpus                 :     0.82        1         1 
	   Disk (KB)            :    51           1   2860687 
	   Memory (MB)          :   749        2000      2000 

	Job terminated of its own accord at 2024-10-21T04:13:38Z with exit-code 0.
...
