000 (15556765.309.000) 10/21 05:59:05 Job submitted from host: <188.184.90.241:9618?addrs=188.184.90.241-9618+[2001-1458-201-e4--100-2eb]-9618&alias=bigbird15.cern.ch&noUDP&sock=schedd_25064_65d2>
...
040 (15556765.309.000) 10/21 06:01:35 Started transferring input files
	Transferring to host: <188.185.195.72:9618?addrs=188.185.195.72-9618+[2001-1458-303-22--100-44]-9618&alias=b9p17p6481.cern.ch&noUDP&sock=slot1_1_6541_79e3_3221>
...
040 (15556765.309.000) 10/21 06:01:35 Finished transferring input files
...
001 (15556765.309.000) 10/21 06:01:36 Job executing on host: <188.185.195.72:9618?addrs=188.185.195.72-9618+[2001-1458-303-22--100-44]-9618&alias=b9p17p6481.cern.ch&noUDP&sock=startd_5614_50c6>
	SlotName: slot1_1@b9p17p6481.cern.ch
	CondorScratchDir = "/pool/condor/dir_661394"
	Cpus = 1
	Disk = 3835
	GPUs = 0
	Memory = 2000
...
006 (15556765.309.000) 10/21 06:01:45 Image size of job updated: 896920
	876  -  MemoryUsage of job (MB)
	896920  -  ResidentSetSize of job (KB)
...
006 (15556765.309.000) 10/21 06:06:46 Image size of job updated: 1637920
	1600  -  MemoryUsage of job (MB)
	1637920  -  ResidentSetSize of job (KB)
...
040 (15556765.309.000) 10/21 06:06:53 Started transferring output files
...
040 (15556765.309.000) 10/21 06:06:53 Finished transferring output files
...
005 (15556765.309.000) 10/21 06:06:54 Job terminated.
	(1) Normal termination (return value 0)
		Usr 0 00:04:09, Sys 0 00:00:03  -  Run Remote Usage
		Usr 0 00:00:00, Sys 0 00:00:00  -  Run Local Usage
		Usr 0 00:04:09, Sys 0 00:00:03  -  Total Remote Usage
		Usr 0 00:00:00, Sys 0 00:00:00  -  Total Local Usage
	14411  -  Run Bytes Sent By Job
	229  -  Run Bytes Received By Job
	14411  -  Total Bytes Sent By Job
	229  -  Total Bytes Received By Job
	Partitionable Resources :    Usage  Request Allocated 
	   Cpus                 :     0.41        1         1 
	   Disk (KB)            :    56           1      3835 
	   GPUs                 :                           0 
	   Memory (MB)          :  1600        2000      2000 

	Job terminated of its own accord at 2024-10-21T04:06:53Z with exit-code 0.
...
