000 (15556765.458.000) 10/21 05:59:06 Job submitted from host: <188.184.90.241:9618?addrs=188.184.90.241-9618+[2001-1458-201-e4--100-2eb]-9618&alias=bigbird15.cern.ch&noUDP&sock=schedd_25064_65d2>
...
040 (15556765.458.000) 10/21 06:05:24 Started transferring input files
	Transferring to host: <188.185.194.186:9618?addrs=188.185.194.186-9618+[2001-1458-303-21--100-b6]-9618&alias=b9p20p6936.cern.ch&noUDP&sock=slot1_31_8310_e58b_24472>
...
040 (15556765.458.000) 10/21 06:05:24 Finished transferring input files
...
001 (15556765.458.000) 10/21 06:05:25 Job executing on host: <188.185.194.186:9618?addrs=188.185.194.186-9618+[2001-1458-303-21--100-b6]-9618&alias=b9p20p6936.cern.ch&noUDP&sock=startd_7299_15da>
	SlotName: slot1_31@b9p20p6936.cern.ch
	CondorScratchDir = "/pool/condor/dir_3249766"
	Cpus = 1
	Disk = 2943743
	Memory = 2000
...
006 (15556765.458.000) 10/21 06:05:34 Image size of job updated: 293436
	286  -  MemoryUsage of job (MB)
	292540  -  ResidentSetSize of job (KB)
...
006 (15556765.458.000) 10/21 06:10:35 Image size of job updated: 1169748
	1141  -  MemoryUsage of job (MB)
	1168272  -  ResidentSetSize of job (KB)
...
006 (15556765.458.000) 10/21 06:12:20 Image size of job updated: 1170060
	1141  -  MemoryUsage of job (MB)
	1168272  -  ResidentSetSize of job (KB)
...
040 (15556765.458.000) 10/21 06:12:20 Started transferring output files
...
040 (15556765.458.000) 10/21 06:12:20 Finished transferring output files
...
005 (15556765.458.000) 10/21 06:12:20 Job terminated.
	(1) Normal termination (return value 0)
		Usr 0 00:05:47, Sys 0 00:00:07  -  Run Remote Usage
		Usr 0 00:00:00, Sys 0 00:00:00  -  Run Local Usage
		Usr 0 00:05:47, Sys 0 00:00:07  -  Total Remote Usage
		Usr 0 00:00:00, Sys 0 00:00:00  -  Total Local Usage
	10092  -  Run Bytes Sent By Job
	229  -  Run Bytes Received By Job
	10092  -  Total Bytes Sent By Job
	229  -  Total Bytes Received By Job
	Partitionable Resources :    Usage  Request Allocated 
	   Cpus                 :     0.91        1         1 
	   Disk (KB)            :    51           1   2943743 
	   Memory (MB)          :  1141        2000      2000 

	Job terminated of its own accord at 2024-10-21T04:12:20Z with exit-code 0.
...
