000 (15556765.052.000) 10/21 05:59:05 Job submitted from host: <188.184.90.241:9618?addrs=188.184.90.241-9618+[2001-1458-201-e4--100-2eb]-9618&alias=bigbird15.cern.ch&noUDP&sock=schedd_25064_65d2>
...
040 (15556765.052.000) 10/21 06:00:05 Started transferring input files
	Transferring to host: <188.185.206.155:9618?addrs=188.185.206.155-9618+[2001-1458-303-c--100-18]-9618&alias=b9p06p0477.cern.ch&noUDP&sock=slot1_30_64959_3deb_193604>
...
040 (15556765.052.000) 10/21 06:00:05 Finished transferring input files
...
001 (15556765.052.000) 10/21 06:00:06 Job executing on host: <188.185.206.155:9618?addrs=188.185.206.155-9618+[2001-1458-303-c--100-18]-9618&alias=b9p06p0477.cern.ch&noUDP&sock=startd_3311_a62a>
	SlotName: slot1_30@b9p06p0477.cern.ch
	CondorScratchDir = "/pool/condor/dir_393916"
	Cpus = 1
	Disk = 2542928
	Memory = 2000
...
006 (15556765.052.000) 10/21 06:00:15 Image size of job updated: 150548
	147  -  MemoryUsage of job (MB)
	150384  -  ResidentSetSize of job (KB)
...
006 (15556765.052.000) 10/21 06:04:24 Image size of job updated: 1002128
	147  -  MemoryUsage of job (MB)
	150384  -  ResidentSetSize of job (KB)
...
040 (15556765.052.000) 10/21 06:04:24 Started transferring output files
...
040 (15556765.052.000) 10/21 06:04:24 Finished transferring output files
...
005 (15556765.052.000) 10/21 06:04:24 Job terminated.
	(1) Normal termination (return value 0)
		Usr 0 00:01:54, Sys 0 00:00:06  -  Run Remote Usage
		Usr 0 00:00:00, Sys 0 00:00:00  -  Run Local Usage
		Usr 0 00:01:54, Sys 0 00:00:06  -  Total Remote Usage
		Usr 0 00:00:00, Sys 0 00:00:00  -  Total Local Usage
	2673  -  Run Bytes Sent By Job
	229  -  Run Bytes Received By Job
	2673  -  Total Bytes Sent By Job
	229  -  Total Bytes Received By Job
	Partitionable Resources :    Usage  Request Allocated 
	   Cpus                 :        0        1         1 
	   Disk (KB)            :       47        1   2542928 
	   Memory (MB)          :      147     2000      2000 

	Job terminated of its own accord at 2024-10-21T04:04:24Z with exit-code 0.
...
000 (15556766.052.000) 10/21 07:29:09 Job submitted from host: <188.184.90.241:9618?addrs=188.184.90.241-9618+[2001-1458-201-e4--100-2eb]-9618&alias=bigbird15.cern.ch&noUDP&sock=schedd_25064_65d2>
...
040 (15556766.052.000) 10/21 07:30:13 Started transferring input files
	Transferring to host: <188.185.198.180:9618?addrs=188.185.198.180-9618+[2001-1458-303-25--100-b0]-9618&alias=b9p15p8633.cern.ch&noUDP&sock=slot1_5_8926_eca4_3129>
...
040 (15556766.052.000) 10/21 07:30:13 Finished transferring input files
...
001 (15556766.052.000) 10/21 07:30:14 Job executing on host: <188.185.198.180:9618?addrs=188.185.198.180-9618+[2001-1458-303-25--100-b0]-9618&alias=b9p15p8633.cern.ch&noUDP&sock=startd_7821_224a>
	SlotName: slot1_5@b9p15p8633.cern.ch
	CondorScratchDir = "/pool/condor/dir_1544690"
	Cpus = 1
	Disk = 3886
	GPUs = 0
	Memory = 2000
...
006 (15556766.052.000) 10/21 07:30:23 Image size of job updated: 589840
	577  -  MemoryUsage of job (MB)
	589840  -  ResidentSetSize of job (KB)
...
006 (15556766.052.000) 10/21 07:35:24 Image size of job updated: 1846628
	1804  -  MemoryUsage of job (MB)
	1846628  -  ResidentSetSize of job (KB)
...
006 (15556766.052.000) 10/21 07:40:24 Image size of job updated: 1847808
	1805  -  MemoryUsage of job (MB)
	1847808  -  ResidentSetSize of job (KB)
...
040 (15556766.052.000) 10/21 07:50:25 Started transferring output files
...
040 (15556766.052.000) 10/21 07:50:25 Finished transferring output files
...
009 (15556766.052.000) 10/21 07:50:25 Job was aborted.
	Job removed by SYSTEM_PERIODIC_REMOVE due to wall time exceeded allowed max.
...
