000 (15556765.268.000) 10/21 05:59:05 Job submitted from host: <188.184.90.241:9618?addrs=188.184.90.241-9618+[2001-1458-201-e4--100-2eb]-9618&alias=bigbird15.cern.ch&noUDP&sock=schedd_25064_65d2>
...
040 (15556765.268.000) 10/21 06:01:21 Started transferring input files
	Transferring to host: <188.185.208.225:9618?addrs=188.185.208.225-9618+[2001-1458-303-10--100-5e]-9618&alias=b9p10p2513.cern.ch&noUDP&sock=slot1_35_10077_e873_73963>
...
040 (15556765.268.000) 10/21 06:01:21 Finished transferring input files
...
001 (15556765.268.000) 10/21 06:01:22 Job executing on host: <188.185.208.225:9618?addrs=188.185.208.225-9618+[2001-1458-303-10--100-5e]-9618&alias=b9p10p2513.cern.ch&noUDP&sock=startd_9087_8130>
	SlotName: slot1_35@b9p10p2513.cern.ch
	CondorScratchDir = "/pool/condor/dir_1828663"
	Cpus = 1
	Disk = 2578661
	Memory = 2000
...
006 (15556765.268.000) 10/21 06:01:30 Image size of job updated: 166672
	163  -  MemoryUsage of job (MB)
	166292  -  ResidentSetSize of job (KB)
...
006 (15556765.268.000) 10/21 06:06:30 Image size of job updated: 967412
	942  -  MemoryUsage of job (MB)
	963852  -  ResidentSetSize of job (KB)
...
006 (15556765.268.000) 10/21 06:11:31 Image size of job updated: 972032
	946  -  MemoryUsage of job (MB)
	968076  -  ResidentSetSize of job (KB)
...
006 (15556765.268.000) 10/21 06:16:32 Image size of job updated: 972544
	946  -  MemoryUsage of job (MB)
	968188  -  ResidentSetSize of job (KB)
...
006 (15556765.268.000) 10/21 06:20:28 Image size of job updated: 972748
	946  -  MemoryUsage of job (MB)
	968188  -  ResidentSetSize of job (KB)
...
040 (15556765.268.000) 10/21 06:20:28 Started transferring output files
...
040 (15556765.268.000) 10/21 06:20:28 Finished transferring output files
...
005 (15556765.268.000) 10/21 06:20:28 Job terminated.
	(1) Normal termination (return value 0)
		Usr 0 00:14:47, Sys 0 00:00:10  -  Run Remote Usage
		Usr 0 00:00:00, Sys 0 00:00:00  -  Run Local Usage
		Usr 0 00:14:47, Sys 0 00:00:10  -  Total Remote Usage
		Usr 0 00:00:00, Sys 0 00:00:00  -  Total Local Usage
	22618  -  Run Bytes Sent By Job
	229  -  Run Bytes Received By Job
	22618  -  Total Bytes Sent By Job
	229  -  Total Bytes Received By Job
	Partitionable Resources :    Usage  Request Allocated 
	   Cpus                 :     0.64        1         1 
	   Disk (KB)            :    63           1   2578661 
	   Memory (MB)          :   946        2000      2000 

	Job terminated of its own accord at 2024-10-21T04:20:28Z with exit-code 0.
...
