000 (15556765.007.000) 10/21 05:59:05 Job submitted from host: <188.184.90.241:9618?addrs=188.184.90.241-9618+[2001-1458-201-e4--100-2eb]-9618&alias=bigbird15.cern.ch&noUDP&sock=schedd_25064_65d2>
...
040 (15556765.007.000) 10/21 05:59:49 Started transferring input files
	Transferring to host: <128.142.248.86:9618?addrs=128.142.248.86-9618+[2001-1458-301-73--100-146]-9618&alias=b9g23p4167.cern.ch&noUDP&sock=slot1_26_6891_1531_85760>
...
040 (15556765.007.000) 10/21 05:59:49 Finished transferring input files
...
001 (15556765.007.000) 10/21 05:59:50 Job executing on host: <128.142.248.86:9618?addrs=128.142.248.86-9618+[2001-1458-301-73--100-146]-9618&alias=b9g23p4167.cern.ch&noUDP&sock=startd_5469_db8a>
	SlotName: slot1_26@b9g23p4167.cern.ch
	CondorScratchDir = "/pool/condor/dir_3836353"
	Cpus = 1
	Disk = 3029600
	Memory = 2000
...
006 (15556765.007.000) 10/21 05:59:59 Image size of job updated: 195312
	191  -  MemoryUsage of job (MB)
	195304  -  ResidentSetSize of job (KB)
...
006 (15556765.007.000) 10/21 06:03:13 Image size of job updated: 1054372
	191  -  MemoryUsage of job (MB)
	195304  -  ResidentSetSize of job (KB)
...
040 (15556765.007.000) 10/21 06:03:13 Started transferring output files
...
040 (15556765.007.000) 10/21 06:03:13 Finished transferring output files
...
005 (15556765.007.000) 10/21 06:03:13 Job terminated.
	(1) Normal termination (return value 0)
		Usr 0 00:03:04, Sys 0 00:00:04  -  Run Remote Usage
		Usr 0 00:00:00, Sys 0 00:00:00  -  Run Local Usage
		Usr 0 00:03:04, Sys 0 00:00:04  -  Total Remote Usage
		Usr 0 00:00:00, Sys 0 00:00:00  -  Total Local Usage
	3244  -  Run Bytes Sent By Job
	229  -  Run Bytes Received By Job
	3244  -  Total Bytes Sent By Job
	229  -  Total Bytes Received By Job
	Partitionable Resources :    Usage  Request Allocated 
	   Cpus                 :                 1         1 
	   Disk (KB)            :       37        1   3029600 
	   Memory (MB)          :      191     2000      2000 

	Job terminated of its own accord at 2024-10-21T04:03:13Z with exit-code 0.
...
000 (15556766.007.000) 10/21 07:29:07 Job submitted from host: <188.184.90.241:9618?addrs=188.184.90.241-9618+[2001-1458-201-e4--100-2eb]-9618&alias=bigbird15.cern.ch&noUDP&sock=schedd_25064_65d2>
...
040 (15556766.007.000) 10/21 07:29:58 Started transferring input files
	Transferring to host: <188.185.210.206:9618?addrs=188.185.210.206-9618+[2001-1458-303-15--100-4a]-9618&alias=b9p22p3505.cern.ch&noUDP&sock=slot1_10_6296_d9f9_5063>
...
040 (15556766.007.000) 10/21 07:29:58 Finished transferring input files
...
001 (15556766.007.000) 10/21 07:29:59 Job executing on host: <188.185.210.206:9618?addrs=188.185.210.206-9618+[2001-1458-303-15--100-4a]-9618&alias=b9p22p3505.cern.ch&noUDP&sock=startd_4785_b0c3>
	SlotName: slot1_10@b9p22p3505.cern.ch
	CondorScratchDir = "/pool/condor/dir_175114"
	Cpus = 1
	Disk = 3653
	GPUs = 0
	Memory = 2000
...
006 (15556766.007.000) 10/21 07:30:08 Image size of job updated: 142676
	140  -  MemoryUsage of job (MB)
	142676  -  ResidentSetSize of job (KB)
...
006 (15556766.007.000) 10/21 07:35:09 Image size of job updated: 783388
	766  -  MemoryUsage of job (MB)
	783388  -  ResidentSetSize of job (KB)
...
006 (15556766.007.000) 10/21 07:40:09 Image size of job updated: 793680
	776  -  MemoryUsage of job (MB)
	793680  -  ResidentSetSize of job (KB)
...
040 (15556766.007.000) 10/21 07:48:17 Started transferring output files
...
040 (15556766.007.000) 10/21 07:48:17 Finished transferring output files
...
005 (15556766.007.000) 10/21 07:48:17 Job terminated.
	(1) Normal termination (return value 0)
		Usr 0 00:13:41, Sys 0 00:00:09  -  Run Remote Usage
		Usr 0 00:00:00, Sys 0 00:00:00  -  Run Local Usage
		Usr 0 00:13:41, Sys 0 00:00:09  -  Total Remote Usage
		Usr 0 00:00:00, Sys 0 00:00:00  -  Total Local Usage
	32740  -  Run Bytes Sent By Job
	229  -  Run Bytes Received By Job
	32740  -  Total Bytes Sent By Job
	229  -  Total Bytes Received By Job
	Partitionable Resources :    Usage  Request Allocated 
	   Cpus                 :     0.76        1         1 
	   Disk (KB)            :    74           1      3653 
	   GPUs                 :                           0 
	   Memory (MB)          :   776        2000      2000 

	Job terminated of its own accord at 2024-10-21T05:48:17Z with exit-code 0.
...
