000 (15556765.629.000) 10/21 05:59:06 Job submitted from host: <188.184.90.241:9618?addrs=188.184.90.241-9618+[2001-1458-201-e4--100-2eb]-9618&alias=bigbird15.cern.ch&noUDP&sock=schedd_25064_65d2>
...
040 (15556765.629.000) 10/21 06:06:25 Started transferring input files
	Transferring to host: <128.142.137.218:9618?addrs=128.142.137.218-9618+[2001-1458-301-5e--100-ce]-9618&alias=b9g19p5070.cern.ch&noUDP&sock=slot1_22_2807_890b_2854>
...
040 (15556765.629.000) 10/21 06:06:25 Finished transferring input files
...
001 (15556765.629.000) 10/21 06:06:26 Job executing on host: <128.142.137.218:9618?addrs=128.142.137.218-9618+[2001-1458-301-5e--100-ce]-9618&alias=b9g19p5070.cern.ch&noUDP&sock=startd_2435_c933>
	SlotName: slot1_22@b9g19p5070.cern.ch
	CondorScratchDir = "/pool/condor/dir_3754199"
	Cpus = 1
	Disk = 2655
	GPUs = 0
	Memory = 2000
...
006 (15556765.629.000) 10/21 06:06:34 Image size of job updated: 143004
	140  -  MemoryUsage of job (MB)
	143004  -  ResidentSetSize of job (KB)
...
040 (15556765.629.000) 10/21 06:08:48 Started transferring output files
...
040 (15556765.629.000) 10/21 06:08:48 Finished transferring output files
...
005 (15556765.629.000) 10/21 06:08:48 Job terminated.
	(1) Normal termination (return value 0)
		Usr 0 00:01:52, Sys 0 00:00:06  -  Run Remote Usage
		Usr 0 00:00:00, Sys 0 00:00:00  -  Run Local Usage
		Usr 0 00:01:52, Sys 0 00:00:06  -  Total Remote Usage
		Usr 0 00:00:00, Sys 0 00:00:00  -  Total Local Usage
	3347  -  Run Bytes Sent By Job
	229  -  Run Bytes Received By Job
	3347  -  Total Bytes Sent By Job
	229  -  Total Bytes Received By Job
	Partitionable Resources :    Usage  Request Allocated 
	   Cpus                 :        0        1         1 
	   Disk (KB)            :       45        1      2655 
	   GPUs                 :                           0 
	   Memory (MB)          :      140     2000      2000 

	Job terminated of its own accord at 2024-10-21T04:08:48Z with exit-code 0.
...
