000 (15556765.310.000) 10/21 05:59:05 Job submitted from host: <188.184.90.241:9618?addrs=188.184.90.241-9618+[2001-1458-201-e4--100-2eb]-9618&alias=bigbird15.cern.ch&noUDP&sock=schedd_25064_65d2>
...
040 (15556765.310.000) 10/21 06:01:36 Started transferring input files
	Transferring to host: <128.142.161.145:9618?addrs=128.142.161.145-9618+[2001-1458-301-b9--100-e]-9618&alias=b9g03p7833.cern.ch&noUDP&sock=slot1_12_384419_b629_2937>
...
040 (15556765.310.000) 10/21 06:01:36 Finished transferring input files
...
001 (15556765.310.000) 10/21 06:01:38 Job executing on host: <128.142.161.145:9618?addrs=128.142.161.145-9618+[2001-1458-301-b9--100-e]-9618&alias=b9g03p7833.cern.ch&noUDP&sock=startd_6538_1a48>
	SlotName: slot1_12@b9g03p7833.cern.ch
	CondorScratchDir = "/pool/condor/dir_1310229"
	Cpus = 1
	Disk = 3840
	GPUs = 0
	Memory = 2000
...
006 (15556765.310.000) 10/21 06:01:46 Image size of job updated: 18940
	19  -  MemoryUsage of job (MB)
	18940  -  ResidentSetSize of job (KB)
...
006 (15556765.310.000) 10/21 06:06:46 Image size of job updated: 1725188
	1685  -  MemoryUsage of job (MB)
	1725188  -  ResidentSetSize of job (KB)
...
040 (15556765.310.000) 10/21 06:12:30 Started transferring output files
...
040 (15556765.310.000) 10/21 06:12:30 Finished transferring output files
...
005 (15556765.310.000) 10/21 06:12:30 Job terminated.
	(1) Normal termination (return value 0)
		Usr 0 00:07:59, Sys 0 00:00:07  -  Run Remote Usage
		Usr 0 00:00:00, Sys 0 00:00:00  -  Run Local Usage
		Usr 0 00:07:59, Sys 0 00:00:07  -  Total Remote Usage
		Usr 0 00:00:00, Sys 0 00:00:00  -  Total Local Usage
	13547  -  Run Bytes Sent By Job
	229  -  Run Bytes Received By Job
	13547  -  Total Bytes Sent By Job
	229  -  Total Bytes Received By Job
	Partitionable Resources :    Usage  Request Allocated 
	   Cpus                 :     0.75        1         1 
	   Disk (KB)            :    55           1      3840 
	   GPUs                 :                           0 
	   Memory (MB)          :  1685        2000      2000 

	Job terminated of its own accord at 2024-10-21T04:12:30Z with exit-code 0.
...
