000 (15556765.371.000) 10/21 05:59:06 Job submitted from host: <188.184.90.241:9618?addrs=188.184.90.241-9618+[2001-1458-201-e4--100-2eb]-9618&alias=bigbird15.cern.ch&noUDP&sock=schedd_25064_65d2>
...
040 (15556765.371.000) 10/21 06:01:57 Started transferring input files
	Transferring to host: <188.185.207.217:9618?addrs=188.185.207.217-9618+[2001-1458-303-e--100-56]-9618&alias=b9p08p3770.cern.ch&noUDP&sock=slot1_27_13363_3138_245814>
...
040 (15556765.371.000) 10/21 06:01:57 Finished transferring input files
...
001 (15556765.371.000) 10/21 06:01:58 Job executing on host: <188.185.207.217:9618?addrs=188.185.207.217-9618+[2001-1458-303-e--100-56]-9618&alias=b9p08p3770.cern.ch&noUDP&sock=startd_3816_097d>
	SlotName: slot1_27@b9p08p3770.cern.ch
	CondorScratchDir = "/pool/condor/dir_1590640"
	Cpus = 1
	Disk = 2750204
	Memory = 2000
...
006 (15556765.371.000) 10/21 06:02:06 Image size of job updated: 149008
	146  -  MemoryUsage of job (MB)
	148748  -  ResidentSetSize of job (KB)
...
006 (15556765.371.000) 10/21 06:07:07 Image size of job updated: 766852
	748  -  MemoryUsage of job (MB)
	765708  -  ResidentSetSize of job (KB)
...
040 (15556765.371.000) 10/21 06:09:34 Started transferring output files
...
040 (15556765.371.000) 10/21 06:09:34 Finished transferring output files
...
005 (15556765.371.000) 10/21 06:09:34 Job terminated.
	(1) Normal termination (return value 0)
		Usr 0 00:04:12, Sys 0 00:00:06  -  Run Remote Usage
		Usr 0 00:00:00, Sys 0 00:00:00  -  Run Local Usage
		Usr 0 00:04:12, Sys 0 00:00:06  -  Total Remote Usage
		Usr 0 00:00:00, Sys 0 00:00:00  -  Total Local Usage
	11886  -  Run Bytes Sent By Job
	229  -  Run Bytes Received By Job
	11886  -  Total Bytes Sent By Job
	229  -  Total Bytes Received By Job
	Partitionable Resources :    Usage  Request Allocated 
	   Cpus                 :     0.21        1         1 
	   Disk (KB)            :    57           1   2750204 
	   Memory (MB)          :   748        2000      2000 

	Job terminated of its own accord at 2024-10-21T04:09:34Z with exit-code 0.
...
