000 (15556765.026.000) 10/21 05:59:05 Job submitted from host: <188.184.90.241:9618?addrs=188.184.90.241-9618+[2001-1458-201-e4--100-2eb]-9618&alias=bigbird15.cern.ch&noUDP&sock=schedd_25064_65d2>
...
040 (15556765.026.000) 10/21 05:59:56 Started transferring input files
	Transferring to host: <128.142.248.113:9618?addrs=128.142.248.113-9618+[2001-1458-301-73--100-161]-9618&alias=b9g23p8916.cern.ch&noUDP&sock=slot1_37_2088419_dcd6_88527>
...
040 (15556765.026.000) 10/21 05:59:56 Finished transferring input files
...
001 (15556765.026.000) 10/21 05:59:57 Job executing on host: <128.142.248.113:9618?addrs=128.142.248.113-9618+[2001-1458-301-73--100-161]-9618&alias=b9g23p8916.cern.ch&noUDP&sock=startd_6632_942f>
	SlotName: slot1_37@b9g23p8916.cern.ch
	CondorScratchDir = "/pool/condor/dir_4004194"
	Cpus = 1
	Disk = 2838815
	Memory = 2000
...
006 (15556765.026.000) 10/21 06:00:06 Image size of job updated: 185676
	181  -  MemoryUsage of job (MB)
	184956  -  ResidentSetSize of job (KB)
...
006 (15556765.026.000) 10/21 06:03:34 Image size of job updated: 1075884
	182  -  MemoryUsage of job (MB)
	185468  -  ResidentSetSize of job (KB)
...
040 (15556765.026.000) 10/21 06:03:35 Started transferring output files
...
040 (15556765.026.000) 10/21 06:03:35 Finished transferring output files
...
005 (15556765.026.000) 10/21 06:03:35 Job terminated.
	(1) Normal termination (return value 0)
		Usr 0 00:02:57, Sys 0 00:00:07  -  Run Remote Usage
		Usr 0 00:00:00, Sys 0 00:00:00  -  Run Local Usage
		Usr 0 00:02:57, Sys 0 00:00:07  -  Total Remote Usage
		Usr 0 00:00:00, Sys 0 00:00:00  -  Total Local Usage
	2820  -  Run Bytes Sent By Job
	229  -  Run Bytes Received By Job
	2820  -  Total Bytes Sent By Job
	229  -  Total Bytes Received By Job
	Partitionable Resources :    Usage  Request Allocated 
	   Cpus                 :                 1         1 
	   Disk (KB)            :       36        1   2838815 
	   Memory (MB)          :      182     2000      2000 

	Job terminated of its own accord at 2024-10-21T04:03:34Z with exit-code 0.
...
000 (15556766.026.000) 10/21 07:29:07 Job submitted from host: <188.184.90.241:9618?addrs=188.184.90.241-9618+[2001-1458-201-e4--100-2eb]-9618&alias=bigbird15.cern.ch&noUDP&sock=schedd_25064_65d2>
...
040 (15556766.026.000) 10/21 07:30:04 Started transferring input files
	Transferring to host: <188.185.198.162:9618?addrs=188.185.198.162-9618+[2001-1458-303-25--100-9e]-9618&alias=b9p15p0695.cern.ch&noUDP&sock=slot1_11_10553_4b06_3371>
...
040 (15556766.026.000) 10/21 07:30:04 Finished transferring input files
...
001 (15556766.026.000) 10/21 07:30:05 Job executing on host: <188.185.198.162:9618?addrs=188.185.198.162-9618+[2001-1458-303-25--100-9e]-9618&alias=b9p15p0695.cern.ch&noUDP&sock=startd_9010_b066>
	SlotName: slot1_11@b9p15p0695.cern.ch
	CondorScratchDir = "/pool/condor/dir_2038870"
	Cpus = 1
	Disk = 3802
	GPUs = 0
	Memory = 2000
...
006 (15556766.026.000) 10/21 07:30:14 Image size of job updated: 737012
	720  -  MemoryUsage of job (MB)
	737012  -  ResidentSetSize of job (KB)
...
006 (15556766.026.000) 10/21 07:35:15 Image size of job updated: 1978184
	1932  -  MemoryUsage of job (MB)
	1978184  -  ResidentSetSize of job (KB)
...
006 (15556766.026.000) 10/21 07:40:16 Image size of job updated: 1988100
	1942  -  MemoryUsage of job (MB)
	1988100  -  ResidentSetSize of job (KB)
...
040 (15556766.026.000) 10/21 07:49:26 Started transferring output files
...
040 (15556766.026.000) 10/21 07:49:26 Finished transferring output files
...
005 (15556766.026.000) 10/21 07:49:26 Job terminated.
	(1) Normal termination (return value 0)
		Usr 0 00:14:31, Sys 0 00:00:13  -  Run Remote Usage
		Usr 0 00:00:00, Sys 0 00:00:00  -  Run Local Usage
		Usr 0 00:14:31, Sys 0 00:00:13  -  Total Remote Usage
		Usr 0 00:00:00, Sys 0 00:00:00  -  Total Local Usage
	28148  -  Run Bytes Sent By Job
	229  -  Run Bytes Received By Job
	28148  -  Total Bytes Sent By Job
	229  -  Total Bytes Received By Job
	Partitionable Resources :    Usage  Request Allocated 
	   Cpus                 :     0.89        1         1 
	   Disk (KB)            :    69           1      3802 
	   GPUs                 :                           0 
	   Memory (MB)          :  1942        2000      2000 

	Job terminated of its own accord at 2024-10-21T05:49:26Z with exit-code 0.
...
