000 (15556765.093.000) 10/21 05:59:05 Job submitted from host: <188.184.90.241:9618?addrs=188.184.90.241-9618+[2001-1458-201-e4--100-2eb]-9618&alias=bigbird15.cern.ch&noUDP&sock=schedd_25064_65d2>
...
040 (15556765.093.000) 10/21 06:00:18 Started transferring input files
	Transferring to host: <128.142.131.90:9618?addrs=128.142.131.90-9618+[2001-1458-301-59--100-4e]-9618&alias=b9g11p6907.cern.ch&noUDP&sock=slot1_12_1265533_3be0_45437>
...
040 (15556765.093.000) 10/21 06:00:18 Finished transferring input files
...
001 (15556765.093.000) 10/21 06:00:19 Job executing on host: <128.142.131.90:9618?addrs=128.142.131.90-9618+[2001-1458-301-59--100-4e]-9618&alias=b9g11p6907.cern.ch&noUDP&sock=startd_2622_0d69>
	SlotName: slot1_12@b9g11p6907.cern.ch
	CondorScratchDir = "/pool/condor/dir_539036"
	Cpus = 1
	Disk = 1584979
	Memory = 2000
...
006 (15556765.093.000) 10/21 06:00:28 Image size of job updated: 150312
	147  -  MemoryUsage of job (MB)
	150312  -  ResidentSetSize of job (KB)
...
006 (15556765.093.000) 10/21 06:05:29 Image size of job updated: 1026016
	1002  -  MemoryUsage of job (MB)
	1026016  -  ResidentSetSize of job (KB)
...
006 (15556765.093.000) 10/21 06:10:30 Image size of job updated: 1026504
	1003  -  MemoryUsage of job (MB)
	1026504  -  ResidentSetSize of job (KB)
...
040 (15556765.093.000) 10/21 06:12:29 Started transferring output files
...
040 (15556765.093.000) 10/21 06:12:29 Finished transferring output files
...
005 (15556765.093.000) 10/21 06:12:29 Job terminated.
	(1) Normal termination (return value 0)
		Usr 0 00:10:48, Sys 0 00:00:10  -  Run Remote Usage
		Usr 0 00:00:00, Sys 0 00:00:00  -  Run Local Usage
		Usr 0 00:10:48, Sys 0 00:00:10  -  Total Remote Usage
		Usr 0 00:00:00, Sys 0 00:00:00  -  Total Local Usage
	8993  -  Run Bytes Sent By Job
	229  -  Run Bytes Received By Job
	8993  -  Total Bytes Sent By Job
	229  -  Total Bytes Received By Job
	Partitionable Resources :    Usage  Request Allocated 
	   Cpus                 :     0.87        1         1 
	   Disk (KB)            :    50           1   1584979 
	   Memory (MB)          :  1003        2000      2000 

	Job terminated of its own accord at 2024-10-21T04:12:29Z with exit-code 0.
...
000 (15556766.093.000) 10/21 07:29:12 Job submitted from host: <188.184.90.241:9618?addrs=188.184.90.241-9618+[2001-1458-201-e4--100-2eb]-9618&alias=bigbird15.cern.ch&noUDP&sock=schedd_25064_65d2>
...
040 (15556766.093.000) 10/21 07:30:27 Started transferring input files
	Transferring to host: <128.142.192.153:9618?addrs=128.142.192.153-9618+[2001-1458-301-56--100-15]-9618&alias=b9g18p2987.cern.ch&noUDP&sock=slot1_21_7119_babb_64302>
...
040 (15556766.093.000) 10/21 07:30:27 Finished transferring input files
...
001 (15556766.093.000) 10/21 07:30:28 Job executing on host: <128.142.192.153:9618?addrs=128.142.192.153-9618+[2001-1458-301-56--100-15]-9618&alias=b9g18p2987.cern.ch&noUDP&sock=startd_6454_7c53>
	SlotName: slot1_21@b9g18p2987.cern.ch
	CondorScratchDir = "/pool/condor/dir_3135026"
	Cpus = 1
	Disk = 2942101
	Memory = 2000
...
006 (15556766.093.000) 10/21 07:30:37 Image size of job updated: 174212
	170  -  MemoryUsage of job (MB)
	173868  -  ResidentSetSize of job (KB)
...
006 (15556766.093.000) 10/21 07:35:38 Image size of job updated: 991064
	967  -  MemoryUsage of job (MB)
	989468  -  ResidentSetSize of job (KB)
...
006 (15556766.093.000) 10/21 07:40:39 Image size of job updated: 992536
	967  -  MemoryUsage of job (MB)
	989868  -  ResidentSetSize of job (KB)
...
006 (15556766.093.000) 10/21 07:45:39 Image size of job updated: 992928
	967  -  MemoryUsage of job (MB)
	989868  -  ResidentSetSize of job (KB)
...
040 (15556766.093.000) 10/21 07:50:39 Started transferring output files
...
040 (15556766.093.000) 10/21 07:50:39 Finished transferring output files
...
009 (15556766.093.000) 10/21 07:50:39 Job was aborted.
	Job removed by SYSTEM_PERIODIC_REMOVE due to wall time exceeded allowed max.
...
