000 (15556765.613.000) 10/21 05:59:06 Job submitted from host: <188.184.90.241:9618?addrs=188.184.90.241-9618+[2001-1458-201-e4--100-2eb]-9618&alias=bigbird15.cern.ch&noUDP&sock=schedd_25064_65d2>
...
040 (15556765.613.000) 10/21 06:06:18 Started transferring input files
	Transferring to host: <128.142.33.218:9618?addrs=128.142.33.218-9618+[2001-1458-301-39--100-17]-9618&alias=b9g24p9845.cern.ch&noUDP&sock=slot1_20_6281_4858_430217>
...
040 (15556765.613.000) 10/21 06:06:18 Finished transferring input files
...
001 (15556765.613.000) 10/21 06:06:19 Job executing on host: <128.142.33.218:9618?addrs=128.142.33.218-9618+[2001-1458-301-39--100-17]-9618&alias=b9g24p9845.cern.ch&noUDP&sock=startd_5977_4da7>
	SlotName: slot1_20@b9g24p9845.cern.ch
	CondorScratchDir = "/pool/condor/dir_4129120"
	Cpus = 1
	Disk = 415145
	Memory = 2000
...
006 (15556765.613.000) 10/21 06:06:28 Image size of job updated: 718044
	702  -  MemoryUsage of job (MB)
	718044  -  ResidentSetSize of job (KB)
...
006 (15556765.613.000) 10/21 06:11:29 Image size of job updated: 1773596
	1733  -  MemoryUsage of job (MB)
	1773596  -  ResidentSetSize of job (KB)
...
006 (15556765.613.000) 10/21 06:16:30 Image size of job updated: 1784256
	1743  -  MemoryUsage of job (MB)
	1784256  -  ResidentSetSize of job (KB)
...
040 (15556765.613.000) 10/21 06:20:37 Started transferring output files
...
040 (15556765.613.000) 10/21 06:20:37 Finished transferring output files
...
005 (15556765.613.000) 10/21 06:20:37 Job terminated.
	(1) Normal termination (return value 0)
		Usr 0 00:12:09, Sys 0 00:00:06  -  Run Remote Usage
		Usr 0 00:00:00, Sys 0 00:00:00  -  Run Local Usage
		Usr 0 00:12:09, Sys 0 00:00:06  -  Total Remote Usage
		Usr 0 00:00:00, Sys 0 00:00:00  -  Total Local Usage
	31025  -  Run Bytes Sent By Job
	229  -  Run Bytes Received By Job
	31025  -  Total Bytes Sent By Job
	229  -  Total Bytes Received By Job
	Partitionable Resources :    Usage  Request Allocated 
	   Cpus                 :     0.86        1         1 
	   Disk (KB)            :    71           1    415145 
	   Memory (MB)          :  1743        2000      2000 

	Job terminated of its own accord at 2024-10-21T04:20:37Z with exit-code 0.
...
