000 (15556765.248.000) 10/21 05:59:05 Job submitted from host: <188.184.90.241:9618?addrs=188.184.90.241-9618+[2001-1458-201-e4--100-2eb]-9618&alias=bigbird15.cern.ch&noUDP&sock=schedd_25064_65d2>
...
040 (15556765.248.000) 10/21 06:01:13 Started transferring input files
	Transferring to host: <128.142.192.152:9618?addrs=128.142.192.152-9618+[2001-1458-301-56--100-14]-9618&alias=b9g18p1920.cern.ch&noUDP&sock=slot1_15_6043_970f_29470>
...
040 (15556765.248.000) 10/21 06:01:13 Finished transferring input files
...
001 (15556765.248.000) 10/21 06:01:14 Job executing on host: <128.142.192.152:9618?addrs=128.142.192.152-9618+[2001-1458-301-56--100-14]-9618&alias=b9g18p1920.cern.ch&noUDP&sock=startd_5328_24b0>
	SlotName: slot1_15@b9g18p1920.cern.ch
	CondorScratchDir = "/pool/condor/dir_2609380"
	Cpus = 1
	Disk = 2859199
	Memory = 2000
...
006 (15556765.248.000) 10/21 06:01:23 Image size of job updated: 191644
	188  -  MemoryUsage of job (MB)
	191644  -  ResidentSetSize of job (KB)
...
006 (15556765.248.000) 10/21 06:06:24 Image size of job updated: 964884
	938  -  MemoryUsage of job (MB)
	960300  -  ResidentSetSize of job (KB)
...
006 (15556765.248.000) 10/21 06:11:24 Image size of job updated: 964884
	939  -  MemoryUsage of job (MB)
	960888  -  ResidentSetSize of job (KB)
...
040 (15556765.248.000) 10/21 06:21:25 Started transferring output files
...
040 (15556765.248.000) 10/21 06:21:25 Finished transferring output files
...
009 (15556765.248.000) 10/21 06:21:25 Job was aborted.
	Job removed by SYSTEM_PERIODIC_REMOVE due to wall time exceeded allowed max.
...
