000 (15556765.513.000) 10/21 05:59:06 Job submitted from host: <188.184.90.241:9618?addrs=188.184.90.241-9618+[2001-1458-201-e4--100-2eb]-9618&alias=bigbird15.cern.ch&noUDP&sock=schedd_25064_65d2>
...
040 (15556765.513.000) 10/21 06:05:42 Started transferring input files
	Transferring to host: <188.185.215.138:9618?addrs=188.185.215.138-9618+[2001-1458-303-26--100-6]-9618&alias=b9p18p7005.cern.ch&noUDP&sock=slot1_2_6493_a7e1_3459>
...
040 (15556765.513.000) 10/21 06:05:42 Finished transferring input files
...
001 (15556765.513.000) 10/21 06:05:43 Job executing on host: <188.185.215.138:9618?addrs=188.185.215.138-9618+[2001-1458-303-26--100-6]-9618&alias=b9p18p7005.cern.ch&noUDP&sock=startd_5016_2323>
	SlotName: slot1_2@b9p18p7005.cern.ch
	CondorScratchDir = "/pool/condor/dir_4081146"
	Cpus = 1
	Disk = 3890
	GPUs = 0
	Memory = 2000
...
006 (15556765.513.000) 10/21 06:05:52 Image size of job updated: 754648
	737  -  MemoryUsage of job (MB)
	754648  -  ResidentSetSize of job (KB)
...
006 (15556765.513.000) 10/21 06:10:53 Image size of job updated: 1676880
	1638  -  MemoryUsage of job (MB)
	1676880  -  ResidentSetSize of job (KB)
...
040 (15556765.513.000) 10/21 06:12:12 Started transferring output files
...
040 (15556765.513.000) 10/21 06:12:12 Finished transferring output files
...
005 (15556765.513.000) 10/21 06:12:12 Job terminated.
	(1) Normal termination (return value 0)
		Usr 0 00:05:32, Sys 0 00:00:07  -  Run Remote Usage
		Usr 0 00:00:00, Sys 0 00:00:00  -  Run Local Usage
		Usr 0 00:05:32, Sys 0 00:00:07  -  Total Remote Usage
		Usr 0 00:00:00, Sys 0 00:00:00  -  Total Local Usage
	13048  -  Run Bytes Sent By Job
	229  -  Run Bytes Received By Job
	13048  -  Total Bytes Sent By Job
	229  -  Total Bytes Received By Job
	Partitionable Resources :    Usage  Request Allocated 
	   Cpus                 :     0.94        1         1 
	   Disk (KB)            :    55           1      3890 
	   GPUs                 :                           0 
	   Memory (MB)          :  1638        2000      2000 

	Job terminated of its own accord at 2024-10-21T04:12:12Z with exit-code 0.
...
