000 (15556765.294.000) 10/21 05:59:05 Job submitted from host: <188.184.90.241:9618?addrs=188.184.90.241-9618+[2001-1458-201-e4--100-2eb]-9618&alias=bigbird15.cern.ch&noUDP&sock=schedd_25064_65d2>
...
040 (15556765.294.000) 10/21 06:01:29 Started transferring input files
	Transferring to host: <188.185.214.75:9618?addrs=188.185.214.75-9618+[2001-1458-303-1c--100-47]-9618&alias=b9p29p5305.cern.ch&noUDP&sock=slot1_16_4678_d2f7_5737>
...
040 (15556765.294.000) 10/21 06:01:29 Finished transferring input files
...
001 (15556765.294.000) 10/21 06:01:30 Job executing on host: <188.185.214.75:9618?addrs=188.185.214.75-9618+[2001-1458-303-1c--100-47]-9618&alias=b9p29p5305.cern.ch&noUDP&sock=startd_3906_c503>
	SlotName: slot1_16@b9p29p5305.cern.ch
	CondorScratchDir = "/pool/condor/dir_749883"
	Cpus = 1
	Disk = 3773
	GPUs = 0
	Memory = 2000
...
006 (15556765.294.000) 10/21 06:01:38 Image size of job updated: 163172
	160  -  MemoryUsage of job (MB)
	163172  -  ResidentSetSize of job (KB)
...
006 (15556765.294.000) 10/21 06:06:38 Image size of job updated: 872256
	852  -  MemoryUsage of job (MB)
	872256  -  ResidentSetSize of job (KB)
...
040 (15556765.294.000) 10/21 06:07:53 Started transferring output files
...
040 (15556765.294.000) 10/21 06:07:53 Finished transferring output files
...
005 (15556765.294.000) 10/21 06:07:53 Job terminated.
	(1) Normal termination (return value 0)
		Usr 0 00:03:23, Sys 0 00:00:07  -  Run Remote Usage
		Usr 0 00:00:00, Sys 0 00:00:00  -  Run Local Usage
		Usr 0 00:03:23, Sys 0 00:00:07  -  Total Remote Usage
		Usr 0 00:00:00, Sys 0 00:00:00  -  Total Local Usage
	8227  -  Run Bytes Sent By Job
	229  -  Run Bytes Received By Job
	8227  -  Total Bytes Sent By Job
	229  -  Total Bytes Received By Job
	Partitionable Resources :    Usage  Request Allocated 
	   Cpus                 :        0        1         1 
	   Disk (KB)            :      518        1      3773 
	   GPUs                 :                           0 
	   Memory (MB)          :      852     2000      2000 

	Job terminated of its own accord at 2024-10-21T04:07:53Z with exit-code 0.
...
