000 (15556765.521.000) 10/21 05:59:06 Job submitted from host: <188.184.90.241:9618?addrs=188.184.90.241-9618+[2001-1458-201-e4--100-2eb]-9618&alias=bigbird15.cern.ch&noUDP&sock=schedd_25064_65d2>
...
040 (15556765.521.000) 10/21 06:05:45 Started transferring input files
	Transferring to host: <188.185.193.165:9618?addrs=188.185.193.165-9618&alias=b9p19p8780.cern.ch&noUDP&sock=slot1_21_2628428_0dfd_53260>
...
040 (15556765.521.000) 10/21 06:05:45 Finished transferring input files
...
001 (15556765.521.000) 10/21 06:05:46 Job executing on host: <188.185.193.165:9618?addrs=188.185.193.165-9618&alias=b9p19p8780.cern.ch&noUDP&sock=startd_2969322_7e2c>
	SlotName: slot1_21@b9p19p8780.cern.ch
	CondorScratchDir = "/pool/condor/dir_2799942"
	Cpus = 1
	Disk = 2867108
	Memory = 2000
...
006 (15556765.521.000) 10/21 06:05:54 Image size of job updated: 171604
	168  -  MemoryUsage of job (MB)
	171588  -  ResidentSetSize of job (KB)
...
006 (15556765.521.000) 10/21 06:07:09 Image size of job updated: 738988
	168  -  MemoryUsage of job (MB)
	171588  -  ResidentSetSize of job (KB)
...
040 (15556765.521.000) 10/21 06:07:09 Started transferring output files
...
040 (15556765.521.000) 10/21 06:07:09 Finished transferring output files
...
005 (15556765.521.000) 10/21 06:07:09 Job terminated.
	(1) Normal termination (return value 0)
		Usr 0 00:01:02, Sys 0 00:00:04  -  Run Remote Usage
		Usr 0 00:00:00, Sys 0 00:00:00  -  Run Local Usage
		Usr 0 00:01:02, Sys 0 00:00:04  -  Total Remote Usage
		Usr 0 00:00:00, Sys 0 00:00:00  -  Total Local Usage
	2359  -  Run Bytes Sent By Job
	229  -  Run Bytes Received By Job
	2359  -  Total Bytes Sent By Job
	229  -  Total Bytes Received By Job
	Partitionable Resources :    Usage  Request Allocated 
	   Cpus                 :        0        1         1 
	   Disk (KB)            :       43        1   2867108 
	   Memory (MB)          :      168     2000      2000 

	Job terminated of its own accord at 2024-10-21T04:07:09Z with exit-code 0.
...
