000 (15556765.647.000) 10/21 05:59:06 Job submitted from host: <188.184.90.241:9618?addrs=188.184.90.241-9618+[2001-1458-201-e4--100-2eb]-9618&alias=bigbird15.cern.ch&noUDP&sock=schedd_25064_65d2>
...
040 (15556765.647.000) 10/21 06:06:31 Started transferring input files
	Transferring to host: <128.142.131.20:9618?addrs=128.142.131.20-9618+[2001-1458-301-59--100-8]-9618&alias=b9g11p0183.cern.ch&noUDP&sock=slot1_6_3031_5d14_2816>
...
040 (15556765.647.000) 10/21 06:06:31 Finished transferring input files
...
001 (15556765.647.000) 10/21 06:06:33 Job executing on host: <128.142.131.20:9618?addrs=128.142.131.20-9618+[2001-1458-301-59--100-8]-9618&alias=b9g11p0183.cern.ch&noUDP&sock=startd_2660_1e02>
	SlotName: slot1_6@b9g11p0183.cern.ch
	CondorScratchDir = "/pool/condor/dir_1693341"
	Cpus = 1
	Disk = 2678
	GPUs = 0
	Memory = 2000
...
006 (15556765.647.000) 10/21 06:06:41 Image size of job updated: 145736
	143  -  MemoryUsage of job (MB)
	145736  -  ResidentSetSize of job (KB)
...
006 (15556765.647.000) 10/21 06:11:41 Image size of job updated: 763616
	746  -  MemoryUsage of job (MB)
	763616  -  ResidentSetSize of job (KB)
...
006 (15556765.647.000) 10/21 06:16:41 Image size of job updated: 763644
	746  -  MemoryUsage of job (MB)
	763644  -  ResidentSetSize of job (KB)
...
040 (15556765.647.000) 10/21 06:17:11 Started transferring output files
...
040 (15556765.647.000) 10/21 06:17:11 Finished transferring output files
...
005 (15556765.647.000) 10/21 06:17:11 Job terminated.
	(1) Normal termination (return value 0)
		Usr 0 00:09:19, Sys 0 00:00:05  -  Run Remote Usage
		Usr 0 00:00:00, Sys 0 00:00:00  -  Run Local Usage
		Usr 0 00:09:19, Sys 0 00:00:05  -  Total Remote Usage
		Usr 0 00:00:00, Sys 0 00:00:00  -  Total Local Usage
	14898  -  Run Bytes Sent By Job
	229  -  Run Bytes Received By Job
	14898  -  Total Bytes Sent By Job
	229  -  Total Bytes Received By Job
	Partitionable Resources :    Usage  Request Allocated 
	   Cpus                 :     0.90        1         1 
	   Disk (KB)            :    56           1      2678 
	   GPUs                 :                           0 
	   Memory (MB)          :   746        2000      2000 

	Job terminated of its own accord at 2024-10-21T04:17:11Z with exit-code 0.
...
