000 (15556765.339.000) 10/21 05:59:06 Job submitted from host: <188.184.90.241:9618?addrs=188.184.90.241-9618+[2001-1458-201-e4--100-2eb]-9618&alias=bigbird15.cern.ch&noUDP&sock=schedd_25064_65d2>
...
040 (15556765.339.000) 10/21 06:01:46 Started transferring input files
	Transferring to host: <188.185.198.62:9618?addrs=188.185.198.62-9618+[2001-1458-303-25--100-3a]-9618&alias=b9p15p1523.cern.ch&noUDP&sock=slot1_22_6895_e6b1_67071>
...
040 (15556765.339.000) 10/21 06:01:46 Finished transferring input files
...
001 (15556765.339.000) 10/21 06:01:47 Job executing on host: <188.185.198.62:9618?addrs=188.185.198.62-9618+[2001-1458-303-25--100-3a]-9618&alias=b9p15p1523.cern.ch&noUDP&sock=startd_6046_a1af>
	SlotName: slot1_22@b9p15p1523.cern.ch
	CondorScratchDir = "/pool/condor/dir_1173014"
	Cpus = 1
	Disk = 3013529
	Memory = 2000
...
006 (15556765.339.000) 10/21 06:01:56 Image size of job updated: 20804
	21  -  MemoryUsage of job (MB)
	20556  -  ResidentSetSize of job (KB)
...
006 (15556765.339.000) 10/21 06:06:57 Image size of job updated: 791016
	767  -  MemoryUsage of job (MB)
	785172  -  ResidentSetSize of job (KB)
...
040 (15556765.339.000) 10/21 06:10:26 Started transferring output files
...
040 (15556765.339.000) 10/21 06:10:26 Finished transferring output files
...
005 (15556765.339.000) 10/21 06:10:26 Job terminated.
	(1) Normal termination (return value 0)
		Usr 0 00:06:43, Sys 0 00:00:05  -  Run Remote Usage
		Usr 0 00:00:00, Sys 0 00:00:00  -  Run Local Usage
		Usr 0 00:06:43, Sys 0 00:00:05  -  Total Remote Usage
		Usr 0 00:00:00, Sys 0 00:00:00  -  Total Local Usage
	12686  -  Run Bytes Sent By Job
	229  -  Run Bytes Received By Job
	12686  -  Total Bytes Sent By Job
	229  -  Total Bytes Received By Job
	Partitionable Resources :    Usage  Request Allocated 
	   Cpus                 :        0        1         1 
	   Disk (KB)            :       54        1   3013529 
	   Memory (MB)          :      767     2000      2000 

	Job terminated of its own accord at 2024-10-21T04:10:26Z with exit-code 0.
...
