000 (15556765.308.000) 10/21 05:59:05 Job submitted from host: <188.184.90.241:9618?addrs=188.184.90.241-9618+[2001-1458-201-e4--100-2eb]-9618&alias=bigbird15.cern.ch&noUDP&sock=schedd_25064_65d2>
...
040 (15556765.308.000) 10/21 06:01:35 Started transferring input files
	Transferring to host: <128.142.161.120:9618?addrs=128.142.161.120-9618+[2001-1458-301-b8--100-36]-9618&alias=b9g03p5843.cern.ch&noUDP&sock=slot1_9_302493_6ee6_3496>
...
040 (15556765.308.000) 10/21 06:01:35 Finished transferring input files
...
001 (15556765.308.000) 10/21 06:01:36 Job executing on host: <128.142.161.120:9618?addrs=128.142.161.120-9618+[2001-1458-301-b8--100-36]-9618&alias=b9g03p5843.cern.ch&noUDP&sock=startd_6792_5356>
	SlotName: slot1_9@b9g03p5843.cern.ch
	CondorScratchDir = "/pool/condor/dir_654215"
	Cpus = 1
	Disk = 4070
	GPUs = 0
	Memory = 2000
...
006 (15556765.308.000) 10/21 06:01:45 Image size of job updated: 605360
	592  -  MemoryUsage of job (MB)
	605360  -  ResidentSetSize of job (KB)
...
006 (15556765.308.000) 10/21 06:06:47 Image size of job updated: 1771036
	1730  -  MemoryUsage of job (MB)
	1771036  -  ResidentSetSize of job (KB)
...
040 (15556765.308.000) 10/21 06:10:40 Started transferring output files
...
040 (15556765.308.000) 10/21 06:10:40 Finished transferring output files
...
005 (15556765.308.000) 10/21 06:10:40 Job terminated.
	(1) Normal termination (return value 0)
		Usr 0 00:07:41, Sys 0 00:00:06  -  Run Remote Usage
		Usr 0 00:00:00, Sys 0 00:00:00  -  Run Local Usage
		Usr 0 00:07:41, Sys 0 00:00:06  -  Total Remote Usage
		Usr 0 00:00:00, Sys 0 00:00:00  -  Total Local Usage
	14263  -  Run Bytes Sent By Job
	229  -  Run Bytes Received By Job
	14263  -  Total Bytes Sent By Job
	229  -  Total Bytes Received By Job
	Partitionable Resources :    Usage  Request Allocated 
	   Cpus                 :     0.89        1         1 
	   Disk (KB)            :    56           1      4070 
	   GPUs                 :                           0 
	   Memory (MB)          :  1730        2000      2000 

	Job terminated of its own accord at 2024-10-21T04:10:40Z with exit-code 0.
...
