000 (15556765.380.000) 10/21 05:59:06 Job submitted from host: <188.184.90.241:9618?addrs=188.184.90.241-9618+[2001-1458-201-e4--100-2eb]-9618&alias=bigbird15.cern.ch&noUDP&sock=schedd_25064_65d2>
...
040 (15556765.380.000) 10/21 06:02:01 Started transferring input files
	Transferring to host: <188.185.204.234:9618?addrs=188.185.204.234-9618+[2001-1458-303-8--100-67]-9618&alias=b9p02p1699.cern.ch&noUDP&sock=slot1_35_6499_e221_191619>
...
040 (15556765.380.000) 10/21 06:02:01 Finished transferring input files
...
001 (15556765.380.000) 10/21 06:02:02 Job executing on host: <188.185.204.234:9618?addrs=188.185.204.234-9618+[2001-1458-303-8--100-67]-9618&alias=b9p02p1699.cern.ch&noUDP&sock=startd_5209_84ea>
	SlotName: slot1_35@b9p02p1699.cern.ch
	CondorScratchDir = "/pool/condor/dir_3351019"
	Cpus = 1
	Disk = 2647690
	Memory = 2000
...
006 (15556765.380.000) 10/21 06:02:11 Image size of job updated: 256432
	251  -  MemoryUsage of job (MB)
	256112  -  ResidentSetSize of job (KB)
...
006 (15556765.380.000) 10/21 06:07:12 Image size of job updated: 897880
	876  -  MemoryUsage of job (MB)
	896396  -  ResidentSetSize of job (KB)
...
006 (15556765.380.000) 10/21 06:09:12 Image size of job updated: 898196
	876  -  MemoryUsage of job (MB)
	896396  -  ResidentSetSize of job (KB)
...
040 (15556765.380.000) 10/21 06:09:12 Started transferring output files
...
040 (15556765.380.000) 10/21 06:09:12 Finished transferring output files
...
005 (15556765.380.000) 10/21 06:09:12 Job terminated.
	(1) Normal termination (return value 0)
		Usr 0 00:03:52, Sys 0 00:00:04  -  Run Remote Usage
		Usr 0 00:00:00, Sys 0 00:00:00  -  Run Local Usage
		Usr 0 00:03:52, Sys 0 00:00:04  -  Total Remote Usage
		Usr 0 00:00:00, Sys 0 00:00:00  -  Total Local Usage
	14257  -  Run Bytes Sent By Job
	229  -  Run Bytes Received By Job
	14257  -  Total Bytes Sent By Job
	229  -  Total Bytes Received By Job
	Partitionable Resources :    Usage  Request Allocated 
	   Cpus                 :        0        1         1 
	   Disk (KB)            :      556        1   2647690 
	   Memory (MB)          :      876     2000      2000 

	Job terminated of its own accord at 2024-10-21T04:09:12Z with exit-code 0.
...
