000 (15556765.361.000) 10/21 05:59:06 Job submitted from host: <188.184.90.241:9618?addrs=188.184.90.241-9618+[2001-1458-201-e4--100-2eb]-9618&alias=bigbird15.cern.ch&noUDP&sock=schedd_25064_65d2>
...
040 (15556765.361.000) 10/21 06:01:53 Started transferring input files
	Transferring to host: <128.142.33.211:9618?addrs=128.142.33.211-9618+[2001-1458-301-39--100-10]-9618&alias=b9g24p5515.cern.ch&noUDP&sock=slot1_22_5892_3269_61951>
...
040 (15556765.361.000) 10/21 06:01:53 Finished transferring input files
...
001 (15556765.361.000) 10/21 06:01:54 Job executing on host: <128.142.33.211:9618?addrs=128.142.33.211-9618+[2001-1458-301-39--100-10]-9618&alias=b9g24p5515.cern.ch&noUDP&sock=startd_4697_546d>
	SlotName: slot1_22@b9g24p5515.cern.ch
	CondorScratchDir = "/pool/condor/dir_2277673"
	Cpus = 1
	Disk = 2856572
	Memory = 2000
...
006 (15556765.361.000) 10/21 06:02:03 Image size of job updated: 630456
	616  -  MemoryUsage of job (MB)
	630448  -  ResidentSetSize of job (KB)
...
006 (15556765.361.000) 10/21 06:07:04 Image size of job updated: 1695744
	1653  -  MemoryUsage of job (MB)
	1691884  -  ResidentSetSize of job (KB)
...
006 (15556765.361.000) 10/21 06:08:38 Image size of job updated: 1696384
	1653  -  MemoryUsage of job (MB)
	1691884  -  ResidentSetSize of job (KB)
...
040 (15556765.361.000) 10/21 06:08:38 Started transferring output files
...
040 (15556765.361.000) 10/21 06:08:38 Finished transferring output files
...
005 (15556765.361.000) 10/21 06:08:38 Job terminated.
	(1) Normal termination (return value 0)
		Usr 0 00:04:50, Sys 0 00:00:08  -  Run Remote Usage
		Usr 0 00:00:00, Sys 0 00:00:00  -  Run Local Usage
		Usr 0 00:04:50, Sys 0 00:00:08  -  Total Remote Usage
		Usr 0 00:00:00, Sys 0 00:00:00  -  Total Local Usage
	13384  -  Run Bytes Sent By Job
	229  -  Run Bytes Received By Job
	13384  -  Total Bytes Sent By Job
	229  -  Total Bytes Received By Job
	Partitionable Resources :    Usage  Request Allocated 
	   Cpus                 :        0        1         1 
	   Disk (KB)            :       54        1   2856572 
	   Memory (MB)          :     1653     2000      2000 

	Job terminated of its own accord at 2024-10-21T04:08:38Z with exit-code 0.
...
