000 (15556765.568.000) 10/21 05:59:06 Job submitted from host: <188.184.90.241:9618?addrs=188.184.90.241-9618+[2001-1458-201-e4--100-2eb]-9618&alias=bigbird15.cern.ch&noUDP&sock=schedd_25064_65d2>
...
040 (15556765.568.000) 10/21 06:06:03 Started transferring input files
	Transferring to host: <188.185.204.195:9618?addrs=188.185.204.195-9618+[2001-1458-303-8--100-b7]-9618&alias=b9p02p7448.cern.ch&noUDP&sock=slot1_15_4056_919e_27375>
...
040 (15556765.568.000) 10/21 06:06:03 Finished transferring input files
...
001 (15556765.568.000) 10/21 06:06:04 Job executing on host: <188.185.204.195:9618?addrs=188.185.204.195-9618+[2001-1458-303-8--100-b7]-9618&alias=b9p02p7448.cern.ch&noUDP&sock=startd_3496_8b2f>
	SlotName: slot1_15@b9p02p7448.cern.ch
	CondorScratchDir = "/pool/condor/dir_974985"
	Cpus = 1
	Disk = 2689477
	Memory = 2000
...
006 (15556765.568.000) 10/21 06:06:13 Image size of job updated: 630564
	616  -  MemoryUsage of job (MB)
	630560  -  ResidentSetSize of job (KB)
...
006 (15556765.568.000) 10/21 06:11:14 Image size of job updated: 1697032
	1655  -  MemoryUsage of job (MB)
	1693840  -  ResidentSetSize of job (KB)
...
006 (15556765.568.000) 10/21 06:16:14 Image size of job updated: 1712440
	1669  -  MemoryUsage of job (MB)
	1708336  -  ResidentSetSize of job (KB)
...
006 (15556765.568.000) 10/21 06:21:14 Image size of job updated: 1712440
	1669  -  MemoryUsage of job (MB)
	1708364  -  ResidentSetSize of job (KB)
...
040 (15556765.568.000) 10/21 06:24:16 Started transferring output files
...
040 (15556765.568.000) 10/21 06:24:16 Finished transferring output files
...
005 (15556765.568.000) 10/21 06:24:16 Job terminated.
	(1) Normal termination (return value 0)
		Usr 0 00:13:57, Sys 0 00:00:11  -  Run Remote Usage
		Usr 0 00:00:00, Sys 0 00:00:00  -  Run Local Usage
		Usr 0 00:13:57, Sys 0 00:00:11  -  Total Remote Usage
		Usr 0 00:00:00, Sys 0 00:00:00  -  Total Local Usage
	36696  -  Run Bytes Sent By Job
	229  -  Run Bytes Received By Job
	36696  -  Total Bytes Sent By Job
	229  -  Total Bytes Received By Job
	Partitionable Resources :    Usage  Request Allocated 
	   Cpus                 :     0.92        1         1 
	   Disk (KB)            :    81           1   2689477 
	   Memory (MB)          :  1669        2000      2000 

	Job terminated of its own accord at 2024-10-21T04:24:16Z with exit-code 0.
...
