000 (15556765.062.000) 10/21 05:59:05 Job submitted from host: <188.184.90.241:9618?addrs=188.184.90.241-9618+[2001-1458-201-e4--100-2eb]-9618&alias=bigbird15.cern.ch&noUDP&sock=schedd_25064_65d2>
...
040 (15556765.062.000) 10/21 06:00:08 Started transferring input files
	Transferring to host: <188.185.194.105:9618?addrs=188.185.194.105-9618+[2001-1458-303-21--100-65]-9618&alias=b9p20p0035.cern.ch&noUDP&sock=slot1_11_3786551_7a14_4740>
...
040 (15556765.062.000) 10/21 06:00:08 Finished transferring input files
...
001 (15556765.062.000) 10/21 06:00:09 Job executing on host: <188.185.194.105:9618?addrs=188.185.194.105-9618+[2001-1458-303-21--100-65]-9618&alias=b9p20p0035.cern.ch&noUDP&sock=startd_128359_2d10>
	SlotName: slot1_11@b9p20p0035.cern.ch
	CondorScratchDir = "/pool/condor/dir_266977"
	Cpus = 1
	Disk = 2910178
	Memory = 2000
...
006 (15556765.062.000) 10/21 06:00:18 Image size of job updated: 2684
	2  -  MemoryUsage of job (MB)
	1984  -  ResidentSetSize of job (KB)
...
006 (15556765.062.000) 10/21 06:05:19 Image size of job updated: 1997524
	1949  -  MemoryUsage of job (MB)
	1995228  -  ResidentSetSize of job (KB)
...
006 (15556765.062.000) 10/21 06:10:19 Image size of job updated: 2001232
	1949  -  MemoryUsage of job (MB)
	1995228  -  ResidentSetSize of job (KB)
...
006 (15556765.062.000) 10/21 06:15:19 Image size of job updated: 2001232
	1949  -  MemoryUsage of job (MB)
	1995428  -  ResidentSetSize of job (KB)
...
006 (15556765.062.000) 10/21 06:20:19 Image size of job updated: 2001328
	1949  -  MemoryUsage of job (MB)
	1995428  -  ResidentSetSize of job (KB)
...
040 (15556765.062.000) 10/21 06:20:19 Started transferring output files
...
040 (15556765.062.000) 10/21 06:20:19 Finished transferring output files
...
009 (15556765.062.000) 10/21 06:20:19 Job was aborted.
	Job removed by SYSTEM_PERIODIC_REMOVE due to wall time exceeded allowed max.
...
000 (15556766.062.000) 10/21 07:29:09 Job submitted from host: <188.184.90.241:9618?addrs=188.184.90.241-9618+[2001-1458-201-e4--100-2eb]-9618&alias=bigbird15.cern.ch&noUDP&sock=schedd_25064_65d2>
...
040 (15556766.062.000) 10/21 07:30:17 Started transferring input files
	Transferring to host: <188.185.196.48:9618?addrs=188.185.196.48-9618+[2001-1458-303-23--100-2c]-9618&alias=b9p16p7526.cern.ch&noUDP&sock=slot1_9_3281558_397d_75667>
...
040 (15556766.062.000) 10/21 07:30:17 Finished transferring input files
...
001 (15556766.062.000) 10/21 07:30:18 Job executing on host: <188.185.196.48:9618?addrs=188.185.196.48-9618+[2001-1458-303-23--100-2c]-9618&alias=b9p16p7526.cern.ch&noUDP&sock=startd_127731_6b96>
	SlotName: slot1_9@b9p16p7526.cern.ch
	CondorScratchDir = "/pool/condor/dir_3303096"
	Cpus = 1
	Disk = 3050733
	Memory = 2000
...
006 (15556766.062.000) 10/21 07:30:26 Image size of job updated: 149848
	147  -  MemoryUsage of job (MB)
	149668  -  ResidentSetSize of job (KB)
...
006 (15556766.062.000) 10/21 07:35:26 Image size of job updated: 990664
	966  -  MemoryUsage of job (MB)
	988784  -  ResidentSetSize of job (KB)
...
006 (15556766.062.000) 10/21 07:40:27 Image size of job updated: 992400
	966  -  MemoryUsage of job (MB)
	988972  -  ResidentSetSize of job (KB)
...
006 (15556766.062.000) 10/21 07:45:28 Image size of job updated: 992568
	966  -  MemoryUsage of job (MB)
	988972  -  ResidentSetSize of job (KB)
...
040 (15556766.062.000) 10/21 07:50:28 Started transferring output files
...
040 (15556766.062.000) 10/21 07:50:28 Finished transferring output files
...
009 (15556766.062.000) 10/21 07:50:28 Job was aborted.
	Job removed by SYSTEM_PERIODIC_REMOVE due to wall time exceeded allowed max.
...
