000 (15556765.245.000) 10/21 05:59:05 Job submitted from host: <188.184.90.241:9618?addrs=188.184.90.241-9618+[2001-1458-201-e4--100-2eb]-9618&alias=bigbird15.cern.ch&noUDP&sock=schedd_25064_65d2>
...
040 (15556765.245.000) 10/21 06:01:12 Started transferring input files
	Transferring to host: <188.185.198.118:9618?addrs=188.185.198.118-9618+[2001-1458-303-25--100-72]-9618&alias=b9p15p7770.cern.ch&noUDP&sock=slot1_27_10789_9390_81604>
...
040 (15556765.245.000) 10/21 06:01:12 Finished transferring input files
...
001 (15556765.245.000) 10/21 06:01:14 Job executing on host: <188.185.198.118:9618?addrs=188.185.198.118-9618+[2001-1458-303-25--100-72]-9618&alias=b9p15p7770.cern.ch&noUDP&sock=startd_10428_51b1>
	SlotName: slot1_27@b9p15p7770.cern.ch
	CondorScratchDir = "/pool/condor/dir_589525"
	Cpus = 1
	Disk = 2933152
	Memory = 2000
...
006 (15556765.245.000) 10/21 06:01:22 Image size of job updated: 159864
	157  -  MemoryUsage of job (MB)
	159864  -  ResidentSetSize of job (KB)
...
006 (15556765.245.000) 10/21 06:06:22 Image size of job updated: 980104
	955  -  MemoryUsage of job (MB)
	977896  -  ResidentSetSize of job (KB)
...
006 (15556765.245.000) 10/21 06:11:22 Image size of job updated: 980476
	956  -  MemoryUsage of job (MB)
	977948  -  ResidentSetSize of job (KB)
...
006 (15556765.245.000) 10/21 06:16:23 Image size of job updated: 980768
	956  -  MemoryUsage of job (MB)
	978028  -  ResidentSetSize of job (KB)
...
040 (15556765.245.000) 10/21 06:21:23 Started transferring output files
...
040 (15556765.245.000) 10/21 06:21:23 Finished transferring output files
...
009 (15556765.245.000) 10/21 06:21:23 Job was aborted.
	Job removed by SYSTEM_PERIODIC_REMOVE due to wall time exceeded allowed max.
...
