000 (15556765.396.000) 10/21 05:59:06 Job submitted from host: <188.184.90.241:9618?addrs=188.184.90.241-9618+[2001-1458-201-e4--100-2eb]-9618&alias=bigbird15.cern.ch&noUDP&sock=schedd_25064_65d2>
...
040 (15556765.396.000) 10/21 06:02:57 Started transferring input files
	Transferring to host: <128.142.52.8:9618?addrs=128.142.52.8-9618+[2001-1458-301-1b--100-5]-9618&alias=b9g02p7484.cern.ch&noUDP&sock=slot1_29_4044410_782a_31786>
...
040 (15556765.396.000) 10/21 06:02:57 Finished transferring input files
...
001 (15556765.396.000) 10/21 06:02:58 Job executing on host: <128.142.52.8:9618?addrs=128.142.52.8-9618+[2001-1458-301-1b--100-5]-9618&alias=b9g02p7484.cern.ch&noUDP&sock=startd_7074_c10b>
	SlotName: slot1_29@b9g02p7484.cern.ch
	CondorScratchDir = "/pool/condor/dir_2379095"
	Cpus = 1
	Disk = 2926195
	Memory = 2000
...
006 (15556765.396.000) 10/21 06:03:07 Image size of job updated: 224228
	219  -  MemoryUsage of job (MB)
	224056  -  ResidentSetSize of job (KB)
...
006 (15556765.396.000) 10/21 06:04:37 Image size of job updated: 743156
	220  -  MemoryUsage of job (MB)
	224568  -  ResidentSetSize of job (KB)
...
040 (15556765.396.000) 10/21 06:04:38 Started transferring output files
...
040 (15556765.396.000) 10/21 06:04:38 Finished transferring output files
...
005 (15556765.396.000) 10/21 06:04:38 Job terminated.
	(1) Normal termination (return value 0)
		Usr 0 00:01:17, Sys 0 00:00:03  -  Run Remote Usage
		Usr 0 00:00:00, Sys 0 00:00:00  -  Run Local Usage
		Usr 0 00:01:17, Sys 0 00:00:03  -  Total Remote Usage
		Usr 0 00:00:00, Sys 0 00:00:00  -  Total Local Usage
	3273  -  Run Bytes Sent By Job
	229  -  Run Bytes Received By Job
	3273  -  Total Bytes Sent By Job
	229  -  Total Bytes Received By Job
	Partitionable Resources :    Usage  Request Allocated 
	   Cpus                 :        0        1         1 
	   Disk (KB)            :       45        1   2926195 
	   Memory (MB)          :      220     2000      2000 

	Job terminated of its own accord at 2024-10-21T04:04:37Z with exit-code 0.
...
