000 (15556765.640.000) 10/21 05:59:06 Job submitted from host: <188.184.90.241:9618?addrs=188.184.90.241-9618+[2001-1458-201-e4--100-2eb]-9618&alias=bigbird15.cern.ch&noUDP&sock=schedd_25064_65d2>
...
040 (15556765.640.000) 10/21 06:06:29 Started transferring input files
	Transferring to host: <128.142.137.69:9618?addrs=128.142.137.69-9618+[2001-1458-301-5e--100-39]-9618&alias=b9g19p7817.cern.ch&noUDP&sock=slot1_5_2786_bd2a_55649>
...
040 (15556765.640.000) 10/21 06:06:29 Finished transferring input files
...
001 (15556765.640.000) 10/21 06:06:30 Job executing on host: <128.142.137.69:9618?addrs=128.142.137.69-9618+[2001-1458-301-5e--100-39]-9618&alias=b9g19p7817.cern.ch&noUDP&sock=startd_2450_131f>
	SlotName: slot1_5@b9g19p7817.cern.ch
	CondorScratchDir = "/pool/condor/dir_2099421"
	Cpus = 1
	Disk = 1820280
	Memory = 2000
...
006 (15556765.640.000) 10/21 06:06:38 Image size of job updated: 148596
	146  -  MemoryUsage of job (MB)
	148596  -  ResidentSetSize of job (KB)
...
006 (15556765.640.000) 10/21 06:11:38 Image size of job updated: 760416
	743  -  MemoryUsage of job (MB)
	760416  -  ResidentSetSize of job (KB)
...
040 (15556765.640.000) 10/21 06:12:27 Started transferring output files
...
040 (15556765.640.000) 10/21 06:12:27 Finished transferring output files
...
005 (15556765.640.000) 10/21 06:12:27 Job terminated.
	(1) Normal termination (return value 0)
		Usr 0 00:05:27, Sys 0 00:00:06  -  Run Remote Usage
		Usr 0 00:00:00, Sys 0 00:00:00  -  Run Local Usage
		Usr 0 00:05:27, Sys 0 00:00:06  -  Total Remote Usage
		Usr 0 00:00:00, Sys 0 00:00:00  -  Total Local Usage
	9743  -  Run Bytes Sent By Job
	229  -  Run Bytes Received By Job
	9743  -  Total Bytes Sent By Job
	229  -  Total Bytes Received By Job
	Partitionable Resources :    Usage  Request Allocated 
	   Cpus                 :        0        1         1 
	   Disk (KB)            :       50        1   1820280 
	   Memory (MB)          :      743     2000      2000 

	Job terminated of its own accord at 2024-10-21T04:12:27Z with exit-code 0.
...
