000 (15556765.215.000) 10/21 05:59:05 Job submitted from host: <188.184.90.241:9618?addrs=188.184.90.241-9618+[2001-1458-201-e4--100-2eb]-9618&alias=bigbird15.cern.ch&noUDP&sock=schedd_25064_65d2>
...
040 (15556765.215.000) 10/21 06:00:59 Started transferring input files
	Transferring to host: <188.185.198.46:9618?addrs=188.185.198.46-9618+[2001-1458-303-25--100-2a]-9618&alias=b9p15p0351.cern.ch&noUDP&sock=slot1_41_10702_46ec_81849>
...
040 (15556765.215.000) 10/21 06:00:59 Finished transferring input files
...
001 (15556765.215.000) 10/21 06:01:01 Job executing on host: <188.185.198.46:9618?addrs=188.185.198.46-9618+[2001-1458-303-25--100-2a]-9618&alias=b9p15p0351.cern.ch&noUDP&sock=startd_10558_7d01>
	SlotName: slot1_41@b9p15p0351.cern.ch
	CondorScratchDir = "/pool/condor/dir_2125615"
	Cpus = 1
	Disk = 2892843
	Memory = 2000
...
006 (15556765.215.000) 10/21 06:01:09 Image size of job updated: 175428
	170  -  MemoryUsage of job (MB)
	173896  -  ResidentSetSize of job (KB)
...
006 (15556765.215.000) 10/21 06:06:09 Image size of job updated: 955132
	931  -  MemoryUsage of job (MB)
	953084  -  ResidentSetSize of job (KB)
...
006 (15556765.215.000) 10/21 06:11:09 Image size of job updated: 955392
	932  -  MemoryUsage of job (MB)
	953360  -  ResidentSetSize of job (KB)
...
006 (15556765.215.000) 10/21 06:16:10 Image size of job updated: 956264
	932  -  MemoryUsage of job (MB)
	953668  -  ResidentSetSize of job (KB)
...
040 (15556765.215.000) 10/21 06:21:11 Started transferring output files
...
040 (15556765.215.000) 10/21 06:21:11 Finished transferring output files
...
009 (15556765.215.000) 10/21 06:21:11 Job was aborted.
	Job removed by SYSTEM_PERIODIC_REMOVE due to wall time exceeded allowed max.
...
