000 (15556765.581.000) 10/21 05:59:06 Job submitted from host: <188.184.90.241:9618?addrs=188.184.90.241-9618+[2001-1458-201-e4--100-2eb]-9618&alias=bigbird15.cern.ch&noUDP&sock=schedd_25064_65d2>
...
040 (15556765.581.000) 10/21 06:06:08 Started transferring input files
	Transferring to host: <188.185.206.193:9618?addrs=188.185.206.193-9618+[2001-1458-303-c--100-3e]-9618&alias=b9p06p4695.cern.ch&noUDP&sock=slot1_27_65071_27ef_190283>
...
040 (15556765.581.000) 10/21 06:06:08 Finished transferring input files
...
001 (15556765.581.000) 10/21 06:06:09 Job executing on host: <188.185.206.193:9618?addrs=188.185.206.193-9618+[2001-1458-303-c--100-3e]-9618&alias=b9p06p4695.cern.ch&noUDP&sock=startd_3345_f862>
	SlotName: slot1_27@b9p06p4695.cern.ch
	CondorScratchDir = "/pool/condor/dir_379730"
	Cpus = 1
	Disk = 2565613
	Memory = 2000
...
006 (15556765.581.000) 10/21 06:06:17 Image size of job updated: 812968
	794  -  MemoryUsage of job (MB)
	812968  -  ResidentSetSize of job (KB)
...
006 (15556765.581.000) 10/21 06:11:17 Image size of job updated: 2022192
	1974  -  MemoryUsage of job (MB)
	2021200  -  ResidentSetSize of job (KB)
...
006 (15556765.581.000) 10/21 06:16:17 Image size of job updated: 2039332
	1989  -  MemoryUsage of job (MB)
	2035912  -  ResidentSetSize of job (KB)
...
006 (15556765.581.000) 10/21 06:17:18 Image size of job updated: 2040356
	1989  -  MemoryUsage of job (MB)
	2035912  -  ResidentSetSize of job (KB)
...
040 (15556765.581.000) 10/21 06:17:18 Started transferring output files
...
040 (15556765.581.000) 10/21 06:17:18 Finished transferring output files
...
005 (15556765.581.000) 10/21 06:17:18 Job terminated.
	(1) Normal termination (return value 0)
		Usr 0 00:07:37, Sys 0 00:00:06  -  Run Remote Usage
		Usr 0 00:00:00, Sys 0 00:00:00  -  Run Local Usage
		Usr 0 00:07:37, Sys 0 00:00:06  -  Total Remote Usage
		Usr 0 00:00:00, Sys 0 00:00:00  -  Total Local Usage
	25493  -  Run Bytes Sent By Job
	229  -  Run Bytes Received By Job
	25493  -  Total Bytes Sent By Job
	229  -  Total Bytes Received By Job
	Partitionable Resources :    Usage  Request Allocated 
	   Cpus                 :     0.92        1         1 
	   Disk (KB)            :    69           1   2565613 
	   Memory (MB)          :  1989        2000      2000 

	Job terminated of its own accord at 2024-10-21T04:17:18Z with exit-code 0.
...
