000 (15556765.556.000) 10/21 05:59:06 Job submitted from host: <188.184.90.241:9618?addrs=188.184.90.241-9618+[2001-1458-201-e4--100-2eb]-9618&alias=bigbird15.cern.ch&noUDP&sock=schedd_25064_65d2>
...
040 (15556765.556.000) 10/21 06:05:58 Started transferring input files
	Transferring to host: <128.142.192.184:9618?addrs=128.142.192.184-9618+[2001-1458-301-56--100-34]-9618&alias=b9g18p4436.cern.ch&noUDP&sock=slot1_30_7428_72a7_25454>
...
040 (15556765.556.000) 10/21 06:05:58 Finished transferring input files
...
001 (15556765.556.000) 10/21 06:05:59 Job executing on host: <128.142.192.184:9618?addrs=128.142.192.184-9618+[2001-1458-301-56--100-34]-9618&alias=b9g18p4436.cern.ch&noUDP&sock=startd_6640_10f1>
	SlotName: slot1_30@b9g18p4436.cern.ch
	CondorScratchDir = "/pool/condor/dir_3400327"
	Cpus = 1
	Disk = 2893919
	Memory = 2000
...
006 (15556765.556.000) 10/21 06:06:08 Image size of job updated: 151708
	149  -  MemoryUsage of job (MB)
	151688  -  ResidentSetSize of job (KB)
...
006 (15556765.556.000) 10/21 06:11:09 Image size of job updated: 770216
	751  -  MemoryUsage of job (MB)
	768684  -  ResidentSetSize of job (KB)
...
006 (15556765.556.000) 10/21 06:16:09 Image size of job updated: 783388
	762  -  MemoryUsage of job (MB)
	780108  -  ResidentSetSize of job (KB)
...
006 (15556765.556.000) 10/21 06:21:09 Image size of job updated: 784036
	762  -  MemoryUsage of job (MB)
	780108  -  ResidentSetSize of job (KB)
...
006 (15556765.556.000) 10/21 06:26:09 Image size of job updated: 785456
	762  -  MemoryUsage of job (MB)
	780108  -  ResidentSetSize of job (KB)
...
040 (15556765.556.000) 10/21 06:26:09 Started transferring output files
...
040 (15556765.556.000) 10/21 06:26:09 Finished transferring output files
...
009 (15556765.556.000) 10/21 06:26:09 Job was aborted.
	Job removed by SYSTEM_PERIODIC_REMOVE due to wall time exceeded allowed max.
...
