000 (15556765.262.000) 10/21 05:59:05 Job submitted from host: <188.184.90.241:9618?addrs=188.184.90.241-9618+[2001-1458-201-e4--100-2eb]-9618&alias=bigbird15.cern.ch&noUDP&sock=schedd_25064_65d2>
...
040 (15556765.262.000) 10/21 06:01:19 Started transferring input files
	Transferring to host: <128.142.192.201:9618?addrs=128.142.192.201-9618+[2001-1458-301-56--100-45]-9618&alias=b9g18p2334.cern.ch&noUDP&sock=slot1_17_3398558_4f12_143076>
...
040 (15556765.262.000) 10/21 06:01:19 Finished transferring input files
...
001 (15556765.262.000) 10/21 06:01:20 Job executing on host: <128.142.192.201:9618?addrs=128.142.192.201-9618+[2001-1458-301-56--100-45]-9618&alias=b9g18p2334.cern.ch&noUDP&sock=startd_3355_d454>
	SlotName: slot1_17@b9g18p2334.cern.ch
	CondorScratchDir = "/pool/condor/dir_2495911"
	Cpus = 1
	Disk = 2840544
	Memory = 2000
...
006 (15556765.262.000) 10/21 06:01:28 Image size of job updated: 183876
	179  -  MemoryUsage of job (MB)
	183264  -  ResidentSetSize of job (KB)
...
006 (15556765.262.000) 10/21 06:06:28 Image size of job updated: 975000
	949  -  MemoryUsage of job (MB)
	971716  -  ResidentSetSize of job (KB)
...
006 (15556765.262.000) 10/21 06:16:30 Image size of job updated: 975000
	949  -  MemoryUsage of job (MB)
	971740  -  ResidentSetSize of job (KB)
...
006 (15556765.262.000) 10/21 06:21:30 Image size of job updated: 975596
	950  -  MemoryUsage of job (MB)
	971980  -  ResidentSetSize of job (KB)
...
040 (15556765.262.000) 10/21 06:21:30 Started transferring output files
...
040 (15556765.262.000) 10/21 06:21:30 Finished transferring output files
...
009 (15556765.262.000) 10/21 06:21:30 Job was aborted.
	Job removed by SYSTEM_PERIODIC_REMOVE due to wall time exceeded allowed max.
...
