000 (15556765.210.000) 10/21 05:59:05 Job submitted from host: <188.184.90.241:9618?addrs=188.184.90.241-9618+[2001-1458-201-e4--100-2eb]-9618&alias=bigbird15.cern.ch&noUDP&sock=schedd_25064_65d2>
...
040 (15556765.210.000) 10/21 06:00:57 Started transferring input files
	Transferring to host: <128.142.248.20:9618?addrs=128.142.248.20-9618+[2001-1458-301-73--100-104]-9618&alias=b9g23p7768.cern.ch&noUDP&sock=slot1_41_7828_48b7_27163>
...
040 (15556765.210.000) 10/21 06:00:57 Finished transferring input files
...
001 (15556765.210.000) 10/21 06:00:59 Job executing on host: <128.142.248.20:9618?addrs=128.142.248.20-9618+[2001-1458-301-73--100-104]-9618&alias=b9g23p7768.cern.ch&noUDP&sock=startd_6723_ff4d>
	SlotName: slot1_41@b9g23p7768.cern.ch
	CondorScratchDir = "/pool/condor/dir_294248"
	Cpus = 1
	Disk = 2937751
	Memory = 2000
...
006 (15556765.210.000) 10/21 06:01:07 Image size of job updated: 192628
	189  -  MemoryUsage of job (MB)
	192628  -  ResidentSetSize of job (KB)
...
006 (15556765.210.000) 10/21 06:06:07 Image size of job updated: 965568
	942  -  MemoryUsage of job (MB)
	963844  -  ResidentSetSize of job (KB)
...
006 (15556765.210.000) 10/21 06:11:07 Image size of job updated: 967424
	942  -  MemoryUsage of job (MB)
	964072  -  ResidentSetSize of job (KB)
...
006 (15556765.210.000) 10/21 06:16:08 Image size of job updated: 967424
	942  -  MemoryUsage of job (MB)
	964508  -  ResidentSetSize of job (KB)
...
006 (15556765.210.000) 10/21 06:21:08 Image size of job updated: 967428
	942  -  MemoryUsage of job (MB)
	964508  -  ResidentSetSize of job (KB)
...
040 (15556765.210.000) 10/21 06:21:08 Started transferring output files
...
040 (15556765.210.000) 10/21 06:21:08 Finished transferring output files
...
009 (15556765.210.000) 10/21 06:21:08 Job was aborted.
	Job removed by SYSTEM_PERIODIC_REMOVE due to wall time exceeded allowed max.
...
