000 (15556765.587.000) 10/21 05:59:06 Job submitted from host: <188.184.90.241:9618?addrs=188.184.90.241-9618+[2001-1458-201-e4--100-2eb]-9618&alias=bigbird15.cern.ch&noUDP&sock=schedd_25064_65d2>
...
040 (15556765.587.000) 10/21 06:06:09 Started transferring input files
	Transferring to host: <188.185.198.21:9618?addrs=188.185.198.21-9618+[2001-1458-303-25--100-11]-9618&alias=b9p15p3759.cern.ch&noUDP&sock=slot1_5_9358_4eb6_4428>
...
040 (15556765.587.000) 10/21 06:06:09 Finished transferring input files
...
001 (15556765.587.000) 10/21 06:06:10 Job executing on host: <188.185.198.21:9618?addrs=188.185.198.21-9618+[2001-1458-303-25--100-11]-9618&alias=b9p15p3759.cern.ch&noUDP&sock=startd_8809_d1dc>
	SlotName: slot1_5@b9p15p3759.cern.ch
	CondorScratchDir = "/pool/condor/dir_4041406"
	Cpus = 1
	Disk = 3770
	GPUs = 0
	Memory = 2000
...
006 (15556765.587.000) 10/21 06:06:18 Image size of job updated: 530508
	519  -  MemoryUsage of job (MB)
	530508  -  ResidentSetSize of job (KB)
...
006 (15556765.587.000) 10/21 06:11:18 Image size of job updated: 1777204
	1736  -  MemoryUsage of job (MB)
	1777204  -  ResidentSetSize of job (KB)
...
006 (15556765.587.000) 10/21 06:16:19 Image size of job updated: 1785596
	1744  -  MemoryUsage of job (MB)
	1785596  -  ResidentSetSize of job (KB)
...
006 (15556765.587.000) 10/21 06:21:19 Image size of job updated: 1788996
	1748  -  MemoryUsage of job (MB)
	1788996  -  ResidentSetSize of job (KB)
...
040 (15556765.587.000) 10/21 06:21:56 Started transferring output files
...
040 (15556765.587.000) 10/21 06:21:56 Finished transferring output files
...
005 (15556765.587.000) 10/21 06:21:56 Job terminated.
	(1) Normal termination (return value 0)
		Usr 0 00:14:33, Sys 0 00:00:06  -  Run Remote Usage
		Usr 0 00:00:00, Sys 0 00:00:00  -  Run Local Usage
		Usr 0 00:14:33, Sys 0 00:00:06  -  Total Remote Usage
		Usr 0 00:00:00, Sys 0 00:00:00  -  Total Local Usage
	31825  -  Run Bytes Sent By Job
	229  -  Run Bytes Received By Job
	31825  -  Total Bytes Sent By Job
	229  -  Total Bytes Received By Job
	Partitionable Resources :    Usage  Request Allocated 
	   Cpus                 :     0.92        1         1 
	   Disk (KB)            :    73           1      3770 
	   GPUs                 :                           0 
	   Memory (MB)          :  1748        2000      2000 

	Job terminated of its own accord at 2024-10-21T04:21:56Z with exit-code 0.
...
