000 (15556765.031.000) 10/21 05:59:05 Job submitted from host: <188.184.90.241:9618?addrs=188.184.90.241-9618+[2001-1458-201-e4--100-2eb]-9618&alias=bigbird15.cern.ch&noUDP&sock=schedd_25064_65d2>
...
040 (15556765.031.000) 10/21 05:59:59 Started transferring input files
	Transferring to host: <188.185.192.67:9618?addrs=188.185.192.67-9618+[2001-1458-303-1f--100-3f]-9618&alias=b9p13p9348.cern.ch&noUDP&sock=slot1_18_3774572_300d_19568>
...
040 (15556765.031.000) 10/21 05:59:59 Finished transferring input files
...
001 (15556765.031.000) 10/21 06:00:00 Job executing on host: <188.185.192.67:9618?addrs=188.185.192.67-9618+[2001-1458-303-1f--100-3f]-9618&alias=b9p13p9348.cern.ch&noUDP&sock=startd_6275_b4e0>
	SlotName: slot1_18@b9p13p9348.cern.ch
	CondorScratchDir = "/pool/condor/dir_343504"
	Cpus = 1
	Disk = 2997511
	Memory = 2000
...
006 (15556765.031.000) 10/21 06:00:08 Image size of job updated: 168148
	165  -  MemoryUsage of job (MB)
	168140  -  ResidentSetSize of job (KB)
...
006 (15556765.031.000) 10/21 06:05:08 Image size of job updated: 347312
	338  -  MemoryUsage of job (MB)
	346108  -  ResidentSetSize of job (KB)
...
006 (15556765.031.000) 10/21 06:14:01 Image size of job updated: 1061648
	338  -  MemoryUsage of job (MB)
	346108  -  ResidentSetSize of job (KB)
...
040 (15556765.031.000) 10/21 06:14:01 Started transferring output files
...
040 (15556765.031.000) 10/21 06:14:01 Finished transferring output files
...
005 (15556765.031.000) 10/21 06:14:01 Job terminated.
	(1) Normal termination (return value 0)
		Usr 0 00:03:11, Sys 0 00:00:05  -  Run Remote Usage
		Usr 0 00:00:00, Sys 0 00:00:00  -  Run Local Usage
		Usr 0 00:03:11, Sys 0 00:00:05  -  Total Remote Usage
		Usr 0 00:00:00, Sys 0 00:00:00  -  Total Local Usage
	2747  -  Run Bytes Sent By Job
	229  -  Run Bytes Received By Job
	2747  -  Total Bytes Sent By Job
	229  -  Total Bytes Received By Job
	Partitionable Resources :    Usage  Request Allocated 
	   Cpus                 :     0.00        1         1 
	   Disk (KB)            :    44           1   2997511 
	   Memory (MB)          :   338        2000      2000 

	Job terminated of its own accord at 2024-10-21T04:14:01Z with exit-code 0.
...
000 (15556766.031.000) 10/21 07:29:08 Job submitted from host: <188.184.90.241:9618?addrs=188.184.90.241-9618+[2001-1458-201-e4--100-2eb]-9618&alias=bigbird15.cern.ch&noUDP&sock=schedd_25064_65d2>
...
040 (15556766.031.000) 10/21 07:30:06 Started transferring input files
	Transferring to host: <188.185.192.79:9618?addrs=188.185.192.79-9618+[2001-1458-303-1f--100-4b]-9618&alias=b9p13p7294.cern.ch&noUDP&sock=slot1_8_362568_b491_29078>
...
040 (15556766.031.000) 10/21 07:30:06 Finished transferring input files
...
001 (15556766.031.000) 10/21 07:30:07 Job executing on host: <188.185.192.79:9618?addrs=188.185.192.79-9618+[2001-1458-303-1f--100-4b]-9618&alias=b9p13p7294.cern.ch&noUDP&sock=startd_128423_1320>
	SlotName: slot1_8@b9p13p7294.cern.ch
	CondorScratchDir = "/pool/condor/dir_2942793"
	Cpus = 1
	Disk = 2845362
	Memory = 2000
...
006 (15556766.031.000) 10/21 07:30:16 Image size of job updated: 189936
	186  -  MemoryUsage of job (MB)
	189932  -  ResidentSetSize of job (KB)
...
006 (15556766.031.000) 10/21 07:35:17 Image size of job updated: 840860
	820  -  MemoryUsage of job (MB)
	839100  -  ResidentSetSize of job (KB)
...
006 (15556766.031.000) 10/21 07:40:17 Image size of job updated: 852892
	833  -  MemoryUsage of job (MB)
	852664  -  ResidentSetSize of job (KB)
...
040 (15556766.031.000) 10/21 07:50:18 Started transferring output files
...
040 (15556766.031.000) 10/21 07:50:18 Finished transferring output files
...
009 (15556766.031.000) 10/21 07:50:18 Job was aborted.
	Job removed by SYSTEM_PERIODIC_REMOVE due to wall time exceeded allowed max.
...
