000 (15556765.261.000) 10/21 05:59:05 Job submitted from host: <188.184.90.241:9618?addrs=188.184.90.241-9618+[2001-1458-201-e4--100-2eb]-9618&alias=bigbird15.cern.ch&noUDP&sock=schedd_25064_65d2>
...
040 (15556765.261.000) 10/21 06:01:18 Started transferring input files
	Transferring to host: <128.142.192.195:9618?addrs=128.142.192.195-9618+[2001-1458-301-56--100-3f]-9618&alias=b9g18p1888.cern.ch&noUDP&sock=slot1_5_3447536_bd9a_16158>
...
001 (15556765.261.000) 10/21 06:01:19 Job executing on host: <128.142.192.195:9618?addrs=128.142.192.195-9618+[2001-1458-301-56--100-3f]-9618&alias=b9g18p1888.cern.ch&noUDP&sock=startd_3638_f1a2>
	SlotName: slot1_5@b9g18p1888.cern.ch
	CondorScratchDir = "/pool/condor/dir_2354604"
	Cpus = 1
	Disk = 2852801
	Memory = 2000
...
040 (15556765.261.000) 10/21 06:01:19 Finished transferring input files
...
006 (15556765.261.000) 10/21 06:01:28 Image size of job updated: 180136
	176  -  MemoryUsage of job (MB)
	179888  -  ResidentSetSize of job (KB)
...
006 (15556765.261.000) 10/21 06:06:29 Image size of job updated: 964884
	940  -  MemoryUsage of job (MB)
	961788  -  ResidentSetSize of job (KB)
...
006 (15556765.261.000) 10/21 06:11:29 Image size of job updated: 965400
	940  -  MemoryUsage of job (MB)
	962216  -  ResidentSetSize of job (KB)
...
006 (15556765.261.000) 10/21 06:16:29 Image size of job updated: 966792
	940  -  MemoryUsage of job (MB)
	962424  -  ResidentSetSize of job (KB)
...
040 (15556765.261.000) 10/21 06:21:29 Started transferring output files
...
040 (15556765.261.000) 10/21 06:21:29 Finished transferring output files
...
009 (15556765.261.000) 10/21 06:21:29 Job was aborted.
	Job removed by SYSTEM_PERIODIC_REMOVE due to wall time exceeded allowed max.
...
