000 (15556765.138.000) 10/21 05:59:05 Job submitted from host: <188.184.90.241:9618?addrs=188.184.90.241-9618+[2001-1458-201-e4--100-2eb]-9618&alias=bigbird15.cern.ch&noUDP&sock=schedd_25064_65d2>
...
040 (15556765.138.000) 10/21 06:00:33 Started transferring input files
	Transferring to host: <128.142.161.105:9618?addrs=128.142.161.105-9618+[2001-1458-301-b8--100-3c]-9618&alias=b9g03p8655.cern.ch&noUDP&sock=slot1_15_6655_cca8_7239>
...
040 (15556765.138.000) 10/21 06:00:33 Finished transferring input files
...
001 (15556765.138.000) 10/21 06:00:34 Job executing on host: <128.142.161.105:9618?addrs=128.142.161.105-9618+[2001-1458-301-b8--100-3c]-9618&alias=b9g03p8655.cern.ch&noUDP&sock=startd_5508_9bbc>
	SlotName: slot1_15@b9g03p8655.cern.ch
	CondorScratchDir = "/pool/condor/dir_775441"
	Cpus = 1
	Disk = 3945
	GPUs = 0
	Memory = 2000
...
006 (15556765.138.000) 10/21 06:00:43 Image size of job updated: 606584
	593  -  MemoryUsage of job (MB)
	606584  -  ResidentSetSize of job (KB)
...
006 (15556765.138.000) 10/21 06:04:40 Image size of job updated: 950692
	929  -  MemoryUsage of job (MB)
	950692  -  ResidentSetSize of job (KB)
...
040 (15556765.138.000) 10/21 06:04:40 Started transferring output files
...
040 (15556765.138.000) 10/21 06:04:40 Finished transferring output files
...
005 (15556765.138.000) 10/21 06:04:40 Job terminated.
	(1) Normal termination (return value 0)
		Usr 0 00:03:04, Sys 0 00:00:07  -  Run Remote Usage
		Usr 0 00:00:00, Sys 0 00:00:00  -  Run Local Usage
		Usr 0 00:03:04, Sys 0 00:00:07  -  Total Remote Usage
		Usr 0 00:00:00, Sys 0 00:00:00  -  Total Local Usage
	3916  -  Run Bytes Sent By Job
	229  -  Run Bytes Received By Job
	3916  -  Total Bytes Sent By Job
	229  -  Total Bytes Received By Job
	Partitionable Resources :    Usage  Request Allocated 
	   Cpus                 :     0.31        1         1 
	   Disk (KB)            :    46           1      3945 
	   GPUs                 :                           0 
	   Memory (MB)          :   929        2000      2000 

	Job terminated of its own accord at 2024-10-21T04:04:40Z with exit-code 0.
...
