000 (15556765.330.000) 10/21 05:59:06 Job submitted from host: <188.184.90.241:9618?addrs=188.184.90.241-9618+[2001-1458-201-e4--100-2eb]-9618&alias=bigbird15.cern.ch&noUDP&sock=schedd_25064_65d2>
...
040 (15556765.330.000) 10/21 06:01:43 Started transferring input files
	Transferring to host: <188.185.198.50:9618?addrs=188.185.198.50-9618+[2001-1458-303-25--100-2e]-9618&alias=b9p15p8202.cern.ch&noUDP&sock=slot1_7_3547836_2a09_5546>
...
040 (15556765.330.000) 10/21 06:01:43 Finished transferring input files
...
001 (15556765.330.000) 10/21 06:01:44 Job executing on host: <188.185.198.50:9618?addrs=188.185.198.50-9618+[2001-1458-303-25--100-2e]-9618&alias=b9p15p8202.cern.ch&noUDP&sock=startd_10691_b719>
	SlotName: slot1_7@b9p15p8202.cern.ch
	CondorScratchDir = "/pool/condor/dir_3811496"
	Cpus = 1
	Disk = 3019133
	Memory = 2000
...
006 (15556765.330.000) 10/21 06:01:53 Image size of job updated: 621744
	608  -  MemoryUsage of job (MB)
	621740  -  ResidentSetSize of job (KB)
...
006 (15556765.330.000) 10/21 06:06:54 Image size of job updated: 1800972
	1757  -  MemoryUsage of job (MB)
	1799032  -  ResidentSetSize of job (KB)
...
040 (15556765.330.000) 10/21 06:09:07 Started transferring output files
...
040 (15556765.330.000) 10/21 06:09:07 Finished transferring output files
...
005 (15556765.330.000) 10/21 06:09:07 Job terminated.
	(1) Normal termination (return value 0)
		Usr 0 00:06:06, Sys 0 00:00:06  -  Run Remote Usage
		Usr 0 00:00:00, Sys 0 00:00:00  -  Run Local Usage
		Usr 0 00:06:06, Sys 0 00:00:06  -  Total Remote Usage
		Usr 0 00:00:00, Sys 0 00:00:00  -  Total Local Usage
	11540  -  Run Bytes Sent By Job
	229  -  Run Bytes Received By Job
	11540  -  Total Bytes Sent By Job
	229  -  Total Bytes Received By Job
	Partitionable Resources :    Usage  Request Allocated 
	   Cpus                 :     0.88        1         1 
	   Disk (KB)            :    52           1   3019133 
	   Memory (MB)          :  1757        2000      2000 

	Job terminated of its own accord at 2024-10-21T04:09:07Z with exit-code 0.
...
