000 (15556765.612.000) 10/21 05:59:06 Job submitted from host: <188.184.90.241:9618?addrs=188.184.90.241-9618+[2001-1458-201-e4--100-2eb]-9618&alias=bigbird15.cern.ch&noUDP&sock=schedd_25064_65d2>
...
040 (15556765.612.000) 10/21 06:06:18 Started transferring input files
	Transferring to host: <188.185.192.90:9618?addrs=188.185.192.90-9618+[2001-1458-303-1f--100-56]-9618&alias=b9p13p5359.cern.ch&noUDP&sock=slot1_8_1727911_5d12_16399>
...
040 (15556765.612.000) 10/21 06:06:18 Finished transferring input files
...
001 (15556765.612.000) 10/21 06:06:19 Job executing on host: <188.185.192.90:9618?addrs=188.185.192.90-9618+[2001-1458-303-1f--100-56]-9618&alias=b9p13p5359.cern.ch&noUDP&sock=startd_128579_13e6>
	SlotName: slot1_8@b9p13p5359.cern.ch
	CondorScratchDir = "/pool/condor/dir_4174210"
	Cpus = 1
	Disk = 2997457
	Memory = 2000
...
006 (15556765.612.000) 10/21 06:06:28 Image size of job updated: 2560
	3  -  MemoryUsage of job (MB)
	2124  -  ResidentSetSize of job (KB)
...
006 (15556765.612.000) 10/21 06:11:29 Image size of job updated: 1728248
	1686  -  MemoryUsage of job (MB)
	1725816  -  ResidentSetSize of job (KB)
...
006 (15556765.612.000) 10/21 06:16:30 Image size of job updated: 1743912
	1702  -  MemoryUsage of job (MB)
	1742028  -  ResidentSetSize of job (KB)
...
006 (15556765.612.000) 10/21 06:21:30 Image size of job updated: 1745184
	1702  -  MemoryUsage of job (MB)
	1742076  -  ResidentSetSize of job (KB)
...
006 (15556765.612.000) 10/21 06:23:56 Image size of job updated: 1745416
	1702  -  MemoryUsage of job (MB)
	1742076  -  ResidentSetSize of job (KB)
...
040 (15556765.612.000) 10/21 06:23:56 Started transferring output files
...
040 (15556765.612.000) 10/21 06:23:56 Finished transferring output files
...
005 (15556765.612.000) 10/21 06:23:56 Job terminated.
	(1) Normal termination (return value 0)
		Usr 0 00:13:13, Sys 0 00:00:05  -  Run Remote Usage
		Usr 0 00:00:00, Sys 0 00:00:00  -  Run Local Usage
		Usr 0 00:13:13, Sys 0 00:00:05  -  Total Remote Usage
		Usr 0 00:00:00, Sys 0 00:00:00  -  Total Local Usage
	27799  -  Run Bytes Sent By Job
	229  -  Run Bytes Received By Job
	27799  -  Total Bytes Sent By Job
	229  -  Total Bytes Received By Job
	Partitionable Resources :    Usage  Request Allocated 
	   Cpus                 :     0.91        1         1 
	   Disk (KB)            :    68           1   2997457 
	   Memory (MB)          :  1702        2000      2000 

	Job terminated of its own accord at 2024-10-21T04:23:56Z with exit-code 0.
...
