000 (15556765.417.000) 10/21 05:59:06 Job submitted from host: <188.184.90.241:9618?addrs=188.184.90.241-9618+[2001-1458-201-e4--100-2eb]-9618&alias=bigbird15.cern.ch&noUDP&sock=schedd_25064_65d2>
...
040 (15556765.417.000) 10/21 06:03:35 Started transferring input files
	Transferring to host: <128.142.192.195:9618?addrs=128.142.192.195-9618+[2001-1458-301-56--100-3f]-9618&alias=b9g18p1888.cern.ch&noUDP&sock=slot1_2_3447536_bd9a_16160>
...
040 (15556765.417.000) 10/21 06:03:35 Finished transferring input files
...
001 (15556765.417.000) 10/21 06:03:36 Job executing on host: <128.142.192.195:9618?addrs=128.142.192.195-9618+[2001-1458-301-56--100-3f]-9618&alias=b9g18p1888.cern.ch&noUDP&sock=startd_3638_f1a2>
	SlotName: slot1_2@b9g18p1888.cern.ch
	CondorScratchDir = "/pool/condor/dir_2357154"
	Cpus = 1
	Disk = 2851477
	Memory = 2000
...
006 (15556765.417.000) 10/21 06:03:45 Image size of job updated: 166860
	163  -  MemoryUsage of job (MB)
	166448  -  ResidentSetSize of job (KB)
...
006 (15556765.417.000) 10/21 06:08:46 Image size of job updated: 759708
	739  -  MemoryUsage of job (MB)
	755816  -  ResidentSetSize of job (KB)
...
006 (15556765.417.000) 10/21 06:12:47 Image size of job updated: 760468
	739  -  MemoryUsage of job (MB)
	755816  -  ResidentSetSize of job (KB)
...
040 (15556765.417.000) 10/21 06:12:47 Started transferring output files
...
040 (15556765.417.000) 10/21 06:12:47 Finished transferring output files
...
005 (15556765.417.000) 10/21 06:12:47 Job terminated.
	(1) Normal termination (return value 0)
		Usr 0 00:08:02, Sys 0 00:00:07  -  Run Remote Usage
		Usr 0 00:00:00, Sys 0 00:00:00  -  Run Local Usage
		Usr 0 00:08:02, Sys 0 00:00:07  -  Total Remote Usage
		Usr 0 00:00:00, Sys 0 00:00:00  -  Total Local Usage
	13545  -  Run Bytes Sent By Job
	229  -  Run Bytes Received By Job
	13545  -  Total Bytes Sent By Job
	229  -  Total Bytes Received By Job
	Partitionable Resources :    Usage  Request Allocated 
	   Cpus                 :     0.90        1         1 
	   Disk (KB)            :    55           1   2851477 
	   Memory (MB)          :   739        2000      2000 

	Job terminated of its own accord at 2024-10-21T04:12:47Z with exit-code 0.
...
