000 (15556765.008.000) 10/21 05:59:05 Job submitted from host: <188.184.90.241:9618?addrs=188.184.90.241-9618+[2001-1458-201-e4--100-2eb]-9618&alias=bigbird15.cern.ch&noUDP&sock=schedd_25064_65d2>
...
040 (15556765.008.000) 10/21 05:59:49 Started transferring input files
	Transferring to host: <128.142.248.175:9618?addrs=128.142.248.175-9618+[2001-1458-301-73--100-ae]-9618&alias=b9g23p9695.cern.ch&noUDP&sock=slot1_15_2331849_51c1_29531>
...
040 (15556765.008.000) 10/21 05:59:49 Finished transferring input files
...
001 (15556765.008.000) 10/21 05:59:50 Job executing on host: <128.142.248.175:9618?addrs=128.142.248.175-9618+[2001-1458-301-73--100-ae]-9618&alias=b9g23p9695.cern.ch&noUDP&sock=startd_6696_7a3f>
	SlotName: slot1_15@b9g23p9695.cern.ch
	CondorScratchDir = "/pool/condor/dir_4110213"
	Cpus = 1
	Disk = 3028542
	Memory = 2000
...
006 (15556765.008.000) 10/21 05:59:59 Image size of job updated: 668492
	653  -  MemoryUsage of job (MB)
	668492  -  ResidentSetSize of job (KB)
...
006 (15556765.008.000) 10/21 06:04:17 Image size of job updated: 1982896
	991  -  MemoryUsage of job (MB)
	1013960  -  ResidentSetSize of job (KB)
...
040 (15556765.008.000) 10/21 06:04:17 Started transferring output files
...
040 (15556765.008.000) 10/21 06:04:17 Finished transferring output files
...
005 (15556765.008.000) 10/21 06:04:18 Job terminated.
	(1) Normal termination (return value 0)
		Usr 0 00:03:41, Sys 0 00:00:07  -  Run Remote Usage
		Usr 0 00:00:00, Sys 0 00:00:00  -  Run Local Usage
		Usr 0 00:03:41, Sys 0 00:00:07  -  Total Remote Usage
		Usr 0 00:00:00, Sys 0 00:00:00  -  Total Local Usage
	3177  -  Run Bytes Sent By Job
	229  -  Run Bytes Received By Job
	3177  -  Total Bytes Sent By Job
	229  -  Total Bytes Received By Job
	Partitionable Resources :    Usage  Request Allocated 
	   Cpus                 :                 1         1 
	   Disk (KB)            :       36        1   3028542 
	   Memory (MB)          :      991     2000      2000 

	Job terminated of its own accord at 2024-10-21T04:04:17Z with exit-code 0.
...
000 (15556766.008.000) 10/21 07:29:07 Job submitted from host: <188.184.90.241:9618?addrs=188.184.90.241-9618+[2001-1458-201-e4--100-2eb]-9618&alias=bigbird15.cern.ch&noUDP&sock=schedd_25064_65d2>
...
040 (15556766.008.000) 10/21 07:29:58 Started transferring input files
	Transferring to host: <188.185.214.31:9618?addrs=188.185.214.31-9618+[2001-1458-303-1c--100-1b]-9618&alias=b9p29p8354.cern.ch&noUDP&sock=slot1_9_3994_e25b_6474>
...
040 (15556766.008.000) 10/21 07:29:58 Finished transferring input files
...
001 (15556766.008.000) 10/21 07:29:59 Job executing on host: <188.185.214.31:9618?addrs=188.185.214.31-9618+[2001-1458-303-1c--100-1b]-9618&alias=b9p29p8354.cern.ch&noUDP&sock=startd_3238_93c0>
	SlotName: slot1_9@b9p29p8354.cern.ch
	CondorScratchDir = "/pool/condor/dir_3267955"
	Cpus = 1
	Disk = 3784
	GPUs = 0
	Memory = 2000
...
006 (15556766.008.000) 10/21 07:30:08 Image size of job updated: 537700
	526  -  MemoryUsage of job (MB)
	537700  -  ResidentSetSize of job (KB)
...
006 (15556766.008.000) 10/21 07:35:09 Image size of job updated: 1756808
	1716  -  MemoryUsage of job (MB)
	1756808  -  ResidentSetSize of job (KB)
...
006 (15556766.008.000) 10/21 07:40:09 Image size of job updated: 1768168
	1727  -  MemoryUsage of job (MB)
	1768168  -  ResidentSetSize of job (KB)
...
040 (15556766.008.000) 10/21 07:50:09 Started transferring output files
...
040 (15556766.008.000) 10/21 07:50:09 Finished transferring output files
...
009 (15556766.008.000) 10/21 07:50:09 Job was aborted.
	Job removed by SYSTEM_PERIODIC_REMOVE due to wall time exceeded allowed max.
...
