000 (15556765.240.000) 10/21 05:59:05 Job submitted from host: <188.184.90.241:9618?addrs=188.184.90.241-9618+[2001-1458-201-e4--100-2eb]-9618&alias=bigbird15.cern.ch&noUDP&sock=schedd_25064_65d2>
...
040 (15556765.240.000) 10/21 06:01:10 Started transferring input files
	Transferring to host: <128.142.161.105:9618?addrs=128.142.161.105-9618+[2001-1458-301-b8--100-3c]-9618&alias=b9g03p8655.cern.ch&noUDP&sock=slot1_16_6655_cca8_7240>
...
040 (15556765.240.000) 10/21 06:01:11 Finished transferring input files
...
001 (15556765.240.000) 10/21 06:01:12 Job executing on host: <128.142.161.105:9618?addrs=128.142.161.105-9618+[2001-1458-301-b8--100-3c]-9618&alias=b9g03p8655.cern.ch&noUDP&sock=startd_5508_9bbc>
	SlotName: slot1_16@b9g03p8655.cern.ch
	CondorScratchDir = "/pool/condor/dir_777518"
	Cpus = 1
	Disk = 3945
	GPUs = 0
	Memory = 2000
...
006 (15556765.240.000) 10/21 06:01:20 Image size of job updated: 173356
	170  -  MemoryUsage of job (MB)
	173356  -  ResidentSetSize of job (KB)
...
006 (15556765.240.000) 10/21 06:06:20 Image size of job updated: 961004
	939  -  MemoryUsage of job (MB)
	961004  -  ResidentSetSize of job (KB)
...
006 (15556765.240.000) 10/21 06:11:20 Image size of job updated: 961036
	939  -  MemoryUsage of job (MB)
	961036  -  ResidentSetSize of job (KB)
...
006 (15556765.240.000) 10/21 06:16:21 Image size of job updated: 961500
	939  -  MemoryUsage of job (MB)
	961500  -  ResidentSetSize of job (KB)
...
040 (15556765.240.000) 10/21 06:21:21 Started transferring output files
...
040 (15556765.240.000) 10/21 06:21:21 Finished transferring output files
...
009 (15556765.240.000) 10/21 06:21:21 Job was aborted.
	Job removed by SYSTEM_PERIODIC_REMOVE due to wall time exceeded allowed max.
...
