000 (15556765.401.000) 10/21 05:59:06 Job submitted from host: <188.184.90.241:9618?addrs=188.184.90.241-9618+[2001-1458-201-e4--100-2eb]-9618&alias=bigbird15.cern.ch&noUDP&sock=schedd_25064_65d2>
...
040 (15556765.401.000) 10/21 06:03:02 Started transferring input files
	Transferring to host: <188.185.192.76:9618?addrs=188.185.192.76-9618+[2001-1458-303-1f--100-48]-9618&alias=b9p13p8750.cern.ch&noUDP&sock=slot1_23_303488_802e_75093>
...
040 (15556765.401.000) 10/21 06:03:02 Finished transferring input files
...
001 (15556765.401.000) 10/21 06:03:03 Job executing on host: <188.185.192.76:9618?addrs=188.185.192.76-9618+[2001-1458-303-1f--100-48]-9618&alias=b9p13p8750.cern.ch&noUDP&sock=startd_127986_543d>
	SlotName: slot1_23@b9p13p8750.cern.ch
	CondorScratchDir = "/pool/condor/dir_2673427"
	Cpus = 1
	Disk = 2963929
	Memory = 2000
...
006 (15556765.401.000) 10/21 06:03:12 Image size of job updated: 191272
	187  -  MemoryUsage of job (MB)
	191272  -  ResidentSetSize of job (KB)
...
006 (15556765.401.000) 10/21 06:08:13 Image size of job updated: 755224
	733  -  MemoryUsage of job (MB)
	750024  -  ResidentSetSize of job (KB)
...
040 (15556765.401.000) 10/21 06:11:05 Started transferring output files
...
040 (15556765.401.000) 10/21 06:11:05 Finished transferring output files
...
005 (15556765.401.000) 10/21 06:11:05 Job terminated.
	(1) Normal termination (return value 0)
		Usr 0 00:07:15, Sys 0 00:00:06  -  Run Remote Usage
		Usr 0 00:00:00, Sys 0 00:00:00  -  Run Local Usage
		Usr 0 00:07:15, Sys 0 00:00:06  -  Total Remote Usage
		Usr 0 00:00:00, Sys 0 00:00:00  -  Total Local Usage
	13330  -  Run Bytes Sent By Job
	229  -  Run Bytes Received By Job
	13330  -  Total Bytes Sent By Job
	229  -  Total Bytes Received By Job
	Partitionable Resources :    Usage  Request Allocated 
	   Cpus                 :        0        1         1 
	   Disk (KB)            :       56        1   2963929 
	   Memory (MB)          :      733     2000      2000 

	Job terminated of its own accord at 2024-10-21T04:11:05Z with exit-code 0.
...
