000 (15556765.094.000) 10/21 05:59:05 Job submitted from host: <188.184.90.241:9618?addrs=188.184.90.241-9618+[2001-1458-201-e4--100-2eb]-9618&alias=bigbird15.cern.ch&noUDP&sock=schedd_25064_65d2>
...
040 (15556765.094.000) 10/21 06:00:18 Started transferring input files
	Transferring to host: <128.142.130.94:9618?addrs=128.142.130.94-9618+[2001-1458-301-58--100-52]-9618&alias=b9g20p8616.cern.ch&noUDP&sock=slot1_20_3984937_5c57_98492>
...
040 (15556765.094.000) 10/21 06:00:18 Finished transferring input files
...
001 (15556765.094.000) 10/21 06:00:19 Job executing on host: <128.142.130.94:9618?addrs=128.142.130.94-9618+[2001-1458-301-58--100-52]-9618&alias=b9g20p8616.cern.ch&noUDP&sock=startd_136327_8fb0>
	SlotName: slot1_20@b9g20p8616.cern.ch
	CondorScratchDir = "/pool/condor/dir_1759262"
	Cpus = 1
	Disk = 1752673
	Memory = 2000
...
006 (15556765.094.000) 10/21 06:00:28 Image size of job updated: 698820
	683  -  MemoryUsage of job (MB)
	698820  -  ResidentSetSize of job (KB)
...
006 (15556765.094.000) 10/21 06:05:29 Image size of job updated: 1980520
	1935  -  MemoryUsage of job (MB)
	1980520  -  ResidentSetSize of job (KB)
...
006 (15556765.094.000) 10/21 06:10:30 Image size of job updated: 1981044
	1935  -  MemoryUsage of job (MB)
	1981044  -  ResidentSetSize of job (KB)
...
040 (15556765.094.000) 10/21 06:11:47 Started transferring output files
...
040 (15556765.094.000) 10/21 06:11:47 Finished transferring output files
...
005 (15556765.094.000) 10/21 06:11:47 Job terminated.
	(1) Normal termination (return value 0)
		Usr 0 00:10:08, Sys 0 00:00:09  -  Run Remote Usage
		Usr 0 00:00:00, Sys 0 00:00:00  -  Run Local Usage
		Usr 0 00:10:08, Sys 0 00:00:09  -  Total Remote Usage
		Usr 0 00:00:00, Sys 0 00:00:00  -  Total Local Usage
	8721  -  Run Bytes Sent By Job
	229  -  Run Bytes Received By Job
	8721  -  Total Bytes Sent By Job
	229  -  Total Bytes Received By Job
	Partitionable Resources :    Usage  Request Allocated 
	   Cpus                 :     0.95        1         1 
	   Disk (KB)            :    50           1   1752673 
	   Memory (MB)          :  1935        2000      2000 

	Job terminated of its own accord at 2024-10-21T04:11:47Z with exit-code 0.
...
000 (15556766.094.000) 10/21 07:29:12 Job submitted from host: <188.184.90.241:9618?addrs=188.184.90.241-9618+[2001-1458-201-e4--100-2eb]-9618&alias=bigbird15.cern.ch&noUDP&sock=schedd_25064_65d2>
...
040 (15556766.094.000) 10/21 07:30:27 Started transferring input files
	Transferring to host: <188.185.205.103:9618?addrs=188.185.205.103-9618+[2001-1458-303-9--100-64]-9618&alias=b9p03p4336.cern.ch&noUDP&sock=slot1_29_5440_b8d6_81956>
...
040 (15556766.094.000) 10/21 07:30:27 Finished transferring input files
...
001 (15556766.094.000) 10/21 07:30:28 Job executing on host: <188.185.205.103:9618?addrs=188.185.205.103-9618+[2001-1458-303-9--100-64]-9618&alias=b9p03p4336.cern.ch&noUDP&sock=startd_4420_54b1>
	SlotName: slot1_29@b9p03p4336.cern.ch
	CondorScratchDir = "/pool/condor/dir_455879"
	Cpus = 1
	Disk = 2704492
	Memory = 2000
...
006 (15556766.094.000) 10/21 07:30:37 Image size of job updated: 150088
	147  -  MemoryUsage of job (MB)
	149852  -  ResidentSetSize of job (KB)
...
006 (15556766.094.000) 10/21 07:35:39 Image size of job updated: 997556
	973  -  MemoryUsage of job (MB)
	995464  -  ResidentSetSize of job (KB)
...
006 (15556766.094.000) 10/21 07:40:39 Image size of job updated: 998768
	973  -  MemoryUsage of job (MB)
	995664  -  ResidentSetSize of job (KB)
...
006 (15556766.094.000) 10/21 07:45:39 Image size of job updated: 999388
	973  -  MemoryUsage of job (MB)
	995664  -  ResidentSetSize of job (KB)
...
040 (15556766.094.000) 10/21 07:50:39 Started transferring output files
...
040 (15556766.094.000) 10/21 07:50:39 Finished transferring output files
...
009 (15556766.094.000) 10/21 07:50:39 Job was aborted.
	Job removed by SYSTEM_PERIODIC_REMOVE due to wall time exceeded allowed max.
...
