000 (15556765.148.000) 10/21 05:59:05 Job submitted from host: <188.184.90.241:9618?addrs=188.184.90.241-9618+[2001-1458-201-e4--100-2eb]-9618&alias=bigbird15.cern.ch&noUDP&sock=schedd_25064_65d2>
...
040 (15556765.148.000) 10/21 06:00:36 Started transferring input files
	Transferring to host: <128.142.192.210:9618?addrs=128.142.192.210-9618+[2001-1458-301-56--100-4e]-9618&alias=b9g18p0299.cern.ch&noUDP&sock=slot1_12_4161_8d02_3793>
...
040 (15556765.148.000) 10/21 06:00:36 Finished transferring input files
...
001 (15556765.148.000) 10/21 06:00:37 Job executing on host: <128.142.192.210:9618?addrs=128.142.192.210-9618+[2001-1458-301-56--100-4e]-9618&alias=b9g18p0299.cern.ch&noUDP&sock=startd_3830_a3d1>
	SlotName: slot1_12@b9g18p0299.cern.ch
	CondorScratchDir = "/pool/condor/dir_3855448"
	Cpus = 1
	Disk = 3717
	GPUs = 0
	Memory = 2000
...
006 (15556765.148.000) 10/21 06:00:46 Image size of job updated: 148148
	145  -  MemoryUsage of job (MB)
	148148  -  ResidentSetSize of job (KB)
...
040 (15556765.148.000) 10/21 06:04:30 Started transferring output files
...
040 (15556765.148.000) 10/21 06:04:30 Finished transferring output files
...
005 (15556765.148.000) 10/21 06:04:30 Job terminated.
	(1) Normal termination (return value 0)
		Usr 0 00:02:41, Sys 0 00:00:07  -  Run Remote Usage
		Usr 0 00:00:00, Sys 0 00:00:00  -  Run Local Usage
		Usr 0 00:02:41, Sys 0 00:00:07  -  Total Remote Usage
		Usr 0 00:00:00, Sys 0 00:00:00  -  Total Local Usage
	3606  -  Run Bytes Sent By Job
	229  -  Run Bytes Received By Job
	3606  -  Total Bytes Sent By Job
	229  -  Total Bytes Received By Job
	Partitionable Resources :    Usage  Request Allocated 
	   Cpus                 :        0        1         1 
	   Disk (KB)            :       45        1      3717 
	   GPUs                 :                           0 
	   Memory (MB)          :      145     2000      2000 

	Job terminated of its own accord at 2024-10-21T04:04:30Z with exit-code 0.
...
