000 (15556765.526.000) 10/21 05:59:06 Job submitted from host: <188.184.90.241:9618?addrs=188.184.90.241-9618+[2001-1458-201-e4--100-2eb]-9618&alias=bigbird15.cern.ch&noUDP&sock=schedd_25064_65d2>
...
040 (15556765.526.000) 10/21 06:05:46 Started transferring input files
	Transferring to host: <128.142.248.28:9618?addrs=128.142.248.28-9618+[2001-1458-301-73--100-10c]-9618&alias=b9g23p6607.cern.ch&noUDP&sock=slot1_15_3761350_17b3_72193>
...
040 (15556765.526.000) 10/21 06:05:46 Finished transferring input files
...
001 (15556765.526.000) 10/21 06:05:47 Job executing on host: <128.142.248.28:9618?addrs=128.142.248.28-9618+[2001-1458-301-73--100-10c]-9618&alias=b9g23p6607.cern.ch&noUDP&sock=startd_5058_f21d>
	SlotName: slot1_15@b9g23p6607.cern.ch
	CondorScratchDir = "/pool/condor/dir_2093962"
	Cpus = 1
	Disk = 2969271
	Memory = 2000
...
006 (15556765.526.000) 10/21 06:05:56 Image size of job updated: 176744
	172  -  MemoryUsage of job (MB)
	175500  -  ResidentSetSize of job (KB)
...
006 (15556765.526.000) 10/21 06:10:57 Image size of job updated: 759728
	740  -  MemoryUsage of job (MB)
	757472  -  ResidentSetSize of job (KB)
...
006 (15556765.526.000) 10/21 06:15:57 Image size of job updated: 775184
	754  -  MemoryUsage of job (MB)
	772008  -  ResidentSetSize of job (KB)
...
006 (15556765.526.000) 10/21 06:20:58 Image size of job updated: 775460
	755  -  MemoryUsage of job (MB)
	772100  -  ResidentSetSize of job (KB)
...
006 (15556765.526.000) 10/21 06:25:35 Image size of job updated: 775860
	755  -  MemoryUsage of job (MB)
	772100  -  ResidentSetSize of job (KB)
...
040 (15556765.526.000) 10/21 06:25:35 Started transferring output files
...
040 (15556765.526.000) 10/21 06:25:35 Finished transferring output files
...
005 (15556765.526.000) 10/21 06:25:35 Job terminated.
	(1) Normal termination (return value 0)
		Usr 0 00:17:22, Sys 0 00:00:09  -  Run Remote Usage
		Usr 0 00:00:00, Sys 0 00:00:00  -  Run Local Usage
		Usr 0 00:17:22, Sys 0 00:00:09  -  Total Remote Usage
		Usr 0 00:00:00, Sys 0 00:00:00  -  Total Local Usage
	33232  -  Run Bytes Sent By Job
	229  -  Run Bytes Received By Job
	33232  -  Total Bytes Sent By Job
	229  -  Total Bytes Received By Job
	Partitionable Resources :    Usage  Request Allocated 
	   Cpus                 :     0.97        1         1 
	   Disk (KB)            :    74           1   2969271 
	   Memory (MB)          :   755        2000      2000 

	Job terminated of its own accord at 2024-10-21T04:25:35Z with exit-code 0.
...
