000 (15556765.504.000) 10/21 05:59:06 Job submitted from host: <188.184.90.241:9618?addrs=188.184.90.241-9618+[2001-1458-201-e4--100-2eb]-9618&alias=bigbird15.cern.ch&noUDP&sock=schedd_25064_65d2>
...
040 (15556765.504.000) 10/21 06:05:39 Started transferring input files
	Transferring to host: <188.185.194.69:9618?addrs=188.185.194.69-9618+[2001-1458-303-21--100-41]-9618&alias=b9p20p6902.cern.ch&noUDP&sock=slot1_27_1667518_081a_24256>
...
040 (15556765.504.000) 10/21 06:05:39 Finished transferring input files
...
001 (15556765.504.000) 10/21 06:05:40 Job executing on host: <188.185.194.69:9618?addrs=188.185.194.69-9618+[2001-1458-303-21--100-41]-9618&alias=b9p20p6902.cern.ch&noUDP&sock=startd_7612_c6ff>
	SlotName: slot1_27@b9p20p6902.cern.ch
	CondorScratchDir = "/pool/condor/dir_667391"
	Cpus = 1
	Disk = 2973777
	Memory = 2000
...
006 (15556765.504.000) 10/21 06:05:49 Image size of job updated: 564772
	552  -  MemoryUsage of job (MB)
	564768  -  ResidentSetSize of job (KB)
...
006 (15556765.504.000) 10/21 06:10:50 Image size of job updated: 1748076
	1706  -  MemoryUsage of job (MB)
	1746056  -  ResidentSetSize of job (KB)
...
040 (15556765.504.000) 10/21 06:14:22 Started transferring output files
...
040 (15556765.504.000) 10/21 06:14:22 Finished transferring output files
...
005 (15556765.504.000) 10/21 06:14:22 Job terminated.
	(1) Normal termination (return value 0)
		Usr 0 00:07:21, Sys 0 00:00:07  -  Run Remote Usage
		Usr 0 00:00:00, Sys 0 00:00:00  -  Run Local Usage
		Usr 0 00:07:21, Sys 0 00:00:07  -  Total Remote Usage
		Usr 0 00:00:00, Sys 0 00:00:00  -  Total Local Usage
	13976  -  Run Bytes Sent By Job
	229  -  Run Bytes Received By Job
	13976  -  Total Bytes Sent By Job
	229  -  Total Bytes Received By Job
	Partitionable Resources :    Usage  Request Allocated 
	   Cpus                 :        0        1         1 
	   Disk (KB)            :       55        1   2973777 
	   Memory (MB)          :     1706     2000      2000 

	Job terminated of its own accord at 2024-10-21T04:14:22Z with exit-code 0.
...
