000 (15556765.123.000) 10/21 05:59:05 Job submitted from host: <188.184.90.241:9618?addrs=188.184.90.241-9618+[2001-1458-201-e4--100-2eb]-9618&alias=bigbird15.cern.ch&noUDP&sock=schedd_25064_65d2>
...
040 (15556765.123.000) 10/21 06:00:28 Started transferring input files
	Transferring to host: <188.185.214.47:9618?addrs=188.185.214.47-9618+[2001-1458-303-1c--100-2b]-9618&alias=b9p29p1922.cern.ch&noUDP&sock=slot1_2_5630_981e_5977>
...
040 (15556765.123.000) 10/21 06:00:28 Finished transferring input files
...
001 (15556765.123.000) 10/21 06:00:29 Job executing on host: <188.185.214.47:9618?addrs=188.185.214.47-9618+[2001-1458-303-1c--100-2b]-9618&alias=b9p29p1922.cern.ch&noUDP&sock=startd_4447_d9c0>
	SlotName: slot1_2@b9p29p1922.cern.ch
	CondorScratchDir = "/pool/condor/dir_1376101"
	Cpus = 1
	Disk = 3717
	GPUs = 0
	Memory = 2000
...
006 (15556765.123.000) 10/21 06:00:38 Image size of job updated: 16888
	17  -  MemoryUsage of job (MB)
	16888  -  ResidentSetSize of job (KB)
...
006 (15556765.123.000) 10/21 06:05:39 Image size of job updated: 2488864
	2431  -  MemoryUsage of job (MB)
	2488864  -  ResidentSetSize of job (KB)
...
006 (15556765.123.000) 10/21 06:10:39 Image size of job updated: 2489536
	2432  -  MemoryUsage of job (MB)
	2489536  -  ResidentSetSize of job (KB)
...
040 (15556765.123.000) 10/21 06:11:21 Started transferring output files
...
040 (15556765.123.000) 10/21 06:11:21 Finished transferring output files
...
005 (15556765.123.000) 10/21 06:11:22 Job terminated.
	(1) Normal termination (return value 0)
		Usr 0 00:06:18, Sys 0 00:00:10  -  Run Remote Usage
		Usr 0 00:00:00, Sys 0 00:00:00  -  Run Local Usage
		Usr 0 00:06:18, Sys 0 00:00:10  -  Total Remote Usage
		Usr 0 00:00:00, Sys 0 00:00:00  -  Total Local Usage
	8025  -  Run Bytes Sent By Job
	229  -  Run Bytes Received By Job
	8025  -  Total Bytes Sent By Job
	229  -  Total Bytes Received By Job
	Partitionable Resources :    Usage  Request Allocated 
	   Cpus                 :     0.88        1         1 
	   Disk (KB)            :    50           1      3717 
	   GPUs                 :                           0 
	   Memory (MB)          :  2432        2000      2000 

	Job terminated of its own accord at 2024-10-21T04:11:21Z with exit-code 0.
...
