000 (15556765.078.000) 10/21 05:59:05 Job submitted from host: <188.184.90.241:9618?addrs=188.184.90.241-9618+[2001-1458-201-e4--100-2eb]-9618&alias=bigbird15.cern.ch&noUDP&sock=schedd_25064_65d2>
...
040 (15556765.078.000) 10/21 06:00:14 Started transferring input files
	Transferring to host: <128.142.192.177:9618?addrs=128.142.192.177-9618+[2001-1458-301-56--100-2d]-9618&alias=b9g18p9126.cern.ch&noUDP&sock=slot1_38_4244_0826_29517>
...
040 (15556765.078.000) 10/21 06:00:14 Finished transferring input files
...
001 (15556765.078.000) 10/21 06:00:15 Job executing on host: <128.142.192.177:9618?addrs=128.142.192.177-9618+[2001-1458-301-56--100-2d]-9618&alias=b9g18p9126.cern.ch&noUDP&sock=startd_3118_4462>
	SlotName: slot1_38@b9g18p9126.cern.ch
	CondorScratchDir = "/pool/condor/dir_3713794"
	Cpus = 1
	Disk = 2874265
	Memory = 2000
...
006 (15556765.078.000) 10/21 06:00:23 Image size of job updated: 149828
	146  -  MemoryUsage of job (MB)
	149356  -  ResidentSetSize of job (KB)
...
006 (15556765.078.000) 10/21 06:05:23 Image size of job updated: 1008064
	980  -  MemoryUsage of job (MB)
	1003064  -  ResidentSetSize of job (KB)
...
006 (15556765.078.000) 10/21 06:10:23 Image size of job updated: 1008064
	980  -  MemoryUsage of job (MB)
	1003172  -  ResidentSetSize of job (KB)
...
006 (15556765.078.000) 10/21 06:15:24 Image size of job updated: 1008692
	980  -  MemoryUsage of job (MB)
	1003332  -  ResidentSetSize of job (KB)
...
040 (15556765.078.000) 10/21 06:18:38 Started transferring output files
...
040 (15556765.078.000) 10/21 06:18:38 Finished transferring output files
...
005 (15556765.078.000) 10/21 06:18:38 Job terminated.
	(1) Normal termination (return value 0)
		Usr 0 00:16:28, Sys 0 00:00:10  -  Run Remote Usage
		Usr 0 00:00:00, Sys 0 00:00:00  -  Run Local Usage
		Usr 0 00:16:28, Sys 0 00:00:10  -  Total Remote Usage
		Usr 0 00:00:00, Sys 0 00:00:00  -  Total Local Usage
	13961  -  Run Bytes Sent By Job
	229  -  Run Bytes Received By Job
	13961  -  Total Bytes Sent By Job
	229  -  Total Bytes Received By Job
	Partitionable Resources :    Usage  Request Allocated 
	   Cpus                 :     0.73        1         1 
	   Disk (KB)            :    55           1   2874265 
	   Memory (MB)          :   980        2000      2000 

	Job terminated of its own accord at 2024-10-21T04:18:38Z with exit-code 0.
...
000 (15556766.078.000) 10/21 07:29:10 Job submitted from host: <188.184.90.241:9618?addrs=188.184.90.241-9618+[2001-1458-201-e4--100-2eb]-9618&alias=bigbird15.cern.ch&noUDP&sock=schedd_25064_65d2>
...
040 (15556766.078.000) 10/21 07:30:23 Started transferring input files
	Transferring to host: <128.142.192.208:9618?addrs=128.142.192.208-9618+[2001-1458-301-56--100-4c]-9618&alias=b9g18p2076.cern.ch&noUDP&sock=slot1_7_3335626_0593_19734>
...
040 (15556766.078.000) 10/21 07:30:23 Finished transferring input files
...
001 (15556766.078.000) 10/21 07:30:24 Job executing on host: <128.142.192.208:9618?addrs=128.142.192.208-9618+[2001-1458-301-56--100-4c]-9618&alias=b9g18p2076.cern.ch&noUDP&sock=startd_5488_e3d7>
	SlotName: slot1_7@b9g18p2076.cern.ch
	CondorScratchDir = "/pool/condor/dir_2863472"
	Cpus = 1
	Disk = 2855006
	Memory = 2000
...
006 (15556766.078.000) 10/21 07:30:32 Image size of job updated: 2640
	3  -  MemoryUsage of job (MB)
	2064  -  ResidentSetSize of job (KB)
...
006 (15556766.078.000) 10/21 07:35:32 Image size of job updated: 1005408
	981  -  MemoryUsage of job (MB)
	1003540  -  ResidentSetSize of job (KB)
...
040 (15556766.078.000) 10/21 07:50:33 Started transferring output files
...
040 (15556766.078.000) 10/21 07:50:33 Finished transferring output files
...
009 (15556766.078.000) 10/21 07:50:33 Job was aborted.
	Job removed by SYSTEM_PERIODIC_REMOVE due to wall time exceeded allowed max.
...
