000 (15556765.313.000) 10/21 05:59:05 Job submitted from host: <188.184.90.241:9618?addrs=188.184.90.241-9618+[2001-1458-201-e4--100-2eb]-9618&alias=bigbird15.cern.ch&noUDP&sock=schedd_25064_65d2>
...
040 (15556765.313.000) 10/21 06:01:37 Started transferring input files
	Transferring to host: <188.185.193.115:9618?addrs=188.185.193.115-9618+[2001-1458-303-20--100-6f]-9618&alias=b9p19p4659.cern.ch&noUDP&sock=slot1_9_7113_807a_3440>
...
040 (15556765.313.000) 10/21 06:01:38 Finished transferring input files
...
001 (15556765.313.000) 10/21 06:01:38 Job executing on host: <188.185.193.115:9618?addrs=188.185.193.115-9618+[2001-1458-303-20--100-6f]-9618&alias=b9p19p4659.cern.ch&noUDP&sock=startd_6087_c112>
	SlotName: slot1_9@b9p19p4659.cern.ch
	CondorScratchDir = "/pool/condor/dir_1252502"
	Cpus = 1
	Disk = 3764
	GPUs = 0
	Memory = 2000
...
006 (15556765.313.000) 10/21 06:01:47 Image size of job updated: 533128
	521  -  MemoryUsage of job (MB)
	533128  -  ResidentSetSize of job (KB)
...
006 (15556765.313.000) 10/21 06:06:47 Image size of job updated: 1700864
	1661  -  MemoryUsage of job (MB)
	1700864  -  ResidentSetSize of job (KB)
...
040 (15556765.313.000) 10/21 06:09:16 Started transferring output files
...
040 (15556765.313.000) 10/21 06:09:16 Finished transferring output files
...
005 (15556765.313.000) 10/21 06:09:16 Job terminated.
	(1) Normal termination (return value 0)
		Usr 0 00:06:27, Sys 0 00:00:06  -  Run Remote Usage
		Usr 0 00:00:00, Sys 0 00:00:00  -  Run Local Usage
		Usr 0 00:06:27, Sys 0 00:00:06  -  Total Remote Usage
		Usr 0 00:00:00, Sys 0 00:00:00  -  Total Local Usage
	11895  -  Run Bytes Sent By Job
	229  -  Run Bytes Received By Job
	11895  -  Total Bytes Sent By Job
	229  -  Total Bytes Received By Job
	Partitionable Resources :    Usage  Request Allocated 
	   Cpus                 :     0.92        1         1 
	   Disk (KB)            :    53           1      3764 
	   GPUs                 :                           0 
	   Memory (MB)          :  1661        2000      2000 

	Job terminated of its own accord at 2024-10-21T04:09:16Z with exit-code 0.
...
