000 (15556765.519.000) 10/21 05:59:06 Job submitted from host: <188.184.90.241:9618?addrs=188.184.90.241-9618+[2001-1458-201-e4--100-2eb]-9618&alias=bigbird15.cern.ch&noUDP&sock=schedd_25064_65d2>
...
040 (15556765.519.000) 10/21 06:05:45 Started transferring input files
	Transferring to host: <188.185.195.23:9618?addrs=188.185.195.23-9618+[2001-1458-303-22--100-13]-9618&alias=b9p17p9165.cern.ch&noUDP&sock=slot1_27_7037_f3f7_2880>
...
040 (15556765.519.000) 10/21 06:05:45 Finished transferring input files
...
001 (15556765.519.000) 10/21 06:05:46 Job executing on host: <188.185.195.23:9618?addrs=188.185.195.23-9618+[2001-1458-303-22--100-13]-9618&alias=b9p17p9165.cern.ch&noUDP&sock=startd_6032_075c>
	SlotName: slot1_27@b9p17p9165.cern.ch
	CondorScratchDir = "/pool/condor/dir_3733409"
	Cpus = 1
	Disk = 3876
	GPUs = 0
	Memory = 2000
...
006 (15556765.519.000) 10/21 06:05:54 Image size of job updated: 577152
	564  -  MemoryUsage of job (MB)
	577152  -  ResidentSetSize of job (KB)
...
006 (15556765.519.000) 10/21 06:07:36 Image size of job updated: 906580
	886  -  MemoryUsage of job (MB)
	906580  -  ResidentSetSize of job (KB)
...
040 (15556765.519.000) 10/21 06:07:36 Started transferring output files
...
040 (15556765.519.000) 10/21 06:07:36 Finished transferring output files
...
005 (15556765.519.000) 10/21 06:07:36 Job terminated.
	(1) Normal termination (return value 0)
		Usr 0 00:01:18, Sys 0 00:00:04  -  Run Remote Usage
		Usr 0 00:00:00, Sys 0 00:00:00  -  Run Local Usage
		Usr 0 00:01:18, Sys 0 00:00:04  -  Total Remote Usage
		Usr 0 00:00:00, Sys 0 00:00:00  -  Total Local Usage
	3486  -  Run Bytes Sent By Job
	229  -  Run Bytes Received By Job
	3486  -  Total Bytes Sent By Job
	229  -  Total Bytes Received By Job
	Partitionable Resources :    Usage  Request Allocated 
	   Cpus                 :        0        1         1 
	   Disk (KB)            :       45        1      3876 
	   GPUs                 :                           0 
	   Memory (MB)          :      886     2000      2000 

	Job terminated of its own accord at 2024-10-21T04:07:36Z with exit-code 0.
...
