000 (15556765.423.000) 10/21 05:59:06 Job submitted from host: <188.184.90.241:9618?addrs=188.184.90.241-9618+[2001-1458-201-e4--100-2eb]-9618&alias=bigbird15.cern.ch&noUDP&sock=schedd_25064_65d2>
...
040 (15556765.423.000) 10/21 06:03:59 Started transferring input files
	Transferring to host: <188.185.194.31:9618?addrs=188.185.194.31-9618+[2001-1458-303-21--100-1b]-9618&alias=b9p20p7018.cern.ch&noUDP&sock=slot1_35_538709_f96c_62468>
...
040 (15556765.423.000) 10/21 06:03:59 Finished transferring input files
...
001 (15556765.423.000) 10/21 06:04:00 Job executing on host: <188.185.194.31:9618?addrs=188.185.194.31-9618+[2001-1458-303-21--100-1b]-9618&alias=b9p20p7018.cern.ch&noUDP&sock=startd_128176_a73b>
	SlotName: slot1_35@b9p20p7018.cern.ch
	CondorScratchDir = "/pool/condor/dir_3118251"
	Cpus = 1
	Disk = 2894737
	Memory = 2000
...
006 (15556765.423.000) 10/21 06:04:08 Image size of job updated: 146832
	144  -  MemoryUsage of job (MB)
	146768  -  ResidentSetSize of job (KB)
...
006 (15556765.423.000) 10/21 06:09:08 Image size of job updated: 756328
	737  -  MemoryUsage of job (MB)
	753916  -  ResidentSetSize of job (KB)
...
006 (15556765.423.000) 10/21 06:13:35 Image size of job updated: 756612
	737  -  MemoryUsage of job (MB)
	753916  -  ResidentSetSize of job (KB)
...
040 (15556765.423.000) 10/21 06:13:35 Started transferring output files
...
040 (15556765.423.000) 10/21 06:13:35 Finished transferring output files
...
005 (15556765.423.000) 10/21 06:13:35 Job terminated.
	(1) Normal termination (return value 0)
		Usr 0 00:08:22, Sys 0 00:00:09  -  Run Remote Usage
		Usr 0 00:00:00, Sys 0 00:00:00  -  Run Local Usage
		Usr 0 00:08:22, Sys 0 00:00:09  -  Total Remote Usage
		Usr 0 00:00:00, Sys 0 00:00:00  -  Total Local Usage
	12749  -  Run Bytes Sent By Job
	229  -  Run Bytes Received By Job
	12749  -  Total Bytes Sent By Job
	229  -  Total Bytes Received By Job
	Partitionable Resources :    Usage  Request Allocated 
	   Cpus                 :     0.87        1         1 
	   Disk (KB)            :    55           1   2894737 
	   Memory (MB)          :   737        2000      2000 

	Job terminated of its own accord at 2024-10-21T04:13:35Z with exit-code 0.
...
