000 (15556765.121.000) 10/21 05:59:05 Job submitted from host: <188.184.90.241:9618?addrs=188.184.90.241-9618+[2001-1458-201-e4--100-2eb]-9618&alias=bigbird15.cern.ch&noUDP&sock=schedd_25064_65d2>
...
040 (15556765.121.000) 10/21 06:00:27 Started transferring input files
	Transferring to host: <188.185.213.185:9618?addrs=188.185.213.185-9618+[2001-1458-303-1b--100-35]-9618&alias=b9p28p5486.cern.ch&noUDP&sock=slot1_11_3723_f0b0_5640>
...
040 (15556765.121.000) 10/21 06:00:27 Finished transferring input files
...
001 (15556765.121.000) 10/21 06:00:28 Job executing on host: <188.185.213.185:9618?addrs=188.185.213.185-9618+[2001-1458-303-1b--100-35]-9618&alias=b9p28p5486.cern.ch&noUDP&sock=startd_2942_8bb7>
	SlotName: slot1_11@b9p28p5486.cern.ch
	CondorScratchDir = "/pool/condor/dir_1746305"
	Cpus = 1
	Disk = 3760
	GPUs = 0
	Memory = 2000
...
006 (15556765.121.000) 10/21 06:00:37 Image size of job updated: 447060
	437  -  MemoryUsage of job (MB)
	447060  -  ResidentSetSize of job (KB)
...
006 (15556765.121.000) 10/21 06:05:38 Image size of job updated: 1908856
	1865  -  MemoryUsage of job (MB)
	1908856  -  ResidentSetSize of job (KB)
...
040 (15556765.121.000) 10/21 06:07:08 Started transferring output files
...
040 (15556765.121.000) 10/21 06:07:08 Finished transferring output files
...
005 (15556765.121.000) 10/21 06:07:08 Job terminated.
	(1) Normal termination (return value 0)
		Usr 0 00:03:01, Sys 0 00:00:10  -  Run Remote Usage
		Usr 0 00:00:00, Sys 0 00:00:00  -  Run Local Usage
		Usr 0 00:03:01, Sys 0 00:00:10  -  Total Remote Usage
		Usr 0 00:00:00, Sys 0 00:00:00  -  Total Local Usage
	4700  -  Run Bytes Sent By Job
	229  -  Run Bytes Received By Job
	4700  -  Total Bytes Sent By Job
	229  -  Total Bytes Received By Job
	Partitionable Resources :    Usage  Request Allocated 
	   Cpus                 :     0.75        1         1 
	   Disk (KB)            :    46           1      3760 
	   GPUs                 :                           0 
	   Memory (MB)          :  1865        2000      2000 

	Job terminated of its own accord at 2024-10-21T04:07:08Z with exit-code 0.
...
