000 (15556765.185.000) 10/21 05:59:05 Job submitted from host: <188.184.90.241:9618?addrs=188.184.90.241-9618+[2001-1458-201-e4--100-2eb]-9618&alias=bigbird15.cern.ch&noUDP&sock=schedd_25064_65d2>
...
040 (15556765.185.000) 10/21 06:00:49 Started transferring input files
	Transferring to host: <188.185.209.64:9618?addrs=188.185.209.64-9618+[2001-1458-303-11--100-3d]-9618&alias=b9p11p9443.cern.ch&noUDP&sock=slot1_25_13490_acde_129985>
...
040 (15556765.185.000) 10/21 06:00:49 Finished transferring input files
...
001 (15556765.185.000) 10/21 06:00:50 Job executing on host: <188.185.209.64:9618?addrs=188.185.209.64-9618+[2001-1458-303-11--100-3d]-9618&alias=b9p11p9443.cern.ch&noUDP&sock=startd_12399_42dc>
	SlotName: slot1_25@b9p11p9443.cern.ch
	CondorScratchDir = "/pool/condor/dir_871182"
	Cpus = 1
	Disk = 2605134
	Memory = 2000
...
006 (15556765.185.000) 10/21 06:00:59 Image size of job updated: 149344
	146  -  MemoryUsage of job (MB)
	149168  -  ResidentSetSize of job (KB)
...
006 (15556765.185.000) 10/21 06:02:54 Image size of job updated: 992524
	146  -  MemoryUsage of job (MB)
	149168  -  ResidentSetSize of job (KB)
...
040 (15556765.185.000) 10/21 06:02:54 Started transferring output files
...
040 (15556765.185.000) 10/21 06:02:54 Finished transferring output files
...
005 (15556765.185.000) 10/21 06:02:54 Job terminated.
	(1) Normal termination (return value 0)
		Usr 0 00:01:33, Sys 0 00:00:08  -  Run Remote Usage
		Usr 0 00:00:00, Sys 0 00:00:00  -  Run Local Usage
		Usr 0 00:01:33, Sys 0 00:00:08  -  Total Remote Usage
		Usr 0 00:00:00, Sys 0 00:00:00  -  Total Local Usage
	2143  -  Run Bytes Sent By Job
	229  -  Run Bytes Received By Job
	2143  -  Total Bytes Sent By Job
	229  -  Total Bytes Received By Job
	Partitionable Resources :    Usage  Request Allocated 
	   Cpus                 :     0.93        1         1 
	   Disk (KB)            :    44           1   2605134 
	   Memory (MB)          :   146        2000      2000 

	Job terminated of its own accord at 2024-10-21T04:02:54Z with exit-code 0.
...
