000 (15556765.335.000) 10/21 05:59:06 Job submitted from host: <188.184.90.241:9618?addrs=188.184.90.241-9618+[2001-1458-201-e4--100-2eb]-9618&alias=bigbird15.cern.ch&noUDP&sock=schedd_25064_65d2>
...
040 (15556765.335.000) 10/21 06:01:45 Started transferring input files
	Transferring to host: <188.185.198.116:9618?addrs=188.185.198.116-9618+[2001-1458-303-25--100-70]-9618&alias=b9p15p5048.cern.ch&noUDP&sock=slot1_14_3790125_aee5_8351>
...
040 (15556765.335.000) 10/21 06:01:45 Finished transferring input files
...
001 (15556765.335.000) 10/21 06:01:46 Job executing on host: <188.185.198.116:9618?addrs=188.185.198.116-9618+[2001-1458-303-25--100-70]-9618&alias=b9p15p5048.cern.ch&noUDP&sock=startd_8574_a11b>
	SlotName: slot1_14@b9p15p5048.cern.ch
	CondorScratchDir = "/pool/condor/dir_2328708"
	Cpus = 1
	Disk = 2959133
	Memory = 2000
...
006 (15556765.335.000) 10/21 06:01:54 Image size of job updated: 164876
	161  -  MemoryUsage of job (MB)
	164680  -  ResidentSetSize of job (KB)
...
006 (15556765.335.000) 10/21 06:06:54 Image size of job updated: 1121060
	1092  -  MemoryUsage of job (MB)
	1118128  -  ResidentSetSize of job (KB)
...
040 (15556765.335.000) 10/21 06:08:16 Started transferring output files
...
040 (15556765.335.000) 10/21 06:08:16 Finished transferring output files
...
005 (15556765.335.000) 10/21 06:08:16 Job terminated.
	(1) Normal termination (return value 0)
		Usr 0 00:05:15, Sys 0 00:00:06  -  Run Remote Usage
		Usr 0 00:00:00, Sys 0 00:00:00  -  Run Local Usage
		Usr 0 00:05:15, Sys 0 00:00:06  -  Total Remote Usage
		Usr 0 00:00:00, Sys 0 00:00:00  -  Total Local Usage
	12260  -  Run Bytes Sent By Job
	229  -  Run Bytes Received By Job
	12260  -  Total Bytes Sent By Job
	229  -  Total Bytes Received By Job
	Partitionable Resources :    Usage  Request Allocated 
	   Cpus                 :     0.87        1         1 
	   Disk (KB)            :    53           1   2959133 
	   Memory (MB)          :  1092        2000      2000 

	Job terminated of its own accord at 2024-10-21T04:08:16Z with exit-code 0.
...
