000 (15556765.658.000) 10/21 05:59:06 Job submitted from host: <188.184.90.241:9618?addrs=188.184.90.241-9618+[2001-1458-201-e4--100-2eb]-9618&alias=bigbird15.cern.ch&noUDP&sock=schedd_25064_65d2>
...
040 (15556765.658.000) 10/21 06:06:35 Started transferring input files
	Transferring to host: <128.142.131.119:9618?addrs=128.142.131.119-9618+[2001-1458-301-59--100-6b]-9618&alias=b9g11p7749.cern.ch&noUDP&sock=slot1_14_2747_4289_194247>
...
040 (15556765.658.000) 10/21 06:06:35 Finished transferring input files
...
001 (15556765.658.000) 10/21 06:06:37 Job executing on host: <128.142.131.119:9618?addrs=128.142.131.119-9618+[2001-1458-301-59--100-6b]-9618&alias=b9g11p7749.cern.ch&noUDP&sock=startd_2412_0285>
	SlotName: slot1_14@b9g11p7749.cern.ch
	CondorScratchDir = "/pool/condor/dir_3106560"
	Cpus = 1
	Disk = 1770731
	Memory = 2000
...
006 (15556765.658.000) 10/21 06:06:45 Image size of job updated: 551856
	539  -  MemoryUsage of job (MB)
	551856  -  ResidentSetSize of job (KB)
...
006 (15556765.658.000) 10/21 06:11:45 Image size of job updated: 1725872
	1686  -  MemoryUsage of job (MB)
	1725872  -  ResidentSetSize of job (KB)
...
040 (15556765.658.000) 10/21 06:16:10 Started transferring output files
...
040 (15556765.658.000) 10/21 06:16:10 Finished transferring output files
...
005 (15556765.658.000) 10/21 06:16:10 Job terminated.
	(1) Normal termination (return value 0)
		Usr 0 00:08:18, Sys 0 00:00:08  -  Run Remote Usage
		Usr 0 00:00:00, Sys 0 00:00:00  -  Run Local Usage
		Usr 0 00:08:18, Sys 0 00:00:08  -  Total Remote Usage
		Usr 0 00:00:00, Sys 0 00:00:00  -  Total Local Usage
	13397  -  Run Bytes Sent By Job
	229  -  Run Bytes Received By Job
	13397  -  Total Bytes Sent By Job
	229  -  Total Bytes Received By Job
	Partitionable Resources :    Usage  Request Allocated 
	   Cpus                 :     0.91        1         1 
	   Disk (KB)            :    54           1   1770731 
	   Memory (MB)          :  1686        2000      2000 

	Job terminated of its own accord at 2024-10-21T04:16:10Z with exit-code 0.
...
