000 (15556765.043.000) 10/21 05:59:05 Job submitted from host: <188.184.90.241:9618?addrs=188.184.90.241-9618+[2001-1458-201-e4--100-2eb]-9618&alias=bigbird15.cern.ch&noUDP&sock=schedd_25064_65d2>
...
040 (15556765.043.000) 10/21 06:00:02 Started transferring input files
	Transferring to host: <188.185.213.208:9618?addrs=188.185.213.208-9618+[2001-1458-303-1b--100-4c]-9618&alias=b9p28p7725.cern.ch&noUDP&sock=slot1_3_4728_0db9_5984>
...
040 (15556765.043.000) 10/21 06:00:02 Finished transferring input files
...
001 (15556765.043.000) 10/21 06:00:03 Job executing on host: <188.185.213.208:9618?addrs=188.185.213.208-9618+[2001-1458-303-1b--100-4c]-9618&alias=b9p28p7725.cern.ch&noUDP&sock=startd_3893_da48>
	SlotName: slot1_3@b9p28p7725.cern.ch
	CondorScratchDir = "/pool/condor/dir_3422370"
	Cpus = 1
	Disk = 3734
	GPUs = 0
	Memory = 2000
...
006 (15556765.043.000) 10/21 06:00:12 Image size of job updated: 622756
	609  -  MemoryUsage of job (MB)
	622756  -  ResidentSetSize of job (KB)
...
006 (15556765.043.000) 10/21 06:05:13 Image size of job updated: 1865064
	1822  -  MemoryUsage of job (MB)
	1865064  -  ResidentSetSize of job (KB)
...
040 (15556765.043.000) 10/21 06:05:23 Started transferring output files
...
040 (15556765.043.000) 10/21 06:05:23 Finished transferring output files
...
005 (15556765.043.000) 10/21 06:05:23 Job terminated.
	(1) Normal termination (return value 0)
		Usr 0 00:02:28, Sys 0 00:00:08  -  Run Remote Usage
		Usr 0 00:00:00, Sys 0 00:00:00  -  Run Local Usage
		Usr 0 00:02:28, Sys 0 00:00:08  -  Total Remote Usage
		Usr 0 00:00:00, Sys 0 00:00:00  -  Total Local Usage
	2961  -  Run Bytes Sent By Job
	229  -  Run Bytes Received By Job
	2961  -  Total Bytes Sent By Job
	229  -  Total Bytes Received By Job
	Partitionable Resources :    Usage  Request Allocated 
	   Cpus                 :        0        1         1 
	   Disk (KB)            :       44        1      3734 
	   GPUs                 :                           0 
	   Memory (MB)          :     1822     2000      2000 

	Job terminated of its own accord at 2024-10-21T04:05:23Z with exit-code 0.
...
000 (15556766.043.000) 10/21 07:29:08 Job submitted from host: <188.184.90.241:9618?addrs=188.184.90.241-9618+[2001-1458-201-e4--100-2eb]-9618&alias=bigbird15.cern.ch&noUDP&sock=schedd_25064_65d2>
...
040 (15556766.043.000) 10/21 07:30:10 Started transferring input files
	Transferring to host: <128.142.248.70:9618?addrs=128.142.248.70-9618+[2001-1458-301-73--100-136]-9618&alias=b9g23p6133.cern.ch&noUDP&sock=slot1_14_2317537_387b_30192>
...
040 (15556766.043.000) 10/21 07:30:10 Finished transferring input files
...
001 (15556766.043.000) 10/21 07:30:11 Job executing on host: <128.142.248.70:9618?addrs=128.142.248.70-9618+[2001-1458-301-73--100-136]-9618&alias=b9g23p6133.cern.ch&noUDP&sock=startd_3291_ee45>
	SlotName: slot1_14@b9g23p6133.cern.ch
	CondorScratchDir = "/pool/condor/dir_1976162"
	Cpus = 1
	Disk = 2918847
	Memory = 2000
...
006 (15556766.043.000) 10/21 07:30:19 Image size of job updated: 534148
	522  -  MemoryUsage of job (MB)
	534148  -  ResidentSetSize of job (KB)
...
006 (15556766.043.000) 10/21 07:35:19 Image size of job updated: 2626464
	2564  -  MemoryUsage of job (MB)
	2624676  -  ResidentSetSize of job (KB)
...
006 (15556766.043.000) 10/21 07:40:20 Image size of job updated: 2629928
	2564  -  MemoryUsage of job (MB)
	2625036  -  ResidentSetSize of job (KB)
...
040 (15556766.043.000) 10/21 07:50:20 Started transferring output files
...
040 (15556766.043.000) 10/21 07:50:20 Finished transferring output files
...
009 (15556766.043.000) 10/21 07:50:20 Job was aborted.
	Job removed by SYSTEM_PERIODIC_REMOVE due to wall time exceeded allowed max.
...
