000 (15556765.446.000) 10/21 05:59:06 Job submitted from host: <188.184.90.241:9618?addrs=188.184.90.241-9618+[2001-1458-201-e4--100-2eb]-9618&alias=bigbird15.cern.ch&noUDP&sock=schedd_25064_65d2>
...
040 (15556765.446.000) 10/21 06:05:03 Started transferring input files
	Transferring to host: <128.142.161.77:9618?addrs=128.142.161.77-9618+[2001-1458-301-b8--100-b]-9618&alias=b9g03p8125.cern.ch&noUDP&sock=slot1_11_2794007_706a_25228>
...
040 (15556765.446.000) 10/21 06:05:03 Finished transferring input files
...
001 (15556765.446.000) 10/21 06:05:04 Job executing on host: <128.142.161.77:9618?addrs=128.142.161.77-9618+[2001-1458-301-b8--100-b]-9618&alias=b9g03p8125.cern.ch&noUDP&sock=startd_3204_4187>
	SlotName: slot1_11@b9g03p8125.cern.ch
	CondorScratchDir = "/pool/condor/dir_2973034"
	Cpus = 1
	Disk = 3024519
	Memory = 2000
...
006 (15556765.446.000) 10/21 06:05:12 Image size of job updated: 145532
	142  -  MemoryUsage of job (MB)
	145052  -  ResidentSetSize of job (KB)
...
006 (15556765.446.000) 10/21 06:10:12 Image size of job updated: 830820
	810  -  MemoryUsage of job (MB)
	829148  -  ResidentSetSize of job (KB)
...
006 (15556765.446.000) 10/21 06:15:13 Image size of job updated: 831048
	810  -  MemoryUsage of job (MB)
	829148  -  ResidentSetSize of job (KB)
...
040 (15556765.446.000) 10/21 06:16:31 Started transferring output files
...
040 (15556765.446.000) 10/21 06:16:31 Finished transferring output files
...
005 (15556765.446.000) 10/21 06:16:31 Job terminated.
	(1) Normal termination (return value 0)
		Usr 0 00:09:01, Sys 0 00:00:07  -  Run Remote Usage
		Usr 0 00:00:00, Sys 0 00:00:00  -  Run Local Usage
		Usr 0 00:09:01, Sys 0 00:00:07  -  Total Remote Usage
		Usr 0 00:00:00, Sys 0 00:00:00  -  Total Local Usage
	14616  -  Run Bytes Sent By Job
	229  -  Run Bytes Received By Job
	14616  -  Total Bytes Sent By Job
	229  -  Total Bytes Received By Job
	Partitionable Resources :    Usage  Request Allocated 
	   Cpus                 :     0.97        1         1 
	   Disk (KB)            :    56           1   3024519 
	   Memory (MB)          :   810        2000      2000 

	Job terminated of its own accord at 2024-10-21T04:16:31Z with exit-code 0.
...
