000 (15556765.177.000) 10/21 05:59:05 Job submitted from host: <188.184.90.241:9618?addrs=188.184.90.241-9618+[2001-1458-201-e4--100-2eb]-9618&alias=bigbird15.cern.ch&noUDP&sock=schedd_25064_65d2>
...
040 (15556765.177.000) 10/21 06:00:46 Started transferring input files
	Transferring to host: <188.185.209.94:9618?addrs=188.185.209.94-9618+[2001-1458-303-11--100-5b]-9618&alias=b9p11p6418.cern.ch&noUDP&sock=slot1_7_52284_8ec7_130192>
...
040 (15556765.177.000) 10/21 06:00:46 Finished transferring input files
...
001 (15556765.177.000) 10/21 06:00:47 Job executing on host: <188.185.209.94:9618?addrs=188.185.209.94-9618+[2001-1458-303-11--100-5b]-9618&alias=b9p11p6418.cern.ch&noUDP&sock=startd_51524_c1c3>
	SlotName: slot1_7@b9p11p6418.cern.ch
	CondorScratchDir = "/pool/condor/dir_313760"
	Cpus = 1
	Disk = 2872938
	Memory = 2000
...
006 (15556765.177.000) 10/21 06:00:56 Image size of job updated: 150208
	147  -  MemoryUsage of job (MB)
	149968  -  ResidentSetSize of job (KB)
...
006 (15556765.177.000) 10/21 06:05:57 Image size of job updated: 996368
	970  -  MemoryUsage of job (MB)
	993168  -  ResidentSetSize of job (KB)
...
006 (15556765.177.000) 10/21 06:08:51 Image size of job updated: 997172
	970  -  MemoryUsage of job (MB)
	993168  -  ResidentSetSize of job (KB)
...
040 (15556765.177.000) 10/21 06:08:51 Started transferring output files
...
040 (15556765.177.000) 10/21 06:08:51 Finished transferring output files
...
005 (15556765.177.000) 10/21 06:08:51 Job terminated.
	(1) Normal termination (return value 0)
		Usr 0 00:04:37, Sys 0 00:00:08  -  Run Remote Usage
		Usr 0 00:00:00, Sys 0 00:00:00  -  Run Local Usage
		Usr 0 00:04:37, Sys 0 00:00:08  -  Total Remote Usage
		Usr 0 00:00:00, Sys 0 00:00:00  -  Total Local Usage
	6459  -  Run Bytes Sent By Job
	229  -  Run Bytes Received By Job
	6459  -  Total Bytes Sent By Job
	229  -  Total Bytes Received By Job
	Partitionable Resources :    Usage  Request Allocated 
	   Cpus                 :     0.88        1         1 
	   Disk (KB)            :    48           1   2872938 
	   Memory (MB)          :   970        2000      2000 

	Job terminated of its own accord at 2024-10-21T04:08:51Z with exit-code 0.
...
