000 (15556765.142.000) 10/21 05:59:05 Job submitted from host: <188.184.90.241:9618?addrs=188.184.90.241-9618+[2001-1458-201-e4--100-2eb]-9618&alias=bigbird15.cern.ch&noUDP&sock=schedd_25064_65d2>
...
040 (15556765.142.000) 10/21 06:00:34 Started transferring input files
	Transferring to host: <188.185.194.179:9618?addrs=188.185.194.179-9618+[2001-1458-303-21--100-af]-9618&alias=b9p20p2191.cern.ch&noUDP&sock=slot1_20_5833_a046_59228>
...
040 (15556765.142.000) 10/21 06:00:34 Finished transferring input files
...
001 (15556765.142.000) 10/21 06:00:35 Job executing on host: <188.185.194.179:9618?addrs=188.185.194.179-9618+[2001-1458-303-21--100-af]-9618&alias=b9p20p2191.cern.ch&noUDP&sock=startd_4822_11c4>
	SlotName: slot1_20@b9p20p2191.cern.ch
	CondorScratchDir = "/pool/condor/dir_1017448"
	Cpus = 1
	Disk = 3019491
	Memory = 2000
...
006 (15556765.142.000) 10/21 06:00:44 Image size of job updated: 583776
	571  -  MemoryUsage of job (MB)
	583776  -  ResidentSetSize of job (KB)
...
006 (15556765.142.000) 10/21 06:05:45 Image size of job updated: 2584252
	2523  -  MemoryUsage of job (MB)
	2583080  -  ResidentSetSize of job (KB)
...
006 (15556765.142.000) 10/21 06:09:50 Image size of job updated: 2588444
	2523  -  MemoryUsage of job (MB)
	2583080  -  ResidentSetSize of job (KB)
...
040 (15556765.142.000) 10/21 06:09:50 Started transferring output files
...
040 (15556765.142.000) 10/21 06:09:50 Finished transferring output files
...
005 (15556765.142.000) 10/21 06:09:50 Job terminated.
	(1) Normal termination (return value 0)
		Usr 0 00:08:02, Sys 0 00:00:06  -  Run Remote Usage
		Usr 0 00:00:00, Sys 0 00:00:00  -  Run Local Usage
		Usr 0 00:08:02, Sys 0 00:00:06  -  Total Remote Usage
		Usr 0 00:00:00, Sys 0 00:00:00  -  Total Local Usage
	7031  -  Run Bytes Sent By Job
	229  -  Run Bytes Received By Job
	7031  -  Total Bytes Sent By Job
	229  -  Total Bytes Received By Job
	Partitionable Resources :    Usage  Request Allocated 
	   Cpus                 :        0        1         1 
	   Disk (KB)            :       48        1   3019491 
	   Memory (MB)          :     2523     2000      2000 

	Job terminated of its own accord at 2024-10-21T04:09:50Z with exit-code 0.
...
