000 (15556765.324.000) 10/21 05:59:05 Job submitted from host: <188.184.90.241:9618?addrs=188.184.90.241-9618+[2001-1458-201-e4--100-2eb]-9618&alias=bigbird15.cern.ch&noUDP&sock=schedd_25064_65d2>
...
040 (15556765.324.000) 10/21 06:01:41 Started transferring input files
	Transferring to host: <188.185.196.165:9618?addrs=188.185.196.165-9618+[2001-1458-303-23--100-a1]-9618&alias=b9p16p1641.cern.ch&noUDP&sock=slot1_25_4084423_3f65_47651>
...
040 (15556765.324.000) 10/21 06:01:41 Finished transferring input files
...
001 (15556765.324.000) 10/21 06:01:42 Job executing on host: <188.185.196.165:9618?addrs=188.185.196.165-9618+[2001-1458-303-23--100-a1]-9618&alias=b9p16p1641.cern.ch&noUDP&sock=startd_128321_1c77>
	SlotName: slot1_25@b9p16p1641.cern.ch
	CondorScratchDir = "/pool/condor/dir_3449519"
	Cpus = 1
	Disk = 2952282
	Memory = 2000
...
006 (15556765.324.000) 10/21 06:01:51 Image size of job updated: 34364
	34  -  MemoryUsage of job (MB)
	34188  -  ResidentSetSize of job (KB)
...
006 (15556765.324.000) 10/21 06:06:52 Image size of job updated: 2383544
	2326  -  MemoryUsage of job (MB)
	2381432  -  ResidentSetSize of job (KB)
...
006 (15556765.324.000) 10/21 06:11:30 Image size of job updated: 2383888
	2326  -  MemoryUsage of job (MB)
	2381432  -  ResidentSetSize of job (KB)
...
040 (15556765.324.000) 10/21 06:11:30 Started transferring output files
...
040 (15556765.324.000) 10/21 06:11:30 Finished transferring output files
...
005 (15556765.324.000) 10/21 06:11:30 Job terminated.
	(1) Normal termination (return value 0)
		Usr 0 00:06:07, Sys 0 00:00:08  -  Run Remote Usage
		Usr 0 00:00:00, Sys 0 00:00:00  -  Run Local Usage
		Usr 0 00:06:07, Sys 0 00:00:08  -  Total Remote Usage
		Usr 0 00:00:00, Sys 0 00:00:00  -  Total Local Usage
	9734  -  Run Bytes Sent By Job
	229  -  Run Bytes Received By Job
	9734  -  Total Bytes Sent By Job
	229  -  Total Bytes Received By Job
	Partitionable Resources :    Usage  Request Allocated 
	   Cpus                 :     0.26        1         1 
	   Disk (KB)            :    51           1   2952282 
	   Memory (MB)          :  2326        2000      2000 

	Job terminated of its own accord at 2024-10-21T04:11:30Z with exit-code 0.
...
