000 (15556765.484.000) 10/21 05:59:06 Job submitted from host: <188.184.90.241:9618?addrs=188.184.90.241-9618+[2001-1458-201-e4--100-2eb]-9618&alias=bigbird15.cern.ch&noUDP&sock=schedd_25064_65d2>
...
040 (15556765.484.000) 10/21 06:05:33 Started transferring input files
	Transferring to host: <188.185.196.176:9618?addrs=188.185.196.176-9618+[2001-1458-303-23--100-ac]-9618&alias=b9p16p5804.cern.ch&noUDP&sock=slot1_26_6296_d9f9_5172>
...
040 (15556765.484.000) 10/21 06:05:33 Finished transferring input files
...
001 (15556765.484.000) 10/21 06:05:34 Job executing on host: <188.185.196.176:9618?addrs=188.185.196.176-9618+[2001-1458-303-23--100-ac]-9618&alias=b9p16p5804.cern.ch&noUDP&sock=startd_5035_2b70>
	SlotName: slot1_26@b9p16p5804.cern.ch
	CondorScratchDir = "/pool/condor/dir_1283669"
	Cpus = 1
	Disk = 3807
	GPUs = 0
	Memory = 2000
...
006 (15556765.484.000) 10/21 06:05:42 Image size of job updated: 757380
	740  -  MemoryUsage of job (MB)
	757380  -  ResidentSetSize of job (KB)
...
006 (15556765.484.000) 10/21 06:10:42 Image size of job updated: 1679160
	1640  -  MemoryUsage of job (MB)
	1679160  -  ResidentSetSize of job (KB)
...
040 (15556765.484.000) 10/21 06:13:16 Started transferring output files
...
040 (15556765.484.000) 10/21 06:13:16 Finished transferring output files
...
005 (15556765.484.000) 10/21 06:13:16 Job terminated.
	(1) Normal termination (return value 0)
		Usr 0 00:06:42, Sys 0 00:00:05  -  Run Remote Usage
		Usr 0 00:00:00, Sys 0 00:00:00  -  Run Local Usage
		Usr 0 00:06:42, Sys 0 00:00:05  -  Total Remote Usage
		Usr 0 00:00:00, Sys 0 00:00:00  -  Total Local Usage
	13473  -  Run Bytes Sent By Job
	229  -  Run Bytes Received By Job
	13473  -  Total Bytes Sent By Job
	229  -  Total Bytes Received By Job
	Partitionable Resources :    Usage  Request Allocated 
	   Cpus                 :     0.92        1         1 
	   Disk (KB)            :    55           1      3807 
	   GPUs                 :                           0 
	   Memory (MB)          :  1640        2000      2000 

	Job terminated of its own accord at 2024-10-21T04:13:16Z with exit-code 0.
...
