000 (15556765.260.000) 10/21 05:59:05 Job submitted from host: <188.184.90.241:9618?addrs=188.184.90.241-9618+[2001-1458-201-e4--100-2eb]-9618&alias=bigbird15.cern.ch&noUDP&sock=schedd_25064_65d2>
...
040 (15556765.260.000) 10/21 06:01:16 Started transferring input files
	Transferring to host: <188.185.213.145:9618?addrs=188.185.213.145-9618+[2001-1458-303-1b--100-d]-9618&alias=b9p28p6428.cern.ch&noUDP&sock=slot1_12_3682_0d4f_6001>
...
040 (15556765.260.000) 10/21 06:01:16 Finished transferring input files
...
001 (15556765.260.000) 10/21 06:01:19 Job executing on host: <188.185.213.145:9618?addrs=188.185.213.145-9618+[2001-1458-303-1b--100-d]-9618&alias=b9p28p6428.cern.ch&noUDP&sock=startd_2909_e917>
	SlotName: slot1_12@b9p28p6428.cern.ch
	CondorScratchDir = "/pool/condor/dir_150703"
	Cpus = 1
	Disk = 3810
	GPUs = 0
	Memory = 2000
...
006 (15556765.260.000) 10/21 06:01:27 Image size of job updated: 163344
	160  -  MemoryUsage of job (MB)
	163344  -  ResidentSetSize of job (KB)
...
006 (15556765.260.000) 10/21 06:06:27 Image size of job updated: 959152
	937  -  MemoryUsage of job (MB)
	959152  -  ResidentSetSize of job (KB)
...
006 (15556765.260.000) 10/21 06:11:28 Image size of job updated: 959400
	937  -  MemoryUsage of job (MB)
	959400  -  ResidentSetSize of job (KB)
...
006 (15556765.260.000) 10/21 06:16:29 Image size of job updated: 959408
	937  -  MemoryUsage of job (MB)
	959408  -  ResidentSetSize of job (KB)
...
006 (15556765.260.000) 10/21 06:21:29 Image size of job updated: 959948
	938  -  MemoryUsage of job (MB)
	959948  -  ResidentSetSize of job (KB)
...
040 (15556765.260.000) 10/21 06:21:29 Started transferring output files
...
040 (15556765.260.000) 10/21 06:21:29 Finished transferring output files
...
009 (15556765.260.000) 10/21 06:21:29 Job was aborted.
	Job removed by SYSTEM_PERIODIC_REMOVE due to wall time exceeded allowed max.
...
