000 (15556765.618.000) 10/21 05:59:06 Job submitted from host: <188.184.90.241:9618?addrs=188.184.90.241-9618+[2001-1458-201-e4--100-2eb]-9618&alias=bigbird15.cern.ch&noUDP&sock=schedd_25064_65d2>
...
040 (15556765.618.000) 10/21 06:06:19 Started transferring input files
	Transferring to host: <128.142.192.179:9618?addrs=128.142.192.179-9618+[2001-1458-301-56--100-2f]-9618&alias=b9g18p1392.cern.ch&noUDP&sock=slot1_13_5197_81ac_77558>
...
040 (15556765.618.000) 10/21 06:06:19 Finished transferring input files
...
001 (15556765.618.000) 10/21 06:06:20 Job executing on host: <128.142.192.179:9618?addrs=128.142.192.179-9618+[2001-1458-301-56--100-2f]-9618&alias=b9g18p1392.cern.ch&noUDP&sock=startd_4170_da04>
	SlotName: slot1_13@b9g18p1392.cern.ch
	CondorScratchDir = "/pool/condor/dir_1448997"
	Cpus = 1
	Disk = 2864182
	Memory = 2000
...
006 (15556765.618.000) 10/21 06:06:29 Image size of job updated: 187780
	184  -  MemoryUsage of job (MB)
	187780  -  ResidentSetSize of job (KB)
...
006 (15556765.618.000) 10/21 06:11:30 Image size of job updated: 751864
	733  -  MemoryUsage of job (MB)
	750208  -  ResidentSetSize of job (KB)
...
006 (15556765.618.000) 10/21 06:11:43 Image size of job updated: 752652
	733  -  MemoryUsage of job (MB)
	750208  -  ResidentSetSize of job (KB)
...
040 (15556765.618.000) 10/21 06:11:43 Started transferring output files
...
040 (15556765.618.000) 10/21 06:11:43 Finished transferring output files
...
005 (15556765.618.000) 10/21 06:11:43 Job terminated.
	(1) Normal termination (return value 0)
		Usr 0 00:04:28, Sys 0 00:00:05  -  Run Remote Usage
		Usr 0 00:00:00, Sys 0 00:00:00  -  Run Local Usage
		Usr 0 00:04:28, Sys 0 00:00:05  -  Total Remote Usage
		Usr 0 00:00:00, Sys 0 00:00:00  -  Total Local Usage
	9359  -  Run Bytes Sent By Job
	229  -  Run Bytes Received By Job
	9359  -  Total Bytes Sent By Job
	229  -  Total Bytes Received By Job
	Partitionable Resources :    Usage  Request Allocated 
	   Cpus                 :        0        1         1 
	   Disk (KB)            :      529        1   2864182 
	   Memory (MB)          :      733     2000      2000 

	Job terminated of its own accord at 2024-10-21T04:11:43Z with exit-code 0.
...
