000 (15556765.389.000) 10/21 05:59:06 Job submitted from host: <188.184.90.241:9618?addrs=188.184.90.241-9618+[2001-1458-201-e4--100-2eb]-9618&alias=bigbird15.cern.ch&noUDP&sock=schedd_25064_65d2>
...
040 (15556765.389.000) 10/21 06:02:27 Started transferring input files
	Transferring to host: <188.185.198.105:9618?addrs=188.185.198.105-9618+[2001-1458-303-25--100-65]-9618&alias=b9p15p7236.cern.ch&noUDP&sock=slot1_17_9432_7279_3018>
...
040 (15556765.389.000) 10/21 06:02:27 Finished transferring input files
...
001 (15556765.389.000) 10/21 06:02:28 Job executing on host: <188.185.198.105:9618?addrs=188.185.198.105-9618+[2001-1458-303-25--100-65]-9618&alias=b9p15p7236.cern.ch&noUDP&sock=startd_9392_b593>
	SlotName: slot1_17@b9p15p7236.cern.ch
	CondorScratchDir = "/pool/condor/dir_77145"
	Cpus = 1
	Disk = 3752
	GPUs = 0
	Memory = 2000
...
006 (15556765.389.000) 10/21 06:02:36 Image size of job updated: 146640
	144  -  MemoryUsage of job (MB)
	146640  -  ResidentSetSize of job (KB)
...
006 (15556765.389.000) 10/21 06:07:36 Image size of job updated: 888316
	868  -  MemoryUsage of job (MB)
	888316  -  ResidentSetSize of job (KB)
...
040 (15556765.389.000) 10/21 06:10:24 Started transferring output files
...
040 (15556765.389.000) 10/21 06:10:24 Finished transferring output files
...
005 (15556765.389.000) 10/21 06:10:24 Job terminated.
	(1) Normal termination (return value 0)
		Usr 0 00:07:02, Sys 0 00:00:08  -  Run Remote Usage
		Usr 0 00:00:00, Sys 0 00:00:00  -  Run Local Usage
		Usr 0 00:07:02, Sys 0 00:00:08  -  Total Remote Usage
		Usr 0 00:00:00, Sys 0 00:00:00  -  Total Local Usage
	12823  -  Run Bytes Sent By Job
	229  -  Run Bytes Received By Job
	12823  -  Total Bytes Sent By Job
	229  -  Total Bytes Received By Job
	Partitionable Resources :    Usage  Request Allocated 
	   Cpus                 :     0.58        1         1 
	   Disk (KB)            :    55           1      3752 
	   GPUs                 :                           0 
	   Memory (MB)          :   868        2000      2000 

	Job terminated of its own accord at 2024-10-21T04:10:24Z with exit-code 0.
...
