000 (15556765.426.000) 10/21 05:59:06 Job submitted from host: <188.184.90.241:9618?addrs=188.184.90.241-9618+[2001-1458-201-e4--100-2eb]-9618&alias=bigbird15.cern.ch&noUDP&sock=schedd_25064_65d2>
...
040 (15556765.426.000) 10/21 06:04:11 Started transferring input files
	Transferring to host: <188.185.209.61:9618?addrs=188.185.209.61-9618+[2001-1458-303-11--100-3a]-9618&alias=b9p11p8216.cern.ch&noUDP&sock=slot1_7_47161_f0d7_92155>
...
040 (15556765.426.000) 10/21 06:04:11 Finished transferring input files
...
001 (15556765.426.000) 10/21 06:04:12 Job executing on host: <188.185.209.61:9618?addrs=188.185.209.61-9618+[2001-1458-303-11--100-3a]-9618&alias=b9p11p8216.cern.ch&noUDP&sock=startd_46134_aa4b>
	SlotName: slot1_7@b9p11p8216.cern.ch
	CondorScratchDir = "/pool/condor/dir_2694792"
	Cpus = 1
	Disk = 2708418
	Memory = 2000
...
006 (15556765.426.000) 10/21 06:04:20 Image size of job updated: 162132
	159  -  MemoryUsage of job (MB)
	162112  -  ResidentSetSize of job (KB)
...
006 (15556765.426.000) 10/21 06:08:07 Image size of job updated: 753088
	159  -  MemoryUsage of job (MB)
	162116  -  ResidentSetSize of job (KB)
...
040 (15556765.426.000) 10/21 06:08:07 Started transferring output files
...
040 (15556765.426.000) 10/21 06:08:07 Finished transferring output files
...
005 (15556765.426.000) 10/21 06:08:07 Job terminated.
	(1) Normal termination (return value 0)
		Usr 0 00:03:18, Sys 0 00:00:06  -  Run Remote Usage
		Usr 0 00:00:00, Sys 0 00:00:00  -  Run Local Usage
		Usr 0 00:03:18, Sys 0 00:00:06  -  Total Remote Usage
		Usr 0 00:00:00, Sys 0 00:00:00  -  Total Local Usage
	8738  -  Run Bytes Sent By Job
	229  -  Run Bytes Received By Job
	8738  -  Total Bytes Sent By Job
	229  -  Total Bytes Received By Job
	Partitionable Resources :    Usage  Request Allocated 
	   Cpus                 :        0        1         1 
	   Disk (KB)            :       55        1   2708418 
	   Memory (MB)          :      159     2000      2000 

	Job terminated of its own accord at 2024-10-21T04:08:07Z with exit-code 0.
...
