000 (15556765.275.000) 10/21 05:59:05 Job submitted from host: <188.184.90.241:9618?addrs=188.184.90.241-9618+[2001-1458-201-e4--100-2eb]-9618&alias=bigbird15.cern.ch&noUDP&sock=schedd_25064_65d2>
...
040 (15556765.275.000) 10/21 06:01:23 Started transferring input files
	Transferring to host: <188.185.194.13:9618?addrs=188.185.194.13-9618+[2001-1458-303-21--100-9]-9618&alias=b9p20p8620.cern.ch&noUDP&sock=slot1_23_7439_32c8_3386>
...
040 (15556765.275.000) 10/21 06:01:23 Finished transferring input files
...
001 (15556765.275.000) 10/21 06:01:24 Job executing on host: <188.185.194.13:9618?addrs=188.185.194.13-9618+[2001-1458-303-21--100-9]-9618&alias=b9p20p8620.cern.ch&noUDP&sock=startd_6536_bb18>
	SlotName: slot1_23@b9p20p8620.cern.ch
	CondorScratchDir = "/pool/condor/dir_3502268"
	Cpus = 1
	Disk = 3756
	GPUs = 0
	Memory = 2000
...
006 (15556765.275.000) 10/21 06:01:33 Image size of job updated: 145032
	142  -  MemoryUsage of job (MB)
	145032  -  ResidentSetSize of job (KB)
...
006 (15556765.275.000) 10/21 06:06:33 Image size of job updated: 959132
	937  -  MemoryUsage of job (MB)
	959132  -  ResidentSetSize of job (KB)
...
006 (15556765.275.000) 10/21 06:11:33 Image size of job updated: 959212
	937  -  MemoryUsage of job (MB)
	959212  -  ResidentSetSize of job (KB)
...
006 (15556765.275.000) 10/21 06:16:34 Image size of job updated: 959284
	937  -  MemoryUsage of job (MB)
	959284  -  ResidentSetSize of job (KB)
...
040 (15556765.275.000) 10/21 06:21:34 Started transferring output files
...
040 (15556765.275.000) 10/21 06:21:34 Finished transferring output files
...
009 (15556765.275.000) 10/21 06:21:34 Job was aborted.
	Job removed by SYSTEM_PERIODIC_REMOVE due to wall time exceeded allowed max.
...
