000 (15556765.478.000) 10/21 05:59:06 Job submitted from host: <188.184.90.241:9618?addrs=188.184.90.241-9618+[2001-1458-201-e4--100-2eb]-9618&alias=bigbird15.cern.ch&noUDP&sock=schedd_25064_65d2>
...
040 (15556765.478.000) 10/21 06:05:31 Started transferring input files
	Transferring to host: <188.185.196.171:9618?addrs=188.185.196.171-9618+[2001-1458-303-23--100-a7]-9618&alias=b9p16p0160.cern.ch&noUDP&sock=slot1_22_5266_1f8f_5021>
...
040 (15556765.478.000) 10/21 06:05:31 Finished transferring input files
...
001 (15556765.478.000) 10/21 06:05:32 Job executing on host: <188.185.196.171:9618?addrs=188.185.196.171-9618+[2001-1458-303-23--100-a7]-9618&alias=b9p16p0160.cern.ch&noUDP&sock=startd_3860_37a8>
	SlotName: slot1_22@b9p16p0160.cern.ch
	CondorScratchDir = "/pool/condor/dir_613213"
	Cpus = 1
	Disk = 3779
	GPUs = 0
	Memory = 2000
...
006 (15556765.478.000) 10/21 06:05:41 Image size of job updated: 228488
	224  -  MemoryUsage of job (MB)
	228488  -  ResidentSetSize of job (KB)
...
006 (15556765.478.000) 10/21 06:10:42 Image size of job updated: 1641228
	1603  -  MemoryUsage of job (MB)
	1641228  -  ResidentSetSize of job (KB)
...
040 (15556765.478.000) 10/21 06:15:35 Started transferring output files
...
040 (15556765.478.000) 10/21 06:15:35 Finished transferring output files
...
005 (15556765.478.000) 10/21 06:15:35 Job terminated.
	(1) Normal termination (return value 0)
		Usr 0 00:08:41, Sys 0 00:00:07  -  Run Remote Usage
		Usr 0 00:00:00, Sys 0 00:00:00  -  Run Local Usage
		Usr 0 00:08:41, Sys 0 00:00:07  -  Total Remote Usage
		Usr 0 00:00:00, Sys 0 00:00:00  -  Total Local Usage
	14264  -  Run Bytes Sent By Job
	229  -  Run Bytes Received By Job
	14264  -  Total Bytes Sent By Job
	229  -  Total Bytes Received By Job
	Partitionable Resources :    Usage  Request Allocated 
	   Cpus                 :     0.91        1         1 
	   Disk (KB)            :    56           1      3779 
	   GPUs                 :                           0 
	   Memory (MB)          :  1603        2000      2000 

	Job terminated of its own accord at 2024-10-21T04:15:35Z with exit-code 0.
...
