000 (15556765.428.000) 10/21 05:59:06 Job submitted from host: <188.184.90.241:9618?addrs=188.184.90.241-9618+[2001-1458-201-e4--100-2eb]-9618&alias=bigbird15.cern.ch&noUDP&sock=schedd_25064_65d2>
...
040 (15556765.428.000) 10/21 06:04:18 Started transferring input files
	Transferring to host: <128.142.248.175:9618?addrs=128.142.248.175-9618+[2001-1458-301-73--100-ae]-9618&alias=b9g23p9695.cern.ch&noUDP&sock=slot1_15_2331849_51c1_29533>
...
040 (15556765.428.000) 10/21 06:04:18 Finished transferring input files
...
001 (15556765.428.000) 10/21 06:04:19 Job executing on host: <128.142.248.175:9618?addrs=128.142.248.175-9618+[2001-1458-301-73--100-ae]-9618&alias=b9g23p9695.cern.ch&noUDP&sock=startd_6696_7a3f>
	SlotName: slot1_15@b9g23p9695.cern.ch
	CondorScratchDir = "/pool/condor/dir_4123398"
	Cpus = 1
	Disk = 3028312
	Memory = 2000
...
006 (15556765.428.000) 10/21 06:04:28 Image size of job updated: 203080
	199  -  MemoryUsage of job (MB)
	203080  -  ResidentSetSize of job (KB)
...
006 (15556765.428.000) 10/21 06:07:52 Image size of job updated: 750804
	199  -  MemoryUsage of job (MB)
	203080  -  ResidentSetSize of job (KB)
...
040 (15556765.428.000) 10/21 06:07:52 Started transferring output files
...
040 (15556765.428.000) 10/21 06:07:52 Finished transferring output files
...
005 (15556765.428.000) 10/21 06:07:52 Job terminated.
	(1) Normal termination (return value 0)
		Usr 0 00:03:03, Sys 0 00:00:04  -  Run Remote Usage
		Usr 0 00:00:00, Sys 0 00:00:00  -  Run Local Usage
		Usr 0 00:03:03, Sys 0 00:00:04  -  Total Remote Usage
		Usr 0 00:00:00, Sys 0 00:00:00  -  Total Local Usage
	6038  -  Run Bytes Sent By Job
	229  -  Run Bytes Received By Job
	6038  -  Total Bytes Sent By Job
	229  -  Total Bytes Received By Job
	Partitionable Resources :    Usage  Request Allocated 
	   Cpus                 :     0.62        1         1 
	   Disk (KB)            :    48           1   3028312 
	   Memory (MB)          :   199        2000      2000 

	Job terminated of its own accord at 2024-10-21T04:07:52Z with exit-code 0.
...
