000 (15556765.363.000) 10/21 05:59:06 Job submitted from host: <188.184.90.241:9618?addrs=188.184.90.241-9618+[2001-1458-201-e4--100-2eb]-9618&alias=bigbird15.cern.ch&noUDP&sock=schedd_25064_65d2>
...
040 (15556765.363.000) 10/21 06:01:54 Started transferring input files
	Transferring to host: <128.142.130.113:9618?addrs=128.142.130.113-9618+[2001-1458-301-58--100-65]-9618&alias=b9g20p4468.cern.ch&noUDP&sock=slot1_17_2809_f1cb_179015>
...
040 (15556765.363.000) 10/21 06:01:54 Finished transferring input files
...
001 (15556765.363.000) 10/21 06:01:55 Job executing on host: <128.142.130.113:9618?addrs=128.142.130.113-9618+[2001-1458-301-58--100-65]-9618&alias=b9g20p4468.cern.ch&noUDP&sock=startd_2391_9b08>
	SlotName: slot1_17@b9g20p4468.cern.ch
	CondorScratchDir = "/pool/condor/dir_2942452"
	Cpus = 1
	Disk = 1814558
	Memory = 2000
...
006 (15556765.363.000) 10/21 06:02:04 Image size of job updated: 150184
	147  -  MemoryUsage of job (MB)
	150184  -  ResidentSetSize of job (KB)
...
006 (15556765.363.000) 10/21 06:07:05 Image size of job updated: 761924
	745  -  MemoryUsage of job (MB)
	761924  -  ResidentSetSize of job (KB)
...
040 (15556765.363.000) 10/21 06:07:19 Started transferring output files
...
040 (15556765.363.000) 10/21 06:07:19 Finished transferring output files
...
005 (15556765.363.000) 10/21 06:07:19 Job terminated.
	(1) Normal termination (return value 0)
		Usr 0 00:04:35, Sys 0 00:00:05  -  Run Remote Usage
		Usr 0 00:00:00, Sys 0 00:00:00  -  Run Local Usage
		Usr 0 00:04:35, Sys 0 00:00:05  -  Total Remote Usage
		Usr 0 00:00:00, Sys 0 00:00:00  -  Total Local Usage
	7593  -  Run Bytes Sent By Job
	229  -  Run Bytes Received By Job
	7593  -  Total Bytes Sent By Job
	229  -  Total Bytes Received By Job
	Partitionable Resources :    Usage  Request Allocated 
	   Cpus                 :     0.89        1         1 
	   Disk (KB)            :    49           1   1814558 
	   Memory (MB)          :   745        2000      2000 

	Job terminated of its own accord at 2024-10-21T04:07:19Z with exit-code 0.
...
