000 (15556765.256.000) 10/21 05:59:05 Job submitted from host: <188.184.90.241:9618?addrs=188.184.90.241-9618+[2001-1458-201-e4--100-2eb]-9618&alias=bigbird15.cern.ch&noUDP&sock=schedd_25064_65d2>
...
040 (15556765.256.000) 10/21 06:01:16 Started transferring input files
	Transferring to host: <188.185.213.231:9618?addrs=188.185.213.231-9618+[2001-1458-303-1b--100-63]-9618&alias=b9p28p9038.cern.ch&noUDP&sock=slot1_8_4936_9bc2_6540>
...
040 (15556765.256.000) 10/21 06:01:16 Finished transferring input files
...
001 (15556765.256.000) 10/21 06:01:17 Job executing on host: <188.185.213.231:9618?addrs=188.185.213.231-9618+[2001-1458-303-1b--100-63]-9618&alias=b9p28p9038.cern.ch&noUDP&sock=startd_4033_e18a>
	SlotName: slot1_8@b9p28p9038.cern.ch
	CondorScratchDir = "/pool/condor/dir_2943601"
	Cpus = 1
	Disk = 3678
	GPUs = 0
	Memory = 2000
...
006 (15556765.256.000) 10/21 06:01:26 Image size of job updated: 152756
	150  -  MemoryUsage of job (MB)
	152756  -  ResidentSetSize of job (KB)
...
006 (15556765.256.000) 10/21 06:06:27 Image size of job updated: 1217680
	1190  -  MemoryUsage of job (MB)
	1217680  -  ResidentSetSize of job (KB)
...
006 (15556765.256.000) 10/21 06:11:27 Image size of job updated: 1217740
	1190  -  MemoryUsage of job (MB)
	1217740  -  ResidentSetSize of job (KB)
...
006 (15556765.256.000) 10/21 06:16:27 Image size of job updated: 1217808
	1190  -  MemoryUsage of job (MB)
	1217808  -  ResidentSetSize of job (KB)
...
040 (15556765.256.000) 10/21 06:21:27 Started transferring output files
...
040 (15556765.256.000) 10/21 06:21:27 Finished transferring output files
...
009 (15556765.256.000) 10/21 06:21:27 Job was aborted.
	Job removed by SYSTEM_PERIODIC_REMOVE due to wall time exceeded allowed max.
...
