000 (15556765.003.000) 10/21 05:59:05 Job submitted from host: <188.184.90.241:9618?addrs=188.184.90.241-9618+[2001-1458-201-e4--100-2eb]-9618&alias=bigbird15.cern.ch&noUDP&sock=schedd_25064_65d2>
...
040 (15556765.003.000) 10/21 05:59:48 Started transferring input files
	Transferring to host: <188.185.198.143:9618?addrs=188.185.198.143-9618+[2001-1458-303-25--100-8b]-9618&alias=b9p15p4099.cern.ch&noUDP&sock=slot1_26_10210_9e58_79614>
...
040 (15556765.003.000) 10/21 05:59:48 Finished transferring input files
...
001 (15556765.003.000) 10/21 05:59:49 Job executing on host: <188.185.198.143:9618?addrs=188.185.198.143-9618+[2001-1458-303-25--100-8b]-9618&alias=b9p15p4099.cern.ch&noUDP&sock=startd_10159_ceb7>
	SlotName: slot1_26@b9p15p4099.cern.ch
	CondorScratchDir = "/pool/condor/dir_1589869"
	Cpus = 1
	Disk = 2908280
	Memory = 2000
...
006 (15556765.003.000) 10/21 05:59:58 Image size of job updated: 196528
	192  -  MemoryUsage of job (MB)
	196452  -  ResidentSetSize of job (KB)
...
006 (15556765.003.000) 10/21 06:03:19 Image size of job updated: 1030104
	192  -  MemoryUsage of job (MB)
	196452  -  ResidentSetSize of job (KB)
...
040 (15556765.003.000) 10/21 06:03:19 Started transferring output files
...
040 (15556765.003.000) 10/21 06:03:19 Finished transferring output files
...
005 (15556765.003.000) 10/21 06:03:19 Job terminated.
	(1) Normal termination (return value 0)
		Usr 0 00:03:07, Sys 0 00:00:07  -  Run Remote Usage
		Usr 0 00:00:00, Sys 0 00:00:00  -  Run Local Usage
		Usr 0 00:03:07, Sys 0 00:00:07  -  Total Remote Usage
		Usr 0 00:00:00, Sys 0 00:00:00  -  Total Local Usage
	2960  -  Run Bytes Sent By Job
	229  -  Run Bytes Received By Job
	2960  -  Total Bytes Sent By Job
	229  -  Total Bytes Received By Job
	Partitionable Resources :    Usage  Request Allocated 
	   Cpus                 :        0        1         1 
	   Disk (KB)            :       44        1   2908280 
	   Memory (MB)          :      192     2000      2000 

	Job terminated of its own accord at 2024-10-21T04:03:19Z with exit-code 0.
...
000 (15556766.003.000) 10/21 07:29:06 Job submitted from host: <188.184.90.241:9618?addrs=188.184.90.241-9618+[2001-1458-201-e4--100-2eb]-9618&alias=bigbird15.cern.ch&noUDP&sock=schedd_25064_65d2>
...
040 (15556766.003.000) 10/21 07:29:57 Started transferring input files
	Transferring to host: <128.142.161.119:9618?addrs=128.142.161.119-9618+[2001-1458-301-b8--100-35]-9618&alias=b9g03p6597.cern.ch&noUDP&sock=slot1_15_5759_7c83_5488>
...
040 (15556766.003.000) 10/21 07:29:57 Finished transferring input files
...
001 (15556766.003.000) 10/21 07:29:58 Job executing on host: <128.142.161.119:9618?addrs=128.142.161.119-9618+[2001-1458-301-b8--100-35]-9618&alias=b9g03p6597.cern.ch&noUDP&sock=startd_4558_fcc3>
	SlotName: slot1_15@b9g03p6597.cern.ch
	CondorScratchDir = "/pool/condor/dir_3682394"
	Cpus = 1
	Disk = 3942
	GPUs = 0
	Memory = 2000
...
006 (15556766.003.000) 10/21 07:30:07 Image size of job updated: 212660
	208  -  MemoryUsage of job (MB)
	212660  -  ResidentSetSize of job (KB)
...
006 (15556766.003.000) 10/21 07:35:08 Image size of job updated: 2309268
	2256  -  MemoryUsage of job (MB)
	2309268  -  ResidentSetSize of job (KB)
...
040 (15556766.003.000) 10/21 07:50:08 Started transferring output files
...
040 (15556766.003.000) 10/21 07:50:08 Finished transferring output files
...
009 (15556766.003.000) 10/21 07:50:08 Job was aborted.
	Job removed by SYSTEM_PERIODIC_REMOVE due to wall time exceeded allowed max.
...
