000 (15556765.004.000) 10/21 05:59:05 Job submitted from host: <188.184.90.241:9618?addrs=188.184.90.241-9618+[2001-1458-201-e4--100-2eb]-9618&alias=bigbird15.cern.ch&noUDP&sock=schedd_25064_65d2>
...
040 (15556765.004.000) 10/21 05:59:48 Started transferring input files
	Transferring to host: <188.185.198.140:9618?addrs=188.185.198.140-9618+[2001-1458-303-25--100-88]-9618&alias=b9p15p5294.cern.ch&noUDP&sock=slot1_29_7308_e5a2_3335>
...
040 (15556765.004.000) 10/21 05:59:48 Finished transferring input files
...
001 (15556765.004.000) 10/21 05:59:49 Job executing on host: <188.185.198.140:9618?addrs=188.185.198.140-9618+[2001-1458-303-25--100-88]-9618&alias=b9p15p5294.cern.ch&noUDP&sock=startd_6006_31e6>
	SlotName: slot1_29@b9p15p5294.cern.ch
	CondorScratchDir = "/pool/condor/dir_2071681"
	Cpus = 1
	Disk = 3871
	GPUs = 0
	Memory = 2000
...
006 (15556765.004.000) 10/21 05:59:58 Image size of job updated: 738228
	721  -  MemoryUsage of job (MB)
	738228  -  ResidentSetSize of job (KB)
...
006 (15556765.004.000) 10/21 06:02:57 Image size of job updated: 900356
	880  -  MemoryUsage of job (MB)
	900356  -  ResidentSetSize of job (KB)
...
040 (15556765.004.000) 10/21 06:02:57 Started transferring output files
...
040 (15556765.004.000) 10/21 06:02:57 Finished transferring output files
...
005 (15556765.004.000) 10/21 06:02:57 Job terminated.
	(1) Normal termination (return value 0)
		Usr 0 00:02:48, Sys 0 00:00:07  -  Run Remote Usage
		Usr 0 00:00:00, Sys 0 00:00:00  -  Run Local Usage
		Usr 0 00:02:48, Sys 0 00:00:07  -  Total Remote Usage
		Usr 0 00:00:00, Sys 0 00:00:00  -  Total Local Usage
	2537  -  Run Bytes Sent By Job
	229  -  Run Bytes Received By Job
	2537  -  Total Bytes Sent By Job
	229  -  Total Bytes Received By Job
	Partitionable Resources :    Usage  Request Allocated 
	   Cpus                 :        0        1         1 
	   Disk (KB)            :       44        1      3871 
	   GPUs                 :                           0 
	   Memory (MB)          :      880     2000      2000 

	Job terminated of its own accord at 2024-10-21T04:02:57Z with exit-code 0.
...
000 (15556766.004.000) 10/21 07:29:06 Job submitted from host: <188.184.90.241:9618?addrs=188.184.90.241-9618+[2001-1458-201-e4--100-2eb]-9618&alias=bigbird15.cern.ch&noUDP&sock=schedd_25064_65d2>
...
040 (15556766.004.000) 10/21 07:29:57 Started transferring input files
	Transferring to host: <188.185.213.208:9618?addrs=188.185.213.208-9618+[2001-1458-303-1b--100-4c]-9618&alias=b9p28p7725.cern.ch&noUDP&sock=slot1_2_4728_0db9_6058>
...
040 (15556766.004.000) 10/21 07:29:57 Finished transferring input files
...
001 (15556766.004.000) 10/21 07:29:58 Job executing on host: <188.185.213.208:9618?addrs=188.185.213.208-9618+[2001-1458-303-1b--100-4c]-9618&alias=b9p28p7725.cern.ch&noUDP&sock=startd_3893_da48>
	SlotName: slot1_2@b9p28p7725.cern.ch
	CondorScratchDir = "/pool/condor/dir_3597693"
	Cpus = 1
	Disk = 3773
	GPUs = 0
	Memory = 2000
...
006 (15556766.004.000) 10/21 07:30:07 Image size of job updated: 16976
	17  -  MemoryUsage of job (MB)
	16976  -  ResidentSetSize of job (KB)
...
006 (15556766.004.000) 10/21 07:35:08 Image size of job updated: 773056
	755  -  MemoryUsage of job (MB)
	773056  -  ResidentSetSize of job (KB)
...
006 (15556766.004.000) 10/21 07:45:08 Image size of job updated: 777976
	760  -  MemoryUsage of job (MB)
	777976  -  ResidentSetSize of job (KB)
...
040 (15556766.004.000) 10/21 07:50:08 Started transferring output files
...
040 (15556766.004.000) 10/21 07:50:08 Finished transferring output files
...
009 (15556766.004.000) 10/21 07:50:08 Job was aborted.
	Job removed by SYSTEM_PERIODIC_REMOVE due to wall time exceeded allowed max.
...
