000 (15556765.377.000) 10/21 05:59:06 Job submitted from host: <188.184.90.241:9618?addrs=188.184.90.241-9618+[2001-1458-201-e4--100-2eb]-9618&alias=bigbird15.cern.ch&noUDP&sock=schedd_25064_65d2>
...
040 (15556765.377.000) 10/21 06:01:59 Started transferring input files
	Transferring to host: <188.185.207.10:9618?addrs=188.185.207.10-9618+[2001-1458-303-d--100-7]-9618&alias=b9p07p2827.cern.ch&noUDP&sock=slot1_32_393861_7469_81044>
...
040 (15556765.377.000) 10/21 06:01:59 Finished transferring input files
...
001 (15556765.377.000) 10/21 06:02:00 Job executing on host: <188.185.207.10:9618?addrs=188.185.207.10-9618+[2001-1458-303-d--100-7]-9618&alias=b9p07p2827.cern.ch&noUDP&sock=startd_3468_5688>
	SlotName: slot1_32@b9p07p2827.cern.ch
	CondorScratchDir = "/pool/condor/dir_1092396"
	Cpus = 1
	Disk = 2774671
	Memory = 2000
...
006 (15556765.377.000) 10/21 06:02:09 Image size of job updated: 630048
	616  -  MemoryUsage of job (MB)
	630044  -  ResidentSetSize of job (KB)
...
006 (15556765.377.000) 10/21 06:03:41 Image size of job updated: 2342848
	1566  -  MemoryUsage of job (MB)
	1602716  -  ResidentSetSize of job (KB)
...
040 (15556765.377.000) 10/21 06:03:41 Started transferring output files
...
040 (15556765.377.000) 10/21 06:03:41 Finished transferring output files
...
005 (15556765.377.000) 10/21 06:03:41 Job terminated.
	(1) Normal termination (return value 0)
		Usr 0 00:01:05, Sys 0 00:00:07  -  Run Remote Usage
		Usr 0 00:00:00, Sys 0 00:00:00  -  Run Local Usage
		Usr 0 00:01:05, Sys 0 00:00:07  -  Total Remote Usage
		Usr 0 00:00:00, Sys 0 00:00:00  -  Total Local Usage
	3064  -  Run Bytes Sent By Job
	229  -  Run Bytes Received By Job
	3064  -  Total Bytes Sent By Job
	229  -  Total Bytes Received By Job
	Partitionable Resources :    Usage  Request Allocated 
	   Cpus                 :        0        1         1 
	   Disk (KB)            :       44        1   2774671 
	   Memory (MB)          :     1566     2000      2000 

	Job terminated of its own accord at 2024-10-21T04:03:41Z with exit-code 0.
...
