000 (15556765.554.000) 10/21 05:59:06 Job submitted from host: <188.184.90.241:9618?addrs=188.184.90.241-9618+[2001-1458-201-e4--100-2eb]-9618&alias=bigbird15.cern.ch&noUDP&sock=schedd_25064_65d2>
...
040 (15556765.554.000) 10/21 06:05:57 Started transferring input files
	Transferring to host: <188.184.185.44:9618?addrs=188.184.185.44-9618+[2001-1458-301-52--100-2b]-9618&alias=b9g37p3584.cern.ch&noUDP&sock=slot1_21_1001967_24c2_66591>
...
040 (15556765.554.000) 10/21 06:05:57 Finished transferring input files
...
001 (15556765.554.000) 10/21 06:05:58 Job executing on host: <188.184.185.44:9618?addrs=188.184.185.44-9618+[2001-1458-301-52--100-2b]-9618&alias=b9g37p3584.cern.ch&noUDP&sock=startd_4667_c096>
	SlotName: slot1_21@b9g37p3584.cern.ch
	CondorScratchDir = "/pool/condor/dir_228593"
	Cpus = 1
	Disk = 2412794
	Memory = 2000
...
006 (15556765.554.000) 10/21 06:06:07 Image size of job updated: 590468
	577  -  MemoryUsage of job (MB)
	590468  -  ResidentSetSize of job (KB)
...
006 (15556765.554.000) 10/21 06:11:08 Image size of job updated: 1726752
	1684  -  MemoryUsage of job (MB)
	1723516  -  ResidentSetSize of job (KB)
...
006 (15556765.554.000) 10/21 06:16:08 Image size of job updated: 1728280
	1684  -  MemoryUsage of job (MB)
	1723516  -  ResidentSetSize of job (KB)
...
006 (15556765.554.000) 10/21 06:21:08 Image size of job updated: 1736736
	1693  -  MemoryUsage of job (MB)
	1732916  -  ResidentSetSize of job (KB)
...
006 (15556765.554.000) 10/21 06:26:09 Image size of job updated: 1741176
	1693  -  MemoryUsage of job (MB)
	1732916  -  ResidentSetSize of job (KB)
...
040 (15556765.554.000) 10/21 06:26:09 Started transferring output files
...
040 (15556765.554.000) 10/21 06:26:09 Finished transferring output files
...
009 (15556765.554.000) 10/21 06:26:09 Job was aborted.
	Job removed by SYSTEM_PERIODIC_REMOVE due to wall time exceeded allowed max.
...
