000 (15556765.457.000) 10/21 05:59:06 Job submitted from host: <188.184.90.241:9618?addrs=188.184.90.241-9618+[2001-1458-201-e4--100-2eb]-9618&alias=bigbird15.cern.ch&noUDP&sock=schedd_25064_65d2>
...
040 (15556765.457.000) 10/21 06:05:24 Started transferring input files
	Transferring to host: <188.185.195.168:9618?addrs=188.185.195.168-9618+[2001-1458-303-22--100-a4]-9618&alias=b9p17p4836.cern.ch&noUDP&sock=slot1_13_7499_794a_3810>
...
040 (15556765.457.000) 10/21 06:05:24 Finished transferring input files
...
001 (15556765.457.000) 10/21 06:05:25 Job executing on host: <188.185.195.168:9618?addrs=188.185.195.168-9618+[2001-1458-303-22--100-a4]-9618&alias=b9p17p4836.cern.ch&noUDP&sock=startd_6598_41f7>
	SlotName: slot1_13@b9p17p4836.cern.ch
	CondorScratchDir = "/pool/condor/dir_3272978"
	Cpus = 1
	Disk = 3755
	GPUs = 0
	Memory = 2000
...
006 (15556765.457.000) 10/21 06:05:34 Image size of job updated: 541856
	530  -  MemoryUsage of job (MB)
	541856  -  ResidentSetSize of job (KB)
...
006 (15556765.457.000) 10/21 06:10:33 Image size of job updated: 1035088
	1011  -  MemoryUsage of job (MB)
	1035088  -  ResidentSetSize of job (KB)
...
040 (15556765.457.000) 10/21 06:10:33 Started transferring output files
...
040 (15556765.457.000) 10/21 06:10:33 Finished transferring output files
...
005 (15556765.457.000) 10/21 06:10:33 Job terminated.
	(1) Normal termination (return value 0)
		Usr 0 00:04:14, Sys 0 00:00:05  -  Run Remote Usage
		Usr 0 00:00:00, Sys 0 00:00:00  -  Run Local Usage
		Usr 0 00:04:14, Sys 0 00:00:05  -  Total Remote Usage
		Usr 0 00:00:00, Sys 0 00:00:00  -  Total Local Usage
	8309  -  Run Bytes Sent By Job
	229  -  Run Bytes Received By Job
	8309  -  Total Bytes Sent By Job
	229  -  Total Bytes Received By Job
	Partitionable Resources :    Usage  Request Allocated 
	   Cpus                 :        0        1         1 
	   Disk (KB)            :       50        1      3755 
	   GPUs                 :                           0 
	   Memory (MB)          :     1011     2000      2000 

	Job terminated of its own accord at 2024-10-21T04:10:33Z with exit-code 0.
...
