000 (15556765.283.000) 10/21 05:59:05 Job submitted from host: <188.184.90.241:9618?addrs=188.184.90.241-9618+[2001-1458-201-e4--100-2eb]-9618&alias=bigbird15.cern.ch&noUDP&sock=schedd_25064_65d2>
...
040 (15556765.283.000) 10/21 06:01:25 Started transferring input files
	Transferring to host: <128.142.248.112:9618?addrs=128.142.248.112-9618+[2001-1458-301-73--100-160]-9618&alias=b9g23p1260.cern.ch&noUDP&sock=slot1_13_6660_5288_2346>
...
040 (15556765.283.000) 10/21 06:01:25 Finished transferring input files
...
001 (15556765.283.000) 10/21 06:01:26 Job executing on host: <128.142.248.112:9618?addrs=128.142.248.112-9618+[2001-1458-301-73--100-160]-9618&alias=b9g23p1260.cern.ch&noUDP&sock=startd_5899_cd43>
	SlotName: slot1_13@b9g23p1260.cern.ch
	CondorScratchDir = "/pool/condor/dir_2752246"
	Cpus = 1
	Disk = 2851912
	Memory = 2000
...
006 (15556765.283.000) 10/21 06:01:34 Image size of job updated: 196144
	192  -  MemoryUsage of job (MB)
	196144  -  ResidentSetSize of job (KB)
...
006 (15556765.283.000) 10/21 06:06:34 Image size of job updated: 963696
	939  -  MemoryUsage of job (MB)
	960944  -  ResidentSetSize of job (KB)
...
006 (15556765.283.000) 10/21 06:11:35 Image size of job updated: 964048
	939  -  MemoryUsage of job (MB)
	961148  -  ResidentSetSize of job (KB)
...
006 (15556765.283.000) 10/21 06:16:35 Image size of job updated: 964048
	940  -  MemoryUsage of job (MB)
	961620  -  ResidentSetSize of job (KB)
...
006 (15556765.283.000) 10/21 06:21:35 Image size of job updated: 965004
	940  -  MemoryUsage of job (MB)
	961660  -  ResidentSetSize of job (KB)
...
040 (15556765.283.000) 10/21 06:21:35 Started transferring output files
...
040 (15556765.283.000) 10/21 06:21:35 Finished transferring output files
...
009 (15556765.283.000) 10/21 06:21:35 Job was aborted.
	Job removed by SYSTEM_PERIODIC_REMOVE due to wall time exceeded allowed max.
...
