000 (15556765.119.000) 10/21 05:59:05 Job submitted from host: <188.184.90.241:9618?addrs=188.184.90.241-9618+[2001-1458-201-e4--100-2eb]-9618&alias=bigbird15.cern.ch&noUDP&sock=schedd_25064_65d2>
...
040 (15556765.119.000) 10/21 06:00:26 Started transferring input files
	Transferring to host: <188.185.213.148:9618?addrs=188.185.213.148-9618+[2001-1458-303-1b--100-10]-9618&alias=b9p28p0002.cern.ch&noUDP&sock=slot1_5_8150_2984_4900>
...
040 (15556765.119.000) 10/21 06:00:26 Finished transferring input files
...
001 (15556765.119.000) 10/21 06:00:27 Job executing on host: <188.185.213.148:9618?addrs=188.185.213.148-9618+[2001-1458-303-1b--100-10]-9618&alias=b9p28p0002.cern.ch&noUDP&sock=startd_6842_9f12>
	SlotName: slot1_5@b9p28p0002.cern.ch
	CondorScratchDir = "/pool/condor/dir_3949563"
	Cpus = 1
	Disk = 3753
	GPUs = 0
	Memory = 2000
...
006 (15556765.119.000) 10/21 06:00:36 Image size of job updated: 90224
	89  -  MemoryUsage of job (MB)
	90224  -  ResidentSetSize of job (KB)
...
006 (15556765.119.000) 10/21 06:05:37 Image size of job updated: 1078572
	1054  -  MemoryUsage of job (MB)
	1078572  -  ResidentSetSize of job (KB)
...
040 (15556765.119.000) 10/21 06:08:44 Started transferring output files
...
040 (15556765.119.000) 10/21 06:08:44 Finished transferring output files
...
005 (15556765.119.000) 10/21 06:08:44 Job terminated.
	(1) Normal termination (return value 0)
		Usr 0 00:04:45, Sys 0 00:00:09  -  Run Remote Usage
		Usr 0 00:00:00, Sys 0 00:00:00  -  Run Local Usage
		Usr 0 00:04:45, Sys 0 00:00:09  -  Total Remote Usage
		Usr 0 00:00:00, Sys 0 00:00:00  -  Total Local Usage
	6378  -  Run Bytes Sent By Job
	229  -  Run Bytes Received By Job
	6378  -  Total Bytes Sent By Job
	229  -  Total Bytes Received By Job
	Partitionable Resources :    Usage  Request Allocated 
	   Cpus                 :     0.91        1         1 
	   Disk (KB)            :    48           1      3753 
	   GPUs                 :                           0 
	   Memory (MB)          :  1054        2000      2000 

	Job terminated of its own accord at 2024-10-21T04:08:44Z with exit-code 0.
...
000 (15556766.119.000) 10/21 07:29:12 Job submitted from host: <188.184.90.241:9618?addrs=188.184.90.241-9618+[2001-1458-201-e4--100-2eb]-9618&alias=bigbird15.cern.ch&noUDP&sock=schedd_25064_65d2>
...
040 (15556766.119.000) 10/21 07:30:35 Started transferring input files
	Transferring to host: <128.142.137.42:9618?addrs=128.142.137.42-9618+[2001-1458-301-5e--100-1e]-9618&alias=b9g19p6058.cern.ch&noUDP&sock=slot1_11_2761_1fc9_246257>
...
040 (15556766.119.000) 10/21 07:30:35 Finished transferring input files
...
001 (15556766.119.000) 10/21 07:30:36 Job executing on host: <128.142.137.42:9618?addrs=128.142.137.42-9618+[2001-1458-301-5e--100-1e]-9618&alias=b9g19p6058.cern.ch&noUDP&sock=startd_2433_6a02>
	SlotName: slot1_11@b9g19p6058.cern.ch
	CondorScratchDir = "/pool/condor/dir_375489"
	Cpus = 1
	Disk = 1762712
	Memory = 2000
...
006 (15556766.119.000) 10/21 07:30:45 Image size of job updated: 151744
	149  -  MemoryUsage of job (MB)
	151744  -  ResidentSetSize of job (KB)
...
006 (15556766.119.000) 10/21 07:35:46 Image size of job updated: 766388
	749  -  MemoryUsage of job (MB)
	766388  -  ResidentSetSize of job (KB)
...
040 (15556766.119.000) 10/21 07:41:45 Started transferring output files
...
040 (15556766.119.000) 10/21 07:41:45 Finished transferring output files
...
005 (15556766.119.000) 10/21 07:41:45 Job terminated.
	(1) Normal termination (return value 0)
		Usr 0 00:09:44, Sys 0 00:00:06  -  Run Remote Usage
		Usr 0 00:00:00, Sys 0 00:00:00  -  Run Local Usage
		Usr 0 00:09:44, Sys 0 00:00:06  -  Total Remote Usage
		Usr 0 00:00:00, Sys 0 00:00:00  -  Total Local Usage
	14914  -  Run Bytes Sent By Job
	229  -  Run Bytes Received By Job
	14914  -  Total Bytes Sent By Job
	229  -  Total Bytes Received By Job
	Partitionable Resources :    Usage  Request Allocated 
	   Cpus                 :     0.72        1         1 
	   Disk (KB)            :    56           1   1762712 
	   Memory (MB)          :   749        2000      2000 

	Job terminated of its own accord at 2024-10-21T05:41:45Z with exit-code 0.
...
