000 (15556765.622.000) 10/21 05:59:06 Job submitted from host: <188.184.90.241:9618?addrs=188.184.90.241-9618+[2001-1458-201-e4--100-2eb]-9618&alias=bigbird15.cern.ch&noUDP&sock=schedd_25064_65d2>
...
040 (15556765.622.000) 10/21 06:06:21 Started transferring input files
	Transferring to host: <128.142.192.153:9618?addrs=128.142.192.153-9618+[2001-1458-301-56--100-15]-9618&alias=b9g18p2987.cern.ch&noUDP&sock=slot1_7_7119_babb_64255>
...
040 (15556765.622.000) 10/21 06:06:21 Finished transferring input files
...
001 (15556765.622.000) 10/21 06:06:22 Job executing on host: <128.142.192.153:9618?addrs=128.142.192.153-9618+[2001-1458-301-56--100-15]-9618&alias=b9g18p2987.cern.ch&noUDP&sock=startd_6454_7c53>
	SlotName: slot1_7@b9g18p2987.cern.ch
	CondorScratchDir = "/pool/condor/dir_2841973"
	Cpus = 1
	Disk = 2936277
	Memory = 2000
...
006 (15556765.622.000) 10/21 06:06:31 Image size of job updated: 149608
	146  -  MemoryUsage of job (MB)
	149352  -  ResidentSetSize of job (KB)
...
006 (15556765.622.000) 10/21 06:11:32 Image size of job updated: 764792
	745  -  MemoryUsage of job (MB)
	762744  -  ResidentSetSize of job (KB)
...
040 (15556765.622.000) 10/21 06:12:01 Started transferring output files
...
040 (15556765.622.000) 10/21 06:12:01 Finished transferring output files
...
005 (15556765.622.000) 10/21 06:12:01 Job terminated.
	(1) Normal termination (return value 0)
		Usr 0 00:04:48, Sys 0 00:00:05  -  Run Remote Usage
		Usr 0 00:00:00, Sys 0 00:00:00  -  Run Local Usage
		Usr 0 00:04:48, Sys 0 00:00:05  -  Total Remote Usage
		Usr 0 00:00:00, Sys 0 00:00:00  -  Total Local Usage
	8307  -  Run Bytes Sent By Job
	229  -  Run Bytes Received By Job
	8307  -  Total Bytes Sent By Job
	229  -  Total Bytes Received By Job
	Partitionable Resources :    Usage  Request Allocated 
	   Cpus                 :        0        1         1 
	   Disk (KB)            :       49        1   2936277 
	   Memory (MB)          :      745     2000      2000 

	Job terminated of its own accord at 2024-10-21T04:12:01Z with exit-code 0.
...
