000 (15556765.483.000) 10/21 05:59:06 Job submitted from host: <188.184.90.241:9618?addrs=188.184.90.241-9618+[2001-1458-201-e4--100-2eb]-9618&alias=bigbird15.cern.ch&noUDP&sock=schedd_25064_65d2>
...
040 (15556765.483.000) 10/21 06:05:32 Started transferring input files
	Transferring to host: <188.185.215.140:9618?addrs=188.185.215.140-9618+[2001-1458-303-26--100-8]-9618&alias=b9p18p0368.cern.ch&noUDP&sock=slot1_11_1892033_28e4_2614>
...
040 (15556765.483.000) 10/21 06:05:32 Finished transferring input files
...
001 (15556765.483.000) 10/21 06:05:33 Job executing on host: <188.185.215.140:9618?addrs=188.185.215.140-9618+[2001-1458-303-26--100-8]-9618&alias=b9p18p0368.cern.ch&noUDP&sock=startd_9008_5135>
	SlotName: slot1_11@b9p18p0368.cern.ch
	CondorScratchDir = "/pool/condor/dir_514339"
	Cpus = 1
	Disk = 3928
	GPUs = 0
	Memory = 2000
...
006 (15556765.483.000) 10/21 06:05:42 Image size of job updated: 493916
	483  -  MemoryUsage of job (MB)
	493916  -  ResidentSetSize of job (KB)
...
006 (15556765.483.000) 10/21 06:10:43 Image size of job updated: 1244064
	1215  -  MemoryUsage of job (MB)
	1244064  -  ResidentSetSize of job (KB)
...
040 (15556765.483.000) 10/21 06:11:47 Started transferring output files
...
040 (15556765.483.000) 10/21 06:11:47 Finished transferring output files
...
005 (15556765.483.000) 10/21 06:11:47 Job terminated.
	(1) Normal termination (return value 0)
		Usr 0 00:03:29, Sys 0 00:00:04  -  Run Remote Usage
		Usr 0 00:00:00, Sys 0 00:00:00  -  Run Local Usage
		Usr 0 00:03:29, Sys 0 00:00:04  -  Total Remote Usage
		Usr 0 00:00:00, Sys 0 00:00:00  -  Total Local Usage
	6885  -  Run Bytes Sent By Job
	229  -  Run Bytes Received By Job
	6885  -  Total Bytes Sent By Job
	229  -  Total Bytes Received By Job
	Partitionable Resources :    Usage  Request Allocated 
	   Cpus                 :        0        1         1 
	   Disk (KB)            :       48        1      3928 
	   GPUs                 :                           0 
	   Memory (MB)          :     1215     2000      2000 

	Job terminated of its own accord at 2024-10-21T04:11:47Z with exit-code 0.
...
