000 (15556765.232.000) 10/21 05:59:05 Job submitted from host: <188.184.90.241:9618?addrs=188.184.90.241-9618+[2001-1458-201-e4--100-2eb]-9618&alias=bigbird15.cern.ch&noUDP&sock=schedd_25064_65d2>
...
040 (15556765.232.000) 10/21 06:01:06 Started transferring input files
	Transferring to host: <128.142.161.98:9618?addrs=128.142.161.98-9618+[2001-1458-301-b8--100-20]-9618&alias=b9g03p9785.cern.ch&noUDP&sock=slot1_12_6703_9eaa_3402>
...
040 (15556765.232.000) 10/21 06:01:07 Finished transferring input files
...
001 (15556765.232.000) 10/21 06:01:08 Job executing on host: <128.142.161.98:9618?addrs=128.142.161.98-9618+[2001-1458-301-b8--100-20]-9618&alias=b9g03p9785.cern.ch&noUDP&sock=startd_5894_5f4a>
	SlotName: slot1_12@b9g03p9785.cern.ch
	CondorScratchDir = "/pool/condor/dir_568249"
	Cpus = 1
	Disk = 3932
	GPUs = 0
	Memory = 2000
...
006 (15556765.232.000) 10/21 06:01:16 Image size of job updated: 161484
	158  -  MemoryUsage of job (MB)
	161484  -  ResidentSetSize of job (KB)
...
006 (15556765.232.000) 10/21 06:06:16 Image size of job updated: 257400
	252  -  MemoryUsage of job (MB)
	257400  -  ResidentSetSize of job (KB)
...
006 (15556765.232.000) 10/21 06:11:16 Image size of job updated: 830824
	812  -  MemoryUsage of job (MB)
	830824  -  ResidentSetSize of job (KB)
...
006 (15556765.232.000) 10/21 06:16:17 Image size of job updated: 1201632
	1174  -  MemoryUsage of job (MB)
	1201632  -  ResidentSetSize of job (KB)
...
006 (15556765.232.000) 10/21 06:21:17 Image size of job updated: 1201908
	1174  -  MemoryUsage of job (MB)
	1201908  -  ResidentSetSize of job (KB)
...
040 (15556765.232.000) 10/21 06:21:17 Started transferring output files
...
040 (15556765.232.000) 10/21 06:21:17 Finished transferring output files
...
009 (15556765.232.000) 10/21 06:21:17 Job was aborted.
	Job removed by SYSTEM_PERIODIC_REMOVE due to wall time exceeded allowed max.
...
