000 (15556765.596.000) 10/21 05:59:06 Job submitted from host: <188.184.90.241:9618?addrs=188.184.90.241-9618+[2001-1458-201-e4--100-2eb]-9618&alias=bigbird15.cern.ch&noUDP&sock=schedd_25064_65d2>
...
040 (15556765.596.000) 10/21 06:06:12 Started transferring input files
	Transferring to host: <188.185.192.148:9618?addrs=188.185.192.148-9618+[2001-1458-303-1f--100-90]-9618&alias=b9p13p1256.cern.ch&noUDP&sock=slot1_17_7481_ca89_3935>
...
040 (15556765.596.000) 10/21 06:06:12 Finished transferring input files
...
001 (15556765.596.000) 10/21 06:06:13 Job executing on host: <188.185.192.148:9618?addrs=188.185.192.148-9618+[2001-1458-303-1f--100-90]-9618&alias=b9p13p1256.cern.ch&noUDP&sock=startd_6653_fbac>
	SlotName: slot1_17@b9p13p1256.cern.ch
	CondorScratchDir = "/pool/condor/dir_3529949"
	Cpus = 1
	Disk = 3868
	GPUs = 0
	Memory = 2000
...
006 (15556765.596.000) 10/21 06:06:22 Image size of job updated: 807784
	789  -  MemoryUsage of job (MB)
	807784  -  ResidentSetSize of job (KB)
...
006 (15556765.596.000) 10/21 06:11:23 Image size of job updated: 1646684
	1609  -  MemoryUsage of job (MB)
	1646684  -  ResidentSetSize of job (KB)
...
006 (15556765.596.000) 10/21 06:16:23 Image size of job updated: 1657372
	1619  -  MemoryUsage of job (MB)
	1657372  -  ResidentSetSize of job (KB)
...
006 (15556765.596.000) 10/21 06:21:23 Image size of job updated: 1657380
	1619  -  MemoryUsage of job (MB)
	1657380  -  ResidentSetSize of job (KB)
...
040 (15556765.596.000) 10/21 06:23:42 Started transferring output files
...
040 (15556765.596.000) 10/21 06:23:42 Finished transferring output files
...
005 (15556765.596.000) 10/21 06:23:42 Job terminated.
	(1) Normal termination (return value 0)
		Usr 0 00:14:38, Sys 0 00:00:15  -  Run Remote Usage
		Usr 0 00:00:00, Sys 0 00:00:00  -  Run Local Usage
		Usr 0 00:14:38, Sys 0 00:00:15  -  Total Remote Usage
		Usr 0 00:00:00, Sys 0 00:00:00  -  Total Local Usage
	31091  -  Run Bytes Sent By Job
	229  -  Run Bytes Received By Job
	31091  -  Total Bytes Sent By Job
	229  -  Total Bytes Received By Job
	Partitionable Resources :    Usage  Request Allocated 
	   Cpus                 :     0.94        1         1 
	   Disk (KB)            :    72           1      3868 
	   GPUs                 :                           0 
	   Memory (MB)          :  1619        2000      2000 

	Job terminated of its own accord at 2024-10-21T04:23:42Z with exit-code 0.
...
