000 (15556765.495.000) 10/21 05:59:06 Job submitted from host: <188.184.90.241:9618?addrs=188.184.90.241-9618+[2001-1458-201-e4--100-2eb]-9618&alias=bigbird15.cern.ch&noUDP&sock=schedd_25064_65d2>
...
040 (15556765.495.000) 10/21 06:05:37 Started transferring input files
	Transferring to host: <188.185.195.122:9618?addrs=188.185.195.122-9618+[2001-1458-303-22--100-76]-9618&alias=b9p17p5468.cern.ch&noUDP&sock=slot1_25_1335976_b330_74329>
...
040 (15556765.495.000) 10/21 06:05:37 Finished transferring input files
...
001 (15556765.495.000) 10/21 06:05:38 Job executing on host: <188.185.195.122:9618?addrs=188.185.195.122-9618+[2001-1458-303-22--100-76]-9618&alias=b9p17p5468.cern.ch&noUDP&sock=startd_127959_cf2e>
	SlotName: slot1_25@b9p17p5468.cern.ch
	CondorScratchDir = "/pool/condor/dir_1428043"
	Cpus = 1
	Disk = 2829172
	Memory = 2000
...
006 (15556765.495.000) 10/21 06:05:46 Image size of job updated: 3144
	3  -  MemoryUsage of job (MB)
	2652  -  ResidentSetSize of job (KB)
...
006 (15556765.495.000) 10/21 06:10:46 Image size of job updated: 2267384
	2213  -  MemoryUsage of job (MB)
	2265336  -  ResidentSetSize of job (KB)
...
040 (15556765.495.000) 10/21 06:13:06 Started transferring output files
...
040 (15556765.495.000) 10/21 06:13:06 Finished transferring output files
...
005 (15556765.495.000) 10/21 06:13:06 Job terminated.
	(1) Normal termination (return value 0)
		Usr 0 00:04:05, Sys 0 00:00:05  -  Run Remote Usage
		Usr 0 00:00:00, Sys 0 00:00:00  -  Run Local Usage
		Usr 0 00:04:05, Sys 0 00:00:05  -  Total Remote Usage
		Usr 0 00:00:00, Sys 0 00:00:00  -  Total Local Usage
	7875  -  Run Bytes Sent By Job
	229  -  Run Bytes Received By Job
	7875  -  Total Bytes Sent By Job
	229  -  Total Bytes Received By Job
	Partitionable Resources :    Usage  Request Allocated 
	   Cpus                 :        0        1         1 
	   Disk (KB)            :       49        1   2829172 
	   Memory (MB)          :     2213     2000      2000 

	Job terminated of its own accord at 2024-10-21T04:13:06Z with exit-code 0.
...
