000 (15556765.633.000) 10/21 05:59:06 Job submitted from host: <188.184.90.241:9618?addrs=188.184.90.241-9618+[2001-1458-201-e4--100-2eb]-9618&alias=bigbird15.cern.ch&noUDP&sock=schedd_25064_65d2>
...
040 (15556765.633.000) 10/21 06:06:26 Started transferring input files
	Transferring to host: <128.142.131.54:9618?addrs=128.142.131.54-9618+[2001-1458-301-59--100-2a]-9618&alias=b9g11p2729.cern.ch&noUDP&sock=slot1_12_1586200_24ef_63066>
...
040 (15556765.633.000) 10/21 06:06:26 Finished transferring input files
...
001 (15556765.633.000) 10/21 06:06:27 Job executing on host: <128.142.131.54:9618?addrs=128.142.131.54-9618+[2001-1458-301-59--100-2a]-9618&alias=b9g11p2729.cern.ch&noUDP&sock=startd_2628_2afa>
	SlotName: slot1_12@b9g11p2729.cern.ch
	CondorScratchDir = "/pool/condor/dir_1547942"
	Cpus = 1
	Disk = 1589180
	Memory = 2000
...
006 (15556765.633.000) 10/21 06:06:36 Image size of job updated: 149132
	146  -  MemoryUsage of job (MB)
	149132  -  ResidentSetSize of job (KB)
...
006 (15556765.633.000) 10/21 06:11:37 Image size of job updated: 840104
	821  -  MemoryUsage of job (MB)
	840104  -  ResidentSetSize of job (KB)
...
040 (15556765.633.000) 10/21 06:13:04 Started transferring output files
...
040 (15556765.633.000) 10/21 06:13:04 Finished transferring output files
...
005 (15556765.633.000) 10/21 06:13:04 Job terminated.
	(1) Normal termination (return value 0)
		Usr 0 00:05:36, Sys 0 00:00:07  -  Run Remote Usage
		Usr 0 00:00:00, Sys 0 00:00:00  -  Run Local Usage
		Usr 0 00:05:36, Sys 0 00:00:07  -  Total Remote Usage
		Usr 0 00:00:00, Sys 0 00:00:00  -  Total Local Usage
	9593  -  Run Bytes Sent By Job
	229  -  Run Bytes Received By Job
	9593  -  Total Bytes Sent By Job
	229  -  Total Bytes Received By Job
	Partitionable Resources :    Usage  Request Allocated 
	   Cpus                 :     0.89        1         1 
	   Disk (KB)            :    50           1   1589180 
	   Memory (MB)          :   821        2000      2000 

	Job terminated of its own accord at 2024-10-21T04:13:04Z with exit-code 0.
...
