000 (15556765.656.000) 10/21 05:59:06 Job submitted from host: <188.184.90.241:9618?addrs=188.184.90.241-9618+[2001-1458-201-e4--100-2eb]-9618&alias=bigbird15.cern.ch&noUDP&sock=schedd_25064_65d2>
...
040 (15556765.656.000) 10/21 06:06:34 Started transferring input files
	Transferring to host: <128.142.131.114:9618?addrs=128.142.131.114-9618+[2001-1458-301-59--100-66]-9618&alias=b9g11p5853.cern.ch&noUDP&sock=slot1_11_3053_dd55_56193>
...
040 (15556765.656.000) 10/21 06:06:34 Finished transferring input files
...
001 (15556765.656.000) 10/21 06:06:35 Job executing on host: <128.142.131.114:9618?addrs=128.142.131.114-9618+[2001-1458-301-59--100-66]-9618&alias=b9g11p5853.cern.ch&noUDP&sock=startd_2685_43e0>
	SlotName: slot1_11@b9g11p5853.cern.ch
	CondorScratchDir = "/pool/condor/dir_3630564"
	Cpus = 1
	Disk = 1739605
	Memory = 2000
...
006 (15556765.656.000) 10/21 06:06:44 Image size of job updated: 159952
	157  -  MemoryUsage of job (MB)
	159952  -  ResidentSetSize of job (KB)
...
006 (15556765.656.000) 10/21 06:11:46 Image size of job updated: 753648
	736  -  MemoryUsage of job (MB)
	753648  -  ResidentSetSize of job (KB)
...
040 (15556765.656.000) 10/21 06:15:00 Started transferring output files
...
040 (15556765.656.000) 10/21 06:15:00 Finished transferring output files
...
005 (15556765.656.000) 10/21 06:15:00 Job terminated.
	(1) Normal termination (return value 0)
		Usr 0 00:07:45, Sys 0 00:00:08  -  Run Remote Usage
		Usr 0 00:00:00, Sys 0 00:00:00  -  Run Local Usage
		Usr 0 00:07:45, Sys 0 00:00:08  -  Total Remote Usage
		Usr 0 00:00:00, Sys 0 00:00:00  -  Total Local Usage
	13046  -  Run Bytes Sent By Job
	229  -  Run Bytes Received By Job
	13046  -  Total Bytes Sent By Job
	229  -  Total Bytes Received By Job
	Partitionable Resources :    Usage  Request Allocated 
	   Cpus                 :     0.95        1         1 
	   Disk (KB)            :    54           1   1739605 
	   Memory (MB)          :   736        2000      2000 

	Job terminated of its own accord at 2024-10-21T04:15:00Z with exit-code 0.
...
