000 (15556765.479.000) 10/21 05:59:06 Job submitted from host: <188.184.90.241:9618?addrs=188.184.90.241-9618+[2001-1458-201-e4--100-2eb]-9618&alias=bigbird15.cern.ch&noUDP&sock=schedd_25064_65d2>
...
040 (15556765.479.000) 10/21 06:05:30 Started transferring input files
	Transferring to host: <188.185.192.50:9618?addrs=188.185.192.50-9618+[2001-1458-303-1f--100-2e]-9618&alias=b9p13p1639.cern.ch&noUDP&sock=slot1_4_4088277_bd42_70332>
...
040 (15556765.479.000) 10/21 06:05:30 Finished transferring input files
...
001 (15556765.479.000) 10/21 06:05:31 Job executing on host: <188.185.192.50:9618?addrs=188.185.192.50-9618+[2001-1458-303-1f--100-2e]-9618&alias=b9p13p1639.cern.ch&noUDP&sock=startd_128796_ebf3>
	SlotName: slot1_4@b9p13p1639.cern.ch
	CondorScratchDir = "/pool/condor/dir_3673013"
	Cpus = 1
	Disk = 2886088
	Memory = 2000
...
006 (15556765.479.000) 10/21 06:05:40 Image size of job updated: 2388
	2  -  MemoryUsage of job (MB)
	1604  -  ResidentSetSize of job (KB)
...
006 (15556765.479.000) 10/21 06:10:41 Image size of job updated: 758248
	738  -  MemoryUsage of job (MB)
	755480  -  ResidentSetSize of job (KB)
...
040 (15556765.479.000) 10/21 06:17:37 Started transferring output files
...
040 (15556765.479.000) 10/21 06:17:37 Finished transferring output files
...
005 (15556765.479.000) 10/21 06:17:37 Job terminated.
	(1) Normal termination (return value 0)
		Usr 0 00:07:09, Sys 0 00:00:06  -  Run Remote Usage
		Usr 0 00:00:00, Sys 0 00:00:00  -  Run Local Usage
		Usr 0 00:07:09, Sys 0 00:00:06  -  Total Remote Usage
		Usr 0 00:00:00, Sys 0 00:00:00  -  Total Local Usage
	14620  -  Run Bytes Sent By Job
	229  -  Run Bytes Received By Job
	14620  -  Total Bytes Sent By Job
	229  -  Total Bytes Received By Job
	Partitionable Resources :    Usage  Request Allocated 
	   Cpus                 :     0.66        1         1 
	   Disk (KB)            :    55           1   2886088 
	   Memory (MB)          :   738        2000      2000 

	Job terminated of its own accord at 2024-10-21T04:17:37Z with exit-code 0.
...
