000 (15556765.530.000) 10/21 05:59:06 Job submitted from host: <188.184.90.241:9618?addrs=188.184.90.241-9618+[2001-1458-201-e4--100-2eb]-9618&alias=bigbird15.cern.ch&noUDP&sock=schedd_25064_65d2>
...
040 (15556765.530.000) 10/21 06:05:48 Started transferring input files
	Transferring to host: <188.185.196.46:9618?addrs=188.185.196.46-9618+[2001-1458-303-23--100-2a]-9618&alias=b9p16p2943.cern.ch&noUDP&sock=slot1_22_10210_9e58_4196>
...
040 (15556765.530.000) 10/21 06:05:48 Finished transferring input files
...
001 (15556765.530.000) 10/21 06:05:49 Job executing on host: <188.185.196.46:9618?addrs=188.185.196.46-9618+[2001-1458-303-23--100-2a]-9618&alias=b9p16p2943.cern.ch&noUDP&sock=startd_9911_b33a>
	SlotName: slot1_22@b9p16p2943.cern.ch
	CondorScratchDir = "/pool/condor/dir_4007857"
	Cpus = 1
	Disk = 3861
	GPUs = 0
	Memory = 2000
...
006 (15556765.530.000) 10/21 06:05:57 Image size of job updated: 181288
	178  -  MemoryUsage of job (MB)
	181288  -  ResidentSetSize of job (KB)
...
006 (15556765.530.000) 10/21 06:10:57 Image size of job updated: 751936
	735  -  MemoryUsage of job (MB)
	751936  -  ResidentSetSize of job (KB)
...
006 (15556765.530.000) 10/21 06:15:58 Image size of job updated: 754300
	737  -  MemoryUsage of job (MB)
	754300  -  ResidentSetSize of job (KB)
...
040 (15556765.530.000) 10/21 06:18:52 Started transferring output files
...
040 (15556765.530.000) 10/21 06:18:52 Finished transferring output files
...
005 (15556765.530.000) 10/21 06:18:52 Job terminated.
	(1) Normal termination (return value 0)
		Usr 0 00:11:47, Sys 0 00:00:04  -  Run Remote Usage
		Usr 0 00:00:00, Sys 0 00:00:00  -  Run Local Usage
		Usr 0 00:11:47, Sys 0 00:00:04  -  Total Remote Usage
		Usr 0 00:00:00, Sys 0 00:00:00  -  Total Local Usage
	26425  -  Run Bytes Sent By Job
	229  -  Run Bytes Received By Job
	26425  -  Total Bytes Sent By Job
	229  -  Total Bytes Received By Job
	Partitionable Resources :    Usage  Request Allocated 
	   Cpus                 :     0.98        1         1 
	   Disk (KB)            :    68           1      3861 
	   GPUs                 :                           0 
	   Memory (MB)          :   737        2000      2000 

	Job terminated of its own accord at 2024-10-21T04:18:52Z with exit-code 0.
...
