000 (15556765.161.000) 10/21 05:59:05 Job submitted from host: <188.184.90.241:9618?addrs=188.184.90.241-9618+[2001-1458-201-e4--100-2eb]-9618&alias=bigbird15.cern.ch&noUDP&sock=schedd_25064_65d2>
...
040 (15556765.161.000) 10/21 06:00:40 Started transferring input files
	Transferring to host: <128.142.192.188:9618?addrs=128.142.192.188-9618+[2001-1458-301-56--100-38]-9618&alias=b9g18p1501.cern.ch&noUDP&sock=slot1_13_6582_5d45_7913>
...
040 (15556765.161.000) 10/21 06:00:40 Finished transferring input files
...
001 (15556765.161.000) 10/21 06:00:41 Job executing on host: <128.142.192.188:9618?addrs=128.142.192.188-9618+[2001-1458-301-56--100-38]-9618&alias=b9g18p1501.cern.ch&noUDP&sock=startd_5783_3c47>
	SlotName: slot1_13@b9g18p1501.cern.ch
	CondorScratchDir = "/pool/condor/dir_2004187"
	Cpus = 1
	Disk = 2953087
	Memory = 2000
...
006 (15556765.161.000) 10/21 06:00:50 Image size of job updated: 150012
	147  -  MemoryUsage of job (MB)
	149956  -  ResidentSetSize of job (KB)
...
006 (15556765.161.000) 10/21 06:05:51 Image size of job updated: 1019004
	993  -  MemoryUsage of job (MB)
	1016384  -  ResidentSetSize of job (KB)
...
040 (15556765.161.000) 10/21 06:08:18 Started transferring output files
...
040 (15556765.161.000) 10/21 06:08:18 Finished transferring output files
...
005 (15556765.161.000) 10/21 06:08:18 Job terminated.
	(1) Normal termination (return value 0)
		Usr 0 00:06:35, Sys 0 00:00:08  -  Run Remote Usage
		Usr 0 00:00:00, Sys 0 00:00:00  -  Run Local Usage
		Usr 0 00:06:35, Sys 0 00:00:08  -  Total Remote Usage
		Usr 0 00:00:00, Sys 0 00:00:00  -  Total Local Usage
	6170  -  Run Bytes Sent By Job
	229  -  Run Bytes Received By Job
	6170  -  Total Bytes Sent By Job
	229  -  Total Bytes Received By Job
	Partitionable Resources :    Usage  Request Allocated 
	   Cpus                 :        0        1         1 
	   Disk (KB)            :       47        1   2953087 
	   Memory (MB)          :      993     2000      2000 

	Job terminated of its own accord at 2024-10-21T04:08:18Z with exit-code 0.
...
