000 (15556765.244.000) 10/21 05:59:05 Job submitted from host: <188.184.90.241:9618?addrs=188.184.90.241-9618+[2001-1458-201-e4--100-2eb]-9618&alias=bigbird15.cern.ch&noUDP&sock=schedd_25064_65d2>
...
040 (15556765.244.000) 10/21 06:01:11 Started transferring input files
	Transferring to host: <188.185.194.179:9618?addrs=188.185.194.179-9618+[2001-1458-303-21--100-af]-9618&alias=b9p20p2191.cern.ch&noUDP&sock=slot1_21_5833_a046_59230>
...
040 (15556765.244.000) 10/21 06:01:11 Finished transferring input files
...
001 (15556765.244.000) 10/21 06:01:12 Job executing on host: <188.185.194.179:9618?addrs=188.185.194.179-9618+[2001-1458-303-21--100-af]-9618&alias=b9p20p2191.cern.ch&noUDP&sock=startd_4822_11c4>
	SlotName: slot1_21@b9p20p2191.cern.ch
	CondorScratchDir = "/pool/condor/dir_1018246"
	Cpus = 1
	Disk = 3019414
	Memory = 2000
...
006 (15556765.244.000) 10/21 06:01:22 Image size of job updated: 212792
	208  -  MemoryUsage of job (MB)
	212792  -  ResidentSetSize of job (KB)
...
006 (15556765.244.000) 10/21 06:06:22 Image size of job updated: 961732
	936  -  MemoryUsage of job (MB)
	958132  -  ResidentSetSize of job (KB)
...
006 (15556765.244.000) 10/21 06:11:22 Image size of job updated: 961732
	936  -  MemoryUsage of job (MB)
	958312  -  ResidentSetSize of job (KB)
...
006 (15556765.244.000) 10/21 06:16:23 Image size of job updated: 961732
	936  -  MemoryUsage of job (MB)
	958440  -  ResidentSetSize of job (KB)
...
040 (15556765.244.000) 10/21 06:21:23 Started transferring output files
...
040 (15556765.244.000) 10/21 06:21:23 Finished transferring output files
...
009 (15556765.244.000) 10/21 06:21:23 Job was aborted.
	Job removed by SYSTEM_PERIODIC_REMOVE due to wall time exceeded allowed max.
...
