000 (15556765.605.000) 10/21 05:59:06 Job submitted from host: <188.184.90.241:9618?addrs=188.184.90.241-9618+[2001-1458-201-e4--100-2eb]-9618&alias=bigbird15.cern.ch&noUDP&sock=schedd_25064_65d2>
...
040 (15556765.605.000) 10/21 06:06:16 Started transferring input files
	Transferring to host: <188.185.195.179:9618?addrs=188.185.195.179-9618+[2001-1458-303-22--100-af]-9618&alias=b9p17p1955.cern.ch&noUDP&sock=slot1_13_10627_6ec9_3233>
...
040 (15556765.605.000) 10/21 06:06:16 Finished transferring input files
...
001 (15556765.605.000) 10/21 06:06:17 Job executing on host: <188.185.195.179:9618?addrs=188.185.195.179-9618+[2001-1458-303-22--100-af]-9618&alias=b9p17p1955.cern.ch&noUDP&sock=startd_10261_c560>
	SlotName: slot1_13@b9p17p1955.cern.ch
	CondorScratchDir = "/pool/condor/dir_305343"
	Cpus = 1
	Disk = 3945
	GPUs = 0
	Memory = 2000
...
006 (15556765.605.000) 10/21 06:06:25 Image size of job updated: 783464
	766  -  MemoryUsage of job (MB)
	783464  -  ResidentSetSize of job (KB)
...
006 (15556765.605.000) 10/21 06:11:25 Image size of job updated: 1664808
	1626  -  MemoryUsage of job (MB)
	1664808  -  ResidentSetSize of job (KB)
...
006 (15556765.605.000) 10/21 06:16:25 Image size of job updated: 1665432
	1627  -  MemoryUsage of job (MB)
	1665432  -  ResidentSetSize of job (KB)
...
040 (15556765.605.000) 10/21 06:20:38 Started transferring output files
...
040 (15556765.605.000) 10/21 06:20:38 Finished transferring output files
...
005 (15556765.605.000) 10/21 06:20:38 Job terminated.
	(1) Normal termination (return value 0)
		Usr 0 00:12:38, Sys 0 00:00:05  -  Run Remote Usage
		Usr 0 00:00:00, Sys 0 00:00:00  -  Run Local Usage
		Usr 0 00:12:38, Sys 0 00:00:05  -  Total Remote Usage
		Usr 0 00:00:00, Sys 0 00:00:00  -  Total Local Usage
	33244  -  Run Bytes Sent By Job
	229  -  Run Bytes Received By Job
	33244  -  Total Bytes Sent By Job
	229  -  Total Bytes Received By Job
	Partitionable Resources :    Usage  Request Allocated 
	   Cpus                 :     0.95        1         1 
	   Disk (KB)            :    74           1      3945 
	   GPUs                 :                           0 
	   Memory (MB)          :  1627        2000      2000 

	Job terminated of its own accord at 2024-10-21T04:20:38Z with exit-code 0.
...
