000 (15556765.347.000) 10/21 05:59:06 Job submitted from host: <188.184.90.241:9618?addrs=188.184.90.241-9618+[2001-1458-201-e4--100-2eb]-9618&alias=bigbird15.cern.ch&noUDP&sock=schedd_25064_65d2>
...
040 (15556765.347.000) 10/21 06:01:49 Started transferring input files
	Transferring to host: <188.185.193.120:9618?addrs=188.185.193.120-9618+[2001-1458-303-20--100-74]-9618&alias=b9p19p7803.cern.ch&noUDP&sock=slot1_11_11215_bb61_3114>
...
040 (15556765.347.000) 10/21 06:01:49 Finished transferring input files
...
001 (15556765.347.000) 10/21 06:01:50 Job executing on host: <188.185.193.120:9618?addrs=188.185.193.120-9618+[2001-1458-303-20--100-74]-9618&alias=b9p19p7803.cern.ch&noUDP&sock=startd_11080_8971>
	SlotName: slot1_11@b9p19p7803.cern.ch
	CondorScratchDir = "/pool/condor/dir_1298962"
	Cpus = 1
	Disk = 3826
	GPUs = 0
	Memory = 2000
...
006 (15556765.347.000) 10/21 06:01:59 Image size of job updated: 515880
	504  -  MemoryUsage of job (MB)
	515880  -  ResidentSetSize of job (KB)
...
006 (15556765.347.000) 10/21 06:06:59 Image size of job updated: 1655400
	1617  -  MemoryUsage of job (MB)
	1655400  -  ResidentSetSize of job (KB)
...
040 (15556765.347.000) 10/21 06:11:44 Started transferring output files
...
040 (15556765.347.000) 10/21 06:11:44 Finished transferring output files
...
005 (15556765.347.000) 10/21 06:11:44 Job terminated.
	(1) Normal termination (return value 0)
		Usr 0 00:06:27, Sys 0 00:00:07  -  Run Remote Usage
		Usr 0 00:00:00, Sys 0 00:00:00  -  Run Local Usage
		Usr 0 00:06:27, Sys 0 00:00:07  -  Total Remote Usage
		Usr 0 00:00:00, Sys 0 00:00:00  -  Total Local Usage
	11606  -  Run Bytes Sent By Job
	229  -  Run Bytes Received By Job
	11606  -  Total Bytes Sent By Job
	229  -  Total Bytes Received By Job
	Partitionable Resources :    Usage  Request Allocated 
	   Cpus                 :        0        1         1 
	   Disk (KB)            :       53        1      3826 
	   GPUs                 :                           0 
	   Memory (MB)          :     1617     2000      2000 

	Job terminated of its own accord at 2024-10-21T04:11:44Z with exit-code 0.
...
