000 (15556765.534.000) 10/21 05:59:06 Job submitted from host: <188.184.90.241:9618?addrs=188.184.90.241-9618+[2001-1458-201-e4--100-2eb]-9618&alias=bigbird15.cern.ch&noUDP&sock=schedd_25064_65d2>
...
040 (15556765.534.000) 10/21 06:05:50 Started transferring input files
	Transferring to host: <128.142.51.211:9618?addrs=128.142.51.211-9618+[2001-1458-301-3--100-10]-9618&alias=b9g02p0513.cern.ch&noUDP&sock=slot1_10_8380_37ce_3399>
...
040 (15556765.534.000) 10/21 06:05:50 Finished transferring input files
...
001 (15556765.534.000) 10/21 06:05:51 Job executing on host: <128.142.51.211:9618?addrs=128.142.51.211-9618+[2001-1458-301-3--100-10]-9618&alias=b9g02p0513.cern.ch&noUDP&sock=startd_6899_b7f8>
	SlotName: slot1_10@b9g02p0513.cern.ch
	CondorScratchDir = "/pool/condor/dir_2234001"
	Cpus = 1
	Disk = 3740
	GPUs = 0
	Memory = 2000
...
006 (15556765.534.000) 10/21 06:06:00 Image size of job updated: 622048
	608  -  MemoryUsage of job (MB)
	622048  -  ResidentSetSize of job (KB)
...
006 (15556765.534.000) 10/21 06:11:01 Image size of job updated: 1727516
	1688  -  MemoryUsage of job (MB)
	1727516  -  ResidentSetSize of job (KB)
...
006 (15556765.534.000) 10/21 06:16:01 Image size of job updated: 1742272
	1702  -  MemoryUsage of job (MB)
	1742272  -  ResidentSetSize of job (KB)
...
040 (15556765.534.000) 10/21 06:26:02 Started transferring output files
...
040 (15556765.534.000) 10/21 06:26:02 Finished transferring output files
...
009 (15556765.534.000) 10/21 06:26:02 Job was aborted.
	Job removed by SYSTEM_PERIODIC_REMOVE due to wall time exceeded allowed max.
...
