000 (15556765.496.000) 10/21 05:59:06 Job submitted from host: <188.184.90.241:9618?addrs=188.184.90.241-9618+[2001-1458-201-e4--100-2eb]-9618&alias=bigbird15.cern.ch&noUDP&sock=schedd_25064_65d2>
...
040 (15556765.496.000) 10/21 06:05:38 Started transferring input files
	Transferring to host: <188.185.192.44:9618?addrs=188.185.192.44-9618+[2001-1458-303-1f--100-28]-9618&alias=b9p13p9542.cern.ch&noUDP&sock=slot1_15_2209510_6d32_23110>
...
040 (15556765.496.000) 10/21 06:05:38 Finished transferring input files
...
001 (15556765.496.000) 10/21 06:05:39 Job executing on host: <188.185.192.44:9618?addrs=188.185.192.44-9618+[2001-1458-303-1f--100-28]-9618&alias=b9p13p9542.cern.ch&noUDP&sock=startd_128681_0a8f>
	SlotName: slot1_15@b9p13p9542.cern.ch
	CondorScratchDir = "/pool/condor/dir_653705"
	Cpus = 1
	Disk = 3002708
	Memory = 2000
...
006 (15556765.496.000) 10/21 06:05:47 Image size of job updated: 681924
	666  -  MemoryUsage of job (MB)
	681924  -  ResidentSetSize of job (KB)
...
006 (15556765.496.000) 10/21 06:10:47 Image size of job updated: 1866084
	1815  -  MemoryUsage of job (MB)
	1858116  -  ResidentSetSize of job (KB)
...
040 (15556765.496.000) 10/21 06:14:43 Started transferring output files
...
040 (15556765.496.000) 10/21 06:14:43 Finished transferring output files
...
005 (15556765.496.000) 10/21 06:14:43 Job terminated.
	(1) Normal termination (return value 0)
		Usr 0 00:07:40, Sys 0 00:00:07  -  Run Remote Usage
		Usr 0 00:00:00, Sys 0 00:00:00  -  Run Local Usage
		Usr 0 00:07:40, Sys 0 00:00:07  -  Total Remote Usage
		Usr 0 00:00:00, Sys 0 00:00:00  -  Total Local Usage
	14179  -  Run Bytes Sent By Job
	229  -  Run Bytes Received By Job
	14179  -  Total Bytes Sent By Job
	229  -  Total Bytes Received By Job
	Partitionable Resources :    Usage  Request Allocated 
	   Cpus                 :        0        1         1 
	   Disk (KB)            :       55        1   3002708 
	   Memory (MB)          :     1815     2000      2000 

	Job terminated of its own accord at 2024-10-21T04:14:43Z with exit-code 0.
...
