000 (15556765.418.000) 10/21 05:59:06 Job submitted from host: <188.184.90.241:9618?addrs=188.184.90.241-9618+[2001-1458-201-e4--100-2eb]-9618&alias=bigbird15.cern.ch&noUDP&sock=schedd_25064_65d2>
...
040 (15556765.418.000) 10/21 06:03:39 Started transferring input files
	Transferring to host: <188.185.209.149:9618?addrs=188.185.209.149-9618+[2001-1458-303-12--100-12]-9618&alias=b9p12p1627.cern.ch&noUDP&sock=slot1_33_38568_6519_132901>
...
040 (15556765.418.000) 10/21 06:03:39 Finished transferring input files
...
001 (15556765.418.000) 10/21 06:03:40 Job executing on host: <188.185.209.149:9618?addrs=188.185.209.149-9618+[2001-1458-303-12--100-12]-9618&alias=b9p12p1627.cern.ch&noUDP&sock=startd_37502_d4c9>
	SlotName: slot1_33@b9p12p1627.cern.ch
	CondorScratchDir = "/pool/condor/dir_1220253"
	Cpus = 1
	Disk = 2433375
	Memory = 2000
...
006 (15556765.418.000) 10/21 06:03:49 Image size of job updated: 197272
	193  -  MemoryUsage of job (MB)
	197272  -  ResidentSetSize of job (KB)
...
006 (15556765.418.000) 10/21 06:08:50 Image size of job updated: 791428
	772  -  MemoryUsage of job (MB)
	789644  -  ResidentSetSize of job (KB)
...
006 (15556765.418.000) 10/21 06:12:19 Image size of job updated: 791756
	772  -  MemoryUsage of job (MB)
	789644  -  ResidentSetSize of job (KB)
...
040 (15556765.418.000) 10/21 06:12:19 Started transferring output files
...
040 (15556765.418.000) 10/21 06:12:19 Finished transferring output files
...
005 (15556765.418.000) 10/21 06:12:19 Job terminated.
	(1) Normal termination (return value 0)
		Usr 0 00:05:19, Sys 0 00:00:06  -  Run Remote Usage
		Usr 0 00:00:00, Sys 0 00:00:00  -  Run Local Usage
		Usr 0 00:05:19, Sys 0 00:00:06  -  Total Remote Usage
		Usr 0 00:00:00, Sys 0 00:00:00  -  Total Local Usage
	13844  -  Run Bytes Sent By Job
	229  -  Run Bytes Received By Job
	13844  -  Total Bytes Sent By Job
	229  -  Total Bytes Received By Job
	Partitionable Resources :    Usage  Request Allocated 
	   Cpus                 :     0.88        1         1 
	   Disk (KB)            :    56           1   2433375 
	   Memory (MB)          :   772        2000      2000 

	Job terminated of its own accord at 2024-10-21T04:12:19Z with exit-code 0.
...
