000 (15556765.033.000) 10/21 05:59:05 Job submitted from host: <188.184.90.241:9618?addrs=188.184.90.241-9618+[2001-1458-201-e4--100-2eb]-9618&alias=bigbird15.cern.ch&noUDP&sock=schedd_25064_65d2>
...
040 (15556765.033.000) 10/21 05:59:59 Started transferring input files
	Transferring to host: <188.185.198.74:9618?addrs=188.185.198.74-9618+[2001-1458-303-25--100-46]-9618&alias=b9p15p6018.cern.ch&noUDP&sock=slot1_28_9334_65b5_3487>
...
040 (15556765.033.000) 10/21 05:59:59 Finished transferring input files
...
001 (15556765.033.000) 10/21 06:00:00 Job executing on host: <188.185.198.74:9618?addrs=188.185.198.74-9618+[2001-1458-303-25--100-46]-9618&alias=b9p15p6018.cern.ch&noUDP&sock=startd_9210_df57>
	SlotName: slot1_28@b9p15p6018.cern.ch
	CondorScratchDir = "/pool/condor/dir_1602675"
	Cpus = 1
	Disk = 3873
	GPUs = 0
	Memory = 2000
...
006 (15556765.033.000) 10/21 06:00:08 Image size of job updated: 556760
	544  -  MemoryUsage of job (MB)
	556760  -  ResidentSetSize of job (KB)
...
006 (15556765.033.000) 10/21 06:05:07 Image size of job updated: 1558844
	1523  -  MemoryUsage of job (MB)
	1558844  -  ResidentSetSize of job (KB)
...
040 (15556765.033.000) 10/21 06:05:07 Started transferring output files
...
040 (15556765.033.000) 10/21 06:05:07 Finished transferring output files
...
005 (15556765.033.000) 10/21 06:05:07 Job terminated.
	(1) Normal termination (return value 0)
		Usr 0 00:02:30, Sys 0 00:00:07  -  Run Remote Usage
		Usr 0 00:00:00, Sys 0 00:00:00  -  Run Local Usage
		Usr 0 00:02:30, Sys 0 00:00:07  -  Total Remote Usage
		Usr 0 00:00:00, Sys 0 00:00:00  -  Total Local Usage
	2536  -  Run Bytes Sent By Job
	229  -  Run Bytes Received By Job
	2536  -  Total Bytes Sent By Job
	229  -  Total Bytes Received By Job
	Partitionable Resources :    Usage  Request Allocated 
	   Cpus                 :     0.55        1         1 
	   Disk (KB)            :    44           1      3873 
	   GPUs                 :                           0 
	   Memory (MB)          :  1523        2000      2000 

	Job terminated of its own accord at 2024-10-21T04:05:07Z with exit-code 0.
...
000 (15556766.033.000) 10/21 07:29:08 Job submitted from host: <188.184.90.241:9618?addrs=188.184.90.241-9618+[2001-1458-201-e4--100-2eb]-9618&alias=bigbird15.cern.ch&noUDP&sock=schedd_25064_65d2>
...
040 (15556766.033.000) 10/21 07:30:07 Started transferring input files
	Transferring to host: <188.185.194.138:9618?addrs=188.185.194.138-9618+[2001-1458-303-21--100-86]-9618&alias=b9p20p8030.cern.ch&noUDP&sock=slot1_14_9162_352e_3267>
...
040 (15556766.033.000) 10/21 07:30:07 Finished transferring input files
...
001 (15556766.033.000) 10/21 07:30:08 Job executing on host: <188.185.194.138:9618?addrs=188.185.194.138-9618+[2001-1458-303-21--100-86]-9618&alias=b9p20p8030.cern.ch&noUDP&sock=startd_7711_aedf>
	SlotName: slot1_14@b9p20p8030.cern.ch
	CondorScratchDir = "/pool/condor/dir_1389839"
	Cpus = 1
	Disk = 3807
	GPUs = 0
	Memory = 2000
...
006 (15556766.033.000) 10/21 07:30:17 Image size of job updated: 362728
	355  -  MemoryUsage of job (MB)
	362728  -  ResidentSetSize of job (KB)
...
006 (15556766.033.000) 10/21 07:35:17 Image size of job updated: 2326088
	2272  -  MemoryUsage of job (MB)
	2326088  -  ResidentSetSize of job (KB)
...
006 (15556766.033.000) 10/21 07:40:17 Image size of job updated: 2336804
	2283  -  MemoryUsage of job (MB)
	2336804  -  ResidentSetSize of job (KB)
...
040 (15556766.033.000) 10/21 07:50:18 Started transferring output files
...
040 (15556766.033.000) 10/21 07:50:18 Finished transferring output files
...
009 (15556766.033.000) 10/21 07:50:18 Job was aborted.
	Job removed by SYSTEM_PERIODIC_REMOVE due to wall time exceeded allowed max.
...
