000 (15556765.258.000) 10/21 05:59:05 Job submitted from host: <188.184.90.241:9618?addrs=188.184.90.241-9618+[2001-1458-201-e4--100-2eb]-9618&alias=bigbird15.cern.ch&noUDP&sock=schedd_25064_65d2>
...
040 (15556765.258.000) 10/21 06:01:16 Started transferring input files
	Transferring to host: <188.185.214.75:9618?addrs=188.185.214.75-9618+[2001-1458-303-1c--100-47]-9618&alias=b9p29p5305.cern.ch&noUDP&sock=slot1_9_4678_d2f7_5736>
...
040 (15556765.258.000) 10/21 06:01:16 Finished transferring input files
...
001 (15556765.258.000) 10/21 06:01:17 Job executing on host: <188.185.214.75:9618?addrs=188.185.214.75-9618+[2001-1458-303-1c--100-47]-9618&alias=b9p29p5305.cern.ch&noUDP&sock=startd_3906_c503>
	SlotName: slot1_9@b9p29p5305.cern.ch
	CondorScratchDir = "/pool/condor/dir_749607"
	Cpus = 1
	Disk = 3774
	GPUs = 0
	Memory = 2000
...
006 (15556765.258.000) 10/21 06:01:26 Image size of job updated: 171676
	168  -  MemoryUsage of job (MB)
	171676  -  ResidentSetSize of job (KB)
...
006 (15556765.258.000) 10/21 06:06:27 Image size of job updated: 961504
	939  -  MemoryUsage of job (MB)
	961504  -  ResidentSetSize of job (KB)
...
006 (15556765.258.000) 10/21 06:11:27 Image size of job updated: 962244
	940  -  MemoryUsage of job (MB)
	962244  -  ResidentSetSize of job (KB)
...
040 (15556765.258.000) 10/21 06:21:29 Started transferring output files
...
040 (15556765.258.000) 10/21 06:21:29 Finished transferring output files
...
009 (15556765.258.000) 10/21 06:21:29 Job was aborted.
	Job removed by SYSTEM_PERIODIC_REMOVE due to wall time exceeded allowed max.
...
