000 (15556765.429.000) 10/21 05:59:06 Job submitted from host: <188.184.90.241:9618?addrs=188.184.90.241-9618+[2001-1458-201-e4--100-2eb]-9618&alias=bigbird15.cern.ch&noUDP&sock=schedd_25064_65d2>
...
040 (15556765.429.000) 10/21 06:04:24 Started transferring input files
	Transferring to host: <188.185.206.155:9618?addrs=188.185.206.155-9618+[2001-1458-303-c--100-18]-9618&alias=b9p06p0477.cern.ch&noUDP&sock=slot1_30_64959_3deb_193608>
...
040 (15556765.429.000) 10/21 06:04:24 Finished transferring input files
...
001 (15556765.429.000) 10/21 06:04:25 Job executing on host: <188.185.206.155:9618?addrs=188.185.206.155-9618+[2001-1458-303-c--100-18]-9618&alias=b9p06p0477.cern.ch&noUDP&sock=startd_3311_a62a>
	SlotName: slot1_30@b9p06p0477.cern.ch
	CondorScratchDir = "/pool/condor/dir_415483"
	Cpus = 1
	Disk = 2552634
	Memory = 2000
...
006 (15556765.429.000) 10/21 06:04:34 Image size of job updated: 167488
	163  -  MemoryUsage of job (MB)
	166760  -  ResidentSetSize of job (KB)
...
006 (15556765.429.000) 10/21 06:08:20 Image size of job updated: 753828
	163  -  MemoryUsage of job (MB)
	166760  -  ResidentSetSize of job (KB)
...
040 (15556765.429.000) 10/21 06:08:21 Started transferring output files
...
040 (15556765.429.000) 10/21 06:08:21 Finished transferring output files
...
005 (15556765.429.000) 10/21 06:08:21 Job terminated.
	(1) Normal termination (return value 0)
		Usr 0 00:03:03, Sys 0 00:00:05  -  Run Remote Usage
		Usr 0 00:00:00, Sys 0 00:00:00  -  Run Local Usage
		Usr 0 00:03:03, Sys 0 00:00:05  -  Total Remote Usage
		Usr 0 00:00:00, Sys 0 00:00:00  -  Total Local Usage
	8734  -  Run Bytes Sent By Job
	229  -  Run Bytes Received By Job
	8734  -  Total Bytes Sent By Job
	229  -  Total Bytes Received By Job
	Partitionable Resources :    Usage  Request Allocated 
	   Cpus                 :        0        1         1 
	   Disk (KB)            :       54        1   2552634 
	   Memory (MB)          :      163     2000      2000 

	Job terminated of its own accord at 2024-10-21T04:08:20Z with exit-code 0.
...
