000 (15556765.214.000) 10/21 05:59:05 Job submitted from host: <188.184.90.241:9618?addrs=188.184.90.241-9618+[2001-1458-201-e4--100-2eb]-9618&alias=bigbird15.cern.ch&noUDP&sock=schedd_25064_65d2>
...
040 (15556765.214.000) 10/21 06:00:59 Started transferring input files
	Transferring to host: <188.185.192.58:9618?addrs=188.185.192.58-9618+[2001-1458-303-1f--100-36]-9618&alias=b9p13p3997.cern.ch&noUDP&sock=slot1_28_11214_0701_3903>
...
040 (15556765.214.000) 10/21 06:00:59 Finished transferring input files
...
001 (15556765.214.000) 10/21 06:01:00 Job executing on host: <188.185.192.58:9618?addrs=188.185.192.58-9618+[2001-1458-303-1f--100-36]-9618&alias=b9p13p3997.cern.ch&noUDP&sock=startd_11165_d6fd>
	SlotName: slot1_28@b9p13p3997.cern.ch
	CondorScratchDir = "/pool/condor/dir_2489460"
	Cpus = 1
	Disk = 3790
	GPUs = 0
	Memory = 2000
...
006 (15556765.214.000) 10/21 06:01:09 Image size of job updated: 244512
	239  -  MemoryUsage of job (MB)
	244512  -  ResidentSetSize of job (KB)
...
006 (15556765.214.000) 10/21 06:06:10 Image size of job updated: 957408
	935  -  MemoryUsage of job (MB)
	957408  -  ResidentSetSize of job (KB)
...
006 (15556765.214.000) 10/21 06:11:10 Image size of job updated: 957660
	936  -  MemoryUsage of job (MB)
	957660  -  ResidentSetSize of job (KB)
...
006 (15556765.214.000) 10/21 06:16:10 Image size of job updated: 957960
	936  -  MemoryUsage of job (MB)
	957960  -  ResidentSetSize of job (KB)
...
040 (15556765.214.000) 10/21 06:21:10 Started transferring output files
...
040 (15556765.214.000) 10/21 06:21:10 Finished transferring output files
...
009 (15556765.214.000) 10/21 06:21:10 Job was aborted.
	Job removed by SYSTEM_PERIODIC_REMOVE due to wall time exceeded allowed max.
...
