000 (15556765.135.000) 10/21 05:59:05 Job submitted from host: <188.184.90.241:9618?addrs=188.184.90.241-9618+[2001-1458-201-e4--100-2eb]-9618&alias=bigbird15.cern.ch&noUDP&sock=schedd_25064_65d2>
...
040 (15556765.135.000) 10/21 06:00:32 Started transferring input files
	Transferring to host: <128.142.161.146:9618?addrs=128.142.161.146-9618+[2001-1458-301-b9--100-f]-9618&alias=b9g03p9555.cern.ch&noUDP&sock=slot1_14_345616_7cdf_4256>
...
040 (15556765.135.000) 10/21 06:00:32 Finished transferring input files
...
001 (15556765.135.000) 10/21 06:00:33 Job executing on host: <128.142.161.146:9618?addrs=128.142.161.146-9618+[2001-1458-301-b9--100-f]-9618&alias=b9g03p9555.cern.ch&noUDP&sock=startd_6265_d8ed>
	SlotName: slot1_14@b9g03p9555.cern.ch
	CondorScratchDir = "/pool/condor/dir_3401693"
	Cpus = 1
	Disk = 3131745
	Memory = 2000
...
006 (15556765.135.000) 10/21 06:00:42 Image size of job updated: 2908
	3  -  MemoryUsage of job (MB)
	2096  -  ResidentSetSize of job (KB)
...
006 (15556765.135.000) 10/21 06:05:15 Image size of job updated: 2206288
	1222  -  MemoryUsage of job (MB)
	1250560  -  ResidentSetSize of job (KB)
...
040 (15556765.135.000) 10/21 06:05:15 Started transferring output files
...
040 (15556765.135.000) 10/21 06:05:15 Finished transferring output files
...
005 (15556765.135.000) 10/21 06:05:15 Job terminated.
	(1) Normal termination (return value 0)
		Usr 0 00:03:11, Sys 0 00:00:06  -  Run Remote Usage
		Usr 0 00:00:00, Sys 0 00:00:00  -  Run Local Usage
		Usr 0 00:03:11, Sys 0 00:00:06  -  Total Remote Usage
		Usr 0 00:00:00, Sys 0 00:00:00  -  Total Local Usage
	4185  -  Run Bytes Sent By Job
	229  -  Run Bytes Received By Job
	4185  -  Total Bytes Sent By Job
	229  -  Total Bytes Received By Job
	Partitionable Resources :    Usage  Request Allocated 
	   Cpus                 :        0        1         1 
	   Disk (KB)            :       45        1   3131745 
	   Memory (MB)          :     1222     2000      2000 

	Job terminated of its own accord at 2024-10-21T04:05:15Z with exit-code 0.
...
