000 (15556765.601.000) 10/21 05:59:06 Job submitted from host: <188.184.90.241:9618?addrs=188.184.90.241-9618+[2001-1458-201-e4--100-2eb]-9618&alias=bigbird15.cern.ch&noUDP&sock=schedd_25064_65d2>
...
040 (15556765.601.000) 10/21 06:06:14 Started transferring input files
	Transferring to host: <188.185.198.17:9618?addrs=188.185.198.17-9618+[2001-1458-303-25--100-d]-9618&alias=b9p15p7288.cern.ch&noUDP&sock=slot1_20_11441_f82a_26578>
...
040 (15556765.601.000) 10/21 06:06:14 Finished transferring input files
...
001 (15556765.601.000) 10/21 06:06:16 Job executing on host: <188.185.198.17:9618?addrs=188.185.198.17-9618+[2001-1458-303-25--100-d]-9618&alias=b9p15p7288.cern.ch&noUDP&sock=startd_10832_6df4>
	SlotName: slot1_20@b9p15p7288.cern.ch
	CondorScratchDir = "/pool/condor/dir_799043"
	Cpus = 1
	Disk = 2986903
	Memory = 2000
...
006 (15556765.601.000) 10/21 06:06:24 Image size of job updated: 491092
	480  -  MemoryUsage of job (MB)
	491092  -  ResidentSetSize of job (KB)
...
006 (15556765.601.000) 10/21 06:11:24 Image size of job updated: 1767428
	1723  -  MemoryUsage of job (MB)
	1763992  -  ResidentSetSize of job (KB)
...
006 (15556765.601.000) 10/21 06:16:25 Image size of job updated: 1781228
	1736  -  MemoryUsage of job (MB)
	1777548  -  ResidentSetSize of job (KB)
...
006 (15556765.601.000) 10/21 06:21:26 Image size of job updated: 1781532
	1736  -  MemoryUsage of job (MB)
	1777552  -  ResidentSetSize of job (KB)
...
006 (15556765.601.000) 10/21 06:26:26 Image size of job updated: 1782256
	1738  -  MemoryUsage of job (MB)
	1779028  -  ResidentSetSize of job (KB)
...
040 (15556765.601.000) 10/21 06:26:26 Started transferring output files
...
040 (15556765.601.000) 10/21 06:26:26 Finished transferring output files
...
009 (15556765.601.000) 10/21 06:26:26 Job was aborted.
	Job removed by SYSTEM_PERIODIC_REMOVE due to wall time exceeded allowed max.
...
