000 (15556765.507.000) 10/21 05:59:06 Job submitted from host: <188.184.90.241:9618?addrs=188.184.90.241-9618+[2001-1458-201-e4--100-2eb]-9618&alias=bigbird15.cern.ch&noUDP&sock=schedd_25064_65d2>
...
040 (15556765.507.000) 10/21 06:05:40 Started transferring input files
	Transferring to host: <188.185.192.52:9618?addrs=188.185.192.52-9618+[2001-1458-303-1f--100-30]-9618&alias=b9p13p3561.cern.ch&noUDP&sock=slot1_3_2144738_b168_71152>
...
040 (15556765.507.000) 10/21 06:05:40 Finished transferring input files
...
001 (15556765.507.000) 10/21 06:05:41 Job executing on host: <188.185.192.52:9618?addrs=188.185.192.52-9618+[2001-1458-303-1f--100-30]-9618&alias=b9p13p3561.cern.ch&noUDP&sock=startd_128805_184d>
	SlotName: slot1_3@b9p13p3561.cern.ch
	CondorScratchDir = "/pool/condor/dir_2030051"
	Cpus = 1
	Disk = 2859322
	Memory = 2000
...
006 (15556765.507.000) 10/21 06:05:50 Image size of job updated: 3276
	3  -  MemoryUsage of job (MB)
	2412  -  ResidentSetSize of job (KB)
...
006 (15556765.507.000) 10/21 06:10:51 Image size of job updated: 2389580
	2332  -  MemoryUsage of job (MB)
	2387372  -  ResidentSetSize of job (KB)
...
040 (15556765.507.000) 10/21 06:19:15 Started transferring output files
...
040 (15556765.507.000) 10/21 06:19:15 Finished transferring output files
...
005 (15556765.507.000) 10/21 06:19:15 Job terminated.
	(1) Normal termination (return value 0)
		Usr 0 00:08:32, Sys 0 00:00:09  -  Run Remote Usage
		Usr 0 00:00:00, Sys 0 00:00:00  -  Run Local Usage
		Usr 0 00:08:32, Sys 0 00:00:09  -  Total Remote Usage
		Usr 0 00:00:00, Sys 0 00:00:00  -  Total Local Usage
	13394  -  Run Bytes Sent By Job
	229  -  Run Bytes Received By Job
	13394  -  Total Bytes Sent By Job
	229  -  Total Bytes Received By Job
	Partitionable Resources :    Usage  Request Allocated 
	   Cpus                 :        0        1         1 
	   Disk (KB)            :       54        1   2859322 
	   Memory (MB)          :     2332     2000      2000 

	Job terminated of its own accord at 2024-10-21T04:19:15Z with exit-code 0.
...
