000 (15556765.179.000) 10/21 05:59:05 Job submitted from host: <188.184.90.241:9618?addrs=188.184.90.241-9618+[2001-1458-201-e4--100-2eb]-9618&alias=bigbird15.cern.ch&noUDP&sock=schedd_25064_65d2>
...
040 (15556765.179.000) 10/21 06:00:46 Started transferring input files
	Transferring to host: <188.185.205.60:9618?addrs=188.185.205.60-9618+[2001-1458-303-9--100-b0]-9618&alias=b9p03p2417.cern.ch&noUDP&sock=slot1_15_3722_3c50_186653>
...
040 (15556765.179.000) 10/21 06:00:46 Finished transferring input files
...
001 (15556765.179.000) 10/21 06:00:47 Job executing on host: <188.185.205.60:9618?addrs=188.185.205.60-9618+[2001-1458-303-9--100-b0]-9618&alias=b9p03p2417.cern.ch&noUDP&sock=startd_3355_d454>
	SlotName: slot1_15@b9p03p2417.cern.ch
	CondorScratchDir = "/pool/condor/dir_2237174"
	Cpus = 1
	Disk = 2862925
	Memory = 2000
...
006 (15556765.179.000) 10/21 06:00:56 Image size of job updated: 154964
	152  -  MemoryUsage of job (MB)
	154956  -  ResidentSetSize of job (KB)
...
006 (15556765.179.000) 10/21 06:05:57 Image size of job updated: 1000440
	977  -  MemoryUsage of job (MB)
	999668  -  ResidentSetSize of job (KB)
...
006 (15556765.179.000) 10/21 06:08:11 Image size of job updated: 1001648
	977  -  MemoryUsage of job (MB)
	999668  -  ResidentSetSize of job (KB)
...
040 (15556765.179.000) 10/21 06:08:11 Started transferring output files
...
040 (15556765.179.000) 10/21 06:08:11 Finished transferring output files
...
005 (15556765.179.000) 10/21 06:08:11 Job terminated.
	(1) Normal termination (return value 0)
		Usr 0 00:04:13, Sys 0 00:00:07  -  Run Remote Usage
		Usr 0 00:00:00, Sys 0 00:00:00  -  Run Local Usage
		Usr 0 00:04:13, Sys 0 00:00:07  -  Total Remote Usage
		Usr 0 00:00:00, Sys 0 00:00:00  -  Total Local Usage
	5964  -  Run Bytes Sent By Job
	229  -  Run Bytes Received By Job
	5964  -  Total Bytes Sent By Job
	229  -  Total Bytes Received By Job
	Partitionable Resources :    Usage  Request Allocated 
	   Cpus                 :        0        1         1 
	   Disk (KB)            :      561        1   2862925 
	   Memory (MB)          :      977     2000      2000 

	Job terminated of its own accord at 2024-10-21T04:08:11Z with exit-code 0.
...
