000 (15556765.566.000) 10/21 05:59:06 Job submitted from host: <188.184.90.241:9618?addrs=188.184.90.241-9618+[2001-1458-201-e4--100-2eb]-9618&alias=bigbird15.cern.ch&noUDP&sock=schedd_25064_65d2>
...
040 (15556765.566.000) 10/21 06:06:02 Started transferring input files
	Transferring to host: <188.185.208.45:9618?addrs=188.185.208.45-9618+[2001-1458-303-f--100-2a]-9618&alias=b9p09p3305.cern.ch&noUDP&sock=slot1_25_5063_1767_67146>
...
040 (15556765.566.000) 10/21 06:06:02 Finished transferring input files
...
001 (15556765.566.000) 10/21 06:06:03 Job executing on host: <188.185.208.45:9618?addrs=188.185.208.45-9618+[2001-1458-303-f--100-2a]-9618&alias=b9p09p3305.cern.ch&noUDP&sock=startd_4217_16f7>
	SlotName: slot1_25@b9p09p3305.cern.ch
	CondorScratchDir = "/pool/condor/dir_3680623"
	Cpus = 1
	Disk = 2765146
	Memory = 2000
...
006 (15556765.566.000) 10/21 06:06:12 Image size of job updated: 175420
	172  -  MemoryUsage of job (MB)
	175420  -  ResidentSetSize of job (KB)
...
006 (15556765.566.000) 10/21 06:11:13 Image size of job updated: 770500
	750  -  MemoryUsage of job (MB)
	767992  -  ResidentSetSize of job (KB)
...
006 (15556765.566.000) 10/21 06:16:13 Image size of job updated: 783500
	763  -  MemoryUsage of job (MB)
	780460  -  ResidentSetSize of job (KB)
...
006 (15556765.566.000) 10/21 06:21:13 Image size of job updated: 784440
	764  -  MemoryUsage of job (MB)
	781688  -  ResidentSetSize of job (KB)
...
040 (15556765.566.000) 10/21 06:23:27 Started transferring output files
...
040 (15556765.566.000) 10/21 06:23:27 Finished transferring output files
...
005 (15556765.566.000) 10/21 06:23:27 Job terminated.
	(1) Normal termination (return value 0)
		Usr 0 00:13:26, Sys 0 00:00:07  -  Run Remote Usage
		Usr 0 00:00:00, Sys 0 00:00:00  -  Run Local Usage
		Usr 0 00:13:26, Sys 0 00:00:07  -  Total Remote Usage
		Usr 0 00:00:00, Sys 0 00:00:00  -  Total Local Usage
	36833  -  Run Bytes Sent By Job
	229  -  Run Bytes Received By Job
	36833  -  Total Bytes Sent By Job
	229  -  Total Bytes Received By Job
	Partitionable Resources :    Usage  Request Allocated 
	   Cpus                 :     0.96        1         1 
	   Disk (KB)            :   625           1   2765146 
	   Memory (MB)          :   764        2000      2000 

	Job terminated of its own accord at 2024-10-21T04:23:27Z with exit-code 0.
...
