000 (15556765.162.000) 10/21 05:59:05 Job submitted from host: <188.184.90.241:9618?addrs=188.184.90.241-9618+[2001-1458-201-e4--100-2eb]-9618&alias=bigbird15.cern.ch&noUDP&sock=schedd_25064_65d2>
...
040 (15556765.162.000) 10/21 06:00:41 Started transferring input files
	Transferring to host: <188.185.206.153:9618?addrs=188.185.206.153-9618+[2001-1458-303-c--100-16]-9618&alias=b9p06p8345.cern.ch&noUDP&sock=slot1_20_3725_5971_190138>
...
040 (15556765.162.000) 10/21 06:00:41 Finished transferring input files
...
001 (15556765.162.000) 10/21 06:00:42 Job executing on host: <188.185.206.153:9618?addrs=188.185.206.153-9618+[2001-1458-303-c--100-16]-9618&alias=b9p06p8345.cern.ch&noUDP&sock=startd_3367_0f77>
	SlotName: slot1_20@b9p06p8345.cern.ch
	CondorScratchDir = "/pool/condor/dir_555749"
	Cpus = 1
	Disk = 2679817
	Memory = 2000
...
006 (15556765.162.000) 10/21 06:00:51 Image size of job updated: 174156
	170  -  MemoryUsage of job (MB)
	174064  -  ResidentSetSize of job (KB)
...
006 (15556765.162.000) 10/21 06:04:26 Image size of job updated: 1005856
	170  -  MemoryUsage of job (MB)
	174064  -  ResidentSetSize of job (KB)
...
040 (15556765.162.000) 10/21 06:04:26 Started transferring output files
...
040 (15556765.162.000) 10/21 06:04:26 Finished transferring output files
...
005 (15556765.162.000) 10/21 06:04:26 Job terminated.
	(1) Normal termination (return value 0)
		Usr 0 00:02:55, Sys 0 00:00:06  -  Run Remote Usage
		Usr 0 00:00:00, Sys 0 00:00:00  -  Run Local Usage
		Usr 0 00:02:55, Sys 0 00:00:06  -  Total Remote Usage
		Usr 0 00:00:00, Sys 0 00:00:00  -  Total Local Usage
	4618  -  Run Bytes Sent By Job
	229  -  Run Bytes Received By Job
	4618  -  Total Bytes Sent By Job
	229  -  Total Bytes Received By Job
	Partitionable Resources :    Usage  Request Allocated 
	   Cpus                 :        0        1         1 
	   Disk (KB)            :       46        1   2679817 
	   Memory (MB)          :      170     2000      2000 

	Job terminated of its own accord at 2024-10-21T04:04:26Z with exit-code 0.
...
