000 (15556765.273.000) 10/21 05:59:05 Job submitted from host: <188.184.90.241:9618?addrs=188.184.90.241-9618+[2001-1458-201-e4--100-2eb]-9618&alias=bigbird15.cern.ch&noUDP&sock=schedd_25064_65d2>
...
040 (15556765.273.000) 10/21 06:01:22 Started transferring input files
	Transferring to host: <188.185.208.90:9618?addrs=188.185.208.90-9618+[2001-1458-303-f--100-57]-9618&alias=b9p09p3138.cern.ch&noUDP&sock=slot1_48_4301_3188_250311>
...
040 (15556765.273.000) 10/21 06:01:22 Finished transferring input files
...
001 (15556765.273.000) 10/21 06:01:23 Job executing on host: <188.185.208.90:9618?addrs=188.185.208.90-9618+[2001-1458-303-f--100-57]-9618&alias=b9p09p3138.cern.ch&noUDP&sock=startd_3681_7034>
	SlotName: slot1_48@b9p09p3138.cern.ch
	CondorScratchDir = "/pool/condor/dir_1449228"
	Cpus = 1
	Disk = 2677474
	Memory = 2000
...
006 (15556765.273.000) 10/21 06:01:32 Image size of job updated: 195648
	192  -  MemoryUsage of job (MB)
	195644  -  ResidentSetSize of job (KB)
...
006 (15556765.273.000) 10/21 06:06:33 Image size of job updated: 968644
	943  -  MemoryUsage of job (MB)
	965180  -  ResidentSetSize of job (KB)
...
006 (15556765.273.000) 10/21 06:11:33 Image size of job updated: 968644
	943  -  MemoryUsage of job (MB)
	965520  -  ResidentSetSize of job (KB)
...
006 (15556765.273.000) 10/21 06:16:33 Image size of job updated: 969500
	944  -  MemoryUsage of job (MB)
	965836  -  ResidentSetSize of job (KB)
...
006 (15556765.273.000) 10/21 06:21:34 Image size of job updated: 969500
	944  -  MemoryUsage of job (MB)
	966092  -  ResidentSetSize of job (KB)
...
040 (15556765.273.000) 10/21 06:21:34 Started transferring output files
...
040 (15556765.273.000) 10/21 06:21:34 Finished transferring output files
...
009 (15556765.273.000) 10/21 06:21:34 Job was aborted.
	Job removed by SYSTEM_PERIODIC_REMOVE due to wall time exceeded allowed max.
...
