000 (15556765.336.000) 10/21 05:59:06 Job submitted from host: <188.184.90.241:9618?addrs=188.184.90.241-9618+[2001-1458-201-e4--100-2eb]-9618&alias=bigbird15.cern.ch&noUDP&sock=schedd_25064_65d2>
...
040 (15556765.336.000) 10/21 06:01:45 Started transferring input files
	Transferring to host: <128.142.248.28:9618?addrs=128.142.248.28-9618+[2001-1458-301-73--100-10c]-9618&alias=b9g23p6607.cern.ch&noUDP&sock=slot1_19_3761350_17b3_72191>
...
040 (15556765.336.000) 10/21 06:01:45 Finished transferring input files
...
001 (15556765.336.000) 10/21 06:01:46 Job executing on host: <128.142.248.28:9618?addrs=128.142.248.28-9618+[2001-1458-301-73--100-10c]-9618&alias=b9g23p6607.cern.ch&noUDP&sock=startd_5058_f21d>
	SlotName: slot1_19@b9g23p6607.cern.ch
	CondorScratchDir = "/pool/condor/dir_2084895"
	Cpus = 1
	Disk = 2966080
	Memory = 2000
...
006 (15556765.336.000) 10/21 06:01:54 Image size of job updated: 168184
	164  -  MemoryUsage of job (MB)
	167708  -  ResidentSetSize of job (KB)
...
006 (15556765.336.000) 10/21 06:06:54 Image size of job updated: 819516
	795  -  MemoryUsage of job (MB)
	813108  -  ResidentSetSize of job (KB)
...
040 (15556765.336.000) 10/21 06:10:34 Started transferring output files
...
040 (15556765.336.000) 10/21 06:10:34 Finished transferring output files
...
005 (15556765.336.000) 10/21 06:10:34 Job terminated.
	(1) Normal termination (return value 0)
		Usr 0 00:07:12, Sys 0 00:00:07  -  Run Remote Usage
		Usr 0 00:00:00, Sys 0 00:00:00  -  Run Local Usage
		Usr 0 00:07:12, Sys 0 00:00:07  -  Total Remote Usage
		Usr 0 00:00:00, Sys 0 00:00:00  -  Total Local Usage
	13630  -  Run Bytes Sent By Job
	229  -  Run Bytes Received By Job
	13630  -  Total Bytes Sent By Job
	229  -  Total Bytes Received By Job
	Partitionable Resources :    Usage  Request Allocated 
	   Cpus                 :                 1         1 
	   Disk (KB)            :       47        1   2966080 
	   Memory (MB)          :      795     2000      2000 

	Job terminated of its own accord at 2024-10-21T04:10:34Z with exit-code 0.
...
