000 (15556765.617.000) 10/21 05:59:06 Job submitted from host: <188.184.90.241:9618?addrs=188.184.90.241-9618+[2001-1458-201-e4--100-2eb]-9618&alias=bigbird15.cern.ch&noUDP&sock=schedd_25064_65d2>
...
040 (15556765.617.000) 10/21 06:06:20 Started transferring input files
	Transferring to host: <188.185.192.23:9618?addrs=188.185.192.23-9618+[2001-1458-303-1f--100-13]-9618&alias=b9p13p0752.cern.ch&noUDP&sock=slot1_18_1799351_4e6b_31191>
...
040 (15556765.617.000) 10/21 06:06:20 Finished transferring input files
...
001 (15556765.617.000) 10/21 06:06:21 Job executing on host: <188.185.192.23:9618?addrs=188.185.192.23-9618+[2001-1458-303-1f--100-13]-9618&alias=b9p13p0752.cern.ch&noUDP&sock=startd_3034023_ff4c>
	SlotName: slot1_18@b9p13p0752.cern.ch
	CondorScratchDir = "/pool/condor/dir_2771863"
	Cpus = 1
	Disk = 2987846
	Memory = 2000
...
006 (15556765.617.000) 10/21 06:06:30 Image size of job updated: 2356
	2  -  MemoryUsage of job (MB)
	1560  -  ResidentSetSize of job (KB)
...
006 (15556765.617.000) 10/21 06:11:31 Image size of job updated: 781756
	760  -  MemoryUsage of job (MB)
	777964  -  ResidentSetSize of job (KB)
...
040 (15556765.617.000) 10/21 06:14:01 Started transferring output files
...
040 (15556765.617.000) 10/21 06:14:01 Finished transferring output files
...
005 (15556765.617.000) 10/21 06:14:01 Job terminated.
	(1) Normal termination (return value 0)
		Usr 0 00:06:05, Sys 0 00:00:05  -  Run Remote Usage
		Usr 0 00:00:00, Sys 0 00:00:00  -  Run Local Usage
		Usr 0 00:06:05, Sys 0 00:00:05  -  Total Remote Usage
		Usr 0 00:00:00, Sys 0 00:00:00  -  Total Local Usage
	11869  -  Run Bytes Sent By Job
	229  -  Run Bytes Received By Job
	11869  -  Total Bytes Sent By Job
	229  -  Total Bytes Received By Job
	Partitionable Resources :    Usage  Request Allocated 
	   Cpus                 :        0        1         1 
	   Disk (KB)            :       53        1   2987846 
	   Memory (MB)          :      760     2000      2000 

	Job terminated of its own accord at 2024-10-21T04:14:01Z with exit-code 0.
...
