000 (15556765.340.000) 10/21 05:59:06 Job submitted from host: <188.184.90.241:9618?addrs=188.184.90.241-9618+[2001-1458-201-e4--100-2eb]-9618&alias=bigbird15.cern.ch&noUDP&sock=schedd_25064_65d2>
...
040 (15556765.340.000) 10/21 06:01:47 Started transferring input files
	Transferring to host: <188.185.193.118:9618?addrs=188.185.193.118-9618+[2001-1458-303-20--100-72]-9618&alias=b9p19p4217.cern.ch&noUDP&sock=slot1_35_3639459_db36_48320>
...
040 (15556765.340.000) 10/21 06:01:47 Finished transferring input files
...
001 (15556765.340.000) 10/21 06:01:48 Job executing on host: <188.185.193.118:9618?addrs=188.185.193.118-9618+[2001-1458-303-20--100-72]-9618&alias=b9p19p4217.cern.ch&noUDP&sock=startd_128389_c0e7>
	SlotName: slot1_35@b9p19p4217.cern.ch
	CondorScratchDir = "/pool/condor/dir_1053867"
	Cpus = 1
	Disk = 3014927
	Memory = 2000
...
006 (15556765.340.000) 10/21 06:01:57 Image size of job updated: 513864
	502  -  MemoryUsage of job (MB)
	513864  -  ResidentSetSize of job (KB)
...
006 (15556765.340.000) 10/21 06:06:58 Image size of job updated: 2374776
	2313  -  MemoryUsage of job (MB)
	2367832  -  ResidentSetSize of job (KB)
...
040 (15556765.340.000) 10/21 06:10:08 Started transferring output files
...
040 (15556765.340.000) 10/21 06:10:08 Finished transferring output files
...
005 (15556765.340.000) 10/21 06:10:09 Job terminated.
	(1) Normal termination (return value 0)
		Usr 0 00:07:13, Sys 0 00:00:09  -  Run Remote Usage
		Usr 0 00:00:00, Sys 0 00:00:00  -  Run Local Usage
		Usr 0 00:07:13, Sys 0 00:00:09  -  Total Remote Usage
		Usr 0 00:00:00, Sys 0 00:00:00  -  Total Local Usage
	14472  -  Run Bytes Sent By Job
	229  -  Run Bytes Received By Job
	14472  -  Total Bytes Sent By Job
	229  -  Total Bytes Received By Job
	Partitionable Resources :    Usage  Request Allocated 
	   Cpus                 :     0.89        1         1 
	   Disk (KB)            :    55           1   3014927 
	   Memory (MB)          :  2313        2000      2000 

	Job terminated of its own accord at 2024-10-21T04:10:08Z with exit-code 0.
...
