000 (15556765.399.000) 10/21 05:59:06 Job submitted from host: <188.184.90.241:9618?addrs=188.184.90.241-9618+[2001-1458-201-e4--100-2eb]-9618&alias=bigbird15.cern.ch&noUDP&sock=schedd_25064_65d2>
...
040 (15556765.399.000) 10/21 06:03:01 Started transferring input files
	Transferring to host: <128.142.248.169:9618?addrs=128.142.248.169-9618+[2001-1458-301-73--100-a8]-9618&alias=b9g23p4763.cern.ch&noUDP&sock=slot1_12_6711_41aa_65869>
...
040 (15556765.399.000) 10/21 06:03:01 Finished transferring input files
...
001 (15556765.399.000) 10/21 06:03:02 Job executing on host: <128.142.248.169:9618?addrs=128.142.248.169-9618+[2001-1458-301-73--100-a8]-9618&alias=b9g23p4763.cern.ch&noUDP&sock=startd_5933_1f7c>
	SlotName: slot1_12@b9g23p4763.cern.ch
	CondorScratchDir = "/pool/condor/dir_1547096"
	Cpus = 1
	Disk = 2852948
	Memory = 2000
...
006 (15556765.399.000) 10/21 06:03:11 Image size of job updated: 199436
	195  -  MemoryUsage of job (MB)
	199436  -  ResidentSetSize of job (KB)
...
006 (15556765.399.000) 10/21 06:08:12 Image size of job updated: 754132
	732  -  MemoryUsage of job (MB)
	748692  -  ResidentSetSize of job (KB)
...
040 (15556765.399.000) 10/21 06:09:15 Started transferring output files
...
040 (15556765.399.000) 10/21 06:09:15 Finished transferring output files
...
005 (15556765.399.000) 10/21 06:09:15 Job terminated.
	(1) Normal termination (return value 0)
		Usr 0 00:05:17, Sys 0 00:00:04  -  Run Remote Usage
		Usr 0 00:00:00, Sys 0 00:00:00  -  Run Local Usage
		Usr 0 00:05:17, Sys 0 00:00:04  -  Total Remote Usage
		Usr 0 00:00:00, Sys 0 00:00:00  -  Total Local Usage
	9879  -  Run Bytes Sent By Job
	229  -  Run Bytes Received By Job
	9879  -  Total Bytes Sent By Job
	229  -  Total Bytes Received By Job
	Partitionable Resources :    Usage  Request Allocated 
	   Cpus                 :     0.89        1         1 
	   Disk (KB)            :    52           1   2852948 
	   Memory (MB)          :   732        2000      2000 

	Job terminated of its own accord at 2024-10-21T04:09:15Z with exit-code 0.
...
