000 (15556765.032.000) 10/21 05:59:05 Job submitted from host: <188.184.90.241:9618?addrs=188.184.90.241-9618+[2001-1458-201-e4--100-2eb]-9618&alias=bigbird15.cern.ch&noUDP&sock=schedd_25064_65d2>
...
040 (15556765.032.000) 10/21 05:59:59 Started transferring input files
	Transferring to host: <188.185.193.128:9618?addrs=188.185.193.128-9618+[2001-1458-303-20--100-7c]-9618&alias=b9p19p3374.cern.ch&noUDP&sock=slot1_34_7448_8a28_2866>
...
040 (15556765.032.000) 10/21 05:59:59 Finished transferring input files
...
001 (15556765.032.000) 10/21 06:00:00 Job executing on host: <188.185.193.128:9618?addrs=188.185.193.128-9618+[2001-1458-303-20--100-7c]-9618&alias=b9p19p3374.cern.ch&noUDP&sock=startd_6332_cdc6>
	SlotName: slot1_34@b9p19p3374.cern.ch
	CondorScratchDir = "/pool/condor/dir_2543636"
	Cpus = 1
	Disk = 3749
	GPUs = 0
	Memory = 2000
...
006 (15556765.032.000) 10/21 06:00:08 Image size of job updated: 411788
	403  -  MemoryUsage of job (MB)
	411788  -  ResidentSetSize of job (KB)
...
006 (15556765.032.000) 10/21 06:03:47 Image size of job updated: 411788
	403  -  MemoryUsage of job (MB)
	411792  -  ResidentSetSize of job (KB)
...
040 (15556765.032.000) 10/21 06:03:47 Started transferring output files
...
040 (15556765.032.000) 10/21 06:03:47 Finished transferring output files
...
005 (15556765.032.000) 10/21 06:03:47 Job terminated.
	(1) Normal termination (return value 0)
		Usr 0 00:03:19, Sys 0 00:00:08  -  Run Remote Usage
		Usr 0 00:00:00, Sys 0 00:00:00  -  Run Local Usage
		Usr 0 00:03:19, Sys 0 00:00:08  -  Total Remote Usage
		Usr 0 00:00:00, Sys 0 00:00:00  -  Total Local Usage
	2890  -  Run Bytes Sent By Job
	229  -  Run Bytes Received By Job
	2890  -  Total Bytes Sent By Job
	229  -  Total Bytes Received By Job
	Partitionable Resources :    Usage  Request Allocated 
	   Cpus                 :     0.95        1         1 
	   Disk (KB)            :    45           1      3749 
	   GPUs                 :                           0 
	   Memory (MB)          :   403        2000      2000 

	Job terminated of its own accord at 2024-10-21T04:03:47Z with exit-code 0.
...
000 (15556766.032.000) 10/21 07:29:08 Job submitted from host: <188.184.90.241:9618?addrs=188.184.90.241-9618+[2001-1458-201-e4--100-2eb]-9618&alias=bigbird15.cern.ch&noUDP&sock=schedd_25064_65d2>
...
040 (15556766.032.000) 10/21 07:30:05 Started transferring input files
	Transferring to host: <188.185.198.17:9618?addrs=188.185.198.17-9618+[2001-1458-303-25--100-d]-9618&alias=b9p15p7288.cern.ch&noUDP&sock=slot1_19_11441_f82a_26627>
...
040 (15556766.032.000) 10/21 07:30:05 Finished transferring input files
...
001 (15556766.032.000) 10/21 07:30:06 Job executing on host: <188.185.198.17:9618?addrs=188.185.198.17-9618+[2001-1458-303-25--100-d]-9618&alias=b9p15p7288.cern.ch&noUDP&sock=startd_10832_6df4>
	SlotName: slot1_19@b9p15p7288.cern.ch
	CondorScratchDir = "/pool/condor/dir_1036491"
	Cpus = 1
	Disk = 2972278
	Memory = 2000
...
006 (15556766.032.000) 10/21 07:30:15 Image size of job updated: 298904
	292  -  MemoryUsage of job (MB)
	298828  -  ResidentSetSize of job (KB)
...
006 (15556766.032.000) 10/21 07:35:16 Image size of job updated: 949428
	923  -  MemoryUsage of job (MB)
	944672  -  ResidentSetSize of job (KB)
...
006 (15556766.032.000) 10/21 07:40:16 Image size of job updated: 960320
	937  -  MemoryUsage of job (MB)
	958748  -  ResidentSetSize of job (KB)
...
006 (15556766.032.000) 10/21 07:50:17 Image size of job updated: 970792
	937  -  MemoryUsage of job (MB)
	958748  -  ResidentSetSize of job (KB)
...
040 (15556766.032.000) 10/21 07:50:17 Started transferring output files
...
040 (15556766.032.000) 10/21 07:50:17 Finished transferring output files
...
009 (15556766.032.000) 10/21 07:50:17 Job was aborted.
	Job removed by SYSTEM_PERIODIC_REMOVE due to wall time exceeded allowed max.
...
