000 (15556765.420.000) 10/21 05:59:06 Job submitted from host: <188.184.90.241:9618?addrs=188.184.90.241-9618+[2001-1458-201-e4--100-2eb]-9618&alias=bigbird15.cern.ch&noUDP&sock=schedd_25064_65d2>
...
040 (15556765.420.000) 10/21 06:03:45 Started transferring input files
	Transferring to host: <188.185.198.172:9618?addrs=188.185.198.172-9618+[2001-1458-303-25--100-a8]-9618&alias=b9p15p6943.cern.ch&noUDP&sock=slot1_23_4071966_2a0a_25064>
...
040 (15556765.420.000) 10/21 06:03:45 Finished transferring input files
...
001 (15556765.420.000) 10/21 06:03:46 Job executing on host: <188.185.198.172:9618?addrs=188.185.198.172-9618+[2001-1458-303-25--100-a8]-9618&alias=b9p15p6943.cern.ch&noUDP&sock=startd_3324_90e5>
	SlotName: slot1_23@b9p15p6943.cern.ch
	CondorScratchDir = "/pool/condor/dir_38805"
	Cpus = 1
	Disk = 2932310
	Memory = 2000
...
006 (15556765.420.000) 10/21 06:03:55 Image size of job updated: 193788
	190  -  MemoryUsage of job (MB)
	193784  -  ResidentSetSize of job (KB)
...
006 (15556765.420.000) 10/21 06:08:56 Image size of job updated: 759780
	741  -  MemoryUsage of job (MB)
	757792  -  ResidentSetSize of job (KB)
...
006 (15556765.420.000) 10/21 06:13:56 Image size of job updated: 760544
	741  -  MemoryUsage of job (MB)
	757792  -  ResidentSetSize of job (KB)
...
006 (15556765.420.000) 10/21 06:15:32 Image size of job updated: 760588
	741  -  MemoryUsage of job (MB)
	757792  -  ResidentSetSize of job (KB)
...
040 (15556765.420.000) 10/21 06:15:32 Started transferring output files
...
040 (15556765.420.000) 10/21 06:15:32 Finished transferring output files
...
005 (15556765.420.000) 10/21 06:15:32 Job terminated.
	(1) Normal termination (return value 0)
		Usr 0 00:08:13, Sys 0 00:00:05  -  Run Remote Usage
		Usr 0 00:00:00, Sys 0 00:00:00  -  Run Local Usage
		Usr 0 00:08:13, Sys 0 00:00:05  -  Total Remote Usage
		Usr 0 00:00:00, Sys 0 00:00:00  -  Total Local Usage
	14547  -  Run Bytes Sent By Job
	229  -  Run Bytes Received By Job
	14547  -  Total Bytes Sent By Job
	229  -  Total Bytes Received By Job
	Partitionable Resources :    Usage  Request Allocated 
	   Cpus                 :     0.88        1         1 
	   Disk (KB)            :    57           1   2932310 
	   Memory (MB)          :   741        2000      2000 

	Job terminated of its own accord at 2024-10-21T04:15:32Z with exit-code 0.
...
