000 (15556765.076.000) 10/21 05:59:05 Job submitted from host: <188.184.90.241:9618?addrs=188.184.90.241-9618+[2001-1458-201-e4--100-2eb]-9618&alias=bigbird15.cern.ch&noUDP&sock=schedd_25064_65d2>
...
040 (15556765.076.000) 10/21 06:00:12 Started transferring input files
	Transferring to host: <188.185.195.18:9618?addrs=188.185.195.18-9618+[2001-1458-303-22--100-e]-9618&alias=b9p17p6467.cern.ch&noUDP&sock=slot1_4_7345_f784_2707>
...
040 (15556765.076.000) 10/21 06:00:12 Finished transferring input files
...
001 (15556765.076.000) 10/21 06:00:13 Job executing on host: <188.185.195.18:9618?addrs=188.185.195.18-9618+[2001-1458-303-22--100-e]-9618&alias=b9p17p6467.cern.ch&noUDP&sock=startd_6055_ce0a>
	SlotName: slot1_4@b9p17p6467.cern.ch
	CondorScratchDir = "/pool/condor/dir_571467"
	Cpus = 1
	Disk = 3835
	GPUs = 0
	Memory = 2000
...
006 (15556765.076.000) 10/21 06:00:22 Image size of job updated: 878960
	859  -  MemoryUsage of job (MB)
	878960  -  ResidentSetSize of job (KB)
...
006 (15556765.076.000) 10/21 06:05:23 Image size of job updated: 1944576
	1899  -  MemoryUsage of job (MB)
	1944576  -  ResidentSetSize of job (KB)
...
006 (15556765.076.000) 10/21 06:15:23 Image size of job updated: 1944956
	1900  -  MemoryUsage of job (MB)
	1944956  -  ResidentSetSize of job (KB)
...
040 (15556765.076.000) 10/21 06:15:43 Started transferring output files
...
040 (15556765.076.000) 10/21 06:15:43 Finished transferring output files
...
005 (15556765.076.000) 10/21 06:15:43 Job terminated.
	(1) Normal termination (return value 0)
		Usr 0 00:11:37, Sys 0 00:00:05  -  Run Remote Usage
		Usr 0 00:00:00, Sys 0 00:00:00  -  Run Local Usage
		Usr 0 00:11:37, Sys 0 00:00:05  -  Total Remote Usage
		Usr 0 00:00:00, Sys 0 00:00:00  -  Total Local Usage
	14096  -  Run Bytes Sent By Job
	229  -  Run Bytes Received By Job
	14096  -  Total Bytes Sent By Job
	229  -  Total Bytes Received By Job
	Partitionable Resources :    Usage  Request Allocated 
	   Cpus                 :        0        1         1 
	   Disk (KB)            :       56        1      3835 
	   GPUs                 :                           0 
	   Memory (MB)          :     1900     2000      2000 

	Job terminated of its own accord at 2024-10-21T04:15:43Z with exit-code 0.
...
000 (15556766.076.000) 10/21 07:29:10 Job submitted from host: <188.184.90.241:9618?addrs=188.184.90.241-9618+[2001-1458-201-e4--100-2eb]-9618&alias=bigbird15.cern.ch&noUDP&sock=schedd_25064_65d2>
...
040 (15556766.076.000) 10/21 07:30:21 Started transferring input files
	Transferring to host: <128.142.248.244:9618?addrs=128.142.248.244-9618+[2001-1458-301-73--100-f3]-9618&alias=b9g23p9220.cern.ch&noUDP&sock=slot1_20_1044433_4841_19098>
...
040 (15556766.076.000) 10/21 07:30:21 Finished transferring input files
...
001 (15556766.076.000) 10/21 07:30:22 Job executing on host: <128.142.248.244:9618?addrs=128.142.248.244-9618+[2001-1458-301-73--100-f3]-9618&alias=b9g23p9220.cern.ch&noUDP&sock=startd_6050_6010>
	SlotName: slot1_20@b9g23p9220.cern.ch
	CondorScratchDir = "/pool/condor/dir_1050994"
	Cpus = 1
	Disk = 2880231
	Memory = 2000
...
006 (15556766.076.000) 10/21 07:30:31 Image size of job updated: 541540
	529  -  MemoryUsage of job (MB)
	541296  -  ResidentSetSize of job (KB)
...
006 (15556766.076.000) 10/21 07:35:32 Image size of job updated: 2270272
	2216  -  MemoryUsage of job (MB)
	2268244  -  ResidentSetSize of job (KB)
...
006 (15556766.076.000) 10/21 07:40:32 Image size of job updated: 2271144
	2216  -  MemoryUsage of job (MB)
	2268716  -  ResidentSetSize of job (KB)
...
006 (15556766.076.000) 10/21 07:45:32 Image size of job updated: 2271348
	2216  -  MemoryUsage of job (MB)
	2268716  -  ResidentSetSize of job (KB)
...
040 (15556766.076.000) 10/21 07:50:32 Started transferring output files
...
040 (15556766.076.000) 10/21 07:50:32 Finished transferring output files
...
009 (15556766.076.000) 10/21 07:50:32 Job was aborted.
	Job removed by SYSTEM_PERIODIC_REMOVE due to wall time exceeded allowed max.
...
