000 (15556765.239.000) 10/21 05:59:05 Job submitted from host: <188.184.90.241:9618?addrs=188.184.90.241-9618+[2001-1458-201-e4--100-2eb]-9618&alias=bigbird15.cern.ch&noUDP&sock=schedd_25064_65d2>
...
040 (15556765.239.000) 10/21 06:01:10 Started transferring input files
	Transferring to host: <128.142.248.79:9618?addrs=128.142.248.79-9618+[2001-1458-301-73--100-13f]-9618&alias=b9g23p1840.cern.ch&noUDP&sock=slot1_8_2605018_9785_32581>
...
040 (15556765.239.000) 10/21 06:01:10 Finished transferring input files
...
001 (15556765.239.000) 10/21 06:01:11 Job executing on host: <128.142.248.79:9618?addrs=128.142.248.79-9618+[2001-1458-301-73--100-13f]-9618&alias=b9g23p1840.cern.ch&noUDP&sock=startd_7681_1b08>
	SlotName: slot1_8@b9g23p1840.cern.ch
	CondorScratchDir = "/pool/condor/dir_3838145"
	Cpus = 1
	Disk = 2953939
	Memory = 2000
...
006 (15556765.239.000) 10/21 06:01:19 Image size of job updated: 188096
	184  -  MemoryUsage of job (MB)
	188092  -  ResidentSetSize of job (KB)
...
006 (15556765.239.000) 10/21 06:06:19 Image size of job updated: 963080
	939  -  MemoryUsage of job (MB)
	961448  -  ResidentSetSize of job (KB)
...
006 (15556765.239.000) 10/21 06:11:20 Image size of job updated: 963788
	940  -  MemoryUsage of job (MB)
	961856  -  ResidentSetSize of job (KB)
...
006 (15556765.239.000) 10/21 06:16:21 Image size of job updated: 965316
	940  -  MemoryUsage of job (MB)
	961856  -  ResidentSetSize of job (KB)
...
040 (15556765.239.000) 10/21 06:21:21 Started transferring output files
...
040 (15556765.239.000) 10/21 06:21:21 Finished transferring output files
...
009 (15556765.239.000) 10/21 06:21:21 Job was aborted.
	Job removed by SYSTEM_PERIODIC_REMOVE due to wall time exceeded allowed max.
...
