000 (15556765.575.000) 10/21 05:59:06 Job submitted from host: <188.184.90.241:9618?addrs=188.184.90.241-9618+[2001-1458-201-e4--100-2eb]-9618&alias=bigbird15.cern.ch&noUDP&sock=schedd_25064_65d2>
...
040 (15556765.575.000) 10/21 06:06:05 Started transferring input files
	Transferring to host: <188.185.205.166:9618?addrs=188.185.205.166-9618+[2001-1458-303-a--100-23]-9618&alias=b9p04p1739.cern.ch&noUDP&sock=slot1_28_4926_9001_82312>
...
040 (15556765.575.000) 10/21 06:06:05 Finished transferring input files
...
001 (15556765.575.000) 10/21 06:06:06 Job executing on host: <188.185.205.166:9618?addrs=188.185.205.166-9618+[2001-1458-303-a--100-23]-9618&alias=b9p04p1739.cern.ch&noUDP&sock=startd_4165_6c0b>
	SlotName: slot1_28@b9p04p1739.cern.ch
	CondorScratchDir = "/pool/condor/dir_4009751"
	Cpus = 1
	Disk = 2709860
	Memory = 2000
...
006 (15556765.575.000) 10/21 06:06:15 Image size of job updated: 708328
	692  -  MemoryUsage of job (MB)
	708216  -  ResidentSetSize of job (KB)
...
006 (15556765.575.000) 10/21 06:11:16 Image size of job updated: 1694256
	1652  -  MemoryUsage of job (MB)
	1691296  -  ResidentSetSize of job (KB)
...
006 (15556765.575.000) 10/21 06:15:43 Image size of job updated: 1694312
	1652  -  MemoryUsage of job (MB)
	1691296  -  ResidentSetSize of job (KB)
...
040 (15556765.575.000) 10/21 06:15:43 Started transferring output files
...
040 (15556765.575.000) 10/21 06:15:43 Finished transferring output files
...
005 (15556765.575.000) 10/21 06:15:43 Job terminated.
	(1) Normal termination (return value 0)
		Usr 0 00:05:51, Sys 0 00:00:06  -  Run Remote Usage
		Usr 0 00:00:00, Sys 0 00:00:00  -  Run Local Usage
		Usr 0 00:05:51, Sys 0 00:00:06  -  Total Remote Usage
		Usr 0 00:00:00, Sys 0 00:00:00  -  Total Local Usage
	16242  -  Run Bytes Sent By Job
	229  -  Run Bytes Received By Job
	16242  -  Total Bytes Sent By Job
	229  -  Total Bytes Received By Job
	Partitionable Resources :    Usage  Request Allocated 
	   Cpus                 :     0.90        1         1 
	   Disk (KB)            :    60           1   2709860 
	   Memory (MB)          :  1652        2000      2000 

	Job terminated of its own accord at 2024-10-21T04:15:43Z with exit-code 0.
...
