000 (15556765.264.000) 10/21 05:59:05 Job submitted from host: <188.184.90.241:9618?addrs=188.184.90.241-9618+[2001-1458-201-e4--100-2eb]-9618&alias=bigbird15.cern.ch&noUDP&sock=schedd_25064_65d2>
...
040 (15556765.264.000) 10/21 06:01:19 Started transferring input files
	Transferring to host: <188.185.206.135:9618?addrs=188.185.206.135-9618+[2001-1458-303-c--100-4]-9618&alias=b9p06p6909.cern.ch&noUDP&sock=slot1_14_4501_1c90_140746>
...
040 (15556765.264.000) 10/21 06:01:19 Finished transferring input files
...
001 (15556765.264.000) 10/21 06:01:20 Job executing on host: <188.185.206.135:9618?addrs=188.185.206.135-9618+[2001-1458-303-c--100-4]-9618&alias=b9p06p6909.cern.ch&noUDP&sock=startd_3713_633c>
	SlotName: slot1_14@b9p06p6909.cern.ch
	CondorScratchDir = "/pool/condor/dir_4160274"
	Cpus = 1
	Disk = 2726419
	Memory = 2000
...
006 (15556765.264.000) 10/21 06:01:29 Image size of job updated: 228456
	224  -  MemoryUsage of job (MB)
	228456  -  ResidentSetSize of job (KB)
...
006 (15556765.264.000) 10/21 06:06:30 Image size of job updated: 965424
	942  -  MemoryUsage of job (MB)
	963692  -  ResidentSetSize of job (KB)
...
006 (15556765.264.000) 10/21 06:11:30 Image size of job updated: 966104
	942  -  MemoryUsage of job (MB)
	963836  -  ResidentSetSize of job (KB)
...
006 (15556765.264.000) 10/21 06:16:30 Image size of job updated: 966912
	942  -  MemoryUsage of job (MB)
	964092  -  ResidentSetSize of job (KB)
...
006 (15556765.264.000) 10/21 06:21:30 Image size of job updated: 967172
	942  -  MemoryUsage of job (MB)
	964092  -  ResidentSetSize of job (KB)
...
040 (15556765.264.000) 10/21 06:21:30 Started transferring output files
...
040 (15556765.264.000) 10/21 06:21:30 Finished transferring output files
...
009 (15556765.264.000) 10/21 06:21:30 Job was aborted.
	Job removed by SYSTEM_PERIODIC_REMOVE due to wall time exceeded allowed max.
...
