000 (15556765.204.000) 10/21 05:59:05 Job submitted from host: <188.184.90.241:9618?addrs=188.184.90.241-9618+[2001-1458-201-e4--100-2eb]-9618&alias=bigbird15.cern.ch&noUDP&sock=schedd_25064_65d2>
...
040 (15556765.204.000) 10/21 06:00:56 Started transferring input files
	Transferring to host: <188.185.208.90:9618?addrs=188.185.208.90-9618+[2001-1458-303-f--100-57]-9618&alias=b9p09p3138.cern.ch&noUDP&sock=slot1_18_4301_3188_250310>
...
040 (15556765.204.000) 10/21 06:00:56 Finished transferring input files
...
001 (15556765.204.000) 10/21 06:00:57 Job executing on host: <188.185.208.90:9618?addrs=188.185.208.90-9618+[2001-1458-303-f--100-57]-9618&alias=b9p09p3138.cern.ch&noUDP&sock=startd_3681_7034>
	SlotName: slot1_18@b9p09p3138.cern.ch
	CondorScratchDir = "/pool/condor/dir_1445293"
	Cpus = 1
	Disk = 2677529
	Memory = 2000
...
006 (15556765.204.000) 10/21 06:01:06 Image size of job updated: 814832
	796  -  MemoryUsage of job (MB)
	814832  -  ResidentSetSize of job (KB)
...
006 (15556765.204.000) 10/21 06:06:07 Image size of job updated: 1964232
	1917  -  MemoryUsage of job (MB)
	1962392  -  ResidentSetSize of job (KB)
...
006 (15556765.204.000) 10/21 06:11:07 Image size of job updated: 1965900
	1917  -  MemoryUsage of job (MB)
	1962524  -  ResidentSetSize of job (KB)
...
006 (15556765.204.000) 10/21 06:16:07 Image size of job updated: 1966208
	1917  -  MemoryUsage of job (MB)
	1962640  -  ResidentSetSize of job (KB)
...
006 (15556765.204.000) 10/21 06:21:07 Image size of job updated: 1966980
	1917  -  MemoryUsage of job (MB)
	1962640  -  ResidentSetSize of job (KB)
...
040 (15556765.204.000) 10/21 06:21:07 Started transferring output files
...
040 (15556765.204.000) 10/21 06:21:07 Finished transferring output files
...
009 (15556765.204.000) 10/21 06:21:07 Job was aborted.
	Job removed by SYSTEM_PERIODIC_REMOVE due to wall time exceeded allowed max.
...
