000 (15556765.460.000) 10/21 05:59:06 Job submitted from host: <188.184.90.241:9618?addrs=188.184.90.241-9618+[2001-1458-201-e4--100-2eb]-9618&alias=bigbird15.cern.ch&noUDP&sock=schedd_25064_65d2>
...
040 (15556765.460.000) 10/21 06:05:25 Started transferring input files
	Transferring to host: <188.185.195.21:9618?addrs=188.185.195.21-9618+[2001-1458-303-22--100-11]-9618&alias=b9p17p2773.cern.ch&noUDP&sock=slot1_11_10616_aea9_3545>
...
040 (15556765.460.000) 10/21 06:05:25 Finished transferring input files
...
001 (15556765.460.000) 10/21 06:05:26 Job executing on host: <188.185.195.21:9618?addrs=188.185.195.21-9618+[2001-1458-303-22--100-11]-9618&alias=b9p17p2773.cern.ch&noUDP&sock=startd_9006_f205>
	SlotName: slot1_11@b9p17p2773.cern.ch
	CondorScratchDir = "/pool/condor/dir_2337566"
	Cpus = 1
	Disk = 3909
	GPUs = 0
	Memory = 2000
...
006 (15556765.460.000) 10/21 06:05:35 Image size of job updated: 575676
	563  -  MemoryUsage of job (MB)
	575676  -  ResidentSetSize of job (KB)
...
006 (15556765.460.000) 10/21 06:10:36 Image size of job updated: 1651796
	1614  -  MemoryUsage of job (MB)
	1651796  -  ResidentSetSize of job (KB)
...
040 (15556765.460.000) 10/21 06:11:55 Started transferring output files
...
040 (15556765.460.000) 10/21 06:11:55 Finished transferring output files
...
005 (15556765.460.000) 10/21 06:11:55 Job terminated.
	(1) Normal termination (return value 0)
		Usr 0 00:05:19, Sys 0 00:00:07  -  Run Remote Usage
		Usr 0 00:00:00, Sys 0 00:00:00  -  Run Local Usage
		Usr 0 00:05:19, Sys 0 00:00:07  -  Total Remote Usage
		Usr 0 00:00:00, Sys 0 00:00:00  -  Total Local Usage
	10889  -  Run Bytes Sent By Job
	229  -  Run Bytes Received By Job
	10889  -  Total Bytes Sent By Job
	229  -  Total Bytes Received By Job
	Partitionable Resources :    Usage  Request Allocated 
	   Cpus                 :     0.72        1         1 
	   Disk (KB)            :    52           1      3909 
	   GPUs                 :                           0 
	   Memory (MB)          :  1614        2000      2000 

	Job terminated of its own accord at 2024-10-21T04:11:55Z with exit-code 0.
...
