000 (15556765.503.000) 10/21 05:59:06 Job submitted from host: <188.184.90.241:9618?addrs=188.184.90.241-9618+[2001-1458-201-e4--100-2eb]-9618&alias=bigbird15.cern.ch&noUDP&sock=schedd_25064_65d2>
...
040 (15556765.503.000) 10/21 06:05:39 Started transferring input files
	Transferring to host: <188.185.192.173:9618?addrs=188.185.192.173-9618+[2001-1458-303-1f--100-a9]-9618&alias=b9p13p0054.cern.ch&noUDP&sock=slot1_18_2292807_b2cd_18037>
...
040 (15556765.503.000) 10/21 06:05:39 Finished transferring input files
...
001 (15556765.503.000) 10/21 06:05:40 Job executing on host: <188.185.192.173:9618?addrs=188.185.192.173-9618+[2001-1458-303-1f--100-a9]-9618&alias=b9p13p0054.cern.ch&noUDP&sock=startd_128378_355d>
	SlotName: slot1_18@b9p13p0054.cern.ch
	CondorScratchDir = "/pool/condor/dir_3700656"
	Cpus = 1
	Disk = 2905044
	Memory = 2000
...
006 (15556765.503.000) 10/21 06:05:49 Image size of job updated: 2656
	3  -  MemoryUsage of job (MB)
	2076  -  ResidentSetSize of job (KB)
...
006 (15556765.503.000) 10/21 06:10:50 Image size of job updated: 2015836
	1966  -  MemoryUsage of job (MB)
	2012636  -  ResidentSetSize of job (KB)
...
040 (15556765.503.000) 10/21 06:15:46 Started transferring output files
...
040 (15556765.503.000) 10/21 06:15:46 Finished transferring output files
...
005 (15556765.503.000) 10/21 06:15:46 Job terminated.
	(1) Normal termination (return value 0)
		Usr 0 00:08:23, Sys 0 00:00:07  -  Run Remote Usage
		Usr 0 00:00:00, Sys 0 00:00:00  -  Run Local Usage
		Usr 0 00:08:23, Sys 0 00:00:07  -  Total Remote Usage
		Usr 0 00:00:00, Sys 0 00:00:00  -  Total Local Usage
	14555  -  Run Bytes Sent By Job
	229  -  Run Bytes Received By Job
	14555  -  Total Bytes Sent By Job
	229  -  Total Bytes Received By Job
	Partitionable Resources :    Usage  Request Allocated 
	   Cpus                 :        0        1         1 
	   Disk (KB)            :       55        1   2905044 
	   Memory (MB)          :     1966     2000      2000 

	Job terminated of its own accord at 2024-10-21T04:15:46Z with exit-code 0.
...
