000 (15556765.092.000) 10/21 05:59:05 Job submitted from host: <188.184.90.241:9618?addrs=188.184.90.241-9618+[2001-1458-201-e4--100-2eb]-9618&alias=bigbird15.cern.ch&noUDP&sock=schedd_25064_65d2>
...
040 (15556765.092.000) 10/21 06:00:18 Started transferring input files
	Transferring to host: <128.142.130.169:9618?addrs=128.142.130.169-9618+[2001-1458-301-58--100-9d]-9618&alias=b9g20p3613.cern.ch&noUDP&sock=slot1_37_2875_728e_28122>
...
040 (15556765.092.000) 10/21 06:00:18 Finished transferring input files
...
001 (15556765.092.000) 10/21 06:00:19 Job executing on host: <128.142.130.169:9618?addrs=128.142.130.169-9618+[2001-1458-301-58--100-9d]-9618&alias=b9g20p3613.cern.ch&noUDP&sock=startd_2503_6da4>
	SlotName: slot1_37@b9g20p3613.cern.ch
	CondorScratchDir = "/pool/condor/dir_3496024"
	Cpus = 1
	Disk = 1776220
	Memory = 2000
...
006 (15556765.092.000) 10/21 06:00:27 Image size of job updated: 148144
	145  -  MemoryUsage of job (MB)
	148144  -  ResidentSetSize of job (KB)
...
006 (15556765.092.000) 10/21 06:05:27 Image size of job updated: 988384
	966  -  MemoryUsage of job (MB)
	988384  -  ResidentSetSize of job (KB)
...
006 (15556765.092.000) 10/21 06:10:28 Image size of job updated: 988536
	966  -  MemoryUsage of job (MB)
	988536  -  ResidentSetSize of job (KB)
...
040 (15556765.092.000) 10/21 06:14:10 Started transferring output files
...
040 (15556765.092.000) 10/21 06:14:10 Finished transferring output files
...
005 (15556765.092.000) 10/21 06:14:10 Job terminated.
	(1) Normal termination (return value 0)
		Usr 0 00:12:13, Sys 0 00:00:09  -  Run Remote Usage
		Usr 0 00:00:00, Sys 0 00:00:00  -  Run Local Usage
		Usr 0 00:12:13, Sys 0 00:00:09  -  Total Remote Usage
		Usr 0 00:00:00, Sys 0 00:00:00  -  Total Local Usage
	10210  -  Run Bytes Sent By Job
	229  -  Run Bytes Received By Job
	10210  -  Total Bytes Sent By Job
	229  -  Total Bytes Received By Job
	Partitionable Resources :    Usage  Request Allocated 
	   Cpus                 :     0.97        1         1 
	   Disk (KB)            :    51           1   1776220 
	   Memory (MB)          :   966        2000      2000 

	Job terminated of its own accord at 2024-10-21T04:14:10Z with exit-code 0.
...
000 (15556766.092.000) 10/21 07:29:12 Job submitted from host: <188.184.90.241:9618?addrs=188.184.90.241-9618+[2001-1458-201-e4--100-2eb]-9618&alias=bigbird15.cern.ch&noUDP&sock=schedd_25064_65d2>
...
040 (15556766.092.000) 10/21 07:30:26 Started transferring input files
	Transferring to host: <128.142.192.177:9618?addrs=128.142.192.177-9618+[2001-1458-301-56--100-2d]-9618&alias=b9g18p9126.cern.ch&noUDP&sock=slot1_29_4244_0826_29570>
...
040 (15556766.092.000) 10/21 07:30:26 Finished transferring input files
...
001 (15556766.092.000) 10/21 07:30:27 Job executing on host: <128.142.192.177:9618?addrs=128.142.192.177-9618+[2001-1458-301-56--100-2d]-9618&alias=b9g18p9126.cern.ch&noUDP&sock=startd_3118_4462>
	SlotName: slot1_29@b9g18p9126.cern.ch
	CondorScratchDir = "/pool/condor/dir_3950547"
	Cpus = 1
	Disk = 2878779
	Memory = 2000
...
006 (15556766.092.000) 10/21 07:30:36 Image size of job updated: 175044
	171  -  MemoryUsage of job (MB)
	174368  -  ResidentSetSize of job (KB)
...
006 (15556766.092.000) 10/21 07:35:37 Image size of job updated: 980488
	956  -  MemoryUsage of job (MB)
	978364  -  ResidentSetSize of job (KB)
...
006 (15556766.092.000) 10/21 07:40:38 Image size of job updated: 981064
	956  -  MemoryUsage of job (MB)
	978596  -  ResidentSetSize of job (KB)
...
006 (15556766.092.000) 10/21 07:45:38 Image size of job updated: 981452
	956  -  MemoryUsage of job (MB)
	978596  -  ResidentSetSize of job (KB)
...
040 (15556766.092.000) 10/21 07:50:38 Started transferring output files
...
040 (15556766.092.000) 10/21 07:50:38 Finished transferring output files
...
009 (15556766.092.000) 10/21 07:50:38 Job was aborted.
	Job removed by SYSTEM_PERIODIC_REMOVE due to wall time exceeded allowed max.
...
