000 (15556765.327.000) 10/21 05:59:06 Job submitted from host: <188.184.90.241:9618?addrs=188.184.90.241-9618+[2001-1458-201-e4--100-2eb]-9618&alias=bigbird15.cern.ch&noUDP&sock=schedd_25064_65d2>
...
040 (15556765.327.000) 10/21 06:01:42 Started transferring input files
	Transferring to host: <188.185.195.52:9618?addrs=188.185.195.52-9618+[2001-1458-303-22--100-30]-9618&alias=b9p17p3007.cern.ch&noUDP&sock=slot1_18_5708_8d61_60609>
...
040 (15556765.327.000) 10/21 06:01:42 Finished transferring input files
...
001 (15556765.327.000) 10/21 06:01:43 Job executing on host: <188.185.195.52:9618?addrs=188.185.195.52-9618+[2001-1458-303-22--100-30]-9618&alias=b9p17p3007.cern.ch&noUDP&sock=startd_4567_291d>
	SlotName: slot1_18@b9p17p3007.cern.ch
	CondorScratchDir = "/pool/condor/dir_1173988"
	Cpus = 1
	Disk = 2920377
	Memory = 2000
...
006 (15556765.327.000) 10/21 06:01:52 Image size of job updated: 514116
	502  -  MemoryUsage of job (MB)
	513904  -  ResidentSetSize of job (KB)
...
006 (15556765.327.000) 10/21 06:06:53 Image size of job updated: 1762884
	1719  -  MemoryUsage of job (MB)
	1760248  -  ResidentSetSize of job (KB)
...
040 (15556765.327.000) 10/21 06:09:31 Started transferring output files
...
040 (15556765.327.000) 10/21 06:09:31 Finished transferring output files
...
005 (15556765.327.000) 10/21 06:09:32 Job terminated.
	(1) Normal termination (return value 0)
		Usr 0 00:04:39, Sys 0 00:00:07  -  Run Remote Usage
		Usr 0 00:00:00, Sys 0 00:00:00  -  Run Local Usage
		Usr 0 00:04:39, Sys 0 00:00:07  -  Total Remote Usage
		Usr 0 00:00:00, Sys 0 00:00:00  -  Total Local Usage
	8012  -  Run Bytes Sent By Job
	229  -  Run Bytes Received By Job
	8012  -  Total Bytes Sent By Job
	229  -  Total Bytes Received By Job
	Partitionable Resources :    Usage  Request Allocated 
	   Cpus                 :        0        1         1 
	   Disk (KB)            :       49        1   2920377 
	   Memory (MB)          :     1719     2000      2000 

	Job terminated of its own accord at 2024-10-21T04:09:31Z with exit-code 0.
...
