000 (15556765.511.000) 10/21 05:59:06 Job submitted from host: <188.184.90.241:9618?addrs=188.184.90.241-9618+[2001-1458-201-e4--100-2eb]-9618&alias=bigbird15.cern.ch&noUDP&sock=schedd_25064_65d2>
...
040 (15556765.511.000) 10/21 06:05:42 Started transferring input files
	Transferring to host: <188.185.196.9:9618?addrs=188.185.196.9-9618+[2001-1458-303-23--100-5]-9618&alias=b9p16p6656.cern.ch&noUDP&sock=slot1_22_6122_40b2_3933>
...
040 (15556765.511.000) 10/21 06:05:42 Finished transferring input files
...
001 (15556765.511.000) 10/21 06:05:43 Job executing on host: <188.185.196.9:9618?addrs=188.185.196.9-9618+[2001-1458-303-23--100-5]-9618&alias=b9p16p6656.cern.ch&noUDP&sock=startd_4850_466b>
	SlotName: slot1_22@b9p16p6656.cern.ch
	CondorScratchDir = "/pool/condor/dir_2287066"
	Cpus = 1
	Disk = 3772
	GPUs = 0
	Memory = 2000
...
006 (15556765.511.000) 10/21 06:05:52 Image size of job updated: 183028
	179  -  MemoryUsage of job (MB)
	183028  -  ResidentSetSize of job (KB)
...
006 (15556765.511.000) 10/21 06:10:53 Image size of job updated: 757720
	740  -  MemoryUsage of job (MB)
	757720  -  ResidentSetSize of job (KB)
...
040 (15556765.511.000) 10/21 06:12:57 Started transferring output files
...
040 (15556765.511.000) 10/21 06:12:57 Finished transferring output files
...
005 (15556765.511.000) 10/21 06:12:57 Job terminated.
	(1) Normal termination (return value 0)
		Usr 0 00:05:49, Sys 0 00:00:05  -  Run Remote Usage
		Usr 0 00:00:00, Sys 0 00:00:00  -  Run Local Usage
		Usr 0 00:05:49, Sys 0 00:00:05  -  Total Remote Usage
		Usr 0 00:00:00, Sys 0 00:00:00  -  Total Local Usage
	13612  -  Run Bytes Sent By Job
	229  -  Run Bytes Received By Job
	13612  -  Total Bytes Sent By Job
	229  -  Total Bytes Received By Job
	Partitionable Resources :    Usage  Request Allocated 
	   Cpus                 :     0.86        1         1 
	   Disk (KB)            :    55           1      3772 
	   GPUs                 :                           0 
	   Memory (MB)          :   740        2000      2000 

	Job terminated of its own accord at 2024-10-21T04:12:57Z with exit-code 0.
...
