000 (15556765.390.000) 10/21 05:59:06 Job submitted from host: <188.184.90.241:9618?addrs=188.184.90.241-9618+[2001-1458-201-e4--100-2eb]-9618&alias=bigbird15.cern.ch&noUDP&sock=schedd_25064_65d2>
...
040 (15556765.390.000) 10/21 06:02:30 Started transferring input files
	Transferring to host: <188.185.208.165:9618?addrs=188.185.208.165-9618+[2001-1458-303-10--100-22]-9618&alias=b9p10p4119.cern.ch&noUDP&sock=slot1_11_5895_4f89_251890>
...
040 (15556765.390.000) 10/21 06:02:30 Finished transferring input files
...
001 (15556765.390.000) 10/21 06:02:31 Job executing on host: <188.185.208.165:9618?addrs=188.185.208.165-9618+[2001-1458-303-10--100-22]-9618&alias=b9p10p4119.cern.ch&noUDP&sock=startd_4860_225d>
	SlotName: slot1_11@b9p10p4119.cern.ch
	CondorScratchDir = "/pool/condor/dir_3422361"
	Cpus = 1
	Disk = 2477577
	Memory = 2000
...
006 (15556765.390.000) 10/21 06:02:40 Image size of job updated: 153996
	151  -  MemoryUsage of job (MB)
	153980  -  ResidentSetSize of job (KB)
...
006 (15556765.390.000) 10/21 06:07:41 Image size of job updated: 759324
	740  -  MemoryUsage of job (MB)
	756888  -  ResidentSetSize of job (KB)
...
040 (15556765.390.000) 10/21 06:08:29 Started transferring output files
...
040 (15556765.390.000) 10/21 06:08:29 Finished transferring output files
...
005 (15556765.390.000) 10/21 06:08:29 Job terminated.
	(1) Normal termination (return value 0)
		Usr 0 00:05:04, Sys 0 00:00:07  -  Run Remote Usage
		Usr 0 00:00:00, Sys 0 00:00:00  -  Run Local Usage
		Usr 0 00:05:04, Sys 0 00:00:07  -  Total Remote Usage
		Usr 0 00:00:00, Sys 0 00:00:00  -  Total Local Usage
	13256  -  Run Bytes Sent By Job
	229  -  Run Bytes Received By Job
	13256  -  Total Bytes Sent By Job
	229  -  Total Bytes Received By Job
	Partitionable Resources :    Usage  Request Allocated 
	   Cpus                 :        0        1         1 
	   Disk (KB)            :       59        1   2477577 
	   Memory (MB)          :      740     2000      2000 

	Job terminated of its own accord at 2024-10-21T04:08:29Z with exit-code 0.
...
