000 (15556765.609.000) 10/21 05:59:06 Job submitted from host: <188.184.90.241:9618?addrs=188.184.90.241-9618+[2001-1458-201-e4--100-2eb]-9618&alias=bigbird15.cern.ch&noUDP&sock=schedd_25064_65d2>
...
040 (15556765.609.000) 10/21 06:06:17 Started transferring input files
	Transferring to host: <188.185.194.33:9618?addrs=188.185.194.33-9618+[2001-1458-303-21--100-1d]-9618&alias=b9p20p5315.cern.ch&noUDP&sock=slot1_30_8212_d8c7_3683>
...
040 (15556765.609.000) 10/21 06:06:17 Finished transferring input files
...
001 (15556765.609.000) 10/21 06:06:18 Job executing on host: <188.185.194.33:9618?addrs=188.185.194.33-9618+[2001-1458-303-21--100-1d]-9618&alias=b9p20p5315.cern.ch&noUDP&sock=startd_6864_b628>
	SlotName: slot1_30@b9p20p5315.cern.ch
	CondorScratchDir = "/pool/condor/dir_1781647"
	Cpus = 1
	Disk = 3853
	GPUs = 0
	Memory = 2000
...
006 (15556765.609.000) 10/21 06:06:27 Image size of job updated: 614632
	601  -  MemoryUsage of job (MB)
	614632  -  ResidentSetSize of job (KB)
...
006 (15556765.609.000) 10/21 06:11:28 Image size of job updated: 2281336
	2228  -  MemoryUsage of job (MB)
	2281336  -  ResidentSetSize of job (KB)
...
006 (15556765.609.000) 10/21 06:16:29 Image size of job updated: 2292488
	2239  -  MemoryUsage of job (MB)
	2292488  -  ResidentSetSize of job (KB)
...
006 (15556765.609.000) 10/21 06:21:29 Image size of job updated: 2296264
	2243  -  MemoryUsage of job (MB)
	2296264  -  ResidentSetSize of job (KB)
...
040 (15556765.609.000) 10/21 06:26:29 Started transferring output files
...
040 (15556765.609.000) 10/21 06:26:29 Finished transferring output files
...
009 (15556765.609.000) 10/21 06:26:29 Job was aborted.
	Job removed by SYSTEM_PERIODIC_REMOVE due to wall time exceeded allowed max.
...
