000 (15556765.126.000) 10/21 05:59:05 Job submitted from host: <188.184.90.241:9618?addrs=188.184.90.241-9618+[2001-1458-201-e4--100-2eb]-9618&alias=bigbird15.cern.ch&noUDP&sock=schedd_25064_65d2>
...
040 (15556765.126.000) 10/21 06:00:29 Started transferring input files
	Transferring to host: <128.142.161.124:9618?addrs=128.142.161.124-9618+[2001-1458-301-b8--100-3a]-9618&alias=b9g03p3589.cern.ch&noUDP&sock=slot1_5_6297_8e59_3062>
...
040 (15556765.126.000) 10/21 06:00:30 Finished transferring input files
...
001 (15556765.126.000) 10/21 06:00:30 Job executing on host: <128.142.161.124:9618?addrs=128.142.161.124-9618+[2001-1458-301-b8--100-3a]-9618&alias=b9g03p3589.cern.ch&noUDP&sock=startd_5579_4ef5>
	SlotName: slot1_5@b9g03p3589.cern.ch
	CondorScratchDir = "/pool/condor/dir_3909321"
	Cpus = 1
	Disk = 4015
	GPUs = 0
	Memory = 2000
...
006 (15556765.126.000) 10/21 06:00:40 Image size of job updated: 600260
	587  -  MemoryUsage of job (MB)
	600260  -  ResidentSetSize of job (KB)
...
006 (15556765.126.000) 10/21 06:05:40 Image size of job updated: 2510480
	2452  -  MemoryUsage of job (MB)
	2510480  -  ResidentSetSize of job (KB)
...
040 (15556765.126.000) 10/21 06:14:52 Started transferring output files
...
040 (15556765.126.000) 10/21 06:14:52 Finished transferring output files
...
005 (15556765.126.000) 10/21 06:14:52 Job terminated.
	(1) Normal termination (return value 0)
		Usr 0 00:12:51, Sys 0 00:00:06  -  Run Remote Usage
		Usr 0 00:00:00, Sys 0 00:00:00  -  Run Local Usage
		Usr 0 00:12:51, Sys 0 00:00:06  -  Total Remote Usage
		Usr 0 00:00:00, Sys 0 00:00:00  -  Total Local Usage
	12517  -  Run Bytes Sent By Job
	229  -  Run Bytes Received By Job
	12517  -  Total Bytes Sent By Job
	229  -  Total Bytes Received By Job
	Partitionable Resources :    Usage  Request Allocated 
	   Cpus                 :     0.91        1         1 
	   Disk (KB)            :    54           1      4015 
	   GPUs                 :                           0 
	   Memory (MB)          :  2452        2000      2000 

	Job terminated of its own accord at 2024-10-21T04:14:52Z with exit-code 0.
...
