000 (15556765.266.000) 10/21 05:59:05 Job submitted from host: <188.184.90.241:9618?addrs=188.184.90.241-9618+[2001-1458-201-e4--100-2eb]-9618&alias=bigbird15.cern.ch&noUDP&sock=schedd_25064_65d2>
...
040 (15556765.266.000) 10/21 06:01:19 Started transferring input files
	Transferring to host: <188.185.207.204:9618?addrs=188.185.207.204-9618+[2001-1458-303-e--100-49]-9618&alias=b9p08p5225.cern.ch&noUDP&sock=slot1_30_4471_f94f_28145>
...
040 (15556765.266.000) 10/21 06:01:19 Finished transferring input files
...
001 (15556765.266.000) 10/21 06:01:21 Job executing on host: <188.185.207.204:9618?addrs=188.185.207.204-9618+[2001-1458-303-e--100-49]-9618&alias=b9p08p5225.cern.ch&noUDP&sock=startd_3789_846f>
	SlotName: slot1_30@b9p08p5225.cern.ch
	CondorScratchDir = "/pool/condor/dir_3419661"
	Cpus = 1
	Disk = 2733857
	Memory = 2000
...
006 (15556765.266.000) 10/21 06:01:29 Image size of job updated: 166428
	163  -  MemoryUsage of job (MB)
	166076  -  ResidentSetSize of job (KB)
...
006 (15556765.266.000) 10/21 06:06:29 Image size of job updated: 967464
	941  -  MemoryUsage of job (MB)
	963528  -  ResidentSetSize of job (KB)
...
006 (15556765.266.000) 10/21 06:11:30 Image size of job updated: 967464
	942  -  MemoryUsage of job (MB)
	963740  -  ResidentSetSize of job (KB)
...
006 (15556765.266.000) 10/21 06:16:30 Image size of job updated: 967464
	942  -  MemoryUsage of job (MB)
	963956  -  ResidentSetSize of job (KB)
...
006 (15556765.266.000) 10/21 06:21:30 Image size of job updated: 967464
	942  -  MemoryUsage of job (MB)
	964332  -  ResidentSetSize of job (KB)
...
040 (15556765.266.000) 10/21 06:21:30 Started transferring output files
...
040 (15556765.266.000) 10/21 06:21:30 Finished transferring output files
...
009 (15556765.266.000) 10/21 06:21:30 Job was aborted.
	Job removed by SYSTEM_PERIODIC_REMOVE due to wall time exceeded allowed max.
...
