000 (15556765.188.000) 10/21 05:59:05 Job submitted from host: <188.184.90.241:9618?addrs=188.184.90.241-9618+[2001-1458-201-e4--100-2eb]-9618&alias=bigbird15.cern.ch&noUDP&sock=schedd_25064_65d2>
...
040 (15556765.188.000) 10/21 06:00:49 Started transferring input files
	Transferring to host: <188.185.208.165:9618?addrs=188.185.208.165-9618+[2001-1458-303-10--100-22]-9618&alias=b9p10p4119.cern.ch&noUDP&sock=slot1_11_5895_4f89_251888>
...
040 (15556765.188.000) 10/21 06:00:49 Finished transferring input files
...
001 (15556765.188.000) 10/21 06:00:51 Job executing on host: <188.185.208.165:9618?addrs=188.185.208.165-9618+[2001-1458-303-10--100-22]-9618&alias=b9p10p4119.cern.ch&noUDP&sock=startd_4860_225d>
	SlotName: slot1_11@b9p10p4119.cern.ch
	CondorScratchDir = "/pool/condor/dir_3408961"
	Cpus = 1
	Disk = 2479162
	Memory = 2000
...
006 (15556765.188.000) 10/21 06:01:00 Image size of job updated: 228852
	224  -  MemoryUsage of job (MB)
	228852  -  ResidentSetSize of job (KB)
...
006 (15556765.188.000) 10/21 06:02:30 Image size of job updated: 1044392
	224  -  MemoryUsage of job (MB)
	228852  -  ResidentSetSize of job (KB)
...
040 (15556765.188.000) 10/21 06:02:30 Started transferring output files
...
040 (15556765.188.000) 10/21 06:02:30 Finished transferring output files
...
005 (15556765.188.000) 10/21 06:02:30 Job terminated.
	(1) Normal termination (return value 0)
		Usr 0 00:01:14, Sys 0 00:00:06  -  Run Remote Usage
		Usr 0 00:00:00, Sys 0 00:00:00  -  Run Local Usage
		Usr 0 00:01:14, Sys 0 00:00:06  -  Total Remote Usage
		Usr 0 00:00:00, Sys 0 00:00:00  -  Total Local Usage
	2004  -  Run Bytes Sent By Job
	229  -  Run Bytes Received By Job
	2004  -  Total Bytes Sent By Job
	229  -  Total Bytes Received By Job
	Partitionable Resources :    Usage  Request Allocated 
	   Cpus                 :        0        1         1 
	   Disk (KB)            :       47        1   2479162 
	   Memory (MB)          :      224     2000      2000 

	Job terminated of its own accord at 2024-10-21T04:02:30Z with exit-code 0.
...
