000 (15556765.155.000) 10/21 05:59:05 Job submitted from host: <188.184.90.241:9618?addrs=188.184.90.241-9618+[2001-1458-201-e4--100-2eb]-9618&alias=bigbird15.cern.ch&noUDP&sock=schedd_25064_65d2>
...
040 (15556765.155.000) 10/21 06:00:39 Started transferring input files
	Transferring to host: <188.185.210.101:9618?addrs=188.185.210.101-9618+[2001-1458-303-1--100-61]-9618&alias=b9p21p0502.cern.ch&noUDP&sock=slot1_2_1860240_1d77_8291>
...
040 (15556765.155.000) 10/21 06:00:39 Finished transferring input files
...
001 (15556765.155.000) 10/21 06:00:40 Job executing on host: <188.185.210.101:9618?addrs=188.185.210.101-9618+[2001-1458-303-1--100-61]-9618&alias=b9p21p0502.cern.ch&noUDP&sock=startd_192079_cbc8>
	SlotName: slot1_2@b9p21p0502.cern.ch
	CondorScratchDir = "/pool/condor/dir_943987"
	Cpus = 1
	Disk = 2945084
	Memory = 2000
...
006 (15556765.155.000) 10/21 06:00:48 Image size of job updated: 535540
	523  -  MemoryUsage of job (MB)
	535296  -  ResidentSetSize of job (KB)
...
006 (15556765.155.000) 10/21 06:05:48 Image size of job updated: 1778120
	1727  -  MemoryUsage of job (MB)
	1767800  -  ResidentSetSize of job (KB)
...
040 (15556765.155.000) 10/21 06:09:01 Started transferring output files
...
040 (15556765.155.000) 10/21 06:09:01 Finished transferring output files
...
005 (15556765.155.000) 10/21 06:09:01 Job terminated.
	(1) Normal termination (return value 0)
		Usr 0 00:04:44, Sys 0 00:00:08  -  Run Remote Usage
		Usr 0 00:00:00, Sys 0 00:00:00  -  Run Local Usage
		Usr 0 00:04:44, Sys 0 00:00:08  -  Total Remote Usage
		Usr 0 00:00:00, Sys 0 00:00:00  -  Total Local Usage
	6389  -  Run Bytes Sent By Job
	229  -  Run Bytes Received By Job
	6389  -  Total Bytes Sent By Job
	229  -  Total Bytes Received By Job
	Partitionable Resources :    Usage  Request Allocated 
	   Cpus                 :        0        1         1 
	   Disk (KB)            :       47        1   2945084 
	   Memory (MB)          :     1727     2000      2000 

	Job terminated of its own accord at 2024-10-21T04:09:01Z with exit-code 0.
...
