000 (15556765.510.000) 10/21 05:59:06 Job submitted from host: <188.184.90.241:9618?addrs=188.184.90.241-9618+[2001-1458-201-e4--100-2eb]-9618&alias=bigbird15.cern.ch&noUDP&sock=schedd_25064_65d2>
...
040 (15556765.510.000) 10/21 06:05:41 Started transferring input files
	Transferring to host: <188.185.194.83:9618?addrs=188.185.194.83-9618+[2001-1458-303-21--100-4f]-9618&alias=b9p20p9029.cern.ch&noUDP&sock=slot1_29_8494_8a92_3411>
...
040 (15556765.510.000) 10/21 06:05:41 Finished transferring input files
...
001 (15556765.510.000) 10/21 06:05:42 Job executing on host: <188.185.194.83:9618?addrs=188.185.194.83-9618+[2001-1458-303-21--100-4f]-9618&alias=b9p20p9029.cern.ch&noUDP&sock=startd_7304_83d4>
	SlotName: slot1_29@b9p20p9029.cern.ch
	CondorScratchDir = "/pool/condor/dir_259322"
	Cpus = 1
	Disk = 3785
	GPUs = 0
	Memory = 2000
...
006 (15556765.510.000) 10/21 06:05:51 Image size of job updated: 533364
	521  -  MemoryUsage of job (MB)
	533364  -  ResidentSetSize of job (KB)
...
006 (15556765.510.000) 10/21 06:10:52 Image size of job updated: 1716380
	1677  -  MemoryUsage of job (MB)
	1716380  -  ResidentSetSize of job (KB)
...
040 (15556765.510.000) 10/21 06:16:46 Started transferring output files
...
040 (15556765.510.000) 10/21 06:16:46 Finished transferring output files
...
005 (15556765.510.000) 10/21 06:16:46 Job terminated.
	(1) Normal termination (return value 0)
		Usr 0 00:07:20, Sys 0 00:00:10  -  Run Remote Usage
		Usr 0 00:00:00, Sys 0 00:00:00  -  Run Local Usage
		Usr 0 00:07:20, Sys 0 00:00:10  -  Total Remote Usage
		Usr 0 00:00:00, Sys 0 00:00:00  -  Total Local Usage
	12972  -  Run Bytes Sent By Job
	229  -  Run Bytes Received By Job
	12972  -  Total Bytes Sent By Job
	229  -  Total Bytes Received By Job
	Partitionable Resources :    Usage  Request Allocated 
	   Cpus                 :        0        1         1 
	   Disk (KB)            :       55        1      3785 
	   GPUs                 :                           0 
	   Memory (MB)          :     1677     2000      2000 

	Job terminated of its own accord at 2024-10-21T04:16:46Z with exit-code 0.
...
