000 (15556765.221.000) 10/21 05:59:05 Job submitted from host: <188.184.90.241:9618?addrs=188.184.90.241-9618+[2001-1458-201-e4--100-2eb]-9618&alias=bigbird15.cern.ch&noUDP&sock=schedd_25064_65d2>
...
040 (15556765.221.000) 10/21 06:01:02 Started transferring input files
	Transferring to host: <188.185.213.148:9618?addrs=188.185.213.148-9618+[2001-1458-303-1b--100-10]-9618&alias=b9p28p0002.cern.ch&noUDP&sock=slot1_11_8150_2984_4904>
...
040 (15556765.221.000) 10/21 06:01:03 Finished transferring input files
...
001 (15556765.221.000) 10/21 06:01:04 Job executing on host: <188.185.213.148:9618?addrs=188.185.213.148-9618+[2001-1458-303-1b--100-10]-9618&alias=b9p28p0002.cern.ch&noUDP&sock=startd_6842_9f12>
	SlotName: slot1_11@b9p28p0002.cern.ch
	CondorScratchDir = "/pool/condor/dir_3951199"
	Cpus = 1
	Disk = 3753
	GPUs = 0
	Memory = 2000
...
006 (15556765.221.000) 10/21 06:01:12 Image size of job updated: 140284
	137  -  MemoryUsage of job (MB)
	140284  -  ResidentSetSize of job (KB)
...
006 (15556765.221.000) 10/21 06:06:12 Image size of job updated: 955068
	933  -  MemoryUsage of job (MB)
	955068  -  ResidentSetSize of job (KB)
...
006 (15556765.221.000) 10/21 06:11:13 Image size of job updated: 955356
	933  -  MemoryUsage of job (MB)
	955356  -  ResidentSetSize of job (KB)
...
006 (15556765.221.000) 10/21 06:16:13 Image size of job updated: 955564
	934  -  MemoryUsage of job (MB)
	955564  -  ResidentSetSize of job (KB)
...
006 (15556765.221.000) 10/21 06:21:13 Image size of job updated: 955676
	934  -  MemoryUsage of job (MB)
	955676  -  ResidentSetSize of job (KB)
...
040 (15556765.221.000) 10/21 06:21:13 Started transferring output files
...
040 (15556765.221.000) 10/21 06:21:13 Finished transferring output files
...
009 (15556765.221.000) 10/21 06:21:13 Job was aborted.
	Job removed by SYSTEM_PERIODIC_REMOVE due to wall time exceeded allowed max.
...
