000 (15556765.166.000) 10/21 05:59:05 Job submitted from host: <188.184.90.241:9618?addrs=188.184.90.241-9618+[2001-1458-201-e4--100-2eb]-9618&alias=bigbird15.cern.ch&noUDP&sock=schedd_25064_65d2>
...
040 (15556765.166.000) 10/21 06:00:42 Started transferring input files
	Transferring to host: <188.185.207.226:9618?addrs=188.185.207.226-9618+[2001-1458-303-e--100-5f]-9618&alias=b9p08p5331.cern.ch&noUDP&sock=slot1_19_6252_d977_249849>
...
040 (15556765.166.000) 10/21 06:00:42 Finished transferring input files
...
001 (15556765.166.000) 10/21 06:00:44 Job executing on host: <188.185.207.226:9618?addrs=188.185.207.226-9618+[2001-1458-303-e--100-5f]-9618&alias=b9p08p5331.cern.ch&noUDP&sock=startd_5081_b8cb>
	SlotName: slot1_19@b9p08p5331.cern.ch
	CondorScratchDir = "/pool/condor/dir_1644707"
	Cpus = 1
	Disk = 2437845
	Memory = 2000
...
006 (15556765.166.000) 10/21 06:00:52 Image size of job updated: 154000
	151  -  MemoryUsage of job (MB)
	153720  -  ResidentSetSize of job (KB)
...
006 (15556765.166.000) 10/21 06:05:52 Image size of job updated: 1027736
	1002  -  MemoryUsage of job (MB)
	1025440  -  ResidentSetSize of job (KB)
...
006 (15556765.166.000) 10/21 06:08:36 Image size of job updated: 1028024
	1002  -  MemoryUsage of job (MB)
	1025440  -  ResidentSetSize of job (KB)
...
040 (15556765.166.000) 10/21 06:08:36 Started transferring output files
...
040 (15556765.166.000) 10/21 06:08:36 Finished transferring output files
...
005 (15556765.166.000) 10/21 06:08:36 Job terminated.
	(1) Normal termination (return value 0)
		Usr 0 00:04:47, Sys 0 00:00:08  -  Run Remote Usage
		Usr 0 00:00:00, Sys 0 00:00:00  -  Run Local Usage
		Usr 0 00:04:47, Sys 0 00:00:08  -  Total Remote Usage
		Usr 0 00:00:00, Sys 0 00:00:00  -  Total Local Usage
	6816  -  Run Bytes Sent By Job
	229  -  Run Bytes Received By Job
	6816  -  Total Bytes Sent By Job
	229  -  Total Bytes Received By Job
	Partitionable Resources :    Usage  Request Allocated 
	   Cpus                 :     0.89        1         1 
	   Disk (KB)            :    50           1   2437845 
	   Memory (MB)          :  1002        2000      2000 

	Job terminated of its own accord at 2024-10-21T04:08:36Z with exit-code 0.
...
