000 (15556765.591.000) 10/21 05:59:06 Job submitted from host: <188.184.90.241:9618?addrs=188.184.90.241-9618+[2001-1458-201-e4--100-2eb]-9618&alias=bigbird15.cern.ch&noUDP&sock=schedd_25064_65d2>
...
040 (15556765.591.000) 10/21 06:06:40 Started transferring input files
	Transferring to host: <188.185.194.58:9618?addrs=188.185.194.58-9618+[2001-1458-303-21--100-36]-9618&alias=b9p20p2508.cern.ch&noUDP&sock=slot1_27_2961159_24f8_7943>
...
040 (15556765.591.000) 10/21 06:06:40 Finished transferring input files
...
001 (15556765.591.000) 10/21 06:06:41 Job executing on host: <188.185.194.58:9618?addrs=188.185.194.58-9618+[2001-1458-303-21--100-36]-9618&alias=b9p20p2508.cern.ch&noUDP&sock=startd_174974_3052>
	SlotName: slot1_27@b9p20p2508.cern.ch
	CondorScratchDir = "/pool/condor/dir_2140761"
	Cpus = 1
	Disk = 2939609
	Memory = 2000
...
006 (15556765.591.000) 10/21 06:06:50 Image size of job updated: 240504
	235  -  MemoryUsage of job (MB)
	240368  -  ResidentSetSize of job (KB)
...
006 (15556765.591.000) 10/21 06:11:51 Image size of job updated: 758660
	738  -  MemoryUsage of job (MB)
	755408  -  ResidentSetSize of job (KB)
...
006 (15556765.591.000) 10/21 06:16:51 Image size of job updated: 758660
	739  -  MemoryUsage of job (MB)
	756048  -  ResidentSetSize of job (KB)
...
006 (15556765.591.000) 10/21 06:21:51 Image size of job updated: 758816
	739  -  MemoryUsage of job (MB)
	756048  -  ResidentSetSize of job (KB)
...
040 (15556765.591.000) 10/21 06:22:10 Started transferring output files
...
040 (15556765.591.000) 10/21 06:22:10 Finished transferring output files
...
005 (15556765.591.000) 10/21 06:22:10 Job terminated.
	(1) Normal termination (return value 0)
		Usr 0 00:14:10, Sys 0 00:00:05  -  Run Remote Usage
		Usr 0 00:00:00, Sys 0 00:00:00  -  Run Local Usage
		Usr 0 00:14:10, Sys 0 00:00:05  -  Total Remote Usage
		Usr 0 00:00:00, Sys 0 00:00:00  -  Total Local Usage
	27085  -  Run Bytes Sent By Job
	229  -  Run Bytes Received By Job
	27085  -  Total Bytes Sent By Job
	229  -  Total Bytes Received By Job
	Partitionable Resources :    Usage  Request Allocated 
	   Cpus                 :     0.87        1         1 
	   Disk (KB)            :    67           1   2939609 
	   Memory (MB)          :   739        2000      2000 

	Job terminated of its own accord at 2024-10-21T04:22:10Z with exit-code 0.
...
