000 (15556765.041.000) 10/21 05:59:05 Job submitted from host: <188.184.90.241:9618?addrs=188.184.90.241-9618+[2001-1458-201-e4--100-2eb]-9618&alias=bigbird15.cern.ch&noUDP&sock=schedd_25064_65d2>
...
040 (15556765.041.000) 10/21 06:00:01 Started transferring input files
	Transferring to host: <188.185.210.201:9618?addrs=188.185.210.201-9618+[2001-1458-303-15--100-45]-9618&alias=b9p22p5174.cern.ch&noUDP&sock=slot1_9_6436_7e7f_5845>
...
040 (15556765.041.000) 10/21 06:00:01 Finished transferring input files
...
001 (15556765.041.000) 10/21 06:00:02 Job executing on host: <188.185.210.201:9618?addrs=188.185.210.201-9618+[2001-1458-303-15--100-45]-9618&alias=b9p22p5174.cern.ch&noUDP&sock=startd_5270_5c31>
	SlotName: slot1_9@b9p22p5174.cern.ch
	CondorScratchDir = "/pool/condor/dir_2155954"
	Cpus = 1
	Disk = 3735
	GPUs = 0
	Memory = 2000
...
006 (15556765.041.000) 10/21 06:00:11 Image size of job updated: 89848
	88  -  MemoryUsage of job (MB)
	89848  -  ResidentSetSize of job (KB)
...
006 (15556765.041.000) 10/21 06:05:12 Image size of job updated: 1043700
	1020  -  MemoryUsage of job (MB)
	1043700  -  ResidentSetSize of job (KB)
...
006 (15556765.041.000) 10/21 06:10:12 Image size of job updated: 1043720
	1020  -  MemoryUsage of job (MB)
	1043720  -  ResidentSetSize of job (KB)
...
040 (15556765.041.000) 10/21 06:13:25 Started transferring output files
...
040 (15556765.041.000) 10/21 06:13:25 Finished transferring output files
...
005 (15556765.041.000) 10/21 06:13:25 Job terminated.
	(1) Normal termination (return value 0)
		Usr 0 00:02:14, Sys 0 00:00:09  -  Run Remote Usage
		Usr 0 00:00:00, Sys 0 00:00:00  -  Run Local Usage
		Usr 0 00:02:14, Sys 0 00:00:09  -  Total Remote Usage
		Usr 0 00:00:00, Sys 0 00:00:00  -  Total Local Usage
	2888  -  Run Bytes Sent By Job
	229  -  Run Bytes Received By Job
	2888  -  Total Bytes Sent By Job
	229  -  Total Bytes Received By Job
	Partitionable Resources :    Usage  Request Allocated 
	   Cpus                 :        0        1         1 
	   Disk (KB)            :       44        1      3735 
	   GPUs                 :                           0 
	   Memory (MB)          :     1020     2000      2000 

	Job terminated of its own accord at 2024-10-21T04:13:25Z with exit-code 0.
...
000 (15556766.041.000) 10/21 07:29:08 Job submitted from host: <188.184.90.241:9618?addrs=188.184.90.241-9618+[2001-1458-201-e4--100-2eb]-9618&alias=bigbird15.cern.ch&noUDP&sock=schedd_25064_65d2>
...
040 (15556766.041.000) 10/21 07:30:09 Started transferring input files
	Transferring to host: <128.142.196.51:9618?addrs=128.142.196.51-9618+[2001-1458-301-3c--100-31]-9618&alias=b9g32p1086.cern.ch&noUDP&sock=slot1_3_2986_a833_3436>
...
040 (15556766.041.000) 10/21 07:30:09 Finished transferring input files
...
001 (15556766.041.000) 10/21 07:30:10 Job executing on host: <128.142.196.51:9618?addrs=128.142.196.51-9618+[2001-1458-301-3c--100-31]-9618&alias=b9g32p1086.cern.ch&noUDP&sock=startd_2623_bd01>
	SlotName: slot1_3@b9g32p1086.cern.ch
	CondorScratchDir = "/pool/condor/dir_1915688"
	Cpus = 1
	Disk = 3856
	GPUs = 0
	Memory = 2000
...
006 (15556766.041.000) 10/21 07:30:18 Image size of job updated: 701492
	686  -  MemoryUsage of job (MB)
	701492  -  ResidentSetSize of job (KB)
...
006 (15556766.041.000) 10/21 07:35:18 Image size of job updated: 1889708
	1846  -  MemoryUsage of job (MB)
	1889708  -  ResidentSetSize of job (KB)
...
006 (15556766.041.000) 10/21 07:40:19 Image size of job updated: 1889836
	1846  -  MemoryUsage of job (MB)
	1889836  -  ResidentSetSize of job (KB)
...
040 (15556766.041.000) 10/21 07:46:30 Started transferring output files
...
040 (15556766.041.000) 10/21 07:46:30 Finished transferring output files
...
005 (15556766.041.000) 10/21 07:46:30 Job terminated.
	(1) Normal termination (return value 0)
		Usr 0 00:13:57, Sys 0 00:00:11  -  Run Remote Usage
		Usr 0 00:00:00, Sys 0 00:00:00  -  Run Local Usage
		Usr 0 00:13:57, Sys 0 00:00:11  -  Total Remote Usage
		Usr 0 00:00:00, Sys 0 00:00:00  -  Total Local Usage
	25423  -  Run Bytes Sent By Job
	229  -  Run Bytes Received By Job
	25423  -  Total Bytes Sent By Job
	229  -  Total Bytes Received By Job
	Partitionable Resources :    Usage  Request Allocated 
	   Cpus                 :     0.94        1         1 
	   Disk (KB)            :    66           1      3856 
	   GPUs                 :                           0 
	   Memory (MB)          :  1846        2000      2000 

	Job terminated of its own accord at 2024-10-21T05:46:30Z with exit-code 0.
...
