000 (15556765.235.000) 10/21 05:59:05 Job submitted from host: <188.184.90.241:9618?addrs=188.184.90.241-9618+[2001-1458-201-e4--100-2eb]-9618&alias=bigbird15.cern.ch&noUDP&sock=schedd_25064_65d2>
...
040 (15556765.235.000) 10/21 06:01:07 Started transferring input files
	Transferring to host: <128.142.161.83:9618?addrs=128.142.161.83-9618+[2001-1458-301-b8--100-11]-9618&alias=b9g03p4706.cern.ch&noUDP&sock=slot1_14_6845_abef_3203>
...
040 (15556765.235.000) 10/21 06:01:07 Finished transferring input files
...
001 (15556765.235.000) 10/21 06:01:08 Job executing on host: <128.142.161.83:9618?addrs=128.142.161.83-9618+[2001-1458-301-b8--100-11]-9618&alias=b9g03p4706.cern.ch&noUDP&sock=startd_6321_423b>
	SlotName: slot1_14@b9g03p4706.cern.ch
	CondorScratchDir = "/pool/condor/dir_1884786"
	Cpus = 1
	Disk = 4016
	GPUs = 0
	Memory = 2000
...
006 (15556765.235.000) 10/21 06:01:17 Image size of job updated: 162324
	159  -  MemoryUsage of job (MB)
	162324  -  ResidentSetSize of job (KB)
...
006 (15556765.235.000) 10/21 06:06:18 Image size of job updated: 970740
	948  -  MemoryUsage of job (MB)
	970740  -  ResidentSetSize of job (KB)
...
006 (15556765.235.000) 10/21 06:11:18 Image size of job updated: 971376
	949  -  MemoryUsage of job (MB)
	971376  -  ResidentSetSize of job (KB)
...
040 (15556765.235.000) 10/21 06:20:59 Started transferring output files
...
040 (15556765.235.000) 10/21 06:20:59 Finished transferring output files
...
005 (15556765.235.000) 10/21 06:20:59 Job terminated.
	(1) Normal termination (return value 0)
		Usr 0 00:14:52, Sys 0 00:00:08  -  Run Remote Usage
		Usr 0 00:00:00, Sys 0 00:00:00  -  Run Local Usage
		Usr 0 00:14:52, Sys 0 00:00:08  -  Total Remote Usage
		Usr 0 00:00:00, Sys 0 00:00:00  -  Total Local Usage
	14809  -  Run Bytes Sent By Job
	229  -  Run Bytes Received By Job
	14809  -  Total Bytes Sent By Job
	229  -  Total Bytes Received By Job
	Partitionable Resources :    Usage  Request Allocated 
	   Cpus                 :     0.79        1         1 
	   Disk (KB)            :    56           1      4016 
	   GPUs                 :                           0 
	   Memory (MB)          :   949        2000      2000 

	Job terminated of its own accord at 2024-10-21T04:20:59Z with exit-code 0.
...
