000 (15556765.160.000) 10/21 05:59:05 Job submitted from host: <188.184.90.241:9618?addrs=188.184.90.241-9618+[2001-1458-201-e4--100-2eb]-9618&alias=bigbird15.cern.ch&noUDP&sock=schedd_25064_65d2>
...
040 (15556765.160.000) 10/21 06:00:40 Started transferring input files
	Transferring to host: <128.142.192.201:9618?addrs=128.142.192.201-9618+[2001-1458-301-56--100-45]-9618&alias=b9g18p2334.cern.ch&noUDP&sock=slot1_16_3398558_4f12_143075>
...
040 (15556765.160.000) 10/21 06:00:40 Finished transferring input files
...
001 (15556765.160.000) 10/21 06:00:41 Job executing on host: <128.142.192.201:9618?addrs=128.142.192.201-9618+[2001-1458-301-56--100-45]-9618&alias=b9g18p2334.cern.ch&noUDP&sock=startd_3355_d454>
	SlotName: slot1_16@b9g18p2334.cern.ch
	CondorScratchDir = "/pool/condor/dir_2494702"
	Cpus = 1
	Disk = 2840544
	Memory = 2000
...
006 (15556765.160.000) 10/21 06:00:50 Image size of job updated: 157788
	154  -  MemoryUsage of job (MB)
	156784  -  ResidentSetSize of job (KB)
...
006 (15556765.160.000) 10/21 06:04:44 Image size of job updated: 1176056
	211  -  MemoryUsage of job (MB)
	215044  -  ResidentSetSize of job (KB)
...
040 (15556765.160.000) 10/21 06:04:44 Started transferring output files
...
040 (15556765.160.000) 10/21 06:04:44 Finished transferring output files
...
005 (15556765.160.000) 10/21 06:04:44 Job terminated.
	(1) Normal termination (return value 0)
		Usr 0 00:03:25, Sys 0 00:00:06  -  Run Remote Usage
		Usr 0 00:00:00, Sys 0 00:00:00  -  Run Local Usage
		Usr 0 00:03:25, Sys 0 00:00:06  -  Total Remote Usage
		Usr 0 00:00:00, Sys 0 00:00:00  -  Total Local Usage
	3559  -  Run Bytes Sent By Job
	229  -  Run Bytes Received By Job
	3559  -  Total Bytes Sent By Job
	229  -  Total Bytes Received By Job
	Partitionable Resources :    Usage  Request Allocated 
	   Cpus                 :     0.99        1         1 
	   Disk (KB)            :    45           1   2840544 
	   Memory (MB)          :   211        2000      2000 

	Job terminated of its own accord at 2024-10-21T04:04:44Z with exit-code 0.
...
