000 (15556765.672.000) 10/21 05:59:06 Job submitted from host: <188.184.90.241:9618?addrs=188.184.90.241-9618+[2001-1458-201-e4--100-2eb]-9618&alias=bigbird15.cern.ch&noUDP&sock=schedd_25064_65d2>
...
040 (15556765.672.000) 10/21 06:06:40 Started transferring input files
	Transferring to host: <128.142.132.27:9618?addrs=128.142.132.27-9618+[2001-1458-301-5a--100-f]-9618&alias=b9g12p7126.cern.ch&noUDP&sock=slot1_7_2795_148b_3150>
...
040 (15556765.672.000) 10/21 06:06:40 Finished transferring input files
...
001 (15556765.672.000) 10/21 06:06:41 Job executing on host: <128.142.132.27:9618?addrs=128.142.132.27-9618+[2001-1458-301-5a--100-f]-9618&alias=b9g12p7126.cern.ch&noUDP&sock=startd_2433_6a02>
	SlotName: slot1_7@b9g12p7126.cern.ch
	CondorScratchDir = "/pool/condor/dir_1041117"
	Cpus = 1
	Disk = 2689
	GPUs = 0
	Memory = 2000
...
006 (15556765.672.000) 10/21 06:06:50 Image size of job updated: 144612
	142  -  MemoryUsage of job (MB)
	144612  -  ResidentSetSize of job (KB)
...
040 (15556765.672.000) 10/21 06:10:56 Started transferring output files
...
040 (15556765.672.000) 10/21 06:10:56 Finished transferring output files
...
005 (15556765.672.000) 10/21 06:10:56 Job terminated.
	(1) Normal termination (return value 0)
		Usr 0 00:03:46, Sys 0 00:00:07  -  Run Remote Usage
		Usr 0 00:00:00, Sys 0 00:00:00  -  Run Local Usage
		Usr 0 00:03:46, Sys 0 00:00:07  -  Total Remote Usage
		Usr 0 00:00:00, Sys 0 00:00:00  -  Total Local Usage
	6316  -  Run Bytes Sent By Job
	229  -  Run Bytes Received By Job
	6316  -  Total Bytes Sent By Job
	229  -  Total Bytes Received By Job
	Partitionable Resources :    Usage  Request Allocated 
	   Cpus                 :     0.10        1         1 
	   Disk (KB)            :    48           1      2689 
	   GPUs                 :                           0 
	   Memory (MB)          :   142        2000      2000 

	Job terminated of its own accord at 2024-10-21T04:10:56Z with exit-code 0.
...
