000 (15556765.353.000) 10/21 05:59:06 Job submitted from host: <188.184.90.241:9618?addrs=188.184.90.241-9618+[2001-1458-201-e4--100-2eb]-9618&alias=bigbird15.cern.ch&noUDP&sock=schedd_25064_65d2>
...
040 (15556765.353.000) 10/21 06:01:50 Started transferring input files
	Transferring to host: <188.185.214.75:9618?addrs=188.185.214.75-9618+[2001-1458-303-1c--100-47]-9618&alias=b9p29p5305.cern.ch&noUDP&sock=slot1_15_4678_d2f7_5738>
...
040 (15556765.353.000) 10/21 06:01:50 Finished transferring input files
...
001 (15556765.353.000) 10/21 06:01:51 Job executing on host: <188.185.214.75:9618?addrs=188.185.214.75-9618+[2001-1458-303-1c--100-47]-9618&alias=b9p29p5305.cern.ch&noUDP&sock=startd_3906_c503>
	SlotName: slot1_15@b9p29p5305.cern.ch
	CondorScratchDir = "/pool/condor/dir_750367"
	Cpus = 1
	Disk = 3772
	GPUs = 0
	Memory = 2000
...
006 (15556765.353.000) 10/21 06:01:59 Image size of job updated: 146652
	144  -  MemoryUsage of job (MB)
	146652  -  ResidentSetSize of job (KB)
...
006 (15556765.353.000) 10/21 06:06:59 Image size of job updated: 751844
	735  -  MemoryUsage of job (MB)
	751844  -  ResidentSetSize of job (KB)
...
040 (15556765.353.000) 10/21 06:08:43 Started transferring output files
...
040 (15556765.353.000) 10/21 06:08:43 Finished transferring output files
...
005 (15556765.353.000) 10/21 06:08:43 Job terminated.
	(1) Normal termination (return value 0)
		Usr 0 00:05:33, Sys 0 00:00:07  -  Run Remote Usage
		Usr 0 00:00:00, Sys 0 00:00:00  -  Run Local Usage
		Usr 0 00:05:33, Sys 0 00:00:07  -  Total Remote Usage
		Usr 0 00:00:00, Sys 0 00:00:00  -  Total Local Usage
	13258  -  Run Bytes Sent By Job
	229  -  Run Bytes Received By Job
	13258  -  Total Bytes Sent By Job
	229  -  Total Bytes Received By Job
	Partitionable Resources :    Usage  Request Allocated 
	   Cpus                 :        0        1         1 
	   Disk (KB)            :       54        1      3772 
	   GPUs                 :                           0 
	   Memory (MB)          :      735     2000      2000 

	Job terminated of its own accord at 2024-10-21T04:08:43Z with exit-code 0.
...
