000 (15556765.469.000) 10/21 05:59:06 Job submitted from host: <188.184.90.241:9618?addrs=188.184.90.241-9618+[2001-1458-201-e4--100-2eb]-9618&alias=bigbird15.cern.ch&noUDP&sock=schedd_25064_65d2>
...
040 (15556765.469.000) 10/21 06:05:29 Started transferring input files
	Transferring to host: <188.185.196.132:9618?addrs=188.185.196.132-9618+[2001-1458-303-23--100-80]-9618&alias=b9p16p6169.cern.ch&noUDP&sock=slot1_31_8279_0dea_3633>
...
040 (15556765.469.000) 10/21 06:05:29 Finished transferring input files
...
001 (15556765.469.000) 10/21 06:05:30 Job executing on host: <188.185.196.132:9618?addrs=188.185.196.132-9618+[2001-1458-303-23--100-80]-9618&alias=b9p16p6169.cern.ch&noUDP&sock=startd_7285_7b87>
	SlotName: slot1_31@b9p16p6169.cern.ch
	CondorScratchDir = "/pool/condor/dir_2471077"
	Cpus = 1
	Disk = 3833
	GPUs = 0
	Memory = 2000
...
006 (15556765.469.000) 10/21 06:05:38 Image size of job updated: 515288
	504  -  MemoryUsage of job (MB)
	515288  -  ResidentSetSize of job (KB)
...
006 (15556765.469.000) 10/21 06:10:38 Image size of job updated: 1800532
	1759  -  MemoryUsage of job (MB)
	1800532  -  ResidentSetSize of job (KB)
...
040 (15556765.469.000) 10/21 06:14:04 Started transferring output files
...
040 (15556765.469.000) 10/21 06:14:04 Finished transferring output files
...
005 (15556765.469.000) 10/21 06:14:04 Job terminated.
	(1) Normal termination (return value 0)
		Usr 0 00:07:20, Sys 0 00:00:10  -  Run Remote Usage
		Usr 0 00:00:00, Sys 0 00:00:00  -  Run Local Usage
		Usr 0 00:07:20, Sys 0 00:00:10  -  Total Remote Usage
		Usr 0 00:00:00, Sys 0 00:00:00  -  Total Local Usage
	13198  -  Run Bytes Sent By Job
	229  -  Run Bytes Received By Job
	13198  -  Total Bytes Sent By Job
	229  -  Total Bytes Received By Job
	Partitionable Resources :    Usage  Request Allocated 
	   Cpus                 :        0        1         1 
	   Disk (KB)            :       55        1      3833 
	   GPUs                 :                           0 
	   Memory (MB)          :     1759     2000      2000 

	Job terminated of its own accord at 2024-10-21T04:14:04Z with exit-code 0.
...
