000 (15556765.091.000) 10/21 05:59:05 Job submitted from host: <188.184.90.241:9618?addrs=188.184.90.241-9618+[2001-1458-201-e4--100-2eb]-9618&alias=bigbird15.cern.ch&noUDP&sock=schedd_25064_65d2>
...
040 (15556765.091.000) 10/21 06:00:17 Started transferring input files
	Transferring to host: <128.142.131.105:9618?addrs=128.142.131.105-9618+[2001-1458-301-59--100-5d]-9618&alias=b9g11p8246.cern.ch&noUDP&sock=slot1_17_2856_0f6d_41808>
...
040 (15556765.091.000) 10/21 06:00:17 Finished transferring input files
...
001 (15556765.091.000) 10/21 06:00:18 Job executing on host: <128.142.131.105:9618?addrs=128.142.131.105-9618+[2001-1458-301-59--100-5d]-9618&alias=b9g11p8246.cern.ch&noUDP&sock=startd_2491_3281>
	SlotName: slot1_17@b9g11p8246.cern.ch
	CondorScratchDir = "/pool/condor/dir_213934"
	Cpus = 1
	Disk = 1736338
	Memory = 2000
...
006 (15556765.091.000) 10/21 06:00:27 Image size of job updated: 149164
	146  -  MemoryUsage of job (MB)
	149164  -  ResidentSetSize of job (KB)
...
006 (15556765.091.000) 10/21 06:05:28 Image size of job updated: 977056
	955  -  MemoryUsage of job (MB)
	977056  -  ResidentSetSize of job (KB)
...
040 (15556765.091.000) 10/21 06:10:53 Started transferring output files
...
040 (15556765.091.000) 10/21 06:10:53 Finished transferring output files
...
005 (15556765.091.000) 10/21 06:10:53 Job terminated.
	(1) Normal termination (return value 0)
		Usr 0 00:09:28, Sys 0 00:00:08  -  Run Remote Usage
		Usr 0 00:00:00, Sys 0 00:00:00  -  Run Local Usage
		Usr 0 00:09:28, Sys 0 00:00:08  -  Total Remote Usage
		Usr 0 00:00:00, Sys 0 00:00:00  -  Total Local Usage
	7999  -  Run Bytes Sent By Job
	229  -  Run Bytes Received By Job
	7999  -  Total Bytes Sent By Job
	229  -  Total Bytes Received By Job
	Partitionable Resources :    Usage  Request Allocated 
	   Cpus                 :     0.88        1         1 
	   Disk (KB)            :    49           1   1736338 
	   Memory (MB)          :   955        2000      2000 

	Job terminated of its own accord at 2024-10-21T04:10:53Z with exit-code 0.
...
000 (15556766.091.000) 10/21 07:29:12 Job submitted from host: <188.184.90.241:9618?addrs=188.184.90.241-9618+[2001-1458-201-e4--100-2eb]-9618&alias=bigbird15.cern.ch&noUDP&sock=schedd_25064_65d2>
...
040 (15556766.091.000) 10/21 07:30:26 Started transferring input files
	Transferring to host: <128.142.192.181:9618?addrs=128.142.192.181-9618+[2001-1458-301-56--100-31]-9618&alias=b9g18p8042.cern.ch&noUDP&sock=slot1_5_4515_f9d1_24886>
...
040 (15556766.091.000) 10/21 07:30:26 Finished transferring input files
...
001 (15556766.091.000) 10/21 07:30:27 Job executing on host: <128.142.192.181:9618?addrs=128.142.192.181-9618+[2001-1458-301-56--100-31]-9618&alias=b9g18p8042.cern.ch&noUDP&sock=startd_3411_3da2>
	SlotName: slot1_5@b9g18p8042.cern.ch
	CondorScratchDir = "/pool/condor/dir_3340407"
	Cpus = 1
	Disk = 2853133
	Memory = 2000
...
006 (15556766.091.000) 10/21 07:30:36 Image size of job updated: 671632
	656  -  MemoryUsage of job (MB)
	671372  -  ResidentSetSize of job (KB)
...
006 (15556766.091.000) 10/21 07:35:37 Image size of job updated: 2256828
	2202  -  MemoryUsage of job (MB)
	2254812  -  ResidentSetSize of job (KB)
...
006 (15556766.091.000) 10/21 07:40:38 Image size of job updated: 2257720
	2202  -  MemoryUsage of job (MB)
	2254812  -  ResidentSetSize of job (KB)
...
040 (15556766.091.000) 10/21 07:50:38 Started transferring output files
...
040 (15556766.091.000) 10/21 07:50:38 Finished transferring output files
...
009 (15556766.091.000) 10/21 07:50:38 Job was aborted.
	Job removed by SYSTEM_PERIODIC_REMOVE due to wall time exceeded allowed max.
...
