000 (15556765.607.000) 10/21 05:59:06 Job submitted from host: <188.184.90.241:9618?addrs=188.184.90.241-9618+[2001-1458-201-e4--100-2eb]-9618&alias=bigbird15.cern.ch&noUDP&sock=schedd_25064_65d2>
...
040 (15556765.607.000) 10/21 06:06:14 Started transferring input files
	Transferring to host: <188.185.198.62:9618?addrs=188.185.198.62-9618+[2001-1458-303-25--100-3a]-9618&alias=b9p15p1523.cern.ch&noUDP&sock=slot1_23_6895_e6b1_67075>
...
040 (15556765.607.000) 10/21 06:06:14 Finished transferring input files
...
001 (15556765.607.000) 10/21 06:06:16 Job executing on host: <188.185.198.62:9618?addrs=188.185.198.62-9618+[2001-1458-303-25--100-3a]-9618&alias=b9p15p1523.cern.ch&noUDP&sock=startd_6046_a1af>
	SlotName: slot1_23@b9p15p1523.cern.ch
	CondorScratchDir = "/pool/condor/dir_1184309"
	Cpus = 1
	Disk = 3013174
	Memory = 2000
...
006 (15556765.607.000) 10/21 06:06:24 Image size of job updated: 148648
	145  -  MemoryUsage of job (MB)
	148344  -  ResidentSetSize of job (KB)
...
006 (15556765.607.000) 10/21 06:11:24 Image size of job updated: 759188
	739  -  MemoryUsage of job (MB)
	755720  -  ResidentSetSize of job (KB)
...
006 (15556765.607.000) 10/21 06:16:25 Image size of job updated: 769320
	749  -  MemoryUsage of job (MB)
	766228  -  ResidentSetSize of job (KB)
...
006 (15556765.607.000) 10/21 06:21:26 Image size of job updated: 770524
	751  -  MemoryUsage of job (MB)
	768120  -  ResidentSetSize of job (KB)
...
006 (15556765.607.000) 10/21 06:26:26 Image size of job updated: 771164
	751  -  MemoryUsage of job (MB)
	769004  -  ResidentSetSize of job (KB)
...
040 (15556765.607.000) 10/21 06:26:26 Started transferring output files
...
040 (15556765.607.000) 10/21 06:26:26 Finished transferring output files
...
009 (15556765.607.000) 10/21 06:26:26 Job was aborted.
	Job removed by SYSTEM_PERIODIC_REMOVE due to wall time exceeded allowed max.
...
