000 (15556765.141.000) 10/21 05:59:05 Job submitted from host: <188.184.90.241:9618?addrs=188.184.90.241-9618+[2001-1458-201-e4--100-2eb]-9618&alias=bigbird15.cern.ch&noUDP&sock=schedd_25064_65d2>
...
040 (15556765.141.000) 10/21 06:00:34 Started transferring input files
	Transferring to host: <188.185.210.218:9618?addrs=188.185.210.218-9618+[2001-1458-303-15--100-56]-9618&alias=b9p22p6817.cern.ch&noUDP&sock=slot1_5_203202_f100_65849>
...
040 (15556765.141.000) 10/21 06:00:34 Finished transferring input files
...
001 (15556765.141.000) 10/21 06:00:35 Job executing on host: <188.185.210.218:9618?addrs=188.185.210.218-9618+[2001-1458-303-15--100-56]-9618&alias=b9p22p6817.cern.ch&noUDP&sock=startd_192282_0982>
	SlotName: slot1_5@b9p22p6817.cern.ch
	CondorScratchDir = "/pool/condor/dir_174807"
	Cpus = 1
	Disk = 2791159
	Memory = 2000
...
006 (15556765.141.000) 10/21 06:00:44 Image size of job updated: 185520
	182  -  MemoryUsage of job (MB)
	185516  -  ResidentSetSize of job (KB)
...
006 (15556765.141.000) 10/21 06:05:18 Image size of job updated: 1079920
	182  -  MemoryUsage of job (MB)
	185772  -  ResidentSetSize of job (KB)
...
040 (15556765.141.000) 10/21 06:05:18 Started transferring output files
...
040 (15556765.141.000) 10/21 06:05:18 Finished transferring output files
...
005 (15556765.141.000) 10/21 06:05:18 Job terminated.
	(1) Normal termination (return value 0)
		Usr 0 00:01:42, Sys 0 00:00:07  -  Run Remote Usage
		Usr 0 00:00:00, Sys 0 00:00:00  -  Run Local Usage
		Usr 0 00:01:42, Sys 0 00:00:07  -  Total Remote Usage
		Usr 0 00:00:00, Sys 0 00:00:00  -  Total Local Usage
	3704  -  Run Bytes Sent By Job
	229  -  Run Bytes Received By Job
	3704  -  Total Bytes Sent By Job
	229  -  Total Bytes Received By Job
	Partitionable Resources :    Usage  Request Allocated 
	   Cpus                 :        0        1         1 
	   Disk (KB)            :       45        1   2791159 
	   Memory (MB)          :      182     2000      2000 

	Job terminated of its own accord at 2024-10-21T04:05:18Z with exit-code 0.
...
