000 (15556765.505.000) 10/21 05:59:06 Job submitted from host: <188.184.90.241:9618?addrs=188.184.90.241-9618+[2001-1458-201-e4--100-2eb]-9618&alias=bigbird15.cern.ch&noUDP&sock=schedd_25064_65d2>
...
040 (15556765.505.000) 10/21 06:05:40 Started transferring input files
	Transferring to host: <188.185.198.128:9618?addrs=188.185.198.128-9618+[2001-1458-303-25--100-7c]-9618&alias=b9p15p3297.cern.ch&noUDP&sock=slot1_21_1894611_980d_7561>
...
040 (15556765.505.000) 10/21 06:05:40 Finished transferring input files
...
001 (15556765.505.000) 10/21 06:05:41 Job executing on host: <188.185.198.128:9618?addrs=188.185.198.128-9618+[2001-1458-303-25--100-7c]-9618&alias=b9p15p3297.cern.ch&noUDP&sock=startd_10457_35f0>
	SlotName: slot1_21@b9p15p3297.cern.ch
	CondorScratchDir = "/pool/condor/dir_3869693"
	Cpus = 1
	Disk = 2982176
	Memory = 2000
...
006 (15556765.505.000) 10/21 06:05:50 Image size of job updated: 173612
	170  -  MemoryUsage of job (MB)
	173604  -  ResidentSetSize of job (KB)
...
006 (15556765.505.000) 10/21 06:10:51 Image size of job updated: 768676
	748  -  MemoryUsage of job (MB)
	765572  -  ResidentSetSize of job (KB)
...
040 (15556765.505.000) 10/21 06:11:58 Started transferring output files
...
040 (15556765.505.000) 10/21 06:11:58 Finished transferring output files
...
005 (15556765.505.000) 10/21 06:11:58 Job terminated.
	(1) Normal termination (return value 0)
		Usr 0 00:05:19, Sys 0 00:00:05  -  Run Remote Usage
		Usr 0 00:00:00, Sys 0 00:00:00  -  Run Local Usage
		Usr 0 00:05:19, Sys 0 00:00:05  -  Total Remote Usage
		Usr 0 00:00:00, Sys 0 00:00:00  -  Total Local Usage
	13124  -  Run Bytes Sent By Job
	229  -  Run Bytes Received By Job
	13124  -  Total Bytes Sent By Job
	229  -  Total Bytes Received By Job
	Partitionable Resources :    Usage  Request Allocated 
	   Cpus                 :     0.92        1         1 
	   Disk (KB)            :    54           1   2982176 
	   Memory (MB)          :   748        2000      2000 

	Job terminated of its own accord at 2024-10-21T04:11:58Z with exit-code 0.
...
