000 (15556765.311.000) 10/21 05:59:05 Job submitted from host: <188.184.90.241:9618?addrs=188.184.90.241-9618+[2001-1458-201-e4--100-2eb]-9618&alias=bigbird15.cern.ch&noUDP&sock=schedd_25064_65d2>
...
040 (15556765.311.000) 10/21 06:01:35 Started transferring input files
	Transferring to host: <128.142.161.114:9618?addrs=128.142.161.114-9618+[2001-1458-301-b8--100-30]-9618&alias=b9g03p3124.cern.ch&noUDP&sock=slot1_13_3830542_1db1_8827>
...
040 (15556765.311.000) 10/21 06:01:35 Finished transferring input files
...
001 (15556765.311.000) 10/21 06:01:36 Job executing on host: <128.142.161.114:9618?addrs=128.142.161.114-9618+[2001-1458-301-b8--100-30]-9618&alias=b9g03p3124.cern.ch&noUDP&sock=startd_3185_393b>
	SlotName: slot1_13@b9g03p3124.cern.ch
	CondorScratchDir = "/pool/condor/dir_1019189"
	Cpus = 1
	Disk = 2934250
	Memory = 2000
...
006 (15556765.311.000) 10/21 06:01:46 Image size of job updated: 177444
	172  -  MemoryUsage of job (MB)
	175660  -  ResidentSetSize of job (KB)
...
006 (15556765.311.000) 10/21 06:06:46 Image size of job updated: 758344
	739  -  MemoryUsage of job (MB)
	756016  -  ResidentSetSize of job (KB)
...
006 (15556765.311.000) 10/21 06:11:46 Image size of job updated: 759056
	739  -  MemoryUsage of job (MB)
	756020  -  ResidentSetSize of job (KB)
...
040 (15556765.311.000) 10/21 06:12:16 Started transferring output files
...
040 (15556765.311.000) 10/21 06:12:16 Finished transferring output files
...
005 (15556765.311.000) 10/21 06:12:16 Job terminated.
	(1) Normal termination (return value 0)
		Usr 0 00:08:53, Sys 0 00:00:07  -  Run Remote Usage
		Usr 0 00:00:00, Sys 0 00:00:00  -  Run Local Usage
		Usr 0 00:08:53, Sys 0 00:00:07  -  Total Remote Usage
		Usr 0 00:00:00, Sys 0 00:00:00  -  Total Local Usage
	14705  -  Run Bytes Sent By Job
	229  -  Run Bytes Received By Job
	14705  -  Total Bytes Sent By Job
	229  -  Total Bytes Received By Job
	Partitionable Resources :    Usage  Request Allocated 
	   Cpus                 :     0.88        1         1 
	   Disk (KB)            :    55           1   2934250 
	   Memory (MB)          :   739        2000      2000 

	Job terminated of its own accord at 2024-10-21T04:12:16Z with exit-code 0.
...
