000 (15556765.176.000) 10/21 05:59:05 Job submitted from host: <188.184.90.241:9618?addrs=188.184.90.241-9618+[2001-1458-201-e4--100-2eb]-9618&alias=bigbird15.cern.ch&noUDP&sock=schedd_25064_65d2>
...
040 (15556765.176.000) 10/21 06:00:45 Started transferring input files
	Transferring to host: <188.185.208.98:9618?addrs=188.185.208.98-9618+[2001-1458-303-f--100-5f]-9618&alias=b9p09p2889.cern.ch&noUDP&sock=slot1_24_8801_d9bf_250060>
...
040 (15556765.176.000) 10/21 06:00:45 Finished transferring input files
...
001 (15556765.176.000) 10/21 06:00:46 Job executing on host: <188.185.208.98:9618?addrs=188.185.208.98-9618+[2001-1458-303-f--100-5f]-9618&alias=b9p09p2889.cern.ch&noUDP&sock=startd_7435_5ebc>
	SlotName: slot1_24@b9p09p2889.cern.ch
	CondorScratchDir = "/pool/condor/dir_95760"
	Cpus = 1
	Disk = 2625851
	Memory = 2000
...
006 (15556765.176.000) 10/21 06:00:55 Image size of job updated: 803004
	785  -  MemoryUsage of job (MB)
	802972  -  ResidentSetSize of job (KB)
...
006 (15556765.176.000) 10/21 06:05:56 Image size of job updated: 1941528
	1894  -  MemoryUsage of job (MB)
	1939452  -  ResidentSetSize of job (KB)
...
040 (15556765.176.000) 10/21 06:07:14 Started transferring output files
...
040 (15556765.176.000) 10/21 06:07:14 Finished transferring output files
...
005 (15556765.176.000) 10/21 06:07:15 Job terminated.
	(1) Normal termination (return value 0)
		Usr 0 00:03:21, Sys 0 00:00:06  -  Run Remote Usage
		Usr 0 00:00:00, Sys 0 00:00:00  -  Run Local Usage
		Usr 0 00:03:21, Sys 0 00:00:06  -  Total Remote Usage
		Usr 0 00:00:00, Sys 0 00:00:00  -  Total Local Usage
	6245  -  Run Bytes Sent By Job
	229  -  Run Bytes Received By Job
	6245  -  Total Bytes Sent By Job
	229  -  Total Bytes Received By Job
	Partitionable Resources :    Usage  Request Allocated 
	   Cpus                 :        0        1         1 
	   Disk (KB)            :       51        1   2625851 
	   Memory (MB)          :     1894     2000      2000 

	Job terminated of its own accord at 2024-10-21T04:07:14Z with exit-code 0.
...
