000 (15556765.120.000) 10/21 05:59:05 Job submitted from host: <188.184.90.241:9618?addrs=188.184.90.241-9618+[2001-1458-201-e4--100-2eb]-9618&alias=bigbird15.cern.ch&noUDP&sock=schedd_25064_65d2>
...
040 (15556765.120.000) 10/21 06:00:27 Started transferring input files
	Transferring to host: <188.185.213.182:9618?addrs=188.185.213.182-9618+[2001-1458-303-1b--100-32]-9618&alias=b9p28p3646.cern.ch&noUDP&sock=slot1_12_4652_8136_5237>
...
040 (15556765.120.000) 10/21 06:00:27 Finished transferring input files
...
001 (15556765.120.000) 10/21 06:00:28 Job executing on host: <188.185.213.182:9618?addrs=188.185.213.182-9618+[2001-1458-303-1b--100-32]-9618&alias=b9p28p3646.cern.ch&noUDP&sock=startd_3812_4b1c>
	SlotName: slot1_12@b9p28p3646.cern.ch
	CondorScratchDir = "/pool/condor/dir_3256290"
	Cpus = 1
	Disk = 3785
	GPUs = 0
	Memory = 2000
...
006 (15556765.120.000) 10/21 06:00:37 Image size of job updated: 533128
	521  -  MemoryUsage of job (MB)
	533128  -  ResidentSetSize of job (KB)
...
006 (15556765.120.000) 10/21 06:05:38 Image size of job updated: 1883920
	1840  -  MemoryUsage of job (MB)
	1883920  -  ResidentSetSize of job (KB)
...
040 (15556765.120.000) 10/21 06:06:00 Started transferring output files
...
040 (15556765.120.000) 10/21 06:06:00 Finished transferring output files
...
005 (15556765.120.000) 10/21 06:06:00 Job terminated.
	(1) Normal termination (return value 0)
		Usr 0 00:02:15, Sys 0 00:00:09  -  Run Remote Usage
		Usr 0 00:00:00, Sys 0 00:00:00  -  Run Local Usage
		Usr 0 00:02:15, Sys 0 00:00:09  -  Total Remote Usage
		Usr 0 00:00:00, Sys 0 00:00:00  -  Total Local Usage
	3902  -  Run Bytes Sent By Job
	229  -  Run Bytes Received By Job
	3902  -  Total Bytes Sent By Job
	229  -  Total Bytes Received By Job
	Partitionable Resources :    Usage  Request Allocated 
	   Cpus                 :        0        1         1 
	   Disk (KB)            :       45        1      3785 
	   GPUs                 :                           0 
	   Memory (MB)          :     1840     2000      2000 

	Job terminated of its own accord at 2024-10-21T04:05:59Z with exit-code 0.
...
