000 (15556765.193.000) 10/21 05:59:05 Job submitted from host: <188.184.90.241:9618?addrs=188.184.90.241-9618+[2001-1458-201-e4--100-2eb]-9618&alias=bigbird15.cern.ch&noUDP&sock=schedd_25064_65d2>
...
040 (15556765.193.000) 10/21 06:00:52 Started transferring input files
	Transferring to host: <188.185.208.49:9618?addrs=188.185.208.49-9618+[2001-1458-303-f--100-2e]-9618&alias=b9p09p7364.cern.ch&noUDP&sock=slot1_10_5230_c20e_247345>
...
040 (15556765.193.000) 10/21 06:00:52 Finished transferring input files
...
001 (15556765.193.000) 10/21 06:00:53 Job executing on host: <188.185.208.49:9618?addrs=188.185.208.49-9618+[2001-1458-303-f--100-2e]-9618&alias=b9p09p7364.cern.ch&noUDP&sock=startd_4327_8a62>
	SlotName: slot1_10@b9p09p7364.cern.ch
	CondorScratchDir = "/pool/condor/dir_2111456"
	Cpus = 1
	Disk = 2685347
	Memory = 2000
...
006 (15556765.193.000) 10/21 06:01:02 Image size of job updated: 753408
	736  -  MemoryUsage of job (MB)
	753404  -  ResidentSetSize of job (KB)
...
006 (15556765.193.000) 10/21 06:06:03 Image size of job updated: 2069836
	2020  -  MemoryUsage of job (MB)
	2067776  -  ResidentSetSize of job (KB)
...
006 (15556765.193.000) 10/21 06:16:03 Image size of job updated: 2069848
	2020  -  MemoryUsage of job (MB)
	2067776  -  ResidentSetSize of job (KB)
...
006 (15556765.193.000) 10/21 06:21:03 Image size of job updated: 2069992
	2020  -  MemoryUsage of job (MB)
	2067776  -  ResidentSetSize of job (KB)
...
040 (15556765.193.000) 10/21 06:21:03 Started transferring output files
...
040 (15556765.193.000) 10/21 06:21:03 Finished transferring output files
...
009 (15556765.193.000) 10/21 06:21:03 Job was aborted.
	Job removed by SYSTEM_PERIODIC_REMOVE due to wall time exceeded allowed max.
...
