000 (15556765.071.000) 10/21 05:59:05 Job submitted from host: <188.184.90.241:9618?addrs=188.184.90.241-9618+[2001-1458-201-e4--100-2eb]-9618&alias=bigbird15.cern.ch&noUDP&sock=schedd_25064_65d2>
...
040 (15556765.071.000) 10/21 06:00:10 Started transferring input files
	Transferring to host: <128.142.196.44:9618?addrs=128.142.196.44-9618+[2001-1458-301-3c--100-2a]-9618&alias=b9g32p0061.cern.ch&noUDP&sock=slot1_11_3025_22d4_3524>
...
040 (15556765.071.000) 10/21 06:00:10 Finished transferring input files
...
001 (15556765.071.000) 10/21 06:00:11 Job executing on host: <128.142.196.44:9618?addrs=128.142.196.44-9618+[2001-1458-301-3c--100-2a]-9618&alias=b9g32p0061.cern.ch&noUDP&sock=startd_2676_1786>
	SlotName: slot1_11@b9g32p0061.cern.ch
	CondorScratchDir = "/pool/condor/dir_3589503"
	Cpus = 1
	Disk = 3817
	GPUs = 0
	Memory = 2000
...
006 (15556765.071.000) 10/21 06:00:20 Image size of job updated: 497820
	487  -  MemoryUsage of job (MB)
	497820  -  ResidentSetSize of job (KB)
...
006 (15556765.071.000) 10/21 06:05:21 Image size of job updated: 1788544
	1747  -  MemoryUsage of job (MB)
	1788544  -  ResidentSetSize of job (KB)
...
040 (15556765.071.000) 10/21 06:07:28 Started transferring output files
...
040 (15556765.071.000) 10/21 06:07:28 Finished transferring output files
...
005 (15556765.071.000) 10/21 06:07:28 Job terminated.
	(1) Normal termination (return value 0)
		Usr 0 00:05:42, Sys 0 00:00:12  -  Run Remote Usage
		Usr 0 00:00:00, Sys 0 00:00:00  -  Run Local Usage
		Usr 0 00:05:42, Sys 0 00:00:12  -  Total Remote Usage
		Usr 0 00:00:00, Sys 0 00:00:00  -  Total Local Usage
	8078  -  Run Bytes Sent By Job
	229  -  Run Bytes Received By Job
	8078  -  Total Bytes Sent By Job
	229  -  Total Bytes Received By Job
	Partitionable Resources :    Usage  Request Allocated 
	   Cpus                 :        0        1         1 
	   Disk (KB)            :       50        1      3817 
	   GPUs                 :                           0 
	   Memory (MB)          :     1747     2000      2000 

	Job terminated of its own accord at 2024-10-21T04:07:28Z with exit-code 0.
...
000 (15556766.071.000) 10/21 07:29:10 Job submitted from host: <188.184.90.241:9618?addrs=188.184.90.241-9618+[2001-1458-201-e4--100-2eb]-9618&alias=bigbird15.cern.ch&noUDP&sock=schedd_25064_65d2>
...
040 (15556766.071.000) 10/21 07:30:19 Started transferring input files
	Transferring to host: <128.142.248.38:9618?addrs=128.142.248.38-9618+[2001-1458-301-73--100-116]-9618&alias=b9g23p3745.cern.ch&noUDP&sock=slot1_19_2941175_9bcb_29232>
...
040 (15556766.071.000) 10/21 07:30:19 Finished transferring input files
...
001 (15556766.071.000) 10/21 07:30:20 Job executing on host: <128.142.248.38:9618?addrs=128.142.248.38-9618+[2001-1458-301-73--100-116]-9618&alias=b9g23p3745.cern.ch&noUDP&sock=startd_5315_39f4>
	SlotName: slot1_19@b9g23p3745.cern.ch
	CondorScratchDir = "/pool/condor/dir_3850358"
	Cpus = 1
	Disk = 2828191
	Memory = 2000
...
006 (15556766.071.000) 10/21 07:30:29 Image size of job updated: 242276
	237  -  MemoryUsage of job (MB)
	242240  -  ResidentSetSize of job (KB)
...
006 (15556766.071.000) 10/21 07:35:30 Image size of job updated: 1261772
	1229  -  MemoryUsage of job (MB)
	1257948  -  ResidentSetSize of job (KB)
...
006 (15556766.071.000) 10/21 07:40:31 Image size of job updated: 1261948
	1229  -  MemoryUsage of job (MB)
	1257948  -  ResidentSetSize of job (KB)
...
040 (15556766.071.000) 10/21 07:50:31 Started transferring output files
...
040 (15556766.071.000) 10/21 07:50:31 Finished transferring output files
...
009 (15556766.071.000) 10/21 07:50:31 Job was aborted.
	Job removed by SYSTEM_PERIODIC_REMOVE due to wall time exceeded allowed max.
...
