000 (15556765.462.000) 10/21 05:59:06 Job submitted from host: <188.184.90.241:9618?addrs=188.184.90.241-9618+[2001-1458-201-e4--100-2eb]-9618&alias=bigbird15.cern.ch&noUDP&sock=schedd_25064_65d2>
...
040 (15556765.462.000) 10/21 06:05:25 Started transferring input files
	Transferring to host: <188.185.193.49:9618?addrs=188.185.193.49-9618+[2001-1458-303-20--100-2d]-9618&alias=b9p19p9677.cern.ch&noUDP&sock=slot1_22_2517228_9853_77389>
...
040 (15556765.462.000) 10/21 06:05:25 Finished transferring input files
...
001 (15556765.462.000) 10/21 06:05:26 Job executing on host: <188.185.193.49:9618?addrs=188.185.193.49-9618+[2001-1458-303-20--100-2d]-9618&alias=b9p19p9677.cern.ch&noUDP&sock=startd_127948_43a3>
	SlotName: slot1_22@b9p19p9677.cern.ch
	CondorScratchDir = "/pool/condor/dir_3525252"
	Cpus = 1
	Disk = 2982491
	Memory = 2000
...
006 (15556765.462.000) 10/21 06:05:35 Image size of job updated: 843232
	824  -  MemoryUsage of job (MB)
	843224  -  ResidentSetSize of job (KB)
...
006 (15556765.462.000) 10/21 06:10:36 Image size of job updated: 1737168
	1694  -  MemoryUsage of job (MB)
	1734204  -  ResidentSetSize of job (KB)
...
006 (15556765.462.000) 10/21 06:12:13 Image size of job updated: 1737308
	1694  -  MemoryUsage of job (MB)
	1734204  -  ResidentSetSize of job (KB)
...
040 (15556765.462.000) 10/21 06:12:13 Started transferring output files
...
040 (15556765.462.000) 10/21 06:12:13 Finished transferring output files
...
005 (15556765.462.000) 10/21 06:12:13 Job terminated.
	(1) Normal termination (return value 0)
		Usr 0 00:05:21, Sys 0 00:00:04  -  Run Remote Usage
		Usr 0 00:00:00, Sys 0 00:00:00  -  Run Local Usage
		Usr 0 00:05:21, Sys 0 00:00:04  -  Total Remote Usage
		Usr 0 00:00:00, Sys 0 00:00:00  -  Total Local Usage
	13190  -  Run Bytes Sent By Job
	229  -  Run Bytes Received By Job
	13190  -  Total Bytes Sent By Job
	229  -  Total Bytes Received By Job
	Partitionable Resources :    Usage  Request Allocated 
	   Cpus                 :        0        1         1 
	   Disk (KB)            :       54        1   2982491 
	   Memory (MB)          :     1694     2000      2000 

	Job terminated of its own accord at 2024-10-21T04:12:13Z with exit-code 0.
...
