000 (15556765.636.000) 10/21 05:59:06 Job submitted from host: <188.184.90.241:9618?addrs=188.184.90.241-9618+[2001-1458-201-e4--100-2eb]-9618&alias=bigbird15.cern.ch&noUDP&sock=schedd_25064_65d2>
...
040 (15556765.636.000) 10/21 06:06:27 Started transferring input files
	Transferring to host: <128.142.130.65:9618?addrs=128.142.130.65-9618+[2001-1458-301-58--100-35]-9618&alias=b9g20p7090.cern.ch&noUDP&sock=slot1_12_2858_782d_23346>
...
040 (15556765.636.000) 10/21 06:06:27 Finished transferring input files
...
001 (15556765.636.000) 10/21 06:06:28 Job executing on host: <128.142.130.65:9618?addrs=128.142.130.65-9618+[2001-1458-301-58--100-35]-9618&alias=b9g20p7090.cern.ch&noUDP&sock=startd_2490_82e8>
	SlotName: slot1_12@b9g20p7090.cern.ch
	CondorScratchDir = "/pool/condor/dir_268047"
	Cpus = 1
	Disk = 1772178
	Memory = 2000
...
006 (15556765.636.000) 10/21 06:06:37 Image size of job updated: 146616
	144  -  MemoryUsage of job (MB)
	146616  -  ResidentSetSize of job (KB)
...
006 (15556765.636.000) 10/21 06:11:38 Image size of job updated: 772920
	755  -  MemoryUsage of job (MB)
	772920  -  ResidentSetSize of job (KB)
...
040 (15556765.636.000) 10/21 06:16:32 Started transferring output files
...
040 (15556765.636.000) 10/21 06:16:32 Finished transferring output files
...
005 (15556765.636.000) 10/21 06:16:32 Job terminated.
	(1) Normal termination (return value 0)
		Usr 0 00:09:00, Sys 0 00:00:08  -  Run Remote Usage
		Usr 0 00:00:00, Sys 0 00:00:00  -  Run Local Usage
		Usr 0 00:09:00, Sys 0 00:00:08  -  Total Remote Usage
		Usr 0 00:00:00, Sys 0 00:00:00  -  Total Local Usage
	14396  -  Run Bytes Sent By Job
	229  -  Run Bytes Received By Job
	14396  -  Total Bytes Sent By Job
	229  -  Total Bytes Received By Job
	Partitionable Resources :    Usage  Request Allocated 
	   Cpus                 :     0.89        1         1 
	   Disk (KB)            :    55           1   1772178 
	   Memory (MB)          :   755        2000      2000 

	Job terminated of its own accord at 2024-10-21T04:16:32Z with exit-code 0.
...
