000 (15556765.645.000) 10/21 05:59:06 Job submitted from host: <188.184.90.241:9618?addrs=188.184.90.241-9618+[2001-1458-201-e4--100-2eb]-9618&alias=bigbird15.cern.ch&noUDP&sock=schedd_25064_65d2>
...
040 (15556765.645.000) 10/21 06:06:30 Started transferring input files
	Transferring to host: <128.142.132.146:9618?addrs=128.142.132.146-9618+[2001-1458-301-5a--100-86]-9618&alias=b9g12p4617.cern.ch&noUDP&sock=slot1_10_2775_fd0a_2805>
...
040 (15556765.645.000) 10/21 06:06:30 Finished transferring input files
...
001 (15556765.645.000) 10/21 06:06:31 Job executing on host: <128.142.132.146:9618?addrs=128.142.132.146-9618+[2001-1458-301-5a--100-86]-9618&alias=b9g12p4617.cern.ch&noUDP&sock=startd_2415_114e>
	SlotName: slot1_10@b9g12p4617.cern.ch
	CondorScratchDir = "/pool/condor/dir_71000"
	Cpus = 1
	Disk = 2687
	GPUs = 0
	Memory = 2000
...
006 (15556765.645.000) 10/21 06:06:40 Image size of job updated: 148912
	146  -  MemoryUsage of job (MB)
	148912  -  ResidentSetSize of job (KB)
...
040 (15556765.645.000) 10/21 06:11:40 Started transferring output files
...
040 (15556765.645.000) 10/21 06:11:40 Finished transferring output files
...
005 (15556765.645.000) 10/21 06:11:40 Job terminated.
	(1) Normal termination (return value 0)
		Usr 0 00:04:35, Sys 0 00:00:06  -  Run Remote Usage
		Usr 0 00:00:00, Sys 0 00:00:00  -  Run Local Usage
		Usr 0 00:04:35, Sys 0 00:00:06  -  Total Remote Usage
		Usr 0 00:00:00, Sys 0 00:00:00  -  Total Local Usage
	7942  -  Run Bytes Sent By Job
	229  -  Run Bytes Received By Job
	7942  -  Total Bytes Sent By Job
	229  -  Total Bytes Received By Job
	Partitionable Resources :    Usage  Request Allocated 
	   Cpus                 :     0.94        1         1 
	   Disk (KB)            :    49           1      2687 
	   GPUs                 :                           0 
	   Memory (MB)          :   146        2000      2000 

	Job terminated of its own accord at 2024-10-21T04:11:40Z with exit-code 0.
...
