000 (15556765.567.000) 10/21 05:59:06 Job submitted from host: <188.184.90.241:9618?addrs=188.184.90.241-9618+[2001-1458-201-e4--100-2eb]-9618&alias=bigbird15.cern.ch&noUDP&sock=schedd_25064_65d2>
...
040 (15556765.567.000) 10/21 06:06:02 Started transferring input files
	Transferring to host: <188.185.213.193:9618?addrs=188.185.213.193-9618+[2001-1458-303-1b--100-3d]-9618&alias=b9p28p6761.cern.ch&noUDP&sock=slot1_5_3383_6123_6634>
...
040 (15556765.567.000) 10/21 06:06:02 Finished transferring input files
...
001 (15556765.567.000) 10/21 06:06:03 Job executing on host: <188.185.213.193:9618?addrs=188.185.213.193-9618+[2001-1458-303-1b--100-3d]-9618&alias=b9p28p6761.cern.ch&noUDP&sock=startd_2836_d6ad>
	SlotName: slot1_5@b9p28p6761.cern.ch
	CondorScratchDir = "/pool/condor/dir_2725526"
	Cpus = 1
	Disk = 3694
	GPUs = 0
	Memory = 2000
...
006 (15556765.567.000) 10/21 06:06:12 Image size of job updated: 627000
	613  -  MemoryUsage of job (MB)
	627000  -  ResidentSetSize of job (KB)
...
006 (15556765.567.000) 10/21 06:11:13 Image size of job updated: 2343496
	2289  -  MemoryUsage of job (MB)
	2343496  -  ResidentSetSize of job (KB)
...
006 (15556765.567.000) 10/21 06:21:13 Image size of job updated: 2344812
	2290  -  MemoryUsage of job (MB)
	2344812  -  ResidentSetSize of job (KB)
...
040 (15556765.567.000) 10/21 06:23:28 Started transferring output files
...
040 (15556765.567.000) 10/21 06:23:28 Finished transferring output files
...
005 (15556765.567.000) 10/21 06:23:29 Job terminated.
	(1) Normal termination (return value 0)
		Usr 0 00:12:43, Sys 0 00:00:10  -  Run Remote Usage
		Usr 0 00:00:00, Sys 0 00:00:00  -  Run Local Usage
		Usr 0 00:12:43, Sys 0 00:00:10  -  Total Remote Usage
		Usr 0 00:00:00, Sys 0 00:00:00  -  Total Local Usage
	33386  -  Run Bytes Sent By Job
	229  -  Run Bytes Received By Job
	33386  -  Total Bytes Sent By Job
	229  -  Total Bytes Received By Job
	Partitionable Resources :    Usage  Request Allocated 
	   Cpus                 :     0.96        1         1 
	   Disk (KB)            :   615           1      3694 
	   GPUs                 :                           0 
	   Memory (MB)          :  2290        2000      2000 

	Job terminated of its own accord at 2024-10-21T04:23:28Z with exit-code 0.
...
