000 (15556765.184.000) 10/21 05:59:05 Job submitted from host: <188.184.90.241:9618?addrs=188.184.90.241-9618+[2001-1458-201-e4--100-2eb]-9618&alias=bigbird15.cern.ch&noUDP&sock=schedd_25064_65d2>
...
040 (15556765.184.000) 10/21 06:00:49 Started transferring input files
	Transferring to host: <188.185.208.69:9618?addrs=188.185.208.69-9618+[2001-1458-303-f--100-42]-9618&alias=b9p09p8527.cern.ch&noUDP&sock=slot1_13_5990_3f2d_250941>
...
040 (15556765.184.000) 10/21 06:00:49 Finished transferring input files
...
001 (15556765.184.000) 10/21 06:00:50 Job executing on host: <188.185.208.69:9618?addrs=188.185.208.69-9618+[2001-1458-303-f--100-42]-9618&alias=b9p09p8527.cern.ch&noUDP&sock=startd_4894_7495>
	SlotName: slot1_13@b9p09p8527.cern.ch
	CondorScratchDir = "/pool/condor/dir_2851092"
	Cpus = 1
	Disk = 2559719
	Memory = 2000
...
006 (15556765.184.000) 10/21 06:00:59 Image size of job updated: 165096
	162  -  MemoryUsage of job (MB)
	165096  -  ResidentSetSize of job (KB)
...
006 (15556765.184.000) 10/21 06:05:15 Image size of job updated: 1180588
	217  -  MemoryUsage of job (MB)
	221320  -  ResidentSetSize of job (KB)
...
040 (15556765.184.000) 10/21 06:05:15 Started transferring output files
...
040 (15556765.184.000) 10/21 06:05:15 Finished transferring output files
...
005 (15556765.184.000) 10/21 06:05:15 Job terminated.
	(1) Normal termination (return value 0)
		Usr 0 00:01:51, Sys 0 00:00:07  -  Run Remote Usage
		Usr 0 00:00:00, Sys 0 00:00:00  -  Run Local Usage
		Usr 0 00:01:51, Sys 0 00:00:07  -  Total Remote Usage
		Usr 0 00:00:00, Sys 0 00:00:00  -  Total Local Usage
	2779  -  Run Bytes Sent By Job
	229  -  Run Bytes Received By Job
	2779  -  Total Bytes Sent By Job
	229  -  Total Bytes Received By Job
	Partitionable Resources :    Usage  Request Allocated 
	   Cpus                 :        0        1         1 
	   Disk (KB)            :       48        1   2559719 
	   Memory (MB)          :      217     2000      2000 

	Job terminated of its own accord at 2024-10-21T04:05:15Z with exit-code 0.
...
