000 (15556765.391.000) 10/21 05:59:06 Job submitted from host: <188.184.90.241:9618?addrs=188.184.90.241-9618+[2001-1458-201-e4--100-2eb]-9618&alias=bigbird15.cern.ch&noUDP&sock=schedd_25064_65d2>
...
040 (15556765.391.000) 10/21 06:02:34 Started transferring input files
	Transferring to host: <188.185.196.46:9618?addrs=188.185.196.46-9618+[2001-1458-303-23--100-2a]-9618&alias=b9p16p2943.cern.ch&noUDP&sock=slot1_21_10210_9e58_4192>
...
040 (15556765.391.000) 10/21 06:02:34 Finished transferring input files
...
001 (15556765.391.000) 10/21 06:02:35 Job executing on host: <188.185.196.46:9618?addrs=188.185.196.46-9618+[2001-1458-303-23--100-2a]-9618&alias=b9p16p2943.cern.ch&noUDP&sock=startd_9911_b33a>
	SlotName: slot1_21@b9p16p2943.cern.ch
	CondorScratchDir = "/pool/condor/dir_3998685"
	Cpus = 1
	Disk = 3862
	GPUs = 0
	Memory = 2000
...
006 (15556765.391.000) 10/21 06:02:44 Image size of job updated: 202564
	198  -  MemoryUsage of job (MB)
	202564  -  ResidentSetSize of job (KB)
...
006 (15556765.391.000) 10/21 06:07:45 Image size of job updated: 747364
	730  -  MemoryUsage of job (MB)
	747364  -  ResidentSetSize of job (KB)
...
040 (15556765.391.000) 10/21 06:09:08 Started transferring output files
...
040 (15556765.391.000) 10/21 06:09:08 Finished transferring output files
...
005 (15556765.391.000) 10/21 06:09:08 Job terminated.
	(1) Normal termination (return value 0)
		Usr 0 00:05:48, Sys 0 00:00:05  -  Run Remote Usage
		Usr 0 00:00:00, Sys 0 00:00:00  -  Run Local Usage
		Usr 0 00:05:48, Sys 0 00:00:05  -  Total Remote Usage
		Usr 0 00:00:00, Sys 0 00:00:00  -  Total Local Usage
	12905  -  Run Bytes Sent By Job
	229  -  Run Bytes Received By Job
	12905  -  Total Bytes Sent By Job
	229  -  Total Bytes Received By Job
	Partitionable Resources :    Usage  Request Allocated 
	   Cpus                 :     0.91        1         1 
	   Disk (KB)            :    56           1      3862 
	   GPUs                 :                           0 
	   Memory (MB)          :   730        2000      2000 

	Job terminated of its own accord at 2024-10-21T04:09:08Z with exit-code 0.
...
