000 (15556765.096.000) 10/21 05:59:05 Job submitted from host: <188.184.90.241:9618?addrs=188.184.90.241-9618+[2001-1458-201-e4--100-2eb]-9618&alias=bigbird15.cern.ch&noUDP&sock=schedd_25064_65d2>
...
040 (15556765.096.000) 10/21 06:00:19 Started transferring input files
	Transferring to host: <128.142.137.92:9618?addrs=128.142.137.92-9618+[2001-1458-301-5e--100-50]-9618&alias=b9g19p7407.cern.ch&noUDP&sock=slot1_24_2785_08ca_27822>
...
040 (15556765.096.000) 10/21 06:00:19 Finished transferring input files
...
001 (15556765.096.000) 10/21 06:00:20 Job executing on host: <128.142.137.92:9618?addrs=128.142.137.92-9618+[2001-1458-301-5e--100-50]-9618&alias=b9g19p7407.cern.ch&noUDP&sock=startd_2448_b3ee>
	SlotName: slot1_24@b9g19p7407.cern.ch
	CondorScratchDir = "/pool/condor/dir_1389735"
	Cpus = 1
	Disk = 1793361
	Memory = 2000
...
006 (15556765.096.000) 10/21 06:00:29 Image size of job updated: 148692
	146  -  MemoryUsage of job (MB)
	148692  -  ResidentSetSize of job (KB)
...
006 (15556765.096.000) 10/21 06:05:30 Image size of job updated: 1003472
	980  -  MemoryUsage of job (MB)
	1003472  -  ResidentSetSize of job (KB)
...
006 (15556765.096.000) 10/21 06:10:31 Image size of job updated: 1003744
	981  -  MemoryUsage of job (MB)
	1003744  -  ResidentSetSize of job (KB)
...
040 (15556765.096.000) 10/21 06:12:38 Started transferring output files
...
040 (15556765.096.000) 10/21 06:12:38 Finished transferring output files
...
005 (15556765.096.000) 10/21 06:12:38 Job terminated.
	(1) Normal termination (return value 0)
		Usr 0 00:11:05, Sys 0 00:00:09  -  Run Remote Usage
		Usr 0 00:00:00, Sys 0 00:00:00  -  Run Local Usage
		Usr 0 00:11:05, Sys 0 00:00:09  -  Total Remote Usage
		Usr 0 00:00:00, Sys 0 00:00:00  -  Total Local Usage
	8863  -  Run Bytes Sent By Job
	229  -  Run Bytes Received By Job
	8863  -  Total Bytes Sent By Job
	229  -  Total Bytes Received By Job
	Partitionable Resources :    Usage  Request Allocated 
	   Cpus                 :     0.99        1         1 
	   Disk (KB)            :    50           1   1793361 
	   Memory (MB)          :   981        2000      2000 

	Job terminated of its own accord at 2024-10-21T04:12:38Z with exit-code 0.
...
000 (15556766.096.000) 10/21 07:29:12 Job submitted from host: <188.184.90.241:9618?addrs=188.184.90.241-9618+[2001-1458-201-e4--100-2eb]-9618&alias=bigbird15.cern.ch&noUDP&sock=schedd_25064_65d2>
...
040 (15556766.096.000) 10/21 07:30:28 Started transferring input files
	Transferring to host: <128.142.192.214:9618?addrs=128.142.192.214-9618+[2001-1458-301-56--100-52]-9618&alias=b9g18p3327.cern.ch&noUDP&sock=slot1_34_450863_8537_92409>
...
040 (15556766.096.000) 10/21 07:30:28 Finished transferring input files
...
001 (15556766.096.000) 10/21 07:30:29 Job executing on host: <128.142.192.214:9618?addrs=128.142.192.214-9618+[2001-1458-301-56--100-52]-9618&alias=b9g18p3327.cern.ch&noUDP&sock=startd_5412_c2a4>
	SlotName: slot1_34@b9g18p3327.cern.ch
	CondorScratchDir = "/pool/condor/dir_304193"
	Cpus = 1
	Disk = 2878653
	Memory = 2000
...
006 (15556766.096.000) 10/21 07:30:38 Image size of job updated: 165616
	162  -  MemoryUsage of job (MB)
	165616  -  ResidentSetSize of job (KB)
...
006 (15556766.096.000) 10/21 07:35:39 Image size of job updated: 1002680
	976  -  MemoryUsage of job (MB)
	998844  -  ResidentSetSize of job (KB)
...
006 (15556766.096.000) 10/21 07:40:39 Image size of job updated: 1002680
	976  -  MemoryUsage of job (MB)
	999108  -  ResidentSetSize of job (KB)
...
040 (15556766.096.000) 10/21 07:50:39 Started transferring output files
...
040 (15556766.096.000) 10/21 07:50:39 Finished transferring output files
...
009 (15556766.096.000) 10/21 07:50:39 Job was aborted.
	Job removed by SYSTEM_PERIODIC_REMOVE due to wall time exceeded allowed max.
...
