000 (15556765.557.000) 10/21 05:59:06 Job submitted from host: <188.184.90.241:9618?addrs=188.184.90.241-9618+[2001-1458-201-e4--100-2eb]-9618&alias=bigbird15.cern.ch&noUDP&sock=schedd_25064_65d2>
...
040 (15556765.557.000) 10/21 06:05:58 Started transferring input files
	Transferring to host: <128.142.192.199:9618?addrs=128.142.192.199-9618+[2001-1458-301-56--100-43]-9618&alias=b9g18p9878.cern.ch&noUDP&sock=slot1_27_7743_64d4_25524>
...
040 (15556765.557.000) 10/21 06:05:58 Finished transferring input files
...
001 (15556765.557.000) 10/21 06:05:59 Job executing on host: <128.142.192.199:9618?addrs=128.142.192.199-9618+[2001-1458-301-56--100-43]-9618&alias=b9g18p9878.cern.ch&noUDP&sock=startd_7084_9cfe>
	SlotName: slot1_27@b9g18p9878.cern.ch
	CondorScratchDir = "/pool/condor/dir_3295183"
	Cpus = 1
	Disk = 2855753
	Memory = 2000
...
006 (15556765.557.000) 10/21 06:06:09 Image size of job updated: 196088
	192  -  MemoryUsage of job (MB)
	196088  -  ResidentSetSize of job (KB)
...
006 (15556765.557.000) 10/21 06:11:09 Image size of job updated: 893744
	872  -  MemoryUsage of job (MB)
	891988  -  ResidentSetSize of job (KB)
...
006 (15556765.557.000) 10/21 06:16:09 Image size of job updated: 905136
	883  -  MemoryUsage of job (MB)
	903624  -  ResidentSetSize of job (KB)
...
006 (15556765.557.000) 10/21 06:21:10 Image size of job updated: 907816
	884  -  MemoryUsage of job (MB)
	904240  -  ResidentSetSize of job (KB)
...
006 (15556765.557.000) 10/21 06:25:22 Image size of job updated: 907944
	884  -  MemoryUsage of job (MB)
	904240  -  ResidentSetSize of job (KB)
...
040 (15556765.557.000) 10/21 06:25:22 Started transferring output files
...
040 (15556765.557.000) 10/21 06:25:22 Finished transferring output files
...
005 (15556765.557.000) 10/21 06:25:22 Job terminated.
	(1) Normal termination (return value 0)
		Usr 0 00:17:35, Sys 0 00:00:09  -  Run Remote Usage
		Usr 0 00:00:00, Sys 0 00:00:00  -  Run Local Usage
		Usr 0 00:17:35, Sys 0 00:00:09  -  Total Remote Usage
		Usr 0 00:00:00, Sys 0 00:00:00  -  Total Local Usage
	34969  -  Run Bytes Sent By Job
	229  -  Run Bytes Received By Job
	34969  -  Total Bytes Sent By Job
	229  -  Total Bytes Received By Job
	Partitionable Resources :    Usage  Request Allocated 
	   Cpus                 :     0.96        1         1 
	   Disk (KB)            :    75           1   2855753 
	   Memory (MB)          :   884        2000      2000 

	Job terminated of its own accord at 2024-10-21T04:25:22Z with exit-code 0.
...
