000 (15556765.133.000) 10/21 05:59:05 Job submitted from host: <188.184.90.241:9618?addrs=188.184.90.241-9618+[2001-1458-201-e4--100-2eb]-9618&alias=bigbird15.cern.ch&noUDP&sock=schedd_25064_65d2>
...
040 (15556765.133.000) 10/21 06:00:31 Started transferring input files
	Transferring to host: <128.142.161.83:9618?addrs=128.142.161.83-9618+[2001-1458-301-b8--100-11]-9618&alias=b9g03p4706.cern.ch&noUDP&sock=slot1_13_6845_abef_3202>
...
040 (15556765.133.000) 10/21 06:00:31 Finished transferring input files
...
001 (15556765.133.000) 10/21 06:00:32 Job executing on host: <128.142.161.83:9618?addrs=128.142.161.83-9618+[2001-1458-301-b8--100-11]-9618&alias=b9g03p4706.cern.ch&noUDP&sock=startd_6321_423b>
	SlotName: slot1_13@b9g03p4706.cern.ch
	CondorScratchDir = "/pool/condor/dir_1883098"
	Cpus = 1
	Disk = 4016
	GPUs = 0
	Memory = 2000
...
006 (15556765.133.000) 10/21 06:00:40 Image size of job updated: 28064
	28  -  MemoryUsage of job (MB)
	28064  -  ResidentSetSize of job (KB)
...
006 (15556765.133.000) 10/21 06:05:40 Image size of job updated: 2122944
	2074  -  MemoryUsage of job (MB)
	2122944  -  ResidentSetSize of job (KB)
...
040 (15556765.133.000) 10/21 06:06:34 Started transferring output files
...
040 (15556765.133.000) 10/21 06:06:34 Finished transferring output files
...
005 (15556765.133.000) 10/21 06:06:34 Job terminated.
	(1) Normal termination (return value 0)
		Usr 0 00:04:26, Sys 0 00:00:08  -  Run Remote Usage
		Usr 0 00:00:00, Sys 0 00:00:00  -  Run Local Usage
		Usr 0 00:04:26, Sys 0 00:00:08  -  Total Remote Usage
		Usr 0 00:00:00, Sys 0 00:00:00  -  Total Local Usage
	4469  -  Run Bytes Sent By Job
	229  -  Run Bytes Received By Job
	4469  -  Total Bytes Sent By Job
	229  -  Total Bytes Received By Job
	Partitionable Resources :    Usage  Request Allocated 
	   Cpus                 :        0        1         1 
	   Disk (KB)            :       46        1      4016 
	   GPUs                 :                           0 
	   Memory (MB)          :     2074     2000      2000 

	Job terminated of its own accord at 2024-10-21T04:06:34Z with exit-code 0.
...
