000 (15556765.578.000) 10/21 05:59:06 Job submitted from host: <188.184.90.241:9618?addrs=188.184.90.241-9618+[2001-1458-201-e4--100-2eb]-9618&alias=bigbird15.cern.ch&noUDP&sock=schedd_25064_65d2>
...
040 (15556765.578.000) 10/21 06:06:06 Started transferring input files
	Transferring to host: <188.185.207.215:9618?addrs=188.185.207.215-9618+[2001-1458-303-e--100-54]-9618&alias=b9p08p0021.cern.ch&noUDP&sock=slot1_11_4235_b0c5_71776>
...
040 (15556765.578.000) 10/21 06:06:06 Finished transferring input files
...
001 (15556765.578.000) 10/21 06:06:07 Job executing on host: <188.185.207.215:9618?addrs=188.185.207.215-9618+[2001-1458-303-e--100-54]-9618&alias=b9p08p0021.cern.ch&noUDP&sock=startd_3529_2dcf>
	SlotName: slot1_11@b9p08p0021.cern.ch
	CondorScratchDir = "/pool/condor/dir_2590623"
	Cpus = 1
	Disk = 2525730
	Memory = 2000
...
006 (15556765.578.000) 10/21 06:06:16 Image size of job updated: 760744
	743  -  MemoryUsage of job (MB)
	760744  -  ResidentSetSize of job (KB)
...
006 (15556765.578.000) 10/21 06:11:17 Image size of job updated: 2149696
	2098  -  MemoryUsage of job (MB)
	2147516  -  ResidentSetSize of job (KB)
...
006 (15556765.578.000) 10/21 06:16:18 Image size of job updated: 2161808
	2108  -  MemoryUsage of job (MB)
	2158560  -  ResidentSetSize of job (KB)
...
040 (15556765.578.000) 10/21 06:17:53 Started transferring output files
...
040 (15556765.578.000) 10/21 06:17:53 Finished transferring output files
...
005 (15556765.578.000) 10/21 06:17:53 Job terminated.
	(1) Normal termination (return value 0)
		Usr 0 00:10:16, Sys 0 00:00:08  -  Run Remote Usage
		Usr 0 00:00:00, Sys 0 00:00:00  -  Run Local Usage
		Usr 0 00:10:16, Sys 0 00:00:08  -  Total Remote Usage
		Usr 0 00:00:00, Sys 0 00:00:00  -  Total Local Usage
	28590  -  Run Bytes Sent By Job
	229  -  Run Bytes Received By Job
	28590  -  Total Bytes Sent By Job
	229  -  Total Bytes Received By Job
	Partitionable Resources :    Usage  Request Allocated 
	   Cpus                 :     0.91        1         1 
	   Disk (KB)            :    72           1   2525730 
	   Memory (MB)          :  2108        2000      2000 

	Job terminated of its own accord at 2024-10-21T04:17:53Z with exit-code 0.
...
