000 (15556765.616.000) 10/21 05:59:06 Job submitted from host: <188.184.90.241:9618?addrs=188.184.90.241-9618+[2001-1458-201-e4--100-2eb]-9618&alias=bigbird15.cern.ch&noUDP&sock=schedd_25064_65d2>
...
040 (15556765.616.000) 10/21 06:06:19 Started transferring input files
	Transferring to host: <128.142.33.202:9618?addrs=128.142.33.202-9618+[2001-1458-301-39--100-7]-9618&alias=b9g24p3339.cern.ch&noUDP&sock=slot1_1_9226_4d30_73465>
...
040 (15556765.616.000) 10/21 06:06:19 Finished transferring input files
...
001 (15556765.616.000) 10/21 06:06:20 Job executing on host: <128.142.33.202:9618?addrs=128.142.33.202-9618+[2001-1458-301-39--100-7]-9618&alias=b9g24p3339.cern.ch&noUDP&sock=startd_8239_d8e1>
	SlotName: slot1_1@b9g24p3339.cern.ch
	CondorScratchDir = "/pool/condor/dir_1704201"
	Cpus = 1
	Disk = 2077826
	Memory = 2000
...
006 (15556765.616.000) 10/21 06:06:29 Image size of job updated: 152220
	149  -  MemoryUsage of job (MB)
	152216  -  ResidentSetSize of job (KB)
...
006 (15556765.616.000) 10/21 06:11:30 Image size of job updated: 776836
	757  -  MemoryUsage of job (MB)
	774232  -  ResidentSetSize of job (KB)
...
006 (15556765.616.000) 10/21 06:14:31 Image size of job updated: 778112
	757  -  MemoryUsage of job (MB)
	774232  -  ResidentSetSize of job (KB)
...
040 (15556765.616.000) 10/21 06:14:31 Started transferring output files
...
040 (15556765.616.000) 10/21 06:14:31 Finished transferring output files
...
005 (15556765.616.000) 10/21 06:14:31 Job terminated.
	(1) Normal termination (return value 0)
		Usr 0 00:06:24, Sys 0 00:00:07  -  Run Remote Usage
		Usr 0 00:00:00, Sys 0 00:00:00  -  Run Local Usage
		Usr 0 00:06:24, Sys 0 00:00:07  -  Total Remote Usage
		Usr 0 00:00:00, Sys 0 00:00:00  -  Total Local Usage
	16974  -  Run Bytes Sent By Job
	229  -  Run Bytes Received By Job
	16974  -  Total Bytes Sent By Job
	229  -  Total Bytes Received By Job
	Partitionable Resources :    Usage  Request Allocated 
	   Cpus                 :     0.49        1         1 
	   Disk (KB)            :    57           1   2077826 
	   Memory (MB)          :   757        2000      2000 

	Job terminated of its own accord at 2024-10-21T04:14:31Z with exit-code 0.
...
