000 (15556765.583.000) 10/21 05:59:06 Job submitted from host: <188.184.90.241:9618?addrs=188.184.90.241-9618+[2001-1458-201-e4--100-2eb]-9618&alias=bigbird15.cern.ch&noUDP&sock=schedd_25064_65d2>
...
040 (15556765.583.000) 10/21 06:06:08 Started transferring input files
	Transferring to host: <188.185.196.89:9618?addrs=188.185.196.89-9618+[2001-1458-303-23--100-55]-9618&alias=b9p16p4587.cern.ch&noUDP&sock=slot1_13_231153_f311_59849>
...
040 (15556765.583.000) 10/21 06:06:08 Finished transferring input files
...
001 (15556765.583.000) 10/21 06:06:09 Job executing on host: <188.185.196.89:9618?addrs=188.185.196.89-9618+[2001-1458-303-23--100-55]-9618&alias=b9p16p4587.cern.ch&noUDP&sock=startd_127365_5fec>
	SlotName: slot1_13@b9p16p4587.cern.ch
	CondorScratchDir = "/pool/condor/dir_699815"
	Cpus = 1
	Disk = 2942749
	Memory = 2000
...
006 (15556765.583.000) 10/21 06:06:17 Image size of job updated: 543480
	531  -  MemoryUsage of job (MB)
	543480  -  ResidentSetSize of job (KB)
...
006 (15556765.583.000) 10/21 06:11:17 Image size of job updated: 1800872
	1757  -  MemoryUsage of job (MB)
	1798488  -  ResidentSetSize of job (KB)
...
006 (15556765.583.000) 10/21 06:16:18 Image size of job updated: 1810116
	1766  -  MemoryUsage of job (MB)
	1808188  -  ResidentSetSize of job (KB)
...
006 (15556765.583.000) 10/21 06:21:18 Image size of job updated: 1811008
	1766  -  MemoryUsage of job (MB)
	1808188  -  ResidentSetSize of job (KB)
...
040 (15556765.583.000) 10/21 06:23:49 Started transferring output files
...
040 (15556765.583.000) 10/21 06:23:49 Finished transferring output files
...
005 (15556765.583.000) 10/21 06:23:49 Job terminated.
	(1) Normal termination (return value 0)
		Usr 0 00:14:52, Sys 0 00:00:07  -  Run Remote Usage
		Usr 0 00:00:00, Sys 0 00:00:00  -  Run Local Usage
		Usr 0 00:14:52, Sys 0 00:00:07  -  Total Remote Usage
		Usr 0 00:00:00, Sys 0 00:00:00  -  Total Local Usage
	26332  -  Run Bytes Sent By Job
	229  -  Run Bytes Received By Job
	26332  -  Total Bytes Sent By Job
	229  -  Total Bytes Received By Job
	Partitionable Resources :    Usage  Request Allocated 
	   Cpus                 :     0.99        1         1 
	   Disk (KB)            :    67           1   2942749 
	   Memory (MB)          :  1766        2000      2000 

	Job terminated of its own accord at 2024-10-21T04:23:49Z with exit-code 0.
...
