000 (15556765.634.000) 10/21 05:59:06 Job submitted from host: <188.184.90.241:9618?addrs=188.184.90.241-9618+[2001-1458-201-e4--100-2eb]-9618&alias=bigbird15.cern.ch&noUDP&sock=schedd_25064_65d2>
...
040 (15556765.634.000) 10/21 06:06:26 Started transferring input files
	Transferring to host: <128.142.137.32:9618?addrs=128.142.137.32-9618+[2001-1458-301-5e--100-14]-9618&alias=b9g19p5828.cern.ch&noUDP&sock=slot1_12_2818_492c_57204>
...
040 (15556765.634.000) 10/21 06:06:26 Finished transferring input files
...
001 (15556765.634.000) 10/21 06:06:27 Job executing on host: <128.142.137.32:9618?addrs=128.142.137.32-9618+[2001-1458-301-5e--100-14]-9618&alias=b9g19p5828.cern.ch&noUDP&sock=startd_2461_9ea9>
	SlotName: slot1_12@b9g19p5828.cern.ch
	CondorScratchDir = "/pool/condor/dir_3332879"
	Cpus = 1
	Disk = 1729372
	Memory = 2000
...
006 (15556765.634.000) 10/21 06:06:36 Image size of job updated: 150344
	147  -  MemoryUsage of job (MB)
	150344  -  ResidentSetSize of job (KB)
...
006 (15556765.634.000) 10/21 06:11:37 Image size of job updated: 763532
	746  -  MemoryUsage of job (MB)
	763532  -  ResidentSetSize of job (KB)
...
040 (15556765.634.000) 10/21 06:13:43 Started transferring output files
...
040 (15556765.634.000) 10/21 06:13:43 Finished transferring output files
...
005 (15556765.634.000) 10/21 06:13:43 Job terminated.
	(1) Normal termination (return value 0)
		Usr 0 00:06:46, Sys 0 00:00:06  -  Run Remote Usage
		Usr 0 00:00:00, Sys 0 00:00:00  -  Run Local Usage
		Usr 0 00:06:46, Sys 0 00:00:06  -  Total Remote Usage
		Usr 0 00:00:00, Sys 0 00:00:00  -  Total Local Usage
	11453  -  Run Bytes Sent By Job
	229  -  Run Bytes Received By Job
	11453  -  Total Bytes Sent By Job
	229  -  Total Bytes Received By Job
	Partitionable Resources :    Usage  Request Allocated 
	   Cpus                 :     0.97        1         1 
	   Disk (KB)            :    53           1   1729372 
	   Memory (MB)          :   746        2000      2000 

	Job terminated of its own accord at 2024-10-21T04:13:43Z with exit-code 0.
...
