000 (15556765.406.000) 10/21 05:59:06 Job submitted from host: <188.184.90.241:9618?addrs=188.184.90.241-9618+[2001-1458-201-e4--100-2eb]-9618&alias=bigbird15.cern.ch&noUDP&sock=schedd_25064_65d2>
...
040 (15556765.406.000) 10/21 06:03:13 Started transferring input files
	Transferring to host: <188.185.210.206:9618?addrs=188.185.210.206-9618+[2001-1458-303-15--100-4a]-9618&alias=b9p22p3505.cern.ch&noUDP&sock=slot1_9_6296_d9f9_4986>
...
040 (15556765.406.000) 10/21 06:03:13 Finished transferring input files
...
001 (15556765.406.000) 10/21 06:03:14 Job executing on host: <188.185.210.206:9618?addrs=188.185.210.206-9618+[2001-1458-303-15--100-4a]-9618&alias=b9p22p3505.cern.ch&noUDP&sock=startd_4785_b0c3>
	SlotName: slot1_9@b9p22p3505.cern.ch
	CondorScratchDir = "/pool/condor/dir_4168002"
	Cpus = 1
	Disk = 3754
	GPUs = 0
	Memory = 2000
...
006 (15556765.406.000) 10/21 06:03:23 Image size of job updated: 143964
	141  -  MemoryUsage of job (MB)
	143964  -  ResidentSetSize of job (KB)
...
006 (15556765.406.000) 10/21 06:08:24 Image size of job updated: 751464
	734  -  MemoryUsage of job (MB)
	751464  -  ResidentSetSize of job (KB)
...
040 (15556765.406.000) 10/21 06:10:31 Started transferring output files
...
040 (15556765.406.000) 10/21 06:10:31 Finished transferring output files
...
005 (15556765.406.000) 10/21 06:10:31 Job terminated.
	(1) Normal termination (return value 0)
		Usr 0 00:05:47, Sys 0 00:00:08  -  Run Remote Usage
		Usr 0 00:00:00, Sys 0 00:00:00  -  Run Local Usage
		Usr 0 00:05:47, Sys 0 00:00:08  -  Total Remote Usage
		Usr 0 00:00:00, Sys 0 00:00:00  -  Total Local Usage
	13180  -  Run Bytes Sent By Job
	229  -  Run Bytes Received By Job
	13180  -  Total Bytes Sent By Job
	229  -  Total Bytes Received By Job
	Partitionable Resources :    Usage  Request Allocated 
	   Cpus                 :     0.80        1         1 
	   Disk (KB)            :    56           1      3754 
	   GPUs                 :                           0 
	   Memory (MB)          :   734        2000      2000 

	Job terminated of its own accord at 2024-10-21T04:10:31Z with exit-code 0.
...
