000 (15556765.089.000) 10/21 05:59:05 Job submitted from host: <188.184.90.241:9618?addrs=188.184.90.241-9618+[2001-1458-201-e4--100-2eb]-9618&alias=bigbird15.cern.ch&noUDP&sock=schedd_25064_65d2>
...
040 (15556765.089.000) 10/21 06:00:16 Started transferring input files
	Transferring to host: <128.142.137.167:9618?addrs=128.142.137.167-9618+[2001-1458-301-5e--100-9b]-9618&alias=b9g19p5521.cern.ch&noUDP&sock=slot1_14_431081_4fd3_128186>
...
040 (15556765.089.000) 10/21 06:00:16 Finished transferring input files
...
001 (15556765.089.000) 10/21 06:00:17 Job executing on host: <128.142.137.167:9618?addrs=128.142.137.167-9618+[2001-1458-301-5e--100-9b]-9618&alias=b9g19p5521.cern.ch&noUDP&sock=startd_2359_a800>
	SlotName: slot1_14@b9g19p5521.cern.ch
	CondorScratchDir = "/pool/condor/dir_1318809"
	Cpus = 1
	Disk = 1665565
	Memory = 2000
...
006 (15556765.089.000) 10/21 06:00:26 Image size of job updated: 148020
	145  -  MemoryUsage of job (MB)
	148020  -  ResidentSetSize of job (KB)
...
006 (15556765.089.000) 10/21 06:05:27 Image size of job updated: 1004204
	981  -  MemoryUsage of job (MB)
	1004204  -  ResidentSetSize of job (KB)
...
040 (15556765.089.000) 10/21 06:09:11 Started transferring output files
...
040 (15556765.089.000) 10/21 06:09:11 Finished transferring output files
...
005 (15556765.089.000) 10/21 06:09:11 Job terminated.
	(1) Normal termination (return value 0)
		Usr 0 00:07:33, Sys 0 00:00:11  -  Run Remote Usage
		Usr 0 00:00:00, Sys 0 00:00:00  -  Run Local Usage
		Usr 0 00:07:33, Sys 0 00:00:11  -  Total Remote Usage
		Usr 0 00:00:00, Sys 0 00:00:00  -  Total Local Usage
	6591  -  Run Bytes Sent By Job
	229  -  Run Bytes Received By Job
	6591  -  Total Bytes Sent By Job
	229  -  Total Bytes Received By Job
	Partitionable Resources :    Usage  Request Allocated 
	   Cpus                 :     0.99        1         1 
	   Disk (KB)            :    48           1   1665565 
	   Memory (MB)          :   981        2000      2000 

	Job terminated of its own accord at 2024-10-21T04:09:11Z with exit-code 0.
...
000 (15556766.089.000) 10/21 07:29:11 Job submitted from host: <188.184.90.241:9618?addrs=188.184.90.241-9618+[2001-1458-201-e4--100-2eb]-9618&alias=bigbird15.cern.ch&noUDP&sock=schedd_25064_65d2>
...
040 (15556766.089.000) 10/21 07:30:25 Started transferring input files
	Transferring to host: <128.142.33.210:9618?addrs=128.142.33.210-9618+[2001-1458-301-39--100-f]-9618&alias=b9g24p4209.cern.ch&noUDP&sock=slot1_24_9275_d392_27110>
...
040 (15556766.089.000) 10/21 07:30:25 Finished transferring input files
...
001 (15556766.089.000) 10/21 07:30:26 Job executing on host: <128.142.33.210:9618?addrs=128.142.33.210-9618+[2001-1458-301-39--100-f]-9618&alias=b9g24p4209.cern.ch&noUDP&sock=startd_8058_b23c>
	SlotName: slot1_24@b9g24p4209.cern.ch
	CondorScratchDir = "/pool/condor/dir_1391561"
	Cpus = 1
	Disk = 2894623
	Memory = 2000
...
006 (15556766.089.000) 10/21 07:30:35 Image size of job updated: 750536
	733  -  MemoryUsage of job (MB)
	750532  -  ResidentSetSize of job (KB)
...
006 (15556766.089.000) 10/21 07:35:36 Image size of job updated: 1965212
	1918  -  MemoryUsage of job (MB)
	1963504  -  ResidentSetSize of job (KB)
...
006 (15556766.089.000) 10/21 07:40:37 Image size of job updated: 1965968
	1918  -  MemoryUsage of job (MB)
	1963752  -  ResidentSetSize of job (KB)
...
006 (15556766.089.000) 10/21 07:45:37 Image size of job updated: 1966080
	1918  -  MemoryUsage of job (MB)
	1963752  -  ResidentSetSize of job (KB)
...
040 (15556766.089.000) 10/21 07:49:10 Started transferring output files
...
040 (15556766.089.000) 10/21 07:49:10 Finished transferring output files
...
005 (15556766.089.000) 10/21 07:49:10 Job terminated.
	(1) Normal termination (return value 0)
		Usr 0 00:15:27, Sys 0 00:00:12  -  Run Remote Usage
		Usr 0 00:00:00, Sys 0 00:00:00  -  Run Local Usage
		Usr 0 00:15:27, Sys 0 00:00:12  -  Total Remote Usage
		Usr 0 00:00:00, Sys 0 00:00:00  -  Total Local Usage
	28351  -  Run Bytes Sent By Job
	229  -  Run Bytes Received By Job
	28351  -  Total Bytes Sent By Job
	229  -  Total Bytes Received By Job
	Partitionable Resources :    Usage  Request Allocated 
	   Cpus                 :     0.96        1         1 
	   Disk (KB)            :    69           1   2894623 
	   Memory (MB)          :  1918        2000      2000 

	Job terminated of its own accord at 2024-10-21T05:49:10Z with exit-code 0.
...
