000 (15556765.564.000) 10/21 05:59:06 Job submitted from host: <188.184.90.241:9618?addrs=188.184.90.241-9618+[2001-1458-201-e4--100-2eb]-9618&alias=bigbird15.cern.ch&noUDP&sock=schedd_25064_65d2>
...
040 (15556765.564.000) 10/21 06:06:01 Started transferring input files
	Transferring to host: <188.185.207.221:9618?addrs=188.185.207.221-9618+[2001-1458-303-e--100-5a]-9618&alias=b9p08p1395.cern.ch&noUDP&sock=slot1_10_2722615_5113_61442>
...
040 (15556765.564.000) 10/21 06:06:01 Finished transferring input files
...
001 (15556765.564.000) 10/21 06:06:02 Job executing on host: <188.185.207.221:9618?addrs=188.185.207.221-9618+[2001-1458-303-e--100-5a]-9618&alias=b9p08p1395.cern.ch&noUDP&sock=startd_3452_5d04>
	SlotName: slot1_10@b9p08p1395.cern.ch
	CondorScratchDir = "/pool/condor/dir_2651034"
	Cpus = 1
	Disk = 2659929
	Memory = 2000
...
006 (15556765.564.000) 10/21 06:06:11 Image size of job updated: 663644
	649  -  MemoryUsage of job (MB)
	663640  -  ResidentSetSize of job (KB)
...
006 (15556765.564.000) 10/21 06:11:12 Image size of job updated: 1794860
	1750  -  MemoryUsage of job (MB)
	1791480  -  ResidentSetSize of job (KB)
...
006 (15556765.564.000) 10/21 06:16:13 Image size of job updated: 1807864
	1763  -  MemoryUsage of job (MB)
	1804816  -  ResidentSetSize of job (KB)
...
006 (15556765.564.000) 10/21 06:21:13 Image size of job updated: 1810068
	1765  -  MemoryUsage of job (MB)
	1806632  -  ResidentSetSize of job (KB)
...
006 (15556765.564.000) 10/21 06:26:13 Image size of job updated: 1810604
	1766  -  MemoryUsage of job (MB)
	1808068  -  ResidentSetSize of job (KB)
...
040 (15556765.564.000) 10/21 06:26:13 Started transferring output files
...
040 (15556765.564.000) 10/21 06:26:13 Finished transferring output files
...
009 (15556765.564.000) 10/21 06:26:13 Job was aborted.
	Job removed by SYSTEM_PERIODIC_REMOVE due to wall time exceeded allowed max.
...
