000 (15556765.278.000) 10/21 05:59:05 Job submitted from host: <188.184.90.241:9618?addrs=188.184.90.241-9618+[2001-1458-201-e4--100-2eb]-9618&alias=bigbird15.cern.ch&noUDP&sock=schedd_25064_65d2>
...
040 (15556765.278.000) 10/21 06:01:25 Started transferring input files
	Transferring to host: <128.142.161.88:9618?addrs=128.142.161.88-9618+[2001-1458-301-b8--100-16]-9618&alias=b9g03p2986.cern.ch&noUDP&sock=slot1_14_6028_056e_3350>
...
040 (15556765.278.000) 10/21 06:01:25 Finished transferring input files
...
001 (15556765.278.000) 10/21 06:01:26 Job executing on host: <128.142.161.88:9618?addrs=128.142.161.88-9618+[2001-1458-301-b8--100-16]-9618&alias=b9g03p2986.cern.ch&noUDP&sock=startd_5060_514e>
	SlotName: slot1_14@b9g03p2986.cern.ch
	CondorScratchDir = "/pool/condor/dir_3632307"
	Cpus = 1
	Disk = 4029
	GPUs = 0
	Memory = 2000
...
006 (15556765.278.000) 10/21 06:01:34 Image size of job updated: 205892
	202  -  MemoryUsage of job (MB)
	205892  -  ResidentSetSize of job (KB)
...
006 (15556765.278.000) 10/21 06:06:34 Image size of job updated: 962180
	940  -  MemoryUsage of job (MB)
	962180  -  ResidentSetSize of job (KB)
...
006 (15556765.278.000) 10/21 06:11:35 Image size of job updated: 962492
	940  -  MemoryUsage of job (MB)
	962492  -  ResidentSetSize of job (KB)
...
006 (15556765.278.000) 10/21 06:21:36 Image size of job updated: 962700
	941  -  MemoryUsage of job (MB)
	962700  -  ResidentSetSize of job (KB)
...
040 (15556765.278.000) 10/21 06:21:36 Started transferring output files
...
040 (15556765.278.000) 10/21 06:21:36 Finished transferring output files
...
009 (15556765.278.000) 10/21 06:21:36 Job was aborted.
	Job removed by SYSTEM_PERIODIC_REMOVE due to wall time exceeded allowed max.
...
