000 (15556765.075.000) 10/21 05:59:05 Job submitted from host: <188.184.90.241:9618?addrs=188.184.90.241-9618+[2001-1458-201-e4--100-2eb]-9618&alias=bigbird15.cern.ch&noUDP&sock=schedd_25064_65d2>
...
040 (15556765.075.000) 10/21 06:00:12 Started transferring input files
	Transferring to host: <188.185.198.46:9618?addrs=188.185.198.46-9618+[2001-1458-303-25--100-2a]-9618&alias=b9p15p0351.cern.ch&noUDP&sock=slot1_3_10702_46ec_81848>
...
040 (15556765.075.000) 10/21 06:00:12 Finished transferring input files
...
001 (15556765.075.000) 10/21 06:00:13 Job executing on host: <188.185.198.46:9618?addrs=188.185.198.46-9618+[2001-1458-303-25--100-2a]-9618&alias=b9p15p0351.cern.ch&noUDP&sock=startd_10558_7d01>
	SlotName: slot1_3@b9p15p0351.cern.ch
	CondorScratchDir = "/pool/condor/dir_2122521"
	Cpus = 1
	Disk = 2892838
	Memory = 2000
...
006 (15556765.075.000) 10/21 06:00:22 Image size of job updated: 182452
	179  -  MemoryUsage of job (MB)
	182372  -  ResidentSetSize of job (KB)
...
006 (15556765.075.000) 10/21 06:05:23 Image size of job updated: 1015080
	990  -  MemoryUsage of job (MB)
	1012868  -  ResidentSetSize of job (KB)
...
006 (15556765.075.000) 10/21 06:10:23 Image size of job updated: 1017812
	990  -  MemoryUsage of job (MB)
	1013036  -  ResidentSetSize of job (KB)
...
006 (15556765.075.000) 10/21 06:15:23 Image size of job updated: 1017812
	990  -  MemoryUsage of job (MB)
	1013384  -  ResidentSetSize of job (KB)
...
040 (15556765.075.000) 10/21 06:20:23 Started transferring output files
...
040 (15556765.075.000) 10/21 06:20:23 Finished transferring output files
...
009 (15556765.075.000) 10/21 06:20:23 Job was aborted.
	Job removed by SYSTEM_PERIODIC_REMOVE due to wall time exceeded allowed max.
...
000 (15556766.075.000) 10/21 07:29:10 Job submitted from host: <188.184.90.241:9618?addrs=188.184.90.241-9618+[2001-1458-201-e4--100-2eb]-9618&alias=bigbird15.cern.ch&noUDP&sock=schedd_25064_65d2>
...
040 (15556766.075.000) 10/21 07:30:20 Started transferring input files
	Transferring to host: <188.185.192.67:9618?addrs=188.185.192.67-9618+[2001-1458-303-1f--100-3f]-9618&alias=b9p13p9348.cern.ch&noUDP&sock=slot1_15_3774572_300d_19618>
...
040 (15556766.075.000) 10/21 07:30:20 Finished transferring input files
...
001 (15556766.075.000) 10/21 07:30:21 Job executing on host: <188.185.192.67:9618?addrs=188.185.192.67-9618+[2001-1458-303-1f--100-3f]-9618&alias=b9p13p9348.cern.ch&noUDP&sock=startd_6275_b4e0>
	SlotName: slot1_15@b9p13p9348.cern.ch
	CondorScratchDir = "/pool/condor/dir_600854"
	Cpus = 1
	Disk = 2997347
	Memory = 2000
...
006 (15556766.075.000) 10/21 07:30:30 Image size of job updated: 221364
	217  -  MemoryUsage of job (MB)
	221264  -  ResidentSetSize of job (KB)
...
006 (15556766.075.000) 10/21 07:35:31 Image size of job updated: 1028196
	1003  -  MemoryUsage of job (MB)
	1026144  -  ResidentSetSize of job (KB)
...
006 (15556766.075.000) 10/21 07:40:31 Image size of job updated: 1028772
	1003  -  MemoryUsage of job (MB)
	1026308  -  ResidentSetSize of job (KB)
...
040 (15556766.075.000) 10/21 07:50:32 Started transferring output files
...
040 (15556766.075.000) 10/21 07:50:32 Finished transferring output files
...
009 (15556766.075.000) 10/21 07:50:32 Job was aborted.
	Job removed by SYSTEM_PERIODIC_REMOVE due to wall time exceeded allowed max.
...
