000 (15556765.512.000) 10/21 05:59:06 Job submitted from host: <188.184.90.241:9618?addrs=188.184.90.241-9618+[2001-1458-201-e4--100-2eb]-9618&alias=bigbird15.cern.ch&noUDP&sock=schedd_25064_65d2>
...
040 (15556765.512.000) 10/21 06:05:42 Started transferring input files
	Transferring to host: <188.185.192.68:9618?addrs=188.185.192.68-9618+[2001-1458-303-1f--100-40]-9618&alias=b9p13p8682.cern.ch&noUDP&sock=slot1_18_2909435_e840_32903>
...
040 (15556765.512.000) 10/21 06:05:42 Finished transferring input files
...
001 (15556765.512.000) 10/21 06:05:43 Job executing on host: <188.185.192.68:9618?addrs=188.185.192.68-9618+[2001-1458-303-1f--100-40]-9618&alias=b9p13p8682.cern.ch&noUDP&sock=startd_128519_ec37>
	SlotName: slot1_18@b9p13p8682.cern.ch
	CondorScratchDir = "/pool/condor/dir_2783852"
	Cpus = 1
	Disk = 2895959
	Memory = 2000
...
006 (15556765.512.000) 10/21 06:05:52 Image size of job updated: 174124
	171  -  MemoryUsage of job (MB)
	174124  -  ResidentSetSize of job (KB)
...
006 (15556765.512.000) 10/21 06:10:53 Image size of job updated: 800392
	779  -  MemoryUsage of job (MB)
	797680  -  ResidentSetSize of job (KB)
...
040 (15556765.512.000) 10/21 06:12:17 Started transferring output files
...
040 (15556765.512.000) 10/21 06:12:17 Finished transferring output files
...
005 (15556765.512.000) 10/21 06:12:17 Job terminated.
	(1) Normal termination (return value 0)
		Usr 0 00:05:23, Sys 0 00:00:04  -  Run Remote Usage
		Usr 0 00:00:00, Sys 0 00:00:00  -  Run Local Usage
		Usr 0 00:05:23, Sys 0 00:00:04  -  Total Remote Usage
		Usr 0 00:00:00, Sys 0 00:00:00  -  Total Local Usage
	13549  -  Run Bytes Sent By Job
	229  -  Run Bytes Received By Job
	13549  -  Total Bytes Sent By Job
	229  -  Total Bytes Received By Job
	Partitionable Resources :    Usage  Request Allocated 
	   Cpus                 :     0.98        1         1 
	   Disk (KB)            :    54           1   2895959 
	   Memory (MB)          :   779        2000      2000 

	Job terminated of its own accord at 2024-10-21T04:12:17Z with exit-code 0.
...
