000 (15556765.541.000) 10/21 05:59:06 Job submitted from host: <188.184.90.241:9618?addrs=188.184.90.241-9618+[2001-1458-201-e4--100-2eb]-9618&alias=bigbird15.cern.ch&noUDP&sock=schedd_25064_65d2>
...
040 (15556765.541.000) 10/21 06:05:53 Started transferring input files
	Transferring to host: <188.185.196.159:9618?addrs=188.185.196.159-9618+[2001-1458-303-23--100-9b]-9618&alias=b9p16p2049.cern.ch&noUDP&sock=slot1_33_7074_05d9_59054>
...
040 (15556765.541.000) 10/21 06:05:53 Finished transferring input files
...
001 (15556765.541.000) 10/21 06:05:54 Job executing on host: <188.185.196.159:9618?addrs=188.185.196.159-9618+[2001-1458-303-23--100-9b]-9618&alias=b9p16p2049.cern.ch&noUDP&sock=startd_6503_1877>
	SlotName: slot1_33@b9p16p2049.cern.ch
	CondorScratchDir = "/pool/condor/dir_2462733"
	Cpus = 1
	Disk = 2910278
	Memory = 2000
...
006 (15556765.541.000) 10/21 06:06:03 Image size of job updated: 659920
	645  -  MemoryUsage of job (MB)
	659912  -  ResidentSetSize of job (KB)
...
006 (15556765.541.000) 10/21 06:11:04 Image size of job updated: 1696488
	1655  -  MemoryUsage of job (MB)
	1694004  -  ResidentSetSize of job (KB)
...
006 (15556765.541.000) 10/21 06:16:04 Image size of job updated: 1697396
	1655  -  MemoryUsage of job (MB)
	1694004  -  ResidentSetSize of job (KB)
...
040 (15556765.541.000) 10/21 06:17:06 Started transferring output files
...
040 (15556765.541.000) 10/21 06:17:06 Finished transferring output files
...
005 (15556765.541.000) 10/21 06:17:06 Job terminated.
	(1) Normal termination (return value 0)
		Usr 0 00:10:22, Sys 0 00:00:04  -  Run Remote Usage
		Usr 0 00:00:00, Sys 0 00:00:00  -  Run Local Usage
		Usr 0 00:10:22, Sys 0 00:00:04  -  Total Remote Usage
		Usr 0 00:00:00, Sys 0 00:00:00  -  Total Local Usage
	22562  -  Run Bytes Sent By Job
	229  -  Run Bytes Received By Job
	22562  -  Total Bytes Sent By Job
	229  -  Total Bytes Received By Job
	Partitionable Resources :    Usage  Request Allocated 
	   Cpus                 :        0        1         1 
	   Disk (KB)            :       63        1   2910278 
	   Memory (MB)          :     1655     2000      2000 

	Job terminated of its own accord at 2024-10-21T04:17:05Z with exit-code 0.
...
