000 (15556765.551.000) 10/21 05:59:06 Job submitted from host: <188.184.90.241:9618?addrs=188.184.90.241-9618+[2001-1458-201-e4--100-2eb]-9618&alias=bigbird15.cern.ch&noUDP&sock=schedd_25064_65d2>
...
040 (15556765.551.000) 10/21 06:05:56 Started transferring input files
	Transferring to host: <188.185.194.98:9618?addrs=188.185.194.98-9618+[2001-1458-303-21--100-5e]-9618&alias=b9p20p9229.cern.ch&noUDP&sock=slot1_13_11256_9ec3_4073>
...
040 (15556765.551.000) 10/21 06:05:56 Finished transferring input files
...
001 (15556765.551.000) 10/21 06:05:57 Job executing on host: <188.185.194.98:9618?addrs=188.185.194.98-9618+[2001-1458-303-21--100-5e]-9618&alias=b9p20p9229.cern.ch&noUDP&sock=startd_11212_13f1>
	SlotName: slot1_13@b9p20p9229.cern.ch
	CondorScratchDir = "/pool/condor/dir_1281167"
	Cpus = 1
	Disk = 3796
	GPUs = 0
	Memory = 2000
...
006 (15556765.551.000) 10/21 06:06:05 Image size of job updated: 495524
	484  -  MemoryUsage of job (MB)
	495524  -  ResidentSetSize of job (KB)
...
006 (15556765.551.000) 10/21 06:11:05 Image size of job updated: 1689312
	1650  -  MemoryUsage of job (MB)
	1689312  -  ResidentSetSize of job (KB)
...
006 (15556765.551.000) 10/21 06:21:06 Image size of job updated: 1703760
	1664  -  MemoryUsage of job (MB)
	1703760  -  ResidentSetSize of job (KB)
...
006 (15556765.551.000) 10/21 06:26:06 Image size of job updated: 1704040
	1665  -  MemoryUsage of job (MB)
	1704040  -  ResidentSetSize of job (KB)
...
040 (15556765.551.000) 10/21 06:26:06 Started transferring output files
...
040 (15556765.551.000) 10/21 06:26:06 Finished transferring output files
...
009 (15556765.551.000) 10/21 06:26:06 Job was aborted.
	Job removed by SYSTEM_PERIODIC_REMOVE due to wall time exceeded allowed max.
...
