000 (15556765.216.000) 10/21 05:59:05 Job submitted from host: <188.184.90.241:9618?addrs=188.184.90.241-9618+[2001-1458-201-e4--100-2eb]-9618&alias=bigbird15.cern.ch&noUDP&sock=schedd_25064_65d2>
...
040 (15556765.216.000) 10/21 06:00:59 Started transferring input files
	Transferring to host: <188.185.195.18:9618?addrs=188.185.195.18-9618+[2001-1458-303-22--100-e]-9618&alias=b9p17p6467.cern.ch&noUDP&sock=slot1_10_7345_f784_2708>
...
040 (15556765.216.000) 10/21 06:00:59 Finished transferring input files
...
001 (15556765.216.000) 10/21 06:01:01 Job executing on host: <188.185.195.18:9618?addrs=188.185.195.18-9618+[2001-1458-303-22--100-e]-9618&alias=b9p17p6467.cern.ch&noUDP&sock=startd_6055_ce0a>
	SlotName: slot1_10@b9p17p6467.cern.ch
	CondorScratchDir = "/pool/condor/dir_574616"
	Cpus = 1
	Disk = 3835
	GPUs = 0
	Memory = 2000
...
006 (15556765.216.000) 10/21 06:01:09 Image size of job updated: 252528
	247  -  MemoryUsage of job (MB)
	252528  -  ResidentSetSize of job (KB)
...
006 (15556765.216.000) 10/21 06:06:09 Image size of job updated: 956876
	935  -  MemoryUsage of job (MB)
	956876  -  ResidentSetSize of job (KB)
...
006 (15556765.216.000) 10/21 06:11:09 Image size of job updated: 957312
	935  -  MemoryUsage of job (MB)
	957312  -  ResidentSetSize of job (KB)
...
006 (15556765.216.000) 10/21 06:16:10 Image size of job updated: 957600
	936  -  MemoryUsage of job (MB)
	957600  -  ResidentSetSize of job (KB)
...
040 (15556765.216.000) 10/21 06:20:14 Started transferring output files
...
040 (15556765.216.000) 10/21 06:20:14 Finished transferring output files
...
005 (15556765.216.000) 10/21 06:20:14 Job terminated.
	(1) Normal termination (return value 0)
		Usr 0 00:15:16, Sys 0 00:00:04  -  Run Remote Usage
		Usr 0 00:00:00, Sys 0 00:00:00  -  Run Local Usage
		Usr 0 00:15:16, Sys 0 00:00:04  -  Total Remote Usage
		Usr 0 00:00:00, Sys 0 00:00:00  -  Total Local Usage
	24261  -  Run Bytes Sent By Job
	229  -  Run Bytes Received By Job
	24261  -  Total Bytes Sent By Job
	229  -  Total Bytes Received By Job
	Partitionable Resources :    Usage  Request Allocated 
	   Cpus                 :     1.00        1         1 
	   Disk (KB)            :    65           1      3835 
	   GPUs                 :                           0 
	   Memory (MB)          :   936        2000      2000 

	Job terminated of its own accord at 2024-10-21T04:20:14Z with exit-code 0.
...
