000 (15556765.200.000) 10/21 05:59:05 Job submitted from host: <188.184.90.241:9618?addrs=188.184.90.241-9618+[2001-1458-201-e4--100-2eb]-9618&alias=bigbird15.cern.ch&noUDP&sock=schedd_25064_65d2>
...
040 (15556765.200.000) 10/21 06:00:53 Started transferring input files
	Transferring to host: <188.185.208.77:9618?addrs=188.185.208.77-9618+[2001-1458-303-f--100-4a]-9618&alias=b9p09p0413.cern.ch&noUDP&sock=slot1_30_50441_ff5c_129454>
...
040 (15556765.200.000) 10/21 06:00:53 Finished transferring input files
...
001 (15556765.200.000) 10/21 06:00:55 Job executing on host: <188.185.208.77:9618?addrs=188.185.208.77-9618+[2001-1458-303-f--100-4a]-9618&alias=b9p09p0413.cern.ch&noUDP&sock=startd_49272_127c>
	SlotName: slot1_30@b9p09p0413.cern.ch
	CondorScratchDir = "/pool/condor/dir_3516122"
	Cpus = 1
	Disk = 2656238
	Memory = 2000
...
006 (15556765.200.000) 10/21 06:01:04 Image size of job updated: 153460
	150  -  MemoryUsage of job (MB)
	153000  -  ResidentSetSize of job (KB)
...
006 (15556765.200.000) 10/21 06:06:05 Image size of job updated: 989144
	964  -  MemoryUsage of job (MB)
	986760  -  ResidentSetSize of job (KB)
...
006 (15556765.200.000) 10/21 06:11:05 Image size of job updated: 989784
	964  -  MemoryUsage of job (MB)
	986904  -  ResidentSetSize of job (KB)
...
006 (15556765.200.000) 10/21 06:16:05 Image size of job updated: 990088
	965  -  MemoryUsage of job (MB)
	987188  -  ResidentSetSize of job (KB)
...
006 (15556765.200.000) 10/21 06:20:07 Image size of job updated: 991740
	965  -  MemoryUsage of job (MB)
	987188  -  ResidentSetSize of job (KB)
...
040 (15556765.200.000) 10/21 06:20:07 Started transferring output files
...
040 (15556765.200.000) 10/21 06:20:07 Finished transferring output files
...
005 (15556765.200.000) 10/21 06:20:07 Job terminated.
	(1) Normal termination (return value 0)
		Usr 0 00:14:48, Sys 0 00:00:09  -  Run Remote Usage
		Usr 0 00:00:00, Sys 0 00:00:00  -  Run Local Usage
		Usr 0 00:14:48, Sys 0 00:00:09  -  Total Remote Usage
		Usr 0 00:00:00, Sys 0 00:00:00  -  Total Local Usage
	28172  -  Run Bytes Sent By Job
	229  -  Run Bytes Received By Job
	28172  -  Total Bytes Sent By Job
	229  -  Total Bytes Received By Job
	Partitionable Resources :    Usage  Request Allocated 
	   Cpus                 :     0.99        1         1 
	   Disk (KB)            :    69           1   2656238 
	   Memory (MB)          :   965        2000      2000 

	Job terminated of its own accord at 2024-10-21T04:20:07Z with exit-code 0.
...
