000 (15556765.139.000) 10/21 05:59:05 Job submitted from host: <188.184.90.241:9618?addrs=188.184.90.241-9618+[2001-1458-201-e4--100-2eb]-9618&alias=bigbird15.cern.ch&noUDP&sock=schedd_25064_65d2>
...
040 (15556765.139.000) 10/21 06:00:34 Started transferring input files
	Transferring to host: <128.142.161.77:9618?addrs=128.142.161.77-9618+[2001-1458-301-b8--100-b]-9618&alias=b9g03p8125.cern.ch&noUDP&sock=slot1_11_2794007_706a_25222>
...
040 (15556765.139.000) 10/21 06:00:34 Finished transferring input files
...
001 (15556765.139.000) 10/21 06:00:35 Job executing on host: <128.142.161.77:9618?addrs=128.142.161.77-9618+[2001-1458-301-b8--100-b]-9618&alias=b9g03p8125.cern.ch&noUDP&sock=startd_3204_4187>
	SlotName: slot1_11@b9g03p8125.cern.ch
	CondorScratchDir = "/pool/condor/dir_2966577"
	Cpus = 1
	Disk = 3025858
	Memory = 2000
...
006 (15556765.139.000) 10/21 06:00:43 Image size of job updated: 23156
	23  -  MemoryUsage of job (MB)
	23156  -  ResidentSetSize of job (KB)
...
006 (15556765.139.000) 10/21 06:05:02 Image size of job updated: 2367456
	1379  -  MemoryUsage of job (MB)
	1412000  -  ResidentSetSize of job (KB)
...
040 (15556765.139.000) 10/21 06:05:02 Started transferring output files
...
040 (15556765.139.000) 10/21 06:05:02 Finished transferring output files
...
005 (15556765.139.000) 10/21 06:05:02 Job terminated.
	(1) Normal termination (return value 0)
		Usr 0 00:02:57, Sys 0 00:00:07  -  Run Remote Usage
		Usr 0 00:00:00, Sys 0 00:00:00  -  Run Local Usage
		Usr 0 00:02:57, Sys 0 00:00:07  -  Total Remote Usage
		Usr 0 00:00:00, Sys 0 00:00:00  -  Total Local Usage
	3632  -  Run Bytes Sent By Job
	229  -  Run Bytes Received By Job
	3632  -  Total Bytes Sent By Job
	229  -  Total Bytes Received By Job
	Partitionable Resources :    Usage  Request Allocated 
	   Cpus                 :     0.89        1         1 
	   Disk (KB)            :    44           1   3025858 
	   Memory (MB)          :  1379        2000      2000 

	Job terminated of its own accord at 2024-10-21T04:05:02Z with exit-code 0.
...
