000 (15556765.065.000) 10/21 05:59:05 Job submitted from host: <188.184.90.241:9618?addrs=188.184.90.241-9618+[2001-1458-201-e4--100-2eb]-9618&alias=bigbird15.cern.ch&noUDP&sock=schedd_25064_65d2>
...
040 (15556765.065.000) 10/21 06:00:09 Started transferring input files
	Transferring to host: <188.185.193.179:9618?addrs=188.185.193.179-9618+[2001-1458-303-20--100-af]-9618&alias=b9p19p5502.cern.ch&noUDP&sock=slot1_27_2605339_c3f2_74146>
...
040 (15556765.065.000) 10/21 06:00:09 Finished transferring input files
...
001 (15556765.065.000) 10/21 06:00:10 Job executing on host: <188.185.193.179:9618?addrs=188.185.193.179-9618+[2001-1458-303-20--100-af]-9618&alias=b9p19p5502.cern.ch&noUDP&sock=startd_166631_95af>
	SlotName: slot1_27@b9p19p5502.cern.ch
	CondorScratchDir = "/pool/condor/dir_3393298"
	Cpus = 1
	Disk = 2965160
	Memory = 2000
...
006 (15556765.065.000) 10/21 06:00:19 Image size of job updated: 2064
	2  -  MemoryUsage of job (MB)
	1980  -  ResidentSetSize of job (KB)
...
006 (15556765.065.000) 10/21 06:05:20 Image size of job updated: 1962524
	1915  -  MemoryUsage of job (MB)
	1960752  -  ResidentSetSize of job (KB)
...
006 (15556765.065.000) 10/21 06:10:20 Image size of job updated: 1965808
	1916  -  MemoryUsage of job (MB)
	1960996  -  ResidentSetSize of job (KB)
...
006 (15556765.065.000) 10/21 06:15:20 Image size of job updated: 1965808
	1916  -  MemoryUsage of job (MB)
	1961108  -  ResidentSetSize of job (KB)
...
040 (15556765.065.000) 10/21 06:20:20 Started transferring output files
...
040 (15556765.065.000) 10/21 06:20:20 Finished transferring output files
...
009 (15556765.065.000) 10/21 06:20:20 Job was aborted.
	Job removed by SYSTEM_PERIODIC_REMOVE due to wall time exceeded allowed max.
...
000 (15556766.065.000) 10/21 07:29:10 Job submitted from host: <188.184.90.241:9618?addrs=188.184.90.241-9618+[2001-1458-201-e4--100-2eb]-9618&alias=bigbird15.cern.ch&noUDP&sock=schedd_25064_65d2>
...
040 (15556766.065.000) 10/21 07:30:17 Started transferring input files
	Transferring to host: <188.185.194.73:9618?addrs=188.185.194.73-9618+[2001-1458-303-21--100-45]-9618&alias=b9p20p4442.cern.ch&noUDP&sock=slot1_11_6059_dd0f_4599>
...
040 (15556766.065.000) 10/21 07:30:17 Finished transferring input files
...
001 (15556766.065.000) 10/21 07:30:18 Job executing on host: <188.185.194.73:9618?addrs=188.185.194.73-9618+[2001-1458-303-21--100-45]-9618&alias=b9p20p4442.cern.ch&noUDP&sock=startd_4707_305f>
	SlotName: slot1_11@b9p20p4442.cern.ch
	CondorScratchDir = "/pool/condor/dir_38000"
	Cpus = 1
	Disk = 3859
	GPUs = 0
	Memory = 2000
...
006 (15556766.065.000) 10/21 07:30:26 Image size of job updated: 696240
	680  -  MemoryUsage of job (MB)
	696240  -  ResidentSetSize of job (KB)
...
006 (15556766.065.000) 10/21 07:35:26 Image size of job updated: 2037532
	1990  -  MemoryUsage of job (MB)
	2037532  -  ResidentSetSize of job (KB)
...
006 (15556766.065.000) 10/21 07:40:27 Image size of job updated: 2037872
	1991  -  MemoryUsage of job (MB)
	2037872  -  ResidentSetSize of job (KB)
...
040 (15556766.065.000) 10/21 07:50:28 Started transferring output files
...
040 (15556766.065.000) 10/21 07:50:28 Finished transferring output files
...
009 (15556766.065.000) 10/21 07:50:28 Job was aborted.
	Job removed by SYSTEM_PERIODIC_REMOVE due to wall time exceeded allowed max.
...
