000 (15556765.439.000) 10/21 05:59:06 Job submitted from host: <188.184.90.241:9618?addrs=188.184.90.241-9618+[2001-1458-201-e4--100-2eb]-9618&alias=bigbird15.cern.ch&noUDP&sock=schedd_25064_65d2>
...
040 (15556765.439.000) 10/21 06:04:45 Started transferring input files
	Transferring to host: <128.142.248.112:9618?addrs=128.142.248.112-9618+[2001-1458-301-73--100-160]-9618&alias=b9g23p1260.cern.ch&noUDP&sock=slot1_8_6660_5288_2347>
...
040 (15556765.439.000) 10/21 06:04:45 Finished transferring input files
...
001 (15556765.439.000) 10/21 06:04:46 Job executing on host: <128.142.248.112:9618?addrs=128.142.248.112-9618+[2001-1458-301-73--100-160]-9618&alias=b9g23p1260.cern.ch&noUDP&sock=startd_5899_cd43>
	SlotName: slot1_8@b9g23p1260.cern.ch
	CondorScratchDir = "/pool/condor/dir_2757840"
	Cpus = 1
	Disk = 2854201
	Memory = 2000
...
006 (15556765.439.000) 10/21 06:04:55 Image size of job updated: 225736
	220  -  MemoryUsage of job (MB)
	224860  -  ResidentSetSize of job (KB)
...
006 (15556765.439.000) 10/21 06:09:55 Image size of job updated: 769912
	740  -  MemoryUsage of job (MB)
	756916  -  ResidentSetSize of job (KB)
...
040 (15556765.439.000) 10/21 06:10:43 Started transferring output files
...
040 (15556765.439.000) 10/21 06:10:43 Finished transferring output files
...
005 (15556765.439.000) 10/21 06:10:43 Job terminated.
	(1) Normal termination (return value 0)
		Usr 0 00:04:09, Sys 0 00:00:03  -  Run Remote Usage
		Usr 0 00:00:00, Sys 0 00:00:00  -  Run Local Usage
		Usr 0 00:04:09, Sys 0 00:00:03  -  Total Remote Usage
		Usr 0 00:00:00, Sys 0 00:00:00  -  Total Local Usage
	9098  -  Run Bytes Sent By Job
	229  -  Run Bytes Received By Job
	9098  -  Total Bytes Sent By Job
	229  -  Total Bytes Received By Job
	Partitionable Resources :    Usage  Request Allocated 
	   Cpus                 :     0.89        1         1 
	   Disk (KB)            :    51           1   2854201 
	   Memory (MB)          :   740        2000      2000 

	Job terminated of its own accord at 2024-10-21T04:10:43Z with exit-code 0.
...
