000 (15556765.090.000) 10/21 05:59:05 Job submitted from host: <188.184.90.241:9618?addrs=188.184.90.241-9618+[2001-1458-201-e4--100-2eb]-9618&alias=bigbird15.cern.ch&noUDP&sock=schedd_25064_65d2>
...
040 (15556765.090.000) 10/21 06:00:17 Started transferring input files
	Transferring to host: <128.142.131.110:9618?addrs=128.142.131.110-9618+[2001-1458-301-59--100-62]-9618&alias=b9g11p5848.cern.ch&noUDP&sock=slot1_12_1805185_e318_27547>
...
040 (15556765.090.000) 10/21 06:00:17 Finished transferring input files
...
001 (15556765.090.000) 10/21 06:00:18 Job executing on host: <128.142.131.110:9618?addrs=128.142.131.110-9618+[2001-1458-301-59--100-62]-9618&alias=b9g11p5848.cern.ch&noUDP&sock=startd_2472_2a34>
	SlotName: slot1_12@b9g11p5848.cern.ch
	CondorScratchDir = "/pool/condor/dir_2179163"
	Cpus = 1
	Disk = 1740602
	Memory = 2000
...
006 (15556765.090.000) 10/21 06:00:27 Image size of job updated: 147024
	144  -  MemoryUsage of job (MB)
	147024  -  ResidentSetSize of job (KB)
...
006 (15556765.090.000) 10/21 06:05:28 Image size of job updated: 1013900
	991  -  MemoryUsage of job (MB)
	1013900  -  ResidentSetSize of job (KB)
...
040 (15556765.090.000) 10/21 06:09:21 Started transferring output files
...
040 (15556765.090.000) 10/21 06:09:21 Finished transferring output files
...
005 (15556765.090.000) 10/21 06:09:21 Job terminated.
	(1) Normal termination (return value 0)
		Usr 0 00:07:39, Sys 0 00:00:11  -  Run Remote Usage
		Usr 0 00:00:00, Sys 0 00:00:00  -  Run Local Usage
		Usr 0 00:07:39, Sys 0 00:00:11  -  Total Remote Usage
		Usr 0 00:00:00, Sys 0 00:00:00  -  Total Local Usage
	6735  -  Run Bytes Sent By Job
	229  -  Run Bytes Received By Job
	6735  -  Total Bytes Sent By Job
	229  -  Total Bytes Received By Job
	Partitionable Resources :    Usage  Request Allocated 
	   Cpus                 :     0.89        1         1 
	   Disk (KB)            :    48           1   1740602 
	   Memory (MB)          :   991        2000      2000 

	Job terminated of its own accord at 2024-10-21T04:09:21Z with exit-code 0.
...
000 (15556766.090.000) 10/21 07:29:11 Job submitted from host: <188.184.90.241:9618?addrs=188.184.90.241-9618+[2001-1458-201-e4--100-2eb]-9618&alias=bigbird15.cern.ch&noUDP&sock=schedd_25064_65d2>
...
040 (15556766.090.000) 10/21 07:30:26 Started transferring input files
	Transferring to host: <128.142.33.203:9618?addrs=128.142.33.203-9618+[2001-1458-301-39--100-8]-9618&alias=b9g24p0512.cern.ch&noUDP&sock=slot1_25_4169_3003_3770>
...
040 (15556766.090.000) 10/21 07:30:26 Finished transferring input files
...
001 (15556766.090.000) 10/21 07:30:27 Job executing on host: <128.142.33.203:9618?addrs=128.142.33.203-9618+[2001-1458-301-39--100-8]-9618&alias=b9g24p0512.cern.ch&noUDP&sock=startd_3428_e6be>
	SlotName: slot1_25@b9g24p0512.cern.ch
	CondorScratchDir = "/pool/condor/dir_323032"
	Cpus = 1
	Disk = 3903
	GPUs = 0
	Memory = 2000
...
006 (15556766.090.000) 10/21 07:30:35 Image size of job updated: 145004
	142  -  MemoryUsage of job (MB)
	145004  -  ResidentSetSize of job (KB)
...
006 (15556766.090.000) 10/21 07:35:35 Image size of job updated: 980072
	958  -  MemoryUsage of job (MB)
	980072  -  ResidentSetSize of job (KB)
...
006 (15556766.090.000) 10/21 07:40:36 Image size of job updated: 980360
	958  -  MemoryUsage of job (MB)
	980360  -  ResidentSetSize of job (KB)
...
040 (15556766.090.000) 10/21 07:50:36 Started transferring output files
...
040 (15556766.090.000) 10/21 07:50:36 Finished transferring output files
...
009 (15556766.090.000) 10/21 07:50:36 Job was aborted.
	Job removed by SYSTEM_PERIODIC_REMOVE due to wall time exceeded allowed max.
...
