000 (15556765.388.000) 10/21 05:59:06 Job submitted from host: <188.184.90.241:9618?addrs=188.184.90.241-9618+[2001-1458-201-e4--100-2eb]-9618&alias=bigbird15.cern.ch&noUDP&sock=schedd_25064_65d2>
...
040 (15556765.388.000) 10/21 06:02:24 Started transferring input files
	Transferring to host: <188.185.206.135:9618?addrs=188.185.206.135-9618+[2001-1458-303-c--100-4]-9618&alias=b9p06p6909.cern.ch&noUDP&sock=slot1_2_4501_1c90_140748>
...
040 (15556765.388.000) 10/21 06:02:24 Finished transferring input files
...
001 (15556765.388.000) 10/21 06:02:25 Job executing on host: <188.185.206.135:9618?addrs=188.185.206.135-9618+[2001-1458-303-c--100-4]-9618&alias=b9p06p6909.cern.ch&noUDP&sock=startd_3713_633c>
	SlotName: slot1_2@b9p06p6909.cern.ch
	CondorScratchDir = "/pool/condor/dir_4165760"
	Cpus = 1
	Disk = 2726065
	Memory = 2000
...
006 (15556765.388.000) 10/21 06:02:33 Image size of job updated: 194188
	190  -  MemoryUsage of job (MB)
	194188  -  ResidentSetSize of job (KB)
...
006 (15556765.388.000) 10/21 06:07:33 Image size of job updated: 754524
	735  -  MemoryUsage of job (MB)
	752400  -  ResidentSetSize of job (KB)
...
006 (15556765.388.000) 10/21 06:08:10 Image size of job updated: 756288
	735  -  MemoryUsage of job (MB)
	752400  -  ResidentSetSize of job (KB)
...
040 (15556765.388.000) 10/21 06:08:10 Started transferring output files
...
040 (15556765.388.000) 10/21 06:08:10 Finished transferring output files
...
005 (15556765.388.000) 10/21 06:08:10 Job terminated.
	(1) Normal termination (return value 0)
		Usr 0 00:02:46, Sys 0 00:00:06  -  Run Remote Usage
		Usr 0 00:00:00, Sys 0 00:00:00  -  Run Local Usage
		Usr 0 00:02:46, Sys 0 00:00:06  -  Total Remote Usage
		Usr 0 00:00:00, Sys 0 00:00:00  -  Total Local Usage
	7660  -  Run Bytes Sent By Job
	229  -  Run Bytes Received By Job
	7660  -  Total Bytes Sent By Job
	229  -  Total Bytes Received By Job
	Partitionable Resources :    Usage  Request Allocated 
	   Cpus                 :     1.00        1         1 
	   Disk (KB)            :    50           1   2726065 
	   Memory (MB)          :   735        2000      2000 

	Job terminated of its own accord at 2024-10-21T04:08:10Z with exit-code 0.
...
