000 (15556765.450.000) 10/21 05:59:06 Job submitted from host: <188.184.90.241:9618?addrs=188.184.90.241-9618+[2001-1458-201-e4--100-2eb]-9618&alias=bigbird15.cern.ch&noUDP&sock=schedd_25064_65d2>
...
040 (15556765.450.000) 10/21 06:05:11 Started transferring input files
	Transferring to host: <188.185.195.106:9618?addrs=188.185.195.106-9618+[2001-1458-303-22--100-66]-9618&alias=b9p17p8074.cern.ch&noUDP&sock=slot1_33_288521_e52e_25098>
...
040 (15556765.450.000) 10/21 06:05:11 Finished transferring input files
...
001 (15556765.450.000) 10/21 06:05:12 Job executing on host: <188.185.195.106:9618?addrs=188.185.195.106-9618+[2001-1458-303-22--100-66]-9618&alias=b9p17p8074.cern.ch&noUDP&sock=startd_288321_cd8f>
	SlotName: slot1_33@b9p17p8074.cern.ch
	CondorScratchDir = "/pool/condor/dir_237207"
	Cpus = 1
	Disk = 2866672
	Memory = 2000
...
006 (15556765.450.000) 10/21 06:05:21 Image size of job updated: 1844
	2  -  MemoryUsage of job (MB)
	1548  -  ResidentSetSize of job (KB)
...
006 (15556765.450.000) 10/21 06:10:22 Image size of job updated: 751776
	733  -  MemoryUsage of job (MB)
	749660  -  ResidentSetSize of job (KB)
...
040 (15556765.450.000) 10/21 06:11:06 Started transferring output files
...
040 (15556765.450.000) 10/21 06:11:06 Finished transferring output files
...
005 (15556765.450.000) 10/21 06:11:07 Job terminated.
	(1) Normal termination (return value 0)
		Usr 0 00:04:38, Sys 0 00:00:05  -  Run Remote Usage
		Usr 0 00:00:00, Sys 0 00:00:00  -  Run Local Usage
		Usr 0 00:04:38, Sys 0 00:00:05  -  Total Remote Usage
		Usr 0 00:00:00, Sys 0 00:00:00  -  Total Local Usage
	8381  -  Run Bytes Sent By Job
	229  -  Run Bytes Received By Job
	8381  -  Total Bytes Sent By Job
	229  -  Total Bytes Received By Job
	Partitionable Resources :    Usage  Request Allocated 
	   Cpus                 :        0        1         1 
	   Disk (KB)            :       50        1   2866672 
	   Memory (MB)          :      733     2000      2000 

	Job terminated of its own accord at 2024-10-21T04:11:06Z with exit-code 0.
...
