000 (15556765.408.000) 10/21 05:59:06 Job submitted from host: <188.184.90.241:9618?addrs=188.184.90.241-9618+[2001-1458-201-e4--100-2eb]-9618&alias=bigbird15.cern.ch&noUDP&sock=schedd_25064_65d2>
...
040 (15556765.408.000) 10/21 06:03:15 Started transferring input files
	Transferring to host: <188.185.208.180:9618?addrs=188.185.208.180-9618+[2001-1458-303-10--100-31]-9618&alias=b9p10p0918.cern.ch&noUDP&sock=slot1_6_5450_c497_28966>
...
040 (15556765.408.000) 10/21 06:03:15 Finished transferring input files
...
001 (15556765.408.000) 10/21 06:03:16 Job executing on host: <188.185.208.180:9618?addrs=188.185.208.180-9618+[2001-1458-303-10--100-31]-9618&alias=b9p10p0918.cern.ch&noUDP&sock=startd_4554_3e62>
	SlotName: slot1_6@b9p10p0918.cern.ch
	CondorScratchDir = "/pool/condor/dir_2403236"
	Cpus = 1
	Disk = 2762207
	Memory = 2000
...
006 (15556765.408.000) 10/21 06:03:25 Image size of job updated: 167476
	164  -  MemoryUsage of job (MB)
	167024  -  ResidentSetSize of job (KB)
...
006 (15556765.408.000) 10/21 06:08:26 Image size of job updated: 752152
	733  -  MemoryUsage of job (MB)
	749596  -  ResidentSetSize of job (KB)
...
040 (15556765.408.000) 10/21 06:08:52 Started transferring output files
...
040 (15556765.408.000) 10/21 06:08:52 Finished transferring output files
...
005 (15556765.408.000) 10/21 06:08:52 Job terminated.
	(1) Normal termination (return value 0)
		Usr 0 00:02:51, Sys 0 00:00:06  -  Run Remote Usage
		Usr 0 00:00:00, Sys 0 00:00:00  -  Run Local Usage
		Usr 0 00:02:51, Sys 0 00:00:06  -  Total Remote Usage
		Usr 0 00:00:00, Sys 0 00:00:00  -  Total Local Usage
	6606  -  Run Bytes Sent By Job
	229  -  Run Bytes Received By Job
	6606  -  Total Bytes Sent By Job
	229  -  Total Bytes Received By Job
	Partitionable Resources :    Usage  Request Allocated 
	   Cpus                 :        0        1         1 
	   Disk (KB)            :       49        1   2762207 
	   Memory (MB)          :      733     2000      2000 

	Job terminated of its own accord at 2024-10-21T04:08:52Z with exit-code 0.
...
