000 (15556765.461.000) 10/21 05:59:06 Job submitted from host: <188.184.90.241:9618?addrs=188.184.90.241-9618+[2001-1458-201-e4--100-2eb]-9618&alias=bigbird15.cern.ch&noUDP&sock=schedd_25064_65d2>
...
040 (15556765.461.000) 10/21 06:05:25 Started transferring input files
	Transferring to host: <188.185.195.31:9618?addrs=188.185.195.31-9618+[2001-1458-303-22--100-1b]-9618&alias=b9p17p3699.cern.ch&noUDP&sock=slot1_21_624930_77fe_66671>
...
040 (15556765.461.000) 10/21 06:05:25 Finished transferring input files
...
001 (15556765.461.000) 10/21 06:05:26 Job executing on host: <188.185.195.31:9618?addrs=188.185.195.31-9618+[2001-1458-303-22--100-1b]-9618&alias=b9p17p3699.cern.ch&noUDP&sock=startd_128028_2337>
	SlotName: slot1_21@b9p17p3699.cern.ch
	CondorScratchDir = "/pool/condor/dir_1432964"
	Cpus = 1
	Disk = 2976772
	Memory = 2000
...
006 (15556765.461.000) 10/21 06:05:35 Image size of job updated: 3492
	4  -  MemoryUsage of job (MB)
	3192  -  ResidentSetSize of job (KB)
...
006 (15556765.461.000) 10/21 06:10:36 Image size of job updated: 2402700
	2344  -  MemoryUsage of job (MB)
	2399704  -  ResidentSetSize of job (KB)
...
006 (15556765.461.000) 10/21 06:13:09 Image size of job updated: 2403572
	2344  -  MemoryUsage of job (MB)
	2399704  -  ResidentSetSize of job (KB)
...
040 (15556765.461.000) 10/21 06:13:09 Started transferring output files
...
040 (15556765.461.000) 10/21 06:13:09 Finished transferring output files
...
005 (15556765.461.000) 10/21 06:13:10 Job terminated.
	(1) Normal termination (return value 0)
		Usr 0 00:04:12, Sys 0 00:00:07  -  Run Remote Usage
		Usr 0 00:00:00, Sys 0 00:00:00  -  Run Local Usage
		Usr 0 00:04:12, Sys 0 00:00:07  -  Total Remote Usage
		Usr 0 00:00:00, Sys 0 00:00:00  -  Total Local Usage
	7379  -  Run Bytes Sent By Job
	229  -  Run Bytes Received By Job
	7379  -  Total Bytes Sent By Job
	229  -  Total Bytes Received By Job
	Partitionable Resources :    Usage  Request Allocated 
	   Cpus                 :     0.90        1         1 
	   Disk (KB)            :    49           1   2976772 
	   Memory (MB)          :  2344        2000      2000 

	Job terminated of its own accord at 2024-10-21T04:13:09Z with exit-code 0.
...
