000 (15556765.443.000) 10/21 05:59:06 Job submitted from host: <188.184.90.241:9618?addrs=188.184.90.241-9618+[2001-1458-201-e4--100-2eb]-9618&alias=bigbird15.cern.ch&noUDP&sock=schedd_25064_65d2>
...
040 (15556765.443.000) 10/21 06:04:50 Started transferring input files
	Transferring to host: <128.142.192.161:9618?addrs=128.142.192.161-9618+[2001-1458-301-56--100-1d]-9618&alias=b9g18p0292.cern.ch&noUDP&sock=slot1_7_5594_3a9d_3811>
...
040 (15556765.443.000) 10/21 06:04:50 Finished transferring input files
...
001 (15556765.443.000) 10/21 06:04:51 Job executing on host: <128.142.192.161:9618?addrs=128.142.192.161-9618+[2001-1458-301-56--100-1d]-9618&alias=b9g18p0292.cern.ch&noUDP&sock=startd_4324_7b9a>
	SlotName: slot1_7@b9g18p0292.cern.ch
	CondorScratchDir = "/pool/condor/dir_2057519"
	Cpus = 1
	Disk = 3805
	GPUs = 0
	Memory = 2000
...
006 (15556765.443.000) 10/21 06:04:59 Image size of job updated: 164284
	161  -  MemoryUsage of job (MB)
	164284  -  ResidentSetSize of job (KB)
...
006 (15556765.443.000) 10/21 06:06:40 Image size of job updated: 164284
	161  -  MemoryUsage of job (MB)
	164408  -  ResidentSetSize of job (KB)
...
040 (15556765.443.000) 10/21 06:06:40 Started transferring output files
...
040 (15556765.443.000) 10/21 06:06:40 Finished transferring output files
...
005 (15556765.443.000) 10/21 06:06:40 Job terminated.
	(1) Normal termination (return value 0)
		Usr 0 00:01:20, Sys 0 00:00:05  -  Run Remote Usage
		Usr 0 00:00:00, Sys 0 00:00:00  -  Run Local Usage
		Usr 0 00:01:20, Sys 0 00:00:05  -  Total Remote Usage
		Usr 0 00:00:00, Sys 0 00:00:00  -  Total Local Usage
	2502  -  Run Bytes Sent By Job
	229  -  Run Bytes Received By Job
	2502  -  Total Bytes Sent By Job
	229  -  Total Bytes Received By Job
	Partitionable Resources :    Usage  Request Allocated 
	   Cpus                 :                 1         1 
	   Disk (KB)            :       37        1      3805 
	   GPUs                 :                           0 
	   Memory (MB)          :      161     2000      2000 

	Job terminated of its own accord at 2024-10-21T04:06:40Z with exit-code 0.
...
