000 (15556765.538.000) 10/21 05:59:06 Job submitted from host: <188.184.90.241:9618?addrs=188.184.90.241-9618+[2001-1458-201-e4--100-2eb]-9618&alias=bigbird15.cern.ch&noUDP&sock=schedd_25064_65d2>
...
040 (15556765.538.000) 10/21 06:05:52 Started transferring input files
	Transferring to host: <188.185.198.122:9618?addrs=188.185.198.122-9618+[2001-1458-303-25--100-76]-9618&alias=b9p15p2858.cern.ch&noUDP&sock=slot1_9_6849_7d70_59469>
...
040 (15556765.538.000) 10/21 06:05:52 Finished transferring input files
...
001 (15556765.538.000) 10/21 06:05:53 Job executing on host: <188.185.198.122:9618?addrs=188.185.198.122-9618+[2001-1458-303-25--100-76]-9618&alias=b9p15p2858.cern.ch&noUDP&sock=startd_6056_7da2>
	SlotName: slot1_9@b9p15p2858.cern.ch
	CondorScratchDir = "/pool/condor/dir_1210733"
	Cpus = 1
	Disk = 3028348
	Memory = 2000
...
006 (15556765.538.000) 10/21 06:06:02 Image size of job updated: 158120
	155  -  MemoryUsage of job (MB)
	157880  -  ResidentSetSize of job (KB)
...
006 (15556765.538.000) 10/21 06:11:03 Image size of job updated: 766476
	745  -  MemoryUsage of job (MB)
	762724  -  ResidentSetSize of job (KB)
...
006 (15556765.538.000) 10/21 06:16:03 Image size of job updated: 766632
	746  -  MemoryUsage of job (MB)
	763268  -  ResidentSetSize of job (KB)
...
006 (15556765.538.000) 10/21 06:20:39 Image size of job updated: 767792
	746  -  MemoryUsage of job (MB)
	763268  -  ResidentSetSize of job (KB)
...
040 (15556765.538.000) 10/21 06:20:39 Started transferring output files
...
040 (15556765.538.000) 10/21 06:20:39 Finished transferring output files
...
005 (15556765.538.000) 10/21 06:20:39 Job terminated.
	(1) Normal termination (return value 0)
		Usr 0 00:11:09, Sys 0 00:00:08  -  Run Remote Usage
		Usr 0 00:00:00, Sys 0 00:00:00  -  Run Local Usage
		Usr 0 00:11:09, Sys 0 00:00:08  -  Total Remote Usage
		Usr 0 00:00:00, Sys 0 00:00:00  -  Total Local Usage
	22179  -  Run Bytes Sent By Job
	229  -  Run Bytes Received By Job
	22179  -  Total Bytes Sent By Job
	229  -  Total Bytes Received By Job
	Partitionable Resources :    Usage  Request Allocated 
	   Cpus                 :     0.61        1         1 
	   Disk (KB)            :    63           1   3028348 
	   Memory (MB)          :   746        2000      2000 

	Job terminated of its own accord at 2024-10-21T04:20:39Z with exit-code 0.
...
