000 (15556765.386.000) 10/21 05:59:06 Job submitted from host: <188.184.90.241:9618?addrs=188.184.90.241-9618+[2001-1458-201-e4--100-2eb]-9618&alias=bigbird15.cern.ch&noUDP&sock=schedd_25064_65d2>
...
040 (15556765.386.000) 10/21 06:02:04 Started transferring input files
	Transferring to host: <188.185.207.139:9618?addrs=188.185.207.139-9618+[2001-1458-303-e--100-8]-9618&alias=b9p08p1203.cern.ch&noUDP&sock=slot1_37_64850_7106_192258>
...
040 (15556765.386.000) 10/21 06:02:04 Finished transferring input files
...
001 (15556765.386.000) 10/21 06:02:05 Job executing on host: <188.185.207.139:9618?addrs=188.185.207.139-9618+[2001-1458-303-e--100-8]-9618&alias=b9p08p1203.cern.ch&noUDP&sock=startd_3519_51dc>
	SlotName: slot1_37@b9p08p1203.cern.ch
	CondorScratchDir = "/pool/condor/dir_2380994"
	Cpus = 1
	Disk = 2598295
	Memory = 2000
...
006 (15556765.386.000) 10/21 06:02:13 Image size of job updated: 151424
	148  -  MemoryUsage of job (MB)
	150716  -  ResidentSetSize of job (KB)
...
006 (15556765.386.000) 10/21 06:07:13 Image size of job updated: 753844
	733  -  MemoryUsage of job (MB)
	750532  -  ResidentSetSize of job (KB)
...
006 (15556765.386.000) 10/21 06:08:20 Image size of job updated: 754896
	733  -  MemoryUsage of job (MB)
	750532  -  ResidentSetSize of job (KB)
...
040 (15556765.386.000) 10/21 06:08:20 Started transferring output files
...
040 (15556765.386.000) 10/21 06:08:20 Finished transferring output files
...
005 (15556765.386.000) 10/21 06:08:20 Job terminated.
	(1) Normal termination (return value 0)
		Usr 0 00:03:27, Sys 0 00:00:07  -  Run Remote Usage
		Usr 0 00:00:00, Sys 0 00:00:00  -  Run Local Usage
		Usr 0 00:03:27, Sys 0 00:00:07  -  Total Remote Usage
		Usr 0 00:00:00, Sys 0 00:00:00  -  Total Local Usage
	8801  -  Run Bytes Sent By Job
	229  -  Run Bytes Received By Job
	8801  -  Total Bytes Sent By Job
	229  -  Total Bytes Received By Job
	Partitionable Resources :    Usage  Request Allocated 
	   Cpus                 :                 1         1 
	   Disk (KB)            :       44        1   2598295 
	   Memory (MB)          :      733     2000      2000 

	Job terminated of its own accord at 2024-10-21T04:08:20Z with exit-code 0.
...
