000 (15556765.421.000) 10/21 05:59:06 Job submitted from host: <188.184.90.241:9618?addrs=188.184.90.241-9618+[2001-1458-201-e4--100-2eb]-9618&alias=bigbird15.cern.ch&noUDP&sock=schedd_25064_65d2>
...
040 (15556765.421.000) 10/21 06:03:49 Started transferring input files
	Transferring to host: <188.185.193.128:9618?addrs=188.185.193.128-9618+[2001-1458-303-20--100-7c]-9618&alias=b9p19p3374.cern.ch&noUDP&sock=slot1_34_7448_8a28_2867>
...
040 (15556765.421.000) 10/21 06:03:49 Finished transferring input files
...
001 (15556765.421.000) 10/21 06:03:50 Job executing on host: <188.185.193.128:9618?addrs=188.185.193.128-9618+[2001-1458-303-20--100-7c]-9618&alias=b9p19p3374.cern.ch&noUDP&sock=startd_6332_cdc6>
	SlotName: slot1_34@b9p19p3374.cern.ch
	CondorScratchDir = "/pool/condor/dir_2553619"
	Cpus = 1
	Disk = 3748
	GPUs = 0
	Memory = 2000
...
006 (15556765.421.000) 10/21 06:03:58 Image size of job updated: 144064
	141  -  MemoryUsage of job (MB)
	144064  -  ResidentSetSize of job (KB)
...
006 (15556765.421.000) 10/21 06:08:58 Image size of job updated: 761228
	744  -  MemoryUsage of job (MB)
	761228  -  ResidentSetSize of job (KB)
...
040 (15556765.421.000) 10/21 06:15:01 Started transferring output files
...
040 (15556765.421.000) 10/21 06:15:01 Finished transferring output files
...
005 (15556765.421.000) 10/21 06:15:01 Job terminated.
	(1) Normal termination (return value 0)
		Usr 0 00:07:32, Sys 0 00:00:10  -  Run Remote Usage
		Usr 0 00:00:00, Sys 0 00:00:00  -  Run Local Usage
		Usr 0 00:07:32, Sys 0 00:00:10  -  Total Remote Usage
		Usr 0 00:00:00, Sys 0 00:00:00  -  Total Local Usage
	13834  -  Run Bytes Sent By Job
	229  -  Run Bytes Received By Job
	13834  -  Total Bytes Sent By Job
	229  -  Total Bytes Received By Job
	Partitionable Resources :    Usage  Request Allocated 
	   Cpus                 :     0.81        1         1 
	   Disk (KB)            :    56           1      3748 
	   GPUs                 :                           0 
	   Memory (MB)          :   744        2000      2000 

	Job terminated of its own accord at 2024-10-21T04:15:01Z with exit-code 0.
...
