000 (15556765.236.000) 10/21 05:59:05 Job submitted from host: <188.184.90.241:9618?addrs=188.184.90.241-9618+[2001-1458-201-e4--100-2eb]-9618&alias=bigbird15.cern.ch&noUDP&sock=schedd_25064_65d2>
...
040 (15556765.236.000) 10/21 06:01:08 Started transferring input files
	Transferring to host: <128.142.248.112:9618?addrs=128.142.248.112-9618+[2001-1458-301-73--100-160]-9618&alias=b9g23p1260.cern.ch&noUDP&sock=slot1_11_6660_5288_2344>
...
040 (15556765.236.000) 10/21 06:01:08 Finished transferring input files
...
001 (15556765.236.000) 10/21 06:01:09 Job executing on host: <128.142.248.112:9618?addrs=128.142.248.112-9618+[2001-1458-301-73--100-160]-9618&alias=b9g23p1260.cern.ch&noUDP&sock=startd_5899_cd43>
	SlotName: slot1_11@b9g23p1260.cern.ch
	CondorScratchDir = "/pool/condor/dir_2751864"
	Cpus = 1
	Disk = 2860466
	Memory = 2000
...
006 (15556765.236.000) 10/21 06:01:18 Image size of job updated: 234372
	229  -  MemoryUsage of job (MB)
	234372  -  ResidentSetSize of job (KB)
...
006 (15556765.236.000) 10/21 06:06:19 Image size of job updated: 952860
	929  -  MemoryUsage of job (MB)
	950640  -  ResidentSetSize of job (KB)
...
006 (15556765.236.000) 10/21 06:11:19 Image size of job updated: 953276
	929  -  MemoryUsage of job (MB)
	950828  -  ResidentSetSize of job (KB)
...
006 (15556765.236.000) 10/21 06:14:57 Image size of job updated: 1078020
	929  -  MemoryUsage of job (MB)
	950828  -  ResidentSetSize of job (KB)
...
040 (15556765.236.000) 10/21 06:14:57 Started transferring output files
...
040 (15556765.236.000) 10/21 06:14:57 Finished transferring output files
...
005 (15556765.236.000) 10/21 06:14:57 Job terminated.
	(1) Normal termination (return value 0)
		Usr 0 00:12:23, Sys 0 00:00:06  -  Run Remote Usage
		Usr 0 00:00:00, Sys 0 00:00:00  -  Run Local Usage
		Usr 0 00:12:23, Sys 0 00:00:06  -  Total Remote Usage
		Usr 0 00:00:00, Sys 0 00:00:00  -  Total Local Usage
	16155  -  Run Bytes Sent By Job
	229  -  Run Bytes Received By Job
	16155  -  Total Bytes Sent By Job
	229  -  Total Bytes Received By Job
	Partitionable Resources :    Usage  Request Allocated 
	   Cpus                 :     0.92        1         1 
	   Disk (KB)            :    57           1   2860466 
	   Memory (MB)          :   929        2000      2000 

	Job terminated of its own accord at 2024-10-21T04:14:57Z with exit-code 0.
...
