000 (15556765.301.000) 10/21 05:59:05 Job submitted from host: <188.184.90.241:9618?addrs=188.184.90.241-9618+[2001-1458-201-e4--100-2eb]-9618&alias=bigbird15.cern.ch&noUDP&sock=schedd_25064_65d2>
...
040 (15556765.301.000) 10/21 06:01:33 Started transferring input files
	Transferring to host: <188.185.207.204:9618?addrs=188.185.207.204-9618+[2001-1458-303-e--100-49]-9618&alias=b9p08p5225.cern.ch&noUDP&sock=slot1_32_4471_f94f_28146>
...
040 (15556765.301.000) 10/21 06:01:33 Finished transferring input files
...
001 (15556765.301.000) 10/21 06:01:34 Job executing on host: <188.185.207.204:9618?addrs=188.185.207.204-9618+[2001-1458-303-e--100-49]-9618&alias=b9p08p5225.cern.ch&noUDP&sock=startd_3789_846f>
	SlotName: slot1_32@b9p08p5225.cern.ch
	CondorScratchDir = "/pool/condor/dir_3420442"
	Cpus = 1
	Disk = 2733747
	Memory = 2000
...
006 (15556765.301.000) 10/21 06:01:42 Image size of job updated: 147684
	144  -  MemoryUsage of job (MB)
	147176  -  ResidentSetSize of job (KB)
...
006 (15556765.301.000) 10/21 06:06:42 Image size of job updated: 757660
	736  -  MemoryUsage of job (MB)
	753404  -  ResidentSetSize of job (KB)
...
040 (15556765.301.000) 10/21 06:10:15 Started transferring output files
...
040 (15556765.301.000) 10/21 06:10:15 Finished transferring output files
...
005 (15556765.301.000) 10/21 06:10:15 Job terminated.
	(1) Normal termination (return value 0)
		Usr 0 00:05:17, Sys 0 00:00:07  -  Run Remote Usage
		Usr 0 00:00:00, Sys 0 00:00:00  -  Run Local Usage
		Usr 0 00:05:17, Sys 0 00:00:07  -  Total Remote Usage
		Usr 0 00:00:00, Sys 0 00:00:00  -  Total Local Usage
	14044  -  Run Bytes Sent By Job
	229  -  Run Bytes Received By Job
	14044  -  Total Bytes Sent By Job
	229  -  Total Bytes Received By Job
	Partitionable Resources :    Usage  Request Allocated 
	   Cpus                 :        0        1         1 
	   Disk (KB)            :       58        1   2733747 
	   Memory (MB)          :      736     2000      2000 

	Job terminated of its own accord at 2024-10-21T04:10:15Z with exit-code 0.
...
