000 (15556765.562.000) 10/21 05:59:06 Job submitted from host: <188.184.90.241:9618?addrs=188.184.90.241-9618+[2001-1458-201-e4--100-2eb]-9618&alias=bigbird15.cern.ch&noUDP&sock=schedd_25064_65d2>
...
040 (15556765.562.000) 10/21 06:06:01 Started transferring input files
	Transferring to host: <188.185.205.137:9618?addrs=188.185.205.137-9618+[2001-1458-303-a--100-6]-9618&alias=b9p04p9214.cern.ch&noUDP&sock=slot1_35_3697_9eef_86582>
...
040 (15556765.562.000) 10/21 06:06:01 Finished transferring input files
...
001 (15556765.562.000) 10/21 06:06:02 Job executing on host: <188.185.205.137:9618?addrs=188.185.205.137-9618+[2001-1458-303-a--100-6]-9618&alias=b9p04p9214.cern.ch&noUDP&sock=startd_3323_e14c>
	SlotName: slot1_35@b9p04p9214.cern.ch
	CondorScratchDir = "/pool/condor/dir_3729897"
	Cpus = 1
	Disk = 2681362
	Memory = 2000
...
006 (15556765.562.000) 10/21 06:06:10 Image size of job updated: 148696
	145  -  MemoryUsage of job (MB)
	148236  -  ResidentSetSize of job (KB)
...
006 (15556765.562.000) 10/21 06:11:10 Image size of job updated: 771272
	751  -  MemoryUsage of job (MB)
	768520  -  ResidentSetSize of job (KB)
...
006 (15556765.562.000) 10/21 06:16:11 Image size of job updated: 786132
	765  -  MemoryUsage of job (MB)
	782760  -  ResidentSetSize of job (KB)
...
006 (15556765.562.000) 10/21 06:21:11 Image size of job updated: 786132
	765  -  MemoryUsage of job (MB)
	783048  -  ResidentSetSize of job (KB)
...
006 (15556765.562.000) 10/21 06:23:14 Image size of job updated: 787012
	765  -  MemoryUsage of job (MB)
	783048  -  ResidentSetSize of job (KB)
...
040 (15556765.562.000) 10/21 06:23:14 Started transferring output files
...
040 (15556765.562.000) 10/21 06:23:14 Finished transferring output files
...
005 (15556765.562.000) 10/21 06:23:14 Job terminated.
	(1) Normal termination (return value 0)
		Usr 0 00:14:54, Sys 0 00:00:10  -  Run Remote Usage
		Usr 0 00:00:00, Sys 0 00:00:00  -  Run Local Usage
		Usr 0 00:14:54, Sys 0 00:00:10  -  Total Remote Usage
		Usr 0 00:00:00, Sys 0 00:00:00  -  Total Local Usage
	40562  -  Run Bytes Sent By Job
	229  -  Run Bytes Received By Job
	40562  -  Total Bytes Sent By Job
	229  -  Total Bytes Received By Job
	Partitionable Resources :    Usage  Request Allocated 
	   Cpus                 :     0.94        1         1 
	   Disk (KB)            :    84           1   2681362 
	   Memory (MB)          :   765        2000      2000 

	Job terminated of its own accord at 2024-10-21T04:23:14Z with exit-code 0.
...
