000 (15556765.002.000) 10/21 05:59:05 Job submitted from host: <188.184.90.241:9618?addrs=188.184.90.241-9618+[2001-1458-201-e4--100-2eb]-9618&alias=bigbird15.cern.ch&noUDP&sock=schedd_25064_65d2>
...
040 (15556765.002.000) 10/21 05:59:47 Started transferring input files
	Transferring to host: <128.142.248.117:9618?addrs=128.142.248.117-9618+[2001-1458-301-73--100-165]-9618&alias=b9g23p5831.cern.ch&noUDP&sock=slot1_36_6592_6905_61146>
...
040 (15556765.002.000) 10/21 05:59:47 Finished transferring input files
...
001 (15556765.002.000) 10/21 05:59:48 Job executing on host: <128.142.248.117:9618?addrs=128.142.248.117-9618+[2001-1458-301-73--100-165]-9618&alias=b9g23p5831.cern.ch&noUDP&sock=startd_5908_f99e>
	SlotName: slot1_36@b9g23p5831.cern.ch
	CondorScratchDir = "/pool/condor/dir_84364"
	Cpus = 1
	Disk = 2920840
	Memory = 2000
...
006 (15556765.002.000) 10/21 05:59:57 Image size of job updated: 196552
	192  -  MemoryUsage of job (MB)
	196328  -  ResidentSetSize of job (KB)
...
006 (15556765.002.000) 10/21 06:02:58 Image size of job updated: 1188024
	218  -  MemoryUsage of job (MB)
	222380  -  ResidentSetSize of job (KB)
...
040 (15556765.002.000) 10/21 06:02:58 Started transferring output files
...
040 (15556765.002.000) 10/21 06:02:58 Finished transferring output files
...
005 (15556765.002.000) 10/21 06:02:58 Job terminated.
	(1) Normal termination (return value 0)
		Usr 0 00:02:48, Sys 0 00:00:07  -  Run Remote Usage
		Usr 0 00:00:00, Sys 0 00:00:00  -  Run Local Usage
		Usr 0 00:02:48, Sys 0 00:00:07  -  Total Remote Usage
		Usr 0 00:00:00, Sys 0 00:00:00  -  Total Local Usage
	2750  -  Run Bytes Sent By Job
	229  -  Run Bytes Received By Job
	2750  -  Total Bytes Sent By Job
	229  -  Total Bytes Received By Job
	Partitionable Resources :    Usage  Request Allocated 
	   Cpus                 :        0        1         1 
	   Disk (KB)            :       44        1   2920840 
	   Memory (MB)          :      218     2000      2000 

	Job terminated of its own accord at 2024-10-21T04:02:58Z with exit-code 0.
...
000 (15556766.002.000) 10/21 07:29:06 Job submitted from host: <188.184.90.241:9618?addrs=188.184.90.241-9618+[2001-1458-201-e4--100-2eb]-9618&alias=bigbird15.cern.ch&noUDP&sock=schedd_25064_65d2>
...
040 (15556766.002.000) 10/21 07:29:56 Started transferring input files
	Transferring to host: <128.142.161.87:9618?addrs=128.142.161.87-9618+[2001-1458-301-b8--100-15]-9618&alias=b9g03p9590.cern.ch&noUDP&sock=slot1_2_6562_45c4_3449>
...
040 (15556766.002.000) 10/21 07:29:56 Finished transferring input files
...
001 (15556766.002.000) 10/21 07:29:57 Job executing on host: <128.142.161.87:9618?addrs=128.142.161.87-9618+[2001-1458-301-b8--100-15]-9618&alias=b9g03p9590.cern.ch&noUDP&sock=startd_5849_8187>
	SlotName: slot1_2@b9g03p9590.cern.ch
	CondorScratchDir = "/pool/condor/dir_716500"
	Cpus = 1
	Disk = 3900
	GPUs = 0
	Memory = 2000
...
006 (15556766.002.000) 10/21 07:30:06 Image size of job updated: 283792
	278  -  MemoryUsage of job (MB)
	283792  -  ResidentSetSize of job (KB)
...
006 (15556766.002.000) 10/21 07:35:07 Image size of job updated: 914420
	893  -  MemoryUsage of job (MB)
	914420  -  ResidentSetSize of job (KB)
...
006 (15556766.002.000) 10/21 07:40:08 Image size of job updated: 923904
	903  -  MemoryUsage of job (MB)
	923904  -  ResidentSetSize of job (KB)
...
040 (15556766.002.000) 10/21 07:47:08 Started transferring output files
...
040 (15556766.002.000) 10/21 07:47:08 Finished transferring output files
...
005 (15556766.002.000) 10/21 07:47:08 Job terminated.
	(1) Normal termination (return value 0)
		Usr 0 00:15:28, Sys 0 00:00:05  -  Run Remote Usage
		Usr 0 00:00:00, Sys 0 00:00:00  -  Run Local Usage
		Usr 0 00:15:28, Sys 0 00:00:05  -  Total Remote Usage
		Usr 0 00:00:00, Sys 0 00:00:00  -  Total Local Usage
	31524  -  Run Bytes Sent By Job
	229  -  Run Bytes Received By Job
	31524  -  Total Bytes Sent By Job
	229  -  Total Bytes Received By Job
	Partitionable Resources :    Usage  Request Allocated 
	   Cpus                 :     0.98        1         1 
	   Disk (KB)            :    72           1      3900 
	   GPUs                 :                           0 
	   Memory (MB)          :   903        2000      2000 

	Job terminated of its own accord at 2024-10-21T05:47:08Z with exit-code 0.
...
