000 (15556765.070.000) 10/21 05:59:05 Job submitted from host: <188.184.90.241:9618?addrs=188.184.90.241-9618+[2001-1458-201-e4--100-2eb]-9618&alias=bigbird15.cern.ch&noUDP&sock=schedd_25064_65d2>
...
040 (15556765.070.000) 10/21 06:00:10 Started transferring input files
	Transferring to host: <188.185.210.224:9618?addrs=188.185.210.224-9618+[2001-1458-303-15--100-5c]-9618&alias=b9p22p6437.cern.ch&noUDP&sock=slot1_1_204989_0b69_64148>
...
040 (15556765.070.000) 10/21 06:00:10 Finished transferring input files
...
001 (15556765.070.000) 10/21 06:00:11 Job executing on host: <188.185.210.224:9618?addrs=188.185.210.224-9618+[2001-1458-303-15--100-5c]-9618&alias=b9p22p6437.cern.ch&noUDP&sock=startd_192932_e211>
	SlotName: slot1_1@b9p22p6437.cern.ch
	CondorScratchDir = "/pool/condor/dir_3626973"
	Cpus = 1
	Disk = 2899003
	Memory = 2000
...
006 (15556765.070.000) 10/21 06:00:20 Image size of job updated: 734768
	718  -  MemoryUsage of job (MB)
	734512  -  ResidentSetSize of job (KB)
...
006 (15556765.070.000) 10/21 06:05:21 Image size of job updated: 1991256
	1944  -  MemoryUsage of job (MB)
	1989920  -  ResidentSetSize of job (KB)
...
006 (15556765.070.000) 10/21 06:06:58 Image size of job updated: 1991552
	1944  -  MemoryUsage of job (MB)
	1989920  -  ResidentSetSize of job (KB)
...
040 (15556765.070.000) 10/21 06:06:58 Started transferring output files
...
040 (15556765.070.000) 10/21 06:06:58 Finished transferring output files
...
005 (15556765.070.000) 10/21 06:06:59 Job terminated.
	(1) Normal termination (return value 0)
		Usr 0 00:03:41, Sys 0 00:00:09  -  Run Remote Usage
		Usr 0 00:00:00, Sys 0 00:00:00  -  Run Local Usage
		Usr 0 00:03:41, Sys 0 00:00:09  -  Total Remote Usage
		Usr 0 00:00:00, Sys 0 00:00:00  -  Total Local Usage
	6024  -  Run Bytes Sent By Job
	229  -  Run Bytes Received By Job
	6024  -  Total Bytes Sent By Job
	229  -  Total Bytes Received By Job
	Partitionable Resources :    Usage  Request Allocated 
	   Cpus                 :        0        1         1 
	   Disk (KB)            :      686        1   2899003 
	   Memory (MB)          :     1944     2000      2000 

	Job terminated of its own accord at 2024-10-21T04:06:58Z with exit-code 0.
...
000 (15556766.070.000) 10/21 07:29:10 Job submitted from host: <188.184.90.241:9618?addrs=188.184.90.241-9618+[2001-1458-201-e4--100-2eb]-9618&alias=bigbird15.cern.ch&noUDP&sock=schedd_25064_65d2>
...
040 (15556766.070.000) 10/21 07:30:19 Started transferring input files
	Transferring to host: <188.185.195.145:9618?addrs=188.185.195.145-9618+[2001-1458-303-22--100-8d]-9618&alias=b9p17p9149.cern.ch&noUDP&sock=slot1_21_1341915_4342_6360>
...
040 (15556766.070.000) 10/21 07:30:19 Finished transferring input files
...
001 (15556766.070.000) 10/21 07:30:20 Job executing on host: <188.185.195.145:9618?addrs=188.185.195.145-9618+[2001-1458-303-22--100-8d]-9618&alias=b9p17p9149.cern.ch&noUDP&sock=startd_8027_6ecd>
	SlotName: slot1_21@b9p17p9149.cern.ch
	CondorScratchDir = "/pool/condor/dir_1244311"
	Cpus = 1
	Disk = 3006344
	Memory = 2000
...
006 (15556766.070.000) 10/21 07:30:29 Image size of job updated: 160180
	156  -  MemoryUsage of job (MB)
	159628  -  ResidentSetSize of job (KB)
...
006 (15556766.070.000) 10/21 07:35:30 Image size of job updated: 1001796
	976  -  MemoryUsage of job (MB)
	998788  -  ResidentSetSize of job (KB)
...
006 (15556766.070.000) 10/21 07:40:31 Image size of job updated: 1001796
	976  -  MemoryUsage of job (MB)
	999000  -  ResidentSetSize of job (KB)
...
040 (15556766.070.000) 10/21 07:50:31 Started transferring output files
...
040 (15556766.070.000) 10/21 07:50:31 Finished transferring output files
...
009 (15556766.070.000) 10/21 07:50:31 Job was aborted.
	Job removed by SYSTEM_PERIODIC_REMOVE due to wall time exceeded allowed max.
...
