000 (15556765.383.000) 10/21 05:59:06 Job submitted from host: <188.184.90.241:9618?addrs=188.184.90.241-9618+[2001-1458-201-e4--100-2eb]-9618&alias=bigbird15.cern.ch&noUDP&sock=schedd_25064_65d2>
...
040 (15556765.383.000) 10/21 06:02:02 Started transferring input files
	Transferring to host: <188.185.209.184:9618?addrs=188.185.209.184-9618+[2001-1458-303-12--100-35]-9618&alias=b9p12p6431.cern.ch&noUDP&sock=slot1_36_944344_86fb_76925>
...
040 (15556765.383.000) 10/21 06:02:02 Finished transferring input files
...
001 (15556765.383.000) 10/21 06:02:03 Job executing on host: <188.185.209.184:9618?addrs=188.185.209.184-9618+[2001-1458-303-12--100-35]-9618&alias=b9p12p6431.cern.ch&noUDP&sock=startd_118573_cb43>
	SlotName: slot1_36@b9p12p6431.cern.ch
	CondorScratchDir = "/pool/condor/dir_764974"
	Cpus = 1
	Disk = 2684477
	Memory = 2000
...
006 (15556765.383.000) 10/21 06:02:12 Image size of job updated: 169652
	166  -  MemoryUsage of job (MB)
	169520  -  ResidentSetSize of job (KB)
...
006 (15556765.383.000) 10/21 06:07:13 Image size of job updated: 757044
	738  -  MemoryUsage of job (MB)
	754784  -  ResidentSetSize of job (KB)
...
006 (15556765.383.000) 10/21 06:09:37 Image size of job updated: 758992
	738  -  MemoryUsage of job (MB)
	754784  -  ResidentSetSize of job (KB)
...
040 (15556765.383.000) 10/21 06:09:37 Started transferring output files
...
040 (15556765.383.000) 10/21 06:09:37 Finished transferring output files
...
005 (15556765.383.000) 10/21 06:09:37 Job terminated.
	(1) Normal termination (return value 0)
		Usr 0 00:04:30, Sys 0 00:00:06  -  Run Remote Usage
		Usr 0 00:00:00, Sys 0 00:00:00  -  Run Local Usage
		Usr 0 00:04:30, Sys 0 00:00:06  -  Total Remote Usage
		Usr 0 00:00:00, Sys 0 00:00:00  -  Total Local Usage
	12104  -  Run Bytes Sent By Job
	229  -  Run Bytes Received By Job
	12104  -  Total Bytes Sent By Job
	229  -  Total Bytes Received By Job
	Partitionable Resources :    Usage  Request Allocated 
	   Cpus                 :        0        1         1 
	   Disk (KB)            :       52        1   2684477 
	   Memory (MB)          :      738     2000      2000 

	Job terminated of its own accord at 2024-10-21T04:09:37Z with exit-code 0.
...
