000 (15556765.318.000) 10/21 05:59:05 Job submitted from host: <188.184.90.241:9618?addrs=188.184.90.241-9618+[2001-1458-201-e4--100-2eb]-9618&alias=bigbird15.cern.ch&noUDP&sock=schedd_25064_65d2>
...
040 (15556765.318.000) 10/21 06:01:39 Started transferring input files
	Transferring to host: <188.185.215.154:9618?addrs=188.185.215.154-9618+[2001-1458-303-26--100-16]-9618&alias=b9p18p1524.cern.ch&noUDP&sock=slot1_5_3800282_3562_25171>
...
040 (15556765.318.000) 10/21 06:01:39 Finished transferring input files
...
001 (15556765.318.000) 10/21 06:01:40 Job executing on host: <188.185.215.154:9618?addrs=188.185.215.154-9618+[2001-1458-303-26--100-16]-9618&alias=b9p18p1524.cern.ch&noUDP&sock=startd_11531_e2a7>
	SlotName: slot1_5@b9p18p1524.cern.ch
	CondorScratchDir = "/pool/condor/dir_1060727"
	Cpus = 1
	Disk = 2843038
	Memory = 2000
...
006 (15556765.318.000) 10/21 06:01:48 Image size of job updated: 430136
	420  -  MemoryUsage of job (MB)
	430008  -  ResidentSetSize of job (KB)
...
006 (15556765.318.000) 10/21 06:06:48 Image size of job updated: 1732136
	1687  -  MemoryUsage of job (MB)
	1727468  -  ResidentSetSize of job (KB)
...
040 (15556765.318.000) 10/21 06:10:29 Started transferring output files
...
040 (15556765.318.000) 10/21 06:10:29 Finished transferring output files
...
005 (15556765.318.000) 10/21 06:10:30 Job terminated.
	(1) Normal termination (return value 0)
		Usr 0 00:07:23, Sys 0 00:00:06  -  Run Remote Usage
		Usr 0 00:00:00, Sys 0 00:00:00  -  Run Local Usage
		Usr 0 00:07:23, Sys 0 00:00:06  -  Total Remote Usage
		Usr 0 00:00:00, Sys 0 00:00:00  -  Total Local Usage
	14904  -  Run Bytes Sent By Job
	229  -  Run Bytes Received By Job
	14904  -  Total Bytes Sent By Job
	229  -  Total Bytes Received By Job
	Partitionable Resources :    Usage  Request Allocated 
	   Cpus                 :     0.97        1         1 
	   Disk (KB)            :    55           1   2843038 
	   Memory (MB)          :  1687        2000      2000 

	Job terminated of its own accord at 2024-10-21T04:10:29Z with exit-code 0.
...
