000 (15556765.085.000) 10/21 05:59:05 Job submitted from host: <188.184.90.241:9618?addrs=188.184.90.241-9618+[2001-1458-201-e4--100-2eb]-9618&alias=bigbird15.cern.ch&noUDP&sock=schedd_25064_65d2>
...
040 (15556765.085.000) 10/21 06:00:15 Started transferring input files
	Transferring to host: <128.142.131.183:9618?addrs=128.142.131.183-9618+[2001-1458-301-59--100-ab]-9618&alias=b9g11p2926.cern.ch&noUDP&sock=slot1_16_2851_898d_48145>
...
040 (15556765.085.000) 10/21 06:00:15 Finished transferring input files
...
001 (15556765.085.000) 10/21 06:00:16 Job executing on host: <128.142.131.183:9618?addrs=128.142.131.183-9618+[2001-1458-301-59--100-ab]-9618&alias=b9g11p2926.cern.ch&noUDP&sock=startd_2505_ccd4>
	SlotName: slot1_16@b9g11p2926.cern.ch
	CondorScratchDir = "/pool/condor/dir_2786456"
	Cpus = 1
	Disk = 1620644
	Memory = 2000
...
006 (15556765.085.000) 10/21 06:00:25 Image size of job updated: 654256
	639  -  MemoryUsage of job (MB)
	654256  -  ResidentSetSize of job (KB)
...
006 (15556765.085.000) 10/21 06:05:26 Image size of job updated: 2107856
	2059  -  MemoryUsage of job (MB)
	2107856  -  ResidentSetSize of job (KB)
...
006 (15556765.085.000) 10/21 06:15:27 Image size of job updated: 2108048
	2059  -  MemoryUsage of job (MB)
	2108048  -  ResidentSetSize of job (KB)
...
040 (15556765.085.000) 10/21 06:20:27 Started transferring output files
...
040 (15556765.085.000) 10/21 06:20:27 Finished transferring output files
...
009 (15556765.085.000) 10/21 06:20:27 Job was aborted.
	Job removed by SYSTEM_PERIODIC_REMOVE due to wall time exceeded allowed max.
...
000 (15556766.085.000) 10/21 07:29:11 Job submitted from host: <188.184.90.241:9618?addrs=188.184.90.241-9618+[2001-1458-201-e4--100-2eb]-9618&alias=bigbird15.cern.ch&noUDP&sock=schedd_25064_65d2>
...
040 (15556766.085.000) 10/21 07:30:24 Started transferring input files
	Transferring to host: <188.185.206.224:9618?addrs=188.185.206.224-9618+[2001-1458-303-c--100-5d]-9618&alias=b9p06p0068.cern.ch&noUDP&sock=slot1_23_3677_876f_70555>
...
040 (15556766.085.000) 10/21 07:30:24 Finished transferring input files
...
001 (15556766.085.000) 10/21 07:30:25 Job executing on host: <188.185.206.224:9618?addrs=188.185.206.224-9618+[2001-1458-303-c--100-5d]-9618&alias=b9p06p0068.cern.ch&noUDP&sock=startd_3341_3a01>
	SlotName: slot1_23@b9p06p0068.cern.ch
	CondorScratchDir = "/pool/condor/dir_2293996"
	Cpus = 1
	Disk = 2100833
	Memory = 2000
...
006 (15556766.085.000) 10/21 07:30:34 Image size of job updated: 582844
	570  -  MemoryUsage of job (MB)
	582708  -  ResidentSetSize of job (KB)
...
006 (15556766.085.000) 10/21 07:35:35 Image size of job updated: 2629484
	2567  -  MemoryUsage of job (MB)
	2628588  -  ResidentSetSize of job (KB)
...
006 (15556766.085.000) 10/21 07:40:36 Image size of job updated: 2630300
	2568  -  MemoryUsage of job (MB)
	2628752  -  ResidentSetSize of job (KB)
...
006 (15556766.085.000) 10/21 07:45:36 Image size of job updated: 2630348
	2568  -  MemoryUsage of job (MB)
	2628752  -  ResidentSetSize of job (KB)
...
040 (15556766.085.000) 10/21 07:50:36 Started transferring output files
...
040 (15556766.085.000) 10/21 07:50:36 Finished transferring output files
...
009 (15556766.085.000) 10/21 07:50:36 Job was aborted.
	Job removed by SYSTEM_PERIODIC_REMOVE due to wall time exceeded allowed max.
...
