000 (15556765.403.000) 10/21 05:59:06 Job submitted from host: <188.184.90.241:9618?addrs=188.184.90.241-9618+[2001-1458-201-e4--100-2eb]-9618&alias=bigbird15.cern.ch&noUDP&sock=schedd_25064_65d2>
...
040 (15556765.403.000) 10/21 06:03:03 Started transferring input files
	Transferring to host: <188.185.193.156:9618?addrs=188.185.193.156-9618+[2001-1458-303-20--100-98]-9618&alias=b9p19p4128.cern.ch&noUDP&sock=slot1_24_1985506_581d_38904>
...
040 (15556765.403.000) 10/21 06:03:03 Finished transferring input files
...
001 (15556765.403.000) 10/21 06:03:04 Job executing on host: <188.185.193.156:9618?addrs=188.185.193.156-9618+[2001-1458-303-20--100-98]-9618&alias=b9p19p4128.cern.ch&noUDP&sock=startd_127711_b3b1>
	SlotName: slot1_24@b9p19p4128.cern.ch
	CondorScratchDir = "/pool/condor/dir_4109081"
	Cpus = 1
	Disk = 2984646
	Memory = 2000
...
006 (15556765.403.000) 10/21 06:03:13 Image size of job updated: 204464
	200  -  MemoryUsage of job (MB)
	204464  -  ResidentSetSize of job (KB)
...
006 (15556765.403.000) 10/21 06:08:14 Image size of job updated: 773552
	755  -  MemoryUsage of job (MB)
	772156  -  ResidentSetSize of job (KB)
...
006 (15556765.403.000) 10/21 06:11:07 Image size of job updated: 773760
	755  -  MemoryUsage of job (MB)
	772156  -  ResidentSetSize of job (KB)
...
040 (15556765.403.000) 10/21 06:11:07 Started transferring output files
...
040 (15556765.403.000) 10/21 06:11:07 Finished transferring output files
...
005 (15556765.403.000) 10/21 06:11:08 Job terminated.
	(1) Normal termination (return value 0)
		Usr 0 00:07:13, Sys 0 00:00:05  -  Run Remote Usage
		Usr 0 00:00:00, Sys 0 00:00:00  -  Run Local Usage
		Usr 0 00:07:13, Sys 0 00:00:05  -  Total Remote Usage
		Usr 0 00:00:00, Sys 0 00:00:00  -  Total Local Usage
	13690  -  Run Bytes Sent By Job
	229  -  Run Bytes Received By Job
	13690  -  Total Bytes Sent By Job
	229  -  Total Bytes Received By Job
	Partitionable Resources :    Usage  Request Allocated 
	   Cpus                 :     0.61        1         1 
	   Disk (KB)            :    56           1   2984646 
	   Memory (MB)          :   755        2000      2000 

	Job terminated of its own accord at 2024-10-21T04:11:07Z with exit-code 0.
...
