000 (15556765.063.000) 10/21 05:59:05 Job submitted from host: <188.184.90.241:9618?addrs=188.184.90.241-9618+[2001-1458-201-e4--100-2eb]-9618&alias=bigbird15.cern.ch&noUDP&sock=schedd_25064_65d2>
...
040 (15556765.063.000) 10/21 06:00:08 Started transferring input files
	Transferring to host: <128.142.248.20:9618?addrs=128.142.248.20-9618+[2001-1458-301-73--100-104]-9618&alias=b9g23p7768.cern.ch&noUDP&sock=slot1_28_7828_48b7_27162>
...
040 (15556765.063.000) 10/21 06:00:08 Finished transferring input files
...
001 (15556765.063.000) 10/21 06:00:09 Job executing on host: <128.142.248.20:9618?addrs=128.142.248.20-9618+[2001-1458-301-73--100-104]-9618&alias=b9g23p7768.cern.ch&noUDP&sock=startd_6723_ff4d>
	SlotName: slot1_28@b9g23p7768.cern.ch
	CondorScratchDir = "/pool/condor/dir_293182"
	Cpus = 1
	Disk = 2937700
	Memory = 2000
...
006 (15556765.063.000) 10/21 06:00:18 Image size of job updated: 808864
	790  -  MemoryUsage of job (MB)
	808844  -  ResidentSetSize of job (KB)
...
006 (15556765.063.000) 10/21 06:05:19 Image size of job updated: 2060276
	2008  -  MemoryUsage of job (MB)
	2056048  -  ResidentSetSize of job (KB)
...
006 (15556765.063.000) 10/21 06:10:19 Image size of job updated: 2060280
	2009  -  MemoryUsage of job (MB)
	2056196  -  ResidentSetSize of job (KB)
...
006 (15556765.063.000) 10/21 06:15:19 Image size of job updated: 2060664
	2009  -  MemoryUsage of job (MB)
	2056404  -  ResidentSetSize of job (KB)
...
040 (15556765.063.000) 10/21 06:19:28 Started transferring output files
...
040 (15556765.063.000) 10/21 06:19:28 Finished transferring output files
...
005 (15556765.063.000) 10/21 06:19:28 Job terminated.
	(1) Normal termination (return value 0)
		Usr 0 00:17:33, Sys 0 00:00:10  -  Run Remote Usage
		Usr 0 00:00:00, Sys 0 00:00:00  -  Run Local Usage
		Usr 0 00:17:33, Sys 0 00:00:10  -  Total Remote Usage
		Usr 0 00:00:00, Sys 0 00:00:00  -  Total Local Usage
	14523  -  Run Bytes Sent By Job
	229  -  Run Bytes Received By Job
	14523  -  Total Bytes Sent By Job
	229  -  Total Bytes Received By Job
	Partitionable Resources :    Usage  Request Allocated 
	   Cpus                 :     0.89        1         1 
	   Disk (KB)            :    56           1   2937700 
	   Memory (MB)          :  2009        2000      2000 

	Job terminated of its own accord at 2024-10-21T04:19:28Z with exit-code 0.
...
000 (15556766.063.000) 10/21 07:29:09 Job submitted from host: <188.184.90.241:9618?addrs=188.184.90.241-9618+[2001-1458-201-e4--100-2eb]-9618&alias=bigbird15.cern.ch&noUDP&sock=schedd_25064_65d2>
...
040 (15556766.063.000) 10/21 07:30:17 Started transferring input files
	Transferring to host: <188.185.196.66:9618?addrs=188.185.196.66-9618+[2001-1458-303-23--100-3e]-9618&alias=b9p16p8444.cern.ch&noUDP&sock=slot1_19_6326_fd3a_2850>
...
040 (15556766.063.000) 10/21 07:30:17 Finished transferring input files
...
001 (15556766.063.000) 10/21 07:30:18 Job executing on host: <188.185.196.66:9618?addrs=188.185.196.66-9618+[2001-1458-303-23--100-3e]-9618&alias=b9p16p8444.cern.ch&noUDP&sock=startd_5148_ada4>
	SlotName: slot1_19@b9p16p8444.cern.ch
	CondorScratchDir = "/pool/condor/dir_1297273"
	Cpus = 1
	Disk = 3896
	GPUs = 0
	Memory = 2000
...
006 (15556766.063.000) 10/21 07:30:26 Image size of job updated: 301956
	295  -  MemoryUsage of job (MB)
	301956  -  ResidentSetSize of job (KB)
...
006 (15556766.063.000) 10/21 07:35:26 Image size of job updated: 2517652
	2459  -  MemoryUsage of job (MB)
	2517652  -  ResidentSetSize of job (KB)
...
006 (15556766.063.000) 10/21 07:40:27 Image size of job updated: 2517720
	2459  -  MemoryUsage of job (MB)
	2517720  -  ResidentSetSize of job (KB)
...
040 (15556766.063.000) 10/21 07:50:27 Started transferring output files
...
040 (15556766.063.000) 10/21 07:50:27 Finished transferring output files
...
009 (15556766.063.000) 10/21 07:50:27 Job was aborted.
	Job removed by SYSTEM_PERIODIC_REMOVE due to wall time exceeded allowed max.
...
