000 (15556765.157.000) 10/21 05:59:05 Job submitted from host: <188.184.90.241:9618?addrs=188.184.90.241-9618+[2001-1458-201-e4--100-2eb]-9618&alias=bigbird15.cern.ch&noUDP&sock=schedd_25064_65d2>
...
040 (15556765.157.000) 10/21 06:00:39 Started transferring input files
	Transferring to host: <188.185.214.45:9618?addrs=188.185.214.45-9618+[2001-1458-303-1c--100-29]-9618&alias=b9p29p0139.cern.ch&noUDP&sock=slot1_5_4311_3d48_4818>
...
040 (15556765.157.000) 10/21 06:00:39 Finished transferring input files
...
001 (15556765.157.000) 10/21 06:00:40 Job executing on host: <188.185.214.45:9618?addrs=188.185.214.45-9618+[2001-1458-303-1c--100-29]-9618&alias=b9p29p0139.cern.ch&noUDP&sock=startd_3569_9d99>
	SlotName: slot1_5@b9p29p0139.cern.ch
	CondorScratchDir = "/pool/condor/dir_3856032"
	Cpus = 1
	Disk = 3696
	GPUs = 0
	Memory = 2000
...
006 (15556765.157.000) 10/21 06:00:49 Image size of job updated: 17384
	17  -  MemoryUsage of job (MB)
	17384  -  ResidentSetSize of job (KB)
...
006 (15556765.157.000) 10/21 06:05:50 Image size of job updated: 1659856
	1621  -  MemoryUsage of job (MB)
	1659856  -  ResidentSetSize of job (KB)
...
040 (15556765.157.000) 10/21 06:08:05 Started transferring output files
...
040 (15556765.157.000) 10/21 06:08:05 Finished transferring output files
...
005 (15556765.157.000) 10/21 06:08:05 Job terminated.
	(1) Normal termination (return value 0)
		Usr 0 00:04:51, Sys 0 00:00:07  -  Run Remote Usage
		Usr 0 00:00:00, Sys 0 00:00:00  -  Run Local Usage
		Usr 0 00:04:51, Sys 0 00:00:07  -  Total Remote Usage
		Usr 0 00:00:00, Sys 0 00:00:00  -  Total Local Usage
	6533  -  Run Bytes Sent By Job
	229  -  Run Bytes Received By Job
	6533  -  Total Bytes Sent By Job
	229  -  Total Bytes Received By Job
	Partitionable Resources :    Usage  Request Allocated 
	   Cpus                 :     0.14        1         1 
	   Disk (KB)            :    48           1      3696 
	   GPUs                 :                           0 
	   Memory (MB)          :  1621        2000      2000 

	Job terminated of its own accord at 2024-10-21T04:08:04Z with exit-code 0.
...
