000 (15556765.253.000) 10/21 05:59:05 Job submitted from host: <188.184.90.241:9618?addrs=188.184.90.241-9618+[2001-1458-201-e4--100-2eb]-9618&alias=bigbird15.cern.ch&noUDP&sock=schedd_25064_65d2>
...
040 (15556765.253.000) 10/21 06:01:22 Started transferring input files
	Transferring to host: <128.142.137.78:9618?addrs=128.142.137.78-9618+[2001-1458-301-5e--100-42]-9618&alias=b9g19p6043.cern.ch&noUDP&sock=slot1_23_1051525_3ce1_19982>
...
040 (15556765.253.000) 10/21 06:01:22 Finished transferring input files
...
001 (15556765.253.000) 10/21 06:01:23 Job executing on host: <128.142.137.78:9618?addrs=128.142.137.78-9618+[2001-1458-301-5e--100-42]-9618&alias=b9g19p6043.cern.ch&noUDP&sock=startd_2341_4f4c>
	SlotName: slot1_23@b9g19p6043.cern.ch
	CondorScratchDir = "/pool/condor/dir_3139281"
	Cpus = 1
	Disk = 1788525
	Memory = 2000
...
006 (15556765.253.000) 10/21 06:01:32 Image size of job updated: 188060
	184  -  MemoryUsage of job (MB)
	188060  -  ResidentSetSize of job (KB)
...
006 (15556765.253.000) 10/21 06:06:33 Image size of job updated: 954284
	932  -  MemoryUsage of job (MB)
	954284  -  ResidentSetSize of job (KB)
...
006 (15556765.253.000) 10/21 06:11:34 Image size of job updated: 954848
	933  -  MemoryUsage of job (MB)
	954848  -  ResidentSetSize of job (KB)
...
006 (15556765.253.000) 10/21 06:16:34 Image size of job updated: 955660
	934  -  MemoryUsage of job (MB)
	955660  -  ResidentSetSize of job (KB)
...
040 (15556765.253.000) 10/21 06:21:25 Started transferring output files
...
040 (15556765.253.000) 10/21 06:21:25 Finished transferring output files
...
009 (15556765.253.000) 10/21 06:21:25 Job was aborted.
	Job removed by SYSTEM_PERIODIC_REMOVE due to wall time exceeded allowed max.

	Job terminated by itself at 2024-10-21T04:21:25Z (using method 0: OF_ITS_OWN_ACCORD).
...
