000 (15556765.453.000) 10/21 05:59:06 Job submitted from host: <188.184.90.241:9618?addrs=188.184.90.241-9618+[2001-1458-201-e4--100-2eb]-9618&alias=bigbird15.cern.ch&noUDP&sock=schedd_25064_65d2>
...
040 (15556765.453.000) 10/21 06:05:17 Started transferring input files
	Transferring to host: <128.142.192.157:9618?addrs=128.142.192.157-9618+[2001-1458-301-56--100-19]-9618&alias=b9g18p0526.cern.ch&noUDP&sock=slot1_7_4411_b2cc_3938>
...
040 (15556765.453.000) 10/21 06:05:17 Finished transferring input files
...
001 (15556765.453.000) 10/21 06:05:18 Job executing on host: <128.142.192.157:9618?addrs=128.142.192.157-9618+[2001-1458-301-56--100-19]-9618&alias=b9g18p0526.cern.ch&noUDP&sock=startd_3356_83ed>
	SlotName: slot1_7@b9g18p0526.cern.ch
	CondorScratchDir = "/pool/condor/dir_2936814"
	Cpus = 1
	Disk = 3781
	GPUs = 0
	Memory = 2000
...
006 (15556765.453.000) 10/21 06:05:27 Image size of job updated: 184008
	180  -  MemoryUsage of job (MB)
	184008  -  ResidentSetSize of job (KB)
...
006 (15556765.453.000) 10/21 06:10:28 Image size of job updated: 747908
	731  -  MemoryUsage of job (MB)
	747908  -  ResidentSetSize of job (KB)
...
040 (15556765.453.000) 10/21 06:11:22 Started transferring output files
...
040 (15556765.453.000) 10/21 06:11:22 Finished transferring output files
...
005 (15556765.453.000) 10/21 06:11:22 Job terminated.
	(1) Normal termination (return value 0)
		Usr 0 00:05:19, Sys 0 00:00:05  -  Run Remote Usage
		Usr 0 00:00:00, Sys 0 00:00:00  -  Run Local Usage
		Usr 0 00:05:19, Sys 0 00:00:05  -  Total Remote Usage
		Usr 0 00:00:00, Sys 0 00:00:00  -  Total Local Usage
	10244  -  Run Bytes Sent By Job
	229  -  Run Bytes Received By Job
	10244  -  Total Bytes Sent By Job
	229  -  Total Bytes Received By Job
	Partitionable Resources :    Usage  Request Allocated 
	   Cpus                 :     0.67        1         1 
	   Disk (KB)            :    53           1      3781 
	   GPUs                 :                           0 
	   Memory (MB)          :   731        2000      2000 

	Job terminated of its own accord at 2024-10-21T04:11:22Z with exit-code 0.
...
