000 (15556765.485.000) 10/21 05:59:06 Job submitted from host: <188.184.90.241:9618?addrs=188.184.90.241-9618+[2001-1458-201-e4--100-2eb]-9618&alias=bigbird15.cern.ch&noUDP&sock=schedd_25064_65d2>
...
040 (15556765.485.000) 10/21 06:05:33 Started transferring input files
	Transferring to host: <188.185.198.53:9618?addrs=188.185.198.53-9618+[2001-1458-303-25--100-31]-9618&alias=b9p15p6270.cern.ch&noUDP&sock=slot1_20_2402527_5d3b_68042>
...
040 (15556765.485.000) 10/21 06:05:33 Finished transferring input files
...
001 (15556765.485.000) 10/21 06:05:34 Job executing on host: <188.185.198.53:9618?addrs=188.185.198.53-9618+[2001-1458-303-25--100-31]-9618&alias=b9p15p6270.cern.ch&noUDP&sock=startd_9864_7647>
	SlotName: slot1_20@b9p15p6270.cern.ch
	CondorScratchDir = "/pool/condor/dir_2653700"
	Cpus = 1
	Disk = 2923615
	Memory = 2000
...
006 (15556765.485.000) 10/21 06:05:43 Image size of job updated: 379908
	371  -  MemoryUsage of job (MB)
	379872  -  ResidentSetSize of job (KB)
...
006 (15556765.485.000) 10/21 06:10:44 Image size of job updated: 2216804
	2162  -  MemoryUsage of job (MB)
	2213100  -  ResidentSetSize of job (KB)
...
006 (15556765.485.000) 10/21 06:15:45 Image size of job updated: 2217044
	2162  -  MemoryUsage of job (MB)
	2213100  -  ResidentSetSize of job (KB)
...
040 (15556765.485.000) 10/21 06:16:41 Started transferring output files
...
040 (15556765.485.000) 10/21 06:16:41 Finished transferring output files
...
005 (15556765.485.000) 10/21 06:16:41 Job terminated.
	(1) Normal termination (return value 0)
		Usr 0 00:07:35, Sys 0 00:00:11  -  Run Remote Usage
		Usr 0 00:00:00, Sys 0 00:00:00  -  Run Local Usage
		Usr 0 00:07:35, Sys 0 00:00:11  -  Total Remote Usage
		Usr 0 00:00:00, Sys 0 00:00:00  -  Total Local Usage
	13190  -  Run Bytes Sent By Job
	229  -  Run Bytes Received By Job
	13190  -  Total Bytes Sent By Job
	229  -  Total Bytes Received By Job
	Partitionable Resources :    Usage  Request Allocated 
	   Cpus                 :        0        1         1 
	   Disk (KB)            :       54        1   2923615 
	   Memory (MB)          :     2162     2000      2000 

	Job terminated of its own accord at 2024-10-21T04:16:41Z with exit-code 0.
...
