000 (15556765.600.000) 10/21 05:59:06 Job submitted from host: <188.184.90.241:9618?addrs=188.184.90.241-9618+[2001-1458-201-e4--100-2eb]-9618&alias=bigbird15.cern.ch&noUDP&sock=schedd_25064_65d2>
...
040 (15556765.600.000) 10/21 06:06:13 Started transferring input files
	Transferring to host: <188.185.196.173:9618?addrs=188.185.196.173-9618+[2001-1458-303-23--100-a9]-9618&alias=b9p16p8836.cern.ch&noUDP&sock=slot1_12_90773_8a44_26843>
...
040 (15556765.600.000) 10/21 06:06:13 Finished transferring input files
...
001 (15556765.600.000) 10/21 06:06:14 Job executing on host: <188.185.196.173:9618?addrs=188.185.196.173-9618+[2001-1458-303-23--100-a9]-9618&alias=b9p16p8836.cern.ch&noUDP&sock=startd_127880_9f33>
	SlotName: slot1_12@b9p16p8836.cern.ch
	CondorScratchDir = "/pool/condor/dir_2166212"
	Cpus = 1
	Disk = 3030416
	Memory = 2000
...
006 (15556765.600.000) 10/21 06:06:23 Image size of job updated: 709980
	694  -  MemoryUsage of job (MB)
	709976  -  ResidentSetSize of job (KB)
...
006 (15556765.600.000) 10/21 06:11:23 Image size of job updated: 1759724
	1717  -  MemoryUsage of job (MB)
	1757848  -  ResidentSetSize of job (KB)
...
006 (15556765.600.000) 10/21 06:16:23 Image size of job updated: 1762416
	1720  -  MemoryUsage of job (MB)
	1760436  -  ResidentSetSize of job (KB)
...
006 (15556765.600.000) 10/21 06:21:24 Image size of job updated: 1764976
	1721  -  MemoryUsage of job (MB)
	1761500  -  ResidentSetSize of job (KB)
...
040 (15556765.600.000) 10/21 06:23:35 Started transferring output files
...
040 (15556765.600.000) 10/21 06:23:35 Finished transferring output files
...
005 (15556765.600.000) 10/21 06:23:35 Job terminated.
	(1) Normal termination (return value 0)
		Usr 0 00:13:26, Sys 0 00:00:08  -  Run Remote Usage
		Usr 0 00:00:00, Sys 0 00:00:00  -  Run Local Usage
		Usr 0 00:13:26, Sys 0 00:00:08  -  Total Remote Usage
		Usr 0 00:00:00, Sys 0 00:00:00  -  Total Local Usage
	26655  -  Run Bytes Sent By Job
	229  -  Run Bytes Received By Job
	26655  -  Total Bytes Sent By Job
	229  -  Total Bytes Received By Job
	Partitionable Resources :    Usage  Request Allocated 
	   Cpus                 :     0.90        1         1 
	   Disk (KB)            :   597           1   3030416 
	   Memory (MB)          :  1721        2000      2000 

	Job terminated of its own accord at 2024-10-21T04:23:35Z with exit-code 0.
...
