000 (15556765.430.000) 10/21 05:59:06 Job submitted from host: <188.184.90.241:9618?addrs=188.184.90.241-9618+[2001-1458-201-e4--100-2eb]-9618&alias=bigbird15.cern.ch&noUDP&sock=schedd_25064_65d2>
...
040 (15556765.430.000) 10/21 06:04:27 Started transferring input files
	Transferring to host: <188.185.206.153:9618?addrs=188.185.206.153-9618+[2001-1458-303-c--100-16]-9618&alias=b9p06p8345.cern.ch&noUDP&sock=slot1_20_3725_5971_190140>
...
040 (15556765.430.000) 10/21 06:04:27 Finished transferring input files
...
001 (15556765.430.000) 10/21 06:04:28 Job executing on host: <188.185.206.153:9618?addrs=188.185.206.153-9618+[2001-1458-303-c--100-16]-9618&alias=b9p06p8345.cern.ch&noUDP&sock=startd_3367_0f77>
	SlotName: slot1_20@b9p06p8345.cern.ch
	CondorScratchDir = "/pool/condor/dir_570425"
	Cpus = 1
	Disk = 2677957
	Memory = 2000
...
006 (15556765.430.000) 10/21 06:04:37 Image size of job updated: 199260
	195  -  MemoryUsage of job (MB)
	199260  -  ResidentSetSize of job (KB)
...
006 (15556765.430.000) 10/21 06:07:35 Image size of job updated: 753012
	195  -  MemoryUsage of job (MB)
	199516  -  ResidentSetSize of job (KB)
...
040 (15556765.430.000) 10/21 06:07:35 Started transferring output files
...
040 (15556765.430.000) 10/21 06:07:35 Finished transferring output files
...
005 (15556765.430.000) 10/21 06:07:35 Job terminated.
	(1) Normal termination (return value 0)
		Usr 0 00:02:40, Sys 0 00:00:04  -  Run Remote Usage
		Usr 0 00:00:00, Sys 0 00:00:00  -  Run Local Usage
		Usr 0 00:02:40, Sys 0 00:00:04  -  Total Remote Usage
		Usr 0 00:00:00, Sys 0 00:00:00  -  Total Local Usage
	8307  -  Run Bytes Sent By Job
	229  -  Run Bytes Received By Job
	8307  -  Total Bytes Sent By Job
	229  -  Total Bytes Received By Job
	Partitionable Resources :    Usage  Request Allocated 
	   Cpus                 :        0        1         1 
	   Disk (KB)            :       51        1   2677957 
	   Memory (MB)          :      195     2000      2000 

	Job terminated of its own accord at 2024-10-21T04:07:35Z with exit-code 0.
...
