000 (15556765.066.000) 10/21 05:59:05 Job submitted from host: <188.184.90.241:9618?addrs=188.184.90.241-9618+[2001-1458-201-e4--100-2eb]-9618&alias=bigbird15.cern.ch&noUDP&sock=schedd_25064_65d2>
...
040 (15556765.066.000) 10/21 06:00:09 Started transferring input files
	Transferring to host: <188.185.194.49:9618?addrs=188.185.194.49-9618+[2001-1458-303-21--100-2d]-9618&alias=b9p20p4971.cern.ch&noUDP&sock=slot1_18_1853588_2de9_23763>
...
040 (15556765.066.000) 10/21 06:00:09 Finished transferring input files
...
001 (15556765.066.000) 10/21 06:00:10 Job executing on host: <188.185.194.49:9618?addrs=188.185.194.49-9618+[2001-1458-303-21--100-2d]-9618&alias=b9p20p4971.cern.ch&noUDP&sock=startd_5253_b315>
	SlotName: slot1_18@b9p20p4971.cern.ch
	CondorScratchDir = "/pool/condor/dir_2035007"
	Cpus = 1
	Disk = 2876395
	Memory = 2000
...
006 (15556765.066.000) 10/21 06:00:19 Image size of job updated: 578952
	566  -  MemoryUsage of job (MB)
	578952  -  ResidentSetSize of job (KB)
...
006 (15556765.066.000) 10/21 06:05:20 Image size of job updated: 2581988
	2517  -  MemoryUsage of job (MB)
	2577228  -  ResidentSetSize of job (KB)
...
006 (15556765.066.000) 10/21 06:10:20 Image size of job updated: 2581988
	2518  -  MemoryUsage of job (MB)
	2577428  -  ResidentSetSize of job (KB)
...
006 (15556765.066.000) 10/21 06:15:20 Image size of job updated: 2584284
	2518  -  MemoryUsage of job (MB)
	2577932  -  ResidentSetSize of job (KB)
...
006 (15556765.066.000) 10/21 06:20:20 Image size of job updated: 2584428
	2518  -  MemoryUsage of job (MB)
	2577932  -  ResidentSetSize of job (KB)
...
040 (15556765.066.000) 10/21 06:20:20 Started transferring output files
...
040 (15556765.066.000) 10/21 06:20:20 Finished transferring output files
...
009 (15556765.066.000) 10/21 06:20:20 Job was aborted.
	Job removed by SYSTEM_PERIODIC_REMOVE due to wall time exceeded allowed max.
...
000 (15556766.066.000) 10/21 07:29:10 Job submitted from host: <188.184.90.241:9618?addrs=188.184.90.241-9618+[2001-1458-201-e4--100-2eb]-9618&alias=bigbird15.cern.ch&noUDP&sock=schedd_25064_65d2>
...
040 (15556766.066.000) 10/21 07:30:18 Started transferring input files
	Transferring to host: <188.185.215.151:9618?addrs=188.185.215.151-9618+[2001-1458-303-26--100-13]-9618&alias=b9p18p7083.cern.ch&noUDP&sock=slot1_8_5899_2109_67326>
...
040 (15556766.066.000) 10/21 07:30:18 Finished transferring input files
...
001 (15556766.066.000) 10/21 07:30:19 Job executing on host: <188.185.215.151:9618?addrs=188.185.215.151-9618+[2001-1458-303-26--100-13]-9618&alias=b9p18p7083.cern.ch&noUDP&sock=startd_5041_4901>
	SlotName: slot1_8@b9p18p7083.cern.ch
	CondorScratchDir = "/pool/condor/dir_754345"
	Cpus = 1
	Disk = 3002729
	Memory = 2000
...
006 (15556766.066.000) 10/21 07:30:27 Image size of job updated: 542564
	530  -  MemoryUsage of job (MB)
	542564  -  ResidentSetSize of job (KB)
...
006 (15556766.066.000) 10/21 07:35:27 Image size of job updated: 2514924
	2454  -  MemoryUsage of job (MB)
	2512656  -  ResidentSetSize of job (KB)
...
006 (15556766.066.000) 10/21 07:40:28 Image size of job updated: 2516060
	2454  -  MemoryUsage of job (MB)
	2512656  -  ResidentSetSize of job (KB)
...
040 (15556766.066.000) 10/21 07:50:28 Started transferring output files
...
040 (15556766.066.000) 10/21 07:50:28 Finished transferring output files
...
009 (15556766.066.000) 10/21 07:50:28 Job was aborted.
	Job removed by SYSTEM_PERIODIC_REMOVE due to wall time exceeded allowed max.
...
