000 (15556765.167.000) 10/21 05:59:05 Job submitted from host: <188.184.90.241:9618?addrs=188.184.90.241-9618+[2001-1458-201-e4--100-2eb]-9618&alias=bigbird15.cern.ch&noUDP&sock=schedd_25064_65d2>
...
040 (15556765.167.000) 10/21 06:00:42 Started transferring input files
	Transferring to host: <188.185.207.192:9618?addrs=188.185.207.192-9618+[2001-1458-303-e--100-3d]-9618&alias=b9p08p9609.cern.ch&noUDP&sock=slot1_28_4004722_aedc_150472>
...
040 (15556765.167.000) 10/21 06:00:42 Finished transferring input files
...
001 (15556765.167.000) 10/21 06:00:43 Job executing on host: <188.185.207.192:9618?addrs=188.185.207.192-9618+[2001-1458-303-e--100-3d]-9618&alias=b9p08p9609.cern.ch&noUDP&sock=startd_4289_79c9>
	SlotName: slot1_28@b9p08p9609.cern.ch
	CondorScratchDir = "/pool/condor/dir_3785142"
	Cpus = 1
	Disk = 2845091
	Memory = 2000
...
006 (15556765.167.000) 10/21 06:00:53 Image size of job updated: 664936
	650  -  MemoryUsage of job (MB)
	664936  -  ResidentSetSize of job (KB)
...
006 (15556765.167.000) 10/21 06:05:53 Image size of job updated: 1990852
	1943  -  MemoryUsage of job (MB)
	1988668  -  ResidentSetSize of job (KB)
...
040 (15556765.167.000) 10/21 06:07:07 Started transferring output files
...
040 (15556765.167.000) 10/21 06:07:07 Finished transferring output files
...
005 (15556765.167.000) 10/21 06:07:07 Job terminated.
	(1) Normal termination (return value 0)
		Usr 0 00:05:05, Sys 0 00:00:08  -  Run Remote Usage
		Usr 0 00:00:00, Sys 0 00:00:00  -  Run Local Usage
		Usr 0 00:05:05, Sys 0 00:00:08  -  Total Remote Usage
		Usr 0 00:00:00, Sys 0 00:00:00  -  Total Local Usage
	7018  -  Run Bytes Sent By Job
	229  -  Run Bytes Received By Job
	7018  -  Total Bytes Sent By Job
	229  -  Total Bytes Received By Job
	Partitionable Resources :    Usage  Request Allocated 
	   Cpus                 :        0        1         1 
	   Disk (KB)            :       51        1   2845091 
	   Memory (MB)          :     1943     2000      2000 

	Job terminated of its own accord at 2024-10-21T04:07:07Z with exit-code 0.
...
