000 (15556765.465.000) 10/21 05:59:06 Job submitted from host: <188.184.90.241:9618?addrs=188.184.90.241-9618+[2001-1458-201-e4--100-2eb]-9618&alias=bigbird15.cern.ch&noUDP&sock=schedd_25064_65d2>
...
040 (15556765.465.000) 10/21 06:05:26 Started transferring input files
	Transferring to host: <128.142.248.76:9618?addrs=128.142.248.76-9618+[2001-1458-301-73--100-13c]-9618&alias=b9g23p7088.cern.ch&noUDP&sock=slot1_33_3495456_b737_62327>
...
040 (15556765.465.000) 10/21 06:05:26 Finished transferring input files
...
001 (15556765.465.000) 10/21 06:05:28 Job executing on host: <128.142.248.76:9618?addrs=128.142.248.76-9618+[2001-1458-301-73--100-13c]-9618&alias=b9g23p7088.cern.ch&noUDP&sock=startd_6232_364d>
	SlotName: slot1_33@b9g23p7088.cern.ch
	CondorScratchDir = "/pool/condor/dir_3113885"
	Cpus = 1
	Disk = 2895279
	Memory = 2000
...
006 (15556765.465.000) 10/21 06:05:36 Image size of job updated: 2568
	2  -  MemoryUsage of job (MB)
	2028  -  ResidentSetSize of job (KB)
...
006 (15556765.465.000) 10/21 06:10:36 Image size of job updated: 1074480
	1048  -  MemoryUsage of job (MB)
	1072848  -  ResidentSetSize of job (KB)
...
040 (15556765.465.000) 10/21 06:13:53 Started transferring output files
...
040 (15556765.465.000) 10/21 06:13:53 Finished transferring output files
...
005 (15556765.465.000) 10/21 06:13:53 Job terminated.
	(1) Normal termination (return value 0)
		Usr 0 00:06:48, Sys 0 00:00:09  -  Run Remote Usage
		Usr 0 00:00:00, Sys 0 00:00:00  -  Run Local Usage
		Usr 0 00:06:48, Sys 0 00:00:09  -  Total Remote Usage
		Usr 0 00:00:00, Sys 0 00:00:00  -  Total Local Usage
	12904  -  Run Bytes Sent By Job
	229  -  Run Bytes Received By Job
	12904  -  Total Bytes Sent By Job
	229  -  Total Bytes Received By Job
	Partitionable Resources :    Usage  Request Allocated 
	   Cpus                 :     0.91        1         1 
	   Disk (KB)            :    54           1   2895279 
	   Memory (MB)          :  1048        2000      2000 

	Job terminated of its own accord at 2024-10-21T04:13:53Z with exit-code 0.
...
