000 (15556765.655.000) 10/21 05:59:06 Job submitted from host: <188.184.90.241:9618?addrs=188.184.90.241-9618+[2001-1458-201-e4--100-2eb]-9618&alias=bigbird15.cern.ch&noUDP&sock=schedd_25064_65d2>
...
040 (15556765.655.000) 10/21 06:06:33 Started transferring input files
	Transferring to host: <128.142.131.39:9618?addrs=128.142.131.39-9618+[2001-1458-301-59--100-1b]-9618&alias=b9g11p5775.cern.ch&noUDP&sock=slot1_22_2928_ca70_186623>
...
040 (15556765.655.000) 10/21 06:06:33 Finished transferring input files
...
001 (15556765.655.000) 10/21 06:06:34 Job executing on host: <128.142.131.39:9618?addrs=128.142.131.39-9618+[2001-1458-301-59--100-1b]-9618&alias=b9g11p5775.cern.ch&noUDP&sock=startd_2606_13e5>
	SlotName: slot1_22@b9g11p5775.cern.ch
	CondorScratchDir = "/pool/condor/dir_150833"
	Cpus = 1
	Disk = 1604086
	Memory = 2000
...
006 (15556765.655.000) 10/21 06:06:43 Image size of job updated: 152072
	149  -  MemoryUsage of job (MB)
	152072  -  ResidentSetSize of job (KB)
...
006 (15556765.655.000) 10/21 06:11:45 Image size of job updated: 749720
	733  -  MemoryUsage of job (MB)
	749720  -  ResidentSetSize of job (KB)
...
040 (15556765.655.000) 10/21 06:12:14 Started transferring output files
...
040 (15556765.655.000) 10/21 06:12:14 Finished transferring output files
...
005 (15556765.655.000) 10/21 06:12:14 Job terminated.
	(1) Normal termination (return value 0)
		Usr 0 00:05:07, Sys 0 00:00:06  -  Run Remote Usage
		Usr 0 00:00:00, Sys 0 00:00:00  -  Run Local Usage
		Usr 0 00:05:07, Sys 0 00:00:06  -  Total Remote Usage
		Usr 0 00:00:00, Sys 0 00:00:00  -  Total Local Usage
	9016  -  Run Bytes Sent By Job
	229  -  Run Bytes Received By Job
	9016  -  Total Bytes Sent By Job
	229  -  Total Bytes Received By Job
	Partitionable Resources :    Usage  Request Allocated 
	   Cpus                 :        0        1         1 
	   Disk (KB)            :       50        1   1604086 
	   Memory (MB)          :      733     2000      2000 

	Job terminated of its own accord at 2024-10-21T04:12:14Z with exit-code 0.
...
