000 (15556765.620.000) 10/21 05:59:06 Job submitted from host: <188.184.90.241:9618?addrs=188.184.90.241-9618+[2001-1458-201-e4--100-2eb]-9618&alias=bigbird15.cern.ch&noUDP&sock=schedd_25064_65d2>
...
040 (15556765.620.000) 10/21 06:06:21 Started transferring input files
	Transferring to host: <188.185.209.210:9618?addrs=188.185.209.210-9618+[2001-1458-303-12--100-4f]-9618&alias=b9p12p2091.cern.ch&noUDP&sock=slot1_15_575751_6a0e_63460>
...
040 (15556765.620.000) 10/21 06:06:21 Finished transferring input files
...
001 (15556765.620.000) 10/21 06:06:22 Job executing on host: <188.185.209.210:9618?addrs=188.185.209.210-9618+[2001-1458-303-12--100-4f]-9618&alias=b9p12p2091.cern.ch&noUDP&sock=startd_5523_e5a7>
	SlotName: slot1_15@b9p12p2091.cern.ch
	CondorScratchDir = "/pool/condor/dir_2889955"
	Cpus = 1
	Disk = 2459762
	Memory = 2000
...
006 (15556765.620.000) 10/21 06:06:31 Image size of job updated: 645236
	631  -  MemoryUsage of job (MB)
	645232  -  ResidentSetSize of job (KB)
...
006 (15556765.620.000) 10/21 06:09:46 Image size of job updated: 1870068
	1099  -  MemoryUsage of job (MB)
	1125044  -  ResidentSetSize of job (KB)
...
040 (15556765.620.000) 10/21 06:09:46 Started transferring output files
...
040 (15556765.620.000) 10/21 06:09:46 Finished transferring output files
...
005 (15556765.620.000) 10/21 06:09:46 Job terminated.
	(1) Normal termination (return value 0)
		Usr 0 00:02:53, Sys 0 00:00:06  -  Run Remote Usage
		Usr 0 00:00:00, Sys 0 00:00:00  -  Run Local Usage
		Usr 0 00:02:53, Sys 0 00:00:06  -  Total Remote Usage
		Usr 0 00:00:00, Sys 0 00:00:00  -  Total Local Usage
	8298  -  Run Bytes Sent By Job
	229  -  Run Bytes Received By Job
	8298  -  Total Bytes Sent By Job
	229  -  Total Bytes Received By Job
	Partitionable Resources :    Usage  Request Allocated 
	   Cpus                 :        0        1         1 
	   Disk (KB)            :       52        1   2459762 
	   Memory (MB)          :     1099     2000      2000 

	Job terminated of its own accord at 2024-10-21T04:09:46Z with exit-code 0.
...
