000 (15556765.552.000) 10/21 05:59:06 Job submitted from host: <188.184.90.241:9618?addrs=188.184.90.241-9618+[2001-1458-201-e4--100-2eb]-9618&alias=bigbird15.cern.ch&noUDP&sock=schedd_25064_65d2>
...
040 (15556765.552.000) 10/21 06:05:56 Started transferring input files
	Transferring to host: <188.185.196.174:9618?addrs=188.185.196.174-9618+[2001-1458-303-23--100-aa]-9618&alias=b9p16p9594.cern.ch&noUDP&sock=slot1_22_9437_f859_4404>
...
040 (15556765.552.000) 10/21 06:05:56 Finished transferring input files
...
001 (15556765.552.000) 10/21 06:05:57 Job executing on host: <188.185.196.174:9618?addrs=188.185.196.174-9618+[2001-1458-303-23--100-aa]-9618&alias=b9p16p9594.cern.ch&noUDP&sock=startd_8404_0601>
	SlotName: slot1_22@b9p16p9594.cern.ch
	CondorScratchDir = "/pool/condor/dir_1167489"
	Cpus = 1
	Disk = 3787
	GPUs = 0
	Memory = 2000
...
006 (15556765.552.000) 10/21 06:06:06 Image size of job updated: 781684
	764  -  MemoryUsage of job (MB)
	781684  -  ResidentSetSize of job (KB)
...
006 (15556765.552.000) 10/21 06:11:07 Image size of job updated: 1650128
	1612  -  MemoryUsage of job (MB)
	1650128  -  ResidentSetSize of job (KB)
...
006 (15556765.552.000) 10/21 06:16:08 Image size of job updated: 1664580
	1626  -  MemoryUsage of job (MB)
	1664580  -  ResidentSetSize of job (KB)
...
040 (15556765.552.000) 10/21 06:26:09 Started transferring output files
...
040 (15556765.552.000) 10/21 06:26:09 Finished transferring output files
...
009 (15556765.552.000) 10/21 06:26:09 Job was aborted.
	Job removed by SYSTEM_PERIODIC_REMOVE due to wall time exceeded allowed max.
...
