000 (15556765.097.000) 10/21 05:59:05 Job submitted from host: <188.184.90.241:9618?addrs=188.184.90.241-9618+[2001-1458-201-e4--100-2eb]-9618&alias=bigbird15.cern.ch&noUDP&sock=schedd_25064_65d2>
...
040 (15556765.097.000) 10/21 06:00:19 Started transferring input files
	Transferring to host: <128.142.137.198:9618?addrs=128.142.137.198-9618+[2001-1458-301-5e--100-ba]-9618&alias=b9g19p8826.cern.ch&noUDP&sock=slot1_19_1717440_98c8_151419>
...
040 (15556765.097.000) 10/21 06:00:19 Finished transferring input files
...
001 (15556765.097.000) 10/21 06:00:20 Job executing on host: <128.142.137.198:9618?addrs=128.142.137.198-9618+[2001-1458-301-5e--100-ba]-9618&alias=b9g19p8826.cern.ch&noUDP&sock=startd_121414_7bd3>
	SlotName: slot1_19@b9g19p8826.cern.ch
	CondorScratchDir = "/pool/condor/dir_1348805"
	Cpus = 1
	Disk = 1374438
	Memory = 2000
...
006 (15556765.097.000) 10/21 06:00:29 Image size of job updated: 639328
	625  -  MemoryUsage of job (MB)
	639328  -  ResidentSetSize of job (KB)
...
006 (15556765.097.000) 10/21 06:05:30 Image size of job updated: 2054696
	2007  -  MemoryUsage of job (MB)
	2054696  -  ResidentSetSize of job (KB)
...
040 (15556765.097.000) 10/21 06:11:16 Started transferring output files
...
040 (15556765.097.000) 10/21 06:11:16 Finished transferring output files
...
005 (15556765.097.000) 10/21 06:11:17 Job terminated.
	(1) Normal termination (return value 0)
		Usr 0 00:09:21, Sys 0 00:00:08  -  Run Remote Usage
		Usr 0 00:00:00, Sys 0 00:00:00  -  Run Local Usage
		Usr 0 00:09:21, Sys 0 00:00:08  -  Total Remote Usage
		Usr 0 00:00:00, Sys 0 00:00:00  -  Total Local Usage
	7937  -  Run Bytes Sent By Job
	229  -  Run Bytes Received By Job
	7937  -  Total Bytes Sent By Job
	229  -  Total Bytes Received By Job
	Partitionable Resources :    Usage  Request Allocated 
	   Cpus                 :     0.89        1         1 
	   Disk (KB)            :    49           1   1374438 
	   Memory (MB)          :  2007        2000      2000 

	Job terminated of its own accord at 2024-10-21T04:11:16Z with exit-code 0.
...
000 (15556766.097.000) 10/21 07:29:12 Job submitted from host: <188.184.90.241:9618?addrs=188.184.90.241-9618+[2001-1458-201-e4--100-2eb]-9618&alias=bigbird15.cern.ch&noUDP&sock=schedd_25064_65d2>
...
040 (15556766.097.000) 10/21 07:30:29 Started transferring input files
	Transferring to host: <128.142.192.143:9618?addrs=128.142.192.143-9618+[2001-1458-301-56--100-b]-9618&alias=b9g18p4301.cern.ch&noUDP&sock=slot1_34_5437_9bb6_175583>
...
040 (15556766.097.000) 10/21 07:30:29 Finished transferring input files
...
001 (15556766.097.000) 10/21 07:30:30 Job executing on host: <128.142.192.143:9618?addrs=128.142.192.143-9618+[2001-1458-301-56--100-b]-9618&alias=b9g18p4301.cern.ch&noUDP&sock=startd_4265_0383>
	SlotName: slot1_34@b9g18p4301.cern.ch
	CondorScratchDir = "/pool/condor/dir_2951155"
	Cpus = 1
	Disk = 2837593
	Memory = 2000
...
006 (15556766.097.000) 10/21 07:30:38 Image size of job updated: 10648
	11  -  MemoryUsage of job (MB)
	10260  -  ResidentSetSize of job (KB)
...
006 (15556766.097.000) 10/21 07:35:38 Image size of job updated: 1010324
	985  -  MemoryUsage of job (MB)
	1008332  -  ResidentSetSize of job (KB)
...
006 (15556766.097.000) 10/21 07:40:38 Image size of job updated: 1010752
	985  -  MemoryUsage of job (MB)
	1008456  -  ResidentSetSize of job (KB)
...
006 (15556766.097.000) 10/21 07:45:39 Image size of job updated: 1012032
	985  -  MemoryUsage of job (MB)
	1008456  -  ResidentSetSize of job (KB)
...
040 (15556766.097.000) 10/21 07:50:39 Started transferring output files
...
040 (15556766.097.000) 10/21 07:50:39 Finished transferring output files
...
009 (15556766.097.000) 10/21 07:50:39 Job was aborted.
	Job removed by SYSTEM_PERIODIC_REMOVE due to wall time exceeded allowed max.
...
