000 (15556765.328.000) 10/21 05:59:06 Job submitted from host: <188.184.90.241:9618?addrs=188.184.90.241-9618+[2001-1458-201-e4--100-2eb]-9618&alias=bigbird15.cern.ch&noUDP&sock=schedd_25064_65d2>
...
040 (15556765.328.000) 10/21 06:01:43 Started transferring input files
	Transferring to host: <188.185.194.35:9618?addrs=188.185.194.35-9618+[2001-1458-303-21--100-1f]-9618&alias=b9p20p1491.cern.ch&noUDP&sock=slot1_10_2619784_931e_84367>
...
040 (15556765.328.000) 10/21 06:01:43 Finished transferring input files
...
001 (15556765.328.000) 10/21 06:01:44 Job executing on host: <188.185.194.35:9618?addrs=188.185.194.35-9618+[2001-1458-303-21--100-1f]-9618&alias=b9p20p1491.cern.ch&noUDP&sock=startd_128133_28a9>
	SlotName: slot1_10@b9p20p1491.cern.ch
	CondorScratchDir = "/pool/condor/dir_1931316"
	Cpus = 1
	Disk = 2840908
	Memory = 2000
...
006 (15556765.328.000) 10/21 06:01:53 Image size of job updated: 622116
	608  -  MemoryUsage of job (MB)
	622108  -  ResidentSetSize of job (KB)
...
006 (15556765.328.000) 10/21 06:06:42 Image size of job updated: 1968868
	1198  -  MemoryUsage of job (MB)
	1226160  -  ResidentSetSize of job (KB)
...
040 (15556765.328.000) 10/21 06:06:42 Started transferring output files
...
040 (15556765.328.000) 10/21 06:06:42 Finished transferring output files
...
005 (15556765.328.000) 10/21 06:06:42 Job terminated.
	(1) Normal termination (return value 0)
		Usr 0 00:03:55, Sys 0 00:00:06  -  Run Remote Usage
		Usr 0 00:00:00, Sys 0 00:00:00  -  Run Local Usage
		Usr 0 00:03:55, Sys 0 00:00:06  -  Total Remote Usage
		Usr 0 00:00:00, Sys 0 00:00:00  -  Total Local Usage
	8879  -  Run Bytes Sent By Job
	229  -  Run Bytes Received By Job
	8879  -  Total Bytes Sent By Job
	229  -  Total Bytes Received By Job
	Partitionable Resources :    Usage  Request Allocated 
	   Cpus                 :        0        1         1 
	   Disk (KB)            :       50        1   2840908 
	   Memory (MB)          :     1198     2000      2000 

	Job terminated of its own accord at 2024-10-21T04:06:42Z with exit-code 0.
...
