000 (15556765.316.000) 10/21 05:59:05 Job submitted from host: <188.184.90.241:9618?addrs=188.184.90.241-9618+[2001-1458-201-e4--100-2eb]-9618&alias=bigbird15.cern.ch&noUDP&sock=schedd_25064_65d2>
...
040 (15556765.316.000) 10/21 06:01:39 Started transferring input files
	Transferring to host: <188.185.192.50:9618?addrs=188.185.192.50-9618+[2001-1458-303-1f--100-2e]-9618&alias=b9p13p1639.cern.ch&noUDP&sock=slot1_16_4088277_bd42_70328>
...
040 (15556765.316.000) 10/21 06:01:39 Finished transferring input files
...
001 (15556765.316.000) 10/21 06:01:40 Job executing on host: <188.185.192.50:9618?addrs=188.185.192.50-9618+[2001-1458-303-1f--100-2e]-9618&alias=b9p13p1639.cern.ch&noUDP&sock=startd_128796_ebf3>
	SlotName: slot1_16@b9p13p1639.cern.ch
	CondorScratchDir = "/pool/condor/dir_3666466"
	Cpus = 1
	Disk = 2886643
	Memory = 2000
...
006 (15556765.316.000) 10/21 06:01:48 Image size of job updated: 2652
	2  -  MemoryUsage of job (MB)
	1936  -  ResidentSetSize of job (KB)
...
006 (15556765.316.000) 10/21 06:06:48 Image size of job updated: 785544
	762  -  MemoryUsage of job (MB)
	779680  -  ResidentSetSize of job (KB)
...
040 (15556765.316.000) 10/21 06:07:15 Started transferring output files
...
040 (15556765.316.000) 10/21 06:07:15 Finished transferring output files
...
005 (15556765.316.000) 10/21 06:07:15 Job terminated.
	(1) Normal termination (return value 0)
		Usr 0 00:04:15, Sys 0 00:00:05  -  Run Remote Usage
		Usr 0 00:00:00, Sys 0 00:00:00  -  Run Local Usage
		Usr 0 00:04:15, Sys 0 00:00:05  -  Total Remote Usage
		Usr 0 00:00:00, Sys 0 00:00:00  -  Total Local Usage
	9740  -  Run Bytes Sent By Job
	229  -  Run Bytes Received By Job
	9740  -  Total Bytes Sent By Job
	229  -  Total Bytes Received By Job
	Partitionable Resources :    Usage  Request Allocated 
	   Cpus                 :        0        1         1 
	   Disk (KB)            :       50        1   2886643 
	   Memory (MB)          :      762     2000      2000 

	Job terminated of its own accord at 2024-10-21T04:07:15Z with exit-code 0.
...
