000 (15556765.470.000) 10/21 05:59:06 Job submitted from host: <188.184.90.241:9618?addrs=188.184.90.241-9618+[2001-1458-201-e4--100-2eb]-9618&alias=bigbird15.cern.ch&noUDP&sock=schedd_25064_65d2>
...
040 (15556765.470.000) 10/21 06:05:29 Started transferring input files
	Transferring to host: <188.185.192.124:9618?addrs=188.185.192.124-9618+[2001-1458-303-1f--100-78]-9618&alias=b9p13p0528.cern.ch&noUDP&sock=slot1_8_6266_b6b8_4097>
...
040 (15556765.470.000) 10/21 06:05:29 Finished transferring input files
...
001 (15556765.470.000) 10/21 06:05:30 Job executing on host: <188.185.192.124:9618?addrs=188.185.192.124-9618+[2001-1458-303-1f--100-78]-9618&alias=b9p13p0528.cern.ch&noUDP&sock=startd_5002_88d0>
	SlotName: slot1_8@b9p13p0528.cern.ch
	CondorScratchDir = "/pool/condor/dir_381815"
	Cpus = 1
	Disk = 3853
	GPUs = 0
	Memory = 2000
...
006 (15556765.470.000) 10/21 06:05:38 Image size of job updated: 462384
	452  -  MemoryUsage of job (MB)
	462384  -  ResidentSetSize of job (KB)
...
006 (15556765.470.000) 10/21 06:10:38 Image size of job updated: 2267980
	2215  -  MemoryUsage of job (MB)
	2267980  -  ResidentSetSize of job (KB)
...
040 (15556765.470.000) 10/21 06:13:28 Started transferring output files
...
040 (15556765.470.000) 10/21 06:13:28 Finished transferring output files
...
005 (15556765.470.000) 10/21 06:13:28 Job terminated.
	(1) Normal termination (return value 0)
		Usr 0 00:06:45, Sys 0 00:00:08  -  Run Remote Usage
		Usr 0 00:00:00, Sys 0 00:00:00  -  Run Local Usage
		Usr 0 00:06:45, Sys 0 00:00:08  -  Total Remote Usage
		Usr 0 00:00:00, Sys 0 00:00:00  -  Total Local Usage
	13268  -  Run Bytes Sent By Job
	229  -  Run Bytes Received By Job
	13268  -  Total Bytes Sent By Job
	229  -  Total Bytes Received By Job
	Partitionable Resources :    Usage  Request Allocated 
	   Cpus                 :     0.91        1         1 
	   Disk (KB)            :    55           1      3853 
	   GPUs                 :                           0 
	   Memory (MB)          :  2215        2000      2000 

	Job terminated of its own accord at 2024-10-21T04:13:28Z with exit-code 0.
...
