000 (15556765.303.000) 10/21 05:59:05 Job submitted from host: <188.184.90.241:9618?addrs=188.184.90.241-9618+[2001-1458-201-e4--100-2eb]-9618&alias=bigbird15.cern.ch&noUDP&sock=schedd_25064_65d2>
...
040 (15556765.303.000) 10/21 06:01:33 Started transferring input files
	Transferring to host: <128.142.161.83:9618?addrs=128.142.161.83-9618+[2001-1458-301-b8--100-11]-9618&alias=b9g03p4706.cern.ch&noUDP&sock=slot1_17_6845_abef_3205>
...
040 (15556765.303.000) 10/21 06:01:33 Finished transferring input files
...
001 (15556765.303.000) 10/21 06:01:34 Job executing on host: <128.142.161.83:9618?addrs=128.142.161.83-9618+[2001-1458-301-b8--100-11]-9618&alias=b9g03p4706.cern.ch&noUDP&sock=startd_6321_423b>
	SlotName: slot1_17@b9g03p4706.cern.ch
	CondorScratchDir = "/pool/condor/dir_1885659"
	Cpus = 1
	Disk = 4016
	GPUs = 0
	Memory = 2000
...
006 (15556765.303.000) 10/21 06:01:42 Image size of job updated: 16564
	17  -  MemoryUsage of job (MB)
	16564  -  ResidentSetSize of job (KB)
...
006 (15556765.303.000) 10/21 06:06:42 Image size of job updated: 749100
	732  -  MemoryUsage of job (MB)
	749100  -  ResidentSetSize of job (KB)
...
040 (15556765.303.000) 10/21 06:11:04 Started transferring output files
...
040 (15556765.303.000) 10/21 06:11:04 Finished transferring output files
...
005 (15556765.303.000) 10/21 06:11:05 Job terminated.
	(1) Normal termination (return value 0)
		Usr 0 00:07:52, Sys 0 00:00:07  -  Run Remote Usage
		Usr 0 00:00:00, Sys 0 00:00:00  -  Run Local Usage
		Usr 0 00:07:52, Sys 0 00:00:07  -  Total Remote Usage
		Usr 0 00:00:00, Sys 0 00:00:00  -  Total Local Usage
	13182  -  Run Bytes Sent By Job
	229  -  Run Bytes Received By Job
	13182  -  Total Bytes Sent By Job
	229  -  Total Bytes Received By Job
	Partitionable Resources :    Usage  Request Allocated 
	   Cpus                 :     0.92        1         1 
	   Disk (KB)            :    54           1      4016 
	   GPUs                 :                           0 
	   Memory (MB)          :   732        2000      2000 

	Job terminated of its own accord at 2024-10-21T04:11:04Z with exit-code 0.
...
