000 (15556765.362.000) 10/21 05:59:06 Job submitted from host: <188.184.90.241:9618?addrs=188.184.90.241-9618+[2001-1458-201-e4--100-2eb]-9618&alias=bigbird15.cern.ch&noUDP&sock=schedd_25064_65d2>
...
040 (15556765.362.000) 10/21 06:01:53 Started transferring input files
	Transferring to host: <128.142.137.119:9618?addrs=128.142.137.119-9618+[2001-1458-301-5e--100-6b]-9618&alias=b9g19p6148.cern.ch&noUDP&sock=slot1_28_2825_37cc_47833>
...
040 (15556765.362.000) 10/21 06:01:53 Finished transferring input files
...
001 (15556765.362.000) 10/21 06:01:54 Job executing on host: <128.142.137.119:9618?addrs=128.142.137.119-9618+[2001-1458-301-5e--100-6b]-9618&alias=b9g19p6148.cern.ch&noUDP&sock=startd_2498_ffaa>
	SlotName: slot1_28@b9g19p6148.cern.ch
	CondorScratchDir = "/pool/condor/dir_1711850"
	Cpus = 1
	Disk = 1747919
	Memory = 2000
...
006 (15556765.362.000) 10/21 06:02:03 Image size of job updated: 728424
	712  -  MemoryUsage of job (MB)
	728424  -  ResidentSetSize of job (KB)
...
006 (15556765.362.000) 10/21 06:06:55 Image size of job updated: 930312
	909  -  MemoryUsage of job (MB)
	930312  -  ResidentSetSize of job (KB)
...
040 (15556765.362.000) 10/21 06:06:55 Started transferring output files
...
040 (15556765.362.000) 10/21 06:06:55 Finished transferring output files
...
005 (15556765.362.000) 10/21 06:06:55 Job terminated.
	(1) Normal termination (return value 0)
		Usr 0 00:04:18, Sys 0 00:00:07  -  Run Remote Usage
		Usr 0 00:00:00, Sys 0 00:00:00  -  Run Local Usage
		Usr 0 00:04:18, Sys 0 00:00:07  -  Total Remote Usage
		Usr 0 00:00:00, Sys 0 00:00:00  -  Total Local Usage
	7310  -  Run Bytes Sent By Job
	229  -  Run Bytes Received By Job
	7310  -  Total Bytes Sent By Job
	229  -  Total Bytes Received By Job
	Partitionable Resources :    Usage  Request Allocated 
	   Cpus                 :     0.90        1         1 
	   Disk (KB)            :    48           1   1747919 
	   Memory (MB)          :   909        2000      2000 

	Job terminated of its own accord at 2024-10-21T04:06:55Z with exit-code 0.
...
