000 (15556765.150.000) 10/21 05:59:05 Job submitted from host: <188.184.90.241:9618?addrs=188.184.90.241-9618+[2001-1458-201-e4--100-2eb]-9618&alias=bigbird15.cern.ch&noUDP&sock=schedd_25064_65d2>
...
040 (15556765.150.000) 10/21 06:00:37 Started transferring input files
	Transferring to host: <128.142.192.208:9618?addrs=128.142.192.208-9618+[2001-1458-301-56--100-4c]-9618&alias=b9g18p2076.cern.ch&noUDP&sock=slot1_10_3335626_0593_19637>
...
040 (15556765.150.000) 10/21 06:00:37 Finished transferring input files
...
001 (15556765.150.000) 10/21 06:00:39 Job executing on host: <128.142.192.208:9618?addrs=128.142.192.208-9618+[2001-1458-301-56--100-4c]-9618&alias=b9g18p2076.cern.ch&noUDP&sock=startd_5488_e3d7>
	SlotName: slot1_10@b9g18p2076.cern.ch
	CondorScratchDir = "/pool/condor/dir_2664663"
	Cpus = 1
	Disk = 2948491
	Memory = 2000
...
006 (15556765.150.000) 10/21 06:00:47 Image size of job updated: 2372
	3  -  MemoryUsage of job (MB)
	2068  -  ResidentSetSize of job (KB)
...
006 (15556765.150.000) 10/21 06:05:47 Image size of job updated: 1057556
	1032  -  MemoryUsage of job (MB)
	1056448  -  ResidentSetSize of job (KB)
...
006 (15556765.150.000) 10/21 06:07:42 Image size of job updated: 1059964
	1032  -  MemoryUsage of job (MB)
	1056448  -  ResidentSetSize of job (KB)
...
040 (15556765.150.000) 10/21 06:07:42 Started transferring output files
...
040 (15556765.150.000) 10/21 06:07:42 Finished transferring output files
...
005 (15556765.150.000) 10/21 06:07:42 Job terminated.
	(1) Normal termination (return value 0)
		Usr 0 00:05:13, Sys 0 00:00:08  -  Run Remote Usage
		Usr 0 00:00:00, Sys 0 00:00:00  -  Run Local Usage
		Usr 0 00:05:13, Sys 0 00:00:08  -  Total Remote Usage
		Usr 0 00:00:00, Sys 0 00:00:00  -  Total Local Usage
	5533  -  Run Bytes Sent By Job
	229  -  Run Bytes Received By Job
	5533  -  Total Bytes Sent By Job
	229  -  Total Bytes Received By Job
	Partitionable Resources :    Usage  Request Allocated 
	   Cpus                 :     0.81        1         1 
	   Disk (KB)            :    46           1   2948491 
	   Memory (MB)          :  1032        2000      2000 

	Job terminated of its own accord at 2024-10-21T04:07:42Z with exit-code 0.
...
