000 (15556765.169.000) 10/21 05:59:05 Job submitted from host: <188.184.90.241:9618?addrs=188.184.90.241-9618+[2001-1458-201-e4--100-2eb]-9618&alias=bigbird15.cern.ch&noUDP&sock=schedd_25064_65d2>
...
040 (15556765.169.000) 10/21 06:00:44 Started transferring input files
	Transferring to host: <188.185.209.43:9618?addrs=188.185.209.43-9618+[2001-1458-303-11--100-28]-9618&alias=b9p11p2832.cern.ch&noUDP&sock=slot1_30_6396_4f7d_248552>
...
040 (15556765.169.000) 10/21 06:00:44 Finished transferring input files
...
001 (15556765.169.000) 10/21 06:00:45 Job executing on host: <188.185.209.43:9618?addrs=188.185.209.43-9618+[2001-1458-303-11--100-28]-9618&alias=b9p11p2832.cern.ch&noUDP&sock=startd_5286_55b5>
	SlotName: slot1_30@b9p11p2832.cern.ch
	CondorScratchDir = "/pool/condor/dir_855361"
	Cpus = 1
	Disk = 2693744
	Memory = 2000
...
006 (15556765.169.000) 10/21 06:00:54 Image size of job updated: 735100
	718  -  MemoryUsage of job (MB)
	734868  -  ResidentSetSize of job (KB)
...
006 (15556765.169.000) 10/21 06:05:55 Image size of job updated: 1967560
	1919  -  MemoryUsage of job (MB)
	1964828  -  ResidentSetSize of job (KB)
...
006 (15556765.169.000) 10/21 06:06:51 Image size of job updated: 1967968
	1919  -  MemoryUsage of job (MB)
	1964828  -  ResidentSetSize of job (KB)
...
040 (15556765.169.000) 10/21 06:06:51 Started transferring output files
...
040 (15556765.169.000) 10/21 06:06:51 Finished transferring output files
...
005 (15556765.169.000) 10/21 06:06:51 Job terminated.
	(1) Normal termination (return value 0)
		Usr 0 00:04:47, Sys 0 00:00:08  -  Run Remote Usage
		Usr 0 00:00:00, Sys 0 00:00:00  -  Run Local Usage
		Usr 0 00:04:47, Sys 0 00:00:08  -  Total Remote Usage
		Usr 0 00:00:00, Sys 0 00:00:00  -  Total Local Usage
	6600  -  Run Bytes Sent By Job
	229  -  Run Bytes Received By Job
	6600  -  Total Bytes Sent By Job
	229  -  Total Bytes Received By Job
	Partitionable Resources :    Usage  Request Allocated 
	   Cpus                 :        0        1         1 
	   Disk (KB)            :       52        1   2693744 
	   Memory (MB)          :     1919     2000      2000 

	Job terminated of its own accord at 2024-10-21T04:06:51Z with exit-code 0.
...
