000 (15556765.378.000) 10/21 05:59:06 Job submitted from host: <188.184.90.241:9618?addrs=188.184.90.241-9618+[2001-1458-201-e4--100-2eb]-9618&alias=bigbird15.cern.ch&noUDP&sock=schedd_25064_65d2>
...
040 (15556765.378.000) 10/21 06:02:01 Started transferring input files
	Transferring to host: <188.185.208.218:9618?addrs=188.185.208.218-9618+[2001-1458-303-10--100-57]-9618&alias=b9p10p3098.cern.ch&noUDP&sock=slot1_2_5320_2bd1_250638>
...
040 (15556765.378.000) 10/21 06:02:01 Finished transferring input files
...
001 (15556765.378.000) 10/21 06:02:02 Job executing on host: <188.185.208.218:9618?addrs=188.185.208.218-9618+[2001-1458-303-10--100-57]-9618&alias=b9p10p3098.cern.ch&noUDP&sock=startd_4441_bc2e>
	SlotName: slot1_2@b9p10p3098.cern.ch
	CondorScratchDir = "/pool/condor/dir_300163"
	Cpus = 1
	Disk = 2793674
	Memory = 2000
...
006 (15556765.378.000) 10/21 06:02:10 Image size of job updated: 636760
	622  -  MemoryUsage of job (MB)
	636744  -  ResidentSetSize of job (KB)
...
006 (15556765.378.000) 10/21 06:04:31 Image size of job updated: 1822848
	1056  -  MemoryUsage of job (MB)
	1080740  -  ResidentSetSize of job (KB)
...
040 (15556765.378.000) 10/21 06:04:32 Started transferring output files
...
040 (15556765.378.000) 10/21 06:04:32 Finished transferring output files
...
005 (15556765.378.000) 10/21 06:04:32 Job terminated.
	(1) Normal termination (return value 0)
		Usr 0 00:01:48, Sys 0 00:00:06  -  Run Remote Usage
		Usr 0 00:00:00, Sys 0 00:00:00  -  Run Local Usage
		Usr 0 00:01:48, Sys 0 00:00:06  -  Total Remote Usage
		Usr 0 00:00:00, Sys 0 00:00:00  -  Total Local Usage
	4976  -  Run Bytes Sent By Job
	229  -  Run Bytes Received By Job
	4976  -  Total Bytes Sent By Job
	229  -  Total Bytes Received By Job
	Partitionable Resources :    Usage  Request Allocated 
	   Cpus                 :        0        1         1 
	   Disk (KB)            :       50        1   2793674 
	   Memory (MB)          :     1056     2000      2000 

	Job terminated of its own accord at 2024-10-21T04:04:31Z with exit-code 0.
...
