Plotting 'ZmasscutJetID_AK4Jets_DeltaPhi12'
Plotting 'ZmasscutJetID_AK4Jets_DeltaPhi12'
Plotting 'ZmasscutJetID_AK4Jets_chEmEF'
Plotting 'ZmasscutJetID_AK4Jets_chEmEF'
Plotting 'ZmasscutJetID_AK4Jets_chHEF'
Plotting 'ZmasscutJetID_AK4Jets_chHEF'
Plotting 'ZmasscutJetID_AK4Jets_eta'
Plotting 'ZmasscutJetID_AK4Jets_eta'
Plotting 'ZmasscutJetID_AK4Jets_muEF'
Plotting 'ZmasscutJetID_AK4Jets_muEF'
Plotting 'ZmasscutJetID_AK4Jets_nJets'
Plotting 'ZmasscutJetID_AK4Jets_nJets'
Plotting 'ZmasscutJetID_AK4Jets_neEmEF'
Plotting 'ZmasscutJetID_AK4Jets_neEmEF'
Plotting 'ZmasscutJetID_AK4Jets_neHEF'
Plotting 'ZmasscutJetID_AK4Jets_neHEF'
Plotting 'ZmasscutJetID_AK4Jets_pt'
Plotting 'ZmasscutJetID_AK4Jets_pt'
Plotting 'ZmasscutJetID_Jet1_PNetRegPtRawCorr'
Plotting 'ZmasscutJetID_Jet1_PNetRegPtRawCorr'
Plotting 'ZmasscutJetID_Jet1_PNetRegPtRawCorrNeutrino'
Plotting 'ZmasscutJetID_Jet1_PNetRegPtRawCorrNeutrino'
Plotting 'ZmasscutJetID_Jet1_PNetRegPtRawRes'
Plotting 'ZmasscutJetID_Jet1_PNetRegPtRawRes'
Plotting 'ZmasscutJetID_Jet1_btagDeepFlavB'
Plotting 'ZmasscutJetID_Jet1_btagDeepFlavB'
Plotting 'ZmasscutJetID_Jet1_btagDeepFlavCvB'
Plotting 'ZmasscutJetID_Jet1_btagDeepFlavCvB'
Plotting 'ZmasscutJetID_Jet1_btagDeepFlavCvL'
Plotting 'ZmasscutJetID_Jet1_btagDeepFlavCvL'
Plotting 'ZmasscutJetID_Jet1_btagDeepFlavQG'
Plotting 'ZmasscutJetID_Jet1_btagDeepFlavQG'
Plotting 'ZmasscutJetID_Jet1_btagPNetB'
Plotting 'ZmasscutJetID_Jet1_btagPNetB'
Plotting 'ZmasscutJetID_Jet1_btagPNetCvB'
Plotting 'ZmasscutJetID_Jet1_btagPNetCvB'
Plotting 'ZmasscutJetID_Jet1_btagPNetCvL'
Plotting 'ZmasscutJetID_Jet1_btagPNetCvL'
Plotting 'ZmasscutJetID_Jet1_btagPNetQvG'
Plotting 'ZmasscutJetID_Jet1_btagPNetQvG'
Plotting 'ZmasscutJetID_Jet1_eta'
Plotting 'ZmasscutJetID_Jet1_eta'
Plotting 'ZmasscutJetID_Jet1_nConst'
Plotting 'ZmasscutJetID_Jet1_nConst'
Plotting 'ZmasscutJetID_Jet1_nConst_eta2p0to3p0'
Plotting 'ZmasscutJetID_Jet1_nConst_eta2p0to3p0'
Plotting 'ZmasscutJetID_Jet1_phi'
Plotting 'ZmasscutJetID_Jet1_phi'
Plotting 'ZmasscutJetID_Jet1_pt'
Plotting 'ZmasscutJetID_Jet1_pt'
Plotting 'ZmasscutJetID_Jet2_PNetRegPtRawCorr'
Plotting 'ZmasscutJetID_Jet2_PNetRegPtRawCorr'
Plotting 'ZmasscutJetID_Jet2_PNetRegPtRawCorrNeutrino'
Plotting 'ZmasscutJetID_Jet2_PNetRegPtRawCorrNeutrino'
Plotting 'ZmasscutJetID_Jet2_PNetRegPtRawRes'
Plotting 'ZmasscutJetID_Jet2_PNetRegPtRawRes'
Plotting 'ZmasscutJetID_Jet2_btagDeepFlavB'
Plotting 'ZmasscutJetID_Jet2_btagDeepFlavB'
Plotting 'ZmasscutJetID_Jet2_btagDeepFlavCvB'
Plotting 'ZmasscutJetID_Jet2_btagDeepFlavCvB'
Plotting 'ZmasscutJetID_Jet2_btagDeepFlavCvL'
Plotting 'ZmasscutJetID_Jet2_btagDeepFlavCvL'
Plotting 'ZmasscutJetID_Jet2_btagDeepFlavQG'
Plotting 'ZmasscutJetID_Jet2_btagDeepFlavQG'
Plotting 'ZmasscutJetID_Jet2_btagPNetB'
Plotting 'ZmasscutJetID_Jet2_btagPNetB'
Plotting 'ZmasscutJetID_Jet2_btagPNetCvB'
Plotting 'ZmasscutJetID_Jet2_btagPNetCvB'
Plotting 'ZmasscutJetID_Jet2_btagPNetCvL'
Plotting 'ZmasscutJetID_Jet2_btagPNetCvL'
Plotting 'ZmasscutJetID_Jet2_btagPNetQvG'
Plotting 'ZmasscutJetID_Jet2_btagPNetQvG'
Plotting 'ZmasscutJetID_Jet2_eta'
Plotting 'ZmasscutJetID_Jet2_eta'
Plotting 'ZmasscutJetID_Jet2_nConst'
Plotting 'ZmasscutJetID_Jet2_nConst'
Plotting 'ZmasscutJetID_Jet2_nConst_eta2p0to3p0'
Plotting 'ZmasscutJetID_Jet2_nConst_eta2p0to3p0'
Plotting 'ZmasscutJetID_Jet2_phi'
Plotting 'ZmasscutJetID_Jet2_phi'
Plotting 'ZmasscutJetID_Jet2_pt'
Plotting 'ZmasscutJetID_Jet2_pt'
Plotting 'ZmasscutJetID_Jet3_PNetRegPtRawCorr'
Plotting 'ZmasscutJetID_Jet3_PNetRegPtRawCorr'
Plotting 'ZmasscutJetID_Jet3_PNetRegPtRawCorrNeutrino'
Plotting 'ZmasscutJetID_Jet3_PNetRegPtRawCorrNeutrino'
Plotting 'ZmasscutJetID_Jet3_PNetRegPtRawRes'
Plotting 'ZmasscutJetID_Jet3_PNetRegPtRawRes'
Plotting 'ZmasscutJetID_Jet3_btagDeepFlavB'
Plotting 'ZmasscutJetID_Jet3_btagDeepFlavB'
Plotting 'ZmasscutJetID_Jet3_btagDeepFlavCvB'
Plotting 'ZmasscutJetID_Jet3_btagDeepFlavCvB'
Plotting 'ZmasscutJetID_Jet3_btagDeepFlavCvL'
Plotting 'ZmasscutJetID_Jet3_btagDeepFlavCvL'
Plotting 'ZmasscutJetID_Jet3_btagDeepFlavQG'
Plotting 'ZmasscutJetID_Jet3_btagDeepFlavQG'
Plotting 'ZmasscutJetID_Jet3_btagPNetB'
Plotting 'ZmasscutJetID_Jet3_btagPNetB'
Plotting 'ZmasscutJetID_Jet3_btagPNetCvB'
Plotting 'ZmasscutJetID_Jet3_btagPNetCvB'
Producing LaTeX yield table.
No processes/data/categories defined
Plotting 'ZmasscutJetID_Jet3_btagPNetCvL'
Plotting 'ZmasscutJetID_Jet3_btagPNetCvL'
Plotting 'ZmasscutJetID_Jet3_btagPNetQvG'
Plotting 'ZmasscutJetID_Jet3_btagPNetQvG'
Plotting 'ZmasscutJetID_Jet3_eta'
Plotting 'ZmasscutJetID_Jet3_eta'
Plotting 'ZmasscutJetID_Jet3_nConst'
Plotting 'ZmasscutJetID_Jet3_nConst'
Plotting 'ZmasscutJetID_Jet3_nConst_eta2p0to3p0'
Plotting 'ZmasscutJetID_Jet3_nConst_eta2p0to3p0'
Plotting 'ZmasscutJetID_Jet3_phi'
Plotting 'ZmasscutJetID_Jet3_phi'
Plotting 'ZmasscutJetID_Jet3_pt'
Plotting 'ZmasscutJetID_Jet3_pt'
Plotting 'ZmasscutJetID_Jet4_PNetRegPtRawCorr'
Plotting 'ZmasscutJetID_Jet4_PNetRegPtRawCorr'
Plotting 'ZmasscutJetID_Jet4_PNetRegPtRawCorrNeutrino'
Plotting 'ZmasscutJetID_Jet4_PNetRegPtRawCorrNeutrino'
Plotting 'ZmasscutJetID_Jet4_PNetRegPtRawRes'
Plotting 'ZmasscutJetID_Jet4_PNetRegPtRawRes'
Plotting 'ZmasscutJetID_Jet4_btagDeepFlavB'
Plotting 'ZmasscutJetID_Jet4_btagDeepFlavB'
Plotting 'ZmasscutJetID_Jet4_btagDeepFlavCvB'
Plotting 'ZmasscutJetID_Jet4_btagDeepFlavCvB'
Plotting 'ZmasscutJetID_Jet4_btagDeepFlavCvL'
Plotting 'ZmasscutJetID_Jet4_btagDeepFlavCvL'
Plotting 'ZmasscutJetID_Jet4_btagDeepFlavQG'
Plotting 'ZmasscutJetID_Jet4_btagDeepFlavQG'
Plotting 'ZmasscutJetID_Jet4_btagPNetB'
Plotting 'ZmasscutJetID_Jet4_btagPNetB'
Plotting 'ZmasscutJetID_Jet4_btagPNetCvB'
Plotting 'ZmasscutJetID_Jet4_btagPNetCvB'
Plotting 'ZmasscutJetID_Jet4_btagPNetCvL'
Plotting 'ZmasscutJetID_Jet4_btagPNetCvL'
Plotting 'ZmasscutJetID_Jet4_btagPNetQvG'
Plotting 'ZmasscutJetID_Jet4_btagPNetQvG'
Plotting 'ZmasscutJetID_Jet4_eta'
Plotting 'ZmasscutJetID_Jet4_eta'
Plotting 'ZmasscutJetID_Jet4_nConst'
Plotting 'ZmasscutJetID_Jet4_nConst'
Plotting 'ZmasscutJetID_Jet4_nConst_eta2p0to3p0'
Plotting 'ZmasscutJetID_Jet4_nConst_eta2p0to3p0'
Plotting 'ZmasscutJetID_Jet4_phi'
Plotting 'ZmasscutJetID_Jet4_phi'
Plotting 'ZmasscutJetID_Jet4_pt'
Plotting 'ZmasscutJetID_Jet4_pt'
Plotting 'ZmasscutJetetag2p4_AK4Jets_DeltaPhi12'
Plotting 'ZmasscutJetetag2p4_AK4Jets_DeltaPhi12'
Plotting 'ZmasscutJetetag2p4_AK4Jets_chEmEF'
Plotting 'ZmasscutJetetag2p4_AK4Jets_chEmEF'
Plotting 'ZmasscutJetetag2p4_AK4Jets_chHEF'
Plotting 'ZmasscutJetetag2p4_AK4Jets_chHEF'
Plotting 'ZmasscutJetetag2p4_AK4Jets_eta'
Plotting 'ZmasscutJetetag2p4_AK4Jets_eta'
Plotting 'ZmasscutJetetag2p4_AK4Jets_muEF'
Plotting 'ZmasscutJetetag2p4_AK4Jets_muEF'
Plotting 'ZmasscutJetetag2p4_AK4Jets_nJets'
Plotting 'ZmasscutJetetag2p4_AK4Jets_nJets'
Plotting 'ZmasscutJetetag2p4_AK4Jets_neEmEF'
Plotting 'ZmasscutJetetag2p4_AK4Jets_neEmEF'
Plotting 'ZmasscutJetetag2p4_AK4Jets_neHEF'
Plotting 'ZmasscutJetetag2p4_AK4Jets_neHEF'
Plotting 'ZmasscutJetetag2p4_AK4Jets_pt'
Plotting 'ZmasscutJetetag2p4_AK4Jets_pt'
Plotting 'ZmasscutJetetag2p4_Jet1_PNetRegPtRawCorr'
Plotting 'ZmasscutJetetag2p4_Jet1_PNetRegPtRawCorr'
Plotting 'ZmasscutJetetag2p4_Jet1_PNetRegPtRawCorrNeutrino'
Plotting 'ZmasscutJetetag2p4_Jet1_PNetRegPtRawCorrNeutrino'
Plotting 'ZmasscutJetetag2p4_Jet1_PNetRegPtRawRes'
Plotting 'ZmasscutJetetag2p4_Jet1_PNetRegPtRawRes'
Plotting 'ZmasscutJetetag2p4_Jet1_btagDeepFlavB'
Plotting 'ZmasscutJetetag2p4_Jet1_btagDeepFlavB'
Plotting 'ZmasscutJetetag2p4_Jet1_btagDeepFlavCvB'
Plotting 'ZmasscutJetetag2p4_Jet1_btagDeepFlavCvB'
Plotting 'ZmasscutJetetag2p4_Jet1_btagDeepFlavCvL'
Plotting 'ZmasscutJetetag2p4_Jet1_btagDeepFlavCvL'
Plotting 'ZmasscutJetetag2p4_Jet1_btagDeepFlavQG'
Plotting 'ZmasscutJetetag2p4_Jet1_btagDeepFlavQG'
Plotting 'ZmasscutJetetag2p4_Jet1_btagPNetB'
Plotting 'ZmasscutJetetag2p4_Jet1_btagPNetB'
Plotting 'ZmasscutJetetag2p4_Jet1_btagPNetCvB'
Plotting 'ZmasscutJetetag2p4_Jet1_btagPNetCvB'
Plotting 'ZmasscutJetetag2p4_Jet1_btagPNetCvL'
Plotting 'ZmasscutJetetag2p4_Jet1_btagPNetCvL'
Plotting 'ZmasscutJetetag2p4_Jet1_btagPNetQvG'
Plotting 'ZmasscutJetetag2p4_Jet1_btagPNetQvG'
Plotting 'ZmasscutJetetag2p4_Jet1_eta'
Plotting 'ZmasscutJetetag2p4_Jet1_eta'
Plotting 'ZmasscutJetetag2p4_Jet1_nConst'
Plotting 'ZmasscutJetetag2p4_Jet1_nConst'
Plotting 'ZmasscutJetetag2p4_Jet1_nConst_eta2p0to3p0'
Plotting 'ZmasscutJetetag2p4_Jet1_nConst_eta2p0to3p0'
Plotting 'ZmasscutJetetag2p4_Jet1_phi'
Plotting 'ZmasscutJetetag2p4_Jet1_phi'
Plotting 'ZmasscutJetetag2p4_Jet1_pt'
Plotting 'ZmasscutJetetag2p4_Jet1_pt'
Plotting 'ZmasscutJetetag2p4_Jet2_PNetRegPtRawCorr'
Plotting 'ZmasscutJetetag2p4_Jet2_PNetRegPtRawCorr'
Plotting 'ZmasscutJetetag2p4_Jet2_PNetRegPtRawCorrNeutrino'
Plotting 'ZmasscutJetetag2p4_Jet2_PNetRegPtRawCorrNeutrino'
Producing LaTeX yield table.
No processes/data/categories defined
Plotting 'ZmasscutJetetag2p4_Jet2_PNetRegPtRawRes'
Plotting 'ZmasscutJetetag2p4_Jet2_PNetRegPtRawRes'
Plotting 'ZmasscutJetetag2p4_Jet2_btagDeepFlavB'
Plotting 'ZmasscutJetetag2p4_Jet2_btagDeepFlavB'
Plotting 'ZmasscutJetetag2p4_Jet2_btagDeepFlavCvB'
Plotting 'ZmasscutJetetag2p4_Jet2_btagDeepFlavCvB'
Plotting 'ZmasscutJetetag2p4_Jet2_btagDeepFlavCvL'
Plotting 'ZmasscutJetetag2p4_Jet2_btagDeepFlavCvL'
Plotting 'ZmasscutJetetag2p4_Jet2_btagDeepFlavQG'
Plotting 'ZmasscutJetetag2p4_Jet2_btagDeepFlavQG'
Plotting 'ZmasscutJetetag2p4_Jet2_btagPNetB'
Plotting 'ZmasscutJetetag2p4_Jet2_btagPNetB'
Plotting 'ZmasscutJetetag2p4_Jet2_btagPNetCvB'
Plotting 'ZmasscutJetetag2p4_Jet2_btagPNetCvB'
Plotting 'ZmasscutJetetag2p4_Jet2_btagPNetCvL'
Plotting 'ZmasscutJetetag2p4_Jet2_btagPNetCvL'
Plotting 'ZmasscutJetetag2p4_Jet2_btagPNetQvG'
Plotting 'ZmasscutJetetag2p4_Jet2_btagPNetQvG'
Plotting 'ZmasscutJetetag2p4_Jet2_eta'
Plotting 'ZmasscutJetetag2p4_Jet2_eta'
Plotting 'ZmasscutJetetag2p4_Jet2_nConst'
Plotting 'ZmasscutJetetag2p4_Jet2_nConst'
Plotting 'ZmasscutJetetag2p4_Jet2_nConst_eta2p0to3p0'
Plotting 'ZmasscutJetetag2p4_Jet2_nConst_eta2p0to3p0'
Plotting 'ZmasscutJetetag2p4_Jet2_phi'
Plotting 'ZmasscutJetetag2p4_Jet2_phi'
Plotting 'ZmasscutJetetag2p4_Jet2_pt'
Plotting 'ZmasscutJetetag2p4_Jet2_pt'
Plotting 'ZmasscutJetetag2p4_Jet3_PNetRegPtRawCorr'
Plotting 'ZmasscutJetetag2p4_Jet3_PNetRegPtRawCorr'
Plotting 'ZmasscutJetetag2p4_Jet3_PNetRegPtRawCorrNeutrino'
Plotting 'ZmasscutJetetag2p4_Jet3_PNetRegPtRawCorrNeutrino'
Plotting 'ZmasscutJetetag2p4_Jet3_PNetRegPtRawRes'
Plotting 'ZmasscutJetetag2p4_Jet3_PNetRegPtRawRes'
Plotting 'ZmasscutJetetag2p4_Jet3_btagDeepFlavB'
Plotting 'ZmasscutJetetag2p4_Jet3_btagDeepFlavB'
Plotting 'ZmasscutJetetag2p4_Jet3_btagDeepFlavCvB'
Plotting 'ZmasscutJetetag2p4_Jet3_btagDeepFlavCvB'
Plotting 'ZmasscutJetetag2p4_Jet3_btagDeepFlavCvL'
Plotting 'ZmasscutJetetag2p4_Jet3_btagDeepFlavCvL'
Plotting 'ZmasscutJetetag2p4_Jet3_btagDeepFlavQG'
Plotting 'ZmasscutJetetag2p4_Jet3_btagDeepFlavQG'
Plotting 'ZmasscutJetetag2p4_Jet3_btagPNetB'
Plotting 'ZmasscutJetetag2p4_Jet3_btagPNetB'
Plotting 'ZmasscutJetetag2p4_Jet3_btagPNetCvB'
Plotting 'ZmasscutJetetag2p4_Jet3_btagPNetCvB'
Plotting 'ZmasscutJetetag2p4_Jet3_btagPNetCvL'
Plotting 'ZmasscutJetetag2p4_Jet3_btagPNetCvL'
Plotting 'ZmasscutJetetag2p4_Jet3_btagPNetQvG'
Plotting 'ZmasscutJetetag2p4_Jet3_btagPNetQvG'
Plotting 'ZmasscutJetetag2p4_Jet3_eta'
Plotting 'ZmasscutJetetag2p4_Jet3_eta'
Plotting 'ZmasscutJetetag2p4_Jet3_nConst'
Plotting 'ZmasscutJetetag2p4_Jet3_nConst'
Plotting 'ZmasscutJetetag2p4_Jet3_nConst_eta2p0to3p0'
Plotting 'ZmasscutJetetag2p4_Jet3_nConst_eta2p0to3p0'
Plotting 'ZmasscutJetetag2p4_Jet3_phi'
Plotting 'ZmasscutJetetag2p4_Jet3_phi'
Plotting 'ZmasscutJetetag2p4_Jet3_pt'
Plotting 'ZmasscutJetetag2p4_Jet3_pt'
Plotting 'ZmasscutJetetag2p4_Jet4_PNetRegPtRawCorr'
Plotting 'ZmasscutJetetag2p4_Jet4_PNetRegPtRawCorr'
Plotting 'ZmasscutJetetag2p4_Jet4_PNetRegPtRawCorrNeutrino'
Plotting 'ZmasscutJetetag2p4_Jet4_PNetRegPtRawCorrNeutrino'
Plotting 'ZmasscutJetetag2p4_Jet4_PNetRegPtRawRes'
Plotting 'ZmasscutJetetag2p4_Jet4_PNetRegPtRawRes'
Plotting 'ZmasscutJetetag2p4_Jet4_btagDeepFlavB'
Plotting 'ZmasscutJetetag2p4_Jet4_btagDeepFlavB'
Plotting 'ZmasscutJetetag2p4_Jet4_btagDeepFlavCvB'
Plotting 'ZmasscutJetetag2p4_Jet4_btagDeepFlavCvB'
Plotting 'ZmasscutJetetag2p4_Jet4_btagDeepFlavCvL'
Plotting 'ZmasscutJetetag2p4_Jet4_btagDeepFlavCvL'
Plotting 'ZmasscutJetetag2p4_Jet4_btagDeepFlavQG'
Plotting 'ZmasscutJetetag2p4_Jet4_btagDeepFlavQG'
Plotting 'ZmasscutJetetag2p4_Jet4_btagPNetB'
Plotting 'ZmasscutJetetag2p4_Jet4_btagPNetB'
Plotting 'ZmasscutJetetag2p4_Jet4_btagPNetCvB'
Plotting 'ZmasscutJetetag2p4_Jet4_btagPNetCvB'
Plotting 'ZmasscutJetetag2p4_Jet4_btagPNetCvL'
Plotting 'ZmasscutJetetag2p4_Jet4_btagPNetCvL'
Plotting 'ZmasscutJetetag2p4_Jet4_btagPNetQvG'
Plotting 'ZmasscutJetetag2p4_Jet4_btagPNetQvG'
Plotting 'ZmasscutJetetag2p4_Jet4_eta'
Plotting 'ZmasscutJetetag2p4_Jet4_eta'
Plotting 'ZmasscutJetetag2p4_Jet4_nConst'
Plotting 'ZmasscutJetetag2p4_Jet4_nConst'
Plotting 'ZmasscutJetetag2p4_Jet4_nConst_eta2p0to3p0'
Plotting 'ZmasscutJetetag2p4_Jet4_nConst_eta2p0to3p0'
Plotting 'ZmasscutJetetag2p4_Jet4_phi'
Plotting 'ZmasscutJetetag2p4_Jet4_phi'
Plotting 'ZmasscutJetetag2p4_Jet4_pt'
Plotting 'ZmasscutJetetag2p4_Jet4_pt'
Plotting 'ZmasscutJetetas2p4_AK4Jets_DeltaPhi12'
Plotting 'ZmasscutJetetas2p4_AK4Jets_DeltaPhi12'
Plotting 'ZmasscutJetetas2p4_AK4Jets_chEmEF'
Plotting 'ZmasscutJetetas2p4_AK4Jets_chEmEF'
Plotting 'ZmasscutJetetas2p4_AK4Jets_chHEF'
Plotting 'ZmasscutJetetas2p4_AK4Jets_chHEF'
Plotting 'ZmasscutJetetas2p4_AK4Jets_eta'
Plotting 'ZmasscutJetetas2p4_AK4Jets_eta'
Producing LaTeX yield table.
No processes/data/categories defined
Plotting 'ZmasscutJetetas2p4_AK4Jets_muEF'
Plotting 'ZmasscutJetetas2p4_AK4Jets_muEF'
Plotting 'ZmasscutJetetas2p4_AK4Jets_nJets'
Plotting 'ZmasscutJetetas2p4_AK4Jets_nJets'
Plotting 'ZmasscutJetetas2p4_AK4Jets_neEmEF'
Plotting 'ZmasscutJetetas2p4_AK4Jets_neEmEF'
Plotting 'ZmasscutJetetas2p4_AK4Jets_neHEF'
Plotting 'ZmasscutJetetas2p4_AK4Jets_neHEF'
Plotting 'ZmasscutJetetas2p4_AK4Jets_pt'
Plotting 'ZmasscutJetetas2p4_AK4Jets_pt'
Plotting 'ZmasscutJetetas2p4_Jet1_PNetRegPtRawCorr'
Plotting 'ZmasscutJetetas2p4_Jet1_PNetRegPtRawCorr'
Plotting 'ZmasscutJetetas2p4_Jet1_PNetRegPtRawCorrNeutrino'
Plotting 'ZmasscutJetetas2p4_Jet1_PNetRegPtRawCorrNeutrino'
Plotting 'ZmasscutJetetas2p4_Jet1_PNetRegPtRawRes'
Plotting 'ZmasscutJetetas2p4_Jet1_PNetRegPtRawRes'
Plotting 'ZmasscutJetetas2p4_Jet1_btagDeepFlavB'
Plotting 'ZmasscutJetetas2p4_Jet1_btagDeepFlavB'
Plotting 'ZmasscutJetetas2p4_Jet1_btagDeepFlavCvB'
Plotting 'ZmasscutJetetas2p4_Jet1_btagDeepFlavCvB'
Plotting 'ZmasscutJetetas2p4_Jet1_btagDeepFlavCvL'
Plotting 'ZmasscutJetetas2p4_Jet1_btagDeepFlavCvL'
Plotting 'ZmasscutJetetas2p4_Jet1_btagDeepFlavQG'
Plotting 'ZmasscutJetetas2p4_Jet1_btagDeepFlavQG'
Plotting 'ZmasscutJetetas2p4_Jet1_btagPNetB'
Plotting 'ZmasscutJetetas2p4_Jet1_btagPNetB'
Plotting 'ZmasscutJetetas2p4_Jet1_btagPNetCvB'
Plotting 'ZmasscutJetetas2p4_Jet1_btagPNetCvB'
Plotting 'ZmasscutJetetas2p4_Jet1_btagPNetCvL'
Plotting 'ZmasscutJetetas2p4_Jet1_btagPNetCvL'
Plotting 'ZmasscutJetetas2p4_Jet1_btagPNetQvG'
Plotting 'ZmasscutJetetas2p4_Jet1_btagPNetQvG'
Plotting 'ZmasscutJetetas2p4_Jet1_eta'
Plotting 'ZmasscutJetetas2p4_Jet1_eta'
Plotting 'ZmasscutJetetas2p4_Jet1_nConst'
Plotting 'ZmasscutJetetas2p4_Jet1_nConst'
Plotting 'ZmasscutJetetas2p4_Jet1_nConst_eta2p0to3p0'
Plotting 'ZmasscutJetetas2p4_Jet1_nConst_eta2p0to3p0'
Plotting 'ZmasscutJetetas2p4_Jet1_phi'
Plotting 'ZmasscutJetetas2p4_Jet1_phi'
Plotting 'ZmasscutJetetas2p4_Jet1_pt'
Plotting 'ZmasscutJetetas2p4_Jet1_pt'
Plotting 'ZmasscutJetetas2p4_Jet2_PNetRegPtRawCorr'
Plotting 'ZmasscutJetetas2p4_Jet2_PNetRegPtRawCorr'
Plotting 'ZmasscutJetetas2p4_Jet2_PNetRegPtRawCorrNeutrino'
Plotting 'ZmasscutJetetas2p4_Jet2_PNetRegPtRawCorrNeutrino'
Plotting 'ZmasscutJetetas2p4_Jet2_PNetRegPtRawRes'
Plotting 'ZmasscutJetetas2p4_Jet2_PNetRegPtRawRes'
Plotting 'ZmasscutJetetas2p4_Jet2_btagDeepFlavB'
Plotting 'ZmasscutJetetas2p4_Jet2_btagDeepFlavB'
Plotting 'ZmasscutJetetas2p4_Jet2_btagDeepFlavCvB'
Plotting 'ZmasscutJetetas2p4_Jet2_btagDeepFlavCvB'
Plotting 'ZmasscutJetetas2p4_Jet2_btagDeepFlavCvL'
Plotting 'ZmasscutJetetas2p4_Jet2_btagDeepFlavCvL'
Plotting 'ZmasscutJetetas2p4_Jet2_btagDeepFlavQG'
Plotting 'ZmasscutJetetas2p4_Jet2_btagDeepFlavQG'
Plotting 'ZmasscutJetetas2p4_Jet2_btagPNetB'
Plotting 'ZmasscutJetetas2p4_Jet2_btagPNetB'
Plotting 'ZmasscutJetetas2p4_Jet2_btagPNetCvB'
Plotting 'ZmasscutJetetas2p4_Jet2_btagPNetCvB'
Plotting 'ZmasscutJetetas2p4_Jet2_btagPNetCvL'
Plotting 'ZmasscutJetetas2p4_Jet2_btagPNetCvL'
Plotting 'ZmasscutJetetas2p4_Jet2_btagPNetQvG'
Plotting 'ZmasscutJetetas2p4_Jet2_btagPNetQvG'
Plotting 'ZmasscutJetetas2p4_Jet2_eta'
Plotting 'ZmasscutJetetas2p4_Jet2_eta'
Plotting 'ZmasscutJetetas2p4_Jet2_nConst'
Plotting 'ZmasscutJetetas2p4_Jet2_nConst'
Plotting 'ZmasscutJetetas2p4_Jet2_nConst_eta2p0to3p0'
Plotting 'ZmasscutJetetas2p4_Jet2_nConst_eta2p0to3p0'
Plotting 'ZmasscutJetetas2p4_Jet2_phi'
Plotting 'ZmasscutJetetas2p4_Jet2_phi'
Plotting 'ZmasscutJetetas2p4_Jet2_pt'
Plotting 'ZmasscutJetetas2p4_Jet2_pt'
Plotting 'ZmasscutJetetas2p4_Jet3_PNetRegPtRawCorr'
Plotting 'ZmasscutJetetas2p4_Jet3_PNetRegPtRawCorr'
Plotting 'ZmasscutJetetas2p4_Jet3_PNetRegPtRawCorrNeutrino'
Plotting 'ZmasscutJetetas2p4_Jet3_PNetRegPtRawCorrNeutrino'
Plotting 'ZmasscutJetetas2p4_Jet3_PNetRegPtRawRes'
Plotting 'ZmasscutJetetas2p4_Jet3_PNetRegPtRawRes'
Plotting 'ZmasscutJetetas2p4_Jet3_btagDeepFlavB'
Plotting 'ZmasscutJetetas2p4_Jet3_btagDeepFlavB'
Plotting 'ZmasscutJetetas2p4_Jet3_btagDeepFlavCvB'
Plotting 'ZmasscutJetetas2p4_Jet3_btagDeepFlavCvB'
Plotting 'ZmasscutJetetas2p4_Jet3_btagDeepFlavCvL'
Plotting 'ZmasscutJetetas2p4_Jet3_btagDeepFlavCvL'
Plotting 'ZmasscutJetetas2p4_Jet3_btagDeepFlavQG'
Plotting 'ZmasscutJetetas2p4_Jet3_btagDeepFlavQG'
Plotting 'ZmasscutJetetas2p4_Jet3_btagPNetB'
Plotting 'ZmasscutJetetas2p4_Jet3_btagPNetB'
Plotting 'ZmasscutJetetas2p4_Jet3_btagPNetCvB'
Plotting 'ZmasscutJetetas2p4_Jet3_btagPNetCvB'
Plotting 'ZmasscutJetetas2p4_Jet3_btagPNetCvL'
Plotting 'ZmasscutJetetas2p4_Jet3_btagPNetCvL'
Plotting 'ZmasscutJetetas2p4_Jet3_btagPNetQvG'
Plotting 'ZmasscutJetetas2p4_Jet3_btagPNetQvG'
Plotting 'ZmasscutJetetas2p4_Jet3_eta'
Plotting 'ZmasscutJetetas2p4_Jet3_eta'
Plotting 'ZmasscutJetetas2p4_Jet3_nConst'
Plotting 'ZmasscutJetetas2p4_Jet3_nConst'
Producing LaTeX yield table.
No processes/data/categories defined
Plotting 'ZmasscutJetetas2p4_Jet3_nConst_eta2p0to3p0'
Plotting 'ZmasscutJetetas2p4_Jet3_nConst_eta2p0to3p0'
Plotting 'ZmasscutJetetas2p4_Jet3_phi'
Plotting 'ZmasscutJetetas2p4_Jet3_phi'
Plotting 'ZmasscutJetetas2p4_Jet3_pt'
Plotting 'ZmasscutJetetas2p4_Jet3_pt'
Plotting 'ZmasscutJetetas2p4_Jet4_PNetRegPtRawCorr'
Plotting 'ZmasscutJetetas2p4_Jet4_PNetRegPtRawCorr'
Plotting 'ZmasscutJetetas2p4_Jet4_PNetRegPtRawCorrNeutrino'
Plotting 'ZmasscutJetetas2p4_Jet4_PNetRegPtRawCorrNeutrino'
Plotting 'ZmasscutJetetas2p4_Jet4_PNetRegPtRawRes'
Plotting 'ZmasscutJetetas2p4_Jet4_PNetRegPtRawRes'
Plotting 'ZmasscutJetetas2p4_Jet4_btagDeepFlavB'
Plotting 'ZmasscutJetetas2p4_Jet4_btagDeepFlavB'
Plotting 'ZmasscutJetetas2p4_Jet4_btagDeepFlavCvB'
Plotting 'ZmasscutJetetas2p4_Jet4_btagDeepFlavCvB'
Plotting 'ZmasscutJetetas2p4_Jet4_btagDeepFlavCvL'
Plotting 'ZmasscutJetetas2p4_Jet4_btagDeepFlavCvL'
Plotting 'ZmasscutJetetas2p4_Jet4_btagDeepFlavQG'
Plotting 'ZmasscutJetetas2p4_Jet4_btagDeepFlavQG'
Plotting 'ZmasscutJetetas2p4_Jet4_btagPNetB'
Plotting 'ZmasscutJetetas2p4_Jet4_btagPNetB'
Plotting 'ZmasscutJetetas2p4_Jet4_btagPNetCvB'
Plotting 'ZmasscutJetetas2p4_Jet4_btagPNetCvB'
Plotting 'ZmasscutJetetas2p4_Jet4_btagPNetCvL'
Plotting 'ZmasscutJetetas2p4_Jet4_btagPNetCvL'
Plotting 'ZmasscutJetetas2p4_Jet4_btagPNetQvG'
Plotting 'ZmasscutJetetas2p4_Jet4_btagPNetQvG'
Plotting 'ZmasscutJetetas2p4_Jet4_eta'
Plotting 'ZmasscutJetetas2p4_Jet4_eta'
Plotting 'ZmasscutJetetas2p4_Jet4_nConst'
Plotting 'ZmasscutJetetas2p4_Jet4_nConst'
Plotting 'ZmasscutJetetas2p4_Jet4_nConst_eta2p0to3p0'
Plotting 'ZmasscutJetetas2p4_Jet4_nConst_eta2p0to3p0'
Plotting 'ZmasscutJetetas2p4_Jet4_phi'
Plotting 'ZmasscutJetetas2p4_Jet4_phi'
Plotting 'ZmasscutJetetas2p4_Jet4_pt'
Plotting 'ZmasscutJetetas2p4_Jet4_pt'
Plotting 'ZmasscutJetpt100_AK4Jets_DeltaPhi12'
Plotting 'ZmasscutJetpt100_AK4Jets_DeltaPhi12'
Plotting 'ZmasscutJetpt100_AK4Jets_chEmEF'
Plotting 'ZmasscutJetpt100_AK4Jets_chEmEF'
Plotting 'ZmasscutJetpt100_AK4Jets_chHEF'
Plotting 'ZmasscutJetpt100_AK4Jets_chHEF'
Plotting 'ZmasscutJetpt100_AK4Jets_eta'
Plotting 'ZmasscutJetpt100_AK4Jets_eta'
Plotting 'ZmasscutJetpt100_AK4Jets_muEF'
Plotting 'ZmasscutJetpt100_AK4Jets_muEF'
Plotting 'ZmasscutJetpt100_AK4Jets_nJets'
Plotting 'ZmasscutJetpt100_AK4Jets_nJets'
Plotting 'ZmasscutJetpt100_AK4Jets_neEmEF'
Plotting 'ZmasscutJetpt100_AK4Jets_neEmEF'
Plotting 'ZmasscutJetpt100_AK4Jets_neHEF'
Plotting 'ZmasscutJetpt100_AK4Jets_neHEF'
Plotting 'ZmasscutJetpt100_AK4Jets_pt'
Plotting 'ZmasscutJetpt100_AK4Jets_pt'
Plotting 'ZmasscutJetpt100_Jet1_PNetRegPtRawCorr'
Plotting 'ZmasscutJetpt100_Jet1_PNetRegPtRawCorr'
Plotting 'ZmasscutJetpt100_Jet1_PNetRegPtRawCorrNeutrino'
Plotting 'ZmasscutJetpt100_Jet1_PNetRegPtRawCorrNeutrino'
Plotting 'ZmasscutJetpt100_Jet1_PNetRegPtRawRes'
Plotting 'ZmasscutJetpt100_Jet1_PNetRegPtRawRes'
Plotting 'ZmasscutJetpt100_Jet1_btagDeepFlavB'
Plotting 'ZmasscutJetpt100_Jet1_btagDeepFlavB'
Plotting 'ZmasscutJetpt100_Jet1_btagDeepFlavCvB'
Plotting 'ZmasscutJetpt100_Jet1_btagDeepFlavCvB'
Plotting 'ZmasscutJetpt100_Jet1_btagDeepFlavCvL'
Plotting 'ZmasscutJetpt100_Jet1_btagDeepFlavCvL'
Plotting 'ZmasscutJetpt100_Jet1_btagDeepFlavQG'
Plotting 'ZmasscutJetpt100_Jet1_btagDeepFlavQG'
Plotting 'ZmasscutJetpt100_Jet1_btagPNetB'
Plotting 'ZmasscutJetpt100_Jet1_btagPNetB'
Plotting 'ZmasscutJetpt100_Jet1_btagPNetCvB'
Plotting 'ZmasscutJetpt100_Jet1_btagPNetCvB'
Plotting 'ZmasscutJetpt100_Jet1_btagPNetCvL'
Plotting 'ZmasscutJetpt100_Jet1_btagPNetCvL'
Plotting 'ZmasscutJetpt100_Jet1_btagPNetQvG'
Plotting 'ZmasscutJetpt100_Jet1_btagPNetQvG'
Plotting 'ZmasscutJetpt100_Jet1_eta'
Plotting 'ZmasscutJetpt100_Jet1_eta'
Plotting 'ZmasscutJetpt100_Jet1_nConst'
Plotting 'ZmasscutJetpt100_Jet1_nConst'
Plotting 'ZmasscutJetpt100_Jet1_nConst_eta2p0to3p0'
Plotting 'ZmasscutJetpt100_Jet1_nConst_eta2p0to3p0'
Plotting 'ZmasscutJetpt100_Jet1_phi'
Plotting 'ZmasscutJetpt100_Jet1_phi'
Plotting 'ZmasscutJetpt100_Jet1_pt'
Plotting 'ZmasscutJetpt100_Jet1_pt'
Plotting 'ZmasscutJetpt100_Jet2_PNetRegPtRawCorr'
Plotting 'ZmasscutJetpt100_Jet2_PNetRegPtRawCorr'
Plotting 'ZmasscutJetpt100_Jet2_PNetRegPtRawCorrNeutrino'
Plotting 'ZmasscutJetpt100_Jet2_PNetRegPtRawCorrNeutrino'
Plotting 'ZmasscutJetpt100_Jet2_PNetRegPtRawRes'
Plotting 'ZmasscutJetpt100_Jet2_PNetRegPtRawRes'
Plotting 'ZmasscutJetpt100_Jet2_btagDeepFlavB'
Plotting 'ZmasscutJetpt100_Jet2_btagDeepFlavB'
Plotting 'ZmasscutJetpt100_Jet2_btagDeepFlavCvB'
Plotting 'ZmasscutJetpt100_Jet2_btagDeepFlavCvB'
Plotting 'ZmasscutJetpt100_Jet2_btagDeepFlavCvL'
Plotting 'ZmasscutJetpt100_Jet2_btagDeepFlavCvL'
Producing LaTeX yield table.
No processes/data/categories defined
Plotting 'ZmasscutJetpt100_Jet2_btagDeepFlavQG'
Plotting 'ZmasscutJetpt100_Jet2_btagDeepFlavQG'
Plotting 'ZmasscutJetpt100_Jet2_btagPNetB'
Plotting 'ZmasscutJetpt100_Jet2_btagPNetB'
Plotting 'ZmasscutJetpt100_Jet2_btagPNetCvB'
Plotting 'ZmasscutJetpt100_Jet2_btagPNetCvB'
Plotting 'ZmasscutJetpt100_Jet2_btagPNetCvL'
Plotting 'ZmasscutJetpt100_Jet2_btagPNetCvL'
Plotting 'ZmasscutJetpt100_Jet2_btagPNetQvG'
Plotting 'ZmasscutJetpt100_Jet2_btagPNetQvG'
Plotting 'ZmasscutJetpt100_Jet2_eta'
Plotting 'ZmasscutJetpt100_Jet2_eta'
Plotting 'ZmasscutJetpt100_Jet2_nConst'
Plotting 'ZmasscutJetpt100_Jet2_nConst'
Plotting 'ZmasscutJetpt100_Jet2_nConst_eta2p0to3p0'
Plotting 'ZmasscutJetpt100_Jet2_nConst_eta2p0to3p0'
Plotting 'ZmasscutJetpt100_Jet2_phi'
Plotting 'ZmasscutJetpt100_Jet2_phi'
Plotting 'ZmasscutJetpt100_Jet2_pt'
Plotting 'ZmasscutJetpt100_Jet2_pt'
Plotting 'ZmasscutJetpt100_Jet3_PNetRegPtRawCorr'
Plotting 'ZmasscutJetpt100_Jet3_PNetRegPtRawCorr'
Plotting 'ZmasscutJetpt100_Jet3_PNetRegPtRawCorrNeutrino'
Plotting 'ZmasscutJetpt100_Jet3_PNetRegPtRawCorrNeutrino'
Plotting 'ZmasscutJetpt100_Jet3_PNetRegPtRawRes'
Plotting 'ZmasscutJetpt100_Jet3_PNetRegPtRawRes'
Plotting 'ZmasscutJetpt100_Jet3_btagDeepFlavB'
Plotting 'ZmasscutJetpt100_Jet3_btagDeepFlavB'
Plotting 'ZmasscutJetpt100_Jet3_btagDeepFlavCvB'
Plotting 'ZmasscutJetpt100_Jet3_btagDeepFlavCvB'
Plotting 'ZmasscutJetpt100_Jet3_btagDeepFlavCvL'
Plotting 'ZmasscutJetpt100_Jet3_btagDeepFlavCvL'
Plotting 'ZmasscutJetpt100_Jet3_btagDeepFlavQG'
Plotting 'ZmasscutJetpt100_Jet3_btagDeepFlavQG'
Plotting 'ZmasscutJetpt100_Jet3_btagPNetB'
Plotting 'ZmasscutJetpt100_Jet3_btagPNetB'
Plotting 'ZmasscutJetpt100_Jet3_btagPNetCvB'
Plotting 'ZmasscutJetpt100_Jet3_btagPNetCvB'
Plotting 'ZmasscutJetpt100_Jet3_btagPNetCvL'
Plotting 'ZmasscutJetpt100_Jet3_btagPNetCvL'
Plotting 'ZmasscutJetpt100_Jet3_btagPNetQvG'
Plotting 'ZmasscutJetpt100_Jet3_btagPNetQvG'
Plotting 'ZmasscutJetpt100_Jet3_eta'
Plotting 'ZmasscutJetpt100_Jet3_eta'
Plotting 'ZmasscutJetpt100_Jet3_nConst'
Plotting 'ZmasscutJetpt100_Jet3_nConst'
Plotting 'ZmasscutJetpt100_Jet3_nConst_eta2p0to3p0'
Plotting 'ZmasscutJetpt100_Jet3_nConst_eta2p0to3p0'
Plotting 'ZmasscutJetpt100_Jet3_phi'
Plotting 'ZmasscutJetpt100_Jet3_phi'
Plotting 'ZmasscutJetpt100_Jet3_pt'
Plotting 'ZmasscutJetpt100_Jet3_pt'
Plotting 'ZmasscutJetpt100_Jet4_PNetRegPtRawCorr'
Plotting 'ZmasscutJetpt100_Jet4_PNetRegPtRawCorr'
Plotting 'ZmasscutJetpt100_Jet4_PNetRegPtRawCorrNeutrino'
Plotting 'ZmasscutJetpt100_Jet4_PNetRegPtRawCorrNeutrino'
Plotting 'ZmasscutJetpt100_Jet4_PNetRegPtRawRes'
Plotting 'ZmasscutJetpt100_Jet4_PNetRegPtRawRes'
Plotting 'ZmasscutJetpt100_Jet4_btagDeepFlavB'
Plotting 'ZmasscutJetpt100_Jet4_btagDeepFlavB'
Plotting 'ZmasscutJetpt100_Jet4_btagDeepFlavCvB'
Plotting 'ZmasscutJetpt100_Jet4_btagDeepFlavCvB'
Plotting 'ZmasscutJetpt100_Jet4_btagDeepFlavCvL'
Plotting 'ZmasscutJetpt100_Jet4_btagDeepFlavCvL'
Plotting 'ZmasscutJetpt100_Jet4_btagDeepFlavQG'
Plotting 'ZmasscutJetpt100_Jet4_btagDeepFlavQG'
Plotting 'ZmasscutJetpt100_Jet4_btagPNetB'
Plotting 'ZmasscutJetpt100_Jet4_btagPNetB'
Plotting 'ZmasscutJetpt100_Jet4_btagPNetCvB'
Plotting 'ZmasscutJetpt100_Jet4_btagPNetCvB'
Plotting 'ZmasscutJetpt100_Jet4_btagPNetCvL'
Plotting 'ZmasscutJetpt100_Jet4_btagPNetCvL'
Plotting 'ZmasscutJetpt100_Jet4_btagPNetQvG'
Plotting 'ZmasscutJetpt100_Jet4_btagPNetQvG'
Plotting 'ZmasscutJetpt100_Jet4_eta'
Plotting 'ZmasscutJetpt100_Jet4_eta'
Plotting 'ZmasscutJetpt100_Jet4_nConst'
Plotting 'ZmasscutJetpt100_Jet4_nConst'
Plotting 'ZmasscutJetpt100_Jet4_nConst_eta2p0to3p0'
Plotting 'ZmasscutJetpt100_Jet4_nConst_eta2p0to3p0'
Plotting 'ZmasscutJetpt100_Jet4_phi'
Plotting 'ZmasscutJetpt100_Jet4_phi'
Plotting 'ZmasscutJetpt100_Jet4_pt'
Plotting 'ZmasscutJetpt100_Jet4_pt'
Plotting 'ZmasscutJetpt40_AK4Jets_DeltaPhi12'
Plotting 'ZmasscutJetpt40_AK4Jets_DeltaPhi12'
Plotting 'ZmasscutJetpt40_AK4Jets_chEmEF'
Plotting 'ZmasscutJetpt40_AK4Jets_chEmEF'
Plotting 'ZmasscutJetpt40_AK4Jets_chHEF'
Plotting 'ZmasscutJetpt40_AK4Jets_chHEF'
Plotting 'ZmasscutJetpt40_AK4Jets_eta'
Plotting 'ZmasscutJetpt40_AK4Jets_eta'
Plotting 'ZmasscutJetpt40_AK4Jets_muEF'
Plotting 'ZmasscutJetpt40_AK4Jets_muEF'
Plotting 'ZmasscutJetpt40_AK4Jets_nJets'
Plotting 'ZmasscutJetpt40_AK4Jets_nJets'
Plotting 'ZmasscutJetpt40_AK4Jets_neEmEF'
Plotting 'ZmasscutJetpt40_AK4Jets_neEmEF'
Plotting 'ZmasscutJetpt40_AK4Jets_neHEF'
Plotting 'ZmasscutJetpt40_AK4Jets_neHEF'
Producing LaTeX yield table.
No processes/data/categories defined
Plotting 'ZmasscutJetpt40_AK4Jets_pt'
Plotting 'ZmasscutJetpt40_AK4Jets_pt'
Plotting 'ZmasscutJetpt40_Jet1_PNetRegPtRawCorr'
Plotting 'ZmasscutJetpt40_Jet1_PNetRegPtRawCorr'
Plotting 'ZmasscutJetpt40_Jet1_PNetRegPtRawCorrNeutrino'
Plotting 'ZmasscutJetpt40_Jet1_PNetRegPtRawCorrNeutrino'
Plotting 'ZmasscutJetpt40_Jet1_PNetRegPtRawRes'
Plotting 'ZmasscutJetpt40_Jet1_PNetRegPtRawRes'
Plotting 'ZmasscutJetpt40_Jet1_btagDeepFlavB'
Plotting 'ZmasscutJetpt40_Jet1_btagDeepFlavB'
Plotting 'ZmasscutJetpt40_Jet1_btagDeepFlavCvB'
Plotting 'ZmasscutJetpt40_Jet1_btagDeepFlavCvB'
Plotting 'ZmasscutJetpt40_Jet1_btagDeepFlavCvL'
Plotting 'ZmasscutJetpt40_Jet1_btagDeepFlavCvL'
Plotting 'ZmasscutJetpt40_Jet1_btagDeepFlavQG'
Plotting 'ZmasscutJetpt40_Jet1_btagDeepFlavQG'
Plotting 'ZmasscutJetpt40_Jet1_btagPNetB'
Plotting 'ZmasscutJetpt40_Jet1_btagPNetB'
Plotting 'ZmasscutJetpt40_Jet1_btagPNetCvB'
Plotting 'ZmasscutJetpt40_Jet1_btagPNetCvB'
Plotting 'ZmasscutJetpt40_Jet1_btagPNetCvL'
Plotting 'ZmasscutJetpt40_Jet1_btagPNetCvL'
Plotting 'ZmasscutJetpt40_Jet1_btagPNetQvG'
Plotting 'ZmasscutJetpt40_Jet1_btagPNetQvG'
Plotting 'ZmasscutJetpt40_Jet1_eta'
Plotting 'ZmasscutJetpt40_Jet1_eta'
Plotting 'ZmasscutJetpt40_Jet1_nConst'
Plotting 'ZmasscutJetpt40_Jet1_nConst'
Plotting 'ZmasscutJetpt40_Jet1_nConst_eta2p0to3p0'
Plotting 'ZmasscutJetpt40_Jet1_nConst_eta2p0to3p0'
Plotting 'ZmasscutJetpt40_Jet1_phi'
Plotting 'ZmasscutJetpt40_Jet1_phi'
Plotting 'ZmasscutJetpt40_Jet1_pt'
Plotting 'ZmasscutJetpt40_Jet1_pt'
Plotting 'ZmasscutJetpt40_Jet2_PNetRegPtRawCorr'
Plotting 'ZmasscutJetpt40_Jet2_PNetRegPtRawCorr'
Plotting 'ZmasscutJetpt40_Jet2_PNetRegPtRawCorrNeutrino'
Plotting 'ZmasscutJetpt40_Jet2_PNetRegPtRawCorrNeutrino'
Plotting 'ZmasscutJetpt40_Jet2_PNetRegPtRawRes'
Plotting 'ZmasscutJetpt40_Jet2_PNetRegPtRawRes'
Plotting 'ZmasscutJetpt40_Jet2_btagDeepFlavB'
Plotting 'ZmasscutJetpt40_Jet2_btagDeepFlavB'
Plotting 'ZmasscutJetpt40_Jet2_btagDeepFlavCvB'
Plotting 'ZmasscutJetpt40_Jet2_btagDeepFlavCvB'
Plotting 'ZmasscutJetpt40_Jet2_btagDeepFlavCvL'
Plotting 'ZmasscutJetpt40_Jet2_btagDeepFlavCvL'
Plotting 'ZmasscutJetpt40_Jet2_btagDeepFlavQG'
Plotting 'ZmasscutJetpt40_Jet2_btagDeepFlavQG'
Plotting 'ZmasscutJetpt40_Jet2_btagPNetB'
Plotting 'ZmasscutJetpt40_Jet2_btagPNetB'
Plotting 'ZmasscutJetpt40_Jet2_btagPNetCvB'
Plotting 'ZmasscutJetpt40_Jet2_btagPNetCvB'
Plotting 'ZmasscutJetpt40_Jet2_btagPNetCvL'
Plotting 'ZmasscutJetpt40_Jet2_btagPNetCvL'
Plotting 'ZmasscutJetpt40_Jet2_btagPNetQvG'
Plotting 'ZmasscutJetpt40_Jet2_btagPNetQvG'
Plotting 'ZmasscutJetpt40_Jet2_eta'
Plotting 'ZmasscutJetpt40_Jet2_eta'
Plotting 'ZmasscutJetpt40_Jet2_nConst'
Plotting 'ZmasscutJetpt40_Jet2_nConst'
Plotting 'ZmasscutJetpt40_Jet2_nConst_eta2p0to3p0'
Plotting 'ZmasscutJetpt40_Jet2_nConst_eta2p0to3p0'
Plotting 'ZmasscutJetpt40_Jet2_phi'
Plotting 'ZmasscutJetpt40_Jet2_phi'
Plotting 'ZmasscutJetpt40_Jet2_pt'
Plotting 'ZmasscutJetpt40_Jet2_pt'
Plotting 'ZmasscutJetpt40_Jet3_PNetRegPtRawCorr'
Plotting 'ZmasscutJetpt40_Jet3_PNetRegPtRawCorr'
Plotting 'ZmasscutJetpt40_Jet3_PNetRegPtRawCorrNeutrino'
Plotting 'ZmasscutJetpt40_Jet3_PNetRegPtRawCorrNeutrino'
Plotting 'ZmasscutJetpt40_Jet3_PNetRegPtRawRes'
Plotting 'ZmasscutJetpt40_Jet3_PNetRegPtRawRes'
Plotting 'ZmasscutJetpt40_Jet3_btagDeepFlavB'
Plotting 'ZmasscutJetpt40_Jet3_btagDeepFlavB'
Plotting 'ZmasscutJetpt40_Jet3_btagDeepFlavCvB'
Plotting 'ZmasscutJetpt40_Jet3_btagDeepFlavCvB'
Plotting 'ZmasscutJetpt40_Jet3_btagDeepFlavCvL'
Plotting 'ZmasscutJetpt40_Jet3_btagDeepFlavCvL'
Plotting 'ZmasscutJetpt40_Jet3_btagDeepFlavQG'
Plotting 'ZmasscutJetpt40_Jet3_btagDeepFlavQG'
Plotting 'ZmasscutJetpt40_Jet3_btagPNetB'
Plotting 'ZmasscutJetpt40_Jet3_btagPNetB'
Plotting 'ZmasscutJetpt40_Jet3_btagPNetCvB'
Plotting 'ZmasscutJetpt40_Jet3_btagPNetCvB'
Plotting 'ZmasscutJetpt40_Jet3_btagPNetCvL'
Plotting 'ZmasscutJetpt40_Jet3_btagPNetCvL'
Plotting 'ZmasscutJetpt40_Jet3_btagPNetQvG'
Plotting 'ZmasscutJetpt40_Jet3_btagPNetQvG'
Plotting 'ZmasscutJetpt40_Jet3_eta'
Plotting 'ZmasscutJetpt40_Jet3_eta'
Plotting 'ZmasscutJetpt40_Jet3_nConst'
Plotting 'ZmasscutJetpt40_Jet3_nConst'
Plotting 'ZmasscutJetpt40_Jet3_nConst_eta2p0to3p0'
Plotting 'ZmasscutJetpt40_Jet3_nConst_eta2p0to3p0'
Plotting 'ZmasscutJetpt40_Jet3_phi'
Plotting 'ZmasscutJetpt40_Jet3_phi'
Plotting 'ZmasscutJetpt40_Jet3_pt'
Plotting 'ZmasscutJetpt40_Jet3_pt'
Plotting 'ZmasscutJetpt40_Jet4_PNetRegPtRawCorr'
Plotting 'ZmasscutJetpt40_Jet4_PNetRegPtRawCorr'
Producing LaTeX yield table.
No processes/data/categories defined
Error: object 'ZmasscutPuJets_AK4Jets_DeltaPhi12' inheriting from 'TH1' not found in file '/afs/cern.ch/work/w/wajid/METStudies/JMEFrameWrk/jme-validation/outputs/DYModule/DY_2022_CDEFG_Summer22EENOMINAL_Prompt_Summer22EE_22Sep2023_V2_MC_Summer22EE_22Sep2023_RunF_V2_DATA/results/MuonC.root'
